<!DOCTYPE html>
<html lang="en">
<head>
    <meta charset="UTF-8">
    <title>0Chain Flaky system test suite [test_multi-operation/26024e61] ran against [dev-6.devnet-0chain.net] at [2023-05-12_06.12.00]</title>
    <style type="text/css">
        body {
            font-family: sans-serif;
            background-color: #f3f3f3;
            border-top: 2px #dee6e8 solid;
            margin: 0;
        }

        div.pageHeader span.projectTitle {
            font-family: serif;
            font-size: 2em;
            padding-left: 56px;
            padding-top: 80px;
            display: block;
            color: #a5a5a5;
            text-shadow: 0 -1px 1px white;
        }

        div.pageHeader div.testStats {
            position: absolute;
            top: 7px;
            right: 52px;
            font-size: 0.8em;
            color: #a2a2a2;
        }

        div.pageHeader div.testStats span.indicator {
            font-size: 2em;
            position: relative;
            top: 5px;
            text-shadow: 0 1px 0 white;
        }

        div.pageHeader div.testStats span strong {
            margin-right: 16px;
        }

        div.pageHeader div.testStats span.total {
            border-right: 1px #afafaf dotted;
            background: #8298af;
        }

        div.pageHeader div.testStats span.passed {
            border-right: 1px #afafaf dotted;
            background: #6fca83;
        }

        div.pageHeader div.testStats span.skipped {
            background: #bababa;
        }

        div.pageHeader div.testStats span.failed {
            background: #ff7676;
        }

        div.pageHeader div.testStats span {
            margin-right: 1px;
            height: 55px;
            padding: 20px 8px 18px;
            color: white;
        }

        div.pageHeader .testGroupsTitle {
            margin: 16px 32px 8px 40px;
            font-size: 0.9em;
            color: darkgrey;
            display: inline-block;
        }

        div.pageHeader .testExecutionDate {
            display: inline-block;
            position: absolute;
            right: 10px;
            margin: 14px 32px 8px 40px;
            color: #9e9e9e;
            font-size: 0.9em;
        }

        .testReportContainer {
            padding: 0 32px 32px 32px;
        }

        .cardContainer {
            padding: 16px 16px 16px;
            box-shadow: 0 4px 4px #d4d4d4;
            background-color: white;
        }

        #testResults {
            display: flex;
            flex-wrap: wrap;
        }

        .testResultGroup {
            width: 24px;
            height: 24px;
            background-color: #43c143;
            margin-left: 1px;
            margin-bottom: 1px;
            box-sizing: border-box;
        }

        .testResultGroup.selected {
            border: 1px white solid;
            background-color: black !important;
        }

        .testResultGroup.skipped {
            border: 2px gray solid;
        }

        .testResultGroup.failed {
            background-color: red;
        }

        .cardContainer.testGroupList,
        .cardContainer.testDetail {
            margin-top: 16px;
            padding: 16px;
        }

        .cardContainer.testGroupList {
            color: #9c9c9c;
            padding: 0;
        }

        .cardContainer.testGroupList .testGroupRow {
            cursor: default;
            border-bottom: 1px #dadada dotted;
        }

        .cardContainer.testGroupList .testGroupRow span.testStatus {
            font-size: 1.2em;
            font-weight: bold;
            color: #139e13;
            pointer-events: none;
            display: inline-block;
            overflow: hidden;
            float: left;
            padding-top: 10px;
            padding-left: 20px;
            padding-right: 12px;
        }

        .cardContainer.testGroupList .testGroupRow span.testStatus.skipped {
            color: gray;
        }

        .cardContainer.testGroupList .testGroupRow span.testStatus.failed {
            color: red;
        }

        .cardContainer.testGroupList .testGroupRow span.testTitle {
            font-size: 0.9em;
            padding: 12px 0 10px;
            display: inline-block;
            pointer-events: none;
            color: #525252;
            text-overflow: ellipsis;
            overflow: hidden;
            width: calc(100% - 110px);
        }

        .cardContainer.testGroupList .testGroupRow span.testDuration {
            pointer-events: none;
        }

        .cardContainer.testGroupList .testGroupRow {
            position: relative;
            border-left: 4px #43c143 solid;
        }

        .cardContainer.testGroupList .testGroupRow.skipped {
            color: gray;
            border-left: 4px gray solid;
        }

        .cardContainer.testGroupList .testGroupRow.failed {
            color: red;
            border-left: 4px red solid;
        }

        .cardContainer.testGroupList .testGroupRow:hover {
            background-color: #fffaea;
            transition: 0.250s;
        }

        .cardContainer .testOutput {
            padding: 8px 16px 24px 16px;
        }

        .cardContainer .console {
            display: block;
            font-family: monospace;
            padding: 10px;
            background-color: #424242;
            color: #1aff00;
            border-bottom: 1px #1aff00 dotted;
            overflow: auto;
            font-size: 1.1em;
        }

        .cardContainer .testOutput .testDetail {
            border-bottom: 1px #d0d0d0 solid;
            padding: 16px;
            background-color: #e6e6e6;
            border-radius: 0 0 4px 4px;
            color: dimgrey;
            font-size: 0.8em;
        }

        .cardContainer .console.skipped{
            color: #d9d9d9;
        }

        .cardContainer .console.failed {
            color: #ffb2b2;
        }

        .cardContainer .testDuration {
            position: absolute;
            top: 5px;
            right: 8px;
            text-align: right;
            padding-right: 8px;
            box-sizing: border-box;
        }
    </style>
</head>
<body>
<div class="pageHeader">
    <span class="projectTitle">0Chain Flaky system test suite [test_multi-operation/26024e61] ran against [dev-6.devnet-0chain.net] at [2023-05-12_06.12.00]</span>
    <div class="testStats">
        <span class="total"><span class="indicator">&boxbox;</span> Total: <strong>11</strong>Duration: <strong>1ms</strong>
        </span><span class="passed"><span class="indicator">&check;</span> Passed: <strong>4</strong>
        </span><span class="skipped"><span class="indicator">&dash;</span> Skipped: <strong>3</strong>
        </span><span class="failed"><span class="indicator">&cross;</span> Failed: <strong>4</strong>
        </span>
    </div>
    <span class="testGroupsTitle">Test Groups:</span>
    <span class="testExecutionDate">May 12, 2023 07:10:21</span>
</div>
<div class="testReportContainer">
    <div class="cardContainer">
        <div id="testResults">
            
                <div class="testResultGroup  skipped" id="0"></div>
            
                <div class="testResultGroup  " id="1"></div>
            
                <div class="testResultGroup  skipped" id="2"></div>
            
                <div class="testResultGroup  " id="3"></div>
            
                <div class="testResultGroup  " id="4"></div>
            
                <div class="testResultGroup failed " id="5"></div>
            
                <div class="testResultGroup failed " id="6"></div>
            
                <div class="testResultGroup  skipped" id="7"></div>
            
                <div class="testResultGroup failed " id="8"></div>
            
                <div class="testResultGroup failed " id="9"></div>
            
                <div class="testResultGroup  " id="10"></div>
            
        </div>
    </div>
    <div class="cardContainer testGroupList" id="testGroupList"></div>
</div>
<script type="application/javascript">
    /**
 * @typedef TestStatus
 * @property {string} TestName
 * @property {string} Package
 * @property {number} ElapsedTime
 * @property {Array.<string>} Output
 * @property {boolean} Passed
 * @property {boolean} Skipped
 */
class TestStatus {}

/**
 * @typedef TestGroupData
 * @type {object}
 * @property {string} FailureIndicator
 * @property {string} SkippedIndicator
 * @property {Array.<TestStatus>}
 */
class TestGroupData {}

/**
 * @typedef TestResults
 * @type {Array.<TestGroupData>}
 */
class TestResults extends Array {}

/**
 * @typedef SelectedItems
 * @property {HTMLElement|EventTarget} testResults
 * @property {String} selectedTestGroupColor
 */
class SelectedItems {}

/**
 * @typedef GoTestReportElements
 * @property {TestResults} data
 * @property {HTMLElement} testResultsElem
 * @property {HTMLElement} testGroupListElem
 */
class GoTestReportElements {}


/**
 * Main entry point for GoTestReport.
 * @param {GoTestReportElements} elements
 * @returns {{testResultsClickHandler: testResultsClickHandler}}
 * @constructor
 */
window.GoTestReport = function (elements) {
  const /**@type {SelectedItems}*/ selectedItems = {
    testResults: null,
    selectedTestGroupColor: null
  }

  function addEventData(event) {
    if (event.data == null) {
      event.data = {target: event.target}
    }
    return event
  }


  const goTestReport = {
    /**
     * Invoked when a user clicks on one of the test group div elements.
     * @param {HTMLElement} target The element associated with the test group.
     * @param {boolean} shiftKey If pressed, all of test detail associated to the test group is shown.
     * @param {TestResults} data
     * @param {SelectedItems} selectedItems
     * @param {function(target: Element, data: TestResults)} testGroupListHandler
     */
    testResultsClickHandler: function (target,
                                       shiftKey,
                                       data,
                                       selectedItems,
                                       testGroupListHandler) {

      if (target.classList.contains('testResultGroup') === false) {
        return
      }
      if (selectedItems.testResults != null) {
        let testResultsElement = /**@type {HTMLElement}*/ selectedItems.testResults
        testResultsElement.classList.remove("selected")
        testResultsElement.style.backgroundColor = selectedItems.selectedTestGroupColor
      }
      const testGroupId = /**@type {number}*/ target.id
      if ((target.id === undefined)
        || (data[testGroupId] === undefined)
        || (data[testGroupId]['TestResults'] === undefined)) {
        return
      }
      const testResults = /**@type {TestResults}*/ data[testGroupId]['TestResults']
      let testGroupList = /**@type {string}*/ ''
      selectedItems.selectedTestGroupColor = getComputedStyle(target).getPropertyValue('background-color')
      selectedItems.testResults = target
      target.classList.add("selected")
      for (let i = 0; i < testResults.length; i++) {
        const testResult = /**@type {TestGroupData}*/ testResults[i]
        const testPassed = /**@type {boolean}*/ testResult.Passed
        const testSkipped = /**@type {boolean}*/ testResult.Skipped
        const testPassedStatus = /**@type {string}*/ (testPassed) ? '' : (testSkipped ? 'skipped' : 'failed')
        const testId = /**@type {string}*/ target.attributes['id'].value
        testGroupList += `<div class="testGroupRow ${testPassedStatus}" data-groupid="${testId}" data-index="${i}">
        <span class="testStatus ${testPassedStatus}">${(testPassed) ? '&check' : (testSkipped ? '&dash' : '&cross')};</span>
        <span class="testTitle">${testResult.TestName}</span>
        <span class="testDuration"><span>${testResult.ElapsedTime}s </span>‚è±</span>
      </div>`
      }
      const testGroupListElem = elements.testGroupListElem
      testGroupListElem.innerHTML = ''
      testGroupListElem.innerHTML = testGroupList

      if (shiftKey) {
        testGroupListElem.querySelectorAll('.testGroupRow')
                         .forEach((elem) => testGroupListHandler(elem, data))
      } else if (testResults.length === 1) {
        testGroupListHandler(testGroupListElem.querySelector('.testGroupRow'), data)
      }
    },

    /**
     *
     * @param {Element} target
     * @param {TestResults} data
     */
    testGroupListHandler: function (target, data) {
      const attribs = target['attributes']
      if (attribs.hasOwnProperty('data-groupid')) {
        const groupId = /**@type {number}*/ attribs['data-groupid'].value
        const testIndex = /**@type {number}*/ attribs['data-index'].value
        const testStatus = /**@type {TestStatus}*/ data[groupId]['TestResults'][testIndex]
        const testOutputDiv = /**@type {HTMLDivElement}*/ target.querySelector('div.testOutput')

        if (testOutputDiv == null) {
          const testOutputDiv = document.createElement('div')
          testOutputDiv.classList.add('testOutput')
          const consolePre = document.createElement('pre')
          consolePre.classList.add('console')
          const testDetailDiv = document.createElement('div')
          testDetailDiv.classList.add('testDetail')
          const packageNameDiv = document.createElement('div')
          packageNameDiv.classList.add('package')
          packageNameDiv.innerHTML = `<strong>Package:</strong> ${testStatus.Package}`
          const testFileNameDiv = document.createElement('div')
          testFileNameDiv.classList.add('filename')
          if (testStatus.TestFileName.trim() === "") {
            testFileNameDiv.innerHTML = `<strong>Filename:</strong> n/a &nbsp;&nbsp;`
          } else {
            testFileNameDiv.innerHTML = `<strong>Filename:</strong> ${testStatus.TestFileName} &nbsp;&nbsp;`
            testFileNameDiv.innerHTML += `<strong>Line:</strong> ${testStatus.TestFunctionDetail.Line} `
            testFileNameDiv.innerHTML += `<strong>Col:</strong> ${testStatus.TestFunctionDetail.Col}`
          }
          testDetailDiv.insertAdjacentElement('beforeend', packageNameDiv)
          testDetailDiv.insertAdjacentElement('beforeend', testFileNameDiv)
          testOutputDiv.insertAdjacentElement('afterbegin', consolePre)
          testOutputDiv.insertAdjacentElement('beforeend', testDetailDiv)
          target.insertAdjacentElement('beforeend', testOutputDiv)

          if (testStatus.Passed) {
            consolePre.classList.remove('skipped')
            consolePre.classList.remove('failed')
          } else if (testStatus.Skipped) {
            consolePre.classList.add('skipped')
            consolePre.classList.remove('failed')
          } else {
            consolePre.classList.remove('skipped')
            consolePre.classList.add('failed')
          }
          consolePre.textContent = testStatus.Output.join('')
        } else {
          testOutputDiv.remove()
        }
      }
    }
  }

  //+------------------------+
  //|    setup DOM events    |
  //+------------------------+
  elements.testResultsElem
          .addEventListener('click', event =>
            goTestReport.testResultsClickHandler(/**@type {HTMLElement}*/ addEventData(event).data.target,
                                                 event.shiftKey,
                                                 elements.data,
                                                 selectedItems,
                                                 goTestReport.testGroupListHandler))

  elements.testGroupListElem
          .addEventListener('click', event =>
            goTestReport.testGroupListHandler(/**@type {Element}*/ event.target,
                                              elements.data))

  return goTestReport
}


    

    const data = [{"FailureIndicator":"","SkippedIndicator":"skipped","TestResults":[{"TestName":"Test___FlakyBrokenScenarios","Package":"github.com/0chain/system_test/tests/cli_tests","ElapsedTime":0,"Output":["","    flaky___broken_scenarios_test.go:30: \n","--- SKIP: Test___FlakyBrokenScenarios (0.00s)\n",""],"Passed":false,"Skipped":true,"TestFileName":"flaky___broken_scenarios_test.go","TestFunctionDetail":{"Line":27,"Col":1}}]},{"FailureIndicator":"","SkippedIndicator":"","TestResults":[{"TestName":"Test___FlakyFileCopy","Package":"github.com/0chain/system_test/tests/cli_tests","ElapsedTime":0,"Output":["","--- PASS: Test___FlakyFileCopy (0.00s)",""],"Passed":true,"Skipped":false,"TestFileName":"flaky___flaky_test.go","TestFunctionDetail":{"Line":411,"Col":1}}]},{"FailureIndicator":"","SkippedIndicator":"skipped","TestResults":[{"TestName":"Test___FlakyFileCopy/File_copy_-_Users_should_not_be_charged_for_moving_a_file_","Package":"github.com/0chain/system_test/tests/cli_tests","ElapsedTime":0,"Output":["","    flaky___flaky_test.go:415: Test case [File copy - Users should not be charged for moving a file ] scheduled at [05-12-2023 07:05:28] \n","","","    system_test_framework.go:148: Test case [File copy - Users should not be charged for moving a file ] start at [05-12-2023 07:05:28] \n","    flaky___flaky_test.go:416: Test calculations are flaky in  CLI\n","    flaky___flaky_test.go:415: Test case [File copy - Users should not be charged for moving a file ] exit at [05-12-2023 07:05:28]\n","--- SKIP: Test___FlakyFileCopy/File_copy_-_Users_should_not_be_charged_for_moving_a_file_ (0.00s)\n",""],"Passed":false,"Skipped":true,"TestFileName":"","TestFunctionDetail":{"Line":0,"Col":0}}]},{"FailureIndicator":"","SkippedIndicator":"","TestResults":[{"TestName":"Test___FlakyFileDelete","Package":"github.com/0chain/system_test/tests/cli_tests","ElapsedTime":0,"Output":["","--- PASS: Test___FlakyFileDelete (0.00s)",""],"Passed":true,"Skipped":false,"TestFileName":"flaky___flaky_test.go","TestFunctionDetail":{"Line":242,"Col":1}}]},{"FailureIndicator":"","SkippedIndicator":"","TestResults":[{"TestName":"Test___FlakyFileDelete/Delete_file_concurrently_in_existing_directory,_should_work","Package":"github.com/0chain/system_test/tests/cli_tests","ElapsedTime":80.55,"Output":["","    flaky___flaky_test.go:246: Test case [Delete file concurrently in existing directory, should work] scheduled at [05-12-2023 07:04:07] \n","","","    system_test_framework.go:148: Test case [Delete file concurrently in existing directory, should work] start at [05-12-2023 07:04:07] \n","    zwalletcli_register_wallet_test.go:123: creating wallet...\n","    zboxcli_update_allocation_test.go:1005: Executing faucet...\n","    zwalletcli_register_wallet_test.go:140: faucet output: [No wallet in path  config/Test___FlakyFileDelete-Delete_file_concurrently_in_existing_directory,_should_work_wallet.json found. Creating wallet... ZCN wallet created!! Execute faucet smart contract success with txn :  f82fb1e0850aaa7cb31438c7132655e4ecc22f9bc59d5467b5e2d3b80688bdd7]\n","    zboxcli_update_allocation_test.go:1005: Executing faucet...\n","    zboxcli_create_allocation_test.go:441: Creating new allocation...\n","    zboxcli_file_upload_test.go:959: Uploading file /tmp/w6ed6P9z8n_test.txt to allocation 313af8c238efbd5aea098ea1c388beda7c9394375d21931dd651b2267b4aaa74 with remotepath /w6ed6P9z8n_test.txt\n","    zboxcli_file_upload_test.go:917: Uploading file...\n","    zboxcli_file_upload_test.go:959: Uploading file /tmp/N9bKmCxiw5_test.txt to allocation 313af8c238efbd5aea098ea1c388beda7c9394375d21931dd651b2267b4aaa74 with remotepath /N9bKmCxiw5_test.txt\n","    zboxcli_file_upload_test.go:917: Uploading file...\n","    utils.go:67: \u001b[33mCommand failed on attempt [1/3] due to error [exit status 1]. Output: [0 / 256    0.00% 0 / 256    0.00% 0s -\u003cNEWLINE\u003e- Error in file operation: upload_failed: Upload failed. bad request: {\"code\":\"invalid_parameters\",\"error\":\"invalid_parameters: Invalid allocation id passed.verify_allocation: verifying allocation transaction error: ERROR: duplicate key value violates unique constraint \\\"allocations_pkey\\\" (SQLSTATE 23505)\"} -\u003cNEWLINE\u003e- Upload failed. upload_failed: Upload failed. bad request: {\"code\":\"invalid_parameters\",\"error\":\"invalid_parameters: Invalid allocation id passed.verify_allocation: verifying allocation transaction error: ERROR: duplicate key value violates unique constraint \\\"allocations_pkey\\\" (SQLSTATE 23505)\"}]\n","    zboxcli_file_delete_test.go:344: Deleting file...\n","    utils.go:63: \u001b[32mCommand passed on retry [2/3]. Output: [0 / 256    0.00% 256 / 256  100.00% 0s -\u003cNEWLINE\u003e- Status completed callback. Type = application/octet-stream. Name = w6ed6P9z8n_test.txt]\n","    zboxcli_file_delete_test.go:344: Deleting file...\n","    utils.go:138: Waiting 10s...\n","    zboxcli_list_file_test.go:638: Listing individual file in allocation...\n","    utils.go:67: \u001b[33mCommand failed on attempt [1/3] due to error [exit status 1]. Output: [error from server list response: {\"code\":\"invalid_parameters\",\"error\":\"invalid_parameters: Invalid path record not found\"}]\n","    utils.go:67: \u001b[33mCommand failed on attempt [2/3] due to error [exit status 1]. Output: [error from server list response: {\"code\":\"invalid_parameters\",\"error\":\"invalid_parameters: Invalid path record not found\"}]\n","    utils.go:70: \u001b[31mCommand failed on final attempt [3/3] due to error [exit status 1]. Command String: [./zbox list --allocation 313af8c238efbd5aea098ea1c388beda7c9394375d21931dd651b2267b4aaa74 --remotepath /N9bKmCxiw5_test.txt --json --silent --wallet Test___FlakyFileDelete-Delete_file_concurrently_in_existing_directory,_should_work_wallet.json --configDir ./config --config ./zbox_config.yaml] Output: [error from server list response: {\"code\":\"invalid_parameters\",\"error\":\"invalid_parameters: Invalid path record not found\"}]\n","    utils.go:73: \u001b[31mThe verbose output for the command is:\n","    utils.go:77: \u001b[31m0chain-core-sdk [INFO]   2023/05/12 07:05:14.037301 wallet_base.go:310: ******* Wallet SDK Version:v1.8.13-45-g29b9769 ******* (SetLogFile)\n","    utils.go:77: \u001b[31m0box-sdk        [INFO]   2023/05/12 07:05:14.037366 sdk.go:78: ******* Storage SDK Version: v1.8.13-45-g29b9769 *******\n","    utils.go:77: \u001b[31m0chain-core-sdk [INFO]   2023/05/12 07:05:14.065007 transaction_base.go:139: ******* Wallet SDK Version:v1.8.13-45-g29b9769 ******* (InitZCNSDK)\n","    utils.go:77: \u001b[31m0box-sdk        [DEBUG]  2023/05/12 07:05:14.076246 networkworker.go:105: Get network result:{\"miners\":[\"https://dev-6.devnet-0chain.net/miner02\",\"https://dev-6.devnet-0chain.net/miner01\",\"https://dev-6.devnet-0chain.net/miner03\"],\"sharders\":[\"https://dev-6.devnet-0chain.net/sharder02\",\"https://dev-6.devnet-0chain.net/sharder01\"]}\n","    utils.go:77: \u001b[31m0box-sdk        [DEBUG]  2023/05/12 07:05:14.086737 listworker.go:111: List result:{\"code\":\"invalid_parameters\",\"error\":\"invalid_parameters: Invalid path record not found\"}\n","    utils.go:77: \u001b[31m0box-sdk        [DEBUG]  2023/05/12 07:05:14.087217 listworker.go:111: List result:{\"code\":\"invalid_parameters\",\"error\":\"invalid_parameters: Invalid path record not found\"}\n","    utils.go:77: \u001b[31m0box-sdk        [DEBUG]  2023/05/12 07:05:14.092608 listworker.go:111: List result:{\"code\":\"invalid_parameters\",\"error\":\"invalid_parameters: Invalid path record not found\"}\n","    utils.go:77: \u001b[31m0box-sdk        [DEBUG]  2023/05/12 07:05:14.092624 listworker.go:111: List result:{\"code\":\"invalid_parameters\",\"error\":\"invalid_parameters: Invalid path record not found\"}\n","    utils.go:77: \u001b[31merror from server list response: {\"code\":\"invalid_parameters\",\"error\":\"invalid_parameters: Invalid path record not found\"}\n","    utils.go:138: Waiting 10s...\n","    zboxcli_list_file_test.go:638: Listing individual file in allocation...\n","    utils.go:67: \u001b[33mCommand failed on attempt [1/3] due to error [exit status 1]. Output: [error from server list response: {\"code\":\"invalid_parameters\",\"error\":\"invalid_parameters: Invalid path record not found\"}]\n","    utils.go:67: \u001b[33mCommand failed on attempt [2/3] due to error [exit status 1]. Output: [error from server list response: {\"code\":\"invalid_parameters\",\"error\":\"invalid_parameters: Invalid path record not found\"}]\n","    utils.go:70: \u001b[31mCommand failed on final attempt [3/3] due to error [exit status 1]. Command String: [./zbox list --remotepath /w6ed6P9z8n_test.txt --json  --allocation 313af8c238efbd5aea098ea1c388beda7c9394375d21931dd651b2267b4aaa74 --silent --wallet Test___FlakyFileDelete-Delete_file_concurrently_in_existing_directory,_should_work_wallet.json --configDir ./config --config ./zbox_config.yaml] Output: [error from server list response: {\"code\":\"invalid_parameters\",\"error\":\"invalid_parameters: Invalid path record not found\"}]\n","    utils.go:73: \u001b[31mThe verbose output for the command is:\n","    utils.go:77: \u001b[31m0chain-core-sdk [INFO]   2023/05/12 07:05:28.401724 wallet_base.go:310: ******* Wallet SDK Version:v1.8.13-45-g29b9769 ******* (SetLogFile)\n","    utils.go:77: \u001b[31m0box-sdk        [INFO]   2023/05/12 07:05:28.401786 sdk.go:78: ******* Storage SDK Version: v1.8.13-45-g29b9769 *******\n","    utils.go:77: \u001b[31m0chain-core-sdk [INFO]   2023/05/12 07:05:28.425242 transaction_base.go:139: ******* Wallet SDK Version:v1.8.13-45-g29b9769 ******* (InitZCNSDK)\n","    utils.go:77: \u001b[31m0box-sdk        [DEBUG]  2023/05/12 07:05:28.445655 networkworker.go:105: Get network result:{\"miners\":[\"https://dev-6.devnet-0chain.net/miner02\",\"https://dev-6.devnet-0chain.net/miner01\",\"https://dev-6.devnet-0chain.net/miner03\"],\"sharders\":[\"https://dev-6.devnet-0chain.net/sharder02\",\"https://dev-6.devnet-0chain.net/sharder01\"]}\n","    utils.go:77: \u001b[31m0box-sdk        [DEBUG]  2023/05/12 07:05:28.482831 listworker.go:111: List result:{\"code\":\"invalid_parameters\",\"error\":\"invalid_parameters: Invalid path record not found\"}\n","    utils.go:77: \u001b[31m0box-sdk        [DEBUG]  2023/05/12 07:05:28.483238 listworker.go:111: List result:{\"code\":\"invalid_parameters\",\"error\":\"invalid_parameters: Invalid path record not found\"}\n","    utils.go:77: \u001b[31m0box-sdk        [DEBUG]  2023/05/12 07:05:28.488173 listworker.go:111: List result:{\"code\":\"invalid_parameters\",\"error\":\"invalid_parameters: Invalid path record not found\"}\n","    utils.go:77: \u001b[31m0box-sdk        [DEBUG]  2023/05/12 07:05:28.488176 listworker.go:111: List result:{\"code\":\"invalid_parameters\",\"error\":\"invalid_parameters: Invalid path record not found\"}\n","    utils.go:77: \u001b[31merror from server list response: {\"code\":\"invalid_parameters\",\"error\":\"invalid_parameters: Invalid path record not found\"}\n","    flaky___flaky_test.go:246: Test case [Delete file concurrently in existing directory, should work] exit at [05-12-2023 07:05:28]\n","--- PASS: Test___FlakyFileDelete/Delete_file_concurrently_in_existing_directory,_should_work (80.55s)",""],"Passed":true,"Skipped":false,"TestFileName":"","TestFunctionDetail":{"Line":0,"Col":0}}]},{"FailureIndicator":"failed","SkippedIndicator":"","TestResults":[{"TestName":"Test___FlakyFileRename","Package":"github.com/0chain/system_test/tests/cli_tests","ElapsedTime":0,"Output":["","","",""],"Passed":false,"Skipped":false,"TestFileName":"flaky___flaky_test.go","TestFunctionDetail":{"Line":306,"Col":1}}]},{"FailureIndicator":"failed","SkippedIndicator":"","TestResults":[{"TestName":"Test___FlakyFileRename/Rename_and_delete_file_concurrently,_should_work","Package":"github.com/0chain/system_test/tests/cli_tests","ElapsedTime":292.47,"Output":["","    flaky___flaky_test.go:312: Test case [Rename and delete file concurrently, should work] scheduled at [05-12-2023 07:05:28] \n","","","    system_test_framework.go:148: Test case [Rename and delete file concurrently, should work] start at [05-12-2023 07:05:28] \n","    zwalletcli_register_wallet_test.go:123: creating wallet...\n","    zboxcli_update_allocation_test.go:1005: Executing faucet...\n","    zwalletcli_register_wallet_test.go:140: faucet output: [No wallet in path  config/Test___FlakyFileRename-Rename_and_delete_file_concurrently,_should_work_wallet.json found. Creating wallet... ZCN wallet created!! Execute faucet smart contract success with txn :  35f26137cbead7095810f0bb95adfcb70cc3c64994040eba0c09cdffd339657d]\n","    zboxcli_update_allocation_test.go:1005: Executing faucet...\n","    zboxcli_create_allocation_test.go:441: Creating new allocation...\n","    zboxcli_file_upload_test.go:959: Uploading file /tmp/ZjamAonFzq_test.txt to allocation f85524270ddda543a9b3c5329d8a19c52abd5e917dc357263c2561bb616afa23 with remotepath /ZjamAonFzq_test.txt\n","    zboxcli_file_upload_test.go:917: Uploading file...\n","    zboxcli_file_upload_test.go:959: Uploading file /tmp/6TdsVK8ydv_test.txt to allocation f85524270ddda543a9b3c5329d8a19c52abd5e917dc357263c2561bb616afa23 with remotepath /6TdsVK8ydv_test.txt\n","    zboxcli_file_upload_test.go:917: Uploading file...\n","    zboxcli_file_upload_test.go:959: Uploading file /tmp/qIxybClwz1_test.txt to allocation f85524270ddda543a9b3c5329d8a19c52abd5e917dc357263c2561bb616afa23 with remotepath /qIxybClwz1_test.txt\n","    zboxcli_file_upload_test.go:917: Uploading file...\n","    zboxcli_file_upload_test.go:959: Uploading file /tmp/5QRFar8-Go_test.txt to allocation f85524270ddda543a9b3c5329d8a19c52abd5e917dc357263c2561bb616afa23 with remotepath /5QRFar8-Go_test.txt\n","    zboxcli_file_upload_test.go:917: Uploading file...\n","    zboxcli_common_user_functions_test.go:180: Renaming file...\n","    zboxcli_file_delete_test.go:344: Deleting file...\n","    zboxcli_file_delete_test.go:344: Deleting file...\n","    zboxcli_common_user_functions_test.go:180: Renaming file...\n","    utils.go:67: \u001b[33mCommand failed on attempt [1/3] due to error [exit status 1]. Output: [Delete failed. consensus_not_met: Consensus on commit not met. Required 3, got 2]\n","    utils.go:67: \u001b[33mCommand failed on attempt [1/3] due to error [exit status 1]. Output: [consensus_not_met: Required consensus 3 got 2. Error: commit_error: {\"error\":\"allocation_root_mismatch: Allocation root in the write marker does not match the calculated allocation root. Expected hash: c69c266a8b25cbd2adcc460dd986b2577c13fd291d7571c6bde588092861b0db\"}\tcommit_error: {\"error\":\"allocation_root_mismatch: Allocation root in the write marker does not match the calculated allocation root. Expected hash: dde03c2844e73cf0730aab355e9db05e31d290c434e833027be109f560fc3906\"}]\n","    utils.go:67: \u001b[33mCommand failed on attempt [2/3] due to error [exit status 1]. Output: [rename_failed: Rename failed. ref not found: /ZjamAonFzq_test.txt]\n","    utils.go:63: \u001b[32mCommand passed on retry [2/3]. Output: [/5QRFar8-Go_test.txt deleted]\n","    utils.go:70: \u001b[31mCommand failed on final attempt [3/3] due to error [exit status 1]. Command String: [./zbox rename --remotepath /ZjamAonFzq_test.txt --destname qV0bMUQhJn_test.txt --allocation f85524270ddda543a9b3c5329d8a19c52abd5e917dc357263c2561bb616afa23 --silent --wallet Test___FlakyFileRename-Rename_and_delete_file_concurrently,_should_work_wallet.json --configDir ./config --config ./zbox_config.yaml] Output: [rename_failed: Rename failed. ref not found: /ZjamAonFzq_test.txt]\n","    utils.go:73: \u001b[31mThe verbose output for the command is:\n","    utils.go:77: \u001b[31m0chain-core-sdk [INFO]   2023/05/12 07:10:20.891447 wallet_base.go:310: ******* Wallet SDK Version:v1.8.13-45-g29b9769 ******* (SetLogFile)\n","    utils.go:77: \u001b[31m0box-sdk        [INFO]   2023/05/12 07:10:20.891510 sdk.go:78: ******* Storage SDK Version: v1.8.13-45-g29b9769 *******\n","    utils.go:77: \u001b[31m0chain-core-sdk [INFO]   2023/05/12 07:10:20.914478 transaction_base.go:139: ******* Wallet SDK Version:v1.8.13-45-g29b9769 ******* (InitZCNSDK)\n","    utils.go:77: \u001b[31m0box-sdk        [DEBUG]  2023/05/12 07:10:20.924973 networkworker.go:105: Get network result:{\"miners\":[\"https://dev-6.devnet-0chain.net/miner02\",\"https://dev-6.devnet-0chain.net/miner01\",\"https://dev-6.devnet-0chain.net/miner03\"],\"sharders\":[\"https://dev-6.devnet-0chain.net/sharder02\",\"https://dev-6.devnet-0chain.net/sharder01\"]}\n","    utils.go:77: \u001b[31m0box-sdk        \u001b[31m[ERROR]  2023/05/12 07:10:20.939570 common.go:37: Object tree response : 404\u001b[0m\n","    utils.go:77: \u001b[31m0box-sdk        \u001b[31m[ERROR]  2023/05/12 07:10:20.939594 renameworker.go:161: ref not found: /ZjamAonFzq_test.txt\u001b[0m\n","    utils.go:77: \u001b[31m0box-sdk        \u001b[31m[ERROR]  2023/05/12 07:10:20.945024 common.go:37: Object tree response : 404\u001b[0m\n","    utils.go:77: \u001b[31m0box-sdk        \u001b[31m[ERROR]  2023/05/12 07:10:20.945057 renameworker.go:161: ref not found: /ZjamAonFzq_test.txt\u001b[0m\n","    utils.go:77: \u001b[31m0box-sdk        [INFO]   2023/05/12 07:10:20.946638 common.go:50: Object tree:{\"meta_data\":{\"actual_file_hash\":\"2dd4238ea0af16a2d4e4744e0f2f750c42263ef0759bf15d78ad7bcc7ec77829\",\"actual_file_hash_signature\":\"59db2cf02e840d741bb697a5e3789d62b68f2662d48a462731fd1d910d756317\",\"actual_file_size\":256,\"actual_thumbnail_hash\":\"\",\"actual_thumbnail_size\":0,\"allocation_id\":\"f85524270ddda543a9b3c5329d8a19c52abd5e917dc357263c2561bb616afa23\",\"chunk_size\":65536,\"commit_meta_txns\":null,\"created_at\":1683875139,\"custom_meta\":\"\",\"encrypted_key\":\"\",\"file_id\":\"b59d9189-9649-5042-87bd-b7bee9aae422\",\"file_meta_hash\":\"14348fe5a57fcdc6c7dcdfa28d1b8e0c4c779d661b6cd80c4400cbd7ae181650\",\"fixed_merkle_root\":\"718df08d07b6fc5ec4e2c357969bf5ff69e7fea32a8be7783a7da09298eb72fa\",\"hash\":\"87ea1854806ea7dc0879cf089bf925a23ad18a0b1a8d6455aebe6c44da64cf00\",\"lookup_hash\":\"4d8a2bbacfdc303be6d85c10bbd28f48a031cebcf723f396d027d36d6c43c3bd\",\"mimetype\":\"application/octet-stream\",\"name\":\"ZjamAonFzq_test.txt\",\"num_of_blocks\":1,\"path\"",":\"/ZjamAonFzq_test.txt\",\"path_hash\":\"4d8a2bbacfdc303be6d85c10bbd28f48a031cebcf723f396d027d36d6c43c3bd\",\"size\":128,\"thumbnail_hash\":\"\",\"thumbnail_size\":0,\"type\":\"f\",\"updated_at\":1683875139,\"validation_root\":\"fa49f193127a7991c3ef7cb080af4d4cd49c3754c2f1c6f3f991463700de445d\",\"validation_root_signature\":\"14e46ffe133f34d916cf57a68d68d631baa55d579cdf40d66ea867d8afb87807\"},\"Ref\":{\"ID\":599,\"FileID\":\"b59d9189-9649-5042-87bd-b7bee9aae422\",\"Type\":\"f\",\"AllocationID\":\"f85524270ddda543a9b3c5329d8a19c52abd5e917dc357263c2561bb616afa23\",\"LookupHash\":\"4d8a2bbacfdc303be6d85c10bbd28f48a031cebcf723f396d027d36d6c43c3bd\",\"Name\":\"ZjamAonFzq_test.txt\",\"Path\":\"/ZjamAonFzq_test.txt\",\"FileMetaHash\":\"14348fe5a57fcdc6c7dcdfa28d1b8e0c4c779d661b6cd80c4400cbd7ae181650\",\"Hash\":\"87ea1854806ea7dc0879cf089bf925a23ad18a0b1a8d6455aebe6c44da64cf00\",\"NumBlocks\":1,\"PathHash\":\"4d8a2bbacfdc303be6d85c10bbd28f48a031cebcf723f396d027d36d6c43c3bd\",\"ParentPath\":\"/\",\"PathLevel\":2,\"CustomMeta\":\"\",\"ValidationRoot\":\"fa49f193127a7991c3ef7cb080af4d4cd49c3754c2f1c6","f3f991463700de445d\",\"validation_root_signature\":\"14e46ffe133f34d916cf57a68d68d631baa55d579cdf40d66ea867d8afb87807\",\"Size\":128,\"FixedMerkleRoot\":\"718df08d07b6fc5ec4e2c357969bf5ff69e7fea32a8be7783a7da09298eb72fa\",\"ActualFileSize\":256,\"actual_file_hash_signature\":\"59db2cf02e840d741bb697a5e3789d62b68f2662d48a462731fd1d910d756317\",\"ActualFileHash\":\"2dd4238ea0af16a2d4e4744e0f2f750c42263ef0759bf15d78ad7bcc7ec77829\",\"MimeType\":\"application/octet-stream\",\"AllocationRoot\":\"6dccf6bc496e1ab3d931c3e69f4a040894bf2a38fe714582502d8d1ee549dfd8\",\"ThumbnailSize\":0,\"ThumbnailHash\":\"\",\"ActualThumbnailSize\":0,\"ActualThumbnailHash\":\"\",\"EncryptedKey\":\"\",\"Children\":null,\"CommitMetaTxns\":null,\"CreatedAt\":1683875139,\"UpdatedAt\":1683875139,\"DeletedAt\":null,\"ChunkSize\":65536,\"HashToBeComputed\":false},\"latest_write_marker\":{\"allocation_root\":\"0be85f34db0004248f2940269b92aaf388c1ca5aecd56c82aac8b56b1304397d\",\"prev_allocation_root\":\"3c20a2b3334cbc242829c2e74bb6232bb4c3baa883e33d65d1becd11d0833439\",\"file_meta_root\":\"a8f3ef9a1df8e765d6e9b0ae0","ea01416042a5bca92ef4e5b37fdd2df4051d923\",\"allocation_id\":\"f85524270ddda543a9b3c5329d8a19c52abd5e917dc357263c2561bb616afa23\",\"size\":-128,\"blobber_id\":\"5064a8e0ce29a8e92d43a93c6b8a0a786e89d53642df65ad721ebd6915d32671\",\"timestamp\":1683875380,\"client_id\":\"cb1be354fcd3dd103044f34cbeac8be173216c25635b7a0307673e4fa3f397b1\",\"signature\":\"ba1c67adaf8887f9c36aed36b1441a0e67ed6c2009e8968eda0b7956c007eca3\"}}\n","    utils.go:77: \u001b[31m0box-sdk        [INFO]   2023/05/12 07:10:20.954293 common.go:50: Object tree:{\"meta_data\":{\"actual_file_hash\":\"2dd4238ea0af16a2d4e4744e0f2f750c42263ef0759bf15d78ad7bcc7ec77829\",\"actual_file_hash_signature\":\"59db2cf02e840d741bb697a5e3789d62b68f2662d48a462731fd1d910d756317\",\"actual_file_size\":256,\"actual_thumbnail_hash\":\"\",\"actual_thumbnail_size\":0,\"allocation_id\":\"f85524270ddda543a9b3c5329d8a19c52abd5e917dc357263c2561bb616afa23\",\"chunk_size\":65536,\"commit_meta_txns\":null,\"created_at\":1683875139,\"custom_meta\":\"\",\"encrypted_key\":\"\",\"file_id\":\"b59d9189-9649-5042-87bd-b7bee9aae422\",\"file_meta_hash\":\"14348fe5a57fcdc6c7dcdfa28d1b8e0c4c779d661b6cd80c4400cbd7ae181650\",\"fixed_merkle_root\":\"265c840e1c30bb9febc9a7e973b925d57c30ce835daa03ae6df53d32b59da9ce\",\"hash\":\"753708f54bad4395782d960c7c0007e1fcf621ba9167dafac4625818285f94e1\",\"lookup_hash\":\"4d8a2bbacfdc303be6d85c10bbd28f48a031cebcf723f396d027d36d6c43c3bd\",\"mimetype\":\"application/octet-stream\",\"name\":\"ZjamAonFzq_test.txt\",\"num_of_blocks\":1,\"path\"",":\"/ZjamAonFzq_test.txt\",\"path_hash\":\"4d8a2bbacfdc303be6d85c10bbd28f48a031cebcf723f396d027d36d6c43c3bd\",\"size\":128,\"thumbnail_hash\":\"\",\"thumbnail_size\":0,\"type\":\"f\",\"updated_at\":1683875139,\"validation_root\":\"3d1db1bcf6a9d99b2457cc86a7db8814d28571e7734d3be24275024d7044a653\",\"validation_root_signature\":\"6d18c979badfe02e3fff9e97aafe9eed5a22e3ff7aef680b6f04bcb981144d13\"},\"Ref\":{\"ID\":643,\"FileID\":\"b59d9189-9649-5042-87bd-b7bee9aae422\",\"Type\":\"f\",\"AllocationID\":\"f85524270ddda543a9b3c5329d8a19c52abd5e917dc357263c2561bb616afa23\",\"LookupHash\":\"4d8a2bbacfdc303be6d85c10bbd28f48a031cebcf723f396d027d36d6c43c3bd\",\"Name\":\"ZjamAonFzq_test.txt\",\"Path\":\"/ZjamAonFzq_test.txt\",\"FileMetaHash\":\"14348fe5a57fcdc6c7dcdfa28d1b8e0c4c779d661b6cd80c4400cbd7ae181650\",\"Hash\":\"753708f54bad4395782d960c7c0007e1fcf621ba9167dafac4625818285f94e1\",\"NumBlocks\":1,\"PathHash\":\"4d8a2bbacfdc303be6d85c10bbd28f48a031cebcf723f396d027d36d6c43c3bd\",\"ParentPath\":\"/\",\"PathLevel\":2,\"CustomMeta\":\"\",\"ValidationRoot\":\"3d1db1bcf6a9d99b2457cc86a7db8814d28571e7734d3b","e24275024d7044a653\",\"validation_root_signature\":\"6d18c979badfe02e3fff9e97aafe9eed5a22e3ff7aef680b6f04bcb981144d13\",\"Size\":128,\"FixedMerkleRoot\":\"265c840e1c30bb9febc9a7e973b925d57c30ce835daa03ae6df53d32b59da9ce\",\"ActualFileSize\":256,\"actual_file_hash_signature\":\"59db2cf02e840d741bb697a5e3789d62b68f2662d48a462731fd1d910d756317\",\"ActualFileHash\":\"2dd4238ea0af16a2d4e4744e0f2f750c42263ef0759bf15d78ad7bcc7ec77829\",\"MimeType\":\"application/octet-stream\",\"AllocationRoot\":\"4c92b71b4d562e035be69bde32f7f3376f9333ead8699e1d206976ea6da7781e\",\"ThumbnailSize\":0,\"ThumbnailHash\":\"\",\"ActualThumbnailSize\":0,\"ActualThumbnailHash\":\"\",\"EncryptedKey\":\"\",\"Children\":null,\"CommitMetaTxns\":null,\"CreatedAt\":1683875139,\"UpdatedAt\":1683875139,\"DeletedAt\":null,\"ChunkSize\":65536,\"HashToBeComputed\":false},\"latest_write_marker\":{\"allocation_root\":\"6da9dc87a4efa7ad3bc9e3c6f3caee925f1581da618fc07f09ec2c0e12044850\",\"prev_allocation_root\":\"691a1b41322f0748d1fc8735a7c9c6f5310fa517e960c30fba491b0b8d829388\",\"file_meta_root\":\"a8f3ef9a1df8e765d6e9b0ae0","ea01416042a5bca92ef4e5b37fdd2df4051d923\",\"allocation_id\":\"f85524270ddda543a9b3c5329d8a19c52abd5e917dc357263c2561bb616afa23\",\"size\":-128,\"blobber_id\":\"48592ae54bcd3f6e4f36f6e94b95247afb1addcf4704a87967f6e5f25bcb625e\",\"timestamp\":1683875380,\"client_id\":\"cb1be354fcd3dd103044f34cbeac8be173216c25635b7a0307673e4fa3f397b1\",\"signature\":\"cb7bcdba13ff6f5b5d858482cc809adb95984b78231a311457fb62bdc2b7e486\"}}\n","    utils.go:77: \u001b[31m0box-sdk        [INFO]   2023/05/12 07:10:20.957585 renameworker.go:112: https://dev-6.devnet-0chain.net/blobber02 /ZjamAonFzq_test.txt renamed.\n","    utils.go:77: \u001b[31m0box-sdk        [INFO]   2023/05/12 07:10:20.959206 renameworker.go:112: https://dev-6.devnet-0chain.net/blobber03 /ZjamAonFzq_test.txt renamed.\n","    utils.go:77: \u001b[31mrename_failed: Rename failed. ref not found: /ZjamAonFzq_test.txt\n","    assertions.go:264: \n","        \tError Trace:\t/root/actions-runner6/_work/system_test/system_test/tests/cli_tests/flaky___flaky_test.go:383\n","        \t            \t\t\t\t/root/actions-runner6/_work/system_test/system_test/tests/cli_tests/system_test_framework.go:149\n","        \t            \t\t\t\t/root/actions-runner6/_work/system_test/system_test/tests/cli_tests/asm_amd64.s:1598\n","        \tError:      \tExpected nil, but got: \u0026exec.ExitError{ProcessState:(*os.ProcessState)(0xc000012450), Stderr:[]uint8(nil)}\n","        \tTest:       \tTest___FlakyFileRename/Rename_and_delete_file_concurrently,_should_work\n","        \tMessages:   \trename_failed: Rename failed. ref not found: /ZjamAonFzq_test.txt\n","    flaky___flaky_test.go:312: Test case [Rename and delete file concurrently, should work] exit at [05-12-2023 07:10:20]\n",""],"Passed":false,"Skipped":false,"TestFileName":"","TestFunctionDetail":{"Line":0,"Col":0}}]},{"FailureIndicator":"","SkippedIndicator":"skipped","TestResults":[{"TestName":"Test___FlakyScenariosCommonUserFunctions","Package":"github.com/0chain/system_test/tests/cli_tests","ElapsedTime":0,"Output":["","    flaky___flaky_test.go:25: \n","--- SKIP: Test___FlakyScenariosCommonUserFunctions (0.00s)\n",""],"Passed":false,"Skipped":true,"TestFileName":"flaky___flaky_test.go","TestFunctionDetail":{"Line":22,"Col":1}}]},{"FailureIndicator":"failed","SkippedIndicator":"","TestResults":[{"TestName":"Test___FlakyTransferAllocation","Package":"github.com/0chain/system_test/tests/cli_tests","ElapsedTime":0,"Output":["",""],"Passed":false,"Skipped":false,"TestFileName":"flaky___flaky_test.go","TestFunctionDetail":{"Line":90,"Col":1}}]},{"FailureIndicator":"failed","SkippedIndicator":"","TestResults":[{"TestName":"Test___FlakyTransferAllocation/transfer_allocation_accounting_test","Package":"github.com/0chain/system_test/tests/cli_tests","ElapsedTime":35.34,"Output":["","    flaky___flaky_test.go:94: Test case [transfer allocation accounting test] scheduled at [05-12-2023 07:03:32] \n","","","    system_test_framework.go:148: Test case [transfer allocation accounting test] start at [05-12-2023 07:03:32] \n","    zwalletcli_register_wallet_test.go:123: creating wallet...\n","    zboxcli_update_allocation_test.go:1005: Executing faucet...\n","    zwalletcli_register_wallet_test.go:140: faucet output: [No wallet in path  config/Test___FlakyTransferAllocation-transfer_allocation_accounting_test_wallet.json found. Creating wallet... ZCN wallet created!! Execute faucet smart contract success with txn :  32d904ee3ccb8b3631fcb152087d477b95c6b5478f2a6bf99a0569d1b87bb970]\n","    zboxcli_update_allocation_test.go:1005: Executing faucet...\n","    zboxcli_create_allocation_test.go:441: Creating new allocation...\n","    zboxcli_file_upload_test.go:917: Uploading file...\n","    zwalletcli_register_wallet_test.go:123: creating wallet...\n","    zboxcli_update_allocation_test.go:1005: Executing faucet...\n","    zwalletcli_register_wallet_test.go:140: faucet output: [No wallet in path  config/Test___FlakyTransferAllocation-transfer_allocation_accounting_test_NEW_OWNER_wallet.json found. Creating wallet... ZCN wallet created!! Execute faucet smart contract success with txn :  f63bc6babdff542d66166b4c6330f6c745e701ba896bf45102e9ac11ea2959af]\n","    zboxcli_update_allocation_test.go:1005: Executing faucet...\n","    zwalletcli_register_wallet_test.go:210: Getting wallet...\n","    zboxcli_common_user_functions_test.go:228: Get Allocation...\n","    zboxcli_transfer_allocation_test.go:428: Transferring allocation ownership...\n","    zboxcli_transfer_allocation_test.go:445: Polling for 5 minutes until allocation ownership changed...\n","    utils.go:138: Waiting 5s...\n","    zboxcli_create_dir_test.go:331: Listing all...\n","    utils.go:138: Waiting 5s...\n","    assertions.go:264: \n","        \tError Trace:\t/root/actions-runner6/_work/system_test/system_test/tests/cli_tests/flaky___flaky_test.go:145\n","        \t            \t\t\t\t/root/actions-runner6/_work/system_test/system_test/tests/cli_tests/system_test_framework.go:149\n","        \t            \t\t\t\t/root/actions-runner6/_work/system_test/system_test/tests/cli_tests/asm_amd64.s:1598\n","        \tError:      \tNot equal: \n","        \t            \texpected: 4.4\n","        \t            \tactual  : 0\n","        \tTest:       \tTest___FlakyTransferAllocation/transfer_allocation_accounting_test\n","    flaky___flaky_test.go:94: Test case [transfer allocation accounting test] exit at [05-12-2023 07:04:07]\n",""],"Passed":false,"Skipped":false,"TestFileName":"","TestFunctionDetail":{"Line":0,"Col":0}}]},{"FailureIndicator":"","SkippedIndicator":"","TestResults":[{"TestName":"Test___FlakyTransferAllocation/transfer_allocation_and_upload_file","Package":"github.com/0chain/system_test/tests/cli_tests","ElapsedTime":33.17,"Output":["","    flaky___flaky_test.go:176: Test case [transfer allocation and upload file] scheduled at [05-12-2023 07:03:32] \n","","","    system_test_framework.go:148: Test case [transfer allocation and upload file] start at [05-12-2023 07:03:32] \n","    zwalletcli_register_wallet_test.go:123: creating wallet...\n","    zboxcli_update_allocation_test.go:1005: Executing faucet...\n","    zwalletcli_register_wallet_test.go:140: faucet output: [No wallet in path  config/Test___FlakyTransferAllocation-transfer_allocation_and_upload_file_wallet.json found. Creating wallet... ZCN wallet created!! Execute faucet smart contract success with txn :  35b15318f38387d4a744599559a29335ccec53f329b6db1ac08dc9c29698a0ae]\n","    zboxcli_update_allocation_test.go:1005: Executing faucet...\n","    zboxcli_create_allocation_test.go:441: Creating new allocation...\n","    zboxcli_file_upload_test.go:917: Uploading file...\n","    zwalletcli_register_wallet_test.go:123: creating wallet...\n","    zboxcli_update_allocation_test.go:1005: Executing faucet...\n","    zwalletcli_register_wallet_test.go:140: faucet output: [No wallet in path  config/Test___FlakyTransferAllocation-transfer_allocation_and_upload_file_NEW_OWNER_wallet.json found. Creating wallet... ZCN wallet created!! Execute faucet smart contract success with txn :  f844c5470c73833be95aabe40ca350e07b5c87b7326ee8493c894d5c61d8f942]\n","    zboxcli_update_allocation_test.go:1005: Executing faucet...\n","    zwalletcli_register_wallet_test.go:210: Getting wallet...\n","    zboxcli_transfer_allocation_test.go:428: Transferring allocation ownership...\n","    zboxcli_transfer_allocation_test.go:445: Polling for 5 minutes until allocation ownership changed...\n","    utils.go:138: Waiting 5s...\n","    zboxcli_create_dir_test.go:331: Listing all...\n","    zboxcli_wp_lock_unlock_test.go:348: Locking write tokens...\n","    zboxcli_file_upload_test.go:917: Uploading file...\n","    flaky___flaky_test.go:176: Test case [transfer allocation and upload file] exit at [05-12-2023 07:04:05]\n","--- PASS: Test___FlakyTransferAllocation/transfer_allocation_and_upload_file (33.17s)",""],"Passed":true,"Skipped":false,"TestFileName":"","TestFunctionDetail":{"Line":0,"Col":0}}]}]

    const report = window.GoTestReport({
                                         data: data,
                                         testResultsElem: document.getElementById('testResults'),
                                         testGroupListElem: document.getElementById('testGroupList')
                                       });


</script>
</body>
</html>
