<!DOCTYPE html>
<html lang="en">
<head>
    <meta charset="UTF-8">
    <title>Subset of 0Chain System test suite [sprint-1.13/7010ba0c] ran against [dev-4.devnet-0chain.net] at [2024-02-24_14.00.13]</title>
    <style type="text/css">
        body {
            font-family: sans-serif;
            background-color: #f3f3f3;
            border-top: 2px #dee6e8 solid;
            margin: 0;
        }

        div.pageHeader span.projectTitle {
            font-family: serif;
            font-size: 2em;
            padding-left: 56px;
            padding-top: 80px;
            display: block;
            color: #a5a5a5;
            text-shadow: 0 -1px 1px white;
        }

        div.pageHeader div.testStats {
            position: absolute;
            top: 7px;
            right: 52px;
            font-size: 0.8em;
            color: #a2a2a2;
        }

        div.pageHeader div.testStats span.indicator {
            font-size: 2em;
            position: relative;
            top: 5px;
            text-shadow: 0 1px 0 white;
        }

        div.pageHeader div.testStats span strong {
            margin-right: 16px;
        }

        div.pageHeader div.testStats span.total {
            border-right: 1px #afafaf dotted;
            background: #8298af;
        }

        div.pageHeader div.testStats span.passed {
            border-right: 1px #afafaf dotted;
            background: #6fca83;
        }

        div.pageHeader div.testStats span.skipped {
            background: #bababa;
        }

        div.pageHeader div.testStats span.failed {
            background: #ff7676;
        }

        div.pageHeader div.testStats span {
            margin-right: 1px;
            height: 55px;
            padding: 20px 8px 18px;
            color: white;
        }

        div.pageHeader .testGroupsTitle {
            margin: 16px 32px 8px 40px;
            font-size: 0.9em;
            color: darkgrey;
            display: inline-block;
        }

        div.pageHeader .testExecutionDate {
            display: inline-block;
            position: absolute;
            right: 10px;
            margin: 14px 32px 8px 40px;
            color: #9e9e9e;
            font-size: 0.9em;
        }

        .testReportContainer {
            padding: 0 32px 32px 32px;
        }

        .cardContainer {
            padding: 16px 16px 16px;
            box-shadow: 0 4px 4px #d4d4d4;
            background-color: white;
        }

        #testResults {
            display: flex;
            flex-wrap: wrap;
        }

        .testResultGroup {
            width: 24px;
            height: 24px;
            background-color: #43c143;
            margin-left: 1px;
            margin-bottom: 1px;
            box-sizing: border-box;
        }

        .testResultGroup.selected {
            border: 1px white solid;
            background-color: black !important;
        }

        .testResultGroup.skipped {
            border: 2px gray solid;
        }

        .testResultGroup.failed {
            background-color: red;
        }

        .cardContainer.testGroupList,
        .cardContainer.testDetail {
            margin-top: 16px;
            padding: 16px;
        }

        .cardContainer.testGroupList {
            color: #9c9c9c;
            padding: 0;
        }

        .cardContainer.testGroupList .testGroupRow {
            cursor: default;
            border-bottom: 1px #dadada dotted;
        }

        .cardContainer.testGroupList .testGroupRow span.testStatus {
            font-size: 1.2em;
            font-weight: bold;
            color: #139e13;
            pointer-events: none;
            display: inline-block;
            overflow: hidden;
            float: left;
            padding-top: 10px;
            padding-left: 20px;
            padding-right: 12px;
        }

        .cardContainer.testGroupList .testGroupRow span.testStatus.skipped {
            color: gray;
        }

        .cardContainer.testGroupList .testGroupRow span.testStatus.failed {
            color: red;
        }

        .cardContainer.testGroupList .testGroupRow span.testTitle {
            font-size: 0.9em;
            padding: 12px 0 10px;
            display: inline-block;
            pointer-events: none;
            color: #525252;
            text-overflow: ellipsis;
            overflow: hidden;
            width: calc(100% - 110px);
        }

        .cardContainer.testGroupList .testGroupRow span.testDuration {
            pointer-events: none;
        }

        .cardContainer.testGroupList .testGroupRow {
            position: relative;
            border-left: 4px #43c143 solid;
        }

        .cardContainer.testGroupList .testGroupRow.skipped {
            color: gray;
            border-left: 4px gray solid;
        }

        .cardContainer.testGroupList .testGroupRow.failed {
            color: red;
            border-left: 4px red solid;
        }

        .cardContainer.testGroupList .testGroupRow:hover {
            background-color: #fffaea;
            transition: 0.250s;
        }

        .cardContainer .testOutput {
            padding: 8px 16px 24px 16px;
        }

        .cardContainer .console {
            display: block;
            font-family: monospace;
            padding: 10px;
            background-color: #424242;
            color: #1aff00;
            border-bottom: 1px #1aff00 dotted;
            overflow: auto;
            font-size: 1.1em;
        }

        .cardContainer .testOutput .testDetail {
            border-bottom: 1px #d0d0d0 solid;
            padding: 16px;
            background-color: #e6e6e6;
            border-radius: 0 0 4px 4px;
            color: dimgrey;
            font-size: 0.8em;
        }

        .cardContainer .console.skipped{
            color: #d9d9d9;
        }

        .cardContainer .console.failed {
            color: #ffb2b2;
        }

        .cardContainer .testDuration {
            position: absolute;
            top: 5px;
            right: 8px;
            text-align: right;
            padding-right: 8px;
            box-sizing: border-box;
        }
    </style>
</head>
<body>
<div class="pageHeader">
    <span class="projectTitle">Subset of 0Chain System test suite [sprint-1.13/7010ba0c] ran against [dev-4.devnet-0chain.net] at [2024-02-24_14.00.13]</span>
    <div class="testStats">
        <span class="total"><span class="indicator">&boxbox;</span> Total: <strong>42</strong>Duration: <strong>7ms</strong>
        </span><span class="passed"><span class="indicator">&check;</span> Passed: <strong>37</strong>
        </span><span class="skipped"><span class="indicator">&dash;</span> Skipped: <strong>0</strong>
        </span><span class="failed"><span class="indicator">&cross;</span> Failed: <strong>5</strong>
        </span>
    </div>
    <span class="testGroupsTitle">Test Groups:</span>
    <span class="testExecutionDate">February 24, 2024 14:05:36</span>
</div>
<div class="testReportContainer">
    <div class="cardContainer">
        <div id="testResults">
            
                <div class="testResultGroup failed " id="0"></div>
            
                <div class="testResultGroup  " id="1"></div>
            
                <div class="testResultGroup failed " id="2"></div>
            
                <div class="testResultGroup  " id="3"></div>
            
                <div class="testResultGroup  " id="4"></div>
            
                <div class="testResultGroup  " id="5"></div>
            
                <div class="testResultGroup  " id="6"></div>
            
                <div class="testResultGroup failed " id="7"></div>
            
                <div class="testResultGroup  " id="8"></div>
            
                <div class="testResultGroup failed " id="9"></div>
            
                <div class="testResultGroup  " id="10"></div>
            
                <div class="testResultGroup  " id="11"></div>
            
                <div class="testResultGroup  " id="12"></div>
            
                <div class="testResultGroup  " id="13"></div>
            
                <div class="testResultGroup  " id="14"></div>
            
                <div class="testResultGroup  " id="15"></div>
            
                <div class="testResultGroup  " id="16"></div>
            
                <div class="testResultGroup  " id="17"></div>
            
                <div class="testResultGroup  " id="18"></div>
            
                <div class="testResultGroup  " id="19"></div>
            
                <div class="testResultGroup  " id="20"></div>
            
                <div class="testResultGroup failed " id="21"></div>
            
                <div class="testResultGroup  " id="22"></div>
            
                <div class="testResultGroup  " id="23"></div>
            
                <div class="testResultGroup  " id="24"></div>
            
                <div class="testResultGroup  " id="25"></div>
            
                <div class="testResultGroup  " id="26"></div>
            
                <div class="testResultGroup  " id="27"></div>
            
                <div class="testResultGroup  " id="28"></div>
            
                <div class="testResultGroup  " id="29"></div>
            
                <div class="testResultGroup  " id="30"></div>
            
                <div class="testResultGroup  " id="31"></div>
            
                <div class="testResultGroup  " id="32"></div>
            
                <div class="testResultGroup  " id="33"></div>
            
                <div class="testResultGroup  " id="34"></div>
            
                <div class="testResultGroup  " id="35"></div>
            
                <div class="testResultGroup  " id="36"></div>
            
                <div class="testResultGroup  " id="37"></div>
            
                <div class="testResultGroup  " id="38"></div>
            
                <div class="testResultGroup  " id="39"></div>
            
                <div class="testResultGroup  " id="40"></div>
            
                <div class="testResultGroup  " id="41"></div>
            
        </div>
    </div>
    <div class="cardContainer testGroupList" id="testGroupList"></div>
</div>
<script type="application/javascript">
    /**
 * @typedef TestStatus
 * @property {string} TestName
 * @property {string} Package
 * @property {number} ElapsedTime
 * @property {Array.<string>} Output
 * @property {boolean} Passed
 * @property {boolean} Skipped
 */
class TestStatus {}

/**
 * @typedef TestGroupData
 * @type {object}
 * @property {string} FailureIndicator
 * @property {string} SkippedIndicator
 * @property {Array.<TestStatus>}
 */
class TestGroupData {}

/**
 * @typedef TestResults
 * @type {Array.<TestGroupData>}
 */
class TestResults extends Array {}

/**
 * @typedef SelectedItems
 * @property {HTMLElement|EventTarget} testResults
 * @property {String} selectedTestGroupColor
 */
class SelectedItems {}

/**
 * @typedef GoTestReportElements
 * @property {TestResults} data
 * @property {HTMLElement} testResultsElem
 * @property {HTMLElement} testGroupListElem
 */
class GoTestReportElements {}


/**
 * Main entry point for GoTestReport.
 * @param {GoTestReportElements} elements
 * @returns {{testResultsClickHandler: testResultsClickHandler}}
 * @constructor
 */
window.GoTestReport = function (elements) {
  const /**@type {SelectedItems}*/ selectedItems = {
    testResults: null,
    selectedTestGroupColor: null
  }

  function addEventData(event) {
    if (event.data == null) {
      event.data = {target: event.target}
    }
    return event
  }


  const goTestReport = {
    /**
     * Invoked when a user clicks on one of the test group div elements.
     * @param {HTMLElement} target The element associated with the test group.
     * @param {boolean} shiftKey If pressed, all of test detail associated to the test group is shown.
     * @param {TestResults} data
     * @param {SelectedItems} selectedItems
     * @param {function(target: Element, data: TestResults)} testGroupListHandler
     */
    testResultsClickHandler: function (target,
                                       shiftKey,
                                       data,
                                       selectedItems,
                                       testGroupListHandler) {

      if (target.classList.contains('testResultGroup') === false) {
        return
      }
      if (selectedItems.testResults != null) {
        let testResultsElement = /**@type {HTMLElement}*/ selectedItems.testResults
        testResultsElement.classList.remove("selected")
        testResultsElement.style.backgroundColor = selectedItems.selectedTestGroupColor
      }
      const testGroupId = /**@type {number}*/ target.id
      if ((target.id === undefined)
        || (data[testGroupId] === undefined)
        || (data[testGroupId]['TestResults'] === undefined)) {
        return
      }
      const testResults = /**@type {TestResults}*/ data[testGroupId]['TestResults']
      let testGroupList = /**@type {string}*/ ''
      selectedItems.selectedTestGroupColor = getComputedStyle(target).getPropertyValue('background-color')
      selectedItems.testResults = target
      target.classList.add("selected")
      for (let i = 0; i < testResults.length; i++) {
        const testResult = /**@type {TestGroupData}*/ testResults[i]
        const testPassed = /**@type {boolean}*/ testResult.Passed
        const testSkipped = /**@type {boolean}*/ testResult.Skipped
        const testPassedStatus = /**@type {string}*/ (testPassed) ? '' : (testSkipped ? 'skipped' : 'failed')
        const testId = /**@type {string}*/ target.attributes['id'].value
        testGroupList += `<div class="testGroupRow ${testPassedStatus}" data-groupid="${testId}" data-index="${i}">
        <span class="testStatus ${testPassedStatus}">${(testPassed) ? '&check' : (testSkipped ? '&dash' : '&cross')};</span>
        <span class="testTitle">${testResult.TestName}</span>
        <span class="testDuration"><span>${testResult.ElapsedTime}s </span>‚è±</span>
      </div>`
      }
      const testGroupListElem = elements.testGroupListElem
      testGroupListElem.innerHTML = ''
      testGroupListElem.innerHTML = testGroupList

      if (shiftKey) {
        testGroupListElem.querySelectorAll('.testGroupRow')
                         .forEach((elem) => testGroupListHandler(elem, data))
      } else if (testResults.length === 1) {
        testGroupListHandler(testGroupListElem.querySelector('.testGroupRow'), data)
      }
    },

    /**
     *
     * @param {Element} target
     * @param {TestResults} data
     */
    testGroupListHandler: function (target, data) {
      const attribs = target['attributes']
      if (attribs.hasOwnProperty('data-groupid')) {
        const groupId = /**@type {number}*/ attribs['data-groupid'].value
        const testIndex = /**@type {number}*/ attribs['data-index'].value
        const testStatus = /**@type {TestStatus}*/ data[groupId]['TestResults'][testIndex]
        const testOutputDiv = /**@type {HTMLDivElement}*/ target.querySelector('div.testOutput')

        if (testOutputDiv == null) {
          const testOutputDiv = document.createElement('div')
          testOutputDiv.classList.add('testOutput')
          const consolePre = document.createElement('pre')
          consolePre.classList.add('console')
          const testDetailDiv = document.createElement('div')
          testDetailDiv.classList.add('testDetail')
          const packageNameDiv = document.createElement('div')
          packageNameDiv.classList.add('package')
          packageNameDiv.innerHTML = `<strong>Package:</strong> ${testStatus.Package}`
          const testFileNameDiv = document.createElement('div')
          testFileNameDiv.classList.add('filename')
          if (testStatus.TestFileName.trim() === "") {
            testFileNameDiv.innerHTML = `<strong>Filename:</strong> n/a &nbsp;&nbsp;`
          } else {
            testFileNameDiv.innerHTML = `<strong>Filename:</strong> ${testStatus.TestFileName} &nbsp;&nbsp;`
            testFileNameDiv.innerHTML += `<strong>Line:</strong> ${testStatus.TestFunctionDetail.Line} `
            testFileNameDiv.innerHTML += `<strong>Col:</strong> ${testStatus.TestFunctionDetail.Col}`
          }
          testDetailDiv.insertAdjacentElement('beforeend', packageNameDiv)
          testDetailDiv.insertAdjacentElement('beforeend', testFileNameDiv)
          testOutputDiv.insertAdjacentElement('afterbegin', consolePre)
          testOutputDiv.insertAdjacentElement('beforeend', testDetailDiv)
          target.insertAdjacentElement('beforeend', testOutputDiv)

          if (testStatus.Passed) {
            consolePre.classList.remove('skipped')
            consolePre.classList.remove('failed')
          } else if (testStatus.Skipped) {
            consolePre.classList.add('skipped')
            consolePre.classList.remove('failed')
          } else {
            consolePre.classList.remove('skipped')
            consolePre.classList.add('failed')
          }
          consolePre.textContent = testStatus.Output.join('')
        } else {
          testOutputDiv.remove()
        }
      }
    }
  }

  //+------------------------+
  //|    setup DOM events    |
  //+------------------------+
  elements.testResultsElem
          .addEventListener('click', event =>
            goTestReport.testResultsClickHandler(/**@type {HTMLElement}*/ addEventData(event).data.target,
                                                 event.shiftKey,
                                                 elements.data,
                                                 selectedItems,
                                                 goTestReport.testGroupListHandler))

  elements.testGroupListElem
          .addEventListener('click', event =>
            goTestReport.testGroupListHandler(/**@type {Element}*/ event.target,
                                              elements.data))

  return goTestReport
}


    

    const data = [{"FailureIndicator":"failed","SkippedIndicator":"","TestResults":[{"TestName":"TestDownload","Package":"github.com/0chain/system_test/tests/cli_tests","ElapsedTime":0,"Output":["","","","","","","","","","","","","","","","","","","","","","","","","","","","","","","","","","","",""],"Passed":false,"Skipped":false,"TestFileName":"zboxcli_file_download_test.go","TestFunctionDetail":{"Line":25,"Col":1}}]},{"FailureIndicator":"","SkippedIndicator":"","TestResults":[{"TestName":"TestDownload/Download_Encrypted_File_Should_Work","Package":"github.com/0chain/system_test/tests/cli_tests","ElapsedTime":25.49,"Output":["","    zboxcli_file_download_test.go:327: Test case [Download Encrypted File Should Work] scheduled at [02-24-2024 14:00:17] \n","","","    system_test_framework.go:149: Test case [Download Encrypted File Should Work] start at [02-24-2024 14:00:17] \n","    zboxcli_create_allocation_test.go:444: Creating new allocation...\n","    zboxcli_download_token_test.go:134: Locking read tokens...\n","    zboxcli_file_download_test.go:1353: Generating checksum for file [/tmp/cAIAgoxUuB_test.txt]...\n","    zboxcli_file_upload_test.go:985: Uploading file...\n","    utils.go:166: Waiting 15s...\n","    zboxcli_file_download_test.go:1337: Downloading file...\n","    zboxcli_file_download_test.go:1353: Generating checksum for file [/tmp/cAIAgoxUuB_test.txt]...\n","    zboxcli_file_download_test.go:327: Test case [Download Encrypted File Should Work] exit at [02-24-2024 14:00:42]\n","--- PASS: TestDownload/Download_Encrypted_File_Should_Work (25.49s)",""],"Passed":true,"Skipped":false,"TestFileName":"","TestFunctionDetail":{"Line":0,"Col":0}}]},{"FailureIndicator":"failed","SkippedIndicator":"","TestResults":[{"TestName":"TestDownload/Download_Encrypted_File_Thumbnail_Should_Work","Package":"github.com/0chain/system_test/tests/cli_tests","ElapsedTime":29.9,"Output":["","    zboxcli_file_download_test.go:696: Test case [Download Encrypted File Thumbnail Should Work] scheduled at [02-24-2024 14:00:17] \n","","","    system_test_framework.go:149: Test case [Download Encrypted File Thumbnail Should Work] start at [02-24-2024 14:01:13] \n","2024/02/24 14:01:13 Creating wallet for TestDownload-Download_Encrypted_File_Thumbnail_Should_Work with walletIdx 541\n","File ./config/TestDownload-Download_Encrypted_File_Thumbnail_Should_Work_wallet.json written successfully.\n","    zboxcli_create_allocation_test.go:444: Creating new allocation...\n","    zboxcli_download_token_test.go:134: Locking read tokens...\n","    zboxcli_file_upload_test.go:985: Uploading file...\n","    utils.go:166: Waiting 15s...\n","    zboxcli_file_download_test.go:1337: Downloading file...\n","    utils.go:82: \u001b[33mCommand failed on attempt [1/3] due to error [exit status 1]. Output: [0 / 3374    0.00% 0 / 3374    0.00% 0s -\u003cNEWLINE\u003e- Error in file operation: Download failed for block 0. -\u003cNEWLINE\u003e- download_failed: 3 failed blobbers exceeded 0 remaining blobbers. Download errors: Error Unsuccessful download. Error: response_error: download_file: couldn't get thumbnail block: read_error: open /blobber/files/b6/8/e003cabec4ca54c4500af37349a87bc7df2ccbb2c363b45cd14bd8547e7b7/80/15/2/945fa48129727eff71befa5c9a4f50f427cef9f624802271d08d4013321: no such file or directory from https://dev-4.devnet-0chain.net/blobber05 Error Unsuccessful download. Error: response_error: download_file: couldn't get thumbnail block: read_error: open /blobber/files/b6/8/e003cabec4ca54c4500af37349a87bc7df2ccbb2c363b45cd14bd8547e7b7/31/4c/8/ff5a249e4ae818fcc1715f6732cb28d8d7dd1e55f8459cf8dcaebdfd99f: no such file or directory from https://dev-4.devnet-0chain.net/blobber04 Error Unsuccessful download. Error: response_error: dow","nload_file: couldn't get thumbnail block: read_error: open /blobber/files/b6/8/e003cabec4ca54c4500af37349a87bc7df2ccbb2c363b45cd14bd8547e7b7/dc/e7/8/d54c4bd9c9bfdfb070c15c74684e5a66a718477dd5399b09d2550502cda: no such file or directory from https://dev-4.devnet-0chain.net/blobber06]\n","    utils.go:82: \u001b[33mCommand failed on attempt [2/3] due to error [exit status 1]. Output: [0 / 3374    0.00% 0 / 3374    0.00% 0s -\u003cNEWLINE\u003e- Error in file operation: Download failed for block 0. -\u003cNEWLINE\u003e- download_failed: 3 failed blobbers exceeded 0 remaining blobbers. Download errors: Error Unsuccessful download. Error: response_error: download_file: couldn't get thumbnail block: read_error: open /blobber/files/b6/8/e003cabec4ca54c4500af37349a87bc7df2ccbb2c363b45cd14bd8547e7b7/80/15/2/945fa48129727eff71befa5c9a4f50f427cef9f624802271d08d4013321: no such file or directory from https://dev-4.devnet-0chain.net/blobber05 Error Unsuccessful download. Error: response_error: download_file: couldn't get thumbnail block: read_error: open /blobber/files/b6/8/e003cabec4ca54c4500af37349a87bc7df2ccbb2c363b45cd14bd8547e7b7/31/4c/8/ff5a249e4ae818fcc1715f6732cb28d8d7dd1e55f8459cf8dcaebdfd99f: no such file or directory from https://dev-4.devnet-0chain.net/blobber04 Error Unsuccessful download. Error: response_error: dow","nload_file: couldn't get thumbnail block: read_error: open /blobber/files/b6/8/e003cabec4ca54c4500af37349a87bc7df2ccbb2c363b45cd14bd8547e7b7/dc/e7/8/d54c4bd9c9bfdfb070c15c74684e5a66a718477dd5399b09d2550502cda: no such file or directory from https://dev-4.devnet-0chain.net/blobber06]\n","    utils.go:98: \u001b[31mCommand failed on final attempt [3/3] due to error [exit status 1]. Command String: [] Output: [0 / 3374    0.00% 0 / 3374    0.00% 0s -\u003cNEWLINE\u003e- Error in file operation: Download failed for block 0. -\u003cNEWLINE\u003e- download_failed: 3 failed blobbers exceeded 0 remaining blobbers. Download errors: Error Unsuccessful download. Error: response_error: download_file: couldn't get thumbnail block: read_error: open /blobber/files/b6/8/e003cabec4ca54c4500af37349a87bc7df2ccbb2c363b45cd14bd8547e7b7/80/15/2/945fa48129727eff71befa5c9a4f50f427cef9f624802271d08d4013321: no such file or directory from https://dev-4.devnet-0chain.net/blobber05 Error Unsuccessful download. Error: response_error: download_file: couldn't get thumbnail block: read_error: open /blobber/files/b6/8/e003cabec4ca54c4500af37349a87bc7df2ccbb2c363b45cd14bd8547e7b7/dc/e7/8/d54c4bd9c9bfdfb070c15c74684e5a66a718477dd5399b09d2550502cda: no such file or directory from https://dev-4.devnet-0chain.net/blobber06 Error Unsuccessful download. E","rror: response_error: download_file: couldn't get thumbnail block: read_error: open /blobber/files/b6/8/e003cabec4ca54c4500af37349a87bc7df2ccbb2c363b45cd14bd8547e7b7/31/4c/8/ff5a249e4ae818fcc1715f6732cb28d8d7dd1e55f8459cf8dcaebdfd99f: no such file or directory from https://dev-4.devnet-0chain.net/blobber04]\n","    utils.go:101: \u001b[31mThe verbose output for the command is:\n","    utils.go:105: \u001b[31m0chain-core-sdk [INFO]   2024/02/24 14:01:43.426479 wallet_base.go:331: ******* Wallet SDK Version:v1.11.5-4-ga759a908 ******* (SetLogFile)\n","    utils.go:105: \u001b[31m0box-sdk        [INFO]   2024/02/24 14:01:43.426558 sdk.go:88: ******* Storage SDK Version: v1.11.5-4-ga759a908 *******\n","    utils.go:105: \u001b[31m0chain-core-sdk [INFO]   2024/02/24 14:01:43.441288 transaction_base.go:143: ******* Wallet SDK Version:v1.11.5-4-ga759a908 ******* (InitZCNSDK)\n","    utils.go:105: \u001b[31m0box-sdk        [DEBUG]  2024/02/24 14:01:43.447862 networkworker.go:119: Get network result:{\"miners\":[\"https://dev-4.devnet-0chain.net/miner01\",\"https://dev-4.devnet-0chain.net/miner03\",\"https://dev-4.devnet-0chain.net/miner02\"],\"sharders\":[\"https://dev-4.devnet-0chain.net/sharder02\",\"https://dev-4.devnet-0chain.net/sharder01\"]}\n","    utils.go:105: \u001b[31m0box-sdk        [DEBUG]  2024/02/24 14:01:43.459059 filemetaworker.go:80: File meta response status: 200 OK\n","    utils.go:105: \u001b[31m0box-sdk        [DEBUG]  2024/02/24 14:01:43.461473 filemetaworker.go:80: File meta response status: 200 OK\n","    utils.go:105: \u001b[31m0box-sdk        [DEBUG]  2024/02/24 14:01:43.462138 filemetaworker.go:80: File meta response status: 200 OK\n","    utils.go:105: \u001b[31m0box-sdk        [DEBUG]  2024/02/24 14:01:43.468534 filemetaworker.go:80: File meta response status: 200 OK\n","    utils.go:105: \u001b[31m0box-sdk        [DEBUG]  2024/02/24 14:01:43.471672 downloadworker.go:807: Attempting to submit RM: ReadCounter: 1, SessionRC: 1, BlobberID: 45d0de870ee7cd36f83fd633c9989b9e640f0b386c639aa6c178923f3e968fc1\n","    utils.go:105: \u001b[31m0box-sdk        [DEBUG]  2024/02/24 14:01:43.471699 downloadworker.go:807: Attempting to submit RM: ReadCounter: 1, SessionRC: 1, BlobberID: ff6424d80c49e57b7c2f0621b726f55efc6ca9ce327bdff89ef364adb8278b22\n","    utils.go:105: \u001b[31m0box-sdk        [DEBUG]  2024/02/24 14:01:43.471794 downloadworker.go:807: Attempting to submit RM: ReadCounter: 1, SessionRC: 1, BlobberID: 3812b813bdbba23d548442add2e49d24edd1a178ba0e8daf878599270a2be0ae\n","    utils.go:105: \u001b[31m0box-sdk        \u001b[31m[ERROR]  2024/02/24 14:01:43.476232 downloadworker.go:774: Error while attempting to submit readmarker stale_read_marker: readmarker counter is not in sync with latest counter. Last blobber read counter: 3, but readmarker's counter was: 0, retry: 3\u001b[0m\n","    utils.go:105: \u001b[31m0box-sdk        [DEBUG]  2024/02/24 14:01:43.476358 downloadworker.go:807: Attempting to submit RM: ReadCounter: 4, SessionRC: 1, BlobberID: 3812b813bdbba23d548442add2e49d24edd1a178ba0e8daf878599270a2be0ae\n","    utils.go:105: \u001b[31m0box-sdk        \u001b[31m[ERROR]  2024/02/24 14:01:43.476398 downloadworker.go:774: Error while attempting to submit readmarker stale_read_marker: readmarker counter is not in sync with latest counter. Last blobber read counter: 3, but readmarker's counter was: 0, retry: 3\u001b[0m\n","    utils.go:105: \u001b[31m0box-sdk        [DEBUG]  2024/02/24 14:01:43.476498 downloadworker.go:807: Attempting to submit RM: ReadCounter: 4, SessionRC: 1, BlobberID: ff6424d80c49e57b7c2f0621b726f55efc6ca9ce327bdff89ef364adb8278b22\n","    utils.go:105: \u001b[31m0box-sdk        \u001b[31m[ERROR]  2024/02/24 14:01:43.476747 downloadworker.go:774: Error while attempting to submit readmarker stale_read_marker: readmarker counter is not in sync with latest counter. Last blobber read counter: 3, but readmarker's counter was: 0, retry: 3\u001b[0m\n","    utils.go:105: \u001b[31m0box-sdk        [DEBUG]  2024/02/24 14:01:43.476851 downloadworker.go:807: Attempting to submit RM: ReadCounter: 4, SessionRC: 1, BlobberID: 45d0de870ee7cd36f83fd633c9989b9e640f0b386c639aa6c178923f3e968fc1\n","    utils.go:105: \u001b[31m0box-sdk        [DEBUG]  2024/02/24 14:01:43.480870 downloadworker.go:853: Submit readmarker 200 OK\n","    utils.go:105: \u001b[31m0box-sdk        [DEBUG]  2024/02/24 14:01:43.480906 downloadworker.go:853: Submit readmarker 200 OK\n","    utils.go:105: \u001b[31m0box-sdk        [DEBUG]  2024/02/24 14:01:43.481067 downloadworker.go:853: Submit readmarker 200 OK\n","    utils.go:105: \u001b[31m0box-sdk        [INFO]   2024/02/24 14:01:43.481118 allocation.go:1224: [processReadMarker]{allocation_id 15 0 b68e003cabec4ca54c4500af37349a87bc7df2ccbb2c363b45cd14bd8547e7b7 \u003cnil\u003e} {num of download requests 11 1  \u003cnil\u003e} {processDownloadRequest 8 17359507  \u003cnil\u003e} {submitReadmarker 8 9538518  \u003cnil\u003e}\n","    utils.go:105: \u001b[31m0box-sdk        [INFO]   2024/02/24 14:01:43.481133 allocation.go:336: received a download request for /r1QqUMLEmw_test.txt\n","    utils.go:105: \u001b[31m0 / 3374    0.00%0box-sdk        [INFO]   2024/02/24 14:01:43.481804 downloadworker.go:549: Downloading file with size: 3374 from start block: 0 and end block: 1. Blocks per blobber: 1 remainingSize: 3374 and total requests: 1\n","    utils.go:105: \u001b[31m0box-sdk        [DEBUG]  2024/02/24 14:01:43.488808 blockdownloadworker.go:181: downloadBlobberBlock FAIL - blobberID: 3812b813bdbba23d548442add2e49d24edd1a178ba0e8daf878599270a2be0ae, clientID: 95301689707d4bb0e912f31fa39f38acc008d6544dd12f038fb7c7e7495e666a, blockNum: 0, retry: 0, response: download_file: couldn't get thumbnail block: read_error: open /blobber/files/b6/8/e003cabec4ca54c4500af37349a87bc7df2ccbb2c363b45cd14bd8547e7b7/31/4c/8/ff5a249e4ae818fcc1715f6732cb28d8d7dd1e55f8459cf8dcaebdfd99f: no such file or directory\n","    utils.go:105: \u001b[31m0box-sdk        \u001b[31m[ERROR]  2024/02/24 14:01:43.488861 downloadworker.go:311: Unsuccessful download. Error: response_error: download_file: couldn't get thumbnail block: read_error: open /blobber/files/b6/8/e003cabec4ca54c4500af37349a87bc7df2ccbb2c363b45cd14bd8547e7b7/31/4c/8/ff5a249e4ae818fcc1715f6732cb28d8d7dd1e55f8459cf8dcaebdfd99f: no such file or directory\u001b[0m\n","    utils.go:105: \u001b[31m0box-sdk        [DEBUG]  2024/02/24 14:01:43.490821 blockdownloadworker.go:181: downloadBlobberBlock FAIL - blobberID: 45d0de870ee7cd36f83fd633c9989b9e640f0b386c639aa6c178923f3e968fc1, clientID: 95301689707d4bb0e912f31fa39f38acc008d6544dd12f038fb7c7e7495e666a, blockNum: 0, retry: 0, response: download_file: couldn't get thumbnail block: read_error: open /blobber/files/b6/8/e003cabec4ca54c4500af37349a87bc7df2ccbb2c363b45cd14bd8547e7b7/80/15/2/945fa48129727eff71befa5c9a4f50f427cef9f624802271d08d4013321: no such file or directory\n","    utils.go:105: \u001b[31m0box-sdk        \u001b[31m[ERROR]  2024/02/24 14:01:43.490845 downloadworker.go:311: Unsuccessful download. Error: response_error: download_file: couldn't get thumbnail block: read_error: open /blobber/files/b6/8/e003cabec4ca54c4500af37349a87bc7df2ccbb2c363b45cd14bd8547e7b7/80/15/2/945fa48129727eff71befa5c9a4f50f427cef9f624802271d08d4013321: no such file or directory\u001b[0m\n","    utils.go:105: \u001b[31m0box-sdk        [DEBUG]  2024/02/24 14:01:43.493150 blockdownloadworker.go:181: downloadBlobberBlock FAIL - blobberID: ff6424d80c49e57b7c2f0621b726f55efc6ca9ce327bdff89ef364adb8278b22, clientID: 95301689707d4bb0e912f31fa39f38acc008d6544dd12f038fb7c7e7495e666a, blockNum: 0, retry: 0, response: download_file: couldn't get thumbnail block: read_error: open /blobber/files/b6/8/e003cabec4ca54c4500af37349a87bc7df2ccbb2c363b45cd14bd8547e7b7/dc/e7/8/d54c4bd9c9bfdfb070c15c74684e5a66a718477dd5399b09d2550502cda: no such file or directory\n","    utils.go:105: \u001b[31m0box-sdk        \u001b[31m[ERROR]  2024/02/24 14:01:43.493180 downloadworker.go:311: Unsuccessful download. Error: response_error: download_file: couldn't get thumbnail block: read_error: open /blobber/files/b6/8/e003cabec4ca54c4500af37349a87bc7df2ccbb2c363b45cd14bd8547e7b7/dc/e7/8/d54c4bd9c9bfdfb070c15c74684e5a66a718477dd5399b09d2550502cda: no such file or directory\u001b[0m\n","    utils.go:105: \u001b[31m0 / 3374    0.00% 0s\n","    utils.go:105: \u001b[31mError in file operation: Download failed for block 0.\n","    utils.go:105: \u001b[31mdownload_failed: 3 failed blobbers exceeded 0 remaining blobbers. Download errors: Error Unsuccessful download. Error: response_error: download_file: couldn't get thumbnail block: read_error: open /blobber/files/b6/8/e003cabec4ca54c4500af37349a87bc7df2ccbb2c363b45cd14bd8547e7b7/31/4c/8/ff5a249e4ae818fcc1715f6732cb28d8d7dd1e55f8459cf8dcaebdfd99f: no such file or directory from https://dev-4.devnet-0chain.net/blobber04 Error Unsuccessful download. Error: response_error: download_file: couldn't get thumbnail block: read_error: open /blobber/files/b6/8/e003cabec4ca54c4500af37349a87bc7df2ccbb2c363b45cd14bd8547e7b7/80/15/2/945fa48129727eff71befa5c9a4f50f427cef9f624802271d08d4013321: no such file or directory from https://dev-4.devnet-0chain.net/blobber05 Error Unsuccessful download. Error: response_error: download_file: couldn't get thumbnail block: read_error: open /blobber/files/b6/8/e003cabec4ca54c4500af37349a87bc7df2ccbb2c363b45cd14bd8547e7b7/dc/e7/8/d54c4bd9c9bfdfb070c15c74684e5a66a71847","7dd5399b09d2550502cda: no such file or directory from https://dev-4.devnet-0chain.net/blobber06\n","    assertions.go:333: \n","        \tError Trace:\t/root/actions-runner4/_work/system_test/system_test/tests/cli_tests/zboxcli_file_download_test.go:732\n","        \t            \t\t\t\t/root/actions-runner4/_work/system_test/system_test/internal/api/util/test/system_test_framework.go:150\n","        \t            \t\t\t\t/root/actions-runner4/_work/_tool/go/1.20.12/x64/src/runtime/asm_amd64.s:1598\n","        \tError:      \tExpected nil, but got: \u0026exec.ExitError{ProcessState:(*os.ProcessState)(0xc00066e570), Stderr:[]uint8(nil)}\n","        \tTest:       \tTestDownload/Download_Encrypted_File_Thumbnail_Should_Work\n","        \tMessages:   \t0 / 3374    0.00% 0 / 3374    0.00% 0s\n","        \t            \tError in file operation: Download failed for block 0.\n","        \t            \tdownload_failed: 3 failed blobbers exceeded 0 remaining blobbers. Download errors: Error Unsuccessful download. Error: response_error: download_file: couldn't get thumbnail block: read_error: open /blobber/files/b6/8/e003cabec4ca54c4500af37349a87bc7df2ccbb2c363b45cd14bd8547e7b7/80/15/2/945fa48129727eff71befa5c9a4f50f427cef9f624802271d08d4013321: no such file or directory from https://dev-4.devnet-0chain.net/blobber05 Error Unsuccessful download. Error: response_error: download_file: couldn't get thumbnail block: read_error: open /blobber/files/b6/8/e003cabec4ca54c4500af37349a87bc7df2ccbb2c363b45cd14bd8547e7b7/dc/e7/8/d54c4bd9c9bfdfb070c15c74684e5a66a718477dd5399b09d2550502cda: no such file or directory from https://dev-4.devnet-0chain.net/blobber06 Error Unsuccessful download. Error: response_error: download_file: couldn't get thumbnail block: read_error: open /blobber/files/b6/8/e003cabec4ca54c4500af37349a87bc7df2ccbb2c363b45cd14bd8547e7b7/31/4c/8/ff5a249e4ae818fcc1715f6732cb28d8d7dd1e5","5f8459cf8dcaebdfd99f: no such file or directory from https://dev-4.devnet-0chain.net/blobber04\n","    assertions.go:333: \n","        \tError Trace:\t/root/actions-runner4/_work/system_test/system_test/tests/cli_tests/zboxcli_file_download_test.go:713\n","        \t            \t\t\t\t/root/actions-runner4/_work/_tool/go/1.20.12/x64/src/runtime/panic.go:522\n","        \t            \t\t\t\t/root/actions-runner4/_work/_tool/go/1.20.12/x64/src/testing/testing.go:980\n","        \t            \t\t\t\t/root/actions-runner4/_work/system_test/system_test/internal/api/util/test/system_test_framework.go:204\n","        \t            \t\t\t\t/root/actions-runner4/_work/system_test/system_test/tests/cli_tests/zboxcli_file_download_test.go:732\n","        \t            \t\t\t\t/root/actions-runner4/_work/system_test/system_test/internal/api/util/test/system_test_framework.go:150\n","        \t            \t\t\t\t/root/actions-runner4/_work/_tool/go/1.20.12/x64/src/runtime/asm_amd64.s:1598\n","        \tError:      \tExpected nil, but got: \u0026fs.PathError{Op:\"remove\", Path:\"TestDownload-Download_Encrypted_File_Thumbnail_Should_Workthumbnail.png\", Err:0x2}\n","        \tTest:       \tTestDownload/Download_Encrypted_File_Thumbnail_Should_Work\n","    zboxcli_file_download_test.go:696: Test case [Download Encrypted File Thumbnail Should Work] exit at [02-24-2024 14:01:43]\n","","","    zboxcli_file_download_test.go:696: Test case [Download Encrypted File Thumbnail Should Work] scheduled at [02-24-2024 14:02:19] \n","","","    system_test_framework.go:149: Test case [Download Encrypted File Thumbnail Should Work] start at [02-24-2024 14:02:19] \n","2024/02/24 14:02:19 Creating wallet for TestDownload-Download_Encrypted_File_Thumbnail_Should_Work with walletIdx 501\n","File ./config/TestDownload-Download_Encrypted_File_Thumbnail_Should_Work_wallet.json written successfully.\n","    zboxcli_create_allocation_test.go:444: Creating new allocation...\n","    zboxcli_download_token_test.go:134: Locking read tokens...\n","    zboxcli_file_upload_test.go:985: Uploading file...\n","    utils.go:166: Waiting 15s...\n","    zboxcli_file_download_test.go:1337: Downloading file...\n","    utils.go:82: \u001b[33mCommand failed on attempt [1/3] due to error [exit status 1]. Output: [0 / 3374    0.00% 0 / 3374    0.00% 0s -\u003cNEWLINE\u003e- Error in file operation: Download failed for block 0. -\u003cNEWLINE\u003e- download_failed: 3 failed blobbers exceeded 0 remaining blobbers. Download errors: Error Unsuccessful download. Error: response_error: download_file: couldn't get thumbnail block: read_error: open /blobber/files/dc/4/ef36389128635dc51fbc1e689af007b461ef8f9d31829766a54dfd1e5cee0/03/79/5/2b7391372fd400800f49790790ad98550796164c29661be1fb619d1024e: no such file or directory from https://dev-4.devnet-0chain.net/blobber05 Error Unsuccessful download. Error: response_error: download_file: couldn't get thumbnail block: read_error: open /blobber/files/dc/4/ef36389128635dc51fbc1e689af007b461ef8f9d31829766a54dfd1e5cee0/26/3a/5/d96c0703f38a2b1894e9452c67d99aaa8a1f98404c038d62385196e1c5e: no such file or directory from https://dev-4.devnet-0chain.net/blobber04 Error Unsuccessful download. Error: response_error: dow","nload_file: couldn't get thumbnail block: read_error: open /blobber/files/dc/4/ef36389128635dc51fbc1e689af007b461ef8f9d31829766a54dfd1e5cee0/61/f8/2/482dbc8c3e1666f02a9ce7d24349757d7d99c870792a7bcdd031fbc5642: no such file or directory from https://dev-4.devnet-0chain.net/blobber06]\n","    utils.go:82: \u001b[33mCommand failed on attempt [2/3] due to error [exit status 1]. Output: [0 / 3374    0.00% 0 / 3374    0.00% 0s -\u003cNEWLINE\u003e- Error in file operation: Download failed for block 0. -\u003cNEWLINE\u003e- download_failed: 3 failed blobbers exceeded 0 remaining blobbers. Download errors: Error Unsuccessful download. Error: response_error: download_file: couldn't get thumbnail block: read_error: open /blobber/files/dc/4/ef36389128635dc51fbc1e689af007b461ef8f9d31829766a54dfd1e5cee0/61/f8/2/482dbc8c3e1666f02a9ce7d24349757d7d99c870792a7bcdd031fbc5642: no such file or directory from https://dev-4.devnet-0chain.net/blobber06 Error Unsuccessful download. Error: response_error: download_file: couldn't get thumbnail block: read_error: open /blobber/files/dc/4/ef36389128635dc51fbc1e689af007b461ef8f9d31829766a54dfd1e5cee0/03/79/5/2b7391372fd400800f49790790ad98550796164c29661be1fb619d1024e: no such file or directory from https://dev-4.devnet-0chain.net/blobber05 Error Unsuccessful download. Error: response_error: dow","nload_file: couldn't get thumbnail block: read_error: open /blobber/files/dc/4/ef36389128635dc51fbc1e689af007b461ef8f9d31829766a54dfd1e5cee0/26/3a/5/d96c0703f38a2b1894e9452c67d99aaa8a1f98404c038d62385196e1c5e: no such file or directory from https://dev-4.devnet-0chain.net/blobber04]\n","    utils.go:98: \u001b[31mCommand failed on final attempt [3/3] due to error [exit status 1]. Command String: [] Output: [0 / 3374    0.00% 0 / 3374    0.00% 0s -\u003cNEWLINE\u003e- Error in file operation: Download failed for block 0. -\u003cNEWLINE\u003e- download_failed: 3 failed blobbers exceeded 0 remaining blobbers. Download errors: Error Unsuccessful download. Error: response_error: download_file: couldn't get thumbnail block: read_error: open /blobber/files/dc/4/ef36389128635dc51fbc1e689af007b461ef8f9d31829766a54dfd1e5cee0/61/f8/2/482dbc8c3e1666f02a9ce7d24349757d7d99c870792a7bcdd031fbc5642: no such file or directory from https://dev-4.devnet-0chain.net/blobber06 Error Unsuccessful download. Error: response_error: download_file: couldn't get thumbnail block: read_error: open /blobber/files/dc/4/ef36389128635dc51fbc1e689af007b461ef8f9d31829766a54dfd1e5cee0/03/79/5/2b7391372fd400800f49790790ad98550796164c29661be1fb619d1024e: no such file or directory from https://dev-4.devnet-0chain.net/blobber05 Error Unsuccessful download. E","rror: response_error: download_file: couldn't get thumbnail block: read_error: open /blobber/files/dc/4/ef36389128635dc51fbc1e689af007b461ef8f9d31829766a54dfd1e5cee0/26/3a/5/d96c0703f38a2b1894e9452c67d99aaa8a1f98404c038d62385196e1c5e: no such file or directory from https://dev-4.devnet-0chain.net/blobber04]\n","    utils.go:101: \u001b[31mThe verbose output for the command is:\n","    utils.go:105: \u001b[31m0chain-core-sdk [INFO]   2024/02/24 14:02:48.882665 wallet_base.go:331: ******* Wallet SDK Version:v1.11.5-4-ga759a908 ******* (SetLogFile)\n","    utils.go:105: \u001b[31m0box-sdk        [INFO]   2024/02/24 14:02:48.882779 sdk.go:88: ******* Storage SDK Version: v1.11.5-4-ga759a908 *******\n","    utils.go:105: \u001b[31m0chain-core-sdk [INFO]   2024/02/24 14:02:48.909619 transaction_base.go:143: ******* Wallet SDK Version:v1.11.5-4-ga759a908 ******* (InitZCNSDK)\n","    utils.go:105: \u001b[31m0box-sdk        [DEBUG]  2024/02/24 14:02:48.919194 networkworker.go:119: Get network result:{\"miners\":[\"https://dev-4.devnet-0chain.net/miner01\",\"https://dev-4.devnet-0chain.net/miner03\",\"https://dev-4.devnet-0chain.net/miner02\"],\"sharders\":[\"https://dev-4.devnet-0chain.net/sharder02\",\"https://dev-4.devnet-0chain.net/sharder01\"]}\n","    utils.go:105: \u001b[31m0box-sdk        [DEBUG]  2024/02/24 14:02:48.937449 filemetaworker.go:80: File meta response status: 200 OK\n","    utils.go:105: \u001b[31m0box-sdk        [DEBUG]  2024/02/24 14:02:48.937453 filemetaworker.go:80: File meta response status: 200 OK\n","    utils.go:105: \u001b[31m0box-sdk        [DEBUG]  2024/02/24 14:02:48.941016 filemetaworker.go:80: File meta response status: 200 OK\n","    utils.go:105: \u001b[31m0box-sdk        [DEBUG]  2024/02/24 14:02:48.941092 filemetaworker.go:80: File meta response status: 200 OK\n","    utils.go:105: \u001b[31m0box-sdk        [DEBUG]  2024/02/24 14:02:48.946548 downloadworker.go:807: Attempting to submit RM: ReadCounter: 1, SessionRC: 1, BlobberID: 3812b813bdbba23d548442add2e49d24edd1a178ba0e8daf878599270a2be0ae\n","    utils.go:105: \u001b[31m0box-sdk        [DEBUG]  2024/02/24 14:02:48.946599 downloadworker.go:807: Attempting to submit RM: ReadCounter: 1, SessionRC: 1, BlobberID: 45d0de870ee7cd36f83fd633c9989b9e640f0b386c639aa6c178923f3e968fc1\n","    utils.go:105: \u001b[31m0box-sdk        [DEBUG]  2024/02/24 14:02:48.946671 downloadworker.go:807: Attempting to submit RM: ReadCounter: 1, SessionRC: 1, BlobberID: ff6424d80c49e57b7c2f0621b726f55efc6ca9ce327bdff89ef364adb8278b22\n","    utils.go:105: \u001b[31m0box-sdk        \u001b[31m[ERROR]  2024/02/24 14:02:48.952078 downloadworker.go:774: Error while attempting to submit readmarker stale_read_marker: readmarker counter is not in sync with latest counter. Last blobber read counter: 3, but readmarker's counter was: 0, retry: 3\u001b[0m\n","    utils.go:105: \u001b[31m0box-sdk        \u001b[31m[ERROR]  2024/02/24 14:02:48.952308 downloadworker.go:774: Error while attempting to submit readmarker stale_read_marker: readmarker counter is not in sync with latest counter. Last blobber read counter: 3, but readmarker's counter was: 0, retry: 3\u001b[0m\n","    utils.go:105: \u001b[31m0box-sdk        [DEBUG]  2024/02/24 14:02:48.952356 downloadworker.go:807: Attempting to submit RM: ReadCounter: 4, SessionRC: 1, BlobberID: 3812b813bdbba23d548442add2e49d24edd1a178ba0e8daf878599270a2be0ae\n","    utils.go:105: \u001b[31m0box-sdk        [DEBUG]  2024/02/24 14:02:48.952489 downloadworker.go:807: Attempting to submit RM: ReadCounter: 4, SessionRC: 1, BlobberID: ff6424d80c49e57b7c2f0621b726f55efc6ca9ce327bdff89ef364adb8278b22\n","    utils.go:105: \u001b[31m0box-sdk        \u001b[31m[ERROR]  2024/02/24 14:02:48.953132 downloadworker.go:774: Error while attempting to submit readmarker stale_read_marker: readmarker counter is not in sync with latest counter. Last blobber read counter: 3, but readmarker's counter was: 0, retry: 3\u001b[0m\n","    utils.go:105: \u001b[31m0box-sdk        [DEBUG]  2024/02/24 14:02:48.953391 downloadworker.go:807: Attempting to submit RM: ReadCounter: 4, SessionRC: 1, BlobberID: 45d0de870ee7cd36f83fd633c9989b9e640f0b386c639aa6c178923f3e968fc1\n","    utils.go:105: \u001b[31m0box-sdk        [DEBUG]  2024/02/24 14:02:48.957714 downloadworker.go:853: Submit readmarker 200 OK\n","    utils.go:105: \u001b[31m0box-sdk        [DEBUG]  2024/02/24 14:02:48.963717 downloadworker.go:853: Submit readmarker 200 OK\n","    utils.go:105: \u001b[31m0box-sdk        [DEBUG]  2024/02/24 14:02:48.963948 downloadworker.go:853: Submit readmarker 200 OK\n","    utils.go:105: \u001b[31m0box-sdk        [INFO]   2024/02/24 14:02:48.964039 allocation.go:1224: [processReadMarker]{allocation_id 15 0 dc4ef36389128635dc51fbc1e689af007b461ef8f9d31829766a54dfd1e5cee0 \u003cnil\u003e} {num of download requests 11 1  \u003cnil\u003e} {processDownloadRequest 8 16760846  \u003cnil\u003e} {submitReadmarker 8 17622932  \u003cnil\u003e}\n","    utils.go:105: \u001b[31m0box-sdk        [INFO]   2024/02/24 14:02:48.964068 allocation.go:336: received a download request for /sm1gH-7Ur3_test.txt\n","    utils.go:105: \u001b[31m0 / 3374    0.00%0box-sdk        [INFO]   2024/02/24 14:02:48.965124 downloadworker.go:549: Downloading file with size: 3374 from start block: 0 and end block: 1. Blocks per blobber: 1 remainingSize: 3374 and total requests: 1\n","    utils.go:105: \u001b[31m0box-sdk        [DEBUG]  2024/02/24 14:02:48.974431 blockdownloadworker.go:181: downloadBlobberBlock FAIL - blobberID: ff6424d80c49e57b7c2f0621b726f55efc6ca9ce327bdff89ef364adb8278b22, clientID: f63ae119774f4b91a43a8ad6650199184d6420a618a71d18a660bff6326ffc2e, blockNum: 0, retry: 0, response: download_file: couldn't get thumbnail block: read_error: open /blobber/files/dc/4/ef36389128635dc51fbc1e689af007b461ef8f9d31829766a54dfd1e5cee0/61/f8/2/482dbc8c3e1666f02a9ce7d24349757d7d99c870792a7bcdd031fbc5642: no such file or directory\n","    utils.go:105: \u001b[31m0box-sdk        \u001b[31m[ERROR]  2024/02/24 14:02:48.974465 downloadworker.go:311: Unsuccessful download. Error: response_error: download_file: couldn't get thumbnail block: read_error: open /blobber/files/dc/4/ef36389128635dc51fbc1e689af007b461ef8f9d31829766a54dfd1e5cee0/61/f8/2/482dbc8c3e1666f02a9ce7d24349757d7d99c870792a7bcdd031fbc5642: no such file or directory\u001b[0m\n","    utils.go:105: \u001b[31m0box-sdk        [DEBUG]  2024/02/24 14:02:48.978499 blockdownloadworker.go:181: downloadBlobberBlock FAIL - blobberID: 3812b813bdbba23d548442add2e49d24edd1a178ba0e8daf878599270a2be0ae, clientID: f63ae119774f4b91a43a8ad6650199184d6420a618a71d18a660bff6326ffc2e, blockNum: 0, retry: 0, response: download_file: couldn't get thumbnail block: read_error: open /blobber/files/dc/4/ef36389128635dc51fbc1e689af007b461ef8f9d31829766a54dfd1e5cee0/26/3a/5/d96c0703f38a2b1894e9452c67d99aaa8a1f98404c038d62385196e1c5e: no such file or directory\n","    utils.go:105: \u001b[31m0box-sdk        [DEBUG]  2024/02/24 14:02:48.978534 blockdownloadworker.go:181: downloadBlobberBlock FAIL - blobberID: 45d0de870ee7cd36f83fd633c9989b9e640f0b386c639aa6c178923f3e968fc1, clientID: f63ae119774f4b91a43a8ad6650199184d6420a618a71d18a660bff6326ffc2e, blockNum: 0, retry: 0, response: download_file: couldn't get thumbnail block: read_error: open /blobber/files/dc/4/ef36389128635dc51fbc1e689af007b461ef8f9d31829766a54dfd1e5cee0/03/79/5/2b7391372fd400800f49790790ad98550796164c29661be1fb619d1024e: no such file or directory\n","    utils.go:105: \u001b[31m0box-sdk        \u001b[31m[ERROR]  2024/02/24 14:02:48.978548 downloadworker.go:311: Unsuccessful download. Error: response_error: download_file: couldn't get thumbnail block: read_error: open /blobber/files/dc/4/ef36389128635dc51fbc1e689af007b461ef8f9d31829766a54dfd1e5cee0/26/3a/5/d96c0703f38a2b1894e9452c67d99aaa8a1f98404c038d62385196e1c5e: no such file or directory\u001b[0m\n","    utils.go:105: \u001b[31m0box-sdk        \u001b[31m[ERROR]  2024/02/24 14:02:48.978578 downloadworker.go:311: Unsuccessful download. Error: response_error: download_file: couldn't get thumbnail block: read_error: open /blobber/files/dc/4/ef36389128635dc51fbc1e689af007b461ef8f9d31829766a54dfd1e5cee0/03/79/5/2b7391372fd400800f49790790ad98550796164c29661be1fb619d1024e: no such file or directory\u001b[0m\n","    utils.go:105: \u001b[31m0 / 3374    0.00% 0s\n","    utils.go:105: \u001b[31mError in file operation: Download failed for block 0.\n","    utils.go:105: \u001b[31mdownload_failed: 3 failed blobbers exceeded 0 remaining blobbers. Download errors: Error Unsuccessful download. Error: response_error: download_file: couldn't get thumbnail block: read_error: open /blobber/files/dc/4/ef36389128635dc51fbc1e689af007b461ef8f9d31829766a54dfd1e5cee0/61/f8/2/482dbc8c3e1666f02a9ce7d24349757d7d99c870792a7bcdd031fbc5642: no such file or directory from https://dev-4.devnet-0chain.net/blobber06 Error Unsuccessful download. Error: response_error: download_file: couldn't get thumbnail block: read_error: open /blobber/files/dc/4/ef36389128635dc51fbc1e689af007b461ef8f9d31829766a54dfd1e5cee0/26/3a/5/d96c0703f38a2b1894e9452c67d99aaa8a1f98404c038d62385196e1c5e: no such file or directory from https://dev-4.devnet-0chain.net/blobber04 Error Unsuccessful download. Error: response_error: download_file: couldn't get thumbnail block: read_error: open /blobber/files/dc/4/ef36389128635dc51fbc1e689af007b461ef8f9d31829766a54dfd1e5cee0/03/79/5/2b7391372fd400800f49790790ad9855079616","4c29661be1fb619d1024e: no such file or directory from https://dev-4.devnet-0chain.net/blobber05\n","    assertions.go:333: \n","        \tError Trace:\t/root/actions-runner4/_work/system_test/system_test/tests/cli_tests/zboxcli_file_download_test.go:732\n","        \t            \t\t\t\t/root/actions-runner4/_work/system_test/system_test/internal/api/util/test/system_test_framework.go:150\n","        \t            \t\t\t\t/root/actions-runner4/_work/_tool/go/1.20.12/x64/src/runtime/asm_amd64.s:1598\n","        \tError:      \tExpected nil, but got: \u0026exec.ExitError{ProcessState:(*os.ProcessState)(0xc0005b6528), Stderr:[]uint8(nil)}\n","        \tTest:       \tTestDownload/Download_Encrypted_File_Thumbnail_Should_Work\n","        \tMessages:   \t0 / 3374    0.00% 0 / 3374    0.00% 0s\n","        \t            \tError in file operation: Download failed for block 0.\n","        \t            \tdownload_failed: 3 failed blobbers exceeded 0 remaining blobbers. Download errors: Error Unsuccessful download. Error: response_error: download_file: couldn't get thumbnail block: read_error: open /blobber/files/dc/4/ef36389128635dc51fbc1e689af007b461ef8f9d31829766a54dfd1e5cee0/61/f8/2/482dbc8c3e1666f02a9ce7d24349757d7d99c870792a7bcdd031fbc5642: no such file or directory from https://dev-4.devnet-0chain.net/blobber06 Error Unsuccessful download. Error: response_error: download_file: couldn't get thumbnail block: read_error: open /blobber/files/dc/4/ef36389128635dc51fbc1e689af007b461ef8f9d31829766a54dfd1e5cee0/03/79/5/2b7391372fd400800f49790790ad98550796164c29661be1fb619d1024e: no such file or directory from https://dev-4.devnet-0chain.net/blobber05 Error Unsuccessful download. Error: response_error: download_file: couldn't get thumbnail block: read_error: open /blobber/files/dc/4/ef36389128635dc51fbc1e689af007b461ef8f9d31829766a54dfd1e5cee0/26/3a/5/d96c0703f38a2b1894e9452c67d99aaa8a1f984","04c038d62385196e1c5e: no such file or directory from https://dev-4.devnet-0chain.net/blobber04\n","    assertions.go:333: \n","        \tError Trace:\t/root/actions-runner4/_work/system_test/system_test/tests/cli_tests/zboxcli_file_download_test.go:713\n","        \t            \t\t\t\t/root/actions-runner4/_work/_tool/go/1.20.12/x64/src/runtime/panic.go:522\n","        \t            \t\t\t\t/root/actions-runner4/_work/_tool/go/1.20.12/x64/src/testing/testing.go:980\n","        \t            \t\t\t\t/root/actions-runner4/_work/system_test/system_test/internal/api/util/test/system_test_framework.go:204\n","        \t            \t\t\t\t/root/actions-runner4/_work/system_test/system_test/tests/cli_tests/zboxcli_file_download_test.go:732\n","        \t            \t\t\t\t/root/actions-runner4/_work/system_test/system_test/internal/api/util/test/system_test_framework.go:150\n","        \t            \t\t\t\t/root/actions-runner4/_work/_tool/go/1.20.12/x64/src/runtime/asm_amd64.s:1598\n","        \tError:      \tExpected nil, but got: \u0026fs.PathError{Op:\"remove\", Path:\"TestDownload-Download_Encrypted_File_Thumbnail_Should_Workthumbnail.png\", Err:0x2}\n","        \tTest:       \tTestDownload/Download_Encrypted_File_Thumbnail_Should_Work\n","    zboxcli_file_download_test.go:696: Test case [Download Encrypted File Thumbnail Should Work] exit at [02-24-2024 14:02:48]\n","","","    zboxcli_file_download_test.go:696: Test case [Download Encrypted File Thumbnail Should Work] scheduled at [02-24-2024 14:04:13] \n","","","    system_test_framework.go:149: Test case [Download Encrypted File Thumbnail Should Work] start at [02-24-2024 14:04:13] \n","2024/02/24 14:04:13 Creating wallet for TestDownload-Download_Encrypted_File_Thumbnail_Should_Work with walletIdx 501\n","File ./config/TestDownload-Download_Encrypted_File_Thumbnail_Should_Work_wallet.json written successfully.\n","    zboxcli_create_allocation_test.go:444: Creating new allocation...\n","    zboxcli_download_token_test.go:134: Locking read tokens...\n","    zboxcli_file_upload_test.go:985: Uploading file...\n","    utils.go:166: Waiting 15s...\n","    zboxcli_file_download_test.go:1337: Downloading file...\n","    utils.go:82: \u001b[33mCommand failed on attempt [1/3] due to error [exit status 1]. Output: [0 / 3374    0.00% 0 / 3374    0.00% 0s -\u003cNEWLINE\u003e- Error in file operation: Download failed for block 0. -\u003cNEWLINE\u003e- download_failed: 3 failed blobbers exceeded 0 remaining blobbers. Download errors: Error Unsuccessful download. Error: response_error: download_file: couldn't get thumbnail block: read_error: open /blobber/files/ad/4/99ff8eaf226b5fc16ca3360abfd401e03cef290025b52d29586ee91f389a6/9e/ac/e/d06591cc578299cb97306b102363f0e49b8596128660ed88298f2f385a2: no such file or directory from https://dev-4.devnet-0chain.net/blobber06 Error Unsuccessful download. Error: response_error: download_file: couldn't get thumbnail block: read_error: open /blobber/files/ad/4/99ff8eaf226b5fc16ca3360abfd401e03cef290025b52d29586ee91f389a6/dc/3d/7/e9c5dc9885dfd41d90e9766cde0333f532765afda2604c6ec7b748c54ca: no such file or directory from https://dev-4.devnet-0chain.net/blobber04 Error Unsuccessful download. Error: response_error: dow","nload_file: couldn't get thumbnail block: read_error: open /blobber/files/ad/4/99ff8eaf226b5fc16ca3360abfd401e03cef290025b52d29586ee91f389a6/51/e4/c/b476a313562e39bca951d2309375eee19c9f9ea8f49746634e5488bfe1f: no such file or directory from https://dev-4.devnet-0chain.net/blobber05]\n","    utils.go:82: \u001b[33mCommand failed on attempt [2/3] due to error [exit status 1]. Output: [0 / 3374    0.00% 0 / 3374    0.00% 0s -\u003cNEWLINE\u003e- Error in file operation: Download failed for block 0. -\u003cNEWLINE\u003e- download_failed: 3 failed blobbers exceeded 0 remaining blobbers. Download errors: Error Unsuccessful download. Error: response_error: download_file: couldn't get thumbnail block: read_error: open /blobber/files/ad/4/99ff8eaf226b5fc16ca3360abfd401e03cef290025b52d29586ee91f389a6/9e/ac/e/d06591cc578299cb97306b102363f0e49b8596128660ed88298f2f385a2: no such file or directory from https://dev-4.devnet-0chain.net/blobber06 Error Unsuccessful download. Error: response_error: download_file: couldn't get thumbnail block: read_error: open /blobber/files/ad/4/99ff8eaf226b5fc16ca3360abfd401e03cef290025b52d29586ee91f389a6/51/e4/c/b476a313562e39bca951d2309375eee19c9f9ea8f49746634e5488bfe1f: no such file or directory from https://dev-4.devnet-0chain.net/blobber05 Error Unsuccessful download. Error: response_error: dow","nload_file: couldn't get thumbnail block: read_error: open /blobber/files/ad/4/99ff8eaf226b5fc16ca3360abfd401e03cef290025b52d29586ee91f389a6/dc/3d/7/e9c5dc9885dfd41d90e9766cde0333f532765afda2604c6ec7b748c54ca: no such file or directory from https://dev-4.devnet-0chain.net/blobber04]\n","    utils.go:98: \u001b[31mCommand failed on final attempt [3/3] due to error [exit status 1]. Command String: [] Output: [0 / 3374    0.00% 0 / 3374    0.00% 0s -\u003cNEWLINE\u003e- Error in file operation: Download failed for block 0. -\u003cNEWLINE\u003e- download_failed: 3 failed blobbers exceeded 0 remaining blobbers. Download errors: Error Unsuccessful download. Error: response_error: download_file: couldn't get thumbnail block: read_error: open /blobber/files/ad/4/99ff8eaf226b5fc16ca3360abfd401e03cef290025b52d29586ee91f389a6/51/e4/c/b476a313562e39bca951d2309375eee19c9f9ea8f49746634e5488bfe1f: no such file or directory from https://dev-4.devnet-0chain.net/blobber05 Error Unsuccessful download. Error: response_error: download_file: couldn't get thumbnail block: read_error: open /blobber/files/ad/4/99ff8eaf226b5fc16ca3360abfd401e03cef290025b52d29586ee91f389a6/dc/3d/7/e9c5dc9885dfd41d90e9766cde0333f532765afda2604c6ec7b748c54ca: no such file or directory from https://dev-4.devnet-0chain.net/blobber04 Error Unsuccessful download. E","rror: response_error: download_file: couldn't get thumbnail block: read_error: open /blobber/files/ad/4/99ff8eaf226b5fc16ca3360abfd401e03cef290025b52d29586ee91f389a6/9e/ac/e/d06591cc578299cb97306b102363f0e49b8596128660ed88298f2f385a2: no such file or directory from https://dev-4.devnet-0chain.net/blobber06]\n","    utils.go:101: \u001b[31mThe verbose output for the command is:\n","    utils.go:105: \u001b[31m0chain-core-sdk [INFO]   2024/02/24 14:04:43.434338 wallet_base.go:331: ******* Wallet SDK Version:v1.11.5-4-ga759a908 ******* (SetLogFile)\n","    utils.go:105: \u001b[31m0box-sdk        [INFO]   2024/02/24 14:04:43.434438 sdk.go:88: ******* Storage SDK Version: v1.11.5-4-ga759a908 *******\n","    utils.go:105: \u001b[31m0chain-core-sdk [INFO]   2024/02/24 14:04:43.458963 transaction_base.go:143: ******* Wallet SDK Version:v1.11.5-4-ga759a908 ******* (InitZCNSDK)\n","    utils.go:105: \u001b[31m0box-sdk        [DEBUG]  2024/02/24 14:04:43.468344 networkworker.go:119: Get network result:{\"miners\":[\"https://dev-4.devnet-0chain.net/miner02\",\"https://dev-4.devnet-0chain.net/miner01\",\"https://dev-4.devnet-0chain.net/miner03\"],\"sharders\":[\"https://dev-4.devnet-0chain.net/sharder02\",\"https://dev-4.devnet-0chain.net/sharder01\"]}\n","    utils.go:105: \u001b[31m0box-sdk        [DEBUG]  2024/02/24 14:04:43.482316 filemetaworker.go:80: File meta response status: 200 OK\n","    utils.go:105: \u001b[31m0box-sdk        [DEBUG]  2024/02/24 14:04:43.482330 filemetaworker.go:80: File meta response status: 200 OK\n","    utils.go:105: \u001b[31m0box-sdk        [DEBUG]  2024/02/24 14:04:43.484753 filemetaworker.go:80: File meta response status: 200 OK\n","    utils.go:105: \u001b[31m0box-sdk        [DEBUG]  2024/02/24 14:04:43.567446 filemetaworker.go:80: File meta response status: 200 OK\n","    utils.go:105: \u001b[31m0box-sdk        [DEBUG]  2024/02/24 14:04:43.572962 downloadworker.go:807: Attempting to submit RM: ReadCounter: 1, SessionRC: 1, BlobberID: 45d0de870ee7cd36f83fd633c9989b9e640f0b386c639aa6c178923f3e968fc1\n","    utils.go:105: \u001b[31m0box-sdk        [DEBUG]  2024/02/24 14:04:43.573001 downloadworker.go:807: Attempting to submit RM: ReadCounter: 1, SessionRC: 1, BlobberID: 3812b813bdbba23d548442add2e49d24edd1a178ba0e8daf878599270a2be0ae\n","    utils.go:105: \u001b[31m0box-sdk        [DEBUG]  2024/02/24 14:04:43.573021 downloadworker.go:807: Attempting to submit RM: ReadCounter: 1, SessionRC: 1, BlobberID: ff6424d80c49e57b7c2f0621b726f55efc6ca9ce327bdff89ef364adb8278b22\n","    utils.go:105: \u001b[31m0box-sdk        \u001b[31m[ERROR]  2024/02/24 14:04:43.578374 downloadworker.go:774: Error while attempting to submit readmarker stale_read_marker: readmarker counter is not in sync with latest counter. Last blobber read counter: 3, but readmarker's counter was: 0, retry: 3\u001b[0m\n","    utils.go:105: \u001b[31m0box-sdk        \u001b[31m[ERROR]  2024/02/24 14:04:43.578376 downloadworker.go:774: Error while attempting to submit readmarker stale_read_marker: readmarker counter is not in sync with latest counter. Last blobber read counter: 3, but readmarker's counter was: 0, retry: 3\u001b[0m\n","    utils.go:105: \u001b[31m0box-sdk        [DEBUG]  2024/02/24 14:04:43.578594 downloadworker.go:807: Attempting to submit RM: ReadCounter: 4, SessionRC: 1, BlobberID: ff6424d80c49e57b7c2f0621b726f55efc6ca9ce327bdff89ef364adb8278b22\n","    utils.go:105: \u001b[31m0box-sdk        [DEBUG]  2024/02/24 14:04:43.578644 downloadworker.go:807: Attempting to submit RM: ReadCounter: 4, SessionRC: 1, BlobberID: 45d0de870ee7cd36f83fd633c9989b9e640f0b386c639aa6c178923f3e968fc1\n","    utils.go:105: \u001b[31m0box-sdk        \u001b[31m[ERROR]  2024/02/24 14:04:43.581872 downloadworker.go:774: Error while attempting to submit readmarker stale_read_marker: readmarker counter is not in sync with latest counter. Last blobber read counter: 3, but readmarker's counter was: 0, retry: 3\u001b[0m\n","    utils.go:105: \u001b[31m0box-sdk        [DEBUG]  2024/02/24 14:04:43.582057 downloadworker.go:807: Attempting to submit RM: ReadCounter: 4, SessionRC: 1, BlobberID: 3812b813bdbba23d548442add2e49d24edd1a178ba0e8daf878599270a2be0ae\n","    utils.go:105: \u001b[31m0box-sdk        [DEBUG]  2024/02/24 14:04:43.582389 downloadworker.go:853: Submit readmarker 200 OK\n","    utils.go:105: \u001b[31m0box-sdk        [DEBUG]  2024/02/24 14:04:43.582543 downloadworker.go:853: Submit readmarker 200 OK\n","    utils.go:105: \u001b[31m0box-sdk        [DEBUG]  2024/02/24 14:04:43.585988 downloadworker.go:853: Submit readmarker 200 OK\n","    utils.go:105: \u001b[31m0box-sdk        [INFO]   2024/02/24 14:04:43.586045 allocation.go:1224: [processReadMarker]{allocation_id 15 0 ad499ff8eaf226b5fc16ca3360abfd401e03cef290025b52d29586ee91f389a6 \u003cnil\u003e} {num of download requests 11 1  \u003cnil\u003e} {processDownloadRequest 8 96703231  \u003cnil\u003e} {submitReadmarker 8 13266334  \u003cnil\u003e}\n","    utils.go:105: \u001b[31m0box-sdk        [INFO]   2024/02/24 14:04:43.586065 allocation.go:336: received a download request for /xtxzO6gIHJ_test.txt\n","    utils.go:105: \u001b[31m0 / 3374    0.00%0box-sdk        [INFO]   2024/02/24 14:04:43.587072 downloadworker.go:549: Downloading file with size: 3374 from start block: 0 and end block: 1. Blocks per blobber: 1 remainingSize: 3374 and total requests: 1\n","    utils.go:105: \u001b[31m0box-sdk        [DEBUG]  2024/02/24 14:04:43.595916 blockdownloadworker.go:181: downloadBlobberBlock FAIL - blobberID: ff6424d80c49e57b7c2f0621b726f55efc6ca9ce327bdff89ef364adb8278b22, clientID: f63ae119774f4b91a43a8ad6650199184d6420a618a71d18a660bff6326ffc2e, blockNum: 0, retry: 0, response: download_file: couldn't get thumbnail block: read_error: open /blobber/files/ad/4/99ff8eaf226b5fc16ca3360abfd401e03cef290025b52d29586ee91f389a6/9e/ac/e/d06591cc578299cb97306b102363f0e49b8596128660ed88298f2f385a2: no such file or directory\n","    utils.go:105: \u001b[31m0box-sdk        \u001b[31m[ERROR]  2024/02/24 14:04:43.595966 downloadworker.go:311: Unsuccessful download. Error: response_error: download_file: couldn't get thumbnail block: read_error: open /blobber/files/ad/4/99ff8eaf226b5fc16ca3360abfd401e03cef290025b52d29586ee91f389a6/9e/ac/e/d06591cc578299cb97306b102363f0e49b8596128660ed88298f2f385a2: no such file or directory\u001b[0m\n","    utils.go:105: \u001b[31m0box-sdk        [DEBUG]  2024/02/24 14:04:43.604394 blockdownloadworker.go:181: downloadBlobberBlock FAIL - blobberID: 3812b813bdbba23d548442add2e49d24edd1a178ba0e8daf878599270a2be0ae, clientID: f63ae119774f4b91a43a8ad6650199184d6420a618a71d18a660bff6326ffc2e, blockNum: 0, retry: 0, response: download_file: couldn't get thumbnail block: read_error: open /blobber/files/ad/4/99ff8eaf226b5fc16ca3360abfd401e03cef290025b52d29586ee91f389a6/dc/3d/7/e9c5dc9885dfd41d90e9766cde0333f532765afda2604c6ec7b748c54ca: no such file or directory\n","    utils.go:105: \u001b[31m0box-sdk        \u001b[31m[ERROR]  2024/02/24 14:04:43.604444 downloadworker.go:311: Unsuccessful download. Error: response_error: download_file: couldn't get thumbnail block: read_error: open /blobber/files/ad/4/99ff8eaf226b5fc16ca3360abfd401e03cef290025b52d29586ee91f389a6/dc/3d/7/e9c5dc9885dfd41d90e9766cde0333f532765afda2604c6ec7b748c54ca: no such file or directory\u001b[0m\n","    utils.go:105: \u001b[31m0box-sdk        [DEBUG]  2024/02/24 14:04:43.604449 blockdownloadworker.go:181: downloadBlobberBlock FAIL - blobberID: 45d0de870ee7cd36f83fd633c9989b9e640f0b386c639aa6c178923f3e968fc1, clientID: f63ae119774f4b91a43a8ad6650199184d6420a618a71d18a660bff6326ffc2e, blockNum: 0, retry: 0, response: download_file: couldn't get thumbnail block: read_error: open /blobber/files/ad/4/99ff8eaf226b5fc16ca3360abfd401e03cef290025b52d29586ee91f389a6/51/e4/c/b476a313562e39bca951d2309375eee19c9f9ea8f49746634e5488bfe1f: no such file or directory\n","    utils.go:105: \u001b[31m0box-sdk        \u001b[31m[ERROR]  2024/02/24 14:04:43.604493 downloadworker.go:311: Unsuccessful download. Error: response_error: download_file: couldn't get thumbnail block: read_error: open /blobber/files/ad/4/99ff8eaf226b5fc16ca3360abfd401e03cef290025b52d29586ee91f389a6/51/e4/c/b476a313562e39bca951d2309375eee19c9f9ea8f49746634e5488bfe1f: no such file or directory\u001b[0m\n","    utils.go:105: \u001b[31m0 / 3374    0.00% 0s\n","    utils.go:105: \u001b[31mError in file operation: Download failed for block 0.\n","    utils.go:105: \u001b[31mdownload_failed: 3 failed blobbers exceeded 0 remaining blobbers. Download errors: Error Unsuccessful download. Error: response_error: download_file: couldn't get thumbnail block: read_error: open /blobber/files/ad/4/99ff8eaf226b5fc16ca3360abfd401e03cef290025b52d29586ee91f389a6/9e/ac/e/d06591cc578299cb97306b102363f0e49b8596128660ed88298f2f385a2: no such file or directory from https://dev-4.devnet-0chain.net/blobber06 Error Unsuccessful download. Error: response_error: download_file: couldn't get thumbnail block: read_error: open /blobber/files/ad/4/99ff8eaf226b5fc16ca3360abfd401e03cef290025b52d29586ee91f389a6/dc/3d/7/e9c5dc9885dfd41d90e9766cde0333f532765afda2604c6ec7b748c54ca: no such file or directory from https://dev-4.devnet-0chain.net/blobber04 Error Unsuccessful download. Error: response_error: download_file: couldn't get thumbnail block: read_error: open /blobber/files/ad/4/99ff8eaf226b5fc16ca3360abfd401e03cef290025b52d29586ee91f389a6/51/e4/c/b476a313562e39bca951d2309375eee19c9f9e","a8f49746634e5488bfe1f: no such file or directory from https://dev-4.devnet-0chain.net/blobber05\n","    assertions.go:333: \n","        \tError Trace:\t/root/actions-runner4/_work/system_test/system_test/tests/cli_tests/zboxcli_file_download_test.go:732\n","        \t            \t\t\t\t/root/actions-runner4/_work/system_test/system_test/internal/api/util/test/system_test_framework.go:150\n","        \t            \t\t\t\t/root/actions-runner4/_work/_tool/go/1.20.12/x64/src/runtime/asm_amd64.s:1598\n","        \tError:      \tExpected nil, but got: \u0026exec.ExitError{ProcessState:(*os.ProcessState)(0xc0006205d0), Stderr:[]uint8(nil)}\n","        \tTest:       \tTestDownload/Download_Encrypted_File_Thumbnail_Should_Work\n","        \tMessages:   \t0 / 3374    0.00% 0 / 3374    0.00% 0s\n","        \t            \tError in file operation: Download failed for block 0.\n","        \t            \tdownload_failed: 3 failed blobbers exceeded 0 remaining blobbers. Download errors: Error Unsuccessful download. Error: response_error: download_file: couldn't get thumbnail block: read_error: open /blobber/files/ad/4/99ff8eaf226b5fc16ca3360abfd401e03cef290025b52d29586ee91f389a6/51/e4/c/b476a313562e39bca951d2309375eee19c9f9ea8f49746634e5488bfe1f: no such file or directory from https://dev-4.devnet-0chain.net/blobber05 Error Unsuccessful download. Error: response_error: download_file: couldn't get thumbnail block: read_error: open /blobber/files/ad/4/99ff8eaf226b5fc16ca3360abfd401e03cef290025b52d29586ee91f389a6/dc/3d/7/e9c5dc9885dfd41d90e9766cde0333f532765afda2604c6ec7b748c54ca: no such file or directory from https://dev-4.devnet-0chain.net/blobber04 Error Unsuccessful download. Error: response_error: download_file: couldn't get thumbnail block: read_error: open /blobber/files/ad/4/99ff8eaf226b5fc16ca3360abfd401e03cef290025b52d29586ee91f389a6/9e/ac/e/d06591cc578299cb97306b102363f0e49b85961","28660ed88298f2f385a2: no such file or directory from https://dev-4.devnet-0chain.net/blobber06\n","    assertions.go:333: \n","        \tError Trace:\t/root/actions-runner4/_work/system_test/system_test/tests/cli_tests/zboxcli_file_download_test.go:713\n","        \t            \t\t\t\t/root/actions-runner4/_work/_tool/go/1.20.12/x64/src/runtime/panic.go:522\n","        \t            \t\t\t\t/root/actions-runner4/_work/_tool/go/1.20.12/x64/src/testing/testing.go:980\n","        \t            \t\t\t\t/root/actions-runner4/_work/system_test/system_test/internal/api/util/test/system_test_framework.go:204\n","        \t            \t\t\t\t/root/actions-runner4/_work/system_test/system_test/tests/cli_tests/zboxcli_file_download_test.go:732\n","        \t            \t\t\t\t/root/actions-runner4/_work/system_test/system_test/internal/api/util/test/system_test_framework.go:150\n","        \t            \t\t\t\t/root/actions-runner4/_work/_tool/go/1.20.12/x64/src/runtime/asm_amd64.s:1598\n","        \tError:      \tExpected nil, but got: \u0026fs.PathError{Op:\"remove\", Path:\"TestDownload-Download_Encrypted_File_Thumbnail_Should_Workthumbnail.png\", Err:0x2}\n","        \tTest:       \tTestDownload/Download_Encrypted_File_Thumbnail_Should_Work\n","    zboxcli_file_download_test.go:696: Test case [Download Encrypted File Thumbnail Should Work] exit at [02-24-2024 14:04:43]\n",""],"Passed":false,"Skipped":false,"TestFileName":"","TestFunctionDetail":{"Line":0,"Col":0}}]},{"FailureIndicator":"","SkippedIndicator":"","TestResults":[{"TestName":"TestDownload/Download_Entire_Directory_Should_Work_but_does_not_see_blobber/issues/588","Package":"github.com/0chain/system_test/tests/cli_tests","ElapsedTime":25.69,"Output":["","    zboxcli_file_download_test.go:195: Test case [Download Entire Directory Should Work but does not see blobber/issues/588] scheduled at [02-24-2024 14:00:17] \n","","","    system_test_framework.go:149: Test case [Download Entire Directory Should Work but does not see blobber/issues/588] start at [02-24-2024 14:00:42] \n","2024/02/24 14:00:42 Creating wallet for TestDownload-Download_Entire_Directory_Should_Work_but_does_not_see_blobber-issues-588 with walletIdx 519\n","File ./config/TestDownload-Download_Entire_Directory_Should_Work_but_does_not_see_blobber-issues-588_wallet.json written successfully.\n","    zboxcli_create_allocation_test.go:444: Creating new allocation...\n","    zboxcli_download_token_test.go:134: Locking read tokens...\n","    zboxcli_file_upload_test.go:1027: Uploading file /tmp/-oU1WfzyIq_test.txt to allocation 78d168c7519cb88313c316df19de3c855db60b283363b050d2c52ae394e8f5b6 with remotepath /nested/dir/-oU1WfzyIq_test.txt\n","    zboxcli_file_upload_test.go:985: Uploading file...\n","    utils.go:166: Waiting 15s...\n","    zboxcli_file_download_test.go:1337: Downloading file...\n","    zboxcli_file_download_test.go:195: Test case [Download Entire Directory Should Work but does not see blobber/issues/588] exit at [02-24-2024 14:01:08]\n","--- PASS: TestDownload/Download_Entire_Directory_Should_Work_but_does_not_see_blobber/issues/588 (25.69s)",""],"Passed":true,"Skipped":false,"TestFileName":"","TestFunctionDetail":{"Line":0,"Col":0}}]},{"FailureIndicator":"","SkippedIndicator":"","TestResults":[{"TestName":"TestDownload/Download_File_Concurrently_Should_Work_from_two_Different_Directory","Package":"github.com/0chain/system_test/tests/cli_tests","ElapsedTime":34.61,"Output":["","    zboxcli_file_download_test.go:68: Test case [Download File Concurrently Should Work from two Different Directory] scheduled at [02-24-2024 14:00:17] \n","","","    system_test_framework.go:149: Test case [Download File Concurrently Should Work from two Different Directory] start at [02-24-2024 14:00:42] \n","2024/02/24 14:00:42 Creating wallet for TestDownload-Download_File_Concurrently_Should_Work_from_two_Different_Directory with walletIdx 524\n","File ./config/TestDownload-Download_File_Concurrently_Should_Work_from_two_Different_Directory_wallet.json written successfully.\n","    zboxcli_create_allocation_test.go:444: Creating new allocation...\n","    zboxcli_download_token_test.go:134: Locking read tokens...\n","    zboxcli_file_upload_test.go:1027: Uploading file /tmp/wGax0zw2Ic_test.txt to allocation e340ab03ab9e3135547f473cb857898a7b8e53c3d372085d1be1c188f28a6fa4 with remotepath /dir1/wGax0zw2Ic_test.txt\n","    zboxcli_file_upload_test.go:985: Uploading file...\n","    zboxcli_file_upload_test.go:1027: Uploading file /tmp/jqp2YkQKhr_test.txt to allocation e340ab03ab9e3135547f473cb857898a7b8e53c3d372085d1be1c188f28a6fa4 with remotepath /dir2/jqp2YkQKhr_test.txt\n","    zboxcli_file_upload_test.go:985: Uploading file...\n","    zboxcli_file_download_test.go:1353: Generating checksum for file [/tmp/wGax0zw2Ic_test.txt]...\n","    zboxcli_file_download_test.go:1353: Generating checksum for file [/tmp/jqp2YkQKhr_test.txt]...\n","    utils.go:166: Waiting 15s...\n","    utils.go:166: Waiting 15s...\n","    zboxcli_file_download_test.go:1337: Downloading file...\n","    zboxcli_file_download_test.go:1337: Downloading file...\n","    zboxcli_file_download_test.go:1353: Generating checksum for file [tmp/wGax0zw2Ic_test.txt]...\n","    zboxcli_file_download_test.go:1353: Generating checksum for file [tmp/jqp2YkQKhr_test.txt]...\n","    zboxcli_file_download_test.go:68: Test case [Download File Concurrently Should Work from two Different Directory] exit at [02-24-2024 14:01:17]\n","--- PASS: TestDownload/Download_File_Concurrently_Should_Work_from_two_Different_Directory (34.61s)",""],"Passed":true,"Skipped":false,"TestFileName":"","TestFunctionDetail":{"Line":0,"Col":0}}]},{"FailureIndicator":"","SkippedIndicator":"","TestResults":[{"TestName":"TestDownload/Download_File_From_Shared_Folder_Should_Work_but_does_not_see_blobber/issues/588","Package":"github.com/0chain/system_test/tests/cli_tests","ElapsedTime":25.73,"Output":["","    zboxcli_file_download_test.go:221: Test case [Download File From Shared Folder Should Work but does not see blobber/issues/588] scheduled at [02-24-2024 14:00:17] \n","","","    system_test_framework.go:149: Test case [Download File From Shared Folder Should Work but does not see blobber/issues/588] start at [02-24-2024 14:00:42] \n","2024/02/24 14:00:53 Creating wallet for TestDownload-Download_File_From_Shared_Folder_Should_Work_but_does_not_see_blobber-issues-588 with walletIdx 528\n","File ./config/TestDownload-Download_File_From_Shared_Folder_Should_Work_but_does_not_see_blobber-issues-588_wallet.json written successfully.\n","    utils.go:166: Waiting 15s...\n","    zboxcli_file_download_test.go:1337: Downloading file...\n","    zboxcli_file_download_test.go:221: Test case [Download File From Shared Folder Should Work but does not see blobber/issues/588] exit at [02-24-2024 14:01:08]\n","--- PASS: TestDownload/Download_File_From_Shared_Folder_Should_Work_but_does_not_see_blobber/issues/588 (25.73s)",""],"Passed":true,"Skipped":false,"TestFileName":"","TestFunctionDetail":{"Line":0,"Col":0}}]},{"FailureIndicator":"","SkippedIndicator":"","TestResults":[{"TestName":"TestDownload/Download_File_From_Shared_Folder_Should_Work_but_does_not_see_blobber/issues/588/Share_Entire_Folder_from_Another_Wallet","Package":"github.com/0chain/system_test/tests/cli_tests","ElapsedTime":10.68,"Output":["","    zboxcli_file_download_test.go:228: Test case [Share Entire Folder from Another Wallet] scheduled at [02-24-2024 14:00:42] \n","    zboxcli_file_download_test.go:228: [WARN] Not running test case [Share Entire Folder from Another Wallet] in parallel as it is a child test. Use t.Unwrap.run() then t.Parallel() if you wish to do this.\n","    system_test_framework.go:149: Test case [Share Entire Folder from Another Wallet] start at [02-24-2024 14:00:42] \n","2024/02/24 14:00:42 Creating wallet for TestDownload-Download_File_From_Shared_Folder_Should_Work_but_does_not_see_blobber-issues-588-Share_Entire_Folder_from_Another_Wallet with walletIdx 521\n","File ./config/TestDownload-Download_File_From_Shared_Folder_Should_Work_but_does_not_see_blobber-issues-588-Share_Entire_Folder_from_Another_Wallet_wallet.json written successfully.\n","    zboxcli_create_allocation_test.go:444: Creating new allocation...\n","    zboxcli_download_token_test.go:134: Locking read tokens...\n","    zboxcli_file_upload_test.go:1027: Uploading file /tmp/tQrYoGwECI_test.txt to allocation 3fa273e2da4929574d2d8d9aa633a58d26b3fdc0b810f10d1882f300b59140e4 with remotepath /tQrYoGwECI_test.txt\n","    zboxcli_file_upload_test.go:985: Uploading file...\n","    zboxcli_list_file_test.go:617: Sharing file/folder...\n","    zboxcli_file_download_test.go:228: Test case [Share Entire Folder from Another Wallet] exit at [02-24-2024 14:00:53]\n","--- PASS: TestDownload/Download_File_From_Shared_Folder_Should_Work_but_does_not_see_blobber/issues/588/Share_Entire_Folder_from_Another_Wallet (10.68s)",""],"Passed":true,"Skipped":false,"TestFileName":"","TestFunctionDetail":{"Line":0,"Col":0}}]},{"FailureIndicator":"failed","SkippedIndicator":"","TestResults":[{"TestName":"TestDownload/Download_File_Thumbnail_Should_Work","Package":"github.com/0chain/system_test/tests/cli_tests","ElapsedTime":29.78,"Output":["","    zboxcli_file_download_test.go:653: Test case [Download File Thumbnail Should Work] scheduled at [02-24-2024 14:00:17] \n","","","2024/02/24 14:00:17 Creating wallet for TestDownload-Download_File_from_Non-Existent_Allocation_Should_Fail with walletIdx 502\n","    system_test_framework.go:149: Test case [Download File Thumbnail Should Work] start at [02-24-2024 14:00:17] \n","File ./config/TestDownload-Download_File_With_blockspermarker_Flag_Should_Work_wallet.json written successfully.\n","    zboxcli_create_allocation_test.go:444: Creating new allocation...\n","    zboxcli_download_token_test.go:134: Locking read tokens...\n","    zboxcli_file_upload_test.go:985: Uploading file...\n","    utils.go:166: Waiting 15s...\n","    zboxcli_file_download_test.go:1337: Downloading file...\n","    utils.go:82: \u001b[33mCommand failed on attempt [1/3] due to error [exit status 1]. Output: [0 / 3374    0.00% 0 / 3374    0.00% 0s -\u003cNEWLINE\u003e- Error in file operation: Download failed for block 0. -\u003cNEWLINE\u003e- download_failed: 3 failed blobbers exceeded 0 remaining blobbers. Download errors: Error Unsuccessful download. Error: response_error: download_file: couldn't get thumbnail block: read_error: open /blobber/files/04/6/0202ae02a13262131a3068488eb9abb18c723cc7042cae97178244d15726e/63/23/9/bef93a0c3a57978fdab914bb33fc681841fb137b912c3c58e0137153998: no such file or directory from https://dev-4.devnet-0chain.net/blobber04 Error Unsuccessful download. Error: response_error: download_file: couldn't get thumbnail block: read_error: open /blobber/files/04/6/0202ae02a13262131a3068488eb9abb18c723cc7042cae97178244d15726e/d9/62/f/d6da39bc274975eae573cd20d30a3f3d0cf0ca3396c089eee7ea9704e67: no such file or directory from https://dev-4.devnet-0chain.net/blobber05 Error Unsuccessful download. Error: response_error: dow","nload_file: couldn't get thumbnail block: read_error: open /blobber/files/04/6/0202ae02a13262131a3068488eb9abb18c723cc7042cae97178244d15726e/e9/6b/0/52a697d2b4ad21c72504485f48243daa56225babc8398291eeb0628e83a: no such file or directory from https://dev-4.devnet-0chain.net/blobber06]\n","    utils.go:82: \u001b[33mCommand failed on attempt [2/3] due to error [exit status 1]. Output: [0 / 3374    0.00% 0 / 3374    0.00% 0s -\u003cNEWLINE\u003e- Error in file operation: Download failed for block 0. -\u003cNEWLINE\u003e- download_failed: 3 failed blobbers exceeded 0 remaining blobbers. Download errors: Error Unsuccessful download. Error: response_error: download_file: couldn't get thumbnail block: read_error: open /blobber/files/04/6/0202ae02a13262131a3068488eb9abb18c723cc7042cae97178244d15726e/e9/6b/0/52a697d2b4ad21c72504485f48243daa56225babc8398291eeb0628e83a: no such file or directory from https://dev-4.devnet-0chain.net/blobber06 Error Unsuccessful download. Error: response_error: download_file: couldn't get thumbnail block: read_error: open /blobber/files/04/6/0202ae02a13262131a3068488eb9abb18c723cc7042cae97178244d15726e/d9/62/f/d6da39bc274975eae573cd20d30a3f3d0cf0ca3396c089eee7ea9704e67: no such file or directory from https://dev-4.devnet-0chain.net/blobber05 Error Unsuccessful download. Error: response_error: dow","nload_file: couldn't get thumbnail block: read_error: open /blobber/files/04/6/0202ae02a13262131a3068488eb9abb18c723cc7042cae97178244d15726e/63/23/9/bef93a0c3a57978fdab914bb33fc681841fb137b912c3c58e0137153998: no such file or directory from https://dev-4.devnet-0chain.net/blobber04]\n","    utils.go:98: \u001b[31mCommand failed on final attempt [3/3] due to error [exit status 1]. Command String: [] Output: [0 / 3374    0.00% 0 / 3374    0.00% 0s -\u003cNEWLINE\u003e- Error in file operation: Download failed for block 0. -\u003cNEWLINE\u003e- download_failed: 3 failed blobbers exceeded 0 remaining blobbers. Download errors: Error Unsuccessful download. Error: response_error: download_file: couldn't get thumbnail block: read_error: open /blobber/files/04/6/0202ae02a13262131a3068488eb9abb18c723cc7042cae97178244d15726e/d9/62/f/d6da39bc274975eae573cd20d30a3f3d0cf0ca3396c089eee7ea9704e67: no such file or directory from https://dev-4.devnet-0chain.net/blobber05 Error Unsuccessful download. Error: response_error: download_file: couldn't get thumbnail block: read_error: open /blobber/files/04/6/0202ae02a13262131a3068488eb9abb18c723cc7042cae97178244d15726e/63/23/9/bef93a0c3a57978fdab914bb33fc681841fb137b912c3c58e0137153998: no such file or directory from https://dev-4.devnet-0chain.net/blobber04 Error Unsuccessful download. E","rror: response_error: download_file: couldn't get thumbnail block: read_error: open /blobber/files/04/6/0202ae02a13262131a3068488eb9abb18c723cc7042cae97178244d15726e/e9/6b/0/52a697d2b4ad21c72504485f48243daa56225babc8398291eeb0628e83a: no such file or directory from https://dev-4.devnet-0chain.net/blobber06]\n","    utils.go:101: \u001b[31mThe verbose output for the command is:\n","    utils.go:105: \u001b[31m0chain-core-sdk [INFO]   2024/02/24 14:00:46.954220 wallet_base.go:331: ******* Wallet SDK Version:v1.11.5-4-ga759a908 ******* (SetLogFile)\n","    utils.go:105: \u001b[31m0box-sdk        [INFO]   2024/02/24 14:00:46.954273 sdk.go:88: ******* Storage SDK Version: v1.11.5-4-ga759a908 *******\n","    utils.go:105: \u001b[31m0chain-core-sdk [INFO]   2024/02/24 14:00:46.967883 transaction_base.go:143: ******* Wallet SDK Version:v1.11.5-4-ga759a908 ******* (InitZCNSDK)\n","    utils.go:105: \u001b[31m0box-sdk        [DEBUG]  2024/02/24 14:00:46.974080 networkworker.go:119: Get network result:{\"miners\":[\"https://dev-4.devnet-0chain.net/miner02\",\"https://dev-4.devnet-0chain.net/miner01\",\"https://dev-4.devnet-0chain.net/miner03\"],\"sharders\":[\"https://dev-4.devnet-0chain.net/sharder02\",\"https://dev-4.devnet-0chain.net/sharder01\"]}\n","    utils.go:105: \u001b[31m0box-sdk        [DEBUG]  2024/02/24 14:00:46.985158 filemetaworker.go:80: File meta response status: 200 OK\n","    utils.go:105: \u001b[31m0box-sdk        [DEBUG]  2024/02/24 14:00:46.985760 filemetaworker.go:80: File meta response status: 200 OK\n","    utils.go:105: \u001b[31m0box-sdk        [DEBUG]  2024/02/24 14:00:46.988270 filemetaworker.go:80: File meta response status: 200 OK\n","    utils.go:105: \u001b[31m0box-sdk        [DEBUG]  2024/02/24 14:00:46.989140 filemetaworker.go:80: File meta response status: 200 OK\n","    utils.go:105: \u001b[31m0box-sdk        [DEBUG]  2024/02/24 14:00:46.992158 downloadworker.go:807: Attempting to submit RM: ReadCounter: 1, SessionRC: 1, BlobberID: 45d0de870ee7cd36f83fd633c9989b9e640f0b386c639aa6c178923f3e968fc1\n","    utils.go:105: \u001b[31m0box-sdk        [DEBUG]  2024/02/24 14:00:46.992175 downloadworker.go:807: Attempting to submit RM: ReadCounter: 1, SessionRC: 1, BlobberID: 3812b813bdbba23d548442add2e49d24edd1a178ba0e8daf878599270a2be0ae\n","    utils.go:105: \u001b[31m0box-sdk        [DEBUG]  2024/02/24 14:00:46.992254 downloadworker.go:807: Attempting to submit RM: ReadCounter: 1, SessionRC: 1, BlobberID: ff6424d80c49e57b7c2f0621b726f55efc6ca9ce327bdff89ef364adb8278b22\n","    utils.go:105: \u001b[31m0box-sdk        \u001b[31m[ERROR]  2024/02/24 14:00:46.996910 downloadworker.go:774: Error while attempting to submit readmarker stale_read_marker: readmarker counter is not in sync with latest counter. Last blobber read counter: 3, but readmarker's counter was: 0, retry: 3\u001b[0m\n","    utils.go:105: \u001b[31m0box-sdk        \u001b[31m[ERROR]  2024/02/24 14:00:46.996928 downloadworker.go:774: Error while attempting to submit readmarker stale_read_marker: readmarker counter is not in sync with latest counter. Last blobber read counter: 3, but readmarker's counter was: 0, retry: 3\u001b[0m\n","    utils.go:105: \u001b[31m0box-sdk        [DEBUG]  2024/02/24 14:00:46.997023 downloadworker.go:807: Attempting to submit RM: ReadCounter: 4, SessionRC: 1, BlobberID: 45d0de870ee7cd36f83fd633c9989b9e640f0b386c639aa6c178923f3e968fc1\n","    utils.go:105: \u001b[31m0box-sdk        [DEBUG]  2024/02/24 14:00:46.997069 downloadworker.go:807: Attempting to submit RM: ReadCounter: 4, SessionRC: 1, BlobberID: ff6424d80c49e57b7c2f0621b726f55efc6ca9ce327bdff89ef364adb8278b22\n","    utils.go:105: \u001b[31m0box-sdk        \u001b[31m[ERROR]  2024/02/24 14:00:46.997313 downloadworker.go:774: Error while attempting to submit readmarker stale_read_marker: readmarker counter is not in sync with latest counter. Last blobber read counter: 3, but readmarker's counter was: 0, retry: 3\u001b[0m\n","    utils.go:105: \u001b[31m0box-sdk        [DEBUG]  2024/02/24 14:00:46.997427 downloadworker.go:807: Attempting to submit RM: ReadCounter: 4, SessionRC: 1, BlobberID: 3812b813bdbba23d548442add2e49d24edd1a178ba0e8daf878599270a2be0ae\n","    utils.go:105: \u001b[31m0box-sdk        [DEBUG]  2024/02/24 14:00:47.003359 downloadworker.go:853: Submit readmarker 200 OK\n","    utils.go:105: \u001b[31m0box-sdk        [DEBUG]  2024/02/24 14:00:47.003960 downloadworker.go:853: Submit readmarker 200 OK\n","    utils.go:105: \u001b[31m0box-sdk        [DEBUG]  2024/02/24 14:00:47.006442 downloadworker.go:853: Submit readmarker 200 OK\n","    utils.go:105: \u001b[31m0box-sdk        [INFO]   2024/02/24 14:00:47.006479 allocation.go:1224: [processReadMarker]{allocation_id 15 0 0460202ae02a13262131a3068488eb9abb18c723cc7042cae97178244d15726e \u003cnil\u003e} {num of download requests 11 1  \u003cnil\u003e} {processDownloadRequest 8 10355222  \u003cnil\u003e} {submitReadmarker 8 14442396  \u003cnil\u003e}\n","    utils.go:105: \u001b[31m0box-sdk        [INFO]   2024/02/24 14:00:47.006492 allocation.go:336: received a download request for /QEAnLQTEb4_test.txt\n","    utils.go:105: \u001b[31m0 / 3374    0.00%0box-sdk        [INFO]   2024/02/24 14:00:47.007231 downloadworker.go:549: Downloading file with size: 3374 from start block: 0 and end block: 1. Blocks per blobber: 1 remainingSize: 3374 and total requests: 1\n","    utils.go:105: \u001b[31m0box-sdk        [DEBUG]  2024/02/24 14:00:47.014001 blockdownloadworker.go:181: downloadBlobberBlock FAIL - blobberID: ff6424d80c49e57b7c2f0621b726f55efc6ca9ce327bdff89ef364adb8278b22, clientID: bdceca5b3b7dc69f330e7c066944280dd157c3ac6dad69b9daaf01d35c031a09, blockNum: 0, retry: 0, response: download_file: couldn't get thumbnail block: read_error: open /blobber/files/04/6/0202ae02a13262131a3068488eb9abb18c723cc7042cae97178244d15726e/e9/6b/0/52a697d2b4ad21c72504485f48243daa56225babc8398291eeb0628e83a: no such file or directory\n","    utils.go:105: \u001b[31m0box-sdk        [DEBUG]  2024/02/24 14:00:47.014025 blockdownloadworker.go:181: downloadBlobberBlock FAIL - blobberID: 45d0de870ee7cd36f83fd633c9989b9e640f0b386c639aa6c178923f3e968fc1, clientID: bdceca5b3b7dc69f330e7c066944280dd157c3ac6dad69b9daaf01d35c031a09, blockNum: 0, retry: 0, response: download_file: couldn't get thumbnail block: read_error: open /blobber/files/04/6/0202ae02a13262131a3068488eb9abb18c723cc7042cae97178244d15726e/d9/62/f/d6da39bc274975eae573cd20d30a3f3d0cf0ca3396c089eee7ea9704e67: no such file or directory\n","    utils.go:105: \u001b[31m0box-sdk        \u001b[31m[ERROR]  2024/02/24 14:00:47.014030 downloadworker.go:311: Unsuccessful download. Error: response_error: download_file: couldn't get thumbnail block: read_error: open /blobber/files/04/6/0202ae02a13262131a3068488eb9abb18c723cc7042cae97178244d15726e/e9/6b/0/52a697d2b4ad21c72504485f48243daa56225babc8398291eeb0628e83a: no such file or directory\u001b[0m\n","    utils.go:105: \u001b[31m0box-sdk        \u001b[31m[ERROR]  2024/02/24 14:00:47.014057 downloadworker.go:311: Unsuccessful download. Error: response_error: download_file: couldn't get thumbnail block: read_error: open /blobber/files/04/6/0202ae02a13262131a3068488eb9abb18c723cc7042cae97178244d15726e/d9/62/f/d6da39bc274975eae573cd20d30a3f3d0cf0ca3396c089eee7ea9704e67: no such file or directory\u001b[0m\n","    utils.go:105: \u001b[31m0box-sdk        [DEBUG]  2024/02/24 14:00:47.014534 blockdownloadworker.go:181: downloadBlobberBlock FAIL - blobberID: 3812b813bdbba23d548442add2e49d24edd1a178ba0e8daf878599270a2be0ae, clientID: bdceca5b3b7dc69f330e7c066944280dd157c3ac6dad69b9daaf01d35c031a09, blockNum: 0, retry: 0, response: download_file: couldn't get thumbnail block: read_error: open /blobber/files/04/6/0202ae02a13262131a3068488eb9abb18c723cc7042cae97178244d15726e/63/23/9/bef93a0c3a57978fdab914bb33fc681841fb137b912c3c58e0137153998: no such file or directory\n","    utils.go:105: \u001b[31m0box-sdk        \u001b[31m[ERROR]  2024/02/24 14:00:47.014557 downloadworker.go:311: Unsuccessful download. Error: response_error: download_file: couldn't get thumbnail block: read_error: open /blobber/files/04/6/0202ae02a13262131a3068488eb9abb18c723cc7042cae97178244d15726e/63/23/9/bef93a0c3a57978fdab914bb33fc681841fb137b912c3c58e0137153998: no such file or directory\u001b[0m\n","    utils.go:105: \u001b[31m0 / 3374    0.00% 0s\n","    utils.go:105: \u001b[31mError in file operation: Download failed for block 0.\n","    utils.go:105: \u001b[31mdownload_failed: 3 failed blobbers exceeded 0 remaining blobbers. Download errors: Error Unsuccessful download. Error: response_error: download_file: couldn't get thumbnail block: read_error: open /blobber/files/04/6/0202ae02a13262131a3068488eb9abb18c723cc7042cae97178244d15726e/e9/6b/0/52a697d2b4ad21c72504485f48243daa56225babc8398291eeb0628e83a: no such file or directory from https://dev-4.devnet-0chain.net/blobber06 Error Unsuccessful download. Error: response_error: download_file: couldn't get thumbnail block: read_error: open /blobber/files/04/6/0202ae02a13262131a3068488eb9abb18c723cc7042cae97178244d15726e/d9/62/f/d6da39bc274975eae573cd20d30a3f3d0cf0ca3396c089eee7ea9704e67: no such file or directory from https://dev-4.devnet-0chain.net/blobber05 Error Unsuccessful download. Error: response_error: download_file: couldn't get thumbnail block: read_error: open /blobber/files/04/6/0202ae02a13262131a3068488eb9abb18c723cc7042cae97178244d15726e/63/23/9/bef93a0c3a57978fdab914bb33fc681841fb13","7b912c3c58e0137153998: no such file or directory from https://dev-4.devnet-0chain.net/blobber04\n","    assertions.go:333: \n","        \tError Trace:\t/root/actions-runner4/_work/system_test/system_test/tests/cli_tests/zboxcli_file_download_test.go:688\n","        \t            \t\t\t\t/root/actions-runner4/_work/system_test/system_test/internal/api/util/test/system_test_framework.go:150\n","        \t            \t\t\t\t/root/actions-runner4/_work/_tool/go/1.20.12/x64/src/runtime/asm_amd64.s:1598\n","        \tError:      \tExpected nil, but got: \u0026exec.ExitError{ProcessState:(*os.ProcessState)(0xc00054e960), Stderr:[]uint8(nil)}\n","        \tTest:       \tTestDownload/Download_File_Thumbnail_Should_Work\n","        \tMessages:   \t0 / 3374    0.00% 0 / 3374    0.00% 0s\n","        \t            \tError in file operation: Download failed for block 0.\n","        \t            \tdownload_failed: 3 failed blobbers exceeded 0 remaining blobbers. Download errors: Error Unsuccessful download. Error: response_error: download_file: couldn't get thumbnail block: read_error: open /blobber/files/04/6/0202ae02a13262131a3068488eb9abb18c723cc7042cae97178244d15726e/d9/62/f/d6da39bc274975eae573cd20d30a3f3d0cf0ca3396c089eee7ea9704e67: no such file or directory from https://dev-4.devnet-0chain.net/blobber05 Error Unsuccessful download. Error: response_error: download_file: couldn't get thumbnail block: read_error: open /blobber/files/04/6/0202ae02a13262131a3068488eb9abb18c723cc7042cae97178244d15726e/63/23/9/bef93a0c3a57978fdab914bb33fc681841fb137b912c3c58e0137153998: no such file or directory from https://dev-4.devnet-0chain.net/blobber04 Error Unsuccessful download. Error: response_error: download_file: couldn't get thumbnail block: read_error: open /blobber/files/04/6/0202ae02a13262131a3068488eb9abb18c723cc7042cae97178244d15726e/e9/6b/0/52a697d2b4ad21c72504485f48243daa56225ba","bc8398291eeb0628e83a: no such file or directory from https://dev-4.devnet-0chain.net/blobber06\n","    assertions.go:333: \n","        \tError Trace:\t/root/actions-runner4/_work/system_test/system_test/tests/cli_tests/zboxcli_file_download_test.go:670\n","        \t            \t\t\t\t/root/actions-runner4/_work/_tool/go/1.20.12/x64/src/runtime/panic.go:522\n","        \t            \t\t\t\t/root/actions-runner4/_work/_tool/go/1.20.12/x64/src/testing/testing.go:980\n","        \t            \t\t\t\t/root/actions-runner4/_work/system_test/system_test/internal/api/util/test/system_test_framework.go:204\n","        \t            \t\t\t\t/root/actions-runner4/_work/system_test/system_test/tests/cli_tests/zboxcli_file_download_test.go:688\n","        \t            \t\t\t\t/root/actions-runner4/_work/system_test/system_test/internal/api/util/test/system_test_framework.go:150\n","        \t            \t\t\t\t/root/actions-runner4/_work/_tool/go/1.20.12/x64/src/runtime/asm_amd64.s:1598\n","        \tError:      \tExpected nil, but got: \u0026fs.PathError{Op:\"remove\", Path:\"TestDownload-Download_File_Thumbnail_Should_Workthumbnail.png\", Err:0x2}\n","        \tTest:       \tTestDownload/Download_File_Thumbnail_Should_Work\n","    zboxcli_file_download_test.go:653: Test case [Download File Thumbnail Should Work] exit at [02-24-2024 14:00:47]\n","","","    zboxcli_file_download_test.go:653: Test case [Download File Thumbnail Should Work] scheduled at [02-24-2024 14:01:48] \n","","","    system_test_framework.go:149: Test case [Download File Thumbnail Should Work] start at [02-24-2024 14:01:48] \n","2024/02/24 14:01:48 Creating wallet for TestDownload-Download_File_Thumbnail_Should_Work with walletIdx 501\n","File ./config/TestDownload-Download_File_Thumbnail_Should_Work_wallet.json written successfully.\n","    zboxcli_create_allocation_test.go:444: Creating new allocation...\n","    zboxcli_download_token_test.go:134: Locking read tokens...\n","    zboxcli_file_upload_test.go:985: Uploading file...\n","    utils.go:166: Waiting 15s...\n","    zboxcli_file_download_test.go:1337: Downloading file...\n","    utils.go:82: \u001b[33mCommand failed on attempt [1/3] due to error [exit status 1]. Output: [0 / 3374    0.00% 0 / 3374    0.00% 0s -\u003cNEWLINE\u003e- Error in file operation: Download failed for block 0. -\u003cNEWLINE\u003e- download_failed: 3 failed blobbers exceeded 0 remaining blobbers. Download errors: Error Unsuccessful download. Error: response_error: download_file: couldn't get thumbnail block: read_error: open /blobber/files/c7/9/2600416a84d7302314e27746b0035c7e85101b21ca797251f00e4859ea1f9/d2/d8/1/4c8666b8da1c74b2cdade9acf53448cfaa00259e980a03204572c5cfeb5: no such file or directory from https://dev-4.devnet-0chain.net/blobber04 Error Unsuccessful download. Error: response_error: download_file: couldn't get thumbnail block: read_error: open /blobber/files/c7/9/2600416a84d7302314e27746b0035c7e85101b21ca797251f00e4859ea1f9/7b/37/6/2e59f7cf531201c1bbfac141a901dcf9c25b04f9c0064323e0c7560218e: no such file or directory from https://dev-4.devnet-0chain.net/blobber05 Error Unsuccessful download. Error: response_error: dow","nload_file: couldn't get thumbnail block: read_error: open /blobber/files/c7/9/2600416a84d7302314e27746b0035c7e85101b21ca797251f00e4859ea1f9/8f/7a/3/7b1fe7c9d280df0878e5ccbe3650fd16c4a1cfcdb6a07691d1b3cf26c99: no such file or directory from https://dev-4.devnet-0chain.net/blobber06]\n","    utils.go:82: \u001b[33mCommand failed on attempt [2/3] due to error [exit status 1]. Output: [0 / 3374    0.00% 0 / 3374    0.00% 0s -\u003cNEWLINE\u003e- Error in file operation: Download failed for block 0. -\u003cNEWLINE\u003e- download_failed: 3 failed blobbers exceeded 0 remaining blobbers. Download errors: Error Unsuccessful download. Error: response_error: download_file: couldn't get thumbnail block: read_error: open /blobber/files/c7/9/2600416a84d7302314e27746b0035c7e85101b21ca797251f00e4859ea1f9/7b/37/6/2e59f7cf531201c1bbfac141a901dcf9c25b04f9c0064323e0c7560218e: no such file or directory from https://dev-4.devnet-0chain.net/blobber05 Error Unsuccessful download. Error: response_error: download_file: couldn't get thumbnail block: read_error: open /blobber/files/c7/9/2600416a84d7302314e27746b0035c7e85101b21ca797251f00e4859ea1f9/8f/7a/3/7b1fe7c9d280df0878e5ccbe3650fd16c4a1cfcdb6a07691d1b3cf26c99: no such file or directory from https://dev-4.devnet-0chain.net/blobber06 Error Unsuccessful download. Error: response_error: dow","nload_file: couldn't get thumbnail block: read_error: open /blobber/files/c7/9/2600416a84d7302314e27746b0035c7e85101b21ca797251f00e4859ea1f9/d2/d8/1/4c8666b8da1c74b2cdade9acf53448cfaa00259e980a03204572c5cfeb5: no such file or directory from https://dev-4.devnet-0chain.net/blobber04]\n","    utils.go:98: \u001b[31mCommand failed on final attempt [3/3] due to error [exit status 1]. Command String: [] Output: [0 / 3374    0.00% 0 / 3374    0.00% 0s -\u003cNEWLINE\u003e- Error in file operation: Download failed for block 0. -\u003cNEWLINE\u003e- download_failed: 3 failed blobbers exceeded 0 remaining blobbers. Download errors: Error Unsuccessful download. Error: response_error: download_file: couldn't get thumbnail block: read_error: open /blobber/files/c7/9/2600416a84d7302314e27746b0035c7e85101b21ca797251f00e4859ea1f9/d2/d8/1/4c8666b8da1c74b2cdade9acf53448cfaa00259e980a03204572c5cfeb5: no such file or directory from https://dev-4.devnet-0chain.net/blobber04 Error Unsuccessful download. Error: response_error: download_file: couldn't get thumbnail block: read_error: open /blobber/files/c7/9/2600416a84d7302314e27746b0035c7e85101b21ca797251f00e4859ea1f9/8f/7a/3/7b1fe7c9d280df0878e5ccbe3650fd16c4a1cfcdb6a07691d1b3cf26c99: no such file or directory from https://dev-4.devnet-0chain.net/blobber06 Error Unsuccessful download. E","rror: response_error: download_file: couldn't get thumbnail block: read_error: open /blobber/files/c7/9/2600416a84d7302314e27746b0035c7e85101b21ca797251f00e4859ea1f9/7b/37/6/2e59f7cf531201c1bbfac141a901dcf9c25b04f9c0064323e0c7560218e: no such file or directory from https://dev-4.devnet-0chain.net/blobber05]\n","    utils.go:101: \u001b[31mThe verbose output for the command is:\n","    utils.go:105: \u001b[31m0chain-core-sdk [INFO]   2024/02/24 14:02:18.139723 wallet_base.go:331: ******* Wallet SDK Version:v1.11.5-4-ga759a908 ******* (SetLogFile)\n","    utils.go:105: \u001b[31m0box-sdk        [INFO]   2024/02/24 14:02:18.139813 sdk.go:88: ******* Storage SDK Version: v1.11.5-4-ga759a908 *******\n","    utils.go:105: \u001b[31m0chain-core-sdk [INFO]   2024/02/24 14:02:18.163352 transaction_base.go:143: ******* Wallet SDK Version:v1.11.5-4-ga759a908 ******* (InitZCNSDK)\n","    utils.go:105: \u001b[31m0box-sdk        [DEBUG]  2024/02/24 14:02:18.172453 networkworker.go:119: Get network result:{\"miners\":[\"https://dev-4.devnet-0chain.net/miner03\",\"https://dev-4.devnet-0chain.net/miner02\",\"https://dev-4.devnet-0chain.net/miner01\"],\"sharders\":[\"https://dev-4.devnet-0chain.net/sharder02\",\"https://dev-4.devnet-0chain.net/sharder01\"]}\n","    utils.go:105: \u001b[31m0box-sdk        [DEBUG]  2024/02/24 14:02:18.187848 filemetaworker.go:80: File meta response status: 200 OK\n","    utils.go:105: \u001b[31m0box-sdk        [DEBUG]  2024/02/24 14:02:18.187852 filemetaworker.go:80: File meta response status: 200 OK\n","    utils.go:105: \u001b[31m0box-sdk        [DEBUG]  2024/02/24 14:02:18.190519 filemetaworker.go:80: File meta response status: 200 OK\n","    utils.go:105: \u001b[31m0box-sdk        [DEBUG]  2024/02/24 14:02:18.190798 filemetaworker.go:80: File meta response status: 200 OK\n","    utils.go:105: \u001b[31m0box-sdk        [DEBUG]  2024/02/24 14:02:18.196398 downloadworker.go:807: Attempting to submit RM: ReadCounter: 1, SessionRC: 1, BlobberID: ff6424d80c49e57b7c2f0621b726f55efc6ca9ce327bdff89ef364adb8278b22\n","    utils.go:105: \u001b[31m0box-sdk        [DEBUG]  2024/02/24 14:02:18.196404 downloadworker.go:807: Attempting to submit RM: ReadCounter: 1, SessionRC: 1, BlobberID: 3812b813bdbba23d548442add2e49d24edd1a178ba0e8daf878599270a2be0ae\n","    utils.go:105: \u001b[31m0box-sdk        [DEBUG]  2024/02/24 14:02:18.196407 downloadworker.go:807: Attempting to submit RM: ReadCounter: 1, SessionRC: 1, BlobberID: 45d0de870ee7cd36f83fd633c9989b9e640f0b386c639aa6c178923f3e968fc1\n","    utils.go:105: \u001b[31m0box-sdk        \u001b[31m[ERROR]  2024/02/24 14:02:18.201665 downloadworker.go:774: Error while attempting to submit readmarker stale_read_marker: readmarker counter is not in sync with latest counter. Last blobber read counter: 3, but readmarker's counter was: 0, retry: 3\u001b[0m\n","    utils.go:105: \u001b[31m0box-sdk        \u001b[31m[ERROR]  2024/02/24 14:02:18.201738 downloadworker.go:774: Error while attempting to submit readmarker stale_read_marker: readmarker counter is not in sync with latest counter. Last blobber read counter: 3, but readmarker's counter was: 0, retry: 3\u001b[0m\n","    utils.go:105: \u001b[31m0box-sdk        \u001b[31m[ERROR]  2024/02/24 14:02:18.201791 downloadworker.go:774: Error while attempting to submit readmarker stale_read_marker: readmarker counter is not in sync with latest counter. Last blobber read counter: 3, but readmarker's counter was: 0, retry: 3\u001b[0m\n","    utils.go:105: \u001b[31m0box-sdk        [DEBUG]  2024/02/24 14:02:18.201882 downloadworker.go:807: Attempting to submit RM: ReadCounter: 4, SessionRC: 1, BlobberID: 3812b813bdbba23d548442add2e49d24edd1a178ba0e8daf878599270a2be0ae\n","    utils.go:105: \u001b[31m0box-sdk        [DEBUG]  2024/02/24 14:02:18.201970 downloadworker.go:807: Attempting to submit RM: ReadCounter: 4, SessionRC: 1, BlobberID: 45d0de870ee7cd36f83fd633c9989b9e640f0b386c639aa6c178923f3e968fc1\n","    utils.go:105: \u001b[31m0box-sdk        [DEBUG]  2024/02/24 14:02:18.201976 downloadworker.go:807: Attempting to submit RM: ReadCounter: 4, SessionRC: 1, BlobberID: ff6424d80c49e57b7c2f0621b726f55efc6ca9ce327bdff89ef364adb8278b22\n","    utils.go:105: \u001b[31m0box-sdk        [DEBUG]  2024/02/24 14:02:18.206313 downloadworker.go:853: Submit readmarker 200 OK\n","    utils.go:105: \u001b[31m0box-sdk        [DEBUG]  2024/02/24 14:02:18.206385 downloadworker.go:853: Submit readmarker 200 OK\n","    utils.go:105: \u001b[31m0box-sdk        [DEBUG]  2024/02/24 14:02:18.206391 downloadworker.go:853: Submit readmarker 200 OK\n","    utils.go:105: \u001b[31m0box-sdk        [INFO]   2024/02/24 14:02:18.206554 allocation.go:1224: [processReadMarker]{allocation_id 15 0 c792600416a84d7302314e27746b0035c7e85101b21ca797251f00e4859ea1f9 \u003cnil\u003e} {num of download requests 11 1  \u003cnil\u003e} {processDownloadRequest 8 15678307  \u003cnil\u003e} {submitReadmarker 8 10332312  \u003cnil\u003e}\n","    utils.go:105: \u001b[31m0box-sdk        [INFO]   2024/02/24 14:02:18.206574 allocation.go:336: received a download request for /4G0KYVPwhY_test.txt\n","    utils.go:105: \u001b[31m0 / 3374    0.00%0box-sdk        [INFO]   2024/02/24 14:02:18.207527 downloadworker.go:549: Downloading file with size: 3374 from start block: 0 and end block: 1. Blocks per blobber: 1 remainingSize: 3374 and total requests: 1\n","    utils.go:105: \u001b[31m0box-sdk        [DEBUG]  2024/02/24 14:02:18.216810 blockdownloadworker.go:181: downloadBlobberBlock FAIL - blobberID: 45d0de870ee7cd36f83fd633c9989b9e640f0b386c639aa6c178923f3e968fc1, clientID: f63ae119774f4b91a43a8ad6650199184d6420a618a71d18a660bff6326ffc2e, blockNum: 0, retry: 0, response: download_file: couldn't get thumbnail block: read_error: open /blobber/files/c7/9/2600416a84d7302314e27746b0035c7e85101b21ca797251f00e4859ea1f9/7b/37/6/2e59f7cf531201c1bbfac141a901dcf9c25b04f9c0064323e0c7560218e: no such file or directory\n","    utils.go:105: \u001b[31m0box-sdk        \u001b[31m[ERROR]  2024/02/24 14:02:18.216864 downloadworker.go:311: Unsuccessful download. Error: response_error: download_file: couldn't get thumbnail block: read_error: open /blobber/files/c7/9/2600416a84d7302314e27746b0035c7e85101b21ca797251f00e4859ea1f9/7b/37/6/2e59f7cf531201c1bbfac141a901dcf9c25b04f9c0064323e0c7560218e: no such file or directory\u001b[0m\n","    utils.go:105: \u001b[31m0box-sdk        [DEBUG]  2024/02/24 14:02:18.220596 blockdownloadworker.go:181: downloadBlobberBlock FAIL - blobberID: ff6424d80c49e57b7c2f0621b726f55efc6ca9ce327bdff89ef364adb8278b22, clientID: f63ae119774f4b91a43a8ad6650199184d6420a618a71d18a660bff6326ffc2e, blockNum: 0, retry: 0, response: download_file: couldn't get thumbnail block: read_error: open /blobber/files/c7/9/2600416a84d7302314e27746b0035c7e85101b21ca797251f00e4859ea1f9/8f/7a/3/7b1fe7c9d280df0878e5ccbe3650fd16c4a1cfcdb6a07691d1b3cf26c99: no such file or directory\n","    utils.go:105: \u001b[31m0box-sdk        \u001b[31m[ERROR]  2024/02/24 14:02:18.220696 downloadworker.go:311: Unsuccessful download. Error: response_error: download_file: couldn't get thumbnail block: read_error: open /blobber/files/c7/9/2600416a84d7302314e27746b0035c7e85101b21ca797251f00e4859ea1f9/8f/7a/3/7b1fe7c9d280df0878e5ccbe3650fd16c4a1cfcdb6a07691d1b3cf26c99: no such file or directory\u001b[0m\n","    utils.go:105: \u001b[31m0box-sdk        [DEBUG]  2024/02/24 14:02:18.221263 blockdownloadworker.go:181: downloadBlobberBlock FAIL - blobberID: 3812b813bdbba23d548442add2e49d24edd1a178ba0e8daf878599270a2be0ae, clientID: f63ae119774f4b91a43a8ad6650199184d6420a618a71d18a660bff6326ffc2e, blockNum: 0, retry: 0, response: download_file: couldn't get thumbnail block: read_error: open /blobber/files/c7/9/2600416a84d7302314e27746b0035c7e85101b21ca797251f00e4859ea1f9/d2/d8/1/4c8666b8da1c74b2cdade9acf53448cfaa00259e980a03204572c5cfeb5: no such file or directory\n","    utils.go:105: \u001b[31m0box-sdk        \u001b[31m[ERROR]  2024/02/24 14:02:18.221313 downloadworker.go:311: Unsuccessful download. Error: response_error: download_file: couldn't get thumbnail block: read_error: open /blobber/files/c7/9/2600416a84d7302314e27746b0035c7e85101b21ca797251f00e4859ea1f9/d2/d8/1/4c8666b8da1c74b2cdade9acf53448cfaa00259e980a03204572c5cfeb5: no such file or directory\u001b[0m\n","    utils.go:105: \u001b[31m0 / 3374    0.00% 0s\n","    utils.go:105: \u001b[31mError in file operation: Download failed for block 0.\n","    utils.go:105: \u001b[31mdownload_failed: 3 failed blobbers exceeded 0 remaining blobbers. Download errors: Error Unsuccessful download. Error: response_error: download_file: couldn't get thumbnail block: read_error: open /blobber/files/c7/9/2600416a84d7302314e27746b0035c7e85101b21ca797251f00e4859ea1f9/7b/37/6/2e59f7cf531201c1bbfac141a901dcf9c25b04f9c0064323e0c7560218e: no such file or directory from https://dev-4.devnet-0chain.net/blobber05 Error Unsuccessful download. Error: response_error: download_file: couldn't get thumbnail block: read_error: open /blobber/files/c7/9/2600416a84d7302314e27746b0035c7e85101b21ca797251f00e4859ea1f9/8f/7a/3/7b1fe7c9d280df0878e5ccbe3650fd16c4a1cfcdb6a07691d1b3cf26c99: no such file or directory from https://dev-4.devnet-0chain.net/blobber06 Error Unsuccessful download. Error: response_error: download_file: couldn't get thumbnail block: read_error: open /blobber/files/c7/9/2600416a84d7302314e27746b0035c7e85101b21ca797251f00e4859ea1f9/d2/d8/1/4c8666b8da1c74b2cdade9acf53448cfaa0025","9e980a03204572c5cfeb5: no such file or directory from https://dev-4.devnet-0chain.net/blobber04\n","    assertions.go:333: \n","        \tError Trace:\t/root/actions-runner4/_work/system_test/system_test/tests/cli_tests/zboxcli_file_download_test.go:688\n","        \t            \t\t\t\t/root/actions-runner4/_work/system_test/system_test/internal/api/util/test/system_test_framework.go:150\n","        \t            \t\t\t\t/root/actions-runner4/_work/_tool/go/1.20.12/x64/src/runtime/asm_amd64.s:1598\n","        \tError:      \tExpected nil, but got: \u0026exec.ExitError{ProcessState:(*os.ProcessState)(0xc0000121c8), Stderr:[]uint8(nil)}\n","        \tTest:       \tTestDownload/Download_File_Thumbnail_Should_Work\n","        \tMessages:   \t0 / 3374    0.00% 0 / 3374    0.00% 0s\n","        \t            \tError in file operation: Download failed for block 0.\n","        \t            \tdownload_failed: 3 failed blobbers exceeded 0 remaining blobbers. Download errors: Error Unsuccessful download. Error: response_error: download_file: couldn't get thumbnail block: read_error: open /blobber/files/c7/9/2600416a84d7302314e27746b0035c7e85101b21ca797251f00e4859ea1f9/d2/d8/1/4c8666b8da1c74b2cdade9acf53448cfaa00259e980a03204572c5cfeb5: no such file or directory from https://dev-4.devnet-0chain.net/blobber04 Error Unsuccessful download. Error: response_error: download_file: couldn't get thumbnail block: read_error: open /blobber/files/c7/9/2600416a84d7302314e27746b0035c7e85101b21ca797251f00e4859ea1f9/8f/7a/3/7b1fe7c9d280df0878e5ccbe3650fd16c4a1cfcdb6a07691d1b3cf26c99: no such file or directory from https://dev-4.devnet-0chain.net/blobber06 Error Unsuccessful download. Error: response_error: download_file: couldn't get thumbnail block: read_error: open /blobber/files/c7/9/2600416a84d7302314e27746b0035c7e85101b21ca797251f00e4859ea1f9/7b/37/6/2e59f7cf531201c1bbfac141a901dcf9c25b04f","9c0064323e0c7560218e: no such file or directory from https://dev-4.devnet-0chain.net/blobber05\n","    assertions.go:333: \n","        \tError Trace:\t/root/actions-runner4/_work/system_test/system_test/tests/cli_tests/zboxcli_file_download_test.go:670\n","        \t            \t\t\t\t/root/actions-runner4/_work/_tool/go/1.20.12/x64/src/runtime/panic.go:522\n","        \t            \t\t\t\t/root/actions-runner4/_work/_tool/go/1.20.12/x64/src/testing/testing.go:980\n","        \t            \t\t\t\t/root/actions-runner4/_work/system_test/system_test/internal/api/util/test/system_test_framework.go:204\n","        \t            \t\t\t\t/root/actions-runner4/_work/system_test/system_test/tests/cli_tests/zboxcli_file_download_test.go:688\n","        \t            \t\t\t\t/root/actions-runner4/_work/system_test/system_test/internal/api/util/test/system_test_framework.go:150\n","        \t            \t\t\t\t/root/actions-runner4/_work/_tool/go/1.20.12/x64/src/runtime/asm_amd64.s:1598\n","        \tError:      \tExpected nil, but got: \u0026fs.PathError{Op:\"remove\", Path:\"TestDownload-Download_File_Thumbnail_Should_Workthumbnail.png\", Err:0x2}\n","        \tTest:       \tTestDownload/Download_File_Thumbnail_Should_Work\n","    zboxcli_file_download_test.go:653: Test case [Download File Thumbnail Should Work] exit at [02-24-2024 14:02:18]\n","","","    zboxcli_file_download_test.go:653: Test case [Download File Thumbnail Should Work] scheduled at [02-24-2024 14:03:42] \n","","","    system_test_framework.go:149: Test case [Download File Thumbnail Should Work] start at [02-24-2024 14:03:42] \n","2024/02/24 14:03:42 Creating wallet for TestDownload-Download_File_Thumbnail_Should_Work with walletIdx 501\n","File ./config/TestDownload-Download_File_Thumbnail_Should_Work_wallet.json written successfully.\n","    zboxcli_create_allocation_test.go:444: Creating new allocation...\n","    zboxcli_download_token_test.go:134: Locking read tokens...\n","    zboxcli_file_upload_test.go:985: Uploading file...\n","    utils.go:166: Waiting 15s...\n","    zboxcli_file_download_test.go:1337: Downloading file...\n","    utils.go:82: \u001b[33mCommand failed on attempt [1/3] due to error [exit status 1]. Output: [0 / 3374    0.00% 0 / 3374    0.00% 0s -\u003cNEWLINE\u003e- Error in file operation: Download failed for block 0. -\u003cNEWLINE\u003e- download_failed: 3 failed blobbers exceeded 0 remaining blobbers. Download errors: Error Unsuccessful download. Error: response_error: download_file: couldn't get thumbnail block: read_error: open /blobber/files/ac/f/3c8e22b3a8c48626d30eff6ca1c0dd66ad133e5b0556321d21e87c3bb595f/74/2e/2/4132ff962fc1f432c8e8d12bfc564931306c262fb7ef037e04738a77105: no such file or directory from https://dev-4.devnet-0chain.net/blobber05 Error Unsuccessful download. Error: response_error: download_file: couldn't get thumbnail block: read_error: open /blobber/files/ac/f/3c8e22b3a8c48626d30eff6ca1c0dd66ad133e5b0556321d21e87c3bb595f/af/d9/0/59c729caa654631d20b1458065b65ebf15a4b78a5e3bd31fb0f50093ea7: no such file or directory from https://dev-4.devnet-0chain.net/blobber04 Error Unsuccessful download. Error: response_error: dow","nload_file: couldn't get thumbnail block: read_error: open /blobber/files/ac/f/3c8e22b3a8c48626d30eff6ca1c0dd66ad133e5b0556321d21e87c3bb595f/a6/36/d/9676a12c3e73e3ce0a5771f9381e01b47bcde3aba74071ddac35e31071e: no such file or directory from https://dev-4.devnet-0chain.net/blobber06]\n","    utils.go:82: \u001b[33mCommand failed on attempt [2/3] due to error [exit status 1]. Output: [0 / 3374    0.00% 0 / 3374    0.00% 0s -\u003cNEWLINE\u003e- Error in file operation: Download failed for block 0. -\u003cNEWLINE\u003e- download_failed: 3 failed blobbers exceeded 0 remaining blobbers. Download errors: Error Unsuccessful download. Error: response_error: download_file: couldn't get thumbnail block: read_error: open /blobber/files/ac/f/3c8e22b3a8c48626d30eff6ca1c0dd66ad133e5b0556321d21e87c3bb595f/af/d9/0/59c729caa654631d20b1458065b65ebf15a4b78a5e3bd31fb0f50093ea7: no such file or directory from https://dev-4.devnet-0chain.net/blobber04 Error Unsuccessful download. Error: response_error: download_file: couldn't get thumbnail block: read_error: open /blobber/files/ac/f/3c8e22b3a8c48626d30eff6ca1c0dd66ad133e5b0556321d21e87c3bb595f/a6/36/d/9676a12c3e73e3ce0a5771f9381e01b47bcde3aba74071ddac35e31071e: no such file or directory from https://dev-4.devnet-0chain.net/blobber06 Error Unsuccessful download. Error: response_error: dow","nload_file: couldn't get thumbnail block: read_error: open /blobber/files/ac/f/3c8e22b3a8c48626d30eff6ca1c0dd66ad133e5b0556321d21e87c3bb595f/74/2e/2/4132ff962fc1f432c8e8d12bfc564931306c262fb7ef037e04738a77105: no such file or directory from https://dev-4.devnet-0chain.net/blobber05]\n","    utils.go:98: \u001b[31mCommand failed on final attempt [3/3] due to error [exit status 1]. Command String: [] Output: [0 / 3374    0.00% 0 / 3374    0.00% 0s -\u003cNEWLINE\u003e- Error in file operation: Download failed for block 0. -\u003cNEWLINE\u003e- download_failed: 3 failed blobbers exceeded 0 remaining blobbers. Download errors: Error Unsuccessful download. Error: response_error: download_file: couldn't get thumbnail block: read_error: open /blobber/files/ac/f/3c8e22b3a8c48626d30eff6ca1c0dd66ad133e5b0556321d21e87c3bb595f/74/2e/2/4132ff962fc1f432c8e8d12bfc564931306c262fb7ef037e04738a77105: no such file or directory from https://dev-4.devnet-0chain.net/blobber05 Error Unsuccessful download. Error: response_error: download_file: couldn't get thumbnail block: read_error: open /blobber/files/ac/f/3c8e22b3a8c48626d30eff6ca1c0dd66ad133e5b0556321d21e87c3bb595f/a6/36/d/9676a12c3e73e3ce0a5771f9381e01b47bcde3aba74071ddac35e31071e: no such file or directory from https://dev-4.devnet-0chain.net/blobber06 Error Unsuccessful download. E","rror: response_error: download_file: couldn't get thumbnail block: read_error: open /blobber/files/ac/f/3c8e22b3a8c48626d30eff6ca1c0dd66ad133e5b0556321d21e87c3bb595f/af/d9/0/59c729caa654631d20b1458065b65ebf15a4b78a5e3bd31fb0f50093ea7: no such file or directory from https://dev-4.devnet-0chain.net/blobber04]\n","    utils.go:101: \u001b[31mThe verbose output for the command is:\n","    utils.go:105: \u001b[31m0chain-core-sdk [INFO]   2024/02/24 14:04:12.622281 wallet_base.go:331: ******* Wallet SDK Version:v1.11.5-4-ga759a908 ******* (SetLogFile)\n","    utils.go:105: \u001b[31m0box-sdk        [INFO]   2024/02/24 14:04:12.622377 sdk.go:88: ******* Storage SDK Version: v1.11.5-4-ga759a908 *******\n","    utils.go:105: \u001b[31m0chain-core-sdk [INFO]   2024/02/24 14:04:12.643427 transaction_base.go:143: ******* Wallet SDK Version:v1.11.5-4-ga759a908 ******* (InitZCNSDK)\n","    utils.go:105: \u001b[31m0box-sdk        [DEBUG]  2024/02/24 14:04:12.652278 networkworker.go:119: Get network result:{\"miners\":[\"https://dev-4.devnet-0chain.net/miner02\",\"https://dev-4.devnet-0chain.net/miner01\",\"https://dev-4.devnet-0chain.net/miner03\"],\"sharders\":[\"https://dev-4.devnet-0chain.net/sharder02\",\"https://dev-4.devnet-0chain.net/sharder01\"]}\n","    utils.go:105: \u001b[31m0box-sdk        [DEBUG]  2024/02/24 14:04:12.663844 filemetaworker.go:80: File meta response status: 200 OK\n","    utils.go:105: \u001b[31m0box-sdk        [DEBUG]  2024/02/24 14:04:12.664109 filemetaworker.go:80: File meta response status: 200 OK\n","    utils.go:105: \u001b[31m0box-sdk        [DEBUG]  2024/02/24 14:04:12.666452 filemetaworker.go:80: File meta response status: 200 OK\n","    utils.go:105: \u001b[31m0box-sdk        [DEBUG]  2024/02/24 14:04:12.666535 filemetaworker.go:80: File meta response status: 200 OK\n","    utils.go:105: \u001b[31m0box-sdk        [DEBUG]  2024/02/24 14:04:12.673280 downloadworker.go:807: Attempting to submit RM: ReadCounter: 1, SessionRC: 1, BlobberID: 45d0de870ee7cd36f83fd633c9989b9e640f0b386c639aa6c178923f3e968fc1\n","    utils.go:105: \u001b[31m0box-sdk        [DEBUG]  2024/02/24 14:04:12.673288 downloadworker.go:807: Attempting to submit RM: ReadCounter: 1, SessionRC: 1, BlobberID: ff6424d80c49e57b7c2f0621b726f55efc6ca9ce327bdff89ef364adb8278b22\n","    utils.go:105: \u001b[31m0box-sdk        [DEBUG]  2024/02/24 14:04:12.673383 downloadworker.go:807: Attempting to submit RM: ReadCounter: 1, SessionRC: 1, BlobberID: 3812b813bdbba23d548442add2e49d24edd1a178ba0e8daf878599270a2be0ae\n","    utils.go:105: \u001b[31m0box-sdk        \u001b[31m[ERROR]  2024/02/24 14:04:12.678452 downloadworker.go:774: Error while attempting to submit readmarker stale_read_marker: readmarker counter is not in sync with latest counter. Last blobber read counter: 3, but readmarker's counter was: 0, retry: 3\u001b[0m\n","    utils.go:105: \u001b[31m0box-sdk        \u001b[31m[ERROR]  2024/02/24 14:04:12.678501 downloadworker.go:774: Error while attempting to submit readmarker stale_read_marker: readmarker counter is not in sync with latest counter. Last blobber read counter: 3, but readmarker's counter was: 0, retry: 3\u001b[0m\n","    utils.go:105: \u001b[31m0box-sdk        [DEBUG]  2024/02/24 14:04:12.678631 downloadworker.go:807: Attempting to submit RM: ReadCounter: 4, SessionRC: 1, BlobberID: 3812b813bdbba23d548442add2e49d24edd1a178ba0e8daf878599270a2be0ae\n","    utils.go:105: \u001b[31m0box-sdk        [DEBUG]  2024/02/24 14:04:12.678678 downloadworker.go:807: Attempting to submit RM: ReadCounter: 4, SessionRC: 1, BlobberID: 45d0de870ee7cd36f83fd633c9989b9e640f0b386c639aa6c178923f3e968fc1\n","    utils.go:105: \u001b[31m0box-sdk        \u001b[31m[ERROR]  2024/02/24 14:04:12.679787 downloadworker.go:774: Error while attempting to submit readmarker stale_read_marker: readmarker counter is not in sync with latest counter. Last blobber read counter: 3, but readmarker's counter was: 0, retry: 3\u001b[0m\n","    utils.go:105: \u001b[31m0box-sdk        [DEBUG]  2024/02/24 14:04:12.679970 downloadworker.go:807: Attempting to submit RM: ReadCounter: 4, SessionRC: 1, BlobberID: ff6424d80c49e57b7c2f0621b726f55efc6ca9ce327bdff89ef364adb8278b22\n","    utils.go:105: \u001b[31m0box-sdk        [DEBUG]  2024/02/24 14:04:12.686907 downloadworker.go:853: Submit readmarker 200 OK\n","    utils.go:105: \u001b[31m0box-sdk        [DEBUG]  2024/02/24 14:04:12.687794 downloadworker.go:853: Submit readmarker 200 OK\n","    utils.go:105: \u001b[31m0box-sdk        [DEBUG]  2024/02/24 14:04:12.687927 downloadworker.go:853: Submit readmarker 200 OK\n","    utils.go:105: \u001b[31m0box-sdk        [INFO]   2024/02/24 14:04:12.687998 allocation.go:1224: [processReadMarker]{allocation_id 15 0 acf3c8e22b3a8c48626d30eff6ca1c0dd66ad133e5b0556321d21e87c3bb595f \u003cnil\u003e} {num of download requests 11 1  \u003cnil\u003e} {processDownloadRequest 8 12686425  \u003cnil\u003e} {submitReadmarker 8 14945843  \u003cnil\u003e}\n","    utils.go:105: \u001b[31m0box-sdk        [INFO]   2024/02/24 14:04:12.688018 allocation.go:336: received a download request for /zIvm9lfBkW_test.txt\n","    utils.go:105: \u001b[31m0 / 3374    0.00%0box-sdk        [INFO]   2024/02/24 14:04:12.688871 downloadworker.go:549: Downloading file with size: 3374 from start block: 0 and end block: 1. Blocks per blobber: 1 remainingSize: 3374 and total requests: 1\n","    utils.go:105: \u001b[31m0box-sdk        [DEBUG]  2024/02/24 14:04:12.697176 blockdownloadworker.go:181: downloadBlobberBlock FAIL - blobberID: 45d0de870ee7cd36f83fd633c9989b9e640f0b386c639aa6c178923f3e968fc1, clientID: f63ae119774f4b91a43a8ad6650199184d6420a618a71d18a660bff6326ffc2e, blockNum: 0, retry: 0, response: download_file: couldn't get thumbnail block: read_error: open /blobber/files/ac/f/3c8e22b3a8c48626d30eff6ca1c0dd66ad133e5b0556321d21e87c3bb595f/74/2e/2/4132ff962fc1f432c8e8d12bfc564931306c262fb7ef037e04738a77105: no such file or directory\n","    utils.go:105: \u001b[31m0box-sdk        \u001b[31m[ERROR]  2024/02/24 14:04:12.697230 downloadworker.go:311: Unsuccessful download. Error: response_error: download_file: couldn't get thumbnail block: read_error: open /blobber/files/ac/f/3c8e22b3a8c48626d30eff6ca1c0dd66ad133e5b0556321d21e87c3bb595f/74/2e/2/4132ff962fc1f432c8e8d12bfc564931306c262fb7ef037e04738a77105: no such file or directory\u001b[0m\n","    utils.go:105: \u001b[31m0box-sdk        [DEBUG]  2024/02/24 14:04:12.701461 blockdownloadworker.go:181: downloadBlobberBlock FAIL - blobberID: 3812b813bdbba23d548442add2e49d24edd1a178ba0e8daf878599270a2be0ae, clientID: f63ae119774f4b91a43a8ad6650199184d6420a618a71d18a660bff6326ffc2e, blockNum: 0, retry: 0, response: download_file: couldn't get thumbnail block: read_error: open /blobber/files/ac/f/3c8e22b3a8c48626d30eff6ca1c0dd66ad133e5b0556321d21e87c3bb595f/af/d9/0/59c729caa654631d20b1458065b65ebf15a4b78a5e3bd31fb0f50093ea7: no such file or directory\n","    utils.go:105: \u001b[31m0box-sdk        [DEBUG]  2024/02/24 14:04:12.701489 blockdownloadworker.go:181: downloadBlobberBlock FAIL - blobberID: ff6424d80c49e57b7c2f0621b726f55efc6ca9ce327bdff89ef364adb8278b22, clientID: f63ae119774f4b91a43a8ad6650199184d6420a618a71d18a660bff6326ffc2e, blockNum: 0, retry: 0, response: download_file: couldn't get thumbnail block: read_error: open /blobber/files/ac/f/3c8e22b3a8c48626d30eff6ca1c0dd66ad133e5b0556321d21e87c3bb595f/a6/36/d/9676a12c3e73e3ce0a5771f9381e01b47bcde3aba74071ddac35e31071e: no such file or directory\n","    utils.go:105: \u001b[31m0box-sdk        \u001b[31m[ERROR]  2024/02/24 14:04:12.701569 downloadworker.go:311: Unsuccessful download. Error: response_error: download_file: couldn't get thumbnail block: read_error: open /blobber/files/ac/f/3c8e22b3a8c48626d30eff6ca1c0dd66ad133e5b0556321d21e87c3bb595f/af/d9/0/59c729caa654631d20b1458065b65ebf15a4b78a5e3bd31fb0f50093ea7: no such file or directory\u001b[0m\n","    utils.go:105: \u001b[31m0box-sdk        \u001b[31m[ERROR]  2024/02/24 14:04:12.701596 downloadworker.go:311: Unsuccessful download. Error: response_error: download_file: couldn't get thumbnail block: read_error: open /blobber/files/ac/f/3c8e22b3a8c48626d30eff6ca1c0dd66ad133e5b0556321d21e87c3bb595f/a6/36/d/9676a12c3e73e3ce0a5771f9381e01b47bcde3aba74071ddac35e31071e: no such file or directory\u001b[0m\n","    utils.go:105: \u001b[31m0 / 3374    0.00% 0s\n","    utils.go:105: \u001b[31mError in file operation: Download failed for block 0.\n","    utils.go:105: \u001b[31mdownload_failed: 3 failed blobbers exceeded 0 remaining blobbers. Download errors: Error Unsuccessful download. Error: response_error: download_file: couldn't get thumbnail block: read_error: open /blobber/files/ac/f/3c8e22b3a8c48626d30eff6ca1c0dd66ad133e5b0556321d21e87c3bb595f/74/2e/2/4132ff962fc1f432c8e8d12bfc564931306c262fb7ef037e04738a77105: no such file or directory from https://dev-4.devnet-0chain.net/blobber05 Error Unsuccessful download. Error: response_error: download_file: couldn't get thumbnail block: read_error: open /blobber/files/ac/f/3c8e22b3a8c48626d30eff6ca1c0dd66ad133e5b0556321d21e87c3bb595f/af/d9/0/59c729caa654631d20b1458065b65ebf15a4b78a5e3bd31fb0f50093ea7: no such file or directory from https://dev-4.devnet-0chain.net/blobber04 Error Unsuccessful download. Error: response_error: download_file: couldn't get thumbnail block: read_error: open /blobber/files/ac/f/3c8e22b3a8c48626d30eff6ca1c0dd66ad133e5b0556321d21e87c3bb595f/a6/36/d/9676a12c3e73e3ce0a5771f9381e01b47bcde3","aba74071ddac35e31071e: no such file or directory from https://dev-4.devnet-0chain.net/blobber06\n","    assertions.go:333: \n","        \tError Trace:\t/root/actions-runner4/_work/system_test/system_test/tests/cli_tests/zboxcli_file_download_test.go:688\n","        \t            \t\t\t\t/root/actions-runner4/_work/system_test/system_test/internal/api/util/test/system_test_framework.go:150\n","        \t            \t\t\t\t/root/actions-runner4/_work/_tool/go/1.20.12/x64/src/runtime/asm_amd64.s:1598\n","        \tError:      \tExpected nil, but got: \u0026exec.ExitError{ProcessState:(*os.ProcessState)(0xc0000128e8), Stderr:[]uint8(nil)}\n","        \tTest:       \tTestDownload/Download_File_Thumbnail_Should_Work\n","        \tMessages:   \t0 / 3374    0.00% 0 / 3374    0.00% 0s\n","        \t            \tError in file operation: Download failed for block 0.\n","        \t            \tdownload_failed: 3 failed blobbers exceeded 0 remaining blobbers. Download errors: Error Unsuccessful download. Error: response_error: download_file: couldn't get thumbnail block: read_error: open /blobber/files/ac/f/3c8e22b3a8c48626d30eff6ca1c0dd66ad133e5b0556321d21e87c3bb595f/74/2e/2/4132ff962fc1f432c8e8d12bfc564931306c262fb7ef037e04738a77105: no such file or directory from https://dev-4.devnet-0chain.net/blobber05 Error Unsuccessful download. Error: response_error: download_file: couldn't get thumbnail block: read_error: open /blobber/files/ac/f/3c8e22b3a8c48626d30eff6ca1c0dd66ad133e5b0556321d21e87c3bb595f/a6/36/d/9676a12c3e73e3ce0a5771f9381e01b47bcde3aba74071ddac35e31071e: no such file or directory from https://dev-4.devnet-0chain.net/blobber06 Error Unsuccessful download. Error: response_error: download_file: couldn't get thumbnail block: read_error: open /blobber/files/ac/f/3c8e22b3a8c48626d30eff6ca1c0dd66ad133e5b0556321d21e87c3bb595f/af/d9/0/59c729caa654631d20b1458065b65ebf15a4b78","a5e3bd31fb0f50093ea7: no such file or directory from https://dev-4.devnet-0chain.net/blobber04\n","    assertions.go:333: \n","        \tError Trace:\t/root/actions-runner4/_work/system_test/system_test/tests/cli_tests/zboxcli_file_download_test.go:670\n","        \t            \t\t\t\t/root/actions-runner4/_work/_tool/go/1.20.12/x64/src/runtime/panic.go:522\n","        \t            \t\t\t\t/root/actions-runner4/_work/_tool/go/1.20.12/x64/src/testing/testing.go:980\n","        \t            \t\t\t\t/root/actions-runner4/_work/system_test/system_test/internal/api/util/test/system_test_framework.go:204\n","        \t            \t\t\t\t/root/actions-runner4/_work/system_test/system_test/tests/cli_tests/zboxcli_file_download_test.go:688\n","        \t            \t\t\t\t/root/actions-runner4/_work/system_test/system_test/internal/api/util/test/system_test_framework.go:150\n","        \t            \t\t\t\t/root/actions-runner4/_work/_tool/go/1.20.12/x64/src/runtime/asm_amd64.s:1598\n","        \tError:      \tExpected nil, but got: \u0026fs.PathError{Op:\"remove\", Path:\"TestDownload-Download_File_Thumbnail_Should_Workthumbnail.png\", Err:0x2}\n","        \tTest:       \tTestDownload/Download_File_Thumbnail_Should_Work\n","    zboxcli_file_download_test.go:653: Test case [Download File Thumbnail Should Work] exit at [02-24-2024 14:04:12]\n",""],"Passed":false,"Skipped":false,"TestFileName":"","TestFunctionDetail":{"Line":0,"Col":0}}]},{"FailureIndicator":"","SkippedIndicator":"","TestResults":[{"TestName":"TestDownload/Download_File_With_Only_endblock_Should_Work","Package":"github.com/0chain/system_test/tests/cli_tests","ElapsedTime":25.56,"Output":["","    zboxcli_file_download_test.go:830: Test case [Download File With Only endblock Should Work] scheduled at [02-24-2024 14:00:17] \n","","","    system_test_framework.go:149: Test case [Download File With Only endblock Should Work] start at [02-24-2024 14:01:08] \n","2024/02/24 14:01:08 Creating wallet for TestDownload-Download_File_With_Only_endblock_Should_Work with walletIdx 536\n","File ./config/TestDownload-Download_File_With_Only_endblock_Should_Work_wallet.json written successfully.\n","    zboxcli_create_allocation_test.go:444: Creating new allocation...\n","    zboxcli_download_token_test.go:134: Locking read tokens...\n","    zboxcli_file_upload_test.go:1027: Uploading file /tmp/wTHwzBOVm7_test.txt to allocation 1068a823b60d927b96bdf4d25190436e494009a132deae33a54017760e034a35 with remotepath /wTHwzBOVm7_test.txt\n","    zboxcli_file_upload_test.go:985: Uploading file...\n","    utils.go:166: Waiting 15s...\n","    zboxcli_file_download_test.go:1337: Downloading file...\n","    zboxcli_file_download_test.go:830: Test case [Download File With Only endblock Should Work] exit at [02-24-2024 14:01:33]\n","--- PASS: TestDownload/Download_File_With_Only_endblock_Should_Work (25.56s)",""],"Passed":true,"Skipped":false,"TestFileName":"","TestFunctionDetail":{"Line":0,"Col":0}}]},{"FailureIndicator":"failed","SkippedIndicator":"","TestResults":[{"TestName":"TestDownload/Download_File_With_Only_startblock_Should_Work","Package":"github.com/0chain/system_test/tests/cli_tests","ElapsedTime":25.54,"Output":["","    zboxcli_file_download_test.go:777: Test case [Download File With Only startblock Should Work] scheduled at [02-24-2024 14:00:17] \n","","","    system_test_framework.go:149: Test case [Download File With Only startblock Should Work] start at [02-24-2024 14:01:02] \n","2024/02/24 14:01:02 Creating wallet for TestDownload-Download_File_With_Only_startblock_Should_Work with walletIdx 533\n","File ./config/TestDownload-Download_File_With_Only_startblock_Should_Work_wallet.json written successfully.\n","    zboxcli_create_allocation_test.go:444: Creating new allocation...\n","    zboxcli_download_token_test.go:134: Locking read tokens...\n","    zboxcli_file_upload_test.go:1027: Uploading file /tmp/carzKYTX51_test.txt to allocation 5bcb8a84ed5c6c6181c9cc0f4337be1b4e678bf4ca5edf6bbf496a117a9d38a0 with remotepath /carzKYTX51_test.txt\n","    zboxcli_file_upload_test.go:985: Uploading file...\n","    zboxcli_file_stats_test.go:492: Getting file stats...\n","    utils.go:166: Waiting 15s...\n","    zboxcli_file_download_test.go:1337: Downloading file...\n","    assertions.go:333: \n","        \tError Trace:\t/root/actions-runner4/_work/system_test/system_test/tests/cli_tests/zboxcli_file_download_test.go:827\n","        \t            \t\t\t\t/root/actions-runner4/_work/system_test/system_test/internal/api/util/test/system_test_framework.go:150\n","        \t            \t\t\t\t/root/actions-runner4/_work/_tool/go/1.20.12/x64/src/runtime/asm_amd64.s:1598\n","        \tError:      \tNot equal: \n","        \t            \texpected: 1.31072e+06\n","        \t            \tactual  : 786432\n","        \tTest:       \tTestDownload/Download_File_With_Only_startblock_Should_Work\n","    zboxcli_file_download_test.go:777: Test case [Download File With Only startblock Should Work] exit at [02-24-2024 14:01:28]\n","","","    zboxcli_file_download_test.go:777: Test case [Download File With Only startblock Should Work] scheduled at [02-24-2024 14:02:49] \n","","","    system_test_framework.go:149: Test case [Download File With Only startblock Should Work] start at [02-24-2024 14:02:49] \n","2024/02/24 14:02:49 Creating wallet for TestDownload-Download_File_With_Only_startblock_Should_Work with walletIdx 501\n","File ./config/TestDownload-Download_File_With_Only_startblock_Should_Work_wallet.json written successfully.\n","    zboxcli_create_allocation_test.go:444: Creating new allocation...\n","    zboxcli_download_token_test.go:134: Locking read tokens...\n","    zboxcli_file_upload_test.go:1027: Uploading file /tmp/o2oqZy2Eu6_test.txt to allocation 366909f2fb1dbc5f9029ceb77085d0d1746782b14e2cc59714f527309c117a5c with remotepath /o2oqZy2Eu6_test.txt\n","    zboxcli_file_upload_test.go:985: Uploading file...\n","    zboxcli_file_stats_test.go:492: Getting file stats...\n","    utils.go:166: Waiting 15s...\n","    zboxcli_file_download_test.go:1337: Downloading file...\n","    assertions.go:333: \n","        \tError Trace:\t/root/actions-runner4/_work/system_test/system_test/tests/cli_tests/zboxcli_file_download_test.go:827\n","        \t            \t\t\t\t/root/actions-runner4/_work/system_test/system_test/internal/api/util/test/system_test_framework.go:150\n","        \t            \t\t\t\t/root/actions-runner4/_work/_tool/go/1.20.12/x64/src/runtime/asm_amd64.s:1598\n","        \tError:      \tNot equal: \n","        \t            \texpected: 1.31072e+06\n","        \t            \tactual  : 786432\n","        \tTest:       \tTestDownload/Download_File_With_Only_startblock_Should_Work\n","    zboxcli_file_download_test.go:777: Test case [Download File With Only startblock Should Work] exit at [02-24-2024 14:03:15]\n","","","    zboxcli_file_download_test.go:777: Test case [Download File With Only startblock Should Work] scheduled at [02-24-2024 14:04:44] \n","","","    system_test_framework.go:149: Test case [Download File With Only startblock Should Work] start at [02-24-2024 14:04:44] \n","2024/02/24 14:04:44 Creating wallet for TestDownload-Download_File_With_Only_startblock_Should_Work with walletIdx 501\n","File ./config/TestDownload-Download_File_With_Only_startblock_Should_Work_wallet.json written successfully.\n","    zboxcli_create_allocation_test.go:444: Creating new allocation...\n","    zboxcli_download_token_test.go:134: Locking read tokens...\n","    zboxcli_file_upload_test.go:1027: Uploading file /tmp/ed7cymO28G_test.txt to allocation 4c9f28ab30d5ef3ebd8515648de82489d5350c6aa4fbfa627462945528e0efc5 with remotepath /ed7cymO28G_test.txt\n","    zboxcli_file_upload_test.go:985: Uploading file...\n","    zboxcli_file_stats_test.go:492: Getting file stats...\n","    utils.go:166: Waiting 15s...\n","    zboxcli_file_download_test.go:1337: Downloading file...\n","    assertions.go:333: \n","        \tError Trace:\t/root/actions-runner4/_work/system_test/system_test/tests/cli_tests/zboxcli_file_download_test.go:827\n","        \t            \t\t\t\t/root/actions-runner4/_work/system_test/system_test/internal/api/util/test/system_test_framework.go:150\n","        \t            \t\t\t\t/root/actions-runner4/_work/_tool/go/1.20.12/x64/src/runtime/asm_amd64.s:1598\n","        \tError:      \tNot equal: \n","        \t            \texpected: 1.31072e+06\n","        \t            \tactual  : 786432\n","        \tTest:       \tTestDownload/Download_File_With_Only_startblock_Should_Work\n","    zboxcli_file_download_test.go:777: Test case [Download File With Only startblock Should Work] exit at [02-24-2024 14:05:10]\n",""],"Passed":false,"Skipped":false,"TestFileName":"","TestFunctionDetail":{"Line":0,"Col":0}}]},{"FailureIndicator":"","SkippedIndicator":"","TestResults":[{"TestName":"TestDownload/Download_File_With_blockspermarker_Flag_Should_Work","Package":"github.com/0chain/system_test/tests/cli_tests","ElapsedTime":25.46,"Output":["","    zboxcli_file_download_test.go:1080: Test case [Download File With blockspermarker Flag Should Work] scheduled at [02-24-2024 14:00:17] \n","","","2024/02/24 14:00:17 Creating wallet for TestDownload-Download_with_negative_endblock_should_fail with walletIdx 506\n","    system_test_framework.go:149: Test case [Download File With blockspermarker Flag Should Work] start at [02-24-2024 14:00:17] \n","File ./config/TestDownload-Download_Encrypted_File_Should_Work_wallet.json written successfully.\n","    zboxcli_create_allocation_test.go:444: Creating new allocation...\n","2024/02/24 14:00:17 Creating wallet for TestDownload-Download_File_Thumbnail_Should_Work with walletIdx 512\n","    zboxcli_download_token_test.go:134: Locking read tokens...\n","    zboxcli_file_upload_test.go:1027: Uploading file /tmp/XJzgQ0HogG_test.txt to allocation 53f264f3e92c9bdd3860127247928d5948af9ffbe012083eefcabc0753049697 with remotepath /XJzgQ0HogG_test.txt\n","    zboxcli_file_upload_test.go:985: Uploading file...\n","    zboxcli_file_download_test.go:1353: Generating checksum for file [/tmp/XJzgQ0HogG_test.txt]...\n","    utils.go:166: Waiting 15s...\n","    zboxcli_file_download_test.go:1337: Downloading file...\n","    zboxcli_file_download_test.go:1353: Generating checksum for file [tmp/XJzgQ0HogG_test.txt]...\n","    zboxcli_file_download_test.go:1080: Test case [Download File With blockspermarker Flag Should Work] exit at [02-24-2024 14:00:42]\n","--- PASS: TestDownload/Download_File_With_blockspermarker_Flag_Should_Work (25.46s)",""],"Passed":true,"Skipped":false,"TestFileName":"","TestFunctionDetail":{"Line":0,"Col":0}}]},{"FailureIndicator":"","SkippedIndicator":"","TestResults":[{"TestName":"TestDownload/Download_File_With_endblock_greater_than_number_of_blocks_should_work","Package":"github.com/0chain/system_test/tests/cli_tests","ElapsedTime":25.58,"Output":["","    zboxcli_file_download_test.go:950: Test case [Download File With endblock greater than number of blocks should work] scheduled at [02-24-2024 14:00:17] \n","","","    system_test_framework.go:149: Test case [Download File With endblock greater than number of blocks should work] start at [02-24-2024 14:01:08] \n","2024/02/24 14:01:08 Creating wallet for TestDownload-Download_File_With_endblock_greater_than_number_of_blocks_should_work with walletIdx 538\n","File ./config/TestDownload-Download_File_With_endblock_greater_than_number_of_blocks_should_work_wallet.json written successfully.\n","    zboxcli_create_allocation_test.go:444: Creating new allocation...\n","    zboxcli_download_token_test.go:134: Locking read tokens...\n","    zboxcli_file_upload_test.go:1027: Uploading file /tmp/5bA0foB4aB_test.txt to allocation aba37c9525ccdeed7ce5167427c5973515693c4f984c288d026cc3ff6d2ec8ba with remotepath /5bA0foB4aB_test.txt\n","    zboxcli_file_upload_test.go:985: Uploading file...\n","    utils.go:166: Waiting 15s...\n","    zboxcli_file_download_test.go:1337: Downloading file...\n","    zboxcli_file_download_test.go:950: Test case [Download File With endblock greater than number of blocks should work] exit at [02-24-2024 14:01:33]\n","--- PASS: TestDownload/Download_File_With_endblock_greater_than_number_of_blocks_should_work (25.58s)",""],"Passed":true,"Skipped":false,"TestFileName":"","TestFunctionDetail":{"Line":0,"Col":0}}]},{"FailureIndicator":"","SkippedIndicator":"","TestResults":[{"TestName":"TestDownload/Download_File_With_startblock_0_and_non-zero_endblock_should_fail","Package":"github.com/0chain/system_test/tests/cli_tests","ElapsedTime":29.65,"Output":["","    zboxcli_file_download_test.go:917: Test case [Download File With startblock 0 and non-zero endblock should fail] scheduled at [02-24-2024 14:00:17] \n","","","    system_test_framework.go:149: Test case [Download File With startblock 0 and non-zero endblock should fail] start at [02-24-2024 14:00:17] \n","    zboxcli_create_allocation_test.go:444: Creating new allocation...\n","File ./config/TestDownload-Download_File_Thumbnail_Should_Work_wallet.json written successfully.\n","    zboxcli_download_token_test.go:134: Locking read tokens...\n","    zboxcli_file_upload_test.go:1027: Uploading file /tmp/iqi69-2vvw_test.txt to allocation 081dd8d8a5fef8d654f9a2b385d1c84d631eefa8824a66d3a4c81f22b1c9a3c7 with remotepath /iqi69-2vvw_test.txt\n","    zboxcli_file_upload_test.go:985: Uploading file...\n","    utils.go:166: Waiting 15s...\n","    zboxcli_file_download_test.go:1337: Downloading file...\n","    utils.go:82: \u001b[33mCommand failed on attempt [1/3] due to error [exit status 1]. Output: [Error: start block should not be less than 1 -\u003cNEWLINE\u003e- Error in file operation: start block or end block or both cannot be negative.]\n","    utils.go:82: \u001b[33mCommand failed on attempt [2/3] due to error [exit status 1]. Output: [Error: start block should not be less than 1 -\u003cNEWLINE\u003e- Error in file operation: start block or end block or both cannot be negative.]\n","    utils.go:98: \u001b[31mCommand failed on final attempt [3/3] due to error [exit status 1]. Command String: [] Output: [Error: start block should not be less than 1 -\u003cNEWLINE\u003e- Error in file operation: start block or end block or both cannot be negative.]\n","    utils.go:101: \u001b[31mThe verbose output for the command is:\n","    utils.go:105: \u001b[31m0chain-core-sdk [INFO]   2024/02/24 14:00:46.828051 wallet_base.go:331: ******* Wallet SDK Version:v1.11.5-4-ga759a908 ******* (SetLogFile)\n","    utils.go:105: \u001b[31m0box-sdk        [INFO]   2024/02/24 14:00:46.843588 sdk.go:88: ******* Storage SDK Version: v1.11.5-4-ga759a908 *******\n","    utils.go:105: \u001b[31m0chain-core-sdk [INFO]   2024/02/24 14:00:46.858164 transaction_base.go:143: ******* Wallet SDK Version:v1.11.5-4-ga759a908 ******* (InitZCNSDK)\n","    utils.go:105: \u001b[31m0box-sdk        [DEBUG]  2024/02/24 14:00:46.864217 networkworker.go:119: Get network result:{\"miners\":[\"https://dev-4.devnet-0chain.net/miner02\",\"https://dev-4.devnet-0chain.net/miner01\",\"https://dev-4.devnet-0chain.net/miner03\"],\"sharders\":[\"https://dev-4.devnet-0chain.net/sharder02\",\"https://dev-4.devnet-0chain.net/sharder01\"]}\n","    utils.go:105: \u001b[31mError: start block should not be less than 1\n","    utils.go:105: \u001b[31mError in file operation: start block or end block or both cannot be negative.\n","    zboxcli_file_download_test.go:917: Test case [Download File With startblock 0 and non-zero endblock should fail] exit at [02-24-2024 14:00:46]\n","--- PASS: TestDownload/Download_File_With_startblock_0_and_non-zero_endblock_should_fail (29.65s)",""],"Passed":true,"Skipped":false,"TestFileName":"","TestFunctionDetail":{"Line":0,"Col":0}}]},{"FailureIndicator":"","SkippedIndicator":"","TestResults":[{"TestName":"TestDownload/Download_File_With_startblock_And_endblock_Should_Work","Package":"github.com/0chain/system_test/tests/cli_tests","ElapsedTime":25.77,"Output":["","    zboxcli_file_download_test.go:861: Test case [Download File With startblock And endblock Should Work] scheduled at [02-24-2024 14:00:17] \n","","","    system_test_framework.go:149: Test case [Download File With startblock And endblock Should Work] start at [02-24-2024 14:01:03] \n","2024/02/24 14:01:03 Creating wallet for TestDownload-Download_File_With_startblock_And_endblock_Should_Work with walletIdx 534\n","File ./config/TestDownload-Download_File_With_startblock_And_endblock_Should_Work_wallet.json written successfully.\n","    zboxcli_create_allocation_test.go:444: Creating new allocation...\n","    zboxcli_download_token_test.go:134: Locking read tokens...\n","    zboxcli_file_upload_test.go:1027: Uploading file /tmp/Br6jR6PxUj_test.txt to allocation 8af924d6993e20bce38b1a7f4d3ca7b2dc4e217e7929231f2d5dfb97f4763637 with remotepath /Br6jR6PxUj_test.txt\n","    zboxcli_file_upload_test.go:985: Uploading file...\n","    zboxcli_file_stats_test.go:492: Getting file stats...\n","    utils.go:166: Waiting 15s...\n","    zboxcli_file_download_test.go:1337: Downloading file...\n","    zboxcli_file_download_test.go:861: Test case [Download File With startblock And endblock Should Work] exit at [02-24-2024 14:01:28]\n","--- PASS: TestDownload/Download_File_With_startblock_And_endblock_Should_Work (25.77s)",""],"Passed":true,"Skipped":false,"TestFileName":"","TestFunctionDetail":{"Line":0,"Col":0}}]},{"FailureIndicator":"","SkippedIndicator":"","TestResults":[{"TestName":"TestDownload/Download_File_Without_read-lock_Should_Fail","Package":"github.com/0chain/system_test/tests/cli_tests","ElapsedTime":20.31,"Output":["","    zboxcli_file_download_test.go:1207: Test case [Download File Without read-lock Should Fail] scheduled at [02-24-2024 14:00:17] \n","","","    system_test_framework.go:149: Test case [Download File Without read-lock Should Fail] start at [02-24-2024 14:00:42] \n","2024/02/24 14:00:42 Creating wallet for TestDownload-Download_File_Without_read-lock_Should_Fail with walletIdx 518\n","File ./config/TestDownload-Download_File_Without_read-lock_Should_Fail_wallet.json written successfully.\n","    zboxcli_create_allocation_test.go:444: Creating new allocation...\n","    zboxcli_file_upload_test.go:1027: Uploading file /tmp/odHdzUE9RB_test.txt to allocation 0c2709fb0bede102fc28d829af2f1abdcc78c045625a54697a09eb96aa450ea9 with remotepath /odHdzUE9RB_test.txt\n","    zboxcli_file_upload_test.go:985: Uploading file...\n","    utils.go:166: Waiting 15s...\n","    zboxcli_file_download_test.go:1337: Downloading file...\n","    zboxcli_file_download_test.go:1207: Test case [Download File Without read-lock Should Fail] exit at [02-24-2024 14:01:02]\n","--- PASS: TestDownload/Download_File_Without_read-lock_Should_Fail (20.31s)",""],"Passed":true,"Skipped":false,"TestFileName":"","TestFunctionDetail":{"Line":0,"Col":0}}]},{"FailureIndicator":"","SkippedIndicator":"","TestResults":[{"TestName":"TestDownload/Download_File_from_Nested_Directory_Should_Work","Package":"github.com/0chain/system_test/tests/cli_tests","ElapsedTime":25.7,"Output":["","    zboxcli_file_download_test.go:162: Test case [Download File from Nested Directory Should Work] scheduled at [02-24-2024 14:00:17] \n","","","    system_test_framework.go:149: Test case [Download File from Nested Directory Should Work] start at [02-24-2024 14:00:42] \n","2024/02/24 14:00:42 Creating wallet for TestDownload-Download_File_from_Nested_Directory_Should_Work with walletIdx 523\n","File ./config/TestDownload-Download_File_from_Nested_Directory_Should_Work_wallet.json written successfully.\n","    zboxcli_create_allocation_test.go:444: Creating new allocation...\n","    zboxcli_download_token_test.go:134: Locking read tokens...\n","    zboxcli_file_upload_test.go:1027: Uploading file /tmp/AvLhVNE0Gh_test.txt to allocation 02cffdee292eb7bd2a1bdef3a2b02548034cc2647121385811924fb2a970685d with remotepath /nested/dir/AvLhVNE0Gh_test.txt\n","    zboxcli_file_upload_test.go:985: Uploading file...\n","    zboxcli_file_download_test.go:1353: Generating checksum for file [/tmp/AvLhVNE0Gh_test.txt]...\n","    utils.go:166: Waiting 15s...\n","    zboxcli_file_download_test.go:1337: Downloading file...\n","    zboxcli_file_download_test.go:1353: Generating checksum for file [tmp/AvLhVNE0Gh_test.txt]...\n","    zboxcli_file_download_test.go:162: Test case [Download File from Nested Directory Should Work] exit at [02-24-2024 14:01:08]\n","--- PASS: TestDownload/Download_File_from_Nested_Directory_Should_Work (25.70s)",""],"Passed":true,"Skipped":false,"TestFileName":"","TestFunctionDetail":{"Line":0,"Col":0}}]},{"FailureIndicator":"","SkippedIndicator":"","TestResults":[{"TestName":"TestDownload/Download_File_from_Non-Existent_Allocation_Should_Fail","Package":"github.com/0chain/system_test/tests/cli_tests","ElapsedTime":15.06,"Output":["","    zboxcli_file_download_test.go:1116: Test case [Download File from Non-Existent Allocation Should Fail] scheduled at [02-24-2024 14:00:17] \n","","","    system_test_framework.go:149: Test case [Download File from Non-Existent Allocation Should Fail] start at [02-24-2024 14:00:17] \n","2024/02/24 14:00:17 Creating wallet for TestDownload-Download_File_from_Root_Directory_Should_Work with walletIdx 501\n","    utils.go:166: Waiting 15s...\n","    zboxcli_file_download_test.go:1337: Downloading file...\n","    zboxcli_file_download_test.go:1116: Test case [Download File from Non-Existent Allocation Should Fail] exit at [02-24-2024 14:00:32]\n","--- PASS: TestDownload/Download_File_from_Non-Existent_Allocation_Should_Fail (15.06s)",""],"Passed":true,"Skipped":false,"TestFileName":"","TestFunctionDetail":{"Line":0,"Col":0}}]},{"FailureIndicator":"","SkippedIndicator":"","TestResults":[{"TestName":"TestDownload/Download_File_from_Other's_Allocation_Should_Fail","Package":"github.com/0chain/system_test/tests/cli_tests","ElapsedTime":20.29,"Output":["","    zboxcli_file_download_test.go:1131: Test case [Download File from Other's Allocation Should Fail] scheduled at [02-24-2024 14:00:17] \n","","","    system_test_framework.go:149: Test case [Download File from Other's Allocation Should Fail] start at [02-24-2024 14:00:17] \n","2024/02/24 14:00:22 Creating wallet for TestDownload-Download_File_from_Other's_Allocation_Should_Fail with walletIdx 513\n","File ./config/TestDownload-Download_File_from_Other's_Allocation_Should_Fail_wallet.json written successfully.\n","    utils.go:166: Waiting 15s...\n","    zboxcli_file_download_test.go:1337: Downloading file...\n","    zboxcli_file_download_test.go:1131: Test case [Download File from Other's Allocation Should Fail] exit at [02-24-2024 14:00:37]\n","--- PASS: TestDownload/Download_File_from_Other's_Allocation_Should_Fail (20.29s)",""],"Passed":true,"Skipped":false,"TestFileName":"","TestFunctionDetail":{"Line":0,"Col":0}}]},{"FailureIndicator":"","SkippedIndicator":"","TestResults":[{"TestName":"TestDownload/Download_File_from_Other's_Allocation_Should_Fail/Get_Other_Allocation_ID","Package":"github.com/0chain/system_test/tests/cli_tests","ElapsedTime":5.22,"Output":["","    zboxcli_file_download_test.go:1138: Test case [Get Other Allocation ID] scheduled at [02-24-2024 14:00:17] \n","File ./config/TestDownload-Download_File_from_Non-Existent_Allocation_Should_Fail_wallet.json written successfully.\n","File ./config/TestDownload-Download_File_from_Root_Directory_Should_Work_wallet.json written successfully.\n","    zboxcli_file_download_test.go:1138: [WARN] Not running test case [Get Other Allocation ID] in parallel as it is a child test. Use t.Unwrap.run() then t.Parallel() if you wish to do this.\n","    system_test_framework.go:149: Test case [Get Other Allocation ID] start at [02-24-2024 14:00:17] \n","2024/02/24 14:00:17 Creating wallet for TestDownload-Download_File_from_Other's_Allocation_Should_Fail-Get_Other_Allocation_ID with walletIdx 503\n","File ./config/TestDownload-Download_File_from_Other's_Allocation_Should_Fail-Get_Other_Allocation_ID_wallet.json written successfully.\n","    zboxcli_create_allocation_test.go:444: Creating new allocation...\n","    zboxcli_file_upload_test.go:1027: Uploading file /tmp/UIoIouzob6_test.txt to allocation bcbca32b1a65e9bc4cf34f40d59bf0e20da077c198f66eb4f0357ac6ef3e5cf3 with remotepath /UIoIouzob6_test.txt\n","    zboxcli_file_upload_test.go:985: Uploading file...\n","    zboxcli_file_download_test.go:1138: Test case [Get Other Allocation ID] exit at [02-24-2024 14:00:22]\n","--- PASS: TestDownload/Download_File_from_Other's_Allocation_Should_Fail/Get_Other_Allocation_ID (5.22s)",""],"Passed":true,"Skipped":false,"TestFileName":"","TestFunctionDetail":{"Line":0,"Col":0}}]},{"FailureIndicator":"","SkippedIndicator":"","TestResults":[{"TestName":"TestDownload/Download_File_from_Root_Directory_Should_Work","Package":"github.com/0chain/system_test/tests/cli_tests","ElapsedTime":25.48,"Output":["","    zboxcli_file_download_test.go:35: Test case [Download File from Root Directory Should Work] scheduled at [02-24-2024 14:00:17] \n","","","    system_test_framework.go:149: Test case [Download File from Root Directory Should Work] start at [02-24-2024 14:00:17] \n","    zboxcli_create_allocation_test.go:444: Creating new allocation...\n","    zboxcli_download_token_test.go:134: Locking read tokens...\n","    zboxcli_file_upload_test.go:1027: Uploading file /tmp/BNhE0g6HPN_test.txt to allocation d8286ecd5740846da33f0fad485c82016835a54b1fe98e7ded3baaa595cc07a8 with remotepath /BNhE0g6HPN_test.txt\n","    zboxcli_file_upload_test.go:985: Uploading file...\n","    zboxcli_file_download_test.go:1353: Generating checksum for file [/tmp/BNhE0g6HPN_test.txt]...\n","    utils.go:166: Waiting 15s...\n","    zboxcli_file_download_test.go:1337: Downloading file...\n","    zboxcli_file_download_test.go:1353: Generating checksum for file [tmp/BNhE0g6HPN_test.txt]...\n","    zboxcli_file_download_test.go:35: Test case [Download File from Root Directory Should Work] exit at [02-24-2024 14:00:42]\n","--- PASS: TestDownload/Download_File_from_Root_Directory_Should_Work (25.48s)",""],"Passed":true,"Skipped":false,"TestFileName":"","TestFunctionDetail":{"Line":0,"Col":0}}]},{"FailureIndicator":"","SkippedIndicator":"","TestResults":[{"TestName":"TestDownload/Download_File_from_a_Directory_Should_Work","Package":"github.com/0chain/system_test/tests/cli_tests","ElapsedTime":25.71,"Output":["","    zboxcli_file_download_test.go:129: Test case [Download File from a Directory Should Work] scheduled at [02-24-2024 14:00:17] \n","","","    system_test_framework.go:149: Test case [Download File from a Directory Should Work] start at [02-24-2024 14:00:42] \n","2024/02/24 14:00:42 Creating wallet for TestDownload-Download_File_from_a_Directory_Should_Work with walletIdx 522\n","File ./config/TestDownload-Download_File_from_a_Directory_Should_Work_wallet.json written successfully.\n","    zboxcli_create_allocation_test.go:444: Creating new allocation...\n","    zboxcli_download_token_test.go:134: Locking read tokens...\n","    zboxcli_file_upload_test.go:1027: Uploading file /tmp/sonznCKh4L_test.txt to allocation f54a1510ca60cbabf2cbd3a434d2d55538a694027a34c13689c05ff84811dcde with remotepath /dir/sonznCKh4L_test.txt\n","    zboxcli_file_upload_test.go:985: Uploading file...\n","    zboxcli_file_download_test.go:1353: Generating checksum for file [/tmp/sonznCKh4L_test.txt]...\n","    utils.go:166: Waiting 15s...\n","    zboxcli_file_download_test.go:1337: Downloading file...\n","    zboxcli_file_download_test.go:1353: Generating checksum for file [tmp/sonznCKh4L_test.txt]...\n","    zboxcli_file_download_test.go:129: Test case [Download File from a Directory Should Work] exit at [02-24-2024 14:01:08]\n","--- PASS: TestDownload/Download_File_from_a_Directory_Should_Work (25.71s)",""],"Passed":true,"Skipped":false,"TestFileName":"","TestFunctionDetail":{"Line":0,"Col":0}}]},{"FailureIndicator":"failed","SkippedIndicator":"","TestResults":[{"TestName":"TestDownload/Download_File_to_Existing_File_Should_Fail","Package":"github.com/0chain/system_test/tests/cli_tests","ElapsedTime":25.41,"Output":["","    zboxcli_file_download_test.go:1233: Test case [Download File to Existing File Should Fail] scheduled at [02-24-2024 14:00:17] \n","","","    system_test_framework.go:149: Test case [Download File to Existing File Should Fail] start at [02-24-2024 14:00:37] \n","2024/02/24 14:00:37 Creating wallet for TestDownload-Download_File_to_Existing_File_Should_Fail with walletIdx 517\n","File ./config/TestDownload-Download_File_to_Existing_File_Should_Fail_wallet.json written successfully.\n","    zboxcli_create_allocation_test.go:444: Creating new allocation...\n","    zboxcli_download_token_test.go:134: Locking read tokens...\n","    zboxcli_file_upload_test.go:1027: Uploading file /tmp/pTI0c6K-us_test.txt to allocation 48b0a8b05cc211a1355f4ed8dc2ca5c19f5c05325e95b577e1b2e66e84c75740 with remotepath /pTI0c6K-us_test.txt\n","    zboxcli_file_upload_test.go:985: Uploading file...\n","    utils.go:166: Waiting 15s...\n","    zboxcli_file_download_test.go:1337: Downloading file...\n","    assertions.go:333: \n","        \tError Trace:\t/root/actions-runner4/_work/system_test/system_test/tests/cli_tests/zboxcli_file_download_test.go:1250\n","        \t            \t\t\t\t/root/actions-runner4/_work/system_test/system_test/internal/api/util/test/system_test_framework.go:150\n","        \t            \t\t\t\t/root/actions-runner4/_work/_tool/go/1.20.12/x64/src/runtime/asm_amd64.s:1598\n","        \tError:      \tExpected value not to be nil.\n","        \tTest:       \tTestDownload/Download_File_to_Existing_File_Should_Fail\n","        \tMessages:   \t0 / 256    0.00% 256 / 256  100.00% 0s\n","        \t            \tStatus completed callback. Type = . Name = pTI0c6K-us_test.txt\n","    zboxcli_file_download_test.go:1233: Test case [Download File to Existing File Should Fail] exit at [02-24-2024 14:01:03]\n","","","    zboxcli_file_download_test.go:1233: Test case [Download File to Existing File Should Fail] scheduled at [02-24-2024 14:03:16] \n","","","    system_test_framework.go:149: Test case [Download File to Existing File Should Fail] start at [02-24-2024 14:03:16] \n","2024/02/24 14:03:16 Creating wallet for TestDownload-Download_File_to_Existing_File_Should_Fail with walletIdx 501\n","File ./config/TestDownload-Download_File_to_Existing_File_Should_Fail_wallet.json written successfully.\n","    zboxcli_create_allocation_test.go:444: Creating new allocation...\n","    zboxcli_download_token_test.go:134: Locking read tokens...\n","    zboxcli_file_upload_test.go:1027: Uploading file /tmp/Zfq2hqRZ9W_test.txt to allocation 04442df77fe82bde2beb7d1955a0221a38a0bc457570d6b92316b8e1e5e76b08 with remotepath /Zfq2hqRZ9W_test.txt\n","    zboxcli_file_upload_test.go:985: Uploading file...\n","    utils.go:166: Waiting 15s...\n","    zboxcli_file_download_test.go:1337: Downloading file...\n","    assertions.go:333: \n","        \tError Trace:\t/root/actions-runner4/_work/system_test/system_test/tests/cli_tests/zboxcli_file_download_test.go:1250\n","        \t            \t\t\t\t/root/actions-runner4/_work/system_test/system_test/internal/api/util/test/system_test_framework.go:150\n","        \t            \t\t\t\t/root/actions-runner4/_work/_tool/go/1.20.12/x64/src/runtime/asm_amd64.s:1598\n","        \tError:      \tExpected value not to be nil.\n","        \tTest:       \tTestDownload/Download_File_to_Existing_File_Should_Fail\n","        \tMessages:   \t0 / 256    0.00% 256 / 256  100.00% 0s\n","        \t            \tStatus completed callback. Type = . Name = Zfq2hqRZ9W_test.txt\n","    zboxcli_file_download_test.go:1233: Test case [Download File to Existing File Should Fail] exit at [02-24-2024 14:03:42]\n","","","    zboxcli_file_download_test.go:1233: Test case [Download File to Existing File Should Fail] scheduled at [02-24-2024 14:05:11] \n","","","    system_test_framework.go:149: Test case [Download File to Existing File Should Fail] start at [02-24-2024 14:05:11] \n","2024/02/24 14:05:11 Creating wallet for TestDownload-Download_File_to_Existing_File_Should_Fail with walletIdx 501\n","File ./config/TestDownload-Download_File_to_Existing_File_Should_Fail_wallet.json written successfully.\n","    zboxcli_create_allocation_test.go:444: Creating new allocation...\n","    zboxcli_download_token_test.go:134: Locking read tokens...\n","    zboxcli_file_upload_test.go:1027: Uploading file /tmp/rilXRDBe4c_test.txt to allocation 79e381681a995c8f4aef5735d0738f299e594e8a8a3b9036a906e70c76c98975 with remotepath /rilXRDBe4c_test.txt\n","    zboxcli_file_upload_test.go:985: Uploading file...\n","    utils.go:166: Waiting 15s...\n","    zboxcli_file_download_test.go:1337: Downloading file...\n","    assertions.go:333: \n","        \tError Trace:\t/root/actions-runner4/_work/system_test/system_test/tests/cli_tests/zboxcli_file_download_test.go:1250\n","        \t            \t\t\t\t/root/actions-runner4/_work/system_test/system_test/internal/api/util/test/system_test_framework.go:150\n","        \t            \t\t\t\t/root/actions-runner4/_work/_tool/go/1.20.12/x64/src/runtime/asm_amd64.s:1598\n","        \tError:      \tExpected value not to be nil.\n","        \tTest:       \tTestDownload/Download_File_to_Existing_File_Should_Fail\n","        \tMessages:   \t0 / 256    0.00% 256 / 256  100.00% 0s\n","        \t            \tStatus completed callback. Type = . Name = rilXRDBe4c_test.txt\n","    zboxcli_file_download_test.go:1233: Test case [Download File to Existing File Should Fail] exit at [02-24-2024 14:05:36]\n",""],"Passed":false,"Skipped":false,"TestFileName":"","TestFunctionDetail":{"Line":0,"Col":0}}]},{"FailureIndicator":"","SkippedIndicator":"","TestResults":[{"TestName":"TestDownload/Download_From_Shared_Folder_by_Lookup_Hash_Should_Work","Package":"github.com/0chain/system_test/tests/cli_tests","ElapsedTime":30.51,"Output":["","    zboxcli_file_download_test.go:498: Test case [Download From Shared Folder by Lookup Hash Should Work] scheduled at [02-24-2024 14:00:17] \n","","","    system_test_framework.go:149: Test case [Download From Shared Folder by Lookup Hash Should Work] start at [02-24-2024 14:00:46] \n","2024/02/24 14:00:57 Creating wallet for TestDownload-Download_From_Shared_Folder_by_Lookup_Hash_Should_Work with walletIdx 530\n","File ./config/TestDownload-Download_From_Shared_Folder_by_Lookup_Hash_Should_Work_wallet.json written successfully.\n","    zboxcli_download_token_test.go:134: Locking read tokens...\n","    utils.go:166: Waiting 15s...\n","    zboxcli_file_download_test.go:1337: Downloading file...\n","    zboxcli_file_download_test.go:1353: Generating checksum for file [tmp/jytHNvY67p_test.txt]...\n","    zboxcli_file_download_test.go:498: Test case [Download From Shared Folder by Lookup Hash Should Work] exit at [02-24-2024 14:01:17]\n","--- PASS: TestDownload/Download_From_Shared_Folder_by_Lookup_Hash_Should_Work (30.51s)",""],"Passed":true,"Skipped":false,"TestFileName":"","TestFunctionDetail":{"Line":0,"Col":0}}]},{"FailureIndicator":"","SkippedIndicator":"","TestResults":[{"TestName":"TestDownload/Download_From_Shared_Folder_by_Lookup_Hash_Should_Work/Share_File_from_Another_Wallet","Package":"github.com/0chain/system_test/tests/cli_tests","ElapsedTime":10.35,"Output":["","    zboxcli_file_download_test.go:505: Test case [Share File from Another Wallet] scheduled at [02-24-2024 14:00:46] \n","    zboxcli_file_download_test.go:505: [WARN] Not running test case [Share File from Another Wallet] in parallel as it is a child test. Use t.Unwrap.run() then t.Parallel() if you wish to do this.\n","    system_test_framework.go:149: Test case [Share File from Another Wallet] start at [02-24-2024 14:00:46] \n","2024/02/24 14:00:46 Creating wallet for TestDownload-Download_From_Shared_Folder_by_Lookup_Hash_Should_Work-Share_File_from_Another_Wallet with walletIdx 526\n","File ./config/TestDownload-Download_From_Shared_Folder_by_Lookup_Hash_Should_Work-Share_File_from_Another_Wallet_wallet.json written successfully.\n","    zboxcli_create_allocation_test.go:444: Creating new allocation...\n","    zboxcli_download_token_test.go:134: Locking read tokens...\n","    zboxcli_file_upload_test.go:1027: Uploading file /tmp/jytHNvY67p_test.txt to allocation 041f74a95a58fe3be1cc386de67ae2c41bf22a8a39346f1ea90eb74340051f53 with remotepath /dir/jytHNvY67p_test.txt\n","    zboxcli_file_upload_test.go:985: Uploading file...\n","    zboxcli_file_download_test.go:1353: Generating checksum for file [/tmp/jytHNvY67p_test.txt]...\n","    zboxcli_list_file_test.go:617: Sharing file/folder...\n","    zboxcli_file_download_test.go:505: Test case [Share File from Another Wallet] exit at [02-24-2024 14:00:57]\n","--- PASS: TestDownload/Download_From_Shared_Folder_by_Lookup_Hash_Should_Work/Share_File_from_Another_Wallet (10.35s)",""],"Passed":true,"Skipped":false,"TestFileName":"","TestFunctionDetail":{"Line":0,"Col":0}}]},{"FailureIndicator":"","SkippedIndicator":"","TestResults":[{"TestName":"TestDownload/Download_From_Shared_Folder_by_Remotepath_Should_Work","Package":"github.com/0chain/system_test/tests/cli_tests","ElapsedTime":30.51,"Output":["","    zboxcli_file_download_test.go:442: Test case [Download From Shared Folder by Remotepath Should Work] scheduled at [02-24-2024 14:00:17] \n","","","    system_test_framework.go:149: Test case [Download From Shared Folder by Remotepath Should Work] start at [02-24-2024 14:00:46] \n","2024/02/24 14:00:57 Creating wallet for TestDownload-Download_From_Shared_Folder_by_Remotepath_Should_Work with walletIdx 531\n","File ./config/TestDownload-Download_From_Shared_Folder_by_Remotepath_Should_Work_wallet.json written successfully.\n","    zboxcli_download_token_test.go:134: Locking read tokens...\n","    utils.go:166: Waiting 15s...\n","    zboxcli_file_download_test.go:1337: Downloading file...\n","    zboxcli_file_download_test.go:1353: Generating checksum for file [tmp/XqnANyjBL7_test.txt]...\n","    zboxcli_file_download_test.go:442: Test case [Download From Shared Folder by Remotepath Should Work] exit at [02-24-2024 14:01:17]\n","--- PASS: TestDownload/Download_From_Shared_Folder_by_Remotepath_Should_Work (30.51s)",""],"Passed":true,"Skipped":false,"TestFileName":"","TestFunctionDetail":{"Line":0,"Col":0}}]},{"FailureIndicator":"","SkippedIndicator":"","TestResults":[{"TestName":"TestDownload/Download_From_Shared_Folder_by_Remotepath_Should_Work/Share_File_from_Another_Wallet","Package":"github.com/0chain/system_test/tests/cli_tests","ElapsedTime":10.36,"Output":["","    zboxcli_file_download_test.go:449: Test case [Share File from Another Wallet] scheduled at [02-24-2024 14:00:46] \n","    zboxcli_file_download_test.go:449: [WARN] Not running test case [Share File from Another Wallet] in parallel as it is a child test. Use t.Unwrap.run() then t.Parallel() if you wish to do this.\n","    system_test_framework.go:149: Test case [Share File from Another Wallet] start at [02-24-2024 14:00:46] \n","2024/02/24 14:00:46 Creating wallet for TestDownload-Download_From_Shared_Folder_by_Remotepath_Should_Work-Share_File_from_Another_Wallet with walletIdx 525\n","File ./config/TestDownload-Download_From_Shared_Folder_by_Remotepath_Should_Work-Share_File_from_Another_Wallet_wallet.json written successfully.\n","    zboxcli_create_allocation_test.go:444: Creating new allocation...\n","    zboxcli_download_token_test.go:134: Locking read tokens...\n","    zboxcli_file_upload_test.go:1027: Uploading file /tmp/XqnANyjBL7_test.txt to allocation bbea8bbfc549b14ac83a76310a5555cb44246db09c7b84ccf2f81de961c154b6 with remotepath /dir/XqnANyjBL7_test.txt\n","    zboxcli_file_upload_test.go:985: Uploading file...\n","    zboxcli_file_download_test.go:1353: Generating checksum for file [/tmp/XqnANyjBL7_test.txt]...\n","    zboxcli_list_file_test.go:617: Sharing file/folder...\n","    zboxcli_file_download_test.go:449: Test case [Share File from Another Wallet] exit at [02-24-2024 14:00:57]\n","--- PASS: TestDownload/Download_From_Shared_Folder_by_Remotepath_Should_Work/Share_File_from_Another_Wallet (10.36s)",""],"Passed":true,"Skipped":false,"TestFileName":"","TestFunctionDetail":{"Line":0,"Col":0}}]},{"FailureIndicator":"","SkippedIndicator":"","TestResults":[{"TestName":"TestDownload/Download_Moved_File_Should_Work","Package":"github.com/0chain/system_test/tests/cli_tests","ElapsedTime":29.45,"Output":["","    zboxcli_file_download_test.go:1257: Test case [Download Moved File Should Work] scheduled at [02-24-2024 14:00:17] \n","","","    system_test_framework.go:149: Test case [Download Moved File Should Work] start at [02-24-2024 14:00:32] \n","2024/02/24 14:00:32 Creating wallet for TestDownload-Download_Moved_File_Should_Work with walletIdx 516\n","File ./config/TestDownload-Download_Moved_File_Should_Work_wallet.json written successfully.\n","    zboxcli_create_allocation_test.go:444: Creating new allocation...\n","    zboxcli_download_token_test.go:134: Locking read tokens...\n","    zboxcli_file_upload_test.go:1027: Uploading file /tmp/vQDrMV5ue5_test.txt to allocation 10ea4b2ab4bc7eb36979d5fa5354f78e6bc929095ac69062b10b50fccea9cd7d with remotepath /vQDrMV5ue5_test.txt\n","    zboxcli_file_upload_test.go:985: Uploading file...\n","    zboxcli_file_download_test.go:1353: Generating checksum for file [/tmp/vQDrMV5ue5_test.txt]...\n","    zboxcli_file_move_test.go:921: Moving file...\n","    utils.go:166: Waiting 15s...\n","    zboxcli_file_download_test.go:1337: Downloading file...\n","    zboxcli_file_download_test.go:1353: Generating checksum for file [tmp/vQDrMV5ue5_test.txt]...\n","    zboxcli_file_download_test.go:1257: Test case [Download Moved File Should Work] exit at [02-24-2024 14:01:01]\n","--- PASS: TestDownload/Download_Moved_File_Should_Work (29.45s)",""],"Passed":true,"Skipped":false,"TestFileName":"","TestFunctionDetail":{"Line":0,"Col":0}}]},{"FailureIndicator":"","SkippedIndicator":"","TestResults":[{"TestName":"TestDownload/Download_Non-Existent_File_Should_Fail","Package":"github.com/0chain/system_test/tests/cli_tests","ElapsedTime":25.19,"Output":["","    zboxcli_file_download_test.go:1163: Test case [Download Non-Existent File Should Fail] scheduled at [02-24-2024 14:00:17] \n","","","    system_test_framework.go:149: Test case [Download Non-Existent File Should Fail] start at [02-24-2024 14:01:08] \n","2024/02/24 14:01:08 Creating wallet for TestDownload-Download_Non-Existent_File_Should_Fail with walletIdx 539\n","File ./config/TestDownload-Download_Non-Existent_File_Should_Fail_wallet.json written successfully.\n","    zboxcli_create_allocation_test.go:444: Creating new allocation...\n","    zboxcli_download_token_test.go:134: Locking read tokens...\n","    utils.go:166: Waiting 15s...\n","    zboxcli_file_download_test.go:1337: Downloading file...\n","    zboxcli_file_download_test.go:1163: Test case [Download Non-Existent File Should Fail] exit at [02-24-2024 14:01:33]\n","--- PASS: TestDownload/Download_Non-Existent_File_Should_Fail (25.19s)",""],"Passed":true,"Skipped":false,"TestFileName":"","TestFunctionDetail":{"Line":0,"Col":0}}]},{"FailureIndicator":"","SkippedIndicator":"","TestResults":[{"TestName":"TestDownload/Download_Shared_Encrypted_File_Should_Work","Package":"github.com/0chain/system_test/tests/cli_tests","ElapsedTime":45.75,"Output":["","    zboxcli_file_download_test.go:368: Test case [Download Shared Encrypted File Should Work] scheduled at [02-24-2024 14:00:17] \n","","","    system_test_framework.go:149: Test case [Download Shared Encrypted File Should Work] start at [02-24-2024 14:01:01] \n","2024/02/24 14:01:01 Creating wallet for TestDownload-Download_Shared_Encrypted_File_Should_Work_viewer with walletIdx 532\n","File ./config/TestDownload-Download_Shared_Encrypted_File_Should_Work_viewer_wallet.json written successfully.\n","    zboxcli_download_token_test.go:134: Locking read tokens...\n","    zwalletcli_register_wallet_test.go:126: Getting wallet...\n","    utils.go:166: Waiting 15s...\n","    zboxcli_file_download_test.go:1337: Downloading file...\n","    utils.go:166: Waiting 15s...\n","    zboxcli_file_download_test.go:1337: Downloading file...\n","    zboxcli_file_download_test.go:368: Test case [Download Shared Encrypted File Should Work] exit at [02-24-2024 14:01:47]\n","--- PASS: TestDownload/Download_Shared_Encrypted_File_Should_Work (45.75s)",""],"Passed":true,"Skipped":false,"TestFileName":"","TestFunctionDetail":{"Line":0,"Col":0}}]},{"FailureIndicator":"","SkippedIndicator":"","TestResults":[{"TestName":"TestDownload/Download_Shared_Encrypted_File_Should_Work/Share_File_from_Another_Wallet","Package":"github.com/0chain/system_test/tests/cli_tests","ElapsedTime":10.39,"Output":["","    zboxcli_file_download_test.go:384: Test case [Share File from Another Wallet] scheduled at [02-24-2024 14:01:06] \n","    zboxcli_file_download_test.go:384: [WARN] Not running test case [Share File from Another Wallet] in parallel as it is a child test. Use t.Unwrap.run() then t.Parallel() if you wish to do this.\n","    system_test_framework.go:149: Test case [Share File from Another Wallet] start at [02-24-2024 14:01:06] \n","2024/02/24 14:01:06 Creating wallet for TestDownload-Download_Shared_Encrypted_File_Should_Work-Share_File_from_Another_Wallet with walletIdx 535\n","File ./config/TestDownload-Download_Shared_Encrypted_File_Should_Work-Share_File_from_Another_Wallet_wallet.json written successfully.\n","    zboxcli_create_allocation_test.go:444: Creating new allocation...\n","    zboxcli_download_token_test.go:134: Locking read tokens...\n","    zboxcli_file_upload_test.go:985: Uploading file...\n","    zboxcli_list_file_test.go:617: Sharing file/folder...\n","    zboxcli_file_download_test.go:384: Test case [Share File from Another Wallet] exit at [02-24-2024 14:01:17]\n","--- PASS: TestDownload/Download_Shared_Encrypted_File_Should_Work/Share_File_from_Another_Wallet (10.39s)",""],"Passed":true,"Skipped":false,"TestFileName":"","TestFunctionDetail":{"Line":0,"Col":0}}]},{"FailureIndicator":"","SkippedIndicator":"","TestResults":[{"TestName":"TestDownload/Download_Shared_File_Should_Work","Package":"github.com/0chain/system_test/tests/cli_tests","ElapsedTime":31.01,"Output":["","    zboxcli_file_download_test.go:271: Test case [Download Shared File Should Work] scheduled at [02-24-2024 14:00:17] \n","","","    system_test_framework.go:149: Test case [Download Shared File Should Work] start at [02-24-2024 14:00:42] \n","2024/02/24 14:00:53 Creating wallet for TestDownload-Download_Shared_File_Should_Work with walletIdx 529\n","File ./config/TestDownload-Download_Shared_File_Should_Work_wallet.json written successfully.\n","    zboxcli_download_token_test.go:134: Locking read tokens...\n","    utils.go:166: Waiting 15s...\n","    zboxcli_file_download_test.go:1337: Downloading file...\n","    zboxcli_file_download_test.go:1353: Generating checksum for file [tmp/vFHJbJOwXx_test.txt]...\n","    zboxcli_file_download_test.go:271: Test case [Download Shared File Should Work] exit at [02-24-2024 14:01:13]\n","--- PASS: TestDownload/Download_Shared_File_Should_Work (31.01s)",""],"Passed":true,"Skipped":false,"TestFileName":"","TestFunctionDetail":{"Line":0,"Col":0}}]},{"FailureIndicator":"","SkippedIndicator":"","TestResults":[{"TestName":"TestDownload/Download_Shared_File_Should_Work/Share_File_from_Another_Wallet","Package":"github.com/0chain/system_test/tests/cli_tests","ElapsedTime":10.7,"Output":["","    zboxcli_file_download_test.go:278: Test case [Share File from Another Wallet] scheduled at [02-24-2024 14:00:42] \n","    zboxcli_file_download_test.go:278: [WARN] Not running test case [Share File from Another Wallet] in parallel as it is a child test. Use t.Unwrap.run() then t.Parallel() if you wish to do this.\n","    system_test_framework.go:149: Test case [Share File from Another Wallet] start at [02-24-2024 14:00:42] \n","2024/02/24 14:00:42 Creating wallet for TestDownload-Download_Shared_File_Should_Work-Share_File_from_Another_Wallet with walletIdx 520\n","File ./config/TestDownload-Download_Shared_File_Should_Work-Share_File_from_Another_Wallet_wallet.json written successfully.\n","    zboxcli_create_allocation_test.go:444: Creating new allocation...\n","    zboxcli_download_token_test.go:134: Locking read tokens...\n","    zboxcli_file_upload_test.go:1027: Uploading file /tmp/vFHJbJOwXx_test.txt to allocation a3f856942ff3a855fd2f31723a80723d6fb59b5feb37475319419da10574eeb1 with remotepath /vFHJbJOwXx_test.txt\n","    zboxcli_file_upload_test.go:985: Uploading file...\n","    zboxcli_file_download_test.go:1353: Generating checksum for file [/tmp/vFHJbJOwXx_test.txt]...\n","    zboxcli_list_file_test.go:617: Sharing file/folder...\n","    zboxcli_file_download_test.go:278: Test case [Share File from Another Wallet] exit at [02-24-2024 14:00:53]\n","--- PASS: TestDownload/Download_Shared_File_Should_Work/Share_File_from_Another_Wallet (10.70s)",""],"Passed":true,"Skipped":false,"TestFileName":"","TestFunctionDetail":{"Line":0,"Col":0}}]},{"FailureIndicator":"","SkippedIndicator":"","TestResults":[{"TestName":"TestDownload/Download_Shared_File_by_Paying_Should_Work","Package":"github.com/0chain/system_test/tests/cli_tests","ElapsedTime":25.45,"Output":["","    zboxcli_file_download_test.go:606: Test case [Download Shared File by Paying Should Work] scheduled at [02-24-2024 14:00:17] \n","","","2024/02/24 14:00:17 Creating wallet for TestDownload-Download_from_Allocation_without_other_Parameter_Should_Fail with walletIdx 505\n","    system_test_framework.go:149: Test case [Download Shared File by Paying Should Work] start at [02-24-2024 14:00:17] \n","2024/02/24 14:00:22 Creating wallet for TestDownload-Download_Shared_File_by_Paying_Should_Work with walletIdx 514\n","File ./config/TestDownload-Download_Shared_File_by_Paying_Should_Work_wallet.json written successfully.\n","    zboxcli_download_token_test.go:134: Locking read tokens...\n","    utils.go:166: Waiting 15s...\n","    zboxcli_file_download_test.go:1337: Downloading file...\n","    zboxcli_file_download_test.go:606: Test case [Download Shared File by Paying Should Work] exit at [02-24-2024 14:00:42]\n","--- PASS: TestDownload/Download_Shared_File_by_Paying_Should_Work (25.45s)",""],"Passed":true,"Skipped":false,"TestFileName":"","TestFunctionDetail":{"Line":0,"Col":0}}]},{"FailureIndicator":"","SkippedIndicator":"","TestResults":[{"TestName":"TestDownload/Download_Shared_File_by_Paying_Should_Work/Share_File_from_Another_Wallet","Package":"github.com/0chain/system_test/tests/cli_tests","ElapsedTime":5.28,"Output":["","    zboxcli_file_download_test.go:613: Test case [Share File from Another Wallet] scheduled at [02-24-2024 14:00:17] \n","    zboxcli_file_download_test.go:613: [WARN] Not running test case [Share File from Another Wallet] in parallel as it is a child test. Use t.Unwrap.run() then t.Parallel() if you wish to do this.\n","File ./config/TestDownload-Download_from_Allocation_without_other_Parameter_Should_Fail_wallet.json written successfully.\n","2024/02/24 14:00:17 Creating wallet for TestDownload-Download_Encrypted_File_Should_Work with walletIdx 507\n","    system_test_framework.go:149: Test case [Share File from Another Wallet] start at [02-24-2024 14:00:17] \n","2024/02/24 14:00:17 Creating wallet for TestDownload-Download_File_With_startblock_0_and_non-zero_endblock_should_fail with walletIdx 510\n","2024/02/24 14:00:17 Creating wallet for TestDownload-Download_Shared_File_by_Paying_Should_Work-Share_File_from_Another_Wallet with walletIdx 511\n","File ./config/TestDownload-Download_Shared_File_by_Paying_Should_Work-Share_File_from_Another_Wallet_wallet.json written successfully.\n","File ./config/TestDownload-Download_File_With_startblock_0_and_non-zero_endblock_should_fail_wallet.json written successfully.\n","    zboxcli_create_allocation_test.go:444: Creating new allocation...\n","    zboxcli_file_upload_test.go:1027: Uploading file /tmp/6FEkcbFDeX_test.txt to allocation 09b2209bd2434c0cd8a6eca6b4374196ff62022daf145bc0e44da6adcc88be36 with remotepath /6FEkcbFDeX_test.txt\n","    zboxcli_file_upload_test.go:985: Uploading file...\n","    zboxcli_list_file_test.go:617: Sharing file/folder...\n","    zboxcli_file_download_test.go:613: Test case [Share File from Another Wallet] exit at [02-24-2024 14:00:22]\n","--- PASS: TestDownload/Download_Shared_File_by_Paying_Should_Work/Share_File_from_Another_Wallet (5.28s)",""],"Passed":true,"Skipped":false,"TestFileName":"","TestFunctionDetail":{"Line":0,"Col":0}}]},{"FailureIndicator":"","SkippedIndicator":"","TestResults":[{"TestName":"TestDownload/Download_Shared_File_without_Paying_Should_Not_Work","Package":"github.com/0chain/system_test/tests/cli_tests","ElapsedTime":25.51,"Output":["","    zboxcli_file_download_test.go:558: Test case [Download Shared File without Paying Should Not Work] scheduled at [02-24-2024 14:00:17] \n","","","    system_test_framework.go:149: Test case [Download Shared File without Paying Should Not Work] start at [02-24-2024 14:00:17] \n","2024/02/24 14:00:27 Creating wallet for TestDownload-Download_Shared_File_without_Paying_Should_Not_Work with walletIdx 515\n","File ./config/TestDownload-Download_Shared_File_without_Paying_Should_Not_Work_wallet.json written successfully.\n","    utils.go:166: Waiting 15s...\n","    zboxcli_file_download_test.go:1337: Downloading file...\n","    zboxcli_file_download_test.go:558: Test case [Download Shared File without Paying Should Not Work] exit at [02-24-2024 14:00:42]\n","--- PASS: TestDownload/Download_Shared_File_without_Paying_Should_Not_Work (25.51s)",""],"Passed":true,"Skipped":false,"TestFileName":"","TestFunctionDetail":{"Line":0,"Col":0}}]},{"FailureIndicator":"","SkippedIndicator":"","TestResults":[{"TestName":"TestDownload/Download_Shared_File_without_Paying_Should_Not_Work/Share_File_from_Another_Wallet","Package":"github.com/0chain/system_test/tests/cli_tests","ElapsedTime":10.43,"Output":["","    zboxcli_file_download_test.go:565: Test case [Share File from Another Wallet] scheduled at [02-24-2024 14:00:17] \n","    zboxcli_file_download_test.go:565: [WARN] Not running test case [Share File from Another Wallet] in parallel as it is a child test. Use t.Unwrap.run() then t.Parallel() if you wish to do this.\n","2024/02/24 14:00:17 Creating wallet for TestDownload-Download_File_With_blockspermarker_Flag_Should_Work with walletIdx 508\n","    system_test_framework.go:149: Test case [Share File from Another Wallet] start at [02-24-2024 14:00:17] \n","File ./config/TestDownload-Download_with_negative_endblock_should_fail_wallet.json written successfully.\n","    zboxcli_create_allocation_test.go:444: Creating new allocation...\n","    zboxcli_download_token_test.go:134: Locking read tokens...\n","    zboxcli_file_upload_test.go:1027: Uploading file /tmp/-Hxh6kOEQf_test.txt to allocation fa306e41aca71823ca235efc9d7adf3953e4a9182947dac7bb712a9c3d09ef3d with remotepath /-Hxh6kOEQf_test.txt\n","    zboxcli_file_upload_test.go:985: Uploading file...\n","    zboxcli_list_file_test.go:617: Sharing file/folder...\n","    zboxcli_file_download_test.go:565: Test case [Share File from Another Wallet] exit at [02-24-2024 14:00:27]\n","--- PASS: TestDownload/Download_Shared_File_without_Paying_Should_Not_Work/Share_File_from_Another_Wallet (10.43s)",""],"Passed":true,"Skipped":false,"TestFileName":"","TestFunctionDetail":{"Line":0,"Col":0}}]},{"FailureIndicator":"","SkippedIndicator":"","TestResults":[{"TestName":"TestDownload/Download_from_Allocation_without_other_Parameter_Should_Fail","Package":"github.com/0chain/system_test/tests/cli_tests","ElapsedTime":25.24,"Output":["","    zboxcli_file_download_test.go:1192: Test case [Download from Allocation without other Parameter Should Fail] scheduled at [02-24-2024 14:00:17] \n","","","File ./config/TestDownload-Download_with_negative_startblock_should_fail_wallet.json written successfully.\n","    system_test_framework.go:149: Test case [Download from Allocation without other Parameter Should Fail] start at [02-24-2024 14:00:17] \n","    zboxcli_create_allocation_test.go:444: Creating new allocation...\n","    zboxcli_download_token_test.go:134: Locking read tokens...\n","    utils.go:166: Waiting 15s...\n","    zboxcli_file_download_test.go:1337: Downloading file...\n","    zboxcli_file_download_test.go:1192: Test case [Download from Allocation without other Parameter Should Fail] exit at [02-24-2024 14:00:42]\n","--- PASS: TestDownload/Download_from_Allocation_without_other_Parameter_Should_Fail (25.24s)",""],"Passed":true,"Skipped":false,"TestFileName":"","TestFunctionDetail":{"Line":0,"Col":0}}]},{"FailureIndicator":"","SkippedIndicator":"","TestResults":[{"TestName":"TestDownload/Download_to_Non-Existent_Path_Should_Work","Package":"github.com/0chain/system_test/tests/cli_tests","ElapsedTime":25.58,"Output":["","    zboxcli_file_download_test.go:740: Test case [Download to Non-Existent Path Should Work] scheduled at [02-24-2024 14:00:17] \n","","","    system_test_framework.go:149: Test case [Download to Non-Existent Path Should Work] start at [02-24-2024 14:01:08] \n","2024/02/24 14:01:08 Creating wallet for TestDownload-Download_to_Non-Existent_Path_Should_Work with walletIdx 537\n","File ./config/TestDownload-Download_to_Non-Existent_Path_Should_Work_wallet.json written successfully.\n","    zboxcli_create_allocation_test.go:444: Creating new allocation...\n","    zboxcli_download_token_test.go:134: Locking read tokens...\n","    zboxcli_file_upload_test.go:1027: Uploading file /tmp/-Q9SsUmqlO_test.txt to allocation 8c9324620c0d403677cd7bd1e9e25cfdc1a57b5ac53de2eae65491b5bf7ff2da with remotepath /-Q9SsUmqlO_test.txt\n","    zboxcli_file_upload_test.go:985: Uploading file...\n","    zboxcli_file_download_test.go:1353: Generating checksum for file [/tmp/-Q9SsUmqlO_test.txt]...\n","    utils.go:166: Waiting 15s...\n","    zboxcli_file_download_test.go:1337: Downloading file...\n","    zboxcli_file_download_test.go:1353: Generating checksum for file [tmp/tmp2/-Q9SsUmqlO_test.txt]...\n","    zboxcli_file_download_test.go:740: Test case [Download to Non-Existent Path Should Work] exit at [02-24-2024 14:01:33]\n","--- PASS: TestDownload/Download_to_Non-Existent_Path_Should_Work (25.58s)",""],"Passed":true,"Skipped":false,"TestFileName":"","TestFunctionDetail":{"Line":0,"Col":0}}]},{"FailureIndicator":"","SkippedIndicator":"","TestResults":[{"TestName":"TestDownload/Download_with_endblock_less_than_startblock_should_fail","Package":"github.com/0chain/system_test/tests/cli_tests","ElapsedTime":25.36,"Output":["","    zboxcli_file_download_test.go:984: Test case [Download with endblock less than startblock should fail] scheduled at [02-24-2024 14:00:17] \n","","","    system_test_framework.go:149: Test case [Download with endblock less than startblock should fail] start at [02-24-2024 14:00:47] \n","2024/02/24 14:00:47 Creating wallet for TestDownload-Download_with_endblock_less_than_startblock_should_fail with walletIdx 527\n","File ./config/TestDownload-Download_with_endblock_less_than_startblock_should_fail_wallet.json written successfully.\n","    zboxcli_create_allocation_test.go:444: Creating new allocation...\n","    zboxcli_download_token_test.go:134: Locking read tokens...\n","    zboxcli_file_upload_test.go:1027: Uploading file /tmp/Iih0JRq4hA_test.txt to allocation e9c16bd515aecfda90951ed6aba14ece5837ce69802671d1b70ba9672d773601 with remotepath /Iih0JRq4hA_test.txt\n","    zboxcli_file_upload_test.go:985: Uploading file...\n","    utils.go:166: Waiting 15s...\n","    zboxcli_file_download_test.go:1337: Downloading file...\n","    zboxcli_file_download_test.go:984: Test case [Download with endblock less than startblock should fail] exit at [02-24-2024 14:01:12]\n","--- PASS: TestDownload/Download_with_endblock_less_than_startblock_should_fail (25.36s)",""],"Passed":true,"Skipped":false,"TestFileName":"","TestFunctionDetail":{"Line":0,"Col":0}}]},{"FailureIndicator":"","SkippedIndicator":"","TestResults":[{"TestName":"TestDownload/Download_with_negative_endblock_should_fail","Package":"github.com/0chain/system_test/tests/cli_tests","ElapsedTime":25.47,"Output":["","    zboxcli_file_download_test.go:1047: Test case [Download with negative endblock should fail] scheduled at [02-24-2024 14:00:17] \n","","","    system_test_framework.go:149: Test case [Download with negative endblock should fail] start at [02-24-2024 14:00:17] \n","    zboxcli_create_allocation_test.go:444: Creating new allocation...\n","2024/02/24 14:00:17 Creating wallet for TestDownload-Download_Shared_File_without_Paying_Should_Not_Work-Share_File_from_Another_Wallet with walletIdx 509\n","File ./config/TestDownload-Download_Shared_File_without_Paying_Should_Not_Work-Share_File_from_Another_Wallet_wallet.json written successfully.\n","    zboxcli_download_token_test.go:134: Locking read tokens...\n","    zboxcli_file_upload_test.go:1027: Uploading file /tmp/-OKVQcRSkb_test.txt to allocation 80ff3040c67a888e186312be626da60f57a279889487786cc89f2c789ec26208 with remotepath /-OKVQcRSkb_test.txt\n","    zboxcli_file_upload_test.go:985: Uploading file...\n","    utils.go:166: Waiting 15s...\n","    zboxcli_file_download_test.go:1337: Downloading file...\n","    zboxcli_file_download_test.go:1047: Test case [Download with negative endblock should fail] exit at [02-24-2024 14:00:42]\n","--- PASS: TestDownload/Download_with_negative_endblock_should_fail (25.47s)",""],"Passed":true,"Skipped":false,"TestFileName":"","TestFunctionDetail":{"Line":0,"Col":0}}]},{"FailureIndicator":"","SkippedIndicator":"","TestResults":[{"TestName":"TestDownload/Download_with_negative_startblock_should_fail","Package":"github.com/0chain/system_test/tests/cli_tests","ElapsedTime":29.65,"Output":["","    zboxcli_file_download_test.go:1017: Test case [Download with negative startblock should fail] scheduled at [02-24-2024 14:00:17] \n","","","    system_test_framework.go:149: Test case [Download with negative startblock should fail] start at [02-24-2024 14:00:17] \n","2024/02/24 14:00:17 Creating wallet for TestDownload-Download_with_negative_startblock_should_fail with walletIdx 504\n","    zboxcli_create_allocation_test.go:444: Creating new allocation...\n","    zboxcli_download_token_test.go:134: Locking read tokens...\n","    zboxcli_file_upload_test.go:1027: Uploading file /tmp/qtJsPMEJur_test.txt to allocation a859d77902a93e2e4b290ebda5b5a2488e50a6f9567578199bcba4ffd7e8ae71 with remotepath /qtJsPMEJur_test.txt\n","    zboxcli_file_upload_test.go:985: Uploading file...\n","    utils.go:166: Waiting 15s...\n","    zboxcli_file_download_test.go:1337: Downloading file...\n","    utils.go:82: \u001b[33mCommand failed on attempt [1/3] due to error [exit status 1]. Output: [Error: start block should not be less than 1 -\u003cNEWLINE\u003e- Error in file operation: start block or end block or both cannot be negative.]\n","    utils.go:82: \u001b[33mCommand failed on attempt [2/3] due to error [exit status 1]. Output: [Error: start block should not be less than 1 -\u003cNEWLINE\u003e- Error in file operation: start block or end block or both cannot be negative.]\n","    utils.go:98: \u001b[31mCommand failed on final attempt [3/3] due to error [exit status 1]. Command String: [] Output: [Error: start block should not be less than 1 -\u003cNEWLINE\u003e- Error in file operation: start block or end block or both cannot be negative.]\n","    utils.go:101: \u001b[31mThe verbose output for the command is:\n","    utils.go:105: \u001b[31m0chain-core-sdk [INFO]   2024/02/24 14:00:46.840841 wallet_base.go:331: ******* Wallet SDK Version:v1.11.5-4-ga759a908 ******* (SetLogFile)\n","    utils.go:105: \u001b[31m0box-sdk        [INFO]   2024/02/24 14:00:46.843599 sdk.go:88: ******* Storage SDK Version: v1.11.5-4-ga759a908 *******\n","    utils.go:105: \u001b[31m0chain-core-sdk [INFO]   2024/02/24 14:00:46.864836 transaction_base.go:143: ******* Wallet SDK Version:v1.11.5-4-ga759a908 ******* (InitZCNSDK)\n","    utils.go:105: \u001b[31m0box-sdk        [DEBUG]  2024/02/24 14:00:46.870623 networkworker.go:119: Get network result:{\"miners\":[\"https://dev-4.devnet-0chain.net/miner02\",\"https://dev-4.devnet-0chain.net/miner01\",\"https://dev-4.devnet-0chain.net/miner03\"],\"sharders\":[\"https://dev-4.devnet-0chain.net/sharder02\",\"https://dev-4.devnet-0chain.net/sharder01\"]}\n","    utils.go:105: \u001b[31mError: start block should not be less than 1\n","    utils.go:105: \u001b[31mError in file operation: start block or end block or both cannot be negative.\n","    zboxcli_file_download_test.go:1017: Test case [Download with negative startblock should fail] exit at [02-24-2024 14:00:46]\n","--- PASS: TestDownload/Download_with_negative_startblock_should_fail (29.65s)",""],"Passed":true,"Skipped":false,"TestFileName":"","TestFunctionDetail":{"Line":0,"Col":0}}]},{"FailureIndicator":"","SkippedIndicator":"","TestResults":[{"TestName":"TestDownload/Download_without_any_Parameter_Should_Fail","Package":"github.com/0chain/system_test/tests/cli_tests","ElapsedTime":15.06,"Output":["","    zboxcli_file_download_test.go:1182: Test case [Download without any Parameter Should Fail] scheduled at [02-24-2024 14:00:17] \n","","","    system_test_framework.go:149: Test case [Download without any Parameter Should Fail] start at [02-24-2024 14:01:12] \n","2024/02/24 14:01:12 Creating wallet for TestDownload-Download_without_any_Parameter_Should_Fail with walletIdx 540\n","File ./config/TestDownload-Download_without_any_Parameter_Should_Fail_wallet.json written successfully.\n","    utils.go:166: Waiting 15s...\n","    zboxcli_file_download_test.go:1337: Downloading file...\n","    zboxcli_file_download_test.go:1182: Test case [Download without any Parameter Should Fail] exit at [02-24-2024 14:01:27]\n","--- PASS: TestDownload/Download_without_any_Parameter_Should_Fail (15.06s)",""],"Passed":true,"Skipped":false,"TestFileName":"","TestFunctionDetail":{"Line":0,"Col":0}}]}]

    const report = window.GoTestReport({
                                         data: data,
                                         testResultsElem: document.getElementById('testResults'),
                                         testGroupListElem: document.getElementById('testGroupList')
                                       });


</script>
</body>
</html>
