<!DOCTYPE html>
<html lang="en">
<head>
    <meta charset="UTF-8">
    <title>Subset of 0Chain System test suite [feat_encryption-key/294539a9] ran against [dev-7.devnet-0chain.net] at [2024-11-18_12.59.22]</title>
    <style type="text/css">
        body {
            font-family: sans-serif;
            background-color: #f3f3f3;
            border-top: 2px #dee6e8 solid;
            margin: 0;
        }

        div.pageHeader span.projectTitle {
            font-family: serif;
            font-size: 2em;
            padding-left: 56px;
            padding-top: 80px;
            display: block;
            color: #a5a5a5;
            text-shadow: 0 -1px 1px white;
        }

        div.pageHeader div.testStats {
            position: absolute;
            top: 7px;
            right: 52px;
            font-size: 0.8em;
            color: #a2a2a2;
        }

        div.pageHeader div.testStats span.indicator {
            font-size: 2em;
            position: relative;
            top: 5px;
            text-shadow: 0 1px 0 white;
        }

        div.pageHeader div.testStats span strong {
            margin-right: 16px;
        }

        div.pageHeader div.testStats span.total {
            border-right: 1px #afafaf dotted;
            background: #8298af;
        }

        div.pageHeader div.testStats span.passed {
            border-right: 1px #afafaf dotted;
            background: #6fca83;
        }

        div.pageHeader div.testStats span.skipped {
            background: #bababa;
        }

        div.pageHeader div.testStats span.failed {
            background: #ff7676;
        }

        div.pageHeader div.testStats span {
            margin-right: 1px;
            height: 55px;
            padding: 20px 8px 18px;
            color: white;
        }

        div.pageHeader .testGroupsTitle {
            margin: 16px 32px 8px 40px;
            font-size: 0.9em;
            color: darkgrey;
            display: inline-block;
        }

        div.pageHeader .testExecutionDate {
            display: inline-block;
            position: absolute;
            right: 10px;
            margin: 14px 32px 8px 40px;
            color: #9e9e9e;
            font-size: 0.9em;
        }

        .testReportContainer {
            padding: 0 32px 32px 32px;
        }

        .cardContainer {
            padding: 16px 16px 16px;
            box-shadow: 0 4px 4px #d4d4d4;
            background-color: white;
        }

        #testResults {
            display: flex;
            flex-wrap: wrap;
        }

        .testResultGroup {
            width: 24px;
            height: 24px;
            background-color: #43c143;
            margin-left: 1px;
            margin-bottom: 1px;
            box-sizing: border-box;
        }

        .testResultGroup.selected {
            border: 1px white solid;
            background-color: black !important;
        }

        .testResultGroup.skipped {
            border: 2px gray solid;
        }

        .testResultGroup.failed {
            background-color: red;
        }

        .cardContainer.testGroupList,
        .cardContainer.testDetail {
            margin-top: 16px;
            padding: 16px;
        }

        .cardContainer.testGroupList {
            color: #9c9c9c;
            padding: 0;
        }

        .cardContainer.testGroupList .testGroupRow {
            cursor: default;
            border-bottom: 1px #dadada dotted;
        }

        .cardContainer.testGroupList .testGroupRow span.testStatus {
            font-size: 1.2em;
            font-weight: bold;
            color: #139e13;
            pointer-events: none;
            display: inline-block;
            overflow: hidden;
            float: left;
            padding-top: 10px;
            padding-left: 20px;
            padding-right: 12px;
        }

        .cardContainer.testGroupList .testGroupRow span.testStatus.skipped {
            color: gray;
        }

        .cardContainer.testGroupList .testGroupRow span.testStatus.failed {
            color: red;
        }

        .cardContainer.testGroupList .testGroupRow span.testTitle {
            font-size: 0.9em;
            padding: 12px 0 10px;
            display: inline-block;
            pointer-events: none;
            color: #525252;
            text-overflow: ellipsis;
            overflow: hidden;
            width: calc(100% - 110px);
        }

        .cardContainer.testGroupList .testGroupRow span.testDuration {
            pointer-events: none;
        }

        .cardContainer.testGroupList .testGroupRow {
            position: relative;
            border-left: 4px #43c143 solid;
        }

        .cardContainer.testGroupList .testGroupRow.skipped {
            color: gray;
            border-left: 4px gray solid;
        }

        .cardContainer.testGroupList .testGroupRow.failed {
            color: red;
            border-left: 4px red solid;
        }

        .cardContainer.testGroupList .testGroupRow:hover {
            background-color: #fffaea;
            transition: 0.250s;
        }

        .cardContainer .testOutput {
            padding: 8px 16px 24px 16px;
        }

        .cardContainer .console {
            display: block;
            font-family: monospace;
            padding: 10px;
            background-color: #424242;
            color: #1aff00;
            border-bottom: 1px #1aff00 dotted;
            overflow: auto;
            font-size: 1.1em;
        }

        .cardContainer .testOutput .testDetail {
            border-bottom: 1px #d0d0d0 solid;
            padding: 16px;
            background-color: #e6e6e6;
            border-radius: 0 0 4px 4px;
            color: dimgrey;
            font-size: 0.8em;
        }

        .cardContainer .console.skipped{
            color: #d9d9d9;
        }

        .cardContainer .console.failed {
            color: #ffb2b2;
        }

        .cardContainer .testDuration {
            position: absolute;
            top: 5px;
            right: 8px;
            text-align: right;
            padding-right: 8px;
            box-sizing: border-box;
        }
    </style>
</head>
<body>
<div class="pageHeader">
    <span class="projectTitle">Subset of 0Chain System test suite [feat_encryption-key/294539a9] ran against [dev-7.devnet-0chain.net] at [2024-11-18_12.59.22]</span>
    <div class="testStats">
        <span class="total"><span class="indicator">&boxbox;</span> Total: <strong>27</strong>Duration: <strong>4ms</strong>
        </span><span class="passed"><span class="indicator">&check;</span> Passed: <strong>25</strong>
        </span><span class="skipped"><span class="indicator">&dash;</span> Skipped: <strong>0</strong>
        </span><span class="failed"><span class="indicator">&cross;</span> Failed: <strong>2</strong>
        </span>
    </div>
    <span class="testGroupsTitle">Test Groups:</span>
    <span class="testExecutionDate">November 18, 2024 13:01:41</span>
</div>
<div class="testReportContainer">
    <div class="cardContainer">
        <div id="testResults">
            
                <div class="testResultGroup failed " id="0"></div>
            
                <div class="testResultGroup  " id="1"></div>
            
                <div class="testResultGroup failed " id="2"></div>
            
                <div class="testResultGroup  " id="3"></div>
            
                <div class="testResultGroup  " id="4"></div>
            
                <div class="testResultGroup  " id="5"></div>
            
                <div class="testResultGroup  " id="6"></div>
            
                <div class="testResultGroup  " id="7"></div>
            
                <div class="testResultGroup  " id="8"></div>
            
                <div class="testResultGroup  " id="9"></div>
            
                <div class="testResultGroup  " id="10"></div>
            
                <div class="testResultGroup  " id="11"></div>
            
                <div class="testResultGroup  " id="12"></div>
            
                <div class="testResultGroup  " id="13"></div>
            
                <div class="testResultGroup  " id="14"></div>
            
                <div class="testResultGroup  " id="15"></div>
            
                <div class="testResultGroup  " id="16"></div>
            
                <div class="testResultGroup  " id="17"></div>
            
                <div class="testResultGroup  " id="18"></div>
            
                <div class="testResultGroup  " id="19"></div>
            
                <div class="testResultGroup  " id="20"></div>
            
                <div class="testResultGroup  " id="21"></div>
            
                <div class="testResultGroup  " id="22"></div>
            
                <div class="testResultGroup  " id="23"></div>
            
                <div class="testResultGroup  " id="24"></div>
            
                <div class="testResultGroup  " id="25"></div>
            
                <div class="testResultGroup  " id="26"></div>
            
        </div>
    </div>
    <div class="cardContainer testGroupList" id="testGroupList"></div>
</div>
<script type="application/javascript">
    /**
 * @typedef TestStatus
 * @property {string} TestName
 * @property {string} Package
 * @property {number} ElapsedTime
 * @property {Array.<string>} Output
 * @property {boolean} Passed
 * @property {boolean} Skipped
 */
class TestStatus {}

/**
 * @typedef TestGroupData
 * @type {object}
 * @property {string} FailureIndicator
 * @property {string} SkippedIndicator
 * @property {Array.<TestStatus>}
 */
class TestGroupData {}

/**
 * @typedef TestResults
 * @type {Array.<TestGroupData>}
 */
class TestResults extends Array {}

/**
 * @typedef SelectedItems
 * @property {HTMLElement|EventTarget} testResults
 * @property {String} selectedTestGroupColor
 */
class SelectedItems {}

/**
 * @typedef GoTestReportElements
 * @property {TestResults} data
 * @property {HTMLElement} testResultsElem
 * @property {HTMLElement} testGroupListElem
 */
class GoTestReportElements {}


/**
 * Main entry point for GoTestReport.
 * @param {GoTestReportElements} elements
 * @returns {{testResultsClickHandler: testResultsClickHandler}}
 * @constructor
 */
window.GoTestReport = function (elements) {
  const /**@type {SelectedItems}*/ selectedItems = {
    testResults: null,
    selectedTestGroupColor: null
  }

  function addEventData(event) {
    if (event.data == null) {
      event.data = {target: event.target}
    }
    return event
  }


  const goTestReport = {
    /**
     * Invoked when a user clicks on one of the test group div elements.
     * @param {HTMLElement} target The element associated with the test group.
     * @param {boolean} shiftKey If pressed, all of test detail associated to the test group is shown.
     * @param {TestResults} data
     * @param {SelectedItems} selectedItems
     * @param {function(target: Element, data: TestResults)} testGroupListHandler
     */
    testResultsClickHandler: function (target,
                                       shiftKey,
                                       data,
                                       selectedItems,
                                       testGroupListHandler) {

      if (target.classList.contains('testResultGroup') === false) {
        return
      }
      if (selectedItems.testResults != null) {
        let testResultsElement = /**@type {HTMLElement}*/ selectedItems.testResults
        testResultsElement.classList.remove("selected")
        testResultsElement.style.backgroundColor = selectedItems.selectedTestGroupColor
      }
      const testGroupId = /**@type {number}*/ target.id
      if ((target.id === undefined)
        || (data[testGroupId] === undefined)
        || (data[testGroupId]['TestResults'] === undefined)) {
        return
      }
      const testResults = /**@type {TestResults}*/ data[testGroupId]['TestResults']
      let testGroupList = /**@type {string}*/ ''
      selectedItems.selectedTestGroupColor = getComputedStyle(target).getPropertyValue('background-color')
      selectedItems.testResults = target
      target.classList.add("selected")
      for (let i = 0; i < testResults.length; i++) {
        const testResult = /**@type {TestGroupData}*/ testResults[i]
        const testPassed = /**@type {boolean}*/ testResult.Passed
        const testSkipped = /**@type {boolean}*/ testResult.Skipped
        const testPassedStatus = /**@type {string}*/ (testPassed) ? '' : (testSkipped ? 'skipped' : 'failed')
        const testId = /**@type {string}*/ target.attributes['id'].value
        testGroupList += `<div class="testGroupRow ${testPassedStatus}" data-groupid="${testId}" data-index="${i}">
        <span class="testStatus ${testPassedStatus}">${(testPassed) ? '&check' : (testSkipped ? '&dash' : '&cross')};</span>
        <span class="testTitle">${testResult.TestName}</span>
        <span class="testDuration"><span>${testResult.ElapsedTime}s </span>‚è±</span>
      </div>`
      }
      const testGroupListElem = elements.testGroupListElem
      testGroupListElem.innerHTML = ''
      testGroupListElem.innerHTML = testGroupList

      if (shiftKey) {
        testGroupListElem.querySelectorAll('.testGroupRow')
                         .forEach((elem) => testGroupListHandler(elem, data))
      } else if (testResults.length === 1) {
        testGroupListHandler(testGroupListElem.querySelector('.testGroupRow'), data)
      }
    },

    /**
     *
     * @param {Element} target
     * @param {TestResults} data
     */
    testGroupListHandler: function (target, data) {
      const attribs = target['attributes']
      if (attribs.hasOwnProperty('data-groupid')) {
        const groupId = /**@type {number}*/ attribs['data-groupid'].value
        const testIndex = /**@type {number}*/ attribs['data-index'].value
        const testStatus = /**@type {TestStatus}*/ data[groupId]['TestResults'][testIndex]
        const testOutputDiv = /**@type {HTMLDivElement}*/ target.querySelector('div.testOutput')

        if (testOutputDiv == null) {
          const testOutputDiv = document.createElement('div')
          testOutputDiv.classList.add('testOutput')
          const consolePre = document.createElement('pre')
          consolePre.classList.add('console')
          const testDetailDiv = document.createElement('div')
          testDetailDiv.classList.add('testDetail')
          const packageNameDiv = document.createElement('div')
          packageNameDiv.classList.add('package')
          packageNameDiv.innerHTML = `<strong>Package:</strong> ${testStatus.Package}`
          const testFileNameDiv = document.createElement('div')
          testFileNameDiv.classList.add('filename')
          if (testStatus.TestFileName.trim() === "") {
            testFileNameDiv.innerHTML = `<strong>Filename:</strong> n/a &nbsp;&nbsp;`
          } else {
            testFileNameDiv.innerHTML = `<strong>Filename:</strong> ${testStatus.TestFileName} &nbsp;&nbsp;`
            testFileNameDiv.innerHTML += `<strong>Line:</strong> ${testStatus.TestFunctionDetail.Line} `
            testFileNameDiv.innerHTML += `<strong>Col:</strong> ${testStatus.TestFunctionDetail.Col}`
          }
          testDetailDiv.insertAdjacentElement('beforeend', packageNameDiv)
          testDetailDiv.insertAdjacentElement('beforeend', testFileNameDiv)
          testOutputDiv.insertAdjacentElement('afterbegin', consolePre)
          testOutputDiv.insertAdjacentElement('beforeend', testDetailDiv)
          target.insertAdjacentElement('beforeend', testOutputDiv)

          if (testStatus.Passed) {
            consolePre.classList.remove('skipped')
            consolePre.classList.remove('failed')
          } else if (testStatus.Skipped) {
            consolePre.classList.add('skipped')
            consolePre.classList.remove('failed')
          } else {
            consolePre.classList.remove('skipped')
            consolePre.classList.add('failed')
          }
          consolePre.textContent = testStatus.Output.join('')
        } else {
          testOutputDiv.remove()
        }
      }
    }
  }

  //+------------------------+
  //|    setup DOM events    |
  //+------------------------+
  elements.testResultsElem
          .addEventListener('click', event =>
            goTestReport.testResultsClickHandler(/**@type {HTMLElement}*/ addEventData(event).data.target,
                                                 event.shiftKey,
                                                 elements.data,
                                                 selectedItems,
                                                 goTestReport.testGroupListHandler))

  elements.testGroupListElem
          .addEventListener('click', event =>
            goTestReport.testGroupListHandler(/**@type {Element}*/ event.target,
                                              elements.data))

  return goTestReport
}


    

    const data = [{"FailureIndicator":"failed","SkippedIndicator":"","TestResults":[{"TestName":"TestShareFile","Package":"github.com/0chain/system_test/tests/cli_tests","ElapsedTime":0,"Output":["","","","","","","","","","","",""],"Passed":false,"Skipped":false,"TestFileName":"zboxcli_share_file_test.go","TestFunctionDetail":{"Line":21,"Col":1}}]},{"FailureIndicator":"","SkippedIndicator":"","TestResults":[{"TestName":"TestShareFile/Auth_ticket_for_wrong_clientId_should_fail_to_download_-_proxy_re-encryption","Package":"github.com/0chain/system_test/tests/cli_tests","ElapsedTime":20.63,"Output":["","    zboxcli_share_file_test.go:1200: Test case [Auth ticket for wrong clientId should fail to download - proxy re-encryption] scheduled at [11-18-2024 12:59:27] \n","","","    system_test_framework.go:149: Test case [Auth ticket for wrong clientId should fail to download - proxy re-encryption] start at [11-18-2024 12:59:27] \n","    zboxcli_create_allocation_test.go:446: Creating new allocation...\n","    zwalletcli_register_wallet_test.go:101: Getting wallet...\n","    zboxcli_file_upload_test.go:985: Uploading file...\n","    zwalletcli_register_wallet_test.go:101: Getting wallet...\n","    zwalletcli_register_wallet_test.go:101: Getting wallet...\n","2024/11/18 12:59:32 Creating wallet for TestShareFile-Share_unencrypted_file_to_public_using_auth_ticket_second with walletIdx 520\n","File ./config/TestShareFile-Share_unencrypted_file_to_public_using_auth_ticket_second_wallet.json written successfully.\n","    zboxcli_share_file_test.go:1563: Sharing file...\n","    utils.go:166: Waiting 15s...\n","    zboxcli_file_download_test.go:1259: Downloading file...\n","    zboxcli_share_file_test.go:1200: Test case [Auth ticket for wrong clientId should fail to download - proxy re-encryption] exit at [11-18-2024 12:59:47]\n","--- PASS: TestShareFile/Auth_ticket_for_wrong_clientId_should_fail_to_download_-_proxy_re-encryption (20.63s)",""],"Passed":true,"Skipped":false,"TestFileName":"","TestFunctionDetail":{"Line":0,"Col":0}}]},{"FailureIndicator":"failed","SkippedIndicator":"","TestResults":[{"TestName":"TestShareFile/Auth_ticket_for_wrong_encryption_public_key_should_fail_to_download_-_proxy_re-encryption","Package":"github.com/0chain/system_test/tests/cli_tests","ElapsedTime":20.54,"Output":["","    zboxcli_share_file_test.go:1262: Test case [Auth ticket for wrong encryption public key should fail to download - proxy re-encryption] scheduled at [11-18-2024 12:59:27] \n","","","    system_test_framework.go:149: Test case [Auth ticket for wrong encryption public key should fail to download - proxy re-encryption] start at [11-18-2024 12:59:57] \n","2024/11/18 12:59:57 Creating wallet for TestShareFile-Auth_ticket_for_wrong_encryption_public_key_should_fail_to_download_-_proxy_re-encryption with walletIdx 545\n","File ./config/TestShareFile-Auth_ticket_for_wrong_encryption_public_key_should_fail_to_download_-_proxy_re-encryption_wallet.json written successfully.\n","    zboxcli_create_allocation_test.go:446: Creating new allocation...\n","2024/11/18 12:59:57 Creating wallet for TestShareFile-Share_a_private_folder_with_no_file_using_auth_ticket_with_zero_expiration_second with walletIdx 546\n","File ./config/TestShareFile-Share_a_private_folder_with_no_file_using_auth_ticket_with_zero_expiration_second_wallet.json written successfully.\n","    zwalletcli_register_wallet_test.go:101: Getting wallet...\n","    zboxcli_file_upload_test.go:985: Uploading file...\n","    zwalletcli_register_wallet_test.go:101: Getting wallet...\n","    zwalletcli_register_wallet_test.go:101: Getting wallet...\n","    zboxcli_share_file_test.go:1563: Sharing file...\n","    utils.go:166: Waiting 15s...\n","2024/11/18 13:00:04 Creating wallet for TestShareFile-Share_to_public_a_folder_with_multiple_unencrypted_file_using_auth_ticket_with_zero_expiration_should_work_second with walletIdx 550\n","File ./config/TestShareFile-Share_to_public_a_folder_with_multiple_unencrypted_file_using_auth_ticket_with_zero_expiration_should_work_second_wallet.json written successfully.\n","    zboxcli_file_download_test.go:1259: Downloading file...\n","    assertions.go:363: \n","        \tError Trace:\t/root/actions-runner7/_work/system_test/system_test/tests/cli_tests/zboxcli_share_file_test.go:1320\n","        \t            \t\t\t\t/root/actions-runner7/_work/system_test/system_test/internal/api/util/test/system_test_framework.go:150\n","        \t            \t\t\t\t/root/go/src/runtime/asm_amd64.s:1695\n","        \tError:      \t\"[Error in file operation: Error while initializing encryption invalid_encryption_key: Encryption key mismatch]\" should have 3 item(s), but has 1\n","        \tTest:       \tTestShareFile/Auth_ticket_for_wrong_encryption_public_key_should_fail_to_download_-_proxy_re-encryption\n","        \tMessages:   \tdownload file - Unexpected output%!(EXTRA string=Error in file operation: Error while initializing encryption invalid_encryption_key: Encryption key mismatch)\n","    zboxcli_share_file_test.go:1262: Test case [Auth ticket for wrong encryption public key should fail to download - proxy re-encryption] exit at [11-18-2024 13:00:17]\n","","","    zboxcli_share_file_test.go:1262: Test case [Auth ticket for wrong encryption public key should fail to download - proxy re-encryption] scheduled at [11-18-2024 13:00:58] \n","","","    system_test_framework.go:149: Test case [Auth ticket for wrong encryption public key should fail to download - proxy re-encryption] start at [11-18-2024 13:00:58] \n","2024/11/18 13:00:58 Creating wallet for TestShareFile-Auth_ticket_for_wrong_encryption_public_key_should_fail_to_download_-_proxy_re-encryption with walletIdx 501\n","File ./config/TestShareFile-Auth_ticket_for_wrong_encryption_public_key_should_fail_to_download_-_proxy_re-encryption_wallet.json written successfully.\n","    zboxcli_create_allocation_test.go:446: Creating new allocation...\n","    zwalletcli_register_wallet_test.go:101: Getting wallet...\n","    zboxcli_file_upload_test.go:985: Uploading file...\n","2024/11/18 13:01:04 Creating wallet for TestShareFile-Auth_ticket_for_wrong_encryption_public_key_should_fail_to_download_-_proxy_re-encryption_second with walletIdx 502\n","File ./config/TestShareFile-Auth_ticket_for_wrong_encryption_public_key_should_fail_to_download_-_proxy_re-encryption_second_wallet.json written successfully.\n","    zwalletcli_register_wallet_test.go:101: Getting wallet...\n","    zwalletcli_register_wallet_test.go:101: Getting wallet...\n","    zboxcli_share_file_test.go:1563: Sharing file...\n","    utils.go:166: Waiting 15s...\n","    zboxcli_file_download_test.go:1259: Downloading file...\n","    assertions.go:363: \n","        \tError Trace:\t/root/actions-runner7/_work/system_test/system_test/tests/cli_tests/zboxcli_share_file_test.go:1320\n","        \t            \t\t\t\t/root/actions-runner7/_work/system_test/system_test/internal/api/util/test/system_test_framework.go:150\n","        \t            \t\t\t\t/root/go/src/runtime/asm_amd64.s:1695\n","        \tError:      \t\"[Error in file operation: Error while initializing encryption invalid_encryption_key: Encryption key mismatch]\" should have 3 item(s), but has 1\n","        \tTest:       \tTestShareFile/Auth_ticket_for_wrong_encryption_public_key_should_fail_to_download_-_proxy_re-encryption\n","        \tMessages:   \tdownload file - Unexpected output%!(EXTRA string=Error in file operation: Error while initializing encryption invalid_encryption_key: Encryption key mismatch)\n","    zboxcli_share_file_test.go:1262: Test case [Auth ticket for wrong encryption public key should fail to download - proxy re-encryption] exit at [11-18-2024 13:01:20]\n","","","    zboxcli_share_file_test.go:1262: Test case [Auth ticket for wrong encryption public key should fail to download - proxy re-encryption] scheduled at [11-18-2024 13:01:20] \n","","","    system_test_framework.go:149: Test case [Auth ticket for wrong encryption public key should fail to download - proxy re-encryption] start at [11-18-2024 13:01:20] \n","2024/11/18 13:01:20 Creating wallet for TestShareFile-Auth_ticket_for_wrong_encryption_public_key_should_fail_to_download_-_proxy_re-encryption with walletIdx 501\n","File ./config/TestShareFile-Auth_ticket_for_wrong_encryption_public_key_should_fail_to_download_-_proxy_re-encryption_wallet.json written successfully.\n","    zboxcli_create_allocation_test.go:446: Creating new allocation...\n","    zwalletcli_register_wallet_test.go:101: Getting wallet...\n","    zboxcli_file_upload_test.go:985: Uploading file...\n","2024/11/18 13:01:26 Creating wallet for TestShareFile-Auth_ticket_for_wrong_encryption_public_key_should_fail_to_download_-_proxy_re-encryption_second with walletIdx 502\n","File ./config/TestShareFile-Auth_ticket_for_wrong_encryption_public_key_should_fail_to_download_-_proxy_re-encryption_second_wallet.json written successfully.\n","    zwalletcli_register_wallet_test.go:101: Getting wallet...\n","    zwalletcli_register_wallet_test.go:101: Getting wallet...\n","    zboxcli_share_file_test.go:1563: Sharing file...\n","    utils.go:166: Waiting 15s...\n","    zboxcli_file_download_test.go:1259: Downloading file...\n","    assertions.go:363: \n","        \tError Trace:\t/root/actions-runner7/_work/system_test/system_test/tests/cli_tests/zboxcli_share_file_test.go:1320\n","        \t            \t\t\t\t/root/actions-runner7/_work/system_test/system_test/internal/api/util/test/system_test_framework.go:150\n","        \t            \t\t\t\t/root/go/src/runtime/asm_amd64.s:1695\n","        \tError:      \t\"[Error in file operation: Error while initializing encryption invalid_encryption_key: Encryption key mismatch]\" should have 3 item(s), but has 1\n","        \tTest:       \tTestShareFile/Auth_ticket_for_wrong_encryption_public_key_should_fail_to_download_-_proxy_re-encryption\n","        \tMessages:   \tdownload file - Unexpected output%!(EXTRA string=Error in file operation: Error while initializing encryption invalid_encryption_key: Encryption key mismatch)\n","    zboxcli_share_file_test.go:1262: Test case [Auth ticket for wrong encryption public key should fail to download - proxy re-encryption] exit at [11-18-2024 13:01:41]\n",""],"Passed":false,"Skipped":false,"TestFileName":"","TestFunctionDetail":{"Line":0,"Col":0}}]},{"FailureIndicator":"","SkippedIndicator":"","TestResults":[{"TestName":"TestShareFile/Expired_auth_ticket_of_a_publicly-shared_file_should_fail_to_download","Package":"github.com/0chain/system_test/tests/cli_tests","ElapsedTime":30.32,"Output":["","    zboxcli_share_file_test.go:795: Test case [Expired auth ticket of a publicly-shared file should fail to download] scheduled at [11-18-2024 12:59:27] \n","","","    system_test_framework.go:149: Test case [Expired auth ticket of a publicly-shared file should fail to download] start at [11-18-2024 12:59:43] \n","2024/11/18 12:59:43 Creating wallet for TestShareFile-Expired_auth_ticket_of_a_publicly-shared_file_should_fail_to_download with walletIdx 532\n","File ./config/TestShareFile-Expired_auth_ticket_of_a_publicly-shared_file_should_fail_to_download_wallet.json written successfully.\n","    zboxcli_create_allocation_test.go:446: Creating new allocation...\n","    zwalletcli_register_wallet_test.go:101: Getting wallet...\n","    zboxcli_file_upload_test.go:985: Uploading file...\n","2024/11/18 12:59:48 Creating wallet for TestShareFile-Expired_auth_ticket_of_a_publicly-shared_file_should_fail_to_download_second with walletIdx 538\n","File ./config/TestShareFile-Expired_auth_ticket_of_a_publicly-shared_file_should_fail_to_download_second_wallet.json written successfully.\n","    zboxcli_share_file_test.go:1563: Sharing file...\n","    utils.go:166: Waiting 10s...\n","    utils.go:166: Waiting 15s...\n","    zboxcli_file_download_test.go:1259: Downloading file...\n","    zboxcli_share_file_test.go:795: Test case [Expired auth ticket of a publicly-shared file should fail to download] exit at [11-18-2024 13:00:13]\n","--- PASS: TestShareFile/Expired_auth_ticket_of_a_publicly-shared_file_should_fail_to_download (30.32s)",""],"Passed":true,"Skipped":false,"TestFileName":"","TestFunctionDetail":{"Line":0,"Col":0}}]},{"FailureIndicator":"","SkippedIndicator":"","TestResults":[{"TestName":"TestShareFile/Expired_auth_ticket_of_an_encrypted_file_should_fail_to_download_-_proxy_re-encryption","Package":"github.com/0chain/system_test/tests/cli_tests","ElapsedTime":30.6,"Output":["","    zboxcli_share_file_test.go:1136: Test case [Expired auth ticket of an encrypted file should fail to download - proxy re-encryption] scheduled at [11-18-2024 12:59:27] \n","","","    system_test_framework.go:149: Test case [Expired auth ticket of an encrypted file should fail to download - proxy re-encryption] start at [11-18-2024 12:59:27] \n","2024/11/18 12:59:27 Creating wallet for TestShareFile-Share_to_public_a_folder_with_no_file_using_auth_ticket_with_zero_expiration with walletIdx 507\n","    zboxcli_create_allocation_test.go:446: Creating new allocation...\n","2024/11/18 12:59:27 Creating wallet for TestShareFile-Share_a_private_folder_with_single_unencrypted_file_using_auth_ticket_with_zero_expiration_should_work with walletIdx 512\n","File ./config/TestShareFile-Share_a_private_folder_with_single_unencrypted_file_using_auth_ticket_with_zero_expiration_should_work_wallet.json written successfully.\n","    zwalletcli_register_wallet_test.go:101: Getting wallet...\n","    zboxcli_file_upload_test.go:985: Uploading file...\n","    zwalletcli_register_wallet_test.go:101: Getting wallet...\n","    zboxcli_share_file_test.go:1563: Sharing file...\n","2024/11/18 12:59:32 Creating wallet for TestShareFile-Share_someone_else's_allocation_file_should_fail_sharer with walletIdx 517\n","2024/11/18 12:59:32 Creating wallet for TestShareFile-Share_non-existent_file_should_fail_second with walletIdx 518\n","File ./config/TestShareFile-Share_non-existent_file_should_fail_second_wallet.json written successfully.\n","    utils.go:166: Waiting 10s...\n","    utils.go:166: Waiting 15s...\n","    zboxcli_file_download_test.go:1259: Downloading file...\n","    zboxcli_share_file_test.go:1136: Test case [Expired auth ticket of an encrypted file should fail to download - proxy re-encryption] exit at [11-18-2024 12:59:57]\n","--- PASS: TestShareFile/Expired_auth_ticket_of_an_encrypted_file_should_fail_to_download_-_proxy_re-encryption (30.60s)",""],"Passed":true,"Skipped":false,"TestFileName":"","TestFunctionDetail":{"Line":0,"Col":0}}]},{"FailureIndicator":"","SkippedIndicator":"","TestResults":[{"TestName":"TestShareFile/Folder_not_shared_should_fail_to_download_-_proxy_re-encryption","Package":"github.com/0chain/system_test/tests/cli_tests","ElapsedTime":25.76,"Output":["","    zboxcli_share_file_test.go:1393: Test case [Folder not shared should fail to download - proxy re-encryption] scheduled at [11-18-2024 12:59:27] \n","","","2024/11/18 12:59:27 Creating wallet for TestShareFile-Share_file_with_missing_remotepath_should_fail with walletIdx 504\n","    system_test_framework.go:149: Test case [Folder not shared should fail to download - proxy re-encryption] start at [11-18-2024 12:59:27] \n","File ./config/TestShareFile-Share_non-existent_file_should_fail_wallet.json written successfully.\n","File ./config/TestShareFile-Share_file_with_missing_remotepath_should_fail_wallet.json written successfully.\n","2024/11/18 12:59:27 Creating wallet for TestShareFile-Share_folder_with_encrypted_file_using_auth_ticket_-_proxy_re-encryption with walletIdx 505\n","2024/11/18 12:59:27 Creating wallet for TestShareFile-Folder_not_shared_should_fail_to_download_-_proxy_re-encryption with walletIdx 506\n","    zboxcli_create_allocation_test.go:446: Creating new allocation...\n","    zwalletcli_register_wallet_test.go:101: Getting wallet...\n","    zboxcli_file_upload_test.go:985: Uploading file...\n","    zboxcli_file_upload_test.go:985: Uploading file...\n","2024/11/18 12:59:32 Creating wallet for TestShareFile-Auth_ticket_for_wrong_clientId_should_fail_to_download_-_proxy_re-encryption_second with walletIdx 516\n","File ./config/TestShareFile-Auth_ticket_for_wrong_clientId_should_fail_to_download_-_proxy_re-encryption_second_wallet.json written successfully.\n","    zwalletcli_register_wallet_test.go:101: Getting wallet...\n","    zboxcli_share_file_test.go:1563: Sharing file...\n","    utils.go:166: Waiting 15s...\n","    zboxcli_file_download_test.go:1259: Downloading file...\n","    zboxcli_share_file_test.go:1393: Test case [Folder not shared should fail to download - proxy re-encryption] exit at [11-18-2024 12:59:53]\n","--- PASS: TestShareFile/Folder_not_shared_should_fail_to_download_-_proxy_re-encryption (25.76s)",""],"Passed":true,"Skipped":false,"TestFileName":"","TestFunctionDetail":{"Line":0,"Col":0}}]},{"FailureIndicator":"","SkippedIndicator":"","TestResults":[{"TestName":"TestShareFile/Revoke_auth_ticket_of_encrypted_file_-_proxy_re-encryption","Package":"github.com/0chain/system_test/tests/cli_tests","ElapsedTime":20.82,"Output":["","    zboxcli_share_file_test.go:1060: Test case [Revoke auth ticket of encrypted file - proxy re-encryption] scheduled at [11-18-2024 12:59:27] \n","","","    system_test_framework.go:149: Test case [Revoke auth ticket of encrypted file - proxy re-encryption] start at [11-18-2024 12:59:31] \n","2024/11/18 12:59:31 Creating wallet for TestShareFile-Revoke_auth_ticket_of_encrypted_file_-_proxy_re-encryption with walletIdx 513\n","File ./config/TestShareFile-Revoke_auth_ticket_of_encrypted_file_-_proxy_re-encryption_wallet.json written successfully.\n","    zboxcli_create_allocation_test.go:446: Creating new allocation...\n","    zwalletcli_register_wallet_test.go:101: Getting wallet...\n","    zboxcli_file_upload_test.go:985: Uploading file...\n","2024/11/18 12:59:36 Creating wallet for TestShareFile-Share_encrypted_huge_file_using_auth_ticket_-_proxy_re-encryption_second with walletIdx 525\n","File ./config/TestShareFile-Share_encrypted_huge_file_using_auth_ticket_-_proxy_re-encryption_second_wallet.json written successfully.\n","    zwalletcli_register_wallet_test.go:101: Getting wallet...\n","    zboxcli_share_file_test.go:1563: Sharing file...\n","    zboxcli_share_file_test.go:1563: Sharing file...\n","    utils.go:166: Waiting 15s...\n","2024/11/18 12:59:37 Creating wallet for TestShareFile-Folder_not_shared_should_fail_to_download_-_proxy_re-encryption_second with walletIdx 529\n","File ./config/TestShareFile-Folder_not_shared_should_fail_to_download_-_proxy_re-encryption_second_wallet.json written successfully.\n","    zboxcli_file_download_test.go:1259: Downloading file...\n","    zboxcli_share_file_test.go:1060: Test case [Revoke auth ticket of encrypted file - proxy re-encryption] exit at [11-18-2024 12:59:52]\n","--- PASS: TestShareFile/Revoke_auth_ticket_of_encrypted_file_-_proxy_re-encryption (20.82s)",""],"Passed":true,"Skipped":false,"TestFileName":"","TestFunctionDetail":{"Line":0,"Col":0}}]},{"FailureIndicator":"","SkippedIndicator":"","TestResults":[{"TestName":"TestShareFile/Revoke_auth_ticket_on_publicly-shared_unencrypted_file_should_fail_to_download","Package":"github.com/0chain/system_test/tests/cli_tests","ElapsedTime":24.93,"Output":["","    zboxcli_share_file_test.go:733: Test case [Revoke auth ticket on publicly-shared unencrypted file should fail to download] scheduled at [11-18-2024 12:59:27] \n","","","    system_test_framework.go:149: Test case [Revoke auth ticket on publicly-shared unencrypted file should fail to download] start at [11-18-2024 12:59:47] \n","2024/11/18 12:59:47 Creating wallet for TestShareFile-Revoke_auth_ticket_on_publicly-shared_unencrypted_file_should_fail_to_download with walletIdx 533\n","File ./config/TestShareFile-Revoke_auth_ticket_on_publicly-shared_unencrypted_file_should_fail_to_download_wallet.json written successfully.\n","    zboxcli_create_allocation_test.go:446: Creating new allocation...\n","    zwalletcli_register_wallet_test.go:101: Getting wallet...\n","    zboxcli_file_upload_test.go:985: Uploading file...\n","    zboxcli_share_file_test.go:1563: Sharing file...\n","2024/11/18 12:59:53 Creating wallet for TestShareFile-Share_to_public_a_folder_with_no_encrypted_file_using_auth_ticket_with_zero_expiration_second with walletIdx 543\n","File ./config/TestShareFile-Share_to_public_a_folder_with_no_encrypted_file_using_auth_ticket_with_zero_expiration_second_wallet.json written successfully.\n","    zboxcli_share_file_test.go:1563: Sharing file...\n","    utils.go:166: Waiting 15s...\n","    zboxcli_file_download_test.go:1259: Downloading file...\n","    utils.go:82: \u001b[33mCommand failed on attempt [1/3] due to error [exit status 1]. Output: [Error in file operation: Error while getting file ref. Error: consensus_not_met:]\n","    utils.go:82: \u001b[33mCommand failed on attempt [2/3] due to error [exit status 1]. Output: [Error in file operation: Error while getting file ref. Error: consensus_not_met:]\n","2024/11/18 13:00:12 Creating wallet for TestShareFile-Share_a_private_folder_with_multiple_unencrypted_file_using_auth_ticket_with_zero_expiration_should_work_second with walletIdx 551\n","File ./config/TestShareFile-Share_a_private_folder_with_multiple_unencrypted_file_using_auth_ticket_with_zero_expiration_should_work_second_wallet.json written successfully.\n","    utils.go:98: \u001b[31mCommand failed on final attempt [3/3] due to error [exit status 1]. Command String: [] Output: [Error in file operation: Error while getting file ref. Error: consensus_not_met:]\n","    utils.go:101: \u001b[31mThe verbose output for the command is:\n","    utils.go:105: \u001b[31m0chain-core-sdk [INFO]   2024/11/18 13:00:12.819984 wallet_base.go:192: ******* Wallet SDK Version:v1.17.11-269-g7fd90660 ******* (SetLogFile)\n","    utils.go:105: \u001b[31m0box-sdk        [INFO]   2024/11/18 13:00:12.820043 sdk.go:95: ******* Storage SDK Version: v1.17.11-269-g7fd90660 *******\n","    utils.go:105: \u001b[31m0box-sdk        [DEBUG]  2024/11/18 13:00:12.842313 filemetaworker.go:98: File meta response status: 400 Bad Request\n","    utils.go:105: \u001b[31m0box-sdk        [DEBUG]  2024/11/18 13:00:12.842389 filemetaworker.go:98: File meta response status: 400 Bad Request\n","    utils.go:105: \u001b[31m0box-sdk        \u001b[31m[ERROR]  2024/11/18 13:00:12.842418 downloadworker.go:1266: File consensus not found for \u001b[0m\n","    utils.go:105: \u001b[31m0box-sdk        \u001b[31m[ERROR]  2024/11/18 13:00:12.842425 downloadworker.go:1361: consensus_not_met: \u001b[0m\n","    utils.go:105: \u001b[31m0box-sdk        \u001b[31m[ERROR]  2024/11/18 13:00:12.842442 downloadworker.go:1063: Download failed: Error while getting file ref. Error: consensus_not_met:  remotefilepath: 039cc17382c6e7b8d8f2857d5467cdc909ea6d12124e1233d9714ef9766a18c6\u001b[0m\n","    utils.go:105: \u001b[31mError in file operation: Error while getting file ref. Error: consensus_not_met:\n","    zboxcli_share_file_test.go:733: Test case [Revoke auth ticket on publicly-shared unencrypted file should fail to download] exit at [11-18-2024 13:00:12]\n","--- PASS: TestShareFile/Revoke_auth_ticket_on_publicly-shared_unencrypted_file_should_fail_to_download (24.93s)",""],"Passed":true,"Skipped":false,"TestFileName":"","TestFunctionDetail":{"Line":0,"Col":0}}]},{"FailureIndicator":"","SkippedIndicator":"","TestResults":[{"TestName":"TestShareFile/Share_a_private_folder_with_multiple_unencrypted_file_using_auth_ticket_with_zero_expiration_should_work","Package":"github.com/0chain/system_test/tests/cli_tests","ElapsedTime":60.57,"Output":["","    zboxcli_share_file_test.go:415: Test case [Share a private folder with multiple unencrypted file using auth ticket with zero expiration should work] scheduled at [11-18-2024 12:59:27] \n","","","    system_test_framework.go:149: Test case [Share a private folder with multiple unencrypted file using auth ticket with zero expiration should work] start at [11-18-2024 12:59:57] \n","2024/11/18 12:59:57 Creating wallet for TestShareFile-Share_a_private_folder_with_multiple_unencrypted_file_using_auth_ticket_with_zero_expiration_should_work with walletIdx 547\n","File ./config/TestShareFile-Share_a_private_folder_with_multiple_unencrypted_file_using_auth_ticket_with_zero_expiration_should_work_wallet.json written successfully.\n","    zboxcli_create_allocation_test.go:446: Creating new allocation...\n","    zwalletcli_register_wallet_test.go:101: Getting wallet...\n","    zboxcli_file_upload_test.go:985: Uploading file...\n","2024/11/18 13:00:02 Creating wallet for TestShareFile-Auth_ticket_for_wrong_encryption_public_key_should_fail_to_download_-_proxy_re-encryption_second with walletIdx 549\n","File ./config/TestShareFile-Auth_ticket_for_wrong_encryption_public_key_should_fail_to_download_-_proxy_re-encryption_second_wallet.json written successfully.\n","    zboxcli_file_upload_test.go:985: Uploading file...\n","    zboxcli_file_upload_test.go:985: Uploading file...\n","    zwalletcli_register_wallet_test.go:101: Getting wallet...\n","    zboxcli_share_file_test.go:1563: Sharing file...\n","    utils.go:166: Waiting 15s...\n","    zboxcli_file_download_test.go:1259: Downloading file...\n","    utils.go:166: Waiting 15s...\n","    zboxcli_file_download_test.go:1259: Downloading file...\n","    utils.go:166: Waiting 15s...\n","    zboxcli_file_download_test.go:1259: Downloading file...\n","    zboxcli_share_file_test.go:415: Test case [Share a private folder with multiple unencrypted file using auth ticket with zero expiration should work] exit at [11-18-2024 13:00:58]\n","--- PASS: TestShareFile/Share_a_private_folder_with_multiple_unencrypted_file_using_auth_ticket_with_zero_expiration_should_work (60.57s)",""],"Passed":true,"Skipped":false,"TestFileName":"","TestFunctionDetail":{"Line":0,"Col":0}}]},{"FailureIndicator":"","SkippedIndicator":"","TestResults":[{"TestName":"TestShareFile/Share_a_private_folder_with_no_file_using_auth_ticket_with_zero_expiration","Package":"github.com/0chain/system_test/tests/cli_tests","ElapsedTime":15.32,"Output":["","    zboxcli_share_file_test.go:300: Test case [Share a private folder with no file using auth ticket with zero expiration] scheduled at [11-18-2024 12:59:27] \n","","","    system_test_framework.go:149: Test case [Share a private folder with no file using auth ticket with zero expiration] start at [11-18-2024 12:59:52] \n","2024/11/18 12:59:52 Creating wallet for TestShareFile-Share_a_private_folder_with_no_file_using_auth_ticket_with_zero_expiration with walletIdx 539\n","File ./config/TestShareFile-Share_a_private_folder_with_no_file_using_auth_ticket_with_zero_expiration_wallet.json written successfully.\n","    zboxcli_create_allocation_test.go:446: Creating new allocation...\n","    zwalletcli_register_wallet_test.go:101: Getting wallet...\n","    zwalletcli_register_wallet_test.go:101: Getting wallet...\n","    zboxcli_share_file_test.go:1563: Sharing file...\n","    utils.go:166: Waiting 10s...\n","    zboxcli_share_file_test.go:1620: Listing all files in allocation...\n","    zboxcli_share_file_test.go:300: Test case [Share a private folder with no file using auth ticket with zero expiration] exit at [11-18-2024 13:00:07]\n","--- PASS: TestShareFile/Share_a_private_folder_with_no_file_using_auth_ticket_with_zero_expiration (15.32s)",""],"Passed":true,"Skipped":false,"TestFileName":"","TestFunctionDetail":{"Line":0,"Col":0}}]},{"FailureIndicator":"","SkippedIndicator":"","TestResults":[{"TestName":"TestShareFile/Share_a_private_folder_with_single_unencrypted_file_using_auth_ticket_with_zero_expiration_should_work","Package":"github.com/0chain/system_test/tests/cli_tests","ElapsedTime":20.95,"Output":["","    zboxcli_share_file_test.go:353: Test case [Share a private folder with single unencrypted file using auth ticket with zero expiration should work] scheduled at [11-18-2024 12:59:27] \n","","","    system_test_framework.go:149: Test case [Share a private folder with single unencrypted file using auth ticket with zero expiration should work] start at [11-18-2024 12:59:27] \n","    zboxcli_create_allocation_test.go:446: Creating new allocation...\n","    zwalletcli_register_wallet_test.go:101: Getting wallet...\n","    zboxcli_file_upload_test.go:985: Uploading file...\n","2024/11/18 12:59:33 Creating wallet for TestShareFile-Share_to_public_a_folder_with_no_file_using_auth_ticket_with_zero_expiration_second with walletIdx 522\n","File ./config/TestShareFile-Share_to_public_a_folder_with_no_file_using_auth_ticket_with_zero_expiration_second_wallet.json written successfully.\n","    zwalletcli_register_wallet_test.go:101: Getting wallet...\n","2024/11/18 12:59:33 Creating wallet for TestShareFile-Share_folder_with_encrypted_file_using_auth_ticket_-_proxy_re-encryption_second with walletIdx 524\n","File ./config/TestShareFile-Share_folder_with_encrypted_file_using_auth_ticket_-_proxy_re-encryption_second_wallet.json written successfully.\n","    zboxcli_share_file_test.go:1563: Sharing file...\n","    utils.go:166: Waiting 15s...\n","    zboxcli_file_download_test.go:1259: Downloading file...\n","    zboxcli_share_file_test.go:353: Test case [Share a private folder with single unencrypted file using auth ticket with zero expiration should work] exit at [11-18-2024 12:59:48]\n","--- PASS: TestShareFile/Share_a_private_folder_with_single_unencrypted_file_using_auth_ticket_with_zero_expiration_should_work (20.95s)",""],"Passed":true,"Skipped":false,"TestFileName":"","TestFunctionDetail":{"Line":0,"Col":0}}]},{"FailureIndicator":"","SkippedIndicator":"","TestResults":[{"TestName":"TestShareFile/Share_encrypted_file_using_auth_ticket_-_proxy_re-encryption","Package":"github.com/0chain/system_test/tests/cli_tests","ElapsedTime":20.36,"Output":["","    zboxcli_share_file_test.go:903: Test case [Share encrypted file using auth ticket - proxy re-encryption] scheduled at [11-18-2024 12:59:27] \n","","","    system_test_framework.go:149: Test case [Share encrypted file using auth ticket - proxy re-encryption] start at [11-18-2024 12:59:37] \n","2024/11/18 12:59:37 Creating wallet for TestShareFile-Share_encrypted_file_using_auth_ticket_-_proxy_re-encryption with walletIdx 527\n","File ./config/TestShareFile-Share_encrypted_file_using_auth_ticket_-_proxy_re-encryption_wallet.json written successfully.\n","    zboxcli_create_allocation_test.go:446: Creating new allocation...\n","    zwalletcli_register_wallet_test.go:101: Getting wallet...\n","    zboxcli_file_upload_test.go:985: Uploading file...\n","2024/11/18 12:59:42 Creating wallet for TestShareFile-Share_to_public_a_folder_with_no_encrypted_file_using_auth_ticket_second with walletIdx 530\n","File ./config/TestShareFile-Share_to_public_a_folder_with_no_encrypted_file_using_auth_ticket_second_wallet.json written successfully.\n","    zwalletcli_register_wallet_test.go:101: Getting wallet...\n","    zboxcli_share_file_test.go:1563: Sharing file...\n","    utils.go:166: Waiting 15s...\n","    zboxcli_file_download_test.go:1259: Downloading file...\n","    zboxcli_share_file_test.go:903: Test case [Share encrypted file using auth ticket - proxy re-encryption] exit at [11-18-2024 12:59:57]\n","--- PASS: TestShareFile/Share_encrypted_file_using_auth_ticket_-_proxy_re-encryption (20.36s)",""],"Passed":true,"Skipped":false,"TestFileName":"","TestFunctionDetail":{"Line":0,"Col":0}}]},{"FailureIndicator":"","SkippedIndicator":"","TestResults":[{"TestName":"TestShareFile/Share_encrypted_huge_file_using_auth_ticket_-_proxy_re-encryption","Package":"github.com/0chain/system_test/tests/cli_tests","ElapsedTime":35.75,"Output":["","    zboxcli_share_file_test.go:964: Test case [Share encrypted huge file using auth ticket - proxy re-encryption] scheduled at [11-18-2024 12:59:27] \n","","","    system_test_framework.go:149: Test case [Share encrypted huge file using auth ticket - proxy re-encryption] start at [11-18-2024 12:59:31] \n","2024/11/18 12:59:31 Creating wallet for TestShareFile-Share_encrypted_huge_file_using_auth_ticket_-_proxy_re-encryption with walletIdx 514\n","File ./config/TestShareFile-Share_encrypted_huge_file_using_auth_ticket_-_proxy_re-encryption_wallet.json written successfully.\n","    zboxcli_create_allocation_test.go:446: Creating new allocation...\n","    zboxcli_file_upload_test.go:985: Uploading file...\n","    zwalletcli_register_wallet_test.go:101: Getting wallet...\n","    zboxcli_share_file_test.go:1563: Sharing file...\n","    utils.go:166: Waiting 15s...\n","2024/11/18 12:59:37 Creating wallet for TestShareFile-Revoke_auth_ticket_of_encrypted_file_-_proxy_re-encryption_second with walletIdx 526\n","File ./config/TestShareFile-Revoke_auth_ticket_of_encrypted_file_-_proxy_re-encryption_second_wallet.json written successfully.\n","    zboxcli_file_download_test.go:1259: Downloading file...\n","    utils.go:166: Waiting 15s...\n","    zboxcli_file_download_test.go:1259: Downloading file...\n","    zboxcli_share_file_test.go:964: Test case [Share encrypted huge file using auth ticket - proxy re-encryption] exit at [11-18-2024 13:00:07]\n","--- PASS: TestShareFile/Share_encrypted_huge_file_using_auth_ticket_-_proxy_re-encryption (35.75s)",""],"Passed":true,"Skipped":false,"TestFileName":"","TestFunctionDetail":{"Line":0,"Col":0}}]},{"FailureIndicator":"","SkippedIndicator":"","TestResults":[{"TestName":"TestShareFile/Share_file_with_missing_allocation_should_fail","Package":"github.com/0chain/system_test/tests/cli_tests","ElapsedTime":4.16,"Output":["","    zboxcli_share_file_test.go:1529: Test case [Share file with missing allocation should fail] scheduled at [11-18-2024 12:59:27] \n","","","    system_test_framework.go:149: Test case [Share file with missing allocation should fail] start at [11-18-2024 12:59:27] \n","2024/11/18 12:59:27 Creating wallet for TestShareFile-Share_file_with_missing_allocation_should_fail with walletIdx 509\n","File ./config/TestShareFile-Share_file_with_missing_allocation_should_fail_wallet.json written successfully.\n","    zboxcli_share_file_test.go:1563: Sharing file...\n","    utils.go:82: \u001b[33mCommand failed on attempt [1/3] due to error [exit status 1]. Output: [Error: allocation flag is missing]\n","    utils.go:82: \u001b[33mCommand failed on attempt [2/3] due to error [exit status 1]. Output: [Error: allocation flag is missing]\n","    utils.go:98: \u001b[31mCommand failed on final attempt [3/3] due to error [exit status 1]. Command String: [] Output: [Error: allocation flag is missing]\n","    utils.go:101: \u001b[31mThe verbose output for the command is:\n","    utils.go:105: \u001b[31m0chain-core-sdk [INFO]   2024/11/18 12:59:31.432112 wallet_base.go:192: ******* Wallet SDK Version:v1.17.11-269-g7fd90660 ******* (SetLogFile)\n","    utils.go:105: \u001b[31m0box-sdk        [INFO]   2024/11/18 12:59:31.432271 sdk.go:95: ******* Storage SDK Version: v1.17.11-269-g7fd90660 *******\n","    utils.go:105: \u001b[31mError: allocation flag is missing\n","    zboxcli_share_file_test.go:1529: Test case [Share file with missing allocation should fail] exit at [11-18-2024 12:59:31]\n","--- PASS: TestShareFile/Share_file_with_missing_allocation_should_fail (4.16s)",""],"Passed":true,"Skipped":false,"TestFileName":"","TestFunctionDetail":{"Line":0,"Col":0}}]},{"FailureIndicator":"","SkippedIndicator":"","TestResults":[{"TestName":"TestShareFile/Share_file_with_missing_remotepath_should_fail","Package":"github.com/0chain/system_test/tests/cli_tests","ElapsedTime":4.17,"Output":["","    zboxcli_share_file_test.go:1543: Test case [Share file with missing remotepath should fail] scheduled at [11-18-2024 12:59:27] \n","","","2024/11/18 12:59:27 Creating wallet for TestShareFile-Share_someone_else's_allocation_file_should_fail with walletIdx 502\n","    system_test_framework.go:149: Test case [Share file with missing remotepath should fail] start at [11-18-2024 12:59:27] \n","    zboxcli_share_file_test.go:1563: Sharing file...\n","    utils.go:82: \u001b[33mCommand failed on attempt [1/3] due to error [exit status 1]. Output: [Error: remotepath flag is missing]\n","    utils.go:82: \u001b[33mCommand failed on attempt [2/3] due to error [exit status 1]. Output: [Error: remotepath flag is missing]\n","    utils.go:98: \u001b[31mCommand failed on final attempt [3/3] due to error [exit status 1]. Command String: [] Output: [Error: remotepath flag is missing]\n","    utils.go:101: \u001b[31mThe verbose output for the command is:\n","    utils.go:105: \u001b[31m0chain-core-sdk [INFO]   2024/11/18 12:59:31.433758 wallet_base.go:192: ******* Wallet SDK Version:v1.17.11-269-g7fd90660 ******* (SetLogFile)\n","    utils.go:105: \u001b[31m0box-sdk        [INFO]   2024/11/18 12:59:31.433815 sdk.go:95: ******* Storage SDK Version: v1.17.11-269-g7fd90660 *******\n","    utils.go:105: \u001b[31mError: remotepath flag is missing\n","    zboxcli_share_file_test.go:1543: Test case [Share file with missing remotepath should fail] exit at [11-18-2024 12:59:31]\n","--- PASS: TestShareFile/Share_file_with_missing_remotepath_should_fail (4.17s)",""],"Passed":true,"Skipped":false,"TestFileName":"","TestFunctionDetail":{"Line":0,"Col":0}}]},{"FailureIndicator":"","SkippedIndicator":"","TestResults":[{"TestName":"TestShareFile/Share_folder_with_encrypted_file_using_auth_ticket_-_proxy_re-encryption","Package":"github.com/0chain/system_test/tests/cli_tests","ElapsedTime":21.06,"Output":["","    zboxcli_share_file_test.go:1325: Test case [Share folder with encrypted file using auth ticket - proxy re-encryption] scheduled at [11-18-2024 12:59:27] \n","","","    system_test_framework.go:149: Test case [Share folder with encrypted file using auth ticket - proxy re-encryption] start at [11-18-2024 12:59:27] \n","File ./config/TestShareFile-Share_someone_else's_allocation_file_should_fail_wallet.json written successfully.\n","    zboxcli_create_allocation_test.go:446: Creating new allocation...\n","File ./config/TestShareFile-Folder_not_shared_should_fail_to_download_-_proxy_re-encryption_wallet.json written successfully.\n","    zwalletcli_register_wallet_test.go:101: Getting wallet...\n","    zboxcli_file_upload_test.go:985: Uploading file...\n","    zwalletcli_register_wallet_test.go:101: Getting wallet...\n","    zboxcli_share_file_test.go:1563: Sharing file...\n","    zwalletcli_register_wallet_test.go:101: Getting wallet...\n","    zboxcli_share_file_test.go:1384: Downloading file for wallet 8f5efad542c3e8bca63b58d1722495bcae104b9dca8585cbde4ea94f175eb0dc\n","    utils.go:166: Waiting 15s...\n","    zboxcli_file_download_test.go:1259: Downloading file...\n","    zboxcli_share_file_test.go:1325: Test case [Share folder with encrypted file using auth ticket - proxy re-encryption] exit at [11-18-2024 12:59:48]\n","--- PASS: TestShareFile/Share_folder_with_encrypted_file_using_auth_ticket_-_proxy_re-encryption (21.06s)",""],"Passed":true,"Skipped":false,"TestFileName":"","TestFunctionDetail":{"Line":0,"Col":0}}]},{"FailureIndicator":"","SkippedIndicator":"","TestResults":[{"TestName":"TestShareFile/Share_non-existent_file_should_fail","Package":"github.com/0chain/system_test/tests/cli_tests","ElapsedTime":9.82,"Output":["","    zboxcli_share_file_test.go:1468: Test case [Share non-existent file should fail] scheduled at [11-18-2024 12:59:27] \n","","","    system_test_framework.go:149: Test case [Share non-existent file should fail] start at [11-18-2024 12:59:27] \n","2024/11/18 12:59:27 Creating wallet for TestShareFile-Share_non-existent_file_should_fail with walletIdx 503\n","File ./config/TestShareFile-Auth_ticket_for_wrong_clientId_should_fail_to_download_-_proxy_re-encryption_wallet.json written successfully.\n","    zboxcli_create_allocation_test.go:446: Creating new allocation...\n","    zwalletcli_register_wallet_test.go:101: Getting wallet...\n","    zwalletcli_register_wallet_test.go:101: Getting wallet...\n","File ./config/TestShareFile-Share_someone_else's_allocation_file_should_fail_sharer_wallet.json written successfully.\n","2024/11/18 12:59:32 Creating wallet for TestShareFile-Share_someone_else's_allocation_file_should_fail_receiver with walletIdx 519\n","File ./config/TestShareFile-Share_someone_else's_allocation_file_should_fail_receiver_wallet.json written successfully.\n","    zboxcli_share_file_test.go:1563: Sharing file...\n","2024/11/18 12:59:32 Creating wallet for TestShareFile-Share_unencrypted_file_to_public_using_auth_ticket_with_zero_expiration_second with walletIdx 521\n","File ./config/TestShareFile-Share_unencrypted_file_to_public_using_auth_ticket_with_zero_expiration_second_wallet.json written successfully.\n","    utils.go:82: \u001b[33mCommand failed on attempt [1/3] due to error [exit status 1]. Output: [file_meta_error: Error getting object meta data from blobbers]\n","    utils.go:82: \u001b[33mCommand failed on attempt [2/3] due to error [exit status 1]. Output: [file_meta_error: Error getting object meta data from blobbers]\n","    utils.go:98: \u001b[31mCommand failed on final attempt [3/3] due to error [exit status 1]. Command String: [] Output: [file_meta_error: Error getting object meta data from blobbers]\n","    utils.go:101: \u001b[31mThe verbose output for the command is:\n","    utils.go:105: \u001b[31m0chain-core-sdk [INFO]   2024/11/18 12:59:37.070316 wallet_base.go:192: ******* Wallet SDK Version:v1.17.11-269-g7fd90660 ******* (SetLogFile)\n","    utils.go:105: \u001b[31m0box-sdk        [INFO]   2024/11/18 12:59:37.070405 sdk.go:95: ******* Storage SDK Version: v1.17.11-269-g7fd90660 *******\n","    utils.go:105: \u001b[31m0box-sdk        [INFO]   2024/11/18 12:59:37.090107 allocation.go:472: Owner signing public key already exists: 0b2f592d901d44e66d31fab04aaeb0260996c9e5499b27249640eaf9dd4f03d2 generated: 0b2f592d901d44e66d31fab04aaeb0260996c9e5499b27249640eaf9dd4f03d2\n","    utils.go:105: \u001b[31m0box-sdk        [DEBUG]  2024/11/18 12:59:37.099643 filemetaworker.go:98: File meta response status: 400 Bad Request\n","    utils.go:105: \u001b[31m0box-sdk        [DEBUG]  2024/11/18 12:59:37.099675 filemetaworker.go:98: File meta response status: 400 Bad Request\n","    utils.go:105: \u001b[31m0box-sdk        \u001b[31m[ERROR]  2024/11/18 12:59:37.099696 filemetaworker.go:232: File consensus not found for \u001b[0m\n","    utils.go:105: \u001b[31mfile_meta_error: Error getting object meta data from blobbers\n","    zboxcli_share_file_test.go:1468: Test case [Share non-existent file should fail] exit at [11-18-2024 12:59:37]\n","--- PASS: TestShareFile/Share_non-existent_file_should_fail (9.82s)",""],"Passed":true,"Skipped":false,"TestFileName":"","TestFunctionDetail":{"Line":0,"Col":0}}]},{"FailureIndicator":"","SkippedIndicator":"","TestResults":[{"TestName":"TestShareFile/Share_someone_else's_allocation_file_should_fail","Package":"github.com/0chain/system_test/tests/cli_tests","ElapsedTime":9.82,"Output":["","    zboxcli_share_file_test.go:1496: Test case [Share someone else's allocation file should fail] scheduled at [11-18-2024 12:59:27] \n","","","    system_test_framework.go:149: Test case [Share someone else's allocation file should fail] start at [11-18-2024 12:59:27] \n","    zboxcli_create_allocation_test.go:446: Creating new allocation...\n","File ./config/TestShareFile-Share_folder_with_encrypted_file_using_auth_ticket_-_proxy_re-encryption_wallet.json written successfully.\n","    zwalletcli_register_wallet_test.go:101: Getting wallet...\n","    zwalletcli_register_wallet_test.go:101: Getting wallet...\n","    zboxcli_share_file_test.go:1563: Sharing file...\n","    utils.go:82: \u001b[33mCommand failed on attempt [1/3] due to error [exit status 1]. Output: [file_meta_error: Error getting object meta data from blobbers]\n","    utils.go:82: \u001b[33mCommand failed on attempt [2/3] due to error [exit status 1]. Output: [file_meta_error: Error getting object meta data from blobbers]\n","    utils.go:98: \u001b[31mCommand failed on final attempt [3/3] due to error [exit status 1]. Command String: [] Output: [file_meta_error: Error getting object meta data from blobbers]\n","    utils.go:101: \u001b[31mThe verbose output for the command is:\n","    utils.go:105: \u001b[31m0chain-core-sdk [INFO]   2024/11/18 12:59:37.060870 wallet_base.go:192: ******* Wallet SDK Version:v1.17.11-269-g7fd90660 ******* (SetLogFile)\n","    utils.go:105: \u001b[31m0box-sdk        [INFO]   2024/11/18 12:59:37.060938 sdk.go:95: ******* Storage SDK Version: v1.17.11-269-g7fd90660 *******\n","    utils.go:105: \u001b[31m0box-sdk        [DEBUG]  2024/11/18 12:59:37.099886 filemetaworker.go:98: File meta response status: 400 Bad Request\n","    utils.go:105: \u001b[31m0box-sdk        [DEBUG]  2024/11/18 12:59:37.100316 filemetaworker.go:98: File meta response status: 400 Bad Request\n","    utils.go:105: \u001b[31m0box-sdk        \u001b[31m[ERROR]  2024/11/18 12:59:37.100334 filemetaworker.go:232: File consensus not found for \u001b[0m\n","    utils.go:105: \u001b[31mfile_meta_error: Error getting object meta data from blobbers\n","    zboxcli_share_file_test.go:1496: Test case [Share someone else's allocation file should fail] exit at [11-18-2024 12:59:37]\n","--- PASS: TestShareFile/Share_someone_else's_allocation_file_should_fail (9.82s)",""],"Passed":true,"Skipped":false,"TestFileName":"","TestFunctionDetail":{"Line":0,"Col":0}}]},{"FailureIndicator":"","SkippedIndicator":"","TestResults":[{"TestName":"TestShareFile/Share_to_public_a_folder_with_multiple_unencrypted_file_using_auth_ticket_with_zero_expiration_should_work","Package":"github.com/0chain/system_test/tests/cli_tests","ElapsedTime":61.66,"Output":["","    zboxcli_share_file_test.go:123: Test case [Share to public a folder with multiple unencrypted file using auth ticket with zero expiration should work] scheduled at [11-18-2024 12:59:27] \n","","","    system_test_framework.go:149: Test case [Share to public a folder with multiple unencrypted file using auth ticket with zero expiration should work] start at [11-18-2024 12:59:48] \n","2024/11/18 12:59:48 Creating wallet for TestShareFile-Share_to_public_a_folder_with_multiple_unencrypted_file_using_auth_ticket_with_zero_expiration_should_work with walletIdx 537\n","File ./config/TestShareFile-Share_to_public_a_folder_with_multiple_unencrypted_file_using_auth_ticket_with_zero_expiration_should_work_wallet.json written successfully.\n","    zboxcli_create_allocation_test.go:446: Creating new allocation...\n","    zwalletcli_register_wallet_test.go:101: Getting wallet...\n","    zboxcli_file_upload_test.go:985: Uploading file...\n","2024/11/18 12:59:53 Creating wallet for TestShareFile-Share_to_public_a_single_encrypted_file_using_auth_ticket_with_zero_expiration_second with walletIdx 544\n","File ./config/TestShareFile-Share_to_public_a_single_encrypted_file_using_auth_ticket_with_zero_expiration_second_wallet.json written successfully.\n","    zboxcli_file_upload_test.go:985: Uploading file...\n","    zboxcli_file_upload_test.go:985: Uploading file...\n","    zboxcli_share_file_test.go:1563: Sharing file...\n","    utils.go:166: Waiting 15s...\n","    zboxcli_file_download_test.go:1259: Downloading file...\n","    utils.go:166: Waiting 15s...\n","    zboxcli_file_download_test.go:1259: Downloading file...\n","    utils.go:166: Waiting 15s...\n","    zboxcli_file_download_test.go:1259: Downloading file...\n","    zboxcli_share_file_test.go:123: Test case [Share to public a folder with multiple unencrypted file using auth ticket with zero expiration should work] exit at [11-18-2024 13:00:50]\n","--- PASS: TestShareFile/Share_to_public_a_folder_with_multiple_unencrypted_file_using_auth_ticket_with_zero_expiration_should_work (61.66s)",""],"Passed":true,"Skipped":false,"TestFileName":"","TestFunctionDetail":{"Line":0,"Col":0}}]},{"FailureIndicator":"","SkippedIndicator":"","TestResults":[{"TestName":"TestShareFile/Share_to_public_a_folder_with_no_encrypted_file_using_auth_ticket","Package":"github.com/0chain/system_test/tests/cli_tests","ElapsedTime":20.31,"Output":["","    zboxcli_share_file_test.go:849: Test case [Share to public a folder with no encrypted file using auth ticket] scheduled at [11-18-2024 12:59:27] \n","","","    system_test_framework.go:149: Test case [Share to public a folder with no encrypted file using auth ticket] start at [11-18-2024 12:59:37] \n","2024/11/18 12:59:37 Creating wallet for TestShareFile-Share_to_public_a_folder_with_no_encrypted_file_using_auth_ticket with walletIdx 528\n","File ./config/TestShareFile-Share_to_public_a_folder_with_no_encrypted_file_using_auth_ticket_wallet.json written successfully.\n","    zboxcli_create_allocation_test.go:446: Creating new allocation...\n","    zwalletcli_register_wallet_test.go:101: Getting wallet...\n","    zboxcli_file_upload_test.go:985: Uploading file...\n","    zboxcli_share_file_test.go:1563: Sharing file...\n","2024/11/18 12:59:42 Creating wallet for TestShareFile-Share_encrypted_file_using_auth_ticket_-_proxy_re-encryption_second with walletIdx 531\n","File ./config/TestShareFile-Share_encrypted_file_using_auth_ticket_-_proxy_re-encryption_second_wallet.json written successfully.\n","    utils.go:166: Waiting 15s...\n","    zboxcli_file_download_test.go:1259: Downloading file...\n","    zboxcli_share_file_test.go:849: Test case [Share to public a folder with no encrypted file using auth ticket] exit at [11-18-2024 12:59:57]\n","--- PASS: TestShareFile/Share_to_public_a_folder_with_no_encrypted_file_using_auth_ticket (20.31s)",""],"Passed":true,"Skipped":false,"TestFileName":"","TestFunctionDetail":{"Line":0,"Col":0}}]},{"FailureIndicator":"","SkippedIndicator":"","TestResults":[{"TestName":"TestShareFile/Share_to_public_a_folder_with_no_encrypted_file_using_auth_ticket_with_zero_expiration","Package":"github.com/0chain/system_test/tests/cli_tests","ElapsedTime":20.69,"Output":["","    zboxcli_share_file_test.go:536: Test case [Share to public a folder with no encrypted file using auth ticket with zero expiration] scheduled at [11-18-2024 12:59:27] \n","","","    system_test_framework.go:149: Test case [Share to public a folder with no encrypted file using auth ticket with zero expiration] start at [11-18-2024 12:59:47] \n","2024/11/18 12:59:47 Creating wallet for TestShareFile-Share_to_public_a_folder_with_no_encrypted_file_using_auth_ticket_with_zero_expiration with walletIdx 535\n","File ./config/TestShareFile-Share_to_public_a_folder_with_no_encrypted_file_using_auth_ticket_with_zero_expiration_wallet.json written successfully.\n","    zboxcli_create_allocation_test.go:446: Creating new allocation...\n","    zwalletcli_register_wallet_test.go:101: Getting wallet...\n","    zboxcli_file_upload_test.go:985: Uploading file...\n","    zboxcli_share_file_test.go:1563: Sharing file...\n","    utils.go:166: Waiting 15s...\n","    zboxcli_file_download_test.go:1259: Downloading file...\n","    zboxcli_share_file_test.go:536: Test case [Share to public a folder with no encrypted file using auth ticket with zero expiration] exit at [11-18-2024 13:00:08]\n","--- PASS: TestShareFile/Share_to_public_a_folder_with_no_encrypted_file_using_auth_ticket_with_zero_expiration (20.69s)",""],"Passed":true,"Skipped":false,"TestFileName":"","TestFunctionDetail":{"Line":0,"Col":0}}]},{"FailureIndicator":"","SkippedIndicator":"","TestResults":[{"TestName":"TestShareFile/Share_to_public_a_folder_with_no_file_using_auth_ticket_with_zero_expiration","Package":"github.com/0chain/system_test/tests/cli_tests","ElapsedTime":15.96,"Output":["","    zboxcli_share_file_test.go:27: Test case [Share to public a folder with no file using auth ticket with zero expiration] scheduled at [11-18-2024 12:59:27] \n","","","    system_test_framework.go:149: Test case [Share to public a folder with no file using auth ticket with zero expiration] start at [11-18-2024 12:59:27] \n","    zboxcli_create_allocation_test.go:446: Creating new allocation...\n","2024/11/18 12:59:27 Creating wallet for TestShareFile-Expired_auth_ticket_of_an_encrypted_file_should_fail_to_download_-_proxy_re-encryption with walletIdx 510\n","File ./config/TestShareFile-Expired_auth_ticket_of_an_encrypted_file_should_fail_to_download_-_proxy_re-encryption_wallet.json written successfully.\n","    zwalletcli_register_wallet_test.go:101: Getting wallet...\n","    zboxcli_share_file_test.go:1563: Sharing file...\n","2024/11/18 12:59:33 Creating wallet for TestShareFile-Share_a_private_folder_with_single_unencrypted_file_using_auth_ticket_with_zero_expiration_should_work_second with walletIdx 523\n","File ./config/TestShareFile-Share_a_private_folder_with_single_unencrypted_file_using_auth_ticket_with_zero_expiration_should_work_second_wallet.json written successfully.\n","    utils.go:166: Waiting 10s...\n","    zboxcli_share_file_test.go:1620: Listing all files in allocation...\n","    zboxcli_share_file_test.go:27: Test case [Share to public a folder with no file using auth ticket with zero expiration] exit at [11-18-2024 12:59:43]\n","--- PASS: TestShareFile/Share_to_public_a_folder_with_no_file_using_auth_ticket_with_zero_expiration (15.96s)",""],"Passed":true,"Skipped":false,"TestFileName":"","TestFunctionDetail":{"Line":0,"Col":0}}]},{"FailureIndicator":"","SkippedIndicator":"","TestResults":[{"TestName":"TestShareFile/Share_to_public_a_folder_with_single_unencrypted_file_using_auth_ticket_with_zero_expiration_should_work","Package":"github.com/0chain/system_test/tests/cli_tests","ElapsedTime":20.59,"Output":["","    zboxcli_share_file_test.go:68: Test case [Share to public a folder with single unencrypted file using auth ticket with zero expiration should work] scheduled at [11-18-2024 12:59:27] \n","","","    system_test_framework.go:149: Test case [Share to public a folder with single unencrypted file using auth ticket with zero expiration should work] start at [11-18-2024 12:59:53] \n","2024/11/18 12:59:53 Creating wallet for TestShareFile-Share_to_public_a_folder_with_single_unencrypted_file_using_auth_ticket_with_zero_expiration_should_work with walletIdx 540\n","File ./config/TestShareFile-Share_to_public_a_folder_with_single_unencrypted_file_using_auth_ticket_with_zero_expiration_should_work_wallet.json written successfully.\n","    zboxcli_create_allocation_test.go:446: Creating new allocation...\n","    zwalletcli_register_wallet_test.go:101: Getting wallet...\n","    zboxcli_file_upload_test.go:985: Uploading file...\n","2024/11/18 12:59:58 Creating wallet for TestShareFile-Share_to_public_a_folder_with_single_unencrypted_file_using_auth_ticket_with_zero_expiration_should_work_second with walletIdx 548\n","File ./config/TestShareFile-Share_to_public_a_folder_with_single_unencrypted_file_using_auth_ticket_with_zero_expiration_should_work_second_wallet.json written successfully.\n","    zboxcli_share_file_test.go:1563: Sharing file...\n","    utils.go:166: Waiting 15s...\n","    zboxcli_file_download_test.go:1259: Downloading file...\n","    zboxcli_share_file_test.go:68: Test case [Share to public a folder with single unencrypted file using auth ticket with zero expiration should work] exit at [11-18-2024 13:00:13]\n","--- PASS: TestShareFile/Share_to_public_a_folder_with_single_unencrypted_file_using_auth_ticket_with_zero_expiration_should_work (20.59s)",""],"Passed":true,"Skipped":false,"TestFileName":"","TestFunctionDetail":{"Line":0,"Col":0}}]},{"FailureIndicator":"","SkippedIndicator":"","TestResults":[{"TestName":"TestShareFile/Share_to_public_a_single_encrypted_file_using_auth_ticket_with_zero_expiration","Package":"github.com/0chain/system_test/tests/cli_tests","ElapsedTime":20.86,"Output":["","    zboxcli_share_file_test.go:237: Test case [Share to public a single encrypted file using auth ticket with zero expiration] scheduled at [11-18-2024 12:59:27] \n","","","    system_test_framework.go:149: Test case [Share to public a single encrypted file using auth ticket with zero expiration] start at [11-18-2024 12:59:48] \n","2024/11/18 12:59:48 Creating wallet for TestShareFile-Share_to_public_a_single_encrypted_file_using_auth_ticket_with_zero_expiration with walletIdx 536\n","File ./config/TestShareFile-Share_to_public_a_single_encrypted_file_using_auth_ticket_with_zero_expiration_wallet.json written successfully.\n","    zboxcli_create_allocation_test.go:446: Creating new allocation...\n","    zwalletcli_register_wallet_test.go:101: Getting wallet...\n","2024/11/18 12:59:53 Creating wallet for TestShareFile-Shared_encrypted_file_to_public_using_auth_ticket_without_encryptionkey_flag_should_fail_second with walletIdx 541\n","File ./config/TestShareFile-Shared_encrypted_file_to_public_using_auth_ticket_without_encryptionkey_flag_should_fail_second_wallet.json written successfully.\n","    zboxcli_file_upload_test.go:985: Uploading file...\n","    zwalletcli_register_wallet_test.go:101: Getting wallet...\n","    zboxcli_share_file_test.go:1563: Sharing file...\n","    utils.go:166: Waiting 15s...\n","    zboxcli_file_download_test.go:1259: Downloading file...\n","    zboxcli_share_file_test.go:237: Test case [Share to public a single encrypted file using auth ticket with zero expiration] exit at [11-18-2024 13:00:09]\n","--- PASS: TestShareFile/Share_to_public_a_single_encrypted_file_using_auth_ticket_with_zero_expiration (20.86s)",""],"Passed":true,"Skipped":false,"TestFileName":"","TestFunctionDetail":{"Line":0,"Col":0}}]},{"FailureIndicator":"","SkippedIndicator":"","TestResults":[{"TestName":"TestShareFile/Share_unencrypted_file_to_public_using_auth_ticket","Package":"github.com/0chain/system_test/tests/cli_tests","ElapsedTime":20.64,"Output":["","    zboxcli_share_file_test.go:644: Test case [Share unencrypted file to public using auth ticket] scheduled at [11-18-2024 12:59:27] \n","","","2024/11/18 12:59:27 Creating wallet for TestShareFile-Auth_ticket_for_wrong_clientId_should_fail_to_download_-_proxy_re-encryption with walletIdx 501\n","    system_test_framework.go:149: Test case [Share unencrypted file to public using auth ticket] start at [11-18-2024 12:59:27] \n","2024/11/18 12:59:27 Creating wallet for TestShareFile-Share_unencrypted_file_to_public_using_auth_ticket with walletIdx 508\n","File ./config/TestShareFile-Share_to_public_a_folder_with_no_file_using_auth_ticket_with_zero_expiration_wallet.json written successfully.\n","    zboxcli_create_allocation_test.go:446: Creating new allocation...\n","File ./config/TestShareFile-Share_unencrypted_file_to_public_using_auth_ticket_with_zero_expiration_wallet.json written successfully.\n","    zwalletcli_register_wallet_test.go:101: Getting wallet...\n","    zboxcli_file_upload_test.go:985: Uploading file...\n","2024/11/18 12:59:32 Creating wallet for TestShareFile-Expired_auth_ticket_of_an_encrypted_file_should_fail_to_download_-_proxy_re-encryption_second with walletIdx 515\n","File ./config/TestShareFile-Expired_auth_ticket_of_an_encrypted_file_should_fail_to_download_-_proxy_re-encryption_second_wallet.json written successfully.\n","    zboxcli_share_file_test.go:1563: Sharing file...\n","    utils.go:166: Waiting 15s...\n","    zboxcli_file_download_test.go:1259: Downloading file...\n","    zboxcli_share_file_test.go:644: Test case [Share unencrypted file to public using auth ticket] exit at [11-18-2024 12:59:47]\n","--- PASS: TestShareFile/Share_unencrypted_file_to_public_using_auth_ticket (20.64s)",""],"Passed":true,"Skipped":false,"TestFileName":"","TestFunctionDetail":{"Line":0,"Col":0}}]},{"FailureIndicator":"","SkippedIndicator":"","TestResults":[{"TestName":"TestShareFile/Share_unencrypted_file_to_public_using_auth_ticket_with_zero_expiration","Package":"github.com/0chain/system_test/tests/cli_tests","ElapsedTime":20.64,"Output":["","    zboxcli_share_file_test.go:591: Test case [Share unencrypted file to public using auth ticket with zero expiration] scheduled at [11-18-2024 12:59:27] \n","","","    system_test_framework.go:149: Test case [Share unencrypted file to public using auth ticket with zero expiration] start at [11-18-2024 12:59:27] \n","2024/11/18 12:59:27 Creating wallet for TestShareFile-Share_unencrypted_file_to_public_using_auth_ticket_with_zero_expiration with walletIdx 511\n","File ./config/TestShareFile-Share_unencrypted_file_to_public_using_auth_ticket_wallet.json written successfully.\n","    zboxcli_create_allocation_test.go:446: Creating new allocation...\n","    zwalletcli_register_wallet_test.go:101: Getting wallet...\n","    zboxcli_file_upload_test.go:985: Uploading file...\n","    zboxcli_share_file_test.go:1563: Sharing file...\n","    utils.go:166: Waiting 15s...\n","    zboxcli_file_download_test.go:1259: Downloading file...\n","    zboxcli_share_file_test.go:591: Test case [Share unencrypted file to public using auth ticket with zero expiration] exit at [11-18-2024 12:59:47]\n","--- PASS: TestShareFile/Share_unencrypted_file_to_public_using_auth_ticket_with_zero_expiration (20.64s)",""],"Passed":true,"Skipped":false,"TestFileName":"","TestFunctionDetail":{"Line":0,"Col":0}}]},{"FailureIndicator":"","SkippedIndicator":"","TestResults":[{"TestName":"TestShareFile/Shared_encrypted_file_to_public_using_auth_ticket_without_encryptionkey_flag_should_fail","Package":"github.com/0chain/system_test/tests/cli_tests","ElapsedTime":9.8,"Output":["","    zboxcli_share_file_test.go:696: Test case [Shared encrypted file to public using auth ticket without encryptionkey flag should fail] scheduled at [11-18-2024 12:59:27] \n","","","    system_test_framework.go:149: Test case [Shared encrypted file to public using auth ticket without encryptionkey flag should fail] start at [11-18-2024 12:59:47] \n","2024/11/18 12:59:47 Creating wallet for TestShareFile-Shared_encrypted_file_to_public_using_auth_ticket_without_encryptionkey_flag_should_fail with walletIdx 534\n","File ./config/TestShareFile-Shared_encrypted_file_to_public_using_auth_ticket_without_encryptionkey_flag_should_fail_wallet.json written successfully.\n","    zboxcli_create_allocation_test.go:446: Creating new allocation...\n","    zwalletcli_register_wallet_test.go:101: Getting wallet...\n","    zboxcli_file_upload_test.go:985: Uploading file...\n","    zboxcli_share_file_test.go:1563: Sharing file...\n","2024/11/18 12:59:53 Creating wallet for TestShareFile-Revoke_auth_ticket_on_publicly-shared_unencrypted_file_should_fail_to_download_second with walletIdx 542\n","File ./config/TestShareFile-Revoke_auth_ticket_on_publicly-shared_unencrypted_file_should_fail_to_download_second_wallet.json written successfully.\n","    utils.go:82: \u001b[33mCommand failed on attempt [1/3] due to error [exit status 1]. Output: [Clientid and/or encryptionpublickey are missing for the encrypted share!]\n","    utils.go:82: \u001b[33mCommand failed on attempt [2/3] due to error [exit status 1]. Output: [Clientid and/or encryptionpublickey are missing for the encrypted share!]\n","    utils.go:98: \u001b[31mCommand failed on final attempt [3/3] due to error [exit status 1]. Command String: [] Output: [Clientid and/or encryptionpublickey are missing for the encrypted share!]\n","    utils.go:101: \u001b[31mThe verbose output for the command is:\n","    utils.go:105: \u001b[31m0chain-core-sdk [INFO]   2024/11/18 12:59:57.688928 wallet_base.go:192: ******* Wallet SDK Version:v1.17.11-269-g7fd90660 ******* (SetLogFile)\n","    utils.go:105: \u001b[31m0box-sdk        [INFO]   2024/11/18 12:59:57.689014 sdk.go:95: ******* Storage SDK Version: v1.17.11-269-g7fd90660 *******\n","    utils.go:105: \u001b[31m0box-sdk        [INFO]   2024/11/18 12:59:57.710649 allocation.go:472: Owner signing public key already exists: 12a64eeea84753cea96dce88f9b217eef082122fef7c232c8929740e00783d8e generated: 12a64eeea84753cea96dce88f9b217eef082122fef7c232c8929740e00783d8e\n","    utils.go:105: \u001b[31m0box-sdk        [DEBUG]  2024/11/18 12:59:57.724981 filemetaworker.go:98: File meta response status: 200 OK\n","    utils.go:105: \u001b[31m0box-sdk        [DEBUG]  2024/11/18 12:59:57.725071 filemetaworker.go:98: File meta response status: 200 OK\n","    utils.go:105: \u001b[31mClientid and/or encryptionpublickey are missing for the encrypted share!\n","    zboxcli_share_file_test.go:696: Test case [Shared encrypted file to public using auth ticket without encryptionkey flag should fail] exit at [11-18-2024 12:59:57]\n","--- PASS: TestShareFile/Shared_encrypted_file_to_public_using_auth_ticket_without_encryptionkey_flag_should_fail (9.80s)",""],"Passed":true,"Skipped":false,"TestFileName":"","TestFunctionDetail":{"Line":0,"Col":0}}]}]

    const report = window.GoTestReport({
                                         data: data,
                                         testResultsElem: document.getElementById('testResults'),
                                         testGroupListElem: document.getElementById('testGroupList')
                                       });


</script>
</body>
</html>
