<!DOCTYPE html>
<html lang="en">
<head>
    <meta charset="UTF-8">
    <title>Subset of 0Chain System test suite [master/07060fcf] ran against [dev-7.devnet-0chain.net] at [2024-11-16_10.53.33]</title>
    <style type="text/css">
        body {
            font-family: sans-serif;
            background-color: #f3f3f3;
            border-top: 2px #dee6e8 solid;
            margin: 0;
        }

        div.pageHeader span.projectTitle {
            font-family: serif;
            font-size: 2em;
            padding-left: 56px;
            padding-top: 80px;
            display: block;
            color: #a5a5a5;
            text-shadow: 0 -1px 1px white;
        }

        div.pageHeader div.testStats {
            position: absolute;
            top: 7px;
            right: 52px;
            font-size: 0.8em;
            color: #a2a2a2;
        }

        div.pageHeader div.testStats span.indicator {
            font-size: 2em;
            position: relative;
            top: 5px;
            text-shadow: 0 1px 0 white;
        }

        div.pageHeader div.testStats span strong {
            margin-right: 16px;
        }

        div.pageHeader div.testStats span.total {
            border-right: 1px #afafaf dotted;
            background: #8298af;
        }

        div.pageHeader div.testStats span.passed {
            border-right: 1px #afafaf dotted;
            background: #6fca83;
        }

        div.pageHeader div.testStats span.skipped {
            background: #bababa;
        }

        div.pageHeader div.testStats span.failed {
            background: #ff7676;
        }

        div.pageHeader div.testStats span {
            margin-right: 1px;
            height: 55px;
            padding: 20px 8px 18px;
            color: white;
        }

        div.pageHeader .testGroupsTitle {
            margin: 16px 32px 8px 40px;
            font-size: 0.9em;
            color: darkgrey;
            display: inline-block;
        }

        div.pageHeader .testExecutionDate {
            display: inline-block;
            position: absolute;
            right: 10px;
            margin: 14px 32px 8px 40px;
            color: #9e9e9e;
            font-size: 0.9em;
        }

        .testReportContainer {
            padding: 0 32px 32px 32px;
        }

        .cardContainer {
            padding: 16px 16px 16px;
            box-shadow: 0 4px 4px #d4d4d4;
            background-color: white;
        }

        #testResults {
            display: flex;
            flex-wrap: wrap;
        }

        .testResultGroup {
            width: 24px;
            height: 24px;
            background-color: #43c143;
            margin-left: 1px;
            margin-bottom: 1px;
            box-sizing: border-box;
        }

        .testResultGroup.selected {
            border: 1px white solid;
            background-color: black !important;
        }

        .testResultGroup.skipped {
            border: 2px gray solid;
        }

        .testResultGroup.failed {
            background-color: red;
        }

        .cardContainer.testGroupList,
        .cardContainer.testDetail {
            margin-top: 16px;
            padding: 16px;
        }

        .cardContainer.testGroupList {
            color: #9c9c9c;
            padding: 0;
        }

        .cardContainer.testGroupList .testGroupRow {
            cursor: default;
            border-bottom: 1px #dadada dotted;
        }

        .cardContainer.testGroupList .testGroupRow span.testStatus {
            font-size: 1.2em;
            font-weight: bold;
            color: #139e13;
            pointer-events: none;
            display: inline-block;
            overflow: hidden;
            float: left;
            padding-top: 10px;
            padding-left: 20px;
            padding-right: 12px;
        }

        .cardContainer.testGroupList .testGroupRow span.testStatus.skipped {
            color: gray;
        }

        .cardContainer.testGroupList .testGroupRow span.testStatus.failed {
            color: red;
        }

        .cardContainer.testGroupList .testGroupRow span.testTitle {
            font-size: 0.9em;
            padding: 12px 0 10px;
            display: inline-block;
            pointer-events: none;
            color: #525252;
            text-overflow: ellipsis;
            overflow: hidden;
            width: calc(100% - 110px);
        }

        .cardContainer.testGroupList .testGroupRow span.testDuration {
            pointer-events: none;
        }

        .cardContainer.testGroupList .testGroupRow {
            position: relative;
            border-left: 4px #43c143 solid;
        }

        .cardContainer.testGroupList .testGroupRow.skipped {
            color: gray;
            border-left: 4px gray solid;
        }

        .cardContainer.testGroupList .testGroupRow.failed {
            color: red;
            border-left: 4px red solid;
        }

        .cardContainer.testGroupList .testGroupRow:hover {
            background-color: #fffaea;
            transition: 0.250s;
        }

        .cardContainer .testOutput {
            padding: 8px 16px 24px 16px;
        }

        .cardContainer .console {
            display: block;
            font-family: monospace;
            padding: 10px;
            background-color: #424242;
            color: #1aff00;
            border-bottom: 1px #1aff00 dotted;
            overflow: auto;
            font-size: 1.1em;
        }

        .cardContainer .testOutput .testDetail {
            border-bottom: 1px #d0d0d0 solid;
            padding: 16px;
            background-color: #e6e6e6;
            border-radius: 0 0 4px 4px;
            color: dimgrey;
            font-size: 0.8em;
        }

        .cardContainer .console.skipped{
            color: #d9d9d9;
        }

        .cardContainer .console.failed {
            color: #ffb2b2;
        }

        .cardContainer .testDuration {
            position: absolute;
            top: 5px;
            right: 8px;
            text-align: right;
            padding-right: 8px;
            box-sizing: border-box;
        }
    </style>
</head>
<body>
<div class="pageHeader">
    <span class="projectTitle">Subset of 0Chain System test suite [master/07060fcf] ran against [dev-7.devnet-0chain.net] at [2024-11-16_10.53.33]</span>
    <div class="testStats">
        <span class="total"><span class="indicator">&boxbox;</span> Total: <strong>39</strong>Duration: <strong>5ms</strong>
        </span><span class="passed"><span class="indicator">&check;</span> Passed: <strong>36</strong>
        </span><span class="skipped"><span class="indicator">&dash;</span> Skipped: <strong>1</strong>
        </span><span class="failed"><span class="indicator">&cross;</span> Failed: <strong>2</strong>
        </span>
    </div>
    <span class="testGroupsTitle">Test Groups:</span>
    <span class="testExecutionDate">November 16, 2024 10:55:36</span>
</div>
<div class="testReportContainer">
    <div class="cardContainer">
        <div id="testResults">
            
                <div class="testResultGroup failed " id="0"></div>
            
                <div class="testResultGroup  " id="1"></div>
            
                <div class="testResultGroup  " id="2"></div>
            
                <div class="testResultGroup  " id="3"></div>
            
                <div class="testResultGroup  " id="4"></div>
            
                <div class="testResultGroup  " id="5"></div>
            
                <div class="testResultGroup  " id="6"></div>
            
                <div class="testResultGroup  " id="7"></div>
            
                <div class="testResultGroup  " id="8"></div>
            
                <div class="testResultGroup  " id="9"></div>
            
                <div class="testResultGroup  " id="10"></div>
            
                <div class="testResultGroup  " id="11"></div>
            
                <div class="testResultGroup  " id="12"></div>
            
                <div class="testResultGroup  " id="13"></div>
            
                <div class="testResultGroup  " id="14"></div>
            
                <div class="testResultGroup  " id="15"></div>
            
                <div class="testResultGroup  " id="16"></div>
            
                <div class="testResultGroup  " id="17"></div>
            
                <div class="testResultGroup  " id="18"></div>
            
                <div class="testResultGroup  " id="19"></div>
            
                <div class="testResultGroup  " id="20"></div>
            
                <div class="testResultGroup  " id="21"></div>
            
                <div class="testResultGroup  " id="22"></div>
            
                <div class="testResultGroup  " id="23"></div>
            
                <div class="testResultGroup  " id="24"></div>
            
                <div class="testResultGroup  " id="25"></div>
            
                <div class="testResultGroup failed " id="26"></div>
            
                <div class="testResultGroup  " id="27"></div>
            
                <div class="testResultGroup  " id="28"></div>
            
                <div class="testResultGroup  " id="29"></div>
            
                <div class="testResultGroup  " id="30"></div>
            
                <div class="testResultGroup  " id="31"></div>
            
                <div class="testResultGroup  skipped" id="32"></div>
            
                <div class="testResultGroup  " id="33"></div>
            
                <div class="testResultGroup  " id="34"></div>
            
                <div class="testResultGroup  " id="35"></div>
            
                <div class="testResultGroup  " id="36"></div>
            
                <div class="testResultGroup  " id="37"></div>
            
                <div class="testResultGroup  " id="38"></div>
            
        </div>
    </div>
    <div class="cardContainer testGroupList" id="testGroupList"></div>
</div>
<script type="application/javascript">
    /**
 * @typedef TestStatus
 * @property {string} TestName
 * @property {string} Package
 * @property {number} ElapsedTime
 * @property {Array.<string>} Output
 * @property {boolean} Passed
 * @property {boolean} Skipped
 */
class TestStatus {}

/**
 * @typedef TestGroupData
 * @type {object}
 * @property {string} FailureIndicator
 * @property {string} SkippedIndicator
 * @property {Array.<TestStatus>}
 */
class TestGroupData {}

/**
 * @typedef TestResults
 * @type {Array.<TestGroupData>}
 */
class TestResults extends Array {}

/**
 * @typedef SelectedItems
 * @property {HTMLElement|EventTarget} testResults
 * @property {String} selectedTestGroupColor
 */
class SelectedItems {}

/**
 * @typedef GoTestReportElements
 * @property {TestResults} data
 * @property {HTMLElement} testResultsElem
 * @property {HTMLElement} testGroupListElem
 */
class GoTestReportElements {}


/**
 * Main entry point for GoTestReport.
 * @param {GoTestReportElements} elements
 * @returns {{testResultsClickHandler: testResultsClickHandler}}
 * @constructor
 */
window.GoTestReport = function (elements) {
  const /**@type {SelectedItems}*/ selectedItems = {
    testResults: null,
    selectedTestGroupColor: null
  }

  function addEventData(event) {
    if (event.data == null) {
      event.data = {target: event.target}
    }
    return event
  }


  const goTestReport = {
    /**
     * Invoked when a user clicks on one of the test group div elements.
     * @param {HTMLElement} target The element associated with the test group.
     * @param {boolean} shiftKey If pressed, all of test detail associated to the test group is shown.
     * @param {TestResults} data
     * @param {SelectedItems} selectedItems
     * @param {function(target: Element, data: TestResults)} testGroupListHandler
     */
    testResultsClickHandler: function (target,
                                       shiftKey,
                                       data,
                                       selectedItems,
                                       testGroupListHandler) {

      if (target.classList.contains('testResultGroup') === false) {
        return
      }
      if (selectedItems.testResults != null) {
        let testResultsElement = /**@type {HTMLElement}*/ selectedItems.testResults
        testResultsElement.classList.remove("selected")
        testResultsElement.style.backgroundColor = selectedItems.selectedTestGroupColor
      }
      const testGroupId = /**@type {number}*/ target.id
      if ((target.id === undefined)
        || (data[testGroupId] === undefined)
        || (data[testGroupId]['TestResults'] === undefined)) {
        return
      }
      const testResults = /**@type {TestResults}*/ data[testGroupId]['TestResults']
      let testGroupList = /**@type {string}*/ ''
      selectedItems.selectedTestGroupColor = getComputedStyle(target).getPropertyValue('background-color')
      selectedItems.testResults = target
      target.classList.add("selected")
      for (let i = 0; i < testResults.length; i++) {
        const testResult = /**@type {TestGroupData}*/ testResults[i]
        const testPassed = /**@type {boolean}*/ testResult.Passed
        const testSkipped = /**@type {boolean}*/ testResult.Skipped
        const testPassedStatus = /**@type {string}*/ (testPassed) ? '' : (testSkipped ? 'skipped' : 'failed')
        const testId = /**@type {string}*/ target.attributes['id'].value
        testGroupList += `<div class="testGroupRow ${testPassedStatus}" data-groupid="${testId}" data-index="${i}">
        <span class="testStatus ${testPassedStatus}">${(testPassed) ? '&check' : (testSkipped ? '&dash' : '&cross')};</span>
        <span class="testTitle">${testResult.TestName}</span>
        <span class="testDuration"><span>${testResult.ElapsedTime}s </span>‚è±</span>
      </div>`
      }
      const testGroupListElem = elements.testGroupListElem
      testGroupListElem.innerHTML = ''
      testGroupListElem.innerHTML = testGroupList

      if (shiftKey) {
        testGroupListElem.querySelectorAll('.testGroupRow')
                         .forEach((elem) => testGroupListHandler(elem, data))
      } else if (testResults.length === 1) {
        testGroupListHandler(testGroupListElem.querySelector('.testGroupRow'), data)
      }
    },

    /**
     *
     * @param {Element} target
     * @param {TestResults} data
     */
    testGroupListHandler: function (target, data) {
      const attribs = target['attributes']
      if (attribs.hasOwnProperty('data-groupid')) {
        const groupId = /**@type {number}*/ attribs['data-groupid'].value
        const testIndex = /**@type {number}*/ attribs['data-index'].value
        const testStatus = /**@type {TestStatus}*/ data[groupId]['TestResults'][testIndex]
        const testOutputDiv = /**@type {HTMLDivElement}*/ target.querySelector('div.testOutput')

        if (testOutputDiv == null) {
          const testOutputDiv = document.createElement('div')
          testOutputDiv.classList.add('testOutput')
          const consolePre = document.createElement('pre')
          consolePre.classList.add('console')
          const testDetailDiv = document.createElement('div')
          testDetailDiv.classList.add('testDetail')
          const packageNameDiv = document.createElement('div')
          packageNameDiv.classList.add('package')
          packageNameDiv.innerHTML = `<strong>Package:</strong> ${testStatus.Package}`
          const testFileNameDiv = document.createElement('div')
          testFileNameDiv.classList.add('filename')
          if (testStatus.TestFileName.trim() === "") {
            testFileNameDiv.innerHTML = `<strong>Filename:</strong> n/a &nbsp;&nbsp;`
          } else {
            testFileNameDiv.innerHTML = `<strong>Filename:</strong> ${testStatus.TestFileName} &nbsp;&nbsp;`
            testFileNameDiv.innerHTML += `<strong>Line:</strong> ${testStatus.TestFunctionDetail.Line} `
            testFileNameDiv.innerHTML += `<strong>Col:</strong> ${testStatus.TestFunctionDetail.Col}`
          }
          testDetailDiv.insertAdjacentElement('beforeend', packageNameDiv)
          testDetailDiv.insertAdjacentElement('beforeend', testFileNameDiv)
          testOutputDiv.insertAdjacentElement('afterbegin', consolePre)
          testOutputDiv.insertAdjacentElement('beforeend', testDetailDiv)
          target.insertAdjacentElement('beforeend', testOutputDiv)

          if (testStatus.Passed) {
            consolePre.classList.remove('skipped')
            consolePre.classList.remove('failed')
          } else if (testStatus.Skipped) {
            consolePre.classList.add('skipped')
            consolePre.classList.remove('failed')
          } else {
            consolePre.classList.remove('skipped')
            consolePre.classList.add('failed')
          }
          consolePre.textContent = testStatus.Output.join('')
        } else {
          testOutputDiv.remove()
        }
      }
    }
  }

  //+------------------------+
  //|    setup DOM events    |
  //+------------------------+
  elements.testResultsElem
          .addEventListener('click', event =>
            goTestReport.testResultsClickHandler(/**@type {HTMLElement}*/ addEventData(event).data.target,
                                                 event.shiftKey,
                                                 elements.data,
                                                 selectedItems,
                                                 goTestReport.testGroupListHandler))

  elements.testGroupListElem
          .addEventListener('click', event =>
            goTestReport.testGroupListHandler(/**@type {Element}*/ event.target,
                                              elements.data))

  return goTestReport
}


    

    const data = [{"FailureIndicator":"failed","SkippedIndicator":"","TestResults":[{"TestName":"TestDownload","Package":"github.com/0chain/system_test/tests/cli_tests","ElapsedTime":0,"Output":["","","","","","","","","","","",""],"Passed":false,"Skipped":false,"TestFileName":"zboxcli_file_download_test.go","TestFunctionDetail":{"Line":24,"Col":1}}]},{"FailureIndicator":"","SkippedIndicator":"","TestResults":[{"TestName":"TestDownload/Download_Encrypted_File_Should_Work","Package":"github.com/0chain/system_test/tests/cli_tests","ElapsedTime":20.86,"Output":["","    zboxcli_file_download_test.go:324: Test case [Download Encrypted File Should Work] scheduled at [11-16-2024 10:53:38] \n","","","    system_test_framework.go:149: Test case [Download Encrypted File Should Work] start at [11-16-2024 10:53:59] \n","2024/11/16 10:53:59 Creating wallet for TestDownload-Download_Encrypted_File_Should_Work with walletIdx 518\n","File ./config/TestDownload-Download_Encrypted_File_Should_Work_wallet.json written successfully.\n","    zboxcli_create_allocation_test.go:446: Creating new allocation...\n","    zboxcli_file_download_test.go:1275: Generating checksum for file [/tmp/SEHQNCj-Rf_test.txt]...\n","    zboxcli_file_upload_test.go:985: Uploading file...\n","    utils.go:166: Waiting 15s...\n","    zboxcli_file_download_test.go:1259: Downloading file...\n","    zboxcli_file_download_test.go:1275: Generating checksum for file [/tmp/SEHQNCj-Rf_test.txt]...\n","    zboxcli_file_download_test.go:324: Test case [Download Encrypted File Should Work] exit at [11-16-2024 10:54:20]\n","--- PASS: TestDownload/Download_Encrypted_File_Should_Work (20.86s)",""],"Passed":true,"Skipped":false,"TestFileName":"","TestFunctionDetail":{"Line":0,"Col":0}}]},{"FailureIndicator":"","SkippedIndicator":"","TestResults":[{"TestName":"TestDownload/Download_Encrypted_File_Thumbnail_Should_Work","Package":"github.com/0chain/system_test/tests/cli_tests","ElapsedTime":20.69,"Output":["","    zboxcli_file_download_test.go:692: Test case [Download Encrypted File Thumbnail Should Work] scheduled at [11-16-2024 10:53:38] \n","","","    system_test_framework.go:149: Test case [Download Encrypted File Thumbnail Should Work] start at [11-16-2024 10:53:59] \n","2024/11/16 10:53:59 Creating wallet for TestDownload-Download_Encrypted_File_Thumbnail_Should_Work with walletIdx 521\n","File ./config/TestDownload-Download_Encrypted_File_Thumbnail_Should_Work_wallet.json written successfully.\n","    zboxcli_create_allocation_test.go:446: Creating new allocation...\n","    zboxcli_file_upload_test.go:985: Uploading file...\n","    utils.go:166: Waiting 15s...\n","    zboxcli_file_download_test.go:1259: Downloading file...\n","    zboxcli_file_download_test.go:692: Test case [Download Encrypted File Thumbnail Should Work] exit at [11-16-2024 10:54:20]\n","--- PASS: TestDownload/Download_Encrypted_File_Thumbnail_Should_Work (20.69s)",""],"Passed":true,"Skipped":false,"TestFileName":"","TestFunctionDetail":{"Line":0,"Col":0}}]},{"FailureIndicator":"","SkippedIndicator":"","TestResults":[{"TestName":"TestDownload/Download_Entire_Directory_Should_Work_but_does_not_see_blobber/issues/588","Package":"github.com/0chain/system_test/tests/cli_tests","ElapsedTime":20.3,"Output":["","    zboxcli_file_download_test.go:194: Test case [Download Entire Directory Should Work but does not see blobber/issues/588] scheduled at [11-16-2024 10:53:38] \n","","","    system_test_framework.go:149: Test case [Download Entire Directory Should Work but does not see blobber/issues/588] start at [11-16-2024 10:53:53] \n","2024/11/16 10:53:53 Creating wallet for TestDownload-Download_Entire_Directory_Should_Work_but_does_not_see_blobber-issues-588 with walletIdx 516\n","File ./config/TestDownload-Download_Entire_Directory_Should_Work_but_does_not_see_blobber-issues-588_wallet.json written successfully.\n","    zboxcli_create_allocation_test.go:446: Creating new allocation...\n","    zboxcli_file_upload_test.go:1027: Uploading file /tmp/dNwK3fE3-D_test.txt to allocation 7d1dc096f47c4e82cc5300e6381f9fc8884a1f7b60bd84851725bde529c1322c with remotepath /nested/dir/dNwK3fE3-D_test.txt\n","    zboxcli_file_upload_test.go:985: Uploading file...\n","    utils.go:166: Waiting 15s...\n","    zboxcli_file_download_test.go:1259: Downloading file...\n","    zboxcli_file_download_test.go:194: Test case [Download Entire Directory Should Work but does not see blobber/issues/588] exit at [11-16-2024 10:54:14]\n","--- PASS: TestDownload/Download_Entire_Directory_Should_Work_but_does_not_see_blobber/issues/588 (20.30s)",""],"Passed":true,"Skipped":false,"TestFileName":"","TestFunctionDetail":{"Line":0,"Col":0}}]},{"FailureIndicator":"","SkippedIndicator":"","TestResults":[{"TestName":"TestDownload/Download_File_Concurrently_Should_Work_from_two_Different_Directory","Package":"github.com/0chain/system_test/tests/cli_tests","ElapsedTime":25.42,"Output":["","    zboxcli_file_download_test.go:67: Test case [Download File Concurrently Should Work from two Different Directory] scheduled at [11-16-2024 10:53:38] \n","","","    system_test_framework.go:149: Test case [Download File Concurrently Should Work from two Different Directory] start at [11-16-2024 10:53:53] \n","2024/11/16 10:53:53 Creating wallet for TestDownload-Download_File_Concurrently_Should_Work_from_two_Different_Directory with walletIdx 515\n","File ./config/TestDownload-Download_File_Concurrently_Should_Work_from_two_Different_Directory_wallet.json written successfully.\n","    zboxcli_create_allocation_test.go:446: Creating new allocation...\n","    zboxcli_file_upload_test.go:1027: Uploading file /tmp/uiQap7i2y3_test.txt to allocation b032155cc974ff5a4adb19d9a0d7c6e90d57baf597c6920e74711a03eec3b50f with remotepath /dir1/uiQap7i2y3_test.txt\n","    zboxcli_file_upload_test.go:985: Uploading file...\n","    zboxcli_file_upload_test.go:1027: Uploading file /tmp/f-uS8rVlKx_test.txt to allocation b032155cc974ff5a4adb19d9a0d7c6e90d57baf597c6920e74711a03eec3b50f with remotepath /dir2/f-uS8rVlKx_test.txt\n","    zboxcli_file_upload_test.go:985: Uploading file...\n","    zboxcli_file_download_test.go:1275: Generating checksum for file [/tmp/uiQap7i2y3_test.txt]...\n","    zboxcli_file_download_test.go:1275: Generating checksum for file [/tmp/f-uS8rVlKx_test.txt]...\n","    utils.go:166: Waiting 15s...\n","    utils.go:166: Waiting 15s...\n","    zboxcli_file_download_test.go:1259: Downloading file...\n","    zboxcli_file_download_test.go:1259: Downloading file...\n","    zboxcli_file_download_test.go:1275: Generating checksum for file [tmp/uiQap7i2y3_test.txt]...\n","    zboxcli_file_download_test.go:1275: Generating checksum for file [tmp/f-uS8rVlKx_test.txt]...\n","    zboxcli_file_download_test.go:67: Test case [Download File Concurrently Should Work from two Different Directory] exit at [11-16-2024 10:54:19]\n","--- PASS: TestDownload/Download_File_Concurrently_Should_Work_from_two_Different_Directory (25.42s)",""],"Passed":true,"Skipped":false,"TestFileName":"","TestFunctionDetail":{"Line":0,"Col":0}}]},{"FailureIndicator":"","SkippedIndicator":"","TestResults":[{"TestName":"TestDownload/Download_File_From_Shared_Folder_Should_Work_but_does_not_see_blobber/issues/588","Package":"github.com/0chain/system_test/tests/cli_tests","ElapsedTime":20.74,"Output":["","    zboxcli_file_download_test.go:220: Test case [Download File From Shared Folder Should Work but does not see blobber/issues/588] scheduled at [11-16-2024 10:53:38] \n","","","    system_test_framework.go:149: Test case [Download File From Shared Folder Should Work but does not see blobber/issues/588] start at [11-16-2024 10:53:59] \n","2024/11/16 10:54:05 Creating wallet for TestDownload-Download_File_From_Shared_Folder_Should_Work_but_does_not_see_blobber-issues-588 with walletIdx 528\n","File ./config/TestDownload-Download_File_From_Shared_Folder_Should_Work_but_does_not_see_blobber-issues-588_wallet.json written successfully.\n","    utils.go:166: Waiting 15s...\n","    zboxcli_file_download_test.go:1259: Downloading file...\n","    zboxcli_file_download_test.go:220: Test case [Download File From Shared Folder Should Work but does not see blobber/issues/588] exit at [11-16-2024 10:54:20]\n","--- PASS: TestDownload/Download_File_From_Shared_Folder_Should_Work_but_does_not_see_blobber/issues/588 (20.74s)",""],"Passed":true,"Skipped":false,"TestFileName":"","TestFunctionDetail":{"Line":0,"Col":0}}]},{"FailureIndicator":"","SkippedIndicator":"","TestResults":[{"TestName":"TestDownload/Download_File_From_Shared_Folder_Should_Work_but_does_not_see_blobber/issues/588/Share_Entire_Folder_from_Another_Wallet","Package":"github.com/0chain/system_test/tests/cli_tests","ElapsedTime":5.65,"Output":["","    zboxcli_file_download_test.go:227: Test case [Share Entire Folder from Another Wallet] scheduled at [11-16-2024 10:53:59] \n","    zboxcli_file_download_test.go:227: [WARN] Not running test case [Share Entire Folder from Another Wallet] in parallel as it is a child test. Use t.Unwrap.run() then t.Parallel() if you wish to do this.\n","    system_test_framework.go:149: Test case [Share Entire Folder from Another Wallet] start at [11-16-2024 10:53:59] \n","2024/11/16 10:53:59 Creating wallet for TestDownload-Download_File_From_Shared_Folder_Should_Work_but_does_not_see_blobber-issues-588-Share_Entire_Folder_from_Another_Wallet with walletIdx 522\n","File ./config/TestDownload-Download_File_From_Shared_Folder_Should_Work_but_does_not_see_blobber-issues-588-Share_Entire_Folder_from_Another_Wallet_wallet.json written successfully.\n","    zboxcli_create_allocation_test.go:446: Creating new allocation...\n","    zboxcli_file_upload_test.go:1027: Uploading file /tmp/cqBAH96aqD_test.txt to allocation 8de200aaf68b46a15feb98055f89b81b37abd63bc0bb09de2a807dce98057192 with remotepath /cqBAH96aqD_test.txt\n","    zboxcli_file_upload_test.go:985: Uploading file...\n","    zboxcli_list_file_test.go:620: Sharing file/folder...\n","    zboxcli_file_download_test.go:227: Test case [Share Entire Folder from Another Wallet] exit at [11-16-2024 10:54:05]\n","--- PASS: TestDownload/Download_File_From_Shared_Folder_Should_Work_but_does_not_see_blobber/issues/588/Share_Entire_Folder_from_Another_Wallet (5.65s)",""],"Passed":true,"Skipped":false,"TestFileName":"","TestFunctionDetail":{"Line":0,"Col":0}}]},{"FailureIndicator":"","SkippedIndicator":"","TestResults":[{"TestName":"TestDownload/Download_File_Thumbnail_Should_Work","Package":"github.com/0chain/system_test/tests/cli_tests","ElapsedTime":20.57,"Output":["","    zboxcli_file_download_test.go:649: Test case [Download File Thumbnail Should Work] scheduled at [11-16-2024 10:53:38] \n","","","    system_test_framework.go:149: Test case [Download File Thumbnail Should Work] start at [11-16-2024 10:53:59] \n","2024/11/16 10:53:59 Creating wallet for TestDownload-Download_File_Thumbnail_Should_Work with walletIdx 523\n","File ./config/TestDownload-Download_File_Thumbnail_Should_Work_wallet.json written successfully.\n","    zboxcli_create_allocation_test.go:446: Creating new allocation...\n","    zboxcli_file_upload_test.go:985: Uploading file...\n","    utils.go:166: Waiting 15s...\n","    zboxcli_file_download_test.go:1259: Downloading file...\n","    zboxcli_file_download_test.go:649: Test case [Download File Thumbnail Should Work] exit at [11-16-2024 10:54:20]\n","--- PASS: TestDownload/Download_File_Thumbnail_Should_Work (20.57s)",""],"Passed":true,"Skipped":false,"TestFileName":"","TestFunctionDetail":{"Line":0,"Col":0}}]},{"FailureIndicator":"","SkippedIndicator":"","TestResults":[{"TestName":"TestDownload/Download_File_With_Only_endblock_Should_Work","Package":"github.com/0chain/system_test/tests/cli_tests","ElapsedTime":20.5,"Output":["","    zboxcli_file_download_test.go:826: Test case [Download File With Only endblock Should Work] scheduled at [11-16-2024 10:53:38] \n","","","    system_test_framework.go:149: Test case [Download File With Only endblock Should Work] start at [11-16-2024 10:54:20] \n","2024/11/16 10:54:20 Creating wallet for TestDownload-Download_File_With_Only_endblock_Should_Work with walletIdx 535\n","File ./config/TestDownload-Download_File_With_Only_endblock_Should_Work_wallet.json written successfully.\n","    zboxcli_create_allocation_test.go:446: Creating new allocation...\n","    zboxcli_file_upload_test.go:1027: Uploading file /tmp/T667yd5itF_test.txt to allocation cb72971dd87a4d757c06c7bdea79f7c69b37a83632b7c2e21e6ad0ce6ccc2b8f with remotepath /T667yd5itF_test.txt\n","    zboxcli_file_upload_test.go:985: Uploading file...\n","    utils.go:166: Waiting 15s...\n","    zboxcli_file_download_test.go:1259: Downloading file...\n","    zboxcli_file_download_test.go:826: Test case [Download File With Only endblock Should Work] exit at [11-16-2024 10:54:40]\n","--- PASS: TestDownload/Download_File_With_Only_endblock_Should_Work (20.50s)",""],"Passed":true,"Skipped":false,"TestFileName":"","TestFunctionDetail":{"Line":0,"Col":0}}]},{"FailureIndicator":"","SkippedIndicator":"","TestResults":[{"TestName":"TestDownload/Download_File_With_Only_startblock_Should_Work","Package":"github.com/0chain/system_test/tests/cli_tests","ElapsedTime":20.88,"Output":["","    zboxcli_file_download_test.go:773: Test case [Download File With Only startblock Should Work] scheduled at [11-16-2024 10:53:38] \n","","","    system_test_framework.go:149: Test case [Download File With Only startblock Should Work] start at [11-16-2024 10:53:38] \n","    zboxcli_create_allocation_test.go:446: Creating new allocation...\n","File ./config/TestDownload-Download_File_from_Root_Directory_Should_Work_wallet.json written successfully.\n","    zboxcli_file_upload_test.go:1027: Uploading file /tmp/1NWdT2Iivr_test.txt to allocation 82e4dc7767163f2d818a3f213a363a5fca7ae17ba862ef27a71a462fb059ae9d with remotepath /1NWdT2Iivr_test.txt\n","    zboxcli_file_upload_test.go:985: Uploading file...\n","    zboxcli_file_stats_test.go:493: Getting file stats...\n","    utils.go:166: Waiting 15s...\n","    zboxcli_file_download_test.go:1259: Downloading file...\n","    zboxcli_file_download_test.go:773: Test case [Download File With Only startblock Should Work] exit at [11-16-2024 10:53:59]\n","--- PASS: TestDownload/Download_File_With_Only_startblock_Should_Work (20.88s)",""],"Passed":true,"Skipped":false,"TestFileName":"","TestFunctionDetail":{"Line":0,"Col":0}}]},{"FailureIndicator":"","SkippedIndicator":"","TestResults":[{"TestName":"TestDownload/Download_File_With_blockspermarker_Flag_Should_Work","Package":"github.com/0chain/system_test/tests/cli_tests","ElapsedTime":20.86,"Output":["","    zboxcli_file_download_test.go:1076: Test case [Download File With blockspermarker Flag Should Work] scheduled at [11-16-2024 10:53:38] \n","","","    system_test_framework.go:149: Test case [Download File With blockspermarker Flag Should Work] start at [11-16-2024 10:53:38] \n","    zboxcli_create_allocation_test.go:446: Creating new allocation...\n","    zboxcli_file_upload_test.go:1027: Uploading file /tmp/AUKSBgwQ4l_test.txt to allocation 666948bf481b96bb9d2916cd51add857fa926568e5e3e28454588f182e584711 with remotepath /AUKSBgwQ4l_test.txt\n","    zboxcli_file_upload_test.go:985: Uploading file...\n","    zboxcli_file_download_test.go:1275: Generating checksum for file [/tmp/AUKSBgwQ4l_test.txt]...\n","    utils.go:166: Waiting 15s...\n","    zboxcli_file_download_test.go:1259: Downloading file...\n","    zboxcli_file_download_test.go:1275: Generating checksum for file [tmp/AUKSBgwQ4l_test.txt]...\n","    zboxcli_file_download_test.go:1076: Test case [Download File With blockspermarker Flag Should Work] exit at [11-16-2024 10:53:59]\n","--- PASS: TestDownload/Download_File_With_blockspermarker_Flag_Should_Work (20.86s)",""],"Passed":true,"Skipped":false,"TestFileName":"","TestFunctionDetail":{"Line":0,"Col":0}}]},{"FailureIndicator":"","SkippedIndicator":"","TestResults":[{"TestName":"TestDownload/Download_File_With_endblock_greater_than_number_of_blocks_should_work","Package":"github.com/0chain/system_test/tests/cli_tests","ElapsedTime":20.64,"Output":["","    zboxcli_file_download_test.go:946: Test case [Download File With endblock greater than number of blocks should work] scheduled at [11-16-2024 10:53:38] \n","","","    system_test_framework.go:149: Test case [Download File With endblock greater than number of blocks should work] start at [11-16-2024 10:53:59] \n","2024/11/16 10:53:59 Creating wallet for TestDownload-Download_File_With_endblock_greater_than_number_of_blocks_should_work with walletIdx 524\n","File ./config/TestDownload-Download_File_With_endblock_greater_than_number_of_blocks_should_work_wallet.json written successfully.\n","    zboxcli_create_allocation_test.go:446: Creating new allocation...\n","    zboxcli_file_upload_test.go:1027: Uploading file /tmp/XEDU7pq-k1_test.txt to allocation 7c6160355a51e592b011932327e1a3c310c753f27f4da19e382f789441708678 with remotepath /XEDU7pq-k1_test.txt\n","    zboxcli_file_upload_test.go:985: Uploading file...\n","    utils.go:166: Waiting 15s...\n","    zboxcli_file_download_test.go:1259: Downloading file...\n","    zboxcli_file_download_test.go:946: Test case [Download File With endblock greater than number of blocks should work] exit at [11-16-2024 10:54:20]\n","--- PASS: TestDownload/Download_File_With_endblock_greater_than_number_of_blocks_should_work (20.64s)",""],"Passed":true,"Skipped":false,"TestFileName":"","TestFunctionDetail":{"Line":0,"Col":0}}]},{"FailureIndicator":"","SkippedIndicator":"","TestResults":[{"TestName":"TestDownload/Download_File_With_startblock_0_and_non-zero_endblock_should_fail","Package":"github.com/0chain/system_test/tests/cli_tests","ElapsedTime":24.64,"Output":["","    zboxcli_file_download_test.go:913: Test case [Download File With startblock 0 and non-zero endblock should fail] scheduled at [11-16-2024 10:53:38] \n","","","    system_test_framework.go:149: Test case [Download File With startblock 0 and non-zero endblock should fail] start at [11-16-2024 10:54:19] \n","2024/11/16 10:54:19 Creating wallet for TestDownload-Download_File_With_startblock_0_and_non-zero_endblock_should_fail with walletIdx 532\n","File ./config/TestDownload-Download_File_With_startblock_0_and_non-zero_endblock_should_fail_wallet.json written successfully.\n","    zboxcli_create_allocation_test.go:446: Creating new allocation...\n","    zboxcli_file_upload_test.go:1027: Uploading file /tmp/FnmPyqjeg1_test.txt to allocation 944e850960bc50d073e18f83b09a832e1dcfd7c0c327e7fa3d66b2f48e20bfc3 with remotepath /FnmPyqjeg1_test.txt\n","    zboxcli_file_upload_test.go:985: Uploading file...\n","    utils.go:166: Waiting 15s...\n","    zboxcli_file_download_test.go:1259: Downloading file...\n","    utils.go:82: \u001b[33mCommand failed on attempt [1/3] due to error [exit status 1]. Output: [Error: start block should not be less than 1 -\u003cNEWLINE\u003e- Error in file operation: start block or end block or both cannot be negative.]\n","    utils.go:82: \u001b[33mCommand failed on attempt [2/3] due to error [exit status 1]. Output: [Error: start block should not be less than 1 -\u003cNEWLINE\u003e- Error in file operation: start block or end block or both cannot be negative.]\n","    utils.go:98: \u001b[31mCommand failed on final attempt [3/3] due to error [exit status 1]. Command String: [] Output: [Error: start block should not be less than 1 -\u003cNEWLINE\u003e- Error in file operation: start block or end block or both cannot be negative.]\n","    utils.go:101: \u001b[31mThe verbose output for the command is:\n","    utils.go:105: \u001b[31m0chain-core-sdk [INFO]   2024/11/16 10:54:44.571313 wallet_base.go:192: ******* Wallet SDK Version:v1.17.11-269-g7fd90660 ******* (SetLogFile)\n","    utils.go:105: \u001b[31m0box-sdk        [INFO]   2024/11/16 10:54:44.571399 sdk.go:95: ******* Storage SDK Version: v1.17.11-269-g7fd90660 *******\n","    utils.go:105: \u001b[31mError: start block should not be less than 1\n","    utils.go:105: \u001b[31m0box-sdk        [INFO]   2024/11/16 10:54:44.596890 allocation.go:469: Owner signing public key already exists: 278c770f8e380f19293a7b13cddac06ad177093c488bc704a54e08f30d197992 generated: 278c770f8e380f19293a7b13cddac06ad177093c488bc704a54e08f30d197992\n","    utils.go:105: \u001b[31m0box-sdk        \u001b[31m[ERROR]  2024/11/16 10:54:44.605413 downloadworker.go:1040: Download failed: start block or end block or both cannot be negative. remotefilepath: /FnmPyqjeg1_test.txt\u001b[0m\n","    utils.go:105: \u001b[31mError in file operation: start block or end block or both cannot be negative.\n","    zboxcli_file_download_test.go:913: Test case [Download File With startblock 0 and non-zero endblock should fail] exit at [11-16-2024 10:54:44]\n","--- PASS: TestDownload/Download_File_With_startblock_0_and_non-zero_endblock_should_fail (24.64s)",""],"Passed":true,"Skipped":false,"TestFileName":"","TestFunctionDetail":{"Line":0,"Col":0}}]},{"FailureIndicator":"","SkippedIndicator":"","TestResults":[{"TestName":"TestDownload/Download_File_With_startblock_And_endblock_Should_Work","Package":"github.com/0chain/system_test/tests/cli_tests","ElapsedTime":20.6,"Output":["","    zboxcli_file_download_test.go:857: Test case [Download File With startblock And endblock Should Work] scheduled at [11-16-2024 10:53:38] \n","","","    system_test_framework.go:149: Test case [Download File With startblock And endblock Should Work] start at [11-16-2024 10:54:20] \n","2024/11/16 10:54:20 Creating wallet for TestDownload-Download_File_With_startblock_And_endblock_Should_Work with walletIdx 533\n","File ./config/TestDownload-Download_File_With_startblock_And_endblock_Should_Work_wallet.json written successfully.\n","    zboxcli_create_allocation_test.go:446: Creating new allocation...\n","    zboxcli_file_upload_test.go:1027: Uploading file /tmp/OKQWHykS7W_test.txt to allocation c7eb6a913a19196054de252f4bdcbebd9148187d68024a66581dcf0d29af9bbc with remotepath /OKQWHykS7W_test.txt\n","    zboxcli_file_upload_test.go:985: Uploading file...\n","    zboxcli_file_stats_test.go:493: Getting file stats...\n","    utils.go:166: Waiting 15s...\n","    zboxcli_file_download_test.go:1259: Downloading file...\n","    zboxcli_file_download_test.go:857: Test case [Download File With startblock And endblock Should Work] exit at [11-16-2024 10:54:40]\n","--- PASS: TestDownload/Download_File_With_startblock_And_endblock_Should_Work (20.60s)",""],"Passed":true,"Skipped":false,"TestFileName":"","TestFunctionDetail":{"Line":0,"Col":0}}]},{"FailureIndicator":"","SkippedIndicator":"","TestResults":[{"TestName":"TestDownload/Download_File_from_Nested_Directory_Should_Work","Package":"github.com/0chain/system_test/tests/cli_tests","ElapsedTime":20.78,"Output":["","    zboxcli_file_download_test.go:161: Test case [Download File from Nested Directory Should Work] scheduled at [11-16-2024 10:53:38] \n","","","    system_test_framework.go:149: Test case [Download File from Nested Directory Should Work] start at [11-16-2024 10:53:38] \n","File ./config/TestDownload-Download_Non-Existent_File_Should_Fail_wallet.json written successfully.\n","2024/11/16 10:53:38 Creating wallet for TestDownload-Download_File_from_Nested_Directory_Should_Work with walletIdx 508\n","File ./config/TestDownload-Download_File_from_Nested_Directory_Should_Work_wallet.json written successfully.\n","    zboxcli_create_allocation_test.go:446: Creating new allocation...\n","2024/11/16 10:53:38 Creating wallet for TestDownload-Download_File_from_Root_Directory_Should_Work with walletIdx 509\n","    zboxcli_file_upload_test.go:1027: Uploading file /tmp/d1zu58gzm5_test.txt to allocation 1d7428a7314355ab1dc0f9df2fbca97e040b32e9dc1011795aed4ff5cf18c733 with remotepath /nested/dir/d1zu58gzm5_test.txt\n","    zboxcli_file_upload_test.go:985: Uploading file...\n","    zboxcli_file_download_test.go:1275: Generating checksum for file [/tmp/d1zu58gzm5_test.txt]...\n","    utils.go:166: Waiting 15s...\n","    zboxcli_file_download_test.go:1259: Downloading file...\n","    zboxcli_file_download_test.go:1275: Generating checksum for file [tmp/d1zu58gzm5_test.txt]...\n","    zboxcli_file_download_test.go:161: Test case [Download File from Nested Directory Should Work] exit at [11-16-2024 10:53:59]\n","--- PASS: TestDownload/Download_File_from_Nested_Directory_Should_Work (20.78s)",""],"Passed":true,"Skipped":false,"TestFileName":"","TestFunctionDetail":{"Line":0,"Col":0}}]},{"FailureIndicator":"","SkippedIndicator":"","TestResults":[{"TestName":"TestDownload/Download_File_from_Non-Existent_Allocation_Should_Fail","Package":"github.com/0chain/system_test/tests/cli_tests","ElapsedTime":15.04,"Output":["","    zboxcli_file_download_test.go:1112: Test case [Download File from Non-Existent Allocation Should Fail] scheduled at [11-16-2024 10:53:38] \n","","","    system_test_framework.go:149: Test case [Download File from Non-Existent Allocation Should Fail] start at [11-16-2024 10:53:38] \n","    utils.go:166: Waiting 15s...\n","    zboxcli_file_download_test.go:1259: Downloading file...\n","    zboxcli_file_download_test.go:1112: Test case [Download File from Non-Existent Allocation Should Fail] exit at [11-16-2024 10:53:53]\n","--- PASS: TestDownload/Download_File_from_Non-Existent_Allocation_Should_Fail (15.04s)",""],"Passed":true,"Skipped":false,"TestFileName":"","TestFunctionDetail":{"Line":0,"Col":0}}]},{"FailureIndicator":"","SkippedIndicator":"","TestResults":[{"TestName":"TestDownload/Download_File_from_Other's_Allocation_Should_Fail","Package":"github.com/0chain/system_test/tests/cli_tests","ElapsedTime":20.73,"Output":["","    zboxcli_file_download_test.go:1127: Test case [Download File from Other's Allocation Should Fail] scheduled at [11-16-2024 10:53:38] \n","","","2024/11/16 10:53:38 Creating wallet for TestDownload-Download_File_from_Non-Existent_Allocation_Should_Fail with walletIdx 506\n","File ./config/TestDownload-Download_from_Allocation_without_other_Parameter_Should_Fail_wallet.json written successfully.\n","2024/11/16 10:53:38 Creating wallet for TestDownload-Download_Non-Existent_File_Should_Fail with walletIdx 507\n","File ./config/TestDownload-Download_Moved_File_Should_Work_wallet.json written successfully.\n","    system_test_framework.go:149: Test case [Download File from Other's Allocation Should Fail] start at [11-16-2024 10:53:38] \n","2024/11/16 10:53:44 Creating wallet for TestDownload-Download_File_from_Other's_Allocation_Should_Fail with walletIdx 514\n","File ./config/TestDownload-Download_File_from_Other's_Allocation_Should_Fail_wallet.json written successfully.\n","    utils.go:166: Waiting 15s...\n","    zboxcli_file_download_test.go:1259: Downloading file...\n","    zboxcli_file_download_test.go:1127: Test case [Download File from Other's Allocation Should Fail] exit at [11-16-2024 10:53:59]\n","--- PASS: TestDownload/Download_File_from_Other's_Allocation_Should_Fail (20.73s)",""],"Passed":true,"Skipped":false,"TestFileName":"","TestFunctionDetail":{"Line":0,"Col":0}}]},{"FailureIndicator":"","SkippedIndicator":"","TestResults":[{"TestName":"TestDownload/Download_File_from_Other's_Allocation_Should_Fail/Get_Other_Allocation_ID","Package":"github.com/0chain/system_test/tests/cli_tests","ElapsedTime":5.68,"Output":["","    zboxcli_file_download_test.go:1134: Test case [Get Other Allocation ID] scheduled at [11-16-2024 10:53:38] \n","    zboxcli_file_download_test.go:1134: [WARN] Not running test case [Get Other Allocation ID] in parallel as it is a child test. Use t.Unwrap.run() then t.Parallel() if you wish to do this.\n","    system_test_framework.go:149: Test case [Get Other Allocation ID] start at [11-16-2024 10:53:38] \n","2024/11/16 10:53:38 Creating wallet for TestDownload-Download_File_from_Other's_Allocation_Should_Fail-Get_Other_Allocation_ID with walletIdx 512\n","File ./config/TestDownload-Download_File_from_Other's_Allocation_Should_Fail-Get_Other_Allocation_ID_wallet.json written successfully.\n","    zboxcli_create_allocation_test.go:446: Creating new allocation...\n","    zboxcli_file_upload_test.go:1027: Uploading file /tmp/ozn9wQC3Oi_test.txt to allocation c1308729163c3c29382fd533c195e0c136163e8f2abcaa46ae9b12ee109a8179 with remotepath /ozn9wQC3Oi_test.txt\n","    zboxcli_file_upload_test.go:985: Uploading file...\n","    zboxcli_file_download_test.go:1134: Test case [Get Other Allocation ID] exit at [11-16-2024 10:53:44]\n","--- PASS: TestDownload/Download_File_from_Other's_Allocation_Should_Fail/Get_Other_Allocation_ID (5.68s)",""],"Passed":true,"Skipped":false,"TestFileName":"","TestFunctionDetail":{"Line":0,"Col":0}}]},{"FailureIndicator":"","SkippedIndicator":"","TestResults":[{"TestName":"TestDownload/Download_File_from_Root_Directory_Should_Work","Package":"github.com/0chain/system_test/tests/cli_tests","ElapsedTime":20.77,"Output":["","    zboxcli_file_download_test.go:34: Test case [Download File from Root Directory Should Work] scheduled at [11-16-2024 10:53:38] \n","","","    system_test_framework.go:149: Test case [Download File from Root Directory Should Work] start at [11-16-2024 10:53:38] \n","    zboxcli_create_allocation_test.go:446: Creating new allocation...\n","    zboxcli_file_upload_test.go:1027: Uploading file /tmp/mr45klaSY9_test.txt to allocation 308908e5d5bbb1790c7640b9fbf998d3d4a346c7e6b8a8af178a53bc8400be7c with remotepath /mr45klaSY9_test.txt\n","    zboxcli_file_upload_test.go:985: Uploading file...\n","    zboxcli_file_download_test.go:1275: Generating checksum for file [/tmp/mr45klaSY9_test.txt]...\n","    utils.go:166: Waiting 15s...\n","    zboxcli_file_download_test.go:1259: Downloading file...\n","    zboxcli_file_download_test.go:1275: Generating checksum for file [tmp/mr45klaSY9_test.txt]...\n","    zboxcli_file_download_test.go:34: Test case [Download File from Root Directory Should Work] exit at [11-16-2024 10:53:59]\n","--- PASS: TestDownload/Download_File_from_Root_Directory_Should_Work (20.77s)",""],"Passed":true,"Skipped":false,"TestFileName":"","TestFunctionDetail":{"Line":0,"Col":0}}]},{"FailureIndicator":"","SkippedIndicator":"","TestResults":[{"TestName":"TestDownload/Download_File_from_a_Directory_Should_Work","Package":"github.com/0chain/system_test/tests/cli_tests","ElapsedTime":20.66,"Output":["","    zboxcli_file_download_test.go:128: Test case [Download File from a Directory Should Work] scheduled at [11-16-2024 10:53:38] \n","","","    system_test_framework.go:149: Test case [Download File from a Directory Should Work] start at [11-16-2024 10:53:38] \n","2024/11/16 10:53:38 Creating wallet for TestDownload-Download_File_from_a_Directory_Should_Work with walletIdx 510\n","File ./config/TestDownload-Download_File_from_a_Directory_Should_Work_wallet.json written successfully.\n","    zboxcli_create_allocation_test.go:446: Creating new allocation...\n","    zboxcli_file_upload_test.go:1027: Uploading file /tmp/v2puasI2hW_test.txt to allocation 69d622dfc81fd92bf3b619330a8cbe1452ed5d79059406e7186edfd14067444d with remotepath /dir/v2puasI2hW_test.txt\n","    zboxcli_file_upload_test.go:985: Uploading file...\n","    zboxcli_file_download_test.go:1275: Generating checksum for file [/tmp/v2puasI2hW_test.txt]...\n","    utils.go:166: Waiting 15s...\n","    zboxcli_file_download_test.go:1259: Downloading file...\n","    zboxcli_file_download_test.go:1275: Generating checksum for file [tmp/v2puasI2hW_test.txt]...\n","    zboxcli_file_download_test.go:128: Test case [Download File from a Directory Should Work] exit at [11-16-2024 10:53:59]\n","--- PASS: TestDownload/Download_File_from_a_Directory_Should_Work (20.66s)",""],"Passed":true,"Skipped":false,"TestFileName":"","TestFunctionDetail":{"Line":0,"Col":0}}]},{"FailureIndicator":"","SkippedIndicator":"","TestResults":[{"TestName":"TestDownload/Download_From_Shared_Folder_by_Lookup_Hash_Should_Work","Package":"github.com/0chain/system_test/tests/cli_tests","ElapsedTime":20.6,"Output":["","    zboxcli_file_download_test.go:494: Test case [Download From Shared Folder by Lookup Hash Should Work] scheduled at [11-16-2024 10:53:38] \n","","","    system_test_framework.go:149: Test case [Download From Shared Folder by Lookup Hash Should Work] start at [11-16-2024 10:54:14] \n","    utils.go:166: Waiting 15s...\n","    zboxcli_file_download_test.go:1259: Downloading file...\n","    zboxcli_file_download_test.go:1275: Generating checksum for file [tmp/oAKYNjbxWL_test.txt]...\n","    zboxcli_file_download_test.go:494: Test case [Download From Shared Folder by Lookup Hash Should Work] exit at [11-16-2024 10:54:34]\n","--- PASS: TestDownload/Download_From_Shared_Folder_by_Lookup_Hash_Should_Work (20.60s)",""],"Passed":true,"Skipped":false,"TestFileName":"","TestFunctionDetail":{"Line":0,"Col":0}}]},{"FailureIndicator":"","SkippedIndicator":"","TestResults":[{"TestName":"TestDownload/Download_From_Shared_Folder_by_Lookup_Hash_Should_Work/Share_File_from_Another_Wallet","Package":"github.com/0chain/system_test/tests/cli_tests","ElapsedTime":5.4,"Output":["","    zboxcli_file_download_test.go:501: Test case [Share File from Another Wallet] scheduled at [11-16-2024 10:54:14] \n","    zboxcli_file_download_test.go:501: [WARN] Not running test case [Share File from Another Wallet] in parallel as it is a child test. Use t.Unwrap.run() then t.Parallel() if you wish to do this.\n","    system_test_framework.go:149: Test case [Share File from Another Wallet] start at [11-16-2024 10:54:14] \n","2024/11/16 10:54:14 Creating wallet for TestDownload-Download_From_Shared_Folder_by_Lookup_Hash_Should_Work-Share_File_from_Another_Wallet with walletIdx 530\n","File ./config/TestDownload-Download_From_Shared_Folder_by_Lookup_Hash_Should_Work-Share_File_from_Another_Wallet_wallet.json written successfully.\n","    zboxcli_create_allocation_test.go:446: Creating new allocation...\n","    zboxcli_file_upload_test.go:1027: Uploading file /tmp/oAKYNjbxWL_test.txt to allocation fb294035737d62d36f72874ed8c03794dc9dc1521e7480750ee16aee8da99d75 with remotepath /dir/oAKYNjbxWL_test.txt\n","    zboxcli_file_upload_test.go:985: Uploading file...\n","    zboxcli_file_download_test.go:1275: Generating checksum for file [/tmp/oAKYNjbxWL_test.txt]...\n","    zboxcli_list_file_test.go:620: Sharing file/folder...\n","    zboxcli_file_download_test.go:501: Test case [Share File from Another Wallet] exit at [11-16-2024 10:54:19]\n","--- PASS: TestDownload/Download_From_Shared_Folder_by_Lookup_Hash_Should_Work/Share_File_from_Another_Wallet (5.40s)",""],"Passed":true,"Skipped":false,"TestFileName":"","TestFunctionDetail":{"Line":0,"Col":0}}]},{"FailureIndicator":"","SkippedIndicator":"","TestResults":[{"TestName":"TestDownload/Download_From_Shared_Folder_by_Remotepath_Should_Work","Package":"github.com/0chain/system_test/tests/cli_tests","ElapsedTime":20.49,"Output":["","    zboxcli_file_download_test.go:439: Test case [Download From Shared Folder by Remotepath Should Work] scheduled at [11-16-2024 10:53:38] \n","","","    system_test_framework.go:149: Test case [Download From Shared Folder by Remotepath Should Work] start at [11-16-2024 10:54:20] \n","    utils.go:166: Waiting 15s...\n","    zboxcli_file_download_test.go:1259: Downloading file...\n","    zboxcli_file_download_test.go:1275: Generating checksum for file [tmp/mEtLN3EDUQ_test.txt]...\n","    zboxcli_file_download_test.go:439: Test case [Download From Shared Folder by Remotepath Should Work] exit at [11-16-2024 10:54:40]\n","--- PASS: TestDownload/Download_From_Shared_Folder_by_Remotepath_Should_Work (20.49s)",""],"Passed":true,"Skipped":false,"TestFileName":"","TestFunctionDetail":{"Line":0,"Col":0}}]},{"FailureIndicator":"","SkippedIndicator":"","TestResults":[{"TestName":"TestDownload/Download_From_Shared_Folder_by_Remotepath_Should_Work/Share_File_from_Another_Wallet","Package":"github.com/0chain/system_test/tests/cli_tests","ElapsedTime":5.38,"Output":["","    zboxcli_file_download_test.go:446: Test case [Share File from Another Wallet] scheduled at [11-16-2024 10:54:20] \n","    zboxcli_file_download_test.go:446: [WARN] Not running test case [Share File from Another Wallet] in parallel as it is a child test. Use t.Unwrap.run() then t.Parallel() if you wish to do this.\n","    system_test_framework.go:149: Test case [Share File from Another Wallet] start at [11-16-2024 10:54:20] \n","2024/11/16 10:54:20 Creating wallet for TestDownload-Download_From_Shared_Folder_by_Remotepath_Should_Work-Share_File_from_Another_Wallet with walletIdx 534\n","File ./config/TestDownload-Download_From_Shared_Folder_by_Remotepath_Should_Work-Share_File_from_Another_Wallet_wallet.json written successfully.\n","    zboxcli_create_allocation_test.go:446: Creating new allocation...\n","    zboxcli_file_upload_test.go:1027: Uploading file /tmp/mEtLN3EDUQ_test.txt to allocation a9b3739d0b63bff1c3485775eebc72323d341e31b3922911ca817f9937b13302 with remotepath /dir/mEtLN3EDUQ_test.txt\n","    zboxcli_file_upload_test.go:985: Uploading file...\n","    zboxcli_file_download_test.go:1275: Generating checksum for file [/tmp/mEtLN3EDUQ_test.txt]...\n","    zboxcli_list_file_test.go:620: Sharing file/folder...\n","    zboxcli_file_download_test.go:446: Test case [Share File from Another Wallet] exit at [11-16-2024 10:54:25]\n","--- PASS: TestDownload/Download_From_Shared_Folder_by_Remotepath_Should_Work/Share_File_from_Another_Wallet (5.38s)",""],"Passed":true,"Skipped":false,"TestFileName":"","TestFunctionDetail":{"Line":0,"Col":0}}]},{"FailureIndicator":"","SkippedIndicator":"","TestResults":[{"TestName":"TestDownload/Download_Moved_File_Should_Work","Package":"github.com/0chain/system_test/tests/cli_tests","ElapsedTime":30.84,"Output":["","    zboxcli_file_download_test.go:1203: Test case [Download Moved File Should Work] scheduled at [11-16-2024 10:53:38] \n","","","2024/11/16 10:53:38 Creating wallet for TestDownload-Download_File_With_blockspermarker_Flag_Should_Work with walletIdx 501\n","2024/11/16 10:53:38 Creating wallet for TestDownload-Download_File_With_Only_startblock_Should_Work with walletIdx 502\n","    system_test_framework.go:149: Test case [Download Moved File Should Work] start at [11-16-2024 10:53:38] \n","2024/11/16 10:53:38 Creating wallet for TestDownload-Download_from_Allocation_without_other_Parameter_Should_Fail with walletIdx 503\n","2024/11/16 10:53:38 Creating wallet for TestDownload-Download_Moved_File_Should_Work with walletIdx 504\n","    zboxcli_create_allocation_test.go:446: Creating new allocation...\n","    zboxcli_file_upload_test.go:1027: Uploading file /tmp/e5yDMpORf-_test.txt to allocation d1cfd57264abaa876046ccf8f500d92fb01b4b1cd57be598065a68466756e73b with remotepath /e5yDMpORf-_test.txt\n","    zboxcli_file_upload_test.go:985: Uploading file...\n","    zboxcli_file_download_test.go:1275: Generating checksum for file [/tmp/e5yDMpORf-_test.txt]...\n","    zboxcli_file_move_test.go:921: Moving file...\n","    utils.go:166: Waiting 15s...\n","    zboxcli_file_download_test.go:1259: Downloading file...\n","    zboxcli_file_download_test.go:1275: Generating checksum for file [tmp/e5yDMpORf-_test.txt]...\n","    zboxcli_file_download_test.go:1203: Test case [Download Moved File Should Work] exit at [11-16-2024 10:54:09]\n","--- PASS: TestDownload/Download_Moved_File_Should_Work (30.84s)",""],"Passed":true,"Skipped":false,"TestFileName":"","TestFunctionDetail":{"Line":0,"Col":0}}]},{"FailureIndicator":"","SkippedIndicator":"","TestResults":[{"TestName":"TestDownload/Download_Non-Existent_File_Should_Fail","Package":"github.com/0chain/system_test/tests/cli_tests","ElapsedTime":20.58,"Output":["","    zboxcli_file_download_test.go:1159: Test case [Download Non-Existent File Should Fail] scheduled at [11-16-2024 10:53:38] \n","","","2024/11/16 10:53:38 Creating wallet for TestDownload-Download_without_any_Parameter_Should_Fail with walletIdx 505\n","    system_test_framework.go:149: Test case [Download Non-Existent File Should Fail] start at [11-16-2024 10:53:38] \n","    zboxcli_create_allocation_test.go:446: Creating new allocation...\n","File ./config/TestDownload-Download_without_any_Parameter_Should_Fail_wallet.json written successfully.\n","    utils.go:166: Waiting 15s...\n","    zboxcli_file_download_test.go:1259: Downloading file...\n","    zboxcli_file_download_test.go:1159: Test case [Download Non-Existent File Should Fail] exit at [11-16-2024 10:53:59]\n","--- PASS: TestDownload/Download_Non-Existent_File_Should_Fail (20.58s)",""],"Passed":true,"Skipped":false,"TestFileName":"","TestFunctionDetail":{"Line":0,"Col":0}}]},{"FailureIndicator":"failed","SkippedIndicator":"","TestResults":[{"TestName":"TestDownload/Download_Shared_Encrypted_File_Should_Work","Package":"github.com/0chain/system_test/tests/cli_tests","ElapsedTime":24.86,"Output":["","    zboxcli_file_download_test.go:365: Test case [Download Shared Encrypted File Should Work] scheduled at [11-16-2024 10:53:38] \n","","","    system_test_framework.go:149: Test case [Download Shared Encrypted File Should Work] start at [11-16-2024 10:53:38] \n","2024/11/16 10:53:38 Creating wallet for TestDownload-Download_Shared_Encrypted_File_Should_Work_viewer with walletIdx 511\n","File ./config/TestDownload-Download_Shared_Encrypted_File_Should_Work_viewer_wallet.json written successfully.\n","    zwalletcli_register_wallet_test.go:101: Getting wallet...\n","    utils.go:166: Waiting 15s...\n","    zboxcli_file_download_test.go:1259: Downloading file...\n","    utils.go:82: \u001b[33mCommand failed on attempt [1/3] due to error [exit status 1]. Output: [0 / 10    0.00% 0 / 10    0.00% 0s -\u003cNEWLINE\u003e- Error in file operation: Download failed for block 0. -\u003cNEWLINE\u003e- download_failed: 4 failed blobbers exceeded 0 remaining blobbers. Download errors: Error Unsuccessful download. Error: response_error: Invalid Ciphertext in reEncrypt, C4 != H5 from https://dev-7.devnet-0chain.net/blobber03 Error Unsuccessful download. Error: response_error: Invalid Ciphertext in reEncrypt, C4 != H5 from https://dev-7.devnet-0chain.net/blobber01 Error Unsuccessful download. Error: response_error: Invalid Ciphertext in reEncrypt, C4 != H5 from https://dev-7.devnet-0chain.net/blobber04 Error Unsuccessful download. Error: response_error: Invalid Ciphertext in reEncrypt, C4 != H5 from https://dev-7.devnet-0chain.net/blobber06]\n","    utils.go:82: \u001b[33mCommand failed on attempt [2/3] due to error [exit status 1]. Output: [0 / 10    0.00% 0 / 10    0.00% 0s -\u003cNEWLINE\u003e- Error in file operation: Download failed for block 0. -\u003cNEWLINE\u003e- download_failed: 4 failed blobbers exceeded 0 remaining blobbers. Download errors: Error Unsuccessful download. Error: response_error: Invalid Ciphertext in reEncrypt, C4 != H5 from https://dev-7.devnet-0chain.net/blobber06 Error Unsuccessful download. Error: response_error: Invalid Ciphertext in reEncrypt, C4 != H5 from https://dev-7.devnet-0chain.net/blobber04 Error Unsuccessful download. Error: response_error: Invalid Ciphertext in reEncrypt, C4 != H5 from https://dev-7.devnet-0chain.net/blobber03 Error Unsuccessful download. Error: response_error: Invalid Ciphertext in reEncrypt, C4 != H5 from https://dev-7.devnet-0chain.net/blobber01]\n","    utils.go:98: \u001b[31mCommand failed on final attempt [3/3] due to error [exit status 1]. Command String: [] Output: [0 / 10    0.00% 0 / 10    0.00% 0s -\u003cNEWLINE\u003e- Error in file operation: Download failed for block 0. -\u003cNEWLINE\u003e- download_failed: 4 failed blobbers exceeded 0 remaining blobbers. Download errors: Error Unsuccessful download. Error: response_error: Invalid Ciphertext in reEncrypt, C4 != H5 from https://dev-7.devnet-0chain.net/blobber03 Error Unsuccessful download. Error: response_error: Invalid Ciphertext in reEncrypt, C4 != H5 from https://dev-7.devnet-0chain.net/blobber06 Error Unsuccessful download. Error: response_error: Invalid Ciphertext in reEncrypt, C4 != H5 from https://dev-7.devnet-0chain.net/blobber01 Error Unsuccessful download. Error: response_error: Invalid Ciphertext in reEncrypt, C4 != H5 from https://dev-7.devnet-0chain.net/blobber04]\n","    utils.go:101: \u001b[31mThe verbose output for the command is:\n","    utils.go:105: \u001b[31m0chain-core-sdk [INFO]   2024/11/16 10:54:03.972535 wallet_base.go:192: ******* Wallet SDK Version:v1.17.11-269-g7fd90660 ******* (SetLogFile)\n","    utils.go:105: \u001b[31m0box-sdk        [INFO]   2024/11/16 10:54:03.972623 sdk.go:95: ******* Storage SDK Version: v1.17.11-269-g7fd90660 *******\n","    utils.go:105: \u001b[31m0box-sdk        [INFO]   2024/11/16 10:54:03.994251 allocation.go:469: Owner signing public key already exists: c7723d18165837bc55aa7177a30084a7596ccc34800be7d1311660ceceaa4bd9 generated: 9e9840684622efb5c29554e4c2a3da89e075f893518a97582914aead1894af55\n","    utils.go:105: \u001b[31m0box-sdk        \u001b[31m[ERROR]  2024/11/16 10:54:04.000270 rollback.go:293: error during getWritemarker{error 26 0  writemarker error response {\"code\":\"invalid_signature\",\"error\":\"invalid_signature: could not verify the allocation owner\"}\n","    utils.go:105: \u001b[31mwith status 400}\u001b[0m\n","    utils.go:105: \u001b[31m0box-sdk        \u001b[31m[ERROR]  2024/11/16 10:54:04.000696 rollback.go:293: error during getWritemarker{error 26 0  writemarker error response {\"code\":\"invalid_signature\",\"error\":\"invalid_signature: could not verify the allocation owner\"}\n","    utils.go:105: \u001b[31m0box-sdk        \u001b[31m[ERROR]  2024/11/16 10:54:04.001090 rollback.go:293: error during getWritemarker{error 26 0  writemarker error response {\"code\":\"invalid_signature\",\"error\":\"invalid_signature: could not verify the allocation owner\"}\n","    utils.go:105: \u001b[31m0box-sdk        \u001b[31m[ERROR]  2024/11/16 10:54:04.001198 rollback.go:293: error during getWritemarker{error 26 0  writemarker error response {\"code\":\"invalid_signature\",\"error\":\"invalid_signature: could not verify the allocation owner\"}\n","    utils.go:105: \u001b[31m0box-sdk        [DEBUG]  2024/11/16 10:54:04.003961 filemetaworker.go:98: File meta response status: 200 OK\n","    utils.go:105: \u001b[31m0box-sdk        [DEBUG]  2024/11/16 10:54:04.004159 filemetaworker.go:98: File meta response status: 200 OK\n","    utils.go:105: \u001b[31m0box-sdk        [DEBUG]  2024/11/16 10:54:04.004283 filemetaworker.go:98: File meta response status: 200 OK\n","    utils.go:105: \u001b[31m0box-sdk        [DEBUG]  2024/11/16 10:54:04.004675 filemetaworker.go:98: File meta response status: 200 OK\n","    utils.go:105: \u001b[31m0box-sdk        [DEBUG]  2024/11/16 10:54:04.005352 allocation.go:1493: [processReadMarker]{allocation_id 15 0 1714375a43544d459bcfe9e4ce940bf6252fcd0f0991b2c2383aff01f0807314 \u003cnil\u003e} {num of download requests 11 1  \u003cnil\u003e} {processDownloadRequest 8 4013795  \u003cnil\u003e}\n","    utils.go:105: \u001b[31m0box-sdk        [INFO]   2024/11/16 10:54:04.005367 allocation.go:489: received a download request for\n","    utils.go:105: \u001b[31m0box-sdk        [INFO]   2024/11/16 10:54:04.005395 downloadworker.go:479: encryption version: 1\n","    utils.go:105: \u001b[31m0box-sdk        [INFO]   2024/11/16 10:54:04.005402 downloadworker.go:978: Encryption public key: OilXPK0MFdbJXZQvSiahRhE7xL5qQmY5SFC1r1fimAo=\n","    utils.go:105: \u001b[31m0 / 10    0.00%0box-sdk        [INFO]   2024/11/16 10:54:04.006110 downloadworker.go:577: Downloading file with size: 10 from start block: 0 and end block: 1. Blocks per blobber: 1 remainingSize: 10 and total requests: 1\n","    utils.go:105: \u001b[31m0box-sdk        \u001b[31m[ERROR]  2024/11/16 10:54:04.013796 blockdownloadworker.go:185: downloadBlobberBlock FAIL - blobberID: 48592ae54bcd3f6e4f36f6e94b95247afb1addcf4704a87967f6e5f25bcb625e, clientID: 17646e021c60d20ab0179f4c21e3921d3c0a18d3ddcb387259e57304f7b0015c, blockNum: 0, retry: 0, response: Invalid Ciphertext in reEncrypt, C4 != H5\n","    utils.go:105: \u001b[31m\u001b[0m\n","    utils.go:105: \u001b[31m0box-sdk        \u001b[31m[ERROR]  2024/11/16 10:54:04.013871 downloadworker.go:311: Unsuccessful download. Error: response_error: Invalid Ciphertext in reEncrypt, C4 != H5\u001b[0m\n","    utils.go:105: \u001b[31m0box-sdk        \u001b[31m[ERROR]  2024/11/16 10:54:04.014037 blockdownloadworker.go:185: downloadBlobberBlock FAIL - blobberID: 76a781712267e84136f84853040fd95c03c62c9a9444a94b9ce74b5d30d6340d, clientID: 17646e021c60d20ab0179f4c21e3921d3c0a18d3ddcb387259e57304f7b0015c, blockNum: 0, retry: 0, response: Invalid Ciphertext in reEncrypt, C4 != H5\n","    utils.go:105: \u001b[31m0box-sdk        \u001b[31m[ERROR]  2024/11/16 10:54:04.014072 downloadworker.go:311: Unsuccessful download. Error: response_error: Invalid Ciphertext in reEncrypt, C4 != H5\u001b[0m\n","    utils.go:105: \u001b[31m0box-sdk        \u001b[31m[ERROR]  2024/11/16 10:54:04.014198 blockdownloadworker.go:185: downloadBlobberBlock FAIL - blobberID: 3812b813bdbba23d548442add2e49d24edd1a178ba0e8daf878599270a2be0ae, clientID: 17646e021c60d20ab0179f4c21e3921d3c0a18d3ddcb387259e57304f7b0015c, blockNum: 0, retry: 0, response: Invalid Ciphertext in reEncrypt, C4 != H5\n","    utils.go:105: \u001b[31m0box-sdk        \u001b[31m[ERROR]  2024/11/16 10:54:04.014229 downloadworker.go:311: Unsuccessful download. Error: response_error: Invalid Ciphertext in reEncrypt, C4 != H5\u001b[0m\n","    utils.go:105: \u001b[31m0box-sdk        \u001b[31m[ERROR]  2024/11/16 10:54:04.014385 blockdownloadworker.go:185: downloadBlobberBlock FAIL - blobberID: ff6424d80c49e57b7c2f0621b726f55efc6ca9ce327bdff89ef364adb8278b22, clientID: 17646e021c60d20ab0179f4c21e3921d3c0a18d3ddcb387259e57304f7b0015c, blockNum: 0, retry: 0, response: Invalid Ciphertext in reEncrypt, C4 != H5\n","    utils.go:105: \u001b[31m0box-sdk        \u001b[31m[ERROR]  2024/11/16 10:54:04.014414 downloadworker.go:311: Unsuccessful download. Error: response_error: Invalid Ciphertext in reEncrypt, C4 != H5\u001b[0m\n","    utils.go:105: \u001b[31m0box-sdk        \u001b[31m[ERROR]  2024/11/16 10:54:04.014440 downloadworker.go:1040: Download failed: Download failed for block 0.\n","    utils.go:105: \u001b[31mdownload_failed: 4 failed blobbers exceeded 0 remaining blobbers. Download errors: Error Unsuccessful download. Error: response_error: Invalid Ciphertext in reEncrypt, C4 != H5 from https://dev-7.devnet-0chain.net/blobber03 Error Unsuccessful download. Error: response_error: Invalid Ciphertext in reEncrypt, C4 != H5 from https://dev-7.devnet-0chain.net/blobber01 Error Unsuccessful download. Error: response_error: Invalid Ciphertext in reEncrypt, C4 != H5 from https://dev-7.devnet-0chain.net/blobber04 Error Unsuccessful download. Error: response_error: Invalid Ciphertext in reEncrypt, C4 != H5 from https://dev-7.devnet-0chain.net/blobber06 remotefilepath: c52909f9855ca76e7cf091d7995985474a25175884420be7b7b085afcef8a7c9\u001b[0m\n","    utils.go:105: \u001b[31m0 / 10    0.00% 0s\n","    utils.go:105: \u001b[31mError in file operation: Download failed for block 0.\n","    utils.go:105: \u001b[31mdownload_failed: 4 failed blobbers exceeded 0 remaining blobbers. Download errors: Error Unsuccessful download. Error: response_error: Invalid Ciphertext in reEncrypt, C4 != H5 from https://dev-7.devnet-0chain.net/blobber03 Error Unsuccessful download. Error: response_error: Invalid Ciphertext in reEncrypt, C4 != H5 from https://dev-7.devnet-0chain.net/blobber01 Error Unsuccessful download. Error: response_error: Invalid Ciphertext in reEncrypt, C4 != H5 from https://dev-7.devnet-0chain.net/blobber04 Error Unsuccessful download. Error: response_error: Invalid Ciphertext in reEncrypt, C4 != H5 from https://dev-7.devnet-0chain.net/blobber06\n","    utils.go:105: \u001b[31m0box-sdk        [DEBUG]  2024/11/16 10:54:04.014581 downloadworker.go:549: Clearing download buffers: 4\n","    assertions.go:363: \n","        \tError Trace:\t/root/actions-runner7/_work/system_test/system_test/tests/cli_tests/zboxcli_file_download_test.go:418\n","        \t            \t\t\t\t/root/actions-runner7/_work/system_test/system_test/internal/api/util/test/system_test_framework.go:150\n","        \t            \t\t\t\t/root/go/src/runtime/asm_amd64.s:1695\n","        \tError:      \tExpected nil, but got: \u0026exec.ExitError{ProcessState:(*os.ProcessState)(0xc0000134e8), Stderr:[]uint8(nil)}\n","        \tTest:       \tTestDownload/Download_Shared_Encrypted_File_Should_Work\n","        \tMessages:   \t0 / 10    0.00% 0 / 10    0.00% 0s\n","        \t            \tError in file operation: Download failed for block 0.\n","        \t            \tdownload_failed: 4 failed blobbers exceeded 0 remaining blobbers. Download errors: Error Unsuccessful download. Error: response_error: Invalid Ciphertext in reEncrypt, C4 != H5 from https://dev-7.devnet-0chain.net/blobber03 Error Unsuccessful download. Error: response_error: Invalid Ciphertext in reEncrypt, C4 != H5 from https://dev-7.devnet-0chain.net/blobber06 Error Unsuccessful download. Error: response_error: Invalid Ciphertext in reEncrypt, C4 != H5 from https://dev-7.devnet-0chain.net/blobber01 Error Unsuccessful download. Error: response_error: Invalid Ciphertext in reEncrypt, C4 != H5 from https://dev-7.devnet-0chain.net/blobber04\n","    zboxcli_file_download_test.go:365: Test case [Download Shared Encrypted File Should Work] exit at [11-16-2024 10:54:04]\n","","","    zboxcli_file_download_test.go:365: Test case [Download Shared Encrypted File Should Work] scheduled at [11-16-2024 10:54:45] \n","","","    system_test_framework.go:149: Test case [Download Shared Encrypted File Should Work] start at [11-16-2024 10:54:45] \n","2024/11/16 10:54:45 Creating wallet for TestDownload-Download_Shared_Encrypted_File_Should_Work_viewer with walletIdx 501\n","File ./config/TestDownload-Download_Shared_Encrypted_File_Should_Work_viewer_wallet.json written successfully.\n","    zwalletcli_register_wallet_test.go:101: Getting wallet...\n","    utils.go:166: Waiting 15s...\n","    zboxcli_file_download_test.go:1259: Downloading file...\n","    utils.go:82: \u001b[33mCommand failed on attempt [1/3] due to error [exit status 1]. Output: [0 / 10    0.00% 0 / 10    0.00% 0s -\u003cNEWLINE\u003e- Error in file operation: Download failed for block 0. -\u003cNEWLINE\u003e- download_failed: 4 failed blobbers exceeded 0 remaining blobbers. Download errors: Error Unsuccessful download. Error: response_error: Invalid Ciphertext in reEncrypt, C4 != H5 from https://dev-7.devnet-0chain.net/blobber04 Error Unsuccessful download. Error: response_error: Invalid Ciphertext in reEncrypt, C4 != H5 from https://dev-7.devnet-0chain.net/blobber03 Error Unsuccessful download. Error: response_error: Invalid Ciphertext in reEncrypt, C4 != H5 from https://dev-7.devnet-0chain.net/blobber06 Error Unsuccessful download. Error: response_error: Invalid Ciphertext in reEncrypt, C4 != H5 from https://dev-7.devnet-0chain.net/blobber01]\n","    utils.go:82: \u001b[33mCommand failed on attempt [2/3] due to error [exit status 1]. Output: [0 / 10    0.00% 0 / 10    0.00% 0s -\u003cNEWLINE\u003e- Error in file operation: Download failed for block 0. -\u003cNEWLINE\u003e- download_failed: 4 failed blobbers exceeded 0 remaining blobbers. Download errors: Error Unsuccessful download. Error: response_error: Invalid Ciphertext in reEncrypt, C4 != H5 from https://dev-7.devnet-0chain.net/blobber01 Error Unsuccessful download. Error: response_error: Invalid Ciphertext in reEncrypt, C4 != H5 from https://dev-7.devnet-0chain.net/blobber04 Error Unsuccessful download. Error: response_error: Invalid Ciphertext in reEncrypt, C4 != H5 from https://dev-7.devnet-0chain.net/blobber03 Error Unsuccessful download. Error: response_error: Invalid Ciphertext in reEncrypt, C4 != H5 from https://dev-7.devnet-0chain.net/blobber06]\n","    utils.go:98: \u001b[31mCommand failed on final attempt [3/3] due to error [exit status 1]. Command String: [] Output: [0 / 10    0.00% 0 / 10    0.00% 0s -\u003cNEWLINE\u003e- Error in file operation: Download failed for block 0. -\u003cNEWLINE\u003e- download_failed: 4 failed blobbers exceeded 0 remaining blobbers. Download errors: Error Unsuccessful download. Error: response_error: Invalid Ciphertext in reEncrypt, C4 != H5 from https://dev-7.devnet-0chain.net/blobber06 Error Unsuccessful download. Error: response_error: Invalid Ciphertext in reEncrypt, C4 != H5 from https://dev-7.devnet-0chain.net/blobber01 Error Unsuccessful download. Error: response_error: Invalid Ciphertext in reEncrypt, C4 != H5 from https://dev-7.devnet-0chain.net/blobber03 Error Unsuccessful download. Error: response_error: Invalid Ciphertext in reEncrypt, C4 != H5 from https://dev-7.devnet-0chain.net/blobber04]\n","    utils.go:101: \u001b[31mThe verbose output for the command is:\n","    utils.go:105: \u001b[31m0chain-core-sdk [INFO]   2024/11/16 10:55:10.241042 wallet_base.go:192: ******* Wallet SDK Version:v1.17.11-269-g7fd90660 ******* (SetLogFile)\n","    utils.go:105: \u001b[31m0box-sdk        [INFO]   2024/11/16 10:55:10.241133 sdk.go:95: ******* Storage SDK Version: v1.17.11-269-g7fd90660 *******\n","    utils.go:105: \u001b[31m0box-sdk        [INFO]   2024/11/16 10:55:10.265213 allocation.go:469: Owner signing public key already exists: 35f300ea80f4ddeca205e6a1e6528645babdb7cafab20abe380aa781b66274af generated: e106fe234b232091534fa9b7a90050c03720712cd0b512a75e1a2f982cc36323\n","    utils.go:105: \u001b[31m0box-sdk        \u001b[31m[ERROR]  2024/11/16 10:55:10.271842 rollback.go:293: error during getWritemarker{error 26 0  writemarker error response {\"code\":\"invalid_signature\",\"error\":\"invalid_signature: could not verify the allocation owner\"}\n","    utils.go:105: \u001b[31mwith status 400}\u001b[0m\n","    utils.go:105: \u001b[31m0box-sdk        \u001b[31m[ERROR]  2024/11/16 10:55:10.271959 rollback.go:293: error during getWritemarker{error 26 0  writemarker error response {\"code\":\"invalid_signature\",\"error\":\"invalid_signature: could not verify the allocation owner\"}\n","    utils.go:105: \u001b[31m0box-sdk        \u001b[31m[ERROR]  2024/11/16 10:55:10.271976 rollback.go:293: error during getWritemarker{error 26 0  writemarker error response {\"code\":\"invalid_signature\",\"error\":\"invalid_signature: could not verify the allocation owner\"}\n","    utils.go:105: \u001b[31m0box-sdk        \u001b[31m[ERROR]  2024/11/16 10:55:10.271995 rollback.go:293: error during getWritemarker{error 26 0  writemarker error response {\"code\":\"invalid_signature\",\"error\":\"invalid_signature: could not verify the allocation owner\"}\n","    utils.go:105: \u001b[31m0box-sdk        [DEBUG]  2024/11/16 10:55:10.275315 filemetaworker.go:98: File meta response status: 200 OK\n","    utils.go:105: \u001b[31m0box-sdk        [DEBUG]  2024/11/16 10:55:10.275658 filemetaworker.go:98: File meta response status: 200 OK\n","    utils.go:105: \u001b[31m0box-sdk        [DEBUG]  2024/11/16 10:55:10.275752 filemetaworker.go:98: File meta response status: 200 OK\n","    utils.go:105: \u001b[31m0box-sdk        [DEBUG]  2024/11/16 10:55:10.275769 filemetaworker.go:98: File meta response status: 200 OK\n","    utils.go:105: \u001b[31m0box-sdk        [DEBUG]  2024/11/16 10:55:10.276997 allocation.go:1493: [processReadMarker]{allocation_id 15 0 e2e949ae40a3702b698e16e05c572f327f3a0fe163db51ceb997314b5f82d304 \u003cnil\u003e} {num of download requests 11 1  \u003cnil\u003e} {processDownloadRequest 8 4852191  \u003cnil\u003e}\n","    utils.go:105: \u001b[31m0box-sdk        [INFO]   2024/11/16 10:55:10.277023 allocation.go:489: received a download request for\n","    utils.go:105: \u001b[31m0box-sdk        [INFO]   2024/11/16 10:55:10.277063 downloadworker.go:479: encryption version: 1\n","    utils.go:105: \u001b[31m0box-sdk        [INFO]   2024/11/16 10:55:10.277073 downloadworker.go:978: Encryption public key: 8kWUUbWyWY7TdyTm1EN6oBnnGguN3W7g8tL8SfrI6WI=\n","    utils.go:105: \u001b[31m0 / 10    0.00%0box-sdk        [INFO]   2024/11/16 10:55:10.277705 downloadworker.go:577: Downloading file with size: 10 from start block: 0 and end block: 1. Blocks per blobber: 1 remainingSize: 10 and total requests: 1\n","    utils.go:105: \u001b[31m0box-sdk        \u001b[31m[ERROR]  2024/11/16 10:55:10.284862 blockdownloadworker.go:185: downloadBlobberBlock FAIL - blobberID: ff6424d80c49e57b7c2f0621b726f55efc6ca9ce327bdff89ef364adb8278b22, clientID: f63ae119774f4b91a43a8ad6650199184d6420a618a71d18a660bff6326ffc2e, blockNum: 0, retry: 0, response: Invalid Ciphertext in reEncrypt, C4 != H5\n","    utils.go:105: \u001b[31m\u001b[0m\n","    utils.go:105: \u001b[31m0box-sdk        \u001b[31m[ERROR]  2024/11/16 10:55:10.284924 downloadworker.go:311: Unsuccessful download. Error: response_error: Invalid Ciphertext in reEncrypt, C4 != H5\u001b[0m\n","    utils.go:105: \u001b[31m0box-sdk        \u001b[31m[ERROR]  2024/11/16 10:55:10.284862 blockdownloadworker.go:185: downloadBlobberBlock FAIL - blobberID: 76a781712267e84136f84853040fd95c03c62c9a9444a94b9ce74b5d30d6340d, clientID: f63ae119774f4b91a43a8ad6650199184d6420a618a71d18a660bff6326ffc2e, blockNum: 0, retry: 0, response: Invalid Ciphertext in reEncrypt, C4 != H5\n","    utils.go:105: \u001b[31m0box-sdk        \u001b[31m[ERROR]  2024/11/16 10:55:10.284949 downloadworker.go:311: Unsuccessful download. Error: response_error: Invalid Ciphertext in reEncrypt, C4 != H5\u001b[0m\n","    utils.go:105: \u001b[31m0box-sdk        \u001b[31m[ERROR]  2024/11/16 10:55:10.285129 blockdownloadworker.go:185: downloadBlobberBlock FAIL - blobberID: 48592ae54bcd3f6e4f36f6e94b95247afb1addcf4704a87967f6e5f25bcb625e, clientID: f63ae119774f4b91a43a8ad6650199184d6420a618a71d18a660bff6326ffc2e, blockNum: 0, retry: 0, response: Invalid Ciphertext in reEncrypt, C4 != H5\n","    utils.go:105: \u001b[31m0box-sdk        \u001b[31m[ERROR]  2024/11/16 10:55:10.285177 downloadworker.go:311: Unsuccessful download. Error: response_error: Invalid Ciphertext in reEncrypt, C4 != H5\u001b[0m\n","    utils.go:105: \u001b[31m0box-sdk        \u001b[31m[ERROR]  2024/11/16 10:55:10.285732 blockdownloadworker.go:185: downloadBlobberBlock FAIL - blobberID: 3812b813bdbba23d548442add2e49d24edd1a178ba0e8daf878599270a2be0ae, clientID: f63ae119774f4b91a43a8ad6650199184d6420a618a71d18a660bff6326ffc2e, blockNum: 0, retry: 0, response: Invalid Ciphertext in reEncrypt, C4 != H5\n","    utils.go:105: \u001b[31m0box-sdk        \u001b[31m[ERROR]  2024/11/16 10:55:10.285771 downloadworker.go:311: Unsuccessful download. Error: response_error: Invalid Ciphertext in reEncrypt, C4 != H5\u001b[0m\n","    utils.go:105: \u001b[31m0box-sdk        \u001b[31m[ERROR]  2024/11/16 10:55:10.285802 downloadworker.go:1040: Download failed: Download failed for block 0.\n","    utils.go:105: \u001b[31mdownload_failed: 4 failed blobbers exceeded 0 remaining blobbers. Download errors: Error Unsuccessful download. Error: response_error: Invalid Ciphertext in reEncrypt, C4 != H5 from https://dev-7.devnet-0chain.net/blobber06 Error Unsuccessful download. Error: response_error: Invalid Ciphertext in reEncrypt, C4 != H5 from https://dev-7.devnet-0chain.net/blobber01 Error Unsuccessful download. Error: response_error: Invalid Ciphertext in reEncrypt, C4 != H5 from https://dev-7.devnet-0chain.net/blobber03 Error Unsuccessful download. Error: response_error: Invalid Ciphertext in reEncrypt, C4 != H5 from https://dev-7.devnet-0chain.net/blobber04 remotefilepath: 692362f582f73e9c2ac99207438f6cdef18548958ab833f1027bfcd5f87192c3\u001b[0m\n","    utils.go:105: \u001b[31m0 / 10    0.00% 0s\n","    utils.go:105: \u001b[31mError in file operation: Download failed for block 0.\n","    utils.go:105: \u001b[31mdownload_failed: 4 failed blobbers exceeded 0 remaining blobbers. Download errors: Error Unsuccessful download. Error: response_error: Invalid Ciphertext in reEncrypt, C4 != H5 from https://dev-7.devnet-0chain.net/blobber06 Error Unsuccessful download. Error: response_error: Invalid Ciphertext in reEncrypt, C4 != H5 from https://dev-7.devnet-0chain.net/blobber01 Error Unsuccessful download. Error: response_error: Invalid Ciphertext in reEncrypt, C4 != H5 from https://dev-7.devnet-0chain.net/blobber03 Error Unsuccessful download. Error: response_error: Invalid Ciphertext in reEncrypt, C4 != H5 from https://dev-7.devnet-0chain.net/blobber04\n","    utils.go:105: \u001b[31m0box-sdk        [DEBUG]  2024/11/16 10:55:10.285916 downloadworker.go:549: Clearing download buffers: 4\n","    assertions.go:363: \n","        \tError Trace:\t/root/actions-runner7/_work/system_test/system_test/tests/cli_tests/zboxcli_file_download_test.go:418\n","        \t            \t\t\t\t/root/actions-runner7/_work/system_test/system_test/internal/api/util/test/system_test_framework.go:150\n","        \t            \t\t\t\t/root/go/src/runtime/asm_amd64.s:1695\n","        \tError:      \tExpected nil, but got: \u0026exec.ExitError{ProcessState:(*os.ProcessState)(0xc000012330), Stderr:[]uint8(nil)}\n","        \tTest:       \tTestDownload/Download_Shared_Encrypted_File_Should_Work\n","        \tMessages:   \t0 / 10    0.00% 0 / 10    0.00% 0s\n","        \t            \tError in file operation: Download failed for block 0.\n","        \t            \tdownload_failed: 4 failed blobbers exceeded 0 remaining blobbers. Download errors: Error Unsuccessful download. Error: response_error: Invalid Ciphertext in reEncrypt, C4 != H5 from https://dev-7.devnet-0chain.net/blobber06 Error Unsuccessful download. Error: response_error: Invalid Ciphertext in reEncrypt, C4 != H5 from https://dev-7.devnet-0chain.net/blobber01 Error Unsuccessful download. Error: response_error: Invalid Ciphertext in reEncrypt, C4 != H5 from https://dev-7.devnet-0chain.net/blobber03 Error Unsuccessful download. Error: response_error: Invalid Ciphertext in reEncrypt, C4 != H5 from https://dev-7.devnet-0chain.net/blobber04\n","    zboxcli_file_download_test.go:365: Test case [Download Shared Encrypted File Should Work] exit at [11-16-2024 10:55:10]\n","","","    zboxcli_file_download_test.go:365: Test case [Download Shared Encrypted File Should Work] scheduled at [11-16-2024 10:55:11] \n","","","    system_test_framework.go:149: Test case [Download Shared Encrypted File Should Work] start at [11-16-2024 10:55:11] \n","2024/11/16 10:55:11 Creating wallet for TestDownload-Download_Shared_Encrypted_File_Should_Work_viewer with walletIdx 501\n","File ./config/TestDownload-Download_Shared_Encrypted_File_Should_Work_viewer_wallet.json written successfully.\n","    zwalletcli_register_wallet_test.go:101: Getting wallet...\n","    utils.go:166: Waiting 15s...\n","    zboxcli_file_download_test.go:1259: Downloading file...\n","    utils.go:82: \u001b[33mCommand failed on attempt [1/3] due to error [exit status 1]. Output: [0 / 10    0.00% 0 / 10    0.00% 0s -\u003cNEWLINE\u003e- Error in file operation: Download failed for block 0. -\u003cNEWLINE\u003e- download_failed: 4 failed blobbers exceeded 0 remaining blobbers. Download errors: Error Unsuccessful download. Error: response_error: Invalid Ciphertext in reEncrypt, C4 != H5 from https://dev-7.devnet-0chain.net/blobber06 Error Unsuccessful download. Error: response_error: Invalid Ciphertext in reEncrypt, C4 != H5 from https://dev-7.devnet-0chain.net/blobber04 Error Unsuccessful download. Error: response_error: Invalid Ciphertext in reEncrypt, C4 != H5 from https://dev-7.devnet-0chain.net/blobber01 Error Unsuccessful download. Error: response_error: Invalid Ciphertext in reEncrypt, C4 != H5 from https://dev-7.devnet-0chain.net/blobber03]\n","    utils.go:82: \u001b[33mCommand failed on attempt [2/3] due to error [exit status 1]. Output: [0 / 10    0.00% 0 / 10    0.00% 0s -\u003cNEWLINE\u003e- Error in file operation: Download failed for block 0. -\u003cNEWLINE\u003e- download_failed: 4 failed blobbers exceeded 0 remaining blobbers. Download errors: Error Unsuccessful download. Error: response_error: Invalid Ciphertext in reEncrypt, C4 != H5 from https://dev-7.devnet-0chain.net/blobber03 Error Unsuccessful download. Error: response_error: Invalid Ciphertext in reEncrypt, C4 != H5 from https://dev-7.devnet-0chain.net/blobber01 Error Unsuccessful download. Error: response_error: Invalid Ciphertext in reEncrypt, C4 != H5 from https://dev-7.devnet-0chain.net/blobber06 Error Unsuccessful download. Error: response_error: Invalid Ciphertext in reEncrypt, C4 != H5 from https://dev-7.devnet-0chain.net/blobber04]\n","    utils.go:98: \u001b[31mCommand failed on final attempt [3/3] due to error [exit status 1]. Command String: [] Output: [0 / 10    0.00% 0 / 10    0.00% 0s -\u003cNEWLINE\u003e- Error in file operation: Download failed for block 0. -\u003cNEWLINE\u003e- download_failed: 4 failed blobbers exceeded 0 remaining blobbers. Download errors: Error Unsuccessful download. Error: response_error: Invalid Ciphertext in reEncrypt, C4 != H5 from https://dev-7.devnet-0chain.net/blobber06 Error Unsuccessful download. Error: response_error: Invalid Ciphertext in reEncrypt, C4 != H5 from https://dev-7.devnet-0chain.net/blobber01 Error Unsuccessful download. Error: response_error: Invalid Ciphertext in reEncrypt, C4 != H5 from https://dev-7.devnet-0chain.net/blobber04 Error Unsuccessful download. Error: response_error: Invalid Ciphertext in reEncrypt, C4 != H5 from https://dev-7.devnet-0chain.net/blobber03]\n","    utils.go:101: \u001b[31mThe verbose output for the command is:\n","    utils.go:105: \u001b[31m0chain-core-sdk [INFO]   2024/11/16 10:55:35.978789 wallet_base.go:192: ******* Wallet SDK Version:v1.17.11-269-g7fd90660 ******* (SetLogFile)\n","    utils.go:105: \u001b[31m0box-sdk        [INFO]   2024/11/16 10:55:35.978876 sdk.go:95: ******* Storage SDK Version: v1.17.11-269-g7fd90660 *******\n","    utils.go:105: \u001b[31m0box-sdk        [INFO]   2024/11/16 10:55:36.002718 allocation.go:469: Owner signing public key already exists: 35f300ea80f4ddeca205e6a1e6528645babdb7cafab20abe380aa781b66274af generated: e106fe234b232091534fa9b7a90050c03720712cd0b512a75e1a2f982cc36323\n","    utils.go:105: \u001b[31m0box-sdk        \u001b[31m[ERROR]  2024/11/16 10:55:36.008777 rollback.go:293: error during getWritemarker{error 26 0  writemarker error response {\"code\":\"invalid_signature\",\"error\":\"invalid_signature: could not verify the allocation owner\"}\n","    utils.go:105: \u001b[31mwith status 400}\u001b[0m\n","    utils.go:105: \u001b[31m0box-sdk        \u001b[31m[ERROR]  2024/11/16 10:55:36.009098 rollback.go:293: error during getWritemarker{error 26 0  writemarker error response {\"code\":\"invalid_signature\",\"error\":\"invalid_signature: could not verify the allocation owner\"}\n","    utils.go:105: \u001b[31m0box-sdk        \u001b[31m[ERROR]  2024/11/16 10:55:36.009210 rollback.go:293: error during getWritemarker{error 26 0  writemarker error response {\"code\":\"invalid_signature\",\"error\":\"invalid_signature: could not verify the allocation owner\"}\n","    utils.go:105: \u001b[31m0box-sdk        \u001b[31m[ERROR]  2024/11/16 10:55:36.009272 rollback.go:293: error during getWritemarker{error 26 0  writemarker error response {\"code\":\"invalid_signature\",\"error\":\"invalid_signature: could not verify the allocation owner\"}\n","    utils.go:105: \u001b[31m0box-sdk        [DEBUG]  2024/11/16 10:55:36.012206 filemetaworker.go:98: File meta response status: 200 OK\n","    utils.go:105: \u001b[31m0box-sdk        [DEBUG]  2024/11/16 10:55:36.012551 filemetaworker.go:98: File meta response status: 200 OK\n","    utils.go:105: \u001b[31m0box-sdk        [DEBUG]  2024/11/16 10:55:36.012612 filemetaworker.go:98: File meta response status: 200 OK\n","    utils.go:105: \u001b[31m0box-sdk        [DEBUG]  2024/11/16 10:55:36.012914 filemetaworker.go:98: File meta response status: 200 OK\n","    utils.go:105: \u001b[31m0box-sdk        [DEBUG]  2024/11/16 10:55:36.013820 allocation.go:1493: [processReadMarker]{allocation_id 15 0 51bd02983de46f5b0bfb2757db816d5aa95ffa3d6f5b3ab8179ca9126fce8c47 \u003cnil\u003e} {num of download requests 11 1  \u003cnil\u003e} {processDownloadRequest 8 4397782  \u003cnil\u003e}\n","    utils.go:105: \u001b[31m0box-sdk        [INFO]   2024/11/16 10:55:36.013839 allocation.go:489: received a download request for\n","    utils.go:105: \u001b[31m0box-sdk        [INFO]   2024/11/16 10:55:36.013876 downloadworker.go:479: encryption version: 1\n","    utils.go:105: \u001b[31m0box-sdk        [INFO]   2024/11/16 10:55:36.013887 downloadworker.go:978: Encryption public key: 8kWUUbWyWY7TdyTm1EN6oBnnGguN3W7g8tL8SfrI6WI=\n","    utils.go:105: \u001b[31m0 / 10    0.00%0box-sdk        [INFO]   2024/11/16 10:55:36.014439 downloadworker.go:577: Downloading file with size: 10 from start block: 0 and end block: 1. Blocks per blobber: 1 remainingSize: 10 and total requests: 1\n","    utils.go:105: \u001b[31m0box-sdk        \u001b[31m[ERROR]  2024/11/16 10:55:36.020452 blockdownloadworker.go:185: downloadBlobberBlock FAIL - blobberID: 48592ae54bcd3f6e4f36f6e94b95247afb1addcf4704a87967f6e5f25bcb625e, clientID: f63ae119774f4b91a43a8ad6650199184d6420a618a71d18a660bff6326ffc2e, blockNum: 0, retry: 0, response: Invalid Ciphertext in reEncrypt, C4 != H5\n","    utils.go:105: \u001b[31m\u001b[0m\n","    utils.go:105: \u001b[31m0box-sdk        \u001b[31m[ERROR]  2024/11/16 10:55:36.020506 downloadworker.go:311: Unsuccessful download. Error: response_error: Invalid Ciphertext in reEncrypt, C4 != H5\u001b[0m\n","    utils.go:105: \u001b[31m0box-sdk        \u001b[31m[ERROR]  2024/11/16 10:55:36.021048 blockdownloadworker.go:185: downloadBlobberBlock FAIL - blobberID: ff6424d80c49e57b7c2f0621b726f55efc6ca9ce327bdff89ef364adb8278b22, clientID: f63ae119774f4b91a43a8ad6650199184d6420a618a71d18a660bff6326ffc2e, blockNum: 0, retry: 0, response: Invalid Ciphertext in reEncrypt, C4 != H5\n","    utils.go:105: \u001b[31m0box-sdk        \u001b[31m[ERROR]  2024/11/16 10:55:36.021087 downloadworker.go:311: Unsuccessful download. Error: response_error: Invalid Ciphertext in reEncrypt, C4 != H5\u001b[0m\n","    utils.go:105: \u001b[31m0box-sdk        \u001b[31m[ERROR]  2024/11/16 10:55:36.021524 blockdownloadworker.go:185: downloadBlobberBlock FAIL - blobberID: 3812b813bdbba23d548442add2e49d24edd1a178ba0e8daf878599270a2be0ae, clientID: f63ae119774f4b91a43a8ad6650199184d6420a618a71d18a660bff6326ffc2e, blockNum: 0, retry: 0, response: Invalid Ciphertext in reEncrypt, C4 != H5\n","    utils.go:105: \u001b[31m0box-sdk        \u001b[31m[ERROR]  2024/11/16 10:55:36.021566 downloadworker.go:311: Unsuccessful download. Error: response_error: Invalid Ciphertext in reEncrypt, C4 != H5\u001b[0m\n","    utils.go:105: \u001b[31m0box-sdk        \u001b[31m[ERROR]  2024/11/16 10:55:36.022243 blockdownloadworker.go:185: downloadBlobberBlock FAIL - blobberID: 76a781712267e84136f84853040fd95c03c62c9a9444a94b9ce74b5d30d6340d, clientID: f63ae119774f4b91a43a8ad6650199184d6420a618a71d18a660bff6326ffc2e, blockNum: 0, retry: 0, response: Invalid Ciphertext in reEncrypt, C4 != H5\n","    utils.go:105: \u001b[31m0box-sdk        \u001b[31m[ERROR]  2024/11/16 10:55:36.022269 downloadworker.go:311: Unsuccessful download. Error: response_error: Invalid Ciphertext in reEncrypt, C4 != H5\u001b[0m\n","    utils.go:105: \u001b[31m0box-sdk        \u001b[31m[ERROR]  2024/11/16 10:55:36.022296 downloadworker.go:1040: Download failed: Download failed for block 0.\n","    utils.go:105: \u001b[31mdownload_failed: 4 failed blobbers exceeded 0 remaining blobbers. Download errors: Error Unsuccessful download. Error: response_error: Invalid Ciphertext in reEncrypt, C4 != H5 from https://dev-7.devnet-0chain.net/blobber03 Error Unsuccessful download. Error: response_error: Invalid Ciphertext in reEncrypt, C4 != H5 from https://dev-7.devnet-0chain.net/blobber06 Error Unsuccessful download. Error: response_error: Invalid Ciphertext in reEncrypt, C4 != H5 from https://dev-7.devnet-0chain.net/blobber04 Error Unsuccessful download. Error: response_error: Invalid Ciphertext in reEncrypt, C4 != H5 from https://dev-7.devnet-0chain.net/blobber01 remotefilepath: 2422e19d054755468132a1bac944280df1aa674e449ef3f155681ef07b0f84b4\u001b[0m\n","    utils.go:105: \u001b[31m0 / 10    0.00% 0s\n","    utils.go:105: \u001b[31mError in file operation: Download failed for block 0.\n","    utils.go:105: \u001b[31mdownload_failed: 4 failed blobbers exceeded 0 remaining blobbers. Download errors: Error Unsuccessful download. Error: response_error: Invalid Ciphertext in reEncrypt, C4 != H5 from https://dev-7.devnet-0chain.net/blobber03 Error Unsuccessful download. Error: response_error: Invalid Ciphertext in reEncrypt, C4 != H5 from https://dev-7.devnet-0chain.net/blobber06 Error Unsuccessful download. Error: response_error: Invalid Ciphertext in reEncrypt, C4 != H5 from https://dev-7.devnet-0chain.net/blobber04 Error Unsuccessful download. Error: response_error: Invalid Ciphertext in reEncrypt, C4 != H5 from https://dev-7.devnet-0chain.net/blobber01\n","    utils.go:105: \u001b[31m0box-sdk        [DEBUG]  2024/11/16 10:55:36.022440 downloadworker.go:549: Clearing download buffers: 4\n","    assertions.go:363: \n","        \tError Trace:\t/root/actions-runner7/_work/system_test/system_test/tests/cli_tests/zboxcli_file_download_test.go:418\n","        \t            \t\t\t\t/root/actions-runner7/_work/system_test/system_test/internal/api/util/test/system_test_framework.go:150\n","        \t            \t\t\t\t/root/go/src/runtime/asm_amd64.s:1695\n","        \tError:      \tExpected nil, but got: \u0026exec.ExitError{ProcessState:(*os.ProcessState)(0xc000126708), Stderr:[]uint8(nil)}\n","        \tTest:       \tTestDownload/Download_Shared_Encrypted_File_Should_Work\n","        \tMessages:   \t0 / 10    0.00% 0 / 10    0.00% 0s\n","        \t            \tError in file operation: Download failed for block 0.\n","        \t            \tdownload_failed: 4 failed blobbers exceeded 0 remaining blobbers. Download errors: Error Unsuccessful download. Error: response_error: Invalid Ciphertext in reEncrypt, C4 != H5 from https://dev-7.devnet-0chain.net/blobber06 Error Unsuccessful download. Error: response_error: Invalid Ciphertext in reEncrypt, C4 != H5 from https://dev-7.devnet-0chain.net/blobber01 Error Unsuccessful download. Error: response_error: Invalid Ciphertext in reEncrypt, C4 != H5 from https://dev-7.devnet-0chain.net/blobber04 Error Unsuccessful download. Error: response_error: Invalid Ciphertext in reEncrypt, C4 != H5 from https://dev-7.devnet-0chain.net/blobber03\n","    zboxcli_file_download_test.go:365: Test case [Download Shared Encrypted File Should Work] exit at [11-16-2024 10:55:36]\n",""],"Passed":false,"Skipped":false,"TestFileName":"","TestFunctionDetail":{"Line":0,"Col":0}}]},{"FailureIndicator":"","SkippedIndicator":"","TestResults":[{"TestName":"TestDownload/Download_Shared_Encrypted_File_Should_Work/Share_File_from_Another_Wallet","Package":"github.com/0chain/system_test/tests/cli_tests","ElapsedTime":5.31,"Output":["","    zboxcli_file_download_test.go:381: Test case [Share File from Another Wallet] scheduled at [11-16-2024 10:53:38] \n","    zboxcli_file_download_test.go:381: [WARN] Not running test case [Share File from Another Wallet] in parallel as it is a child test. Use t.Unwrap.run() then t.Parallel() if you wish to do this.\n","    system_test_framework.go:149: Test case [Share File from Another Wallet] start at [11-16-2024 10:53:38] \n","2024/11/16 10:53:38 Creating wallet for TestDownload-Download_Shared_Encrypted_File_Should_Work-Share_File_from_Another_Wallet with walletIdx 513\n","File ./config/TestDownload-Download_Shared_Encrypted_File_Should_Work-Share_File_from_Another_Wallet_wallet.json written successfully.\n","    zboxcli_create_allocation_test.go:446: Creating new allocation...\n","    zboxcli_file_upload_test.go:985: Uploading file...\n","    zboxcli_list_file_test.go:620: Sharing file/folder...\n","    zboxcli_file_download_test.go:381: Test case [Share File from Another Wallet] exit at [11-16-2024 10:53:44]\n","--- PASS: TestDownload/Download_Shared_Encrypted_File_Should_Work/Share_File_from_Another_Wallet (5.79s)","","","    zboxcli_file_download_test.go:381: Test case [Share File from Another Wallet] scheduled at [11-16-2024 10:54:45] \n","    zboxcli_file_download_test.go:381: [WARN] Not running test case [Share File from Another Wallet] in parallel as it is a child test. Use t.Unwrap.run() then t.Parallel() if you wish to do this.\n","    system_test_framework.go:149: Test case [Share File from Another Wallet] start at [11-16-2024 10:54:45] \n","2024/11/16 10:54:45 Creating wallet for TestDownload-Download_Shared_Encrypted_File_Should_Work-Share_File_from_Another_Wallet with walletIdx 502\n","File ./config/TestDownload-Download_Shared_Encrypted_File_Should_Work-Share_File_from_Another_Wallet_wallet.json written successfully.\n","    zboxcli_create_allocation_test.go:446: Creating new allocation...\n","    zboxcli_file_upload_test.go:985: Uploading file...\n","    zboxcli_list_file_test.go:620: Sharing file/folder...\n","    zboxcli_file_download_test.go:381: Test case [Share File from Another Wallet] exit at [11-16-2024 10:54:50]\n","--- PASS: TestDownload/Download_Shared_Encrypted_File_Should_Work/Share_File_from_Another_Wallet (5.38s)","","","    zboxcli_file_download_test.go:381: Test case [Share File from Another Wallet] scheduled at [11-16-2024 10:55:11] \n","    zboxcli_file_download_test.go:381: [WARN] Not running test case [Share File from Another Wallet] in parallel as it is a child test. Use t.Unwrap.run() then t.Parallel() if you wish to do this.\n","    system_test_framework.go:149: Test case [Share File from Another Wallet] start at [11-16-2024 10:55:11] \n","2024/11/16 10:55:11 Creating wallet for TestDownload-Download_Shared_Encrypted_File_Should_Work-Share_File_from_Another_Wallet with walletIdx 502\n","File ./config/TestDownload-Download_Shared_Encrypted_File_Should_Work-Share_File_from_Another_Wallet_wallet.json written successfully.\n","    zboxcli_create_allocation_test.go:446: Creating new allocation...\n","    zboxcli_file_upload_test.go:985: Uploading file...\n","    zboxcli_list_file_test.go:620: Sharing file/folder...\n","    zboxcli_file_download_test.go:381: Test case [Share File from Another Wallet] exit at [11-16-2024 10:55:16]\n","--- PASS: TestDownload/Download_Shared_Encrypted_File_Should_Work/Share_File_from_Another_Wallet (5.31s)",""],"Passed":true,"Skipped":false,"TestFileName":"","TestFunctionDetail":{"Line":0,"Col":0}}]},{"FailureIndicator":"","SkippedIndicator":"","TestResults":[{"TestName":"TestDownload/Download_Shared_File_Should_Work","Package":"github.com/0chain/system_test/tests/cli_tests","ElapsedTime":20.81,"Output":["","    zboxcli_file_download_test.go:270: Test case [Download Shared File Should Work] scheduled at [11-16-2024 10:53:38] \n","","","    system_test_framework.go:149: Test case [Download Shared File Should Work] start at [11-16-2024 10:53:59] \n","2024/11/16 10:54:05 Creating wallet for TestDownload-Download_Shared_File_Should_Work with walletIdx 527\n","File ./config/TestDownload-Download_Shared_File_Should_Work_wallet.json written successfully.\n","    utils.go:166: Waiting 15s...\n","    zboxcli_file_download_test.go:1259: Downloading file...\n","    zboxcli_file_download_test.go:1275: Generating checksum for file [tmp/aMhk2mxGRH_test.txt]...\n","    zboxcli_file_download_test.go:270: Test case [Download Shared File Should Work] exit at [11-16-2024 10:54:20]\n","--- PASS: TestDownload/Download_Shared_File_Should_Work (20.81s)",""],"Passed":true,"Skipped":false,"TestFileName":"","TestFunctionDetail":{"Line":0,"Col":0}}]},{"FailureIndicator":"","SkippedIndicator":"","TestResults":[{"TestName":"TestDownload/Download_Shared_File_Should_Work/Share_File_from_Another_Wallet","Package":"github.com/0chain/system_test/tests/cli_tests","ElapsedTime":5.69,"Output":["","    zboxcli_file_download_test.go:277: Test case [Share File from Another Wallet] scheduled at [11-16-2024 10:53:59] \n","    zboxcli_file_download_test.go:277: [WARN] Not running test case [Share File from Another Wallet] in parallel as it is a child test. Use t.Unwrap.run() then t.Parallel() if you wish to do this.\n","    system_test_framework.go:149: Test case [Share File from Another Wallet] start at [11-16-2024 10:53:59] \n","2024/11/16 10:53:59 Creating wallet for TestDownload-Download_Shared_File_Should_Work-Share_File_from_Another_Wallet with walletIdx 520\n","File ./config/TestDownload-Download_Shared_File_Should_Work-Share_File_from_Another_Wallet_wallet.json written successfully.\n","    zboxcli_create_allocation_test.go:446: Creating new allocation...\n","    zboxcli_file_upload_test.go:1027: Uploading file /tmp/aMhk2mxGRH_test.txt to allocation c73844b76a170359221809c46dd2f0416c795908d7da43d6bb6f4e47449717d2 with remotepath /aMhk2mxGRH_test.txt\n","    zboxcli_file_upload_test.go:985: Uploading file...\n","    zboxcli_file_download_test.go:1275: Generating checksum for file [/tmp/aMhk2mxGRH_test.txt]...\n","    zboxcli_list_file_test.go:620: Sharing file/folder...\n","    zboxcli_file_download_test.go:277: Test case [Share File from Another Wallet] exit at [11-16-2024 10:54:05]\n","--- PASS: TestDownload/Download_Shared_File_Should_Work/Share_File_from_Another_Wallet (5.69s)",""],"Passed":true,"Skipped":false,"TestFileName":"","TestFunctionDetail":{"Line":0,"Col":0}}]},{"FailureIndicator":"","SkippedIndicator":"","TestResults":[{"TestName":"TestDownload/Download_Shared_File_by_Paying_Should_Work","Package":"github.com/0chain/system_test/tests/cli_tests","ElapsedTime":20.47,"Output":["","    zboxcli_file_download_test.go:602: Test case [Download Shared File by Paying Should Work] scheduled at [11-16-2024 10:53:38] \n","","","    system_test_framework.go:149: Test case [Download Shared File by Paying Should Work] start at [11-16-2024 10:53:59] \n","2024/11/16 10:54:04 Creating wallet for ./zbox_config.yaml with walletIdx 526\n","File ./config/./zbox_config.yaml_wallet.json written successfully.\n","    utils.go:166: Waiting 15s...\n","    zboxcli_file_download_test.go:1259: Downloading file...\n","    zboxcli_file_download_test.go:602: Test case [Download Shared File by Paying Should Work] exit at [11-16-2024 10:54:19]\n","--- PASS: TestDownload/Download_Shared_File_by_Paying_Should_Work (20.47s)",""],"Passed":true,"Skipped":false,"TestFileName":"","TestFunctionDetail":{"Line":0,"Col":0}}]},{"FailureIndicator":"","SkippedIndicator":"","TestResults":[{"TestName":"TestDownload/Download_Shared_File_by_Paying_Should_Work/Share_File_from_Another_Wallet","Package":"github.com/0chain/system_test/tests/cli_tests","ElapsedTime":5.37,"Output":["","    zboxcli_file_download_test.go:609: Test case [Share File from Another Wallet] scheduled at [11-16-2024 10:53:59] \n","    zboxcli_file_download_test.go:609: [WARN] Not running test case [Share File from Another Wallet] in parallel as it is a child test. Use t.Unwrap.run() then t.Parallel() if you wish to do this.\n","    system_test_framework.go:149: Test case [Share File from Another Wallet] start at [11-16-2024 10:53:59] \n","2024/11/16 10:53:59 Creating wallet for TestDownload-Download_Shared_File_by_Paying_Should_Work-Share_File_from_Another_Wallet with walletIdx 517\n","File ./config/TestDownload-Download_Shared_File_by_Paying_Should_Work-Share_File_from_Another_Wallet_wallet.json written successfully.\n","    zboxcli_create_allocation_test.go:446: Creating new allocation...\n","    zboxcli_file_upload_test.go:1027: Uploading file /tmp/hBNWYSJpcz_test.txt to allocation b2efbce4abb99e4f5541c8426fe31776379519c20568ead5a57ff970ff8fd49d with remotepath /hBNWYSJpcz_test.txt\n","    zboxcli_file_upload_test.go:985: Uploading file...\n","    zboxcli_list_file_test.go:620: Sharing file/folder...\n","    zboxcli_file_download_test.go:609: Test case [Share File from Another Wallet] exit at [11-16-2024 10:54:04]\n","--- PASS: TestDownload/Download_Shared_File_by_Paying_Should_Work/Share_File_from_Another_Wallet (5.37s)",""],"Passed":true,"Skipped":false,"TestFileName":"","TestFunctionDetail":{"Line":0,"Col":0}}]},{"FailureIndicator":"","SkippedIndicator":"skipped","TestResults":[{"TestName":"TestDownload/Download_Shared_File_without_Paying_Should_Not_Work","Package":"github.com/0chain/system_test/tests/cli_tests","ElapsedTime":0,"Output":["","    zboxcli_file_download_test.go:553: Test case [Download Shared File without Paying Should Not Work] scheduled at [11-16-2024 10:53:38] \n","","","    system_test_framework.go:149: Test case [Download Shared File without Paying Should Not Work] start at [11-16-2024 10:54:19] \n","    zboxcli_file_download_test.go:554: \n","    zboxcli_file_download_test.go:553: Test case [Download Shared File without Paying Should Not Work] exit at [11-16-2024 10:54:19]\n","--- SKIP: TestDownload/Download_Shared_File_without_Paying_Should_Not_Work (0.00s)\n",""],"Passed":false,"Skipped":true,"TestFileName":"","TestFunctionDetail":{"Line":0,"Col":0}}]},{"FailureIndicator":"","SkippedIndicator":"","TestResults":[{"TestName":"TestDownload/Download_from_Allocation_without_other_Parameter_Should_Fail","Package":"github.com/0chain/system_test/tests/cli_tests","ElapsedTime":20.56,"Output":["","    zboxcli_file_download_test.go:1188: Test case [Download from Allocation without other Parameter Should Fail] scheduled at [11-16-2024 10:53:38] \n","","","File ./config/TestDownload-Download_File_With_blockspermarker_Flag_Should_Work_wallet.json written successfully.\n","    system_test_framework.go:149: Test case [Download from Allocation without other Parameter Should Fail] start at [11-16-2024 10:53:38] \n","File ./config/TestDownload-Download_File_With_Only_startblock_Should_Work_wallet.json written successfully.\n","    zboxcli_create_allocation_test.go:446: Creating new allocation...\n","File ./config/TestDownload-Download_File_from_Non-Existent_Allocation_Should_Fail_wallet.json written successfully.\n","    utils.go:166: Waiting 15s...\n","    zboxcli_file_download_test.go:1259: Downloading file...\n","    zboxcli_file_download_test.go:1188: Test case [Download from Allocation without other Parameter Should Fail] exit at [11-16-2024 10:53:59]\n","--- PASS: TestDownload/Download_from_Allocation_without_other_Parameter_Should_Fail (20.56s)",""],"Passed":true,"Skipped":false,"TestFileName":"","TestFunctionDetail":{"Line":0,"Col":0}}]},{"FailureIndicator":"","SkippedIndicator":"","TestResults":[{"TestName":"TestDownload/Download_to_Non-Existent_Path_Should_Work","Package":"github.com/0chain/system_test/tests/cli_tests","ElapsedTime":20.78,"Output":["","    zboxcli_file_download_test.go:736: Test case [Download to Non-Existent Path Should Work] scheduled at [11-16-2024 10:53:38] \n","","","    system_test_framework.go:149: Test case [Download to Non-Existent Path Should Work] start at [11-16-2024 10:53:59] \n","2024/11/16 10:53:59 Creating wallet for TestDownload-Download_to_Non-Existent_Path_Should_Work with walletIdx 519\n","File ./config/TestDownload-Download_to_Non-Existent_Path_Should_Work_wallet.json written successfully.\n","    zboxcli_create_allocation_test.go:446: Creating new allocation...\n","    zboxcli_file_upload_test.go:1027: Uploading file /tmp/gzlECA0Ugf_test.txt to allocation 1457274c953c0017a6b26f708f33d73f561606dc9b8bb63972d4000469659e85 with remotepath /gzlECA0Ugf_test.txt\n","    zboxcli_file_upload_test.go:985: Uploading file...\n","    zboxcli_file_download_test.go:1275: Generating checksum for file [/tmp/gzlECA0Ugf_test.txt]...\n","    utils.go:166: Waiting 15s...\n","    zboxcli_file_download_test.go:1259: Downloading file...\n","    zboxcli_file_download_test.go:1275: Generating checksum for file [tmp/tmp2/gzlECA0Ugf_test.txt]...\n","    zboxcli_file_download_test.go:736: Test case [Download to Non-Existent Path Should Work] exit at [11-16-2024 10:54:20]\n","--- PASS: TestDownload/Download_to_Non-Existent_Path_Should_Work (20.78s)",""],"Passed":true,"Skipped":false,"TestFileName":"","TestFunctionDetail":{"Line":0,"Col":0}}]},{"FailureIndicator":"","SkippedIndicator":"","TestResults":[{"TestName":"TestDownload/Download_with_endblock_less_than_startblock_should_fail","Package":"github.com/0chain/system_test/tests/cli_tests","ElapsedTime":20.49,"Output":["","    zboxcli_file_download_test.go:980: Test case [Download with endblock less than startblock should fail] scheduled at [11-16-2024 10:53:38] \n","","","    system_test_framework.go:149: Test case [Download with endblock less than startblock should fail] start at [11-16-2024 10:54:04] \n","2024/11/16 10:54:04 Creating wallet for TestDownload-Download_with_endblock_less_than_startblock_should_fail with walletIdx 525\n","File ./config/TestDownload-Download_with_endblock_less_than_startblock_should_fail_wallet.json written successfully.\n","    zboxcli_create_allocation_test.go:446: Creating new allocation...\n","    zboxcli_file_upload_test.go:1027: Uploading file /tmp/hlM-Lyo2YS_test.txt to allocation 91698b90e4eb67a1b13d7c8e396d70b3a7a6023535616bc6a32d4877f93907bc with remotepath /hlM-Lyo2YS_test.txt\n","    zboxcli_file_upload_test.go:985: Uploading file...\n","    utils.go:166: Waiting 15s...\n","    zboxcli_file_download_test.go:1259: Downloading file...\n","    zboxcli_file_download_test.go:980: Test case [Download with endblock less than startblock should fail] exit at [11-16-2024 10:54:24]\n","--- PASS: TestDownload/Download_with_endblock_less_than_startblock_should_fail (20.49s)",""],"Passed":true,"Skipped":false,"TestFileName":"","TestFunctionDetail":{"Line":0,"Col":0}}]},{"FailureIndicator":"","SkippedIndicator":"","TestResults":[{"TestName":"TestDownload/Download_with_negative_endblock_should_fail","Package":"github.com/0chain/system_test/tests/cli_tests","ElapsedTime":20.33,"Output":["","    zboxcli_file_download_test.go:1043: Test case [Download with negative endblock should fail] scheduled at [11-16-2024 10:53:38] \n","","","    system_test_framework.go:149: Test case [Download with negative endblock should fail] start at [11-16-2024 10:54:19] \n","2024/11/16 10:54:19 Creating wallet for TestDownload-Download_with_negative_endblock_should_fail with walletIdx 531\n","File ./config/TestDownload-Download_with_negative_endblock_should_fail_wallet.json written successfully.\n","    zboxcli_create_allocation_test.go:446: Creating new allocation...\n","    zboxcli_file_upload_test.go:1027: Uploading file /tmp/wQrRVGltkl_test.txt to allocation be6510bd9a762165e927e3d822bcfb93d6ca427ba41b8a0986263956603b59d8 with remotepath /wQrRVGltkl_test.txt\n","    zboxcli_file_upload_test.go:985: Uploading file...\n","    utils.go:166: Waiting 15s...\n","    zboxcli_file_download_test.go:1259: Downloading file...\n","    zboxcli_file_download_test.go:1043: Test case [Download with negative endblock should fail] exit at [11-16-2024 10:54:39]\n","--- PASS: TestDownload/Download_with_negative_endblock_should_fail (20.33s)",""],"Passed":true,"Skipped":false,"TestFileName":"","TestFunctionDetail":{"Line":0,"Col":0}}]},{"FailureIndicator":"","SkippedIndicator":"","TestResults":[{"TestName":"TestDownload/Download_with_negative_startblock_should_fail","Package":"github.com/0chain/system_test/tests/cli_tests","ElapsedTime":24.57,"Output":["","    zboxcli_file_download_test.go:1013: Test case [Download with negative startblock should fail] scheduled at [11-16-2024 10:53:38] \n","","","    system_test_framework.go:149: Test case [Download with negative startblock should fail] start at [11-16-2024 10:54:09] \n","2024/11/16 10:54:09 Creating wallet for TestDownload-Download_with_negative_startblock_should_fail with walletIdx 529\n","File ./config/TestDownload-Download_with_negative_startblock_should_fail_wallet.json written successfully.\n","    zboxcli_create_allocation_test.go:446: Creating new allocation...\n","    zboxcli_file_upload_test.go:1027: Uploading file /tmp/UEpxYWPUpx_test.txt to allocation 48019220380f3c1c8f7a2f3e4c50485d17e347357b9e7c30c9658b8791971e6f with remotepath /UEpxYWPUpx_test.txt\n","    zboxcli_file_upload_test.go:985: Uploading file...\n","    utils.go:166: Waiting 15s...\n","    zboxcli_file_download_test.go:1259: Downloading file...\n","    utils.go:82: \u001b[33mCommand failed on attempt [1/3] due to error [exit status 1]. Output: [Error: start block should not be less than 1 -\u003cNEWLINE\u003e- Error in file operation: start block or end block or both cannot be negative.]\n","    utils.go:82: \u001b[33mCommand failed on attempt [2/3] due to error [exit status 1]. Output: [Error: start block should not be less than 1 -\u003cNEWLINE\u003e- Error in file operation: start block or end block or both cannot be negative.]\n","    utils.go:98: \u001b[31mCommand failed on final attempt [3/3] due to error [exit status 1]. Command String: [] Output: [Error: start block should not be less than 1 -\u003cNEWLINE\u003e- Error in file operation: start block or end block or both cannot be negative.]\n","    utils.go:101: \u001b[31mThe verbose output for the command is:\n","    utils.go:105: \u001b[31m0chain-core-sdk [INFO]   2024/11/16 10:54:34.313201 wallet_base.go:192: ******* Wallet SDK Version:v1.17.11-269-g7fd90660 ******* (SetLogFile)\n","    utils.go:105: \u001b[31m0box-sdk        [INFO]   2024/11/16 10:54:34.313284 sdk.go:95: ******* Storage SDK Version: v1.17.11-269-g7fd90660 *******\n","    utils.go:105: \u001b[31mError: start block should not be less than 1\n","    utils.go:105: \u001b[31m0box-sdk        [INFO]   2024/11/16 10:54:34.337446 allocation.go:469: Owner signing public key already exists: 47a14d1b4b1c4396fd2148e85b569e737318e9fd8fae75bce1bc48a1e10b8b3d generated: 47a14d1b4b1c4396fd2148e85b569e737318e9fd8fae75bce1bc48a1e10b8b3d\n","    utils.go:105: \u001b[31m0box-sdk        \u001b[31m[ERROR]  2024/11/16 10:54:34.344186 downloadworker.go:1040: Download failed: start block or end block or both cannot be negative. remotefilepath: /UEpxYWPUpx_test.txt\u001b[0m\n","    utils.go:105: \u001b[31mError in file operation: start block or end block or both cannot be negative.\n","    zboxcli_file_download_test.go:1013: Test case [Download with negative startblock should fail] exit at [11-16-2024 10:54:34]\n","--- PASS: TestDownload/Download_with_negative_startblock_should_fail (24.57s)",""],"Passed":true,"Skipped":false,"TestFileName":"","TestFunctionDetail":{"Line":0,"Col":0}}]},{"FailureIndicator":"","SkippedIndicator":"","TestResults":[{"TestName":"TestDownload/Download_without_any_Parameter_Should_Fail","Package":"github.com/0chain/system_test/tests/cli_tests","ElapsedTime":15.04,"Output":["","    zboxcli_file_download_test.go:1178: Test case [Download without any Parameter Should Fail] scheduled at [11-16-2024 10:53:38] \n","","","    system_test_framework.go:149: Test case [Download without any Parameter Should Fail] start at [11-16-2024 10:53:38] \n","    utils.go:166: Waiting 15s...\n","    zboxcli_file_download_test.go:1259: Downloading file...\n","    zboxcli_file_download_test.go:1178: Test case [Download without any Parameter Should Fail] exit at [11-16-2024 10:53:53]\n","--- PASS: TestDownload/Download_without_any_Parameter_Should_Fail (15.04s)",""],"Passed":true,"Skipped":false,"TestFileName":"","TestFunctionDetail":{"Line":0,"Col":0}}]}]

    const report = window.GoTestReport({
                                         data: data,
                                         testResultsElem: document.getElementById('testResults'),
                                         testGroupListElem: document.getElementById('testGroupList')
                                       });


</script>
</body>
</html>
