<!DOCTYPE html>
<html lang="en">
<head>
    <meta charset="UTF-8">
    <title>Subset of 0Chain System test suite [two-commit-testing/4fd9668e] ran against [dev-6.devnet-0chain.net] at [2023-04-29_21.24.48]</title>
    <style type="text/css">
        body {
            font-family: sans-serif;
            background-color: #f3f3f3;
            border-top: 2px #dee6e8 solid;
            margin: 0;
        }

        div.pageHeader span.projectTitle {
            font-family: serif;
            font-size: 2em;
            padding-left: 56px;
            padding-top: 80px;
            display: block;
            color: #a5a5a5;
            text-shadow: 0 -1px 1px white;
        }

        div.pageHeader div.testStats {
            position: absolute;
            top: 7px;
            right: 52px;
            font-size: 0.8em;
            color: #a2a2a2;
        }

        div.pageHeader div.testStats span.indicator {
            font-size: 2em;
            position: relative;
            top: 5px;
            text-shadow: 0 1px 0 white;
        }

        div.pageHeader div.testStats span strong {
            margin-right: 16px;
        }

        div.pageHeader div.testStats span.total {
            border-right: 1px #afafaf dotted;
            background: #8298af;
        }

        div.pageHeader div.testStats span.passed {
            border-right: 1px #afafaf dotted;
            background: #6fca83;
        }

        div.pageHeader div.testStats span.skipped {
            background: #bababa;
        }

        div.pageHeader div.testStats span.failed {
            background: #ff7676;
        }

        div.pageHeader div.testStats span {
            margin-right: 1px;
            height: 55px;
            padding: 20px 8px 18px;
            color: white;
        }

        div.pageHeader .testGroupsTitle {
            margin: 16px 32px 8px 40px;
            font-size: 0.9em;
            color: darkgrey;
            display: inline-block;
        }

        div.pageHeader .testExecutionDate {
            display: inline-block;
            position: absolute;
            right: 10px;
            margin: 14px 32px 8px 40px;
            color: #9e9e9e;
            font-size: 0.9em;
        }

        .testReportContainer {
            padding: 0 32px 32px 32px;
        }

        .cardContainer {
            padding: 16px 16px 16px;
            box-shadow: 0 4px 4px #d4d4d4;
            background-color: white;
        }

        #testResults {
            display: flex;
            flex-wrap: wrap;
        }

        .testResultGroup {
            width: 24px;
            height: 24px;
            background-color: #43c143;
            margin-left: 1px;
            margin-bottom: 1px;
            box-sizing: border-box;
        }

        .testResultGroup.selected {
            border: 1px white solid;
            background-color: black !important;
        }

        .testResultGroup.skipped {
            border: 2px gray solid;
        }

        .testResultGroup.failed {
            background-color: red;
        }

        .cardContainer.testGroupList,
        .cardContainer.testDetail {
            margin-top: 16px;
            padding: 16px;
        }

        .cardContainer.testGroupList {
            color: #9c9c9c;
            padding: 0;
        }

        .cardContainer.testGroupList .testGroupRow {
            cursor: default;
            border-bottom: 1px #dadada dotted;
        }

        .cardContainer.testGroupList .testGroupRow span.testStatus {
            font-size: 1.2em;
            font-weight: bold;
            color: #139e13;
            pointer-events: none;
            display: inline-block;
            overflow: hidden;
            float: left;
            padding-top: 10px;
            padding-left: 20px;
            padding-right: 12px;
        }

        .cardContainer.testGroupList .testGroupRow span.testStatus.skipped {
            color: gray;
        }

        .cardContainer.testGroupList .testGroupRow span.testStatus.failed {
            color: red;
        }

        .cardContainer.testGroupList .testGroupRow span.testTitle {
            font-size: 0.9em;
            padding: 12px 0 10px;
            display: inline-block;
            pointer-events: none;
            color: #525252;
            text-overflow: ellipsis;
            overflow: hidden;
            width: calc(100% - 110px);
        }

        .cardContainer.testGroupList .testGroupRow span.testDuration {
            pointer-events: none;
        }

        .cardContainer.testGroupList .testGroupRow {
            position: relative;
            border-left: 4px #43c143 solid;
        }

        .cardContainer.testGroupList .testGroupRow.skipped {
            color: gray;
            border-left: 4px gray solid;
        }

        .cardContainer.testGroupList .testGroupRow.failed {
            color: red;
            border-left: 4px red solid;
        }

        .cardContainer.testGroupList .testGroupRow:hover {
            background-color: #fffaea;
            transition: 0.250s;
        }

        .cardContainer .testOutput {
            padding: 8px 16px 24px 16px;
        }

        .cardContainer .console {
            display: block;
            font-family: monospace;
            padding: 10px;
            background-color: #424242;
            color: #1aff00;
            border-bottom: 1px #1aff00 dotted;
            overflow: auto;
            font-size: 1.1em;
        }

        .cardContainer .testOutput .testDetail {
            border-bottom: 1px #d0d0d0 solid;
            padding: 16px;
            background-color: #e6e6e6;
            border-radius: 0 0 4px 4px;
            color: dimgrey;
            font-size: 0.8em;
        }

        .cardContainer .console.skipped{
            color: #d9d9d9;
        }

        .cardContainer .console.failed {
            color: #ffb2b2;
        }

        .cardContainer .testDuration {
            position: absolute;
            top: 5px;
            right: 8px;
            text-align: right;
            padding-right: 8px;
            box-sizing: border-box;
        }
    </style>
</head>
<body>
<div class="pageHeader">
    <span class="projectTitle">Subset of 0Chain System test suite [two-commit-testing/4fd9668e] ran against [dev-6.devnet-0chain.net] at [2023-04-29_21.24.48]</span>
    <div class="testStats">
        <span class="total"><span class="indicator">&boxbox;</span> Total: <strong>16</strong>Duration: <strong>1ms</strong>
        </span><span class="passed"><span class="indicator">&check;</span> Passed: <strong>16</strong>
        </span><span class="skipped"><span class="indicator">&dash;</span> Skipped: <strong>0</strong>
        </span><span class="failed"><span class="indicator">&cross;</span> Failed: <strong>0</strong>
        </span>
    </div>
    <span class="testGroupsTitle">Test Groups:</span>
    <span class="testExecutionDate">April 29, 2023 21:26:55</span>
</div>
<div class="testReportContainer">
    <div class="cardContainer">
        <div id="testResults">
            
                <div class="testResultGroup  " id="0"></div>
            
                <div class="testResultGroup  " id="1"></div>
            
                <div class="testResultGroup  " id="2"></div>
            
                <div class="testResultGroup  " id="3"></div>
            
                <div class="testResultGroup  " id="4"></div>
            
                <div class="testResultGroup  " id="5"></div>
            
                <div class="testResultGroup  " id="6"></div>
            
                <div class="testResultGroup  " id="7"></div>
            
                <div class="testResultGroup  " id="8"></div>
            
                <div class="testResultGroup  " id="9"></div>
            
                <div class="testResultGroup  " id="10"></div>
            
                <div class="testResultGroup  " id="11"></div>
            
                <div class="testResultGroup  " id="12"></div>
            
                <div class="testResultGroup  " id="13"></div>
            
                <div class="testResultGroup  " id="14"></div>
            
                <div class="testResultGroup  " id="15"></div>
            
        </div>
    </div>
    <div class="cardContainer testGroupList" id="testGroupList"></div>
</div>
<script type="application/javascript">
    /**
 * @typedef TestStatus
 * @property {string} TestName
 * @property {string} Package
 * @property {number} ElapsedTime
 * @property {Array.<string>} Output
 * @property {boolean} Passed
 * @property {boolean} Skipped
 */
class TestStatus {}

/**
 * @typedef TestGroupData
 * @type {object}
 * @property {string} FailureIndicator
 * @property {string} SkippedIndicator
 * @property {Array.<TestStatus>}
 */
class TestGroupData {}

/**
 * @typedef TestResults
 * @type {Array.<TestGroupData>}
 */
class TestResults extends Array {}

/**
 * @typedef SelectedItems
 * @property {HTMLElement|EventTarget} testResults
 * @property {String} selectedTestGroupColor
 */
class SelectedItems {}

/**
 * @typedef GoTestReportElements
 * @property {TestResults} data
 * @property {HTMLElement} testResultsElem
 * @property {HTMLElement} testGroupListElem
 */
class GoTestReportElements {}


/**
 * Main entry point for GoTestReport.
 * @param {GoTestReportElements} elements
 * @returns {{testResultsClickHandler: testResultsClickHandler}}
 * @constructor
 */
window.GoTestReport = function (elements) {
  const /**@type {SelectedItems}*/ selectedItems = {
    testResults: null,
    selectedTestGroupColor: null
  }

  function addEventData(event) {
    if (event.data == null) {
      event.data = {target: event.target}
    }
    return event
  }


  const goTestReport = {
    /**
     * Invoked when a user clicks on one of the test group div elements.
     * @param {HTMLElement} target The element associated with the test group.
     * @param {boolean} shiftKey If pressed, all of test detail associated to the test group is shown.
     * @param {TestResults} data
     * @param {SelectedItems} selectedItems
     * @param {function(target: Element, data: TestResults)} testGroupListHandler
     */
    testResultsClickHandler: function (target,
                                       shiftKey,
                                       data,
                                       selectedItems,
                                       testGroupListHandler) {

      if (target.classList.contains('testResultGroup') === false) {
        return
      }
      if (selectedItems.testResults != null) {
        let testResultsElement = /**@type {HTMLElement}*/ selectedItems.testResults
        testResultsElement.classList.remove("selected")
        testResultsElement.style.backgroundColor = selectedItems.selectedTestGroupColor
      }
      const testGroupId = /**@type {number}*/ target.id
      if ((target.id === undefined)
        || (data[testGroupId] === undefined)
        || (data[testGroupId]['TestResults'] === undefined)) {
        return
      }
      const testResults = /**@type {TestResults}*/ data[testGroupId]['TestResults']
      let testGroupList = /**@type {string}*/ ''
      selectedItems.selectedTestGroupColor = getComputedStyle(target).getPropertyValue('background-color')
      selectedItems.testResults = target
      target.classList.add("selected")
      for (let i = 0; i < testResults.length; i++) {
        const testResult = /**@type {TestGroupData}*/ testResults[i]
        const testPassed = /**@type {boolean}*/ testResult.Passed
        const testSkipped = /**@type {boolean}*/ testResult.Skipped
        const testPassedStatus = /**@type {string}*/ (testPassed) ? '' : (testSkipped ? 'skipped' : 'failed')
        const testId = /**@type {string}*/ target.attributes['id'].value
        testGroupList += `<div class="testGroupRow ${testPassedStatus}" data-groupid="${testId}" data-index="${i}">
        <span class="testStatus ${testPassedStatus}">${(testPassed) ? '&check' : (testSkipped ? '&dash' : '&cross')};</span>
        <span class="testTitle">${testResult.TestName}</span>
        <span class="testDuration"><span>${testResult.ElapsedTime}s </span>‚è±</span>
      </div>`
      }
      const testGroupListElem = elements.testGroupListElem
      testGroupListElem.innerHTML = ''
      testGroupListElem.innerHTML = testGroupList

      if (shiftKey) {
        testGroupListElem.querySelectorAll('.testGroupRow')
                         .forEach((elem) => testGroupListHandler(elem, data))
      } else if (testResults.length === 1) {
        testGroupListHandler(testGroupListElem.querySelector('.testGroupRow'), data)
      }
    },

    /**
     *
     * @param {Element} target
     * @param {TestResults} data
     */
    testGroupListHandler: function (target, data) {
      const attribs = target['attributes']
      if (attribs.hasOwnProperty('data-groupid')) {
        const groupId = /**@type {number}*/ attribs['data-groupid'].value
        const testIndex = /**@type {number}*/ attribs['data-index'].value
        const testStatus = /**@type {TestStatus}*/ data[groupId]['TestResults'][testIndex]
        const testOutputDiv = /**@type {HTMLDivElement}*/ target.querySelector('div.testOutput')

        if (testOutputDiv == null) {
          const testOutputDiv = document.createElement('div')
          testOutputDiv.classList.add('testOutput')
          const consolePre = document.createElement('pre')
          consolePre.classList.add('console')
          const testDetailDiv = document.createElement('div')
          testDetailDiv.classList.add('testDetail')
          const packageNameDiv = document.createElement('div')
          packageNameDiv.classList.add('package')
          packageNameDiv.innerHTML = `<strong>Package:</strong> ${testStatus.Package}`
          const testFileNameDiv = document.createElement('div')
          testFileNameDiv.classList.add('filename')
          if (testStatus.TestFileName.trim() === "") {
            testFileNameDiv.innerHTML = `<strong>Filename:</strong> n/a &nbsp;&nbsp;`
          } else {
            testFileNameDiv.innerHTML = `<strong>Filename:</strong> ${testStatus.TestFileName} &nbsp;&nbsp;`
            testFileNameDiv.innerHTML += `<strong>Line:</strong> ${testStatus.TestFunctionDetail.Line} `
            testFileNameDiv.innerHTML += `<strong>Col:</strong> ${testStatus.TestFunctionDetail.Col}`
          }
          testDetailDiv.insertAdjacentElement('beforeend', packageNameDiv)
          testDetailDiv.insertAdjacentElement('beforeend', testFileNameDiv)
          testOutputDiv.insertAdjacentElement('afterbegin', consolePre)
          testOutputDiv.insertAdjacentElement('beforeend', testDetailDiv)
          target.insertAdjacentElement('beforeend', testOutputDiv)

          if (testStatus.Passed) {
            consolePre.classList.remove('skipped')
            consolePre.classList.remove('failed')
          } else if (testStatus.Skipped) {
            consolePre.classList.add('skipped')
            consolePre.classList.remove('failed')
          } else {
            consolePre.classList.remove('skipped')
            consolePre.classList.add('failed')
          }
          consolePre.textContent = testStatus.Output.join('')
        } else {
          testOutputDiv.remove()
        }
      }
    }
  }

  //+------------------------+
  //|    setup DOM events    |
  //+------------------------+
  elements.testResultsElem
          .addEventListener('click', event =>
            goTestReport.testResultsClickHandler(/**@type {HTMLElement}*/ addEventData(event).data.target,
                                                 event.shiftKey,
                                                 elements.data,
                                                 selectedItems,
                                                 goTestReport.testGroupListHandler))

  elements.testGroupListElem
          .addEventListener('click', event =>
            goTestReport.testGroupListHandler(/**@type {Element}*/ event.target,
                                              elements.data))

  return goTestReport
}


    

    const data = [{"FailureIndicator":"","SkippedIndicator":"","TestResults":[{"TestName":"TestCreateDir","Package":"github.com/0chain/system_test/tests/cli_tests","ElapsedTime":0,"Output":["","","","","","","","--- PASS: TestCreateDir (0.00s)",""],"Passed":true,"Skipped":false,"TestFileName":"zboxcli_create_dir_test.go","TestFunctionDetail":{"Line":16,"Col":1}}]},{"FailureIndicator":"","SkippedIndicator":"","TestResults":[{"TestName":"TestCreateDir/create_attempt_with_101-char_dirname","Package":"github.com/0chain/system_test/tests/cli_tests","ElapsedTime":16.66,"Output":["","    zboxcli_create_dir_test.go:97: Test case [create attempt with 101-char dirname] scheduled at [04-29-2023 21:26:15] \n","","","    system_test_framework.go:92: Test case [create attempt with 101-char dirname] start at [04-29-2023 21:26:15] \n","    zwalletcli_register_wallet_test.go:122: creating wallet...\n","    zboxcli_update_allocation_test.go:1004: Executing faucet...\n","    zwalletcli_register_wallet_test.go:139: faucet output: [No wallet in path  config/TestCreateDir-create_attempt_with_101-char_dirname_wallet.json found. Creating wallet... ZCN wallet created!! Execute faucet smart contract success with txn :  002fc4f7d0228f8e2f99c7e8c03d4535d06a677dc42b6b71bdc09d8ab3486322]\n","    zboxcli_update_allocation_test.go:1004: Executing faucet...\n","    zboxcli_create_allocation_test.go:440: Creating new allocation...\n","    utils.go:138: Waiting 5s...\n","    zboxcli_create_dir_test.go:330: Listing all...\n","    zboxcli_create_dir_test.go:97: Test case [create attempt with 101-char dirname] exit at [04-29-2023 21:26:32]\n","--- PASS: TestCreateDir/create_attempt_with_101-char_dirname (16.66s)",""],"Passed":true,"Skipped":false,"TestFileName":"","TestFunctionDetail":{"Line":0,"Col":0}}]},{"FailureIndicator":"","SkippedIndicator":"","TestResults":[{"TestName":"TestCreateDir/create_attempt_with_empty_allocation","Package":"github.com/0chain/system_test/tests/cli_tests","ElapsedTime":6.22,"Output":["","    zboxcli_create_dir_test.go:258: Test case [create attempt with empty allocation] scheduled at [04-29-2023 21:26:15] \n","","","    system_test_framework.go:92: Test case [create attempt with empty allocation] start at [04-29-2023 21:26:15] \n","    zwalletcli_register_wallet_test.go:122: creating wallet...\n","    zboxcli_update_allocation_test.go:1004: Executing faucet...\n","    zwalletcli_register_wallet_test.go:139: faucet output: [No wallet in path  config/TestCreateDir-create_attempt_with_empty_allocation_wallet.json found. Creating wallet... ZCN wallet created!! Execute faucet smart contract success with txn :  af8aeb0937beb1ac92aa0c54c9a7e29bead4e429149107e7449fb72f7ddbb6d0]\n","    zboxcli_update_allocation_test.go:1004: Executing faucet...\n","    zboxcli_create_dir_test.go:258: Test case [create attempt with empty allocation] exit at [04-29-2023 21:26:21]\n","--- PASS: TestCreateDir/create_attempt_with_empty_allocation (6.22s)",""],"Passed":true,"Skipped":false,"TestFileName":"","TestFunctionDetail":{"Line":0,"Col":0}}]},{"FailureIndicator":"","SkippedIndicator":"","TestResults":[{"TestName":"TestCreateDir/create_attempt_with_empty_dirname_param","Package":"github.com/0chain/system_test/tests/cli_tests","ElapsedTime":11.28,"Output":["","    zboxcli_create_dir_test.go:232: Test case [create attempt with empty dirname param] scheduled at [04-29-2023 21:26:15] \n","","","    system_test_framework.go:92: Test case [create attempt with empty dirname param] start at [04-29-2023 21:26:21] \n","    zwalletcli_register_wallet_test.go:122: creating wallet...\n","    zboxcli_update_allocation_test.go:1004: Executing faucet...\n","    zwalletcli_register_wallet_test.go:139: faucet output: [No wallet in path  config/TestCreateDir-create_attempt_with_empty_dirname_param_wallet.json found. Creating wallet... ZCN wallet created!! Execute faucet smart contract success with txn :  362410a85bc04f4eff3a6d68aeb7ec346069fa4f0ddb3cfe34e54043e555a72e]\n","    zboxcli_update_allocation_test.go:1004: Executing faucet...\n","    zboxcli_create_allocation_test.go:440: Creating new allocation...\n","    zboxcli_create_dir_test.go:232: Test case [create attempt with empty dirname param] exit at [04-29-2023 21:26:32]\n","--- PASS: TestCreateDir/create_attempt_with_empty_dirname_param (11.28s)",""],"Passed":true,"Skipped":false,"TestFileName":"","TestFunctionDetail":{"Line":0,"Col":0}}]},{"FailureIndicator":"","SkippedIndicator":"","TestResults":[{"TestName":"TestCreateDir/create_attempt_with_invalid_allocation","Package":"github.com/0chain/system_test/tests/cli_tests","ElapsedTime":6.21,"Output":["","    zboxcli_create_dir_test.go:274: Test case [create attempt with invalid allocation] scheduled at [04-29-2023 21:26:15] \n","","","    system_test_framework.go:92: Test case [create attempt with invalid allocation] start at [04-29-2023 21:26:15] \n","    zwalletcli_register_wallet_test.go:122: creating wallet...\n","    zboxcli_update_allocation_test.go:1004: Executing faucet...\n","    zwalletcli_register_wallet_test.go:139: faucet output: [No wallet in path  config/TestCreateDir-create_attempt_with_invalid_allocation_wallet.json found. Creating wallet... ZCN wallet created!! Execute faucet smart contract success with txn :  63815c9fee893d183f4cf138e4cba9051d829c5ed1ee8e652441f88bdc27f0b6]\n","    zboxcli_update_allocation_test.go:1004: Executing faucet...\n","    zboxcli_create_dir_test.go:274: Test case [create attempt with invalid allocation] exit at [04-29-2023 21:26:21]\n","--- PASS: TestCreateDir/create_attempt_with_invalid_allocation (6.21s)",""],"Passed":true,"Skipped":false,"TestFileName":"","TestFunctionDetail":{"Line":0,"Col":0}}]},{"FailureIndicator":"","SkippedIndicator":"","TestResults":[{"TestName":"TestCreateDir/create_attempt_with_missing_allocation","Package":"github.com/0chain/system_test/tests/cli_tests","ElapsedTime":6.21,"Output":["","    zboxcli_create_dir_test.go:243: Test case [create attempt with missing allocation] scheduled at [04-29-2023 21:26:15] \n","","","    system_test_framework.go:92: Test case [create attempt with missing allocation] start at [04-29-2023 21:26:15] \n","    zwalletcli_register_wallet_test.go:122: creating wallet...\n","    zboxcli_update_allocation_test.go:1004: Executing faucet...\n","    zwalletcli_register_wallet_test.go:139: faucet output: [No wallet in path  config/TestCreateDir-create_attempt_with_missing_allocation_wallet.json found. Creating wallet... ZCN wallet created!! Execute faucet smart contract success with txn :  87d8caf7fac66c52c98a2f5da9ae1186bbbb3a52c9e1a56385c60aedb0bb20b4]\n","    zboxcli_update_allocation_test.go:1004: Executing faucet...\n","    zboxcli_create_dir_test.go:243: Test case [create attempt with missing allocation] exit at [04-29-2023 21:26:21]\n","--- PASS: TestCreateDir/create_attempt_with_missing_allocation (6.21s)",""],"Passed":true,"Skipped":false,"TestFileName":"","TestFunctionDetail":{"Line":0,"Col":0}}]},{"FailureIndicator":"","SkippedIndicator":"","TestResults":[{"TestName":"TestCreateDir/create_attempt_with_missing_dirname_param","Package":"github.com/0chain/system_test/tests/cli_tests","ElapsedTime":11.28,"Output":["","    zboxcli_create_dir_test.go:221: Test case [create attempt with missing dirname param] scheduled at [04-29-2023 21:26:15] \n","","","    system_test_framework.go:92: Test case [create attempt with missing dirname param] start at [04-29-2023 21:26:21] \n","    zwalletcli_register_wallet_test.go:122: creating wallet...\n","    zboxcli_update_allocation_test.go:1004: Executing faucet...\n","    zwalletcli_register_wallet_test.go:139: faucet output: [No wallet in path  config/TestCreateDir-create_attempt_with_missing_dirname_param_wallet.json found. Creating wallet... ZCN wallet created!! Execute faucet smart contract success with txn :  494d6330d4a3b18a36b3c89ccff6b1275cedd443bc40e82bfc5ed47fb59da9ff]\n","    zboxcli_update_allocation_test.go:1004: Executing faucet...\n","    zboxcli_create_allocation_test.go:440: Creating new allocation...\n","    zboxcli_create_dir_test.go:221: Test case [create attempt with missing dirname param] exit at [04-29-2023 21:26:32]\n","--- PASS: TestCreateDir/create_attempt_with_missing_dirname_param (11.28s)",""],"Passed":true,"Skipped":false,"TestFileName":"","TestFunctionDetail":{"Line":0,"Col":0}}]},{"FailureIndicator":"","SkippedIndicator":"","TestResults":[{"TestName":"TestCreateDir/create_attempt_with_someone_else's_allocation","Package":"github.com/0chain/system_test/tests/cli_tests","ElapsedTime":14.5,"Output":["","    zboxcli_create_dir_test.go:288: Test case [create attempt with someone else's allocation] scheduled at [04-29-2023 21:26:15] \n","","","    system_test_framework.go:92: Test case [create attempt with someone else's allocation] start at [04-29-2023 21:26:15] \n","    zwalletcli_register_wallet_test.go:122: creating wallet...\n","    zboxcli_update_allocation_test.go:1004: Executing faucet...\n","    zwalletcli_register_wallet_test.go:139: faucet output: [No wallet in path  config/TestCreateDir-create_attempt_with_someone_else's_allocation_wallet.json found. Creating wallet... ZCN wallet created!! Execute faucet smart contract success with txn :  5b789c22716cd0d003d1ee7305a82176ab506007234c013def65b0a7ad8931b4]\n","    zboxcli_update_allocation_test.go:1004: Executing faucet...\n","    zboxcli_create_allocation_test.go:440: Creating new allocation...\n","    zwalletcli_register_wallet_test.go:122: creating wallet...\n","    zboxcli_update_allocation_test.go:1004: Executing faucet...\n","    zwalletcli_register_wallet_test.go:139: faucet output: [No wallet in path  config/TestCreateDir-create_attempt_with_someone_else's_allocation_NON_OWNER_wallet.json found. Creating wallet... ZCN wallet created!! Execute faucet smart contract success with txn :  31450610373157d6384720aa7407fdf4a6966445d80e415f6220158e696d14d2]\n","    zboxcli_create_dir_test.go:288: Test case [create attempt with someone else's allocation] exit at [04-29-2023 21:26:29]\n","--- PASS: TestCreateDir/create_attempt_with_someone_else's_allocation (14.50s)",""],"Passed":true,"Skipped":false,"TestFileName":"","TestFunctionDetail":{"Line":0,"Col":0}}]},{"FailureIndicator":"","SkippedIndicator":"","TestResults":[{"TestName":"TestCreateDir/create_dir_with_existing_dirname_should_work","Package":"github.com/0chain/system_test/tests/cli_tests","ElapsedTime":15.8,"Output":["","    zboxcli_create_dir_test.go:124: Test case [create dir with existing dirname should work] scheduled at [04-29-2023 21:26:15] \n","","","    system_test_framework.go:92: Test case [create dir with existing dirname should work] start at [04-29-2023 21:26:15] \n","    zwalletcli_register_wallet_test.go:122: creating wallet...\n","    zboxcli_update_allocation_test.go:1004: Executing faucet...\n","    zwalletcli_register_wallet_test.go:139: faucet output: [No wallet in path  config/TestCreateDir-create_dir_with_existing_dirname_should_work_wallet.json found. Creating wallet... ZCN wallet created!! Execute faucet smart contract success with txn :  75eb6bd3023d2e47e507d7ff55072c8110056f4e3a2cd2fc9a9c9105cace068b]\n","    zboxcli_update_allocation_test.go:1004: Executing faucet...\n","    zboxcli_create_allocation_test.go:440: Creating new allocation...\n","    utils.go:67: \u001b[33mCommand failed on attempt [1/3] due to error [exit status 1]. Output: [CreateDir failed:  consensus_not_met: directory creation failed due consensus not met]\n","    utils.go:67: \u001b[33mCommand failed on attempt [2/3] due to error [exit status 1]. Output: [CreateDir failed:  consensus_not_met: directory creation failed due consensus not met]\n","    utils.go:63: \u001b[32mCommand passed on retry [3/3]. Output: [/existingdir directory created]\n","    zboxcli_create_dir_test.go:124: Test case [create dir with existing dirname should work] exit at [04-29-2023 21:26:31]\n","--- PASS: TestCreateDir/create_dir_with_existing_dirname_should_work (15.80s)",""],"Passed":true,"Skipped":false,"TestFileName":"","TestFunctionDetail":{"Line":0,"Col":0}}]},{"FailureIndicator":"","SkippedIndicator":"","TestResults":[{"TestName":"TestCreateDir/create_dir_with_no_leading_slash_should_not_work","Package":"github.com/0chain/system_test/tests/cli_tests","ElapsedTime":11.28,"Output":["","    zboxcli_create_dir_test.go:139: Test case [create dir with no leading slash should not work] scheduled at [04-29-2023 21:26:15] \n","","","    system_test_framework.go:92: Test case [create dir with no leading slash should not work] start at [04-29-2023 21:26:15] \n","    zwalletcli_register_wallet_test.go:122: creating wallet...\n","    zboxcli_update_allocation_test.go:1004: Executing faucet...\n","    zwalletcli_register_wallet_test.go:139: faucet output: [No wallet in path  config/TestCreateDir-create_dir_with_no_leading_slash_should_not_work_wallet.json found. Creating wallet... ZCN wallet created!! Execute faucet smart contract success with txn :  41ca7365bb41bbc78a4fa0a02d7150481fc8af84e4200dfe58a8d1c5f39548ec]\n","    zboxcli_update_allocation_test.go:1004: Executing faucet...\n","    zboxcli_create_allocation_test.go:440: Creating new allocation...\n","    zboxcli_create_dir_test.go:139: Test case [create dir with no leading slash should not work] exit at [04-29-2023 21:26:26]\n","--- PASS: TestCreateDir/create_dir_with_no_leading_slash_should_not_work (11.28s)",""],"Passed":true,"Skipped":false,"TestFileName":"","TestFunctionDetail":{"Line":0,"Col":0}}]},{"FailureIndicator":"","SkippedIndicator":"","TestResults":[{"TestName":"TestCreateDir/create_nested_dir","Package":"github.com/0chain/system_test/tests/cli_tests","ElapsedTime":20.89,"Output":["","    zboxcli_create_dir_test.go:43: Test case [create nested dir] scheduled at [04-29-2023 21:26:15] \n","","","    system_test_framework.go:92: Test case [create nested dir] start at [04-29-2023 21:26:15] \n","    zwalletcli_register_wallet_test.go:122: creating wallet...\n","    zboxcli_update_allocation_test.go:1004: Executing faucet...\n","    zwalletcli_register_wallet_test.go:139: faucet output: [No wallet in path  config/TestCreateDir-create_nested_dir_wallet.json found. Creating wallet... ZCN wallet created!! Execute faucet smart contract success with txn :  7c9fb10ac60449615ce6141bb83a04510980662f83d4a6ea481b524935ab2db0]\n","    zboxcli_update_allocation_test.go:1004: Executing faucet...\n","    zboxcli_create_allocation_test.go:440: Creating new allocation...\n","    utils.go:67: \u001b[33mCommand failed on attempt [1/3] due to error [exit status 1]. Output: [CreateDir failed:  consensus_not_met: directory creation failed due consensus not met]\n","    utils.go:67: \u001b[33mCommand failed on attempt [2/3] due to error [exit status 1]. Output: [CreateDir failed:  consensus_not_met: directory creation failed due consensus not met]\n","    utils.go:63: \u001b[32mCommand passed on retry [3/3]. Output: [/parent directory created]\n","    utils.go:138: Waiting 5s...\n","    zboxcli_create_dir_test.go:330: Listing all...\n","    zboxcli_create_dir_test.go:43: Test case [create nested dir] exit at [04-29-2023 21:26:36]\n","--- PASS: TestCreateDir/create_nested_dir (20.89s)",""],"Passed":true,"Skipped":false,"TestFileName":"","TestFunctionDetail":{"Line":0,"Col":0}}]},{"FailureIndicator":"","SkippedIndicator":"","TestResults":[{"TestName":"TestCreateDir/create_root_dir","Package":"github.com/0chain/system_test/tests/cli_tests","ElapsedTime":16.42,"Output":["","    zboxcli_create_dir_test.go:21: Test case [create root dir] scheduled at [04-29-2023 21:26:15] \n","","","    system_test_framework.go:92: Test case [create root dir] start at [04-29-2023 21:26:15] \n","    zwalletcli_register_wallet_test.go:122: creating wallet...\n","    zboxcli_update_allocation_test.go:1004: Executing faucet...\n","    zwalletcli_register_wallet_test.go:139: faucet output: [No wallet in path  config/TestCreateDir-create_root_dir_wallet.json found. Creating wallet... ZCN wallet created!! Execute faucet smart contract success with txn :  8d5a13fc95a05f0f78e884468b327ae12d396d0e030a91fbbff95913758386a1]\n","    zboxcli_update_allocation_test.go:1004: Executing faucet...\n","    zboxcli_create_allocation_test.go:440: Creating new allocation...\n","    utils.go:67: \u001b[33mCommand failed on attempt [1/3] due to error [exit status 1]. Output: [CreateDir failed:  consensus_not_met: directory creation failed due consensus not met]\n","    utils.go:67: \u001b[33mCommand failed on attempt [2/3] due to error [exit status 1]. Output: [CreateDir failed:  consensus_not_met: directory creation failed due consensus not met]\n","    utils.go:70: \u001b[31mCommand failed on final attempt [3/3] due to error [exit status 1]. Command String: [./zbox createdir --silent --wallet TestCreateDir-create_root_dir_wallet.json --configDir ./config --config ./zbox_config.yaml --allocation \"70e42722cff42d3d948c40a365b9479f4e567e779e3ad4167bc24658c2245b9a\" --dirname \"/rootdir\"] Output: [CreateDir failed:  consensus_not_met: directory creation failed due consensus not met]\n","    utils.go:73: \u001b[31mThe verbose output for the command is:\n","    utils.go:77: \u001b[31m0chain-core-sdk [INFO]   2023/04/29 21:26:31.068149 wallet_base.go:310: ******* Wallet SDK Version:v1.8.13-45-g29b9769 ******* (SetLogFile)\n","    utils.go:77: \u001b[31m0box-sdk        [INFO]   2023/04/29 21:26:31.068189 sdk.go:78: ******* Storage SDK Version: v1.8.13-45-g29b9769 *******\n","    utils.go:77: \u001b[31m0chain-core-sdk [INFO]   2023/04/29 21:26:31.083797 transaction_base.go:139: ******* Wallet SDK Version:v1.8.13-45-g29b9769 ******* (InitZCNSDK)\n","    utils.go:77: \u001b[31m0box-sdk        [DEBUG]  2023/04/29 21:26:31.090705 networkworker.go:105: Get network result:{\"miners\":[\"https://dev-6.devnet-0chain.net/miner01\",\"https://dev-6.devnet-0chain.net/miner03\",\"https://dev-6.devnet-0chain.net/miner02\"],\"sharders\":[\"https://dev-6.devnet-0chain.net/sharder02\",\"https://dev-6.devnet-0chain.net/sharder01\"]}\n","    utils.go:77: \u001b[31m0box-sdk        [INFO]   2023/04/29 21:26:31.117929 dirworker.go:44: Start creating dir for blobbers\n","    utils.go:77: \u001b[31m0box-sdk        \u001b[31m[ERROR]  2023/04/29 21:26:31.128715 dirworker.go:223: https://dev-6.devnet-0chain.net/blobber03 Response: {\"code\":\"directory_exists\",\"error\":\"directory_exists: Directory already exists`\"}\n","    utils.go:77: \u001b[31m\u001b[0m\n","    utils.go:77: \u001b[31m0box-sdk        \u001b[31m[ERROR]  2023/04/29 21:26:31.129918 dirworker.go:223: https://dev-6.devnet-0chain.net/blobber01 Response: {\"code\":\"directory_exists\",\"error\":\"directory_exists: Directory already exists`\"}\n","    utils.go:77: \u001b[31m0box-sdk        [INFO]   2023/04/29 21:26:31.130130 dirworker.go:196: Successfully created directory /rootdir\n","    utils.go:77: \u001b[31m0box-sdk        [INFO]   2023/04/29 21:26:31.131403 dirworker.go:196: Successfully created directory /rootdir\n","    utils.go:77: \u001b[31m0box-sdk        [INFO]   2023/04/29 21:26:31.140135 writemarker_mutex.go:309: https://dev-6.devnet-0chain.net/blobber04RcVxy5ATTh5tSGMPXtWPLX locked\n","    utils.go:77: \u001b[31m0box-sdk        [INFO]   2023/04/29 21:26:31.141904 writemarker_mutex.go:309: https://dev-6.devnet-0chain.net/blobber06RcVxy5ATTh5tSGMPXtWPLX locked\n","    utils.go:77: \u001b[31m0box-sdk        [INFO]   2023/04/29 21:26:31.142039 commitworker.go:93: received a commit request\n","    utils.go:77: \u001b[31m0box-sdk        [INFO]   2023/04/29 21:26:31.142047 commitworker.go:93: received a commit request\n","    utils.go:77: \u001b[31m0box-sdk        [INFO]   2023/04/29 21:26:31.145537 commitworker.go:229: Committing to blobber.https://dev-6.devnet-0chain.net/blobber06\n","    utils.go:77: \u001b[31m0box-sdk        [INFO]   2023/04/29 21:26:31.145864 commitworker.go:229: Committing to blobber.https://dev-6.devnet-0chain.net/blobber04\n","    utils.go:77: \u001b[31m0box-sdk        \u001b[31m[ERROR]  2023/04/29 21:26:31.148781 commitworker.go:239: Commit response: 400\u001b[0m\n","    utils.go:77: \u001b[31m0box-sdk        \u001b[31m[ERROR]  2023/04/29 21:26:31.148813 commitworker.go:248: https://dev-6.devnet-0chain.net/blobber06 Commit response:{\"error\":\"write_marker_verification_failed: Verification of write marker failed: write_marker_validation_failed: Duplicate write marker. Validation failed\"}\n","    utils.go:77: \u001b[31m0box-sdk        \u001b[31m[ERROR]  2023/04/29 21:26:31.149008 commitworker.go:239: Commit response: 400\u001b[0m\n","    utils.go:77: \u001b[31m0box-sdk        \u001b[31m[ERROR]  2023/04/29 21:26:31.149025 commitworker.go:248: https://dev-6.devnet-0chain.net/blobber04 Commit response:{\"error\":\"write_marker_verification_failed: Verification of write marker failed: write_marker_validation_failed: Duplicate write marker. Validation failed\"}\n","    utils.go:77: \u001b[31m0box-sdk        [INFO]   2023/04/29 21:26:31.149037 dirworker.go:134: Commit failedhttps://dev-6.devnet-0chain.net/blobber04commit_error: {\"error\":\"write_marker_verification_failed: Verification of write marker failed: write_marker_validation_failed: Duplicate write marker. Validation failed\"}\n","    utils.go:77: \u001b[31m0box-sdk        [INFO]   2023/04/29 21:26:31.149043 dirworker.go:134: Commit failedhttps://dev-6.devnet-0chain.net/blobber06commit_error: {\"error\":\"write_marker_verification_failed: Verification of write marker failed: write_marker_validation_failed: Duplicate write marker. Validation failed\"}\n","    utils.go:77: \u001b[31m0box-sdk        [INFO]   2023/04/29 21:26:31.150722 writemarker_mutex.go:122: https://dev-6.devnet-0chain.net/blobber06RcVxy5ATTh5tSGMPXtWPLX unlocked\n","    utils.go:77: \u001b[31m0box-sdk        [INFO]   2023/04/29 21:26:31.150744 writemarker_mutex.go:122: https://dev-6.devnet-0chain.net/blobber04RcVxy5ATTh5tSGMPXtWPLX unlocked\n","    utils.go:77: \u001b[31mCreateDir failed:  consensus_not_met: directory creation failed due consensus not met\n","    assertions.go:264: \n","        \tError Trace:\t/root/actions-runner6/_work/system_test/system_test/tests/cli_tests/zboxcli_create_dir_test.go:26\n","        \t            \t\t\t\t/root/actions-runner6/_work/system_test/system_test/tests/cli_tests/system_test_framework.go:93\n","        \t            \t\t\t\t/root/actions-runner6/_work/system_test/system_test/tests/cli_tests/asm_amd64.s:1598\n","        \tError:      \tExpected nil, but got: \u0026exec.ExitError{ProcessState:(*os.ProcessState)(0xc0006a04c8), Stderr:[]uint8(nil)}\n","        \tTest:       \tTestCreateDir/create_root_dir\n","        \tMessages:   \tUnexpected create dir failure CreateDir failed:  consensus_not_met: directory creation failed due consensus not met\n","    zboxcli_create_dir_test.go:21: Test case [create root dir] exit at [04-29-2023 21:26:31]\n","","","    zboxcli_create_dir_test.go:21: Test case [create root dir] scheduled at [04-29-2023 21:26:38] \n","","","    system_test_framework.go:92: Test case [create root dir] start at [04-29-2023 21:26:38] \n","    zwalletcli_register_wallet_test.go:122: creating wallet...\n","    zboxcli_update_allocation_test.go:1004: Executing faucet...\n","    zwalletcli_register_wallet_test.go:139: faucet output: [No wallet in path  config/TestCreateDir-create_root_dir_wallet.json found. Creating wallet... ZCN wallet created!! Execute faucet smart contract success with txn :  1921cda0fa292788e55d9004b2b40acc734acd886e843136b1e590a2db9f144c]\n","    zboxcli_update_allocation_test.go:1004: Executing faucet...\n","    zboxcli_create_allocation_test.go:440: Creating new allocation...\n","    utils.go:138: Waiting 5s...\n","    zboxcli_create_dir_test.go:330: Listing all...\n","    zboxcli_create_dir_test.go:21: Test case [create root dir] exit at [04-29-2023 21:26:55]\n","--- PASS: TestCreateDir/create_root_dir (16.42s)",""],"Passed":true,"Skipped":false,"TestFileName":"","TestFunctionDetail":{"Line":0,"Col":0}}]},{"FailureIndicator":"","SkippedIndicator":"","TestResults":[{"TestName":"TestCreateDir/create_with_100-char_dir","Package":"github.com/0chain/system_test/tests/cli_tests","ElapsedTime":18.65,"Output":["","    zboxcli_create_dir_test.go:71: Test case [create with 100-char dir] scheduled at [04-29-2023 21:26:15] \n","","","    system_test_framework.go:92: Test case [create with 100-char dir] start at [04-29-2023 21:26:15] \n","    zwalletcli_register_wallet_test.go:122: creating wallet...\n","    zboxcli_update_allocation_test.go:1004: Executing faucet...\n","    zwalletcli_register_wallet_test.go:139: faucet output: [No wallet in path  config/TestCreateDir-create_with_100-char_dir_wallet.json found. Creating wallet... ZCN wallet created!! Execute faucet smart contract success with txn :  b01b406921460b1ccc04ad5919a0222f3df584b63c6be7dc3f65ab94d22974e8]\n","    zboxcli_update_allocation_test.go:1004: Executing faucet...\n","    zboxcli_create_allocation_test.go:440: Creating new allocation...\n","    utils.go:67: \u001b[33mCommand failed on attempt [1/3] due to error [exit status 1]. Output: [CreateDir failed:  consensus_not_met: directory creation failed due consensus not met]\n","    utils.go:63: \u001b[32mCommand passed on retry [2/3]. Output: [/aaaaaaaaaaaaaaaaaaaaaaaaaaaaaaaaaaaaaaaaaaaaaaaaaaaaaaaaaaaaaaaaaaaaaaaaaaaaaaaaaaaaaaaaaaaaaaaaaaa directory created]\n","    utils.go:138: Waiting 5s...\n","    zboxcli_create_dir_test.go:330: Listing all...\n","    zboxcli_create_dir_test.go:71: Test case [create with 100-char dir] exit at [04-29-2023 21:26:33]\n","--- PASS: TestCreateDir/create_with_100-char_dir (18.65s)",""],"Passed":true,"Skipped":false,"TestFileName":"","TestFunctionDetail":{"Line":0,"Col":0}}]},{"FailureIndicator":"","SkippedIndicator":"","TestResults":[{"TestName":"TestCreateDir/create_with_dir_containing_special_characters","Package":"github.com/0chain/system_test/tests/cli_tests","ElapsedTime":16.41,"Output":["","    zboxcli_create_dir_test.go:199: Test case [create with dir containing special characters] scheduled at [04-29-2023 21:26:15] \n","","","    system_test_framework.go:92: Test case [create with dir containing special characters] start at [04-29-2023 21:26:21] \n","    zwalletcli_register_wallet_test.go:122: creating wallet...\n","    zboxcli_update_allocation_test.go:1004: Executing faucet...\n","    zwalletcli_register_wallet_test.go:139: faucet output: [No wallet in path  config/TestCreateDir-create_with_dir_containing_special_characters_wallet.json found. Creating wallet... ZCN wallet created!! Execute faucet smart contract success with txn :  268200b6fb6265262f5aaab77209c0b4df7c3181f2c3e82a279bbc3204bda4e1]\n","    zboxcli_update_allocation_test.go:1004: Executing faucet...\n","    zboxcli_create_allocation_test.go:440: Creating new allocation...\n","    utils.go:138: Waiting 5s...\n","    zboxcli_create_dir_test.go:330: Listing all...\n","    zboxcli_create_dir_test.go:199: Test case [create with dir containing special characters] exit at [04-29-2023 21:26:37]\n","--- PASS: TestCreateDir/create_with_dir_containing_special_characters (16.41s)",""],"Passed":true,"Skipped":false,"TestFileName":"","TestFunctionDetail":{"Line":0,"Col":0}}]},{"FailureIndicator":"","SkippedIndicator":"","TestResults":[{"TestName":"TestCreateDir/create_with_existing_dir_but_different_case","Package":"github.com/0chain/system_test/tests/cli_tests","ElapsedTime":16.67,"Output":["","    zboxcli_create_dir_test.go:149: Test case [create with existing dir but different case] scheduled at [04-29-2023 21:26:15] \n","","","    system_test_framework.go:92: Test case [create with existing dir but different case] start at [04-29-2023 21:26:15] \n","    zwalletcli_register_wallet_test.go:122: creating wallet...\n","    zboxcli_update_allocation_test.go:1004: Executing faucet...\n","    zwalletcli_register_wallet_test.go:139: faucet output: [No wallet in path  config/TestCreateDir-create_with_existing_dir_but_different_case_wallet.json found. Creating wallet... ZCN wallet created!! Execute faucet smart contract success with txn :  e880ffdea4646fdfadd095ab65104a3234cc9937259413b95920a239778f32f1]\n","    zboxcli_update_allocation_test.go:1004: Executing faucet...\n","    zboxcli_create_allocation_test.go:440: Creating new allocation...\n","    utils.go:138: Waiting 5s...\n","    zboxcli_create_dir_test.go:330: Listing all...\n","    zboxcli_create_dir_test.go:149: Test case [create with existing dir but different case] exit at [04-29-2023 21:26:32]\n","--- PASS: TestCreateDir/create_with_existing_dir_but_different_case (16.67s)",""],"Passed":true,"Skipped":false,"TestFileName":"","TestFunctionDetail":{"Line":0,"Col":0}}]},{"FailureIndicator":"","SkippedIndicator":"","TestResults":[{"TestName":"TestCreateDir/create_with_non-existent_parent_dir","Package":"github.com/0chain/system_test/tests/cli_tests","ElapsedTime":16.59,"Output":["","    zboxcli_create_dir_test.go:177: Test case [create with non-existent parent dir] scheduled at [04-29-2023 21:26:15] \n","","","    system_test_framework.go:92: Test case [create with non-existent parent dir] start at [04-29-2023 21:26:15] \n","    zwalletcli_register_wallet_test.go:122: creating wallet...\n","    zboxcli_update_allocation_test.go:1004: Executing faucet...\n","    zwalletcli_register_wallet_test.go:139: faucet output: [No wallet in path  config/TestCreateDir-create_with_non-existent_parent_dir_wallet.json found. Creating wallet... ZCN wallet created!! Execute faucet smart contract success with txn :  704f4d7373d98276b6e8f40ba9a0570616f6e82111646ac8e473f45aebd9c1b5]\n","    zboxcli_update_allocation_test.go:1004: Executing faucet...\n","    zboxcli_create_allocation_test.go:440: Creating new allocation...\n","    utils.go:138: Waiting 5s...\n","    zboxcli_create_dir_test.go:330: Listing all...\n","    zboxcli_create_dir_test.go:177: Test case [create with non-existent parent dir] exit at [04-29-2023 21:26:31]\n","--- PASS: TestCreateDir/create_with_non-existent_parent_dir (16.59s)",""],"Passed":true,"Skipped":false,"TestFileName":"","TestFunctionDetail":{"Line":0,"Col":0}}]}]

    const report = window.GoTestReport({
                                         data: data,
                                         testResultsElem: document.getElementById('testResults'),
                                         testGroupListElem: document.getElementById('testGroupList')
                                       });


</script>
</body>
</html>
