<!DOCTYPE html>
<html lang="en">
<head>
    <meta charset="UTF-8">
    <title>Subset of 0Chain System test suite [file-copy/283b7ac4] ran against [dev-5.devnet-0chain.net] at [2022-11-18_22.47.38]</title>
    <style type="text/css">
        body {
            font-family: sans-serif;
            background-color: #f3f3f3;
            border-top: 2px #dee6e8 solid;
            margin: 0;
        }

        div.pageHeader span.projectTitle {
            font-family: serif;
            font-size: 2em;
            padding-left: 56px;
            padding-top: 80px;
            display: block;
            color: #a5a5a5;
            text-shadow: 0 -1px 1px white;
        }

        div.pageHeader div.testStats {
            position: absolute;
            top: 7px;
            right: 52px;
            font-size: 0.8em;
            color: #a2a2a2;
        }

        div.pageHeader div.testStats span.indicator {
            font-size: 2em;
            position: relative;
            top: 5px;
            text-shadow: 0 1px 0 white;
        }

        div.pageHeader div.testStats span strong {
            margin-right: 16px;
        }

        div.pageHeader div.testStats span.total {
            border-right: 1px #afafaf dotted;
            background: #8298af;
        }

        div.pageHeader div.testStats span.passed {
            border-right: 1px #afafaf dotted;
            background: #6fca83;
        }

        div.pageHeader div.testStats span.skipped {
            background: #bababa;
        }

        div.pageHeader div.testStats span.failed {
            background: #ff7676;
        }

        div.pageHeader div.testStats span {
            margin-right: 1px;
            height: 55px;
            padding: 20px 8px 18px;
            color: white;
        }

        div.pageHeader .testGroupsTitle {
            margin: 16px 32px 8px 40px;
            font-size: 0.9em;
            color: darkgrey;
            display: inline-block;
        }

        div.pageHeader .testExecutionDate {
            display: inline-block;
            position: absolute;
            right: 10px;
            margin: 14px 32px 8px 40px;
            color: #9e9e9e;
            font-size: 0.9em;
        }

        .testReportContainer {
            padding: 0 32px 32px 32px;
        }

        .cardContainer {
            padding: 16px 16px 16px;
            box-shadow: 0 4px 4px #d4d4d4;
            background-color: white;
        }

        #testResults {
            display: flex;
            flex-wrap: wrap;
        }

        .testResultGroup {
            width: 24px;
            height: 24px;
            background-color: #43c143;
            margin-left: 1px;
            margin-bottom: 1px;
            box-sizing: border-box;
        }

        .testResultGroup.selected {
            border: 1px white solid;
            background-color: black !important;
        }

        .testResultGroup.skipped {
            border: 2px gray solid;
        }

        .testResultGroup.failed {
            background-color: red;
        }

        .cardContainer.testGroupList,
        .cardContainer.testDetail {
            margin-top: 16px;
            padding: 16px;
        }

        .cardContainer.testGroupList {
            color: #9c9c9c;
            padding: 0;
        }

        .cardContainer.testGroupList .testGroupRow {
            cursor: default;
            border-bottom: 1px #dadada dotted;
        }

        .cardContainer.testGroupList .testGroupRow span.testStatus {
            font-size: 1.2em;
            font-weight: bold;
            color: #139e13;
            pointer-events: none;
            display: inline-block;
            overflow: hidden;
            float: left;
            padding-top: 10px;
            padding-left: 20px;
            padding-right: 12px;
        }

        .cardContainer.testGroupList .testGroupRow span.testStatus.skipped {
            color: gray;
        }

        .cardContainer.testGroupList .testGroupRow span.testStatus.failed {
            color: red;
        }

        .cardContainer.testGroupList .testGroupRow span.testTitle {
            font-size: 0.9em;
            padding: 12px 0 10px;
            display: inline-block;
            pointer-events: none;
            color: #525252;
            text-overflow: ellipsis;
            overflow: hidden;
            width: calc(100% - 110px);
        }

        .cardContainer.testGroupList .testGroupRow span.testDuration {
            pointer-events: none;
        }

        .cardContainer.testGroupList .testGroupRow {
            position: relative;
            border-left: 4px #43c143 solid;
        }

        .cardContainer.testGroupList .testGroupRow.skipped {
            color: gray;
            border-left: 4px gray solid;
        }

        .cardContainer.testGroupList .testGroupRow.failed {
            color: red;
            border-left: 4px red solid;
        }

        .cardContainer.testGroupList .testGroupRow:hover {
            background-color: #fffaea;
            transition: 0.250s;
        }

        .cardContainer .testOutput {
            padding: 8px 16px 24px 16px;
        }

        .cardContainer .console {
            display: block;
            font-family: monospace;
            padding: 10px;
            background-color: #424242;
            color: #1aff00;
            border-bottom: 1px #1aff00 dotted;
            overflow: auto;
            font-size: 1.1em;
        }

        .cardContainer .testOutput .testDetail {
            border-bottom: 1px #d0d0d0 solid;
            padding: 16px;
            background-color: #e6e6e6;
            border-radius: 0 0 4px 4px;
            color: dimgrey;
            font-size: 0.8em;
        }

        .cardContainer .console.skipped{
            color: #d9d9d9;
        }

        .cardContainer .console.failed {
            color: #ffb2b2;
        }

        .cardContainer .testDuration {
            position: absolute;
            top: 5px;
            right: 8px;
            text-align: right;
            padding-right: 8px;
            box-sizing: border-box;
        }
    </style>
</head>
<body>
<div class="pageHeader">
    <span class="projectTitle">Subset of 0Chain System test suite [file-copy/283b7ac4] ran against [dev-5.devnet-0chain.net] at [2022-11-18_22.47.38]</span>
    <div class="testStats">
        <span class="total"><span class="indicator">&boxbox;</span> Total: <strong>11</strong>Duration: <strong>3ms</strong>
        </span><span class="passed"><span class="indicator">&check;</span> Passed: <strong>7</strong>
        </span><span class="skipped"><span class="indicator">&dash;</span> Skipped: <strong>0</strong>
        </span><span class="failed"><span class="indicator">&cross;</span> Failed: <strong>4</strong>
        </span>
    </div>
    <span class="testGroupsTitle">Test Groups:</span>
    <span class="testExecutionDate">November 18, 2022 22:51:18</span>
</div>
<div class="testReportContainer">
    <div class="cardContainer">
        <div id="testResults">
            
                <div class="testResultGroup  " id="0"></div>
            
                <div class="testResultGroup  " id="1"></div>
            
                <div class="testResultGroup failed " id="2"></div>
            
                <div class="testResultGroup failed " id="3"></div>
            
                <div class="testResultGroup  " id="4"></div>
            
                <div class="testResultGroup  " id="5"></div>
            
                <div class="testResultGroup failed " id="6"></div>
            
                <div class="testResultGroup  " id="7"></div>
            
                <div class="testResultGroup  " id="8"></div>
            
                <div class="testResultGroup  " id="9"></div>
            
                <div class="testResultGroup failed " id="10"></div>
            
        </div>
    </div>
    <div class="cardContainer testGroupList" id="testGroupList"></div>
</div>
<script type="application/javascript">
    /**
 * @typedef TestStatus
 * @property {string} TestName
 * @property {string} Package
 * @property {number} ElapsedTime
 * @property {Array.<string>} Output
 * @property {boolean} Passed
 * @property {boolean} Skipped
 */
class TestStatus {}

/**
 * @typedef TestGroupData
 * @type {object}
 * @property {string} FailureIndicator
 * @property {string} SkippedIndicator
 * @property {Array.<TestStatus>}
 */
class TestGroupData {}

/**
 * @typedef TestResults
 * @type {Array.<TestGroupData>}
 */
class TestResults extends Array {}

/**
 * @typedef SelectedItems
 * @property {HTMLElement|EventTarget} testResults
 * @property {String} selectedTestGroupColor
 */
class SelectedItems {}

/**
 * @typedef GoTestReportElements
 * @property {TestResults} data
 * @property {HTMLElement} testResultsElem
 * @property {HTMLElement} testGroupListElem
 */
class GoTestReportElements {}


/**
 * Main entry point for GoTestReport.
 * @param {GoTestReportElements} elements
 * @returns {{testResultsClickHandler: testResultsClickHandler}}
 * @constructor
 */
window.GoTestReport = function (elements) {
  const /**@type {SelectedItems}*/ selectedItems = {
    testResults: null,
    selectedTestGroupColor: null
  }

  function addEventData(event) {
    if (event.data == null) {
      event.data = {target: event.target}
    }
    return event
  }


  const goTestReport = {
    /**
     * Invoked when a user clicks on one of the test group div elements.
     * @param {HTMLElement} target The element associated with the test group.
     * @param {boolean} shiftKey If pressed, all of test detail associated to the test group is shown.
     * @param {TestResults} data
     * @param {SelectedItems} selectedItems
     * @param {function(target: Element, data: TestResults)} testGroupListHandler
     */
    testResultsClickHandler: function (target,
                                       shiftKey,
                                       data,
                                       selectedItems,
                                       testGroupListHandler) {

      if (target.classList.contains('testResultGroup') === false) {
        return
      }
      if (selectedItems.testResults != null) {
        let testResultsElement = /**@type {HTMLElement}*/ selectedItems.testResults
        testResultsElement.classList.remove("selected")
        testResultsElement.style.backgroundColor = selectedItems.selectedTestGroupColor
      }
      const testGroupId = /**@type {number}*/ target.id
      if ((target.id === undefined)
        || (data[testGroupId] === undefined)
        || (data[testGroupId]['TestResults'] === undefined)) {
        return
      }
      const testResults = /**@type {TestResults}*/ data[testGroupId]['TestResults']
      let testGroupList = /**@type {string}*/ ''
      selectedItems.selectedTestGroupColor = getComputedStyle(target).getPropertyValue('background-color')
      selectedItems.testResults = target
      target.classList.add("selected")
      for (let i = 0; i < testResults.length; i++) {
        const testResult = /**@type {TestGroupData}*/ testResults[i]
        const testPassed = /**@type {boolean}*/ testResult.Passed
        const testSkipped = /**@type {boolean}*/ testResult.Skipped
        const testPassedStatus = /**@type {string}*/ (testPassed) ? '' : (testSkipped ? 'skipped' : 'failed')
        const testId = /**@type {string}*/ target.attributes['id'].value
        testGroupList += `<div class="testGroupRow ${testPassedStatus}" data-groupid="${testId}" data-index="${i}">
        <span class="testStatus ${testPassedStatus}">${(testPassed) ? '&check' : (testSkipped ? '&dash' : '&cross')};</span>
        <span class="testTitle">${testResult.TestName}</span>
        <span class="testDuration"><span>${testResult.ElapsedTime}s </span>‚è±</span>
      </div>`
      }
      const testGroupListElem = elements.testGroupListElem
      testGroupListElem.innerHTML = ''
      testGroupListElem.innerHTML = testGroupList

      if (shiftKey) {
        testGroupListElem.querySelectorAll('.testGroupRow')
                         .forEach((elem) => testGroupListHandler(elem, data))
      } else if (testResults.length === 1) {
        testGroupListHandler(testGroupListElem.querySelector('.testGroupRow'), data)
      }
    },

    /**
     *
     * @param {Element} target
     * @param {TestResults} data
     */
    testGroupListHandler: function (target, data) {
      const attribs = target['attributes']
      if (attribs.hasOwnProperty('data-groupid')) {
        const groupId = /**@type {number}*/ attribs['data-groupid'].value
        const testIndex = /**@type {number}*/ attribs['data-index'].value
        const testStatus = /**@type {TestStatus}*/ data[groupId]['TestResults'][testIndex]
        const testOutputDiv = /**@type {HTMLDivElement}*/ target.querySelector('div.testOutput')

        if (testOutputDiv == null) {
          const testOutputDiv = document.createElement('div')
          testOutputDiv.classList.add('testOutput')
          const consolePre = document.createElement('pre')
          consolePre.classList.add('console')
          const testDetailDiv = document.createElement('div')
          testDetailDiv.classList.add('testDetail')
          const packageNameDiv = document.createElement('div')
          packageNameDiv.classList.add('package')
          packageNameDiv.innerHTML = `<strong>Package:</strong> ${testStatus.Package}`
          const testFileNameDiv = document.createElement('div')
          testFileNameDiv.classList.add('filename')
          if (testStatus.TestFileName.trim() === "") {
            testFileNameDiv.innerHTML = `<strong>Filename:</strong> n/a &nbsp;&nbsp;`
          } else {
            testFileNameDiv.innerHTML = `<strong>Filename:</strong> ${testStatus.TestFileName} &nbsp;&nbsp;`
            testFileNameDiv.innerHTML += `<strong>Line:</strong> ${testStatus.TestFunctionDetail.Line} `
            testFileNameDiv.innerHTML += `<strong>Col:</strong> ${testStatus.TestFunctionDetail.Col}`
          }
          testDetailDiv.insertAdjacentElement('beforeend', packageNameDiv)
          testDetailDiv.insertAdjacentElement('beforeend', testFileNameDiv)
          testOutputDiv.insertAdjacentElement('afterbegin', consolePre)
          testOutputDiv.insertAdjacentElement('beforeend', testDetailDiv)
          target.insertAdjacentElement('beforeend', testOutputDiv)

          if (testStatus.Passed) {
            consolePre.classList.remove('skipped')
            consolePre.classList.remove('failed')
          } else if (testStatus.Skipped) {
            consolePre.classList.add('skipped')
            consolePre.classList.remove('failed')
          } else {
            consolePre.classList.remove('skipped')
            consolePre.classList.add('failed')
          }
          consolePre.textContent = testStatus.Output.join('')
        } else {
          testOutputDiv.remove()
        }
      }
    }
  }

  //+------------------------+
  //|    setup DOM events    |
  //+------------------------+
  elements.testResultsElem
          .addEventListener('click', event =>
            goTestReport.testResultsClickHandler(/**@type {HTMLElement}*/ addEventData(event).data.target,
                                                 event.shiftKey,
                                                 elements.data,
                                                 selectedItems,
                                                 goTestReport.testGroupListHandler))

  elements.testGroupListElem
          .addEventListener('click', event =>
            goTestReport.testGroupListHandler(/**@type {Element}*/ event.target,
                                              elements.data))

  return goTestReport
}


    

    const data = [{"FailureIndicator":"","SkippedIndicator":"","TestResults":[{"TestName":"TestFileMove","Package":"github.com/0chain/system_test/tests/cli_tests","ElapsedTime":0,"Output":["","","","","","","","--- PASS: TestFileMove (0.00s)","testing: warning: no tests to run\n","","","","","","","","","","","","","","","","","","","","","","","","",""],"Passed":true,"Skipped":false,"TestFileName":"zboxcli_file_move_test.go","TestFunctionDetail":{"Line":18,"Col":1}}]},{"FailureIndicator":"","SkippedIndicator":"","TestResults":[{"TestName":"TestFileMove/Move_file_concurrently_to_existing_directory,_should_work","Package":"github.com/0chain/system_test/tests/cli_tests","ElapsedTime":54.64,"Output":["","","","","    zwalletcli_register_wallet_test.go:108: Registering wallet...\n","","    zboxcli_update_allocation_test.go:607: Executing faucet...\n","","    zboxcli_create_allocation_test.go:288: Creating new allocation...\n","","    zboxcli_file_upload_test.go:772: Uploading file...\n","    zboxcli_file_upload_test.go:772: Uploading file...\n","","    utils.go:66: \u001b[33mCommand failed on attempt [1/3] due to error [exit status 1]. Output: [0 / 256    0.00% 0 / 256    0.00% 0s -\u003cNEWLINE\u003e- Error in file operation: consensus_not_met: Upload failed. Required consensus atleast 3, got 2 -\u003cNEWLINE\u003e- Upload failed. consensus_not_met: Upload failed. Required consensus atleast 3, got 2]\n","","    zboxcli_file_move_test.go:555: Moving file...\n","","    utils.go:62: \u001b[32mCommand passed on retry [2/3]. Output: [0 / 256    0.00% 256 / 256  100.00% 0s -\u003cNEWLINE\u003e- Status completed callback. Type = application/octet-stream. Name = h5opmUW7g9_test.txt]\n","    zboxcli_file_move_test.go:555: Moving file...\n","    utils.go:152: Waiting 5s...\n","","    zboxcli_create_dir_test.go:356: Listing all...\n","--- PASS: TestFileMove/Move_file_concurrently_to_existing_directory,_should_work (54.64s)",""],"Passed":true,"Skipped":false,"TestFileName":"","TestFunctionDetail":{"Line":0,"Col":0}}]},{"FailureIndicator":"failed","SkippedIndicator":"","TestResults":[{"TestName":"TestFileMove/move_file_from_someone_else's_allocation_should_fail","Package":"github.com/0chain/system_test/tests/cli_tests","ElapsedTime":52.65,"Output":["","","","","    zwalletcli_register_wallet_test.go:108: Registering wallet...\n","","    zwalletcli_register_wallet_test.go:108: Registering wallet...\n","","    zboxcli_update_allocation_test.go:607: Executing faucet...\n","","    zboxcli_create_allocation_test.go:288: Creating new allocation...\n","","    zboxcli_file_upload_test.go:772: Uploading file...\n","","    zboxcli_file_move_test.go:555: Moving file...\n","    utils.go:66: \u001b[33mCommand failed on attempt [1/3] due to error [exit status 2]. Output: [panic: Error moving object consensus_not_met: Move failed. Required consensus 3, got 0 -\u003cNEWLINE\u003e- goroutine 1 [running]: -\u003cNEWLINE\u003e- github.com/0chain/zboxcli/cmd.glob..func24(0x12a28e0?, {0xc00034d860?, 0xd?, 0xd?}) -\u003cNEWLINE\u003e- /root/actions-runner5/_work/system_test/system_test/zboxcli/cmd/move.go:41 +0x30c -\u003cNEWLINE\u003e- github.com/spf13/cobra.(*Command).execute(0x12a28e0, {0xc00034d790, 0xd, 0xd}) -\u003cNEWLINE\u003e- /root/actions-runner5/_work/_tool/go/pkg/mod/github.com/spf13/cobra@v1.6.0/command.go:920 +0x847 -\u003cNEWLINE\u003e- github.com/spf13/cobra.(*Command).ExecuteC(0x12a45a0) -\u003cNEWLINE\u003e- /root/actions-runner5/_work/_tool/go/pkg/mod/github.com/spf13/cobra@v1.6.0/command.go:1040 +0x3b4 -\u003cNEWLINE\u003e- github.com/spf13/cobra.(*Command).Execute(...) -\u003cNEWLINE\u003e- /root/actions-runner5/_work/_tool/go/pkg/mod/github.com/spf13/cobra@v1.6.0/command.go:968 -\u003cNEWLINE\u003e- github.com/0chain/zboxcli/cmd.Execute() -\u003cNEWLINE\u003e- /root/actions-runn","er5/_work/system_test/system_test/zboxcli/cmd/root.go:60 +0x25 -\u003cNEWLINE\u003e- main.main() -\u003cNEWLINE\u003e- /root/actions-runner5/_work/system_test/system_test/zboxcli/main.go:11 +0x4a]\n","","    utils.go:66: \u001b[33mCommand failed on attempt [2/3] due to error [exit status 2]. Output: [panic: Error moving object consensus_not_met: Move failed. Required consensus 3, got 0 -\u003cNEWLINE\u003e- goroutine 1 [running]: -\u003cNEWLINE\u003e- github.com/0chain/zboxcli/cmd.glob..func24(0x12a28e0?, {0xc00034d6c0?, 0xd?, 0xd?}) -\u003cNEWLINE\u003e- /root/actions-runner5/_work/system_test/system_test/zboxcli/cmd/move.go:41 +0x30c -\u003cNEWLINE\u003e- github.com/spf13/cobra.(*Command).execute(0x12a28e0, {0xc00034d5f0, 0xd, 0xd}) -\u003cNEWLINE\u003e- /root/actions-runner5/_work/_tool/go/pkg/mod/github.com/spf13/cobra@v1.6.0/command.go:920 +0x847 -\u003cNEWLINE\u003e- github.com/spf13/cobra.(*Command).ExecuteC(0x12a45a0) -\u003cNEWLINE\u003e- /root/actions-runner5/_work/_tool/go/pkg/mod/github.com/spf13/cobra@v1.6.0/command.go:1040 +0x3b4 -\u003cNEWLINE\u003e- github.com/spf13/cobra.(*Command).Execute(...) -\u003cNEWLINE\u003e- /root/actions-runner5/_work/_tool/go/pkg/mod/github.com/spf13/cobra@v1.6.0/command.go:968 -\u003cNEWLINE\u003e- github.com/0chain/zboxcli/cmd.Execute() -\u003cNEWLINE\u003e- /root/actions-runn","er5/_work/system_test/system_test/zboxcli/cmd/root.go:60 +0x25 -\u003cNEWLINE\u003e- main.main() -\u003cNEWLINE\u003e- /root/actions-runner5/_work/system_test/system_test/zboxcli/main.go:11 +0x4a]\n","","    utils.go:69: \u001b[31mCommand failed on final attempt [3/3] due to error [exit status 2]. Command String: [./zbox move --remotepath /child/S7m903z2b3_test.txt --destpath / --allocation 9abd9a4566189f2df0e91a3a7f39623239f1eb1205dc74f1c215b6657b414f59 --silent --wallet TestFileMove-move_file_from_someone_else's_allocation_should_fail_NON_OWNER_wallet.json --configDir ./config --config ./zbox_config.yaml] Output: [panic: Error moving object consensus_not_met: Move failed. Required consensus 3, got 0 -\u003cNEWLINE\u003e- goroutine 1 [running]: -\u003cNEWLINE\u003e- github.com/0chain/zboxcli/cmd.glob..func24(0x12a28e0?, {0xc00034f450?, 0xd?, 0xd?}) -\u003cNEWLINE\u003e- /root/actions-runner5/_work/system_test/system_test/zboxcli/cmd/move.go:41 +0x30c -\u003cNEWLINE\u003e- github.com/spf13/cobra.(*Command).execute(0x12a28e0, {0xc00034f380, 0xd, 0xd}) -\u003cNEWLINE\u003e- /root/actions-runner5/_work/_tool/go/pkg/mod/github.com/spf13/cobra@v1.6.0/command.go:920 +0x847 -\u003cNEWLINE\u003e- github.com/spf13/cobra.(*Command).ExecuteC(0x12a45a0) -\u003cNEWLINE\u003e- /root/actions-runne","r5/_work/_tool/go/pkg/mod/github.com/spf13/cobra@v1.6.0/command.go:1040 +0x3b4 -\u003cNEWLINE\u003e- github.com/spf13/cobra.(*Command).Execute(...) -\u003cNEWLINE\u003e- /root/actions-runner5/_work/_tool/go/pkg/mod/github.com/spf13/cobra@v1.6.0/command.go:968 -\u003cNEWLINE\u003e- github.com/0chain/zboxcli/cmd.Execute() -\u003cNEWLINE\u003e- /root/actions-runner5/_work/system_test/system_test/zboxcli/cmd/root.go:60 +0x25 -\u003cNEWLINE\u003e- main.main() -\u003cNEWLINE\u003e- /root/actions-runner5/_work/system_test/system_test/zboxcli/main.go:11 +0x4a]\n","    utils.go:72: \u001b[31mThe verbose output for the command is:\n","    utils.go:76: \u001b[31m0chain-core-sdk [INFO]   2022/11/18 22:48:35.735397 wallet_base.go:262: ******* Wallet SDK Version:v1.8.8-8-g3c6d3d6c ******* (SetLogFile)\n","    utils.go:76: \u001b[31m0box-sdk        [INFO]   2022/11/18 22:48:35.735434 sdk.go:73: ******* Storage SDK Version: v1.8.8-8-g3c6d3d6c *******\n","    utils.go:76: \u001b[31m0chain-core-sdk [INFO]   2022/11/18 22:48:35.753578 transaction_base.go:138: ******* Wallet SDK Version:v1.8.8-8-g3c6d3d6c ******* (InitZCNSDK)\n","    utils.go:76: \u001b[31m0box-sdk        [DEBUG]  2022/11/18 22:48:35.759362 networkworker.go:105: Get network result:{\"miners\":[\"https://dev-5.devnet-0chain.net/miner02\",\"https://dev-5.devnet-0chain.net/miner01\",\"https://dev-5.devnet-0chain.net/miner03\"],\"sharders\":[\"https://dev-5.devnet-0chain.net/sharder02\",\"https://dev-5.devnet-0chain.net/sharder01\"]}\n","    utils.go:76: \u001b[31m0box-sdk        \u001b[31m[ERROR]  2022/11/18 22:48:35.770843 common.go:37: Object tree response : 400\u001b[0m\n","    utils.go:76: \u001b[31m0box-sdk        \u001b[31m[ERROR]  2022/11/18 22:48:35.770903 moveworker.go:159: 400: Object tree error response: Body: {\"error\":\"invalid_signature: Invalid signature\"}\u001b[0m\n","    utils.go:76: \u001b[31m0box-sdk        \u001b[31m[ERROR]  2022/11/18 22:48:35.771087 common.go:37: Object tree response : 400\u001b[0m\n","    utils.go:76: \u001b[31m0box-sdk        \u001b[31m[ERROR]  2022/11/18 22:48:35.771130 moveworker.go:159: 400: Object tree error response: Body: {\"error\":\"invalid_signature: Invalid signature\"}\u001b[0m\n","    utils.go:76: \u001b[31m0box-sdk        \u001b[31m[ERROR]  2022/11/18 22:48:35.773590 common.go:37: Object tree response : 400\u001b[0m\n","    utils.go:76: \u001b[31m0box-sdk        \u001b[31m[ERROR]  2022/11/18 22:48:35.773618 moveworker.go:159: 400: Object tree error response: Body: {\"error\":\"invalid_signature: Invalid signature\"}\u001b[0m\n","    utils.go:76: \u001b[31m0box-sdk        \u001b[31m[ERROR]  2022/11/18 22:48:35.774030 common.go:37: Object tree response : 400\u001b[0m\n","    utils.go:76: \u001b[31m0box-sdk        \u001b[31m[ERROR]  2022/11/18 22:48:35.774046 moveworker.go:159: 400: Object tree error response: Body: {\"error\":\"invalid_signature: Invalid signature\"}\u001b[0m\n","    utils.go:76: \u001b[31mpanic: Error moving object consensus_not_met: Move failed. Required consensus 3, got 0\n","    utils.go:76: \u001b[31mgoroutine 1 [running]:\n","    utils.go:76: \u001b[31mgithub.com/0chain/zboxcli/cmd.glob..func24(0x12a28e0?, {0xc000262540?, 0xc?, 0xc?})\n","    utils.go:76: \u001b[31m/root/actions-runner5/_work/system_test/system_test/zboxcli/cmd/move.go:41 +0x30c\n","    utils.go:76: \u001b[31mgithub.com/spf13/cobra.(*Command).execute(0x12a28e0, {0xc000262480, 0xc, 0xc})\n","    utils.go:76: \u001b[31m/root/actions-runner5/_work/_tool/go/pkg/mod/github.com/spf13/cobra@v1.6.0/command.go:920 +0x847\n","    utils.go:76: \u001b[31mgithub.com/spf13/cobra.(*Command).ExecuteC(0x12a45a0)\n","    utils.go:76: \u001b[31m/root/actions-runner5/_work/_tool/go/pkg/mod/github.com/spf13/cobra@v1.6.0/command.go:1040 +0x3b4\n","    utils.go:76: \u001b[31mgithub.com/spf13/cobra.(*Command).Execute(...)\n","    utils.go:76: \u001b[31m/root/actions-runner5/_work/_tool/go/pkg/mod/github.com/spf13/cobra@v1.6.0/command.go:968\n","    utils.go:76: \u001b[31mgithub.com/0chain/zboxcli/cmd.Execute()\n","    utils.go:76: \u001b[31m/root/actions-runner5/_work/system_test/system_test/zboxcli/cmd/root.go:60 +0x25\n","    utils.go:76: \u001b[31mmain.main()\n","    utils.go:76: \u001b[31m/root/actions-runner5/_work/system_test/system_test/zboxcli/main.go:11 +0x4a\n","    zboxcli_file_move_test.go:468: \n","        \tError Trace:\t/root/actions-runner5/_work/system_test/system_test/tests/cli_tests/zboxcli_file_move_test.go:468\n","        \tError:      \tExpected nil, but got: \u0026exec.ExitError{ProcessState:(*os.ProcessState)(0xc0003b6198), Stderr:[]uint8(nil)}\n","        \tTest:       \tTestFileMove/move_file_from_someone_else's_allocation_should_fail\n","        \tMessages:   \tpanic: Error moving object consensus_not_met: Move failed. Required consensus 3, got 0\n","        \t            \tgoroutine 1 [running]:\n","        \t            \tgithub.com/0chain/zboxcli/cmd.glob..func24(0x12a28e0?, {0xc00034f450?, 0xd?, 0xd?})\n","        \t            \t/root/actions-runner5/_work/system_test/system_test/zboxcli/cmd/move.go:41 +0x30c\n","        \t            \tgithub.com/spf13/cobra.(*Command).execute(0x12a28e0, {0xc00034f380, 0xd, 0xd})\n","        \t            \t/root/actions-runner5/_work/_tool/go/pkg/mod/github.com/spf13/cobra@v1.6.0/command.go:920 +0x847\n","        \t            \tgithub.com/spf13/cobra.(*Command).ExecuteC(0x12a45a0)\n","        \t            \t/root/actions-runner5/_work/_tool/go/pkg/mod/github.com/spf13/cobra@v1.6.0/command.go:1040 +0x3b4\n","        \t            \tgithub.com/spf13/cobra.(*Command).Execute(...)\n","        \t            \t/root/actions-runner5/_work/_tool/go/pkg/mod/github.com/spf13/cobra@v1.6.0/command.go:968\n","        \t            \tgithub.com/0chain/zboxcli/cmd.Execute()\n","        \t            \t/root/actions-runner5/_work/system_test/system_test/zboxcli/cmd/root.go:60 +0x25\n","        \t            \tmain.main()\n","        \t            \t/root/actions-runner5/_work/system_test/system_test/zboxcli/main.go:11 +0x4a\n","","","","","    zwalletcli_register_wallet_test.go:108: Registering wallet...\n","    zwalletcli_register_wallet_test.go:108: Registering wallet...\n","    zboxcli_update_allocation_test.go:607: Executing faucet...\n","    zboxcli_create_allocation_test.go:288: Creating new allocation...\n","    zboxcli_file_upload_test.go:772: Uploading file...\n","    zboxcli_file_move_test.go:555: Moving file...\n","    utils.go:66: \u001b[33mCommand failed on attempt [1/3] due to error [exit status 2]. Output: [panic: Error moving object consensus_not_met: Move failed. Required consensus 3, got 0 -\u003cNEWLINE\u003e- goroutine 1 [running]: -\u003cNEWLINE\u003e- github.com/0chain/zboxcli/cmd.glob..func24(0x12a28e0?, {0xc00034d930?, 0xd?, 0xd?}) -\u003cNEWLINE\u003e- /root/actions-runner5/_work/system_test/system_test/zboxcli/cmd/move.go:41 +0x30c -\u003cNEWLINE\u003e- github.com/spf13/cobra.(*Command).execute(0x12a28e0, {0xc00034d860, 0xd, 0xd}) -\u003cNEWLINE\u003e- /root/actions-runner5/_work/_tool/go/pkg/mod/github.com/spf13/cobra@v1.6.0/command.go:920 +0x847 -\u003cNEWLINE\u003e- github.com/spf13/cobra.(*Command).ExecuteC(0x12a45a0) -\u003cNEWLINE\u003e- /root/actions-runner5/_work/_tool/go/pkg/mod/github.com/spf13/cobra@v1.6.0/command.go:1040 +0x3b4 -\u003cNEWLINE\u003e- github.com/spf13/cobra.(*Command).Execute(...) -\u003cNEWLINE\u003e- /root/actions-runner5/_work/_tool/go/pkg/mod/github.com/spf13/cobra@v1.6.0/command.go:968 -\u003cNEWLINE\u003e- github.com/0chain/zboxcli/cmd.Execute() -\u003cNEWLINE\u003e- /root/actions-runn","er5/_work/system_test/system_test/zboxcli/cmd/root.go:60 +0x25 -\u003cNEWLINE\u003e- main.main() -\u003cNEWLINE\u003e- /root/actions-runner5/_work/system_test/system_test/zboxcli/main.go:11 +0x4a]\n","    utils.go:66: \u001b[33mCommand failed on attempt [2/3] due to error [exit status 2]. Output: [panic: Error moving object consensus_not_met: Move failed. Required consensus 3, got 0 -\u003cNEWLINE\u003e- goroutine 1 [running]: -\u003cNEWLINE\u003e- github.com/0chain/zboxcli/cmd.glob..func24(0x12a28e0?, {0xc00035c1a0?, 0xd?, 0xd?}) -\u003cNEWLINE\u003e- /root/actions-runner5/_work/system_test/system_test/zboxcli/cmd/move.go:41 +0x30c -\u003cNEWLINE\u003e- github.com/spf13/cobra.(*Command).execute(0x12a28e0, {0xc00035c0d0, 0xd, 0xd}) -\u003cNEWLINE\u003e- /root/actions-runner5/_work/_tool/go/pkg/mod/github.com/spf13/cobra@v1.6.0/command.go:920 +0x847 -\u003cNEWLINE\u003e- github.com/spf13/cobra.(*Command).ExecuteC(0x12a45a0) -\u003cNEWLINE\u003e- /root/actions-runner5/_work/_tool/go/pkg/mod/github.com/spf13/cobra@v1.6.0/command.go:1040 +0x3b4 -\u003cNEWLINE\u003e- github.com/spf13/cobra.(*Command).Execute(...) -\u003cNEWLINE\u003e- /root/actions-runner5/_work/_tool/go/pkg/mod/github.com/spf13/cobra@v1.6.0/command.go:968 -\u003cNEWLINE\u003e- github.com/0chain/zboxcli/cmd.Execute() -\u003cNEWLINE\u003e- /root/actions-runn","er5/_work/system_test/system_test/zboxcli/cmd/root.go:60 +0x25 -\u003cNEWLINE\u003e- main.main() -\u003cNEWLINE\u003e- /root/actions-runner5/_work/system_test/system_test/zboxcli/main.go:11 +0x4a]\n","    utils.go:69: \u001b[31mCommand failed on final attempt [3/3] due to error [exit status 2]. Command String: [./zbox move --destpath / --allocation 19130c249c5f8e78fecb82ef2d570aab0870770c0652bf1fe458fbac460c6f8a --remotepath /child/WmqDLnjJfC_test.txt --silent --wallet TestFileMove-move_file_from_someone_else's_allocation_should_fail_NON_OWNER_wallet.json --configDir ./config --config ./zbox_config.yaml] Output: [panic: Error moving object consensus_not_met: Move failed. Required consensus 3, got 0 -\u003cNEWLINE\u003e- goroutine 1 [running]: -\u003cNEWLINE\u003e- github.com/0chain/zboxcli/cmd.glob..func24(0x12a28e0?, {0xc00034d5f0?, 0xd?, 0xd?}) -\u003cNEWLINE\u003e- /root/actions-runner5/_work/system_test/system_test/zboxcli/cmd/move.go:41 +0x30c -\u003cNEWLINE\u003e- github.com/spf13/cobra.(*Command).execute(0x12a28e0, {0xc00034d520, 0xd, 0xd}) -\u003cNEWLINE\u003e- /root/actions-runner5/_work/_tool/go/pkg/mod/github.com/spf13/cobra@v1.6.0/command.go:920 +0x847 -\u003cNEWLINE\u003e- github.com/spf13/cobra.(*Command).ExecuteC(0x12a45a0) -\u003cNEWLINE\u003e- /root/actions-runne","r5/_work/_tool/go/pkg/mod/github.com/spf13/cobra@v1.6.0/command.go:1040 +0x3b4 -\u003cNEWLINE\u003e- github.com/spf13/cobra.(*Command).Execute(...) -\u003cNEWLINE\u003e- /root/actions-runner5/_work/_tool/go/pkg/mod/github.com/spf13/cobra@v1.6.0/command.go:968 -\u003cNEWLINE\u003e- github.com/0chain/zboxcli/cmd.Execute() -\u003cNEWLINE\u003e- /root/actions-runner5/_work/system_test/system_test/zboxcli/cmd/root.go:60 +0x25 -\u003cNEWLINE\u003e- main.main() -\u003cNEWLINE\u003e- /root/actions-runner5/_work/system_test/system_test/zboxcli/main.go:11 +0x4a]\n","    utils.go:72: \u001b[31mThe verbose output for the command is:\n","    utils.go:76: \u001b[31m0chain-core-sdk [INFO]   2022/11/18 22:50:04.859500 wallet_base.go:262: ******* Wallet SDK Version:v1.8.8-8-g3c6d3d6c ******* (SetLogFile)\n","    utils.go:76: \u001b[31m0box-sdk        [INFO]   2022/11/18 22:50:04.859542 sdk.go:73: ******* Storage SDK Version: v1.8.8-8-g3c6d3d6c *******\n","    utils.go:76: \u001b[31m0chain-core-sdk [INFO]   2022/11/18 22:50:04.877372 transaction_base.go:138: ******* Wallet SDK Version:v1.8.8-8-g3c6d3d6c ******* (InitZCNSDK)\n","    utils.go:76: \u001b[31m0box-sdk        [DEBUG]  2022/11/18 22:50:04.882325 networkworker.go:105: Get network result:{\"miners\":[\"https://dev-5.devnet-0chain.net/miner02\",\"https://dev-5.devnet-0chain.net/miner01\",\"https://dev-5.devnet-0chain.net/miner03\"],\"sharders\":[\"https://dev-5.devnet-0chain.net/sharder02\",\"https://dev-5.devnet-0chain.net/sharder01\"]}\n","    utils.go:76: \u001b[31m0box-sdk        \u001b[31m[ERROR]  2022/11/18 22:50:04.913874 common.go:37: Object tree response : 400\u001b[0m\n","    utils.go:76: \u001b[31m0box-sdk        \u001b[31m[ERROR]  2022/11/18 22:50:04.913907 moveworker.go:159: 400: Object tree error response: Body: {\"error\":\"invalid_signature: Invalid signature\"}\u001b[0m\n","    utils.go:76: \u001b[31m0box-sdk        \u001b[31m[ERROR]  2022/11/18 22:50:04.916769 common.go:37: Object tree response : 400\u001b[0m\n","    utils.go:76: \u001b[31m0box-sdk        \u001b[31m[ERROR]  2022/11/18 22:50:04.916770 common.go:37: Object tree response : 400\u001b[0m\n","    utils.go:76: \u001b[31m0box-sdk        \u001b[31m[ERROR]  2022/11/18 22:50:04.916816 moveworker.go:159: 400: Object tree error response: Body: {\"error\":\"invalid_signature: Invalid signature\"}\u001b[0m\n","    utils.go:76: \u001b[31m0box-sdk        \u001b[31m[ERROR]  2022/11/18 22:50:04.916838 moveworker.go:159: 400: Object tree error response: Body: {\"error\":\"invalid_signature: Invalid signature\"}\u001b[0m\n","    utils.go:76: \u001b[31m0box-sdk        \u001b[31m[ERROR]  2022/11/18 22:50:04.918490 common.go:37: Object tree response : 400\u001b[0m\n","    utils.go:76: \u001b[31m0box-sdk        \u001b[31m[ERROR]  2022/11/18 22:50:04.918518 moveworker.go:159: 400: Object tree error response: Body: {\"error\":\"invalid_signature: Invalid signature\"}\u001b[0m\n","    utils.go:76: \u001b[31mpanic: Error moving object consensus_not_met: Move failed. Required consensus 3, got 0\n","    utils.go:76: \u001b[31mgoroutine 1 [running]:\n","    utils.go:76: \u001b[31mgithub.com/0chain/zboxcli/cmd.glob..func24(0x12a28e0?, {0xc000222540?, 0xc?, 0xc?})\n","    utils.go:76: \u001b[31m/root/actions-runner5/_work/system_test/system_test/zboxcli/cmd/move.go:41 +0x30c\n","    utils.go:76: \u001b[31mgithub.com/spf13/cobra.(*Command).execute(0x12a28e0, {0xc000222480, 0xc, 0xc})\n","    utils.go:76: \u001b[31m/root/actions-runner5/_work/_tool/go/pkg/mod/github.com/spf13/cobra@v1.6.0/command.go:920 +0x847\n","    utils.go:76: \u001b[31mgithub.com/spf13/cobra.(*Command).ExecuteC(0x12a45a0)\n","    utils.go:76: \u001b[31m/root/actions-runner5/_work/_tool/go/pkg/mod/github.com/spf13/cobra@v1.6.0/command.go:1040 +0x3b4\n","    utils.go:76: \u001b[31mgithub.com/spf13/cobra.(*Command).Execute(...)\n","    utils.go:76: \u001b[31m/root/actions-runner5/_work/_tool/go/pkg/mod/github.com/spf13/cobra@v1.6.0/command.go:968\n","    utils.go:76: \u001b[31mgithub.com/0chain/zboxcli/cmd.Execute()\n","    utils.go:76: \u001b[31m/root/actions-runner5/_work/system_test/system_test/zboxcli/cmd/root.go:60 +0x25\n","    utils.go:76: \u001b[31mmain.main()\n","    utils.go:76: \u001b[31m/root/actions-runner5/_work/system_test/system_test/zboxcli/main.go:11 +0x4a\n","    zboxcli_file_move_test.go:468: \n","        \tError Trace:\t/root/actions-runner5/_work/system_test/system_test/tests/cli_tests/zboxcli_file_move_test.go:468\n","        \tError:      \tExpected nil, but got: \u0026exec.ExitError{ProcessState:(*os.ProcessState)(0xc0000b1398), Stderr:[]uint8(nil)}\n","        \tTest:       \tTestFileMove/move_file_from_someone_else's_allocation_should_fail\n","        \tMessages:   \tpanic: Error moving object consensus_not_met: Move failed. Required consensus 3, got 0\n","        \t            \tgoroutine 1 [running]:\n","        \t            \tgithub.com/0chain/zboxcli/cmd.glob..func24(0x12a28e0?, {0xc00034d5f0?, 0xd?, 0xd?})\n","        \t            \t/root/actions-runner5/_work/system_test/system_test/zboxcli/cmd/move.go:41 +0x30c\n","        \t            \tgithub.com/spf13/cobra.(*Command).execute(0x12a28e0, {0xc00034d520, 0xd, 0xd})\n","        \t            \t/root/actions-runner5/_work/_tool/go/pkg/mod/github.com/spf13/cobra@v1.6.0/command.go:920 +0x847\n","        \t            \tgithub.com/spf13/cobra.(*Command).ExecuteC(0x12a45a0)\n","        \t            \t/root/actions-runner5/_work/_tool/go/pkg/mod/github.com/spf13/cobra@v1.6.0/command.go:1040 +0x3b4\n","        \t            \tgithub.com/spf13/cobra.(*Command).Execute(...)\n","        \t            \t/root/actions-runner5/_work/_tool/go/pkg/mod/github.com/spf13/cobra@v1.6.0/command.go:968\n","        \t            \tgithub.com/0chain/zboxcli/cmd.Execute()\n","        \t            \t/root/actions-runner5/_work/system_test/system_test/zboxcli/cmd/root.go:60 +0x25\n","        \t            \tmain.main()\n","        \t            \t/root/actions-runner5/_work/system_test/system_test/zboxcli/main.go:11 +0x4a\n","","","","","    zwalletcli_register_wallet_test.go:108: Registering wallet...\n","    zwalletcli_register_wallet_test.go:108: Registering wallet...\n","    zboxcli_update_allocation_test.go:607: Executing faucet...\n","    zboxcli_create_allocation_test.go:288: Creating new allocation...\n","    zboxcli_file_upload_test.go:772: Uploading file...\n","    zboxcli_file_move_test.go:555: Moving file...\n","    utils.go:66: \u001b[33mCommand failed on attempt [1/3] due to error [exit status 2]. Output: [panic: Error moving object consensus_not_met: Move failed. Required consensus 3, got 0 -\u003cNEWLINE\u003e- goroutine 1 [running]: -\u003cNEWLINE\u003e- github.com/0chain/zboxcli/cmd.glob..func24(0x12a28e0?, {0xc00034da00?, 0xd?, 0xd?}) -\u003cNEWLINE\u003e- /root/actions-runner5/_work/system_test/system_test/zboxcli/cmd/move.go:41 +0x30c -\u003cNEWLINE\u003e- github.com/spf13/cobra.(*Command).execute(0x12a28e0, {0xc00034d930, 0xd, 0xd}) -\u003cNEWLINE\u003e- /root/actions-runner5/_work/_tool/go/pkg/mod/github.com/spf13/cobra@v1.6.0/command.go:920 +0x847 -\u003cNEWLINE\u003e- github.com/spf13/cobra.(*Command).ExecuteC(0x12a45a0) -\u003cNEWLINE\u003e- /root/actions-runner5/_work/_tool/go/pkg/mod/github.com/spf13/cobra@v1.6.0/command.go:1040 +0x3b4 -\u003cNEWLINE\u003e- github.com/spf13/cobra.(*Command).Execute(...) -\u003cNEWLINE\u003e- /root/actions-runner5/_work/_tool/go/pkg/mod/github.com/spf13/cobra@v1.6.0/command.go:968 -\u003cNEWLINE\u003e- github.com/0chain/zboxcli/cmd.Execute() -\u003cNEWLINE\u003e- /root/actions-runn","er5/_work/system_test/system_test/zboxcli/cmd/root.go:60 +0x25 -\u003cNEWLINE\u003e- main.main() -\u003cNEWLINE\u003e- /root/actions-runner5/_work/system_test/system_test/zboxcli/main.go:11 +0x4a]\n","    utils.go:66: \u001b[33mCommand failed on attempt [2/3] due to error [exit status 2]. Output: [panic: Error moving object consensus_not_met: Move failed. Required consensus 3, got 0 -\u003cNEWLINE\u003e- goroutine 1 [running]: -\u003cNEWLINE\u003e- github.com/0chain/zboxcli/cmd.glob..func24(0x12a28e0?, {0xc00034f380?, 0xd?, 0xd?}) -\u003cNEWLINE\u003e- /root/actions-runner5/_work/system_test/system_test/zboxcli/cmd/move.go:41 +0x30c -\u003cNEWLINE\u003e- github.com/spf13/cobra.(*Command).execute(0x12a28e0, {0xc00034f2b0, 0xd, 0xd}) -\u003cNEWLINE\u003e- /root/actions-runner5/_work/_tool/go/pkg/mod/github.com/spf13/cobra@v1.6.0/command.go:920 +0x847 -\u003cNEWLINE\u003e- github.com/spf13/cobra.(*Command).ExecuteC(0x12a45a0) -\u003cNEWLINE\u003e- /root/actions-runner5/_work/_tool/go/pkg/mod/github.com/spf13/cobra@v1.6.0/command.go:1040 +0x3b4 -\u003cNEWLINE\u003e- github.com/spf13/cobra.(*Command).Execute(...) -\u003cNEWLINE\u003e- /root/actions-runner5/_work/_tool/go/pkg/mod/github.com/spf13/cobra@v1.6.0/command.go:968 -\u003cNEWLINE\u003e- github.com/0chain/zboxcli/cmd.Execute() -\u003cNEWLINE\u003e- /root/actions-runn","er5/_work/system_test/system_test/zboxcli/cmd/root.go:60 +0x25 -\u003cNEWLINE\u003e- main.main() -\u003cNEWLINE\u003e- /root/actions-runner5/_work/system_test/system_test/zboxcli/main.go:11 +0x4a]\n","    utils.go:69: \u001b[31mCommand failed on final attempt [3/3] due to error [exit status 2]. Command String: [./zbox move --allocation 3c150d88393f10bb407e28eaae857dbd1cf4ad9146fa50c6eb340434ee4053db --remotepath /child/7XWn1JUQ66_test.txt --destpath / --silent --wallet TestFileMove-move_file_from_someone_else's_allocation_should_fail_NON_OWNER_wallet.json --configDir ./config --config ./zbox_config.yaml] Output: [panic: Error moving object consensus_not_met: Move failed. Required consensus 3, got 0 -\u003cNEWLINE\u003e- goroutine 1 [running]: -\u003cNEWLINE\u003e- github.com/0chain/zboxcli/cmd.glob..func24(0x12a28e0?, {0xc00034d6c0?, 0xd?, 0xd?}) -\u003cNEWLINE\u003e- /root/actions-runner5/_work/system_test/system_test/zboxcli/cmd/move.go:41 +0x30c -\u003cNEWLINE\u003e- github.com/spf13/cobra.(*Command).execute(0x12a28e0, {0xc00034d5f0, 0xd, 0xd}) -\u003cNEWLINE\u003e- /root/actions-runner5/_work/_tool/go/pkg/mod/github.com/spf13/cobra@v1.6.0/command.go:920 +0x847 -\u003cNEWLINE\u003e- github.com/spf13/cobra.(*Command).ExecuteC(0x12a45a0) -\u003cNEWLINE\u003e- /root/actions-runne","r5/_work/_tool/go/pkg/mod/github.com/spf13/cobra@v1.6.0/command.go:1040 +0x3b4 -\u003cNEWLINE\u003e- github.com/spf13/cobra.(*Command).Execute(...) -\u003cNEWLINE\u003e- /root/actions-runner5/_work/_tool/go/pkg/mod/github.com/spf13/cobra@v1.6.0/command.go:968 -\u003cNEWLINE\u003e- github.com/0chain/zboxcli/cmd.Execute() -\u003cNEWLINE\u003e- /root/actions-runner5/_work/system_test/system_test/zboxcli/cmd/root.go:60 +0x25 -\u003cNEWLINE\u003e- main.main() -\u003cNEWLINE\u003e- /root/actions-runner5/_work/system_test/system_test/zboxcli/main.go:11 +0x4a]\n","    utils.go:72: \u001b[31mThe verbose output for the command is:\n","    utils.go:76: \u001b[31m0chain-core-sdk [INFO]   2022/11/18 22:51:18.155974 wallet_base.go:262: ******* Wallet SDK Version:v1.8.8-8-g3c6d3d6c ******* (SetLogFile)\n","    utils.go:76: \u001b[31m0box-sdk        [INFO]   2022/11/18 22:51:18.156014 sdk.go:73: ******* Storage SDK Version: v1.8.8-8-g3c6d3d6c *******\n","    utils.go:76: \u001b[31m0chain-core-sdk [INFO]   2022/11/18 22:51:18.180914 transaction_base.go:138: ******* Wallet SDK Version:v1.8.8-8-g3c6d3d6c ******* (InitZCNSDK)\n","    utils.go:76: \u001b[31m0box-sdk        [DEBUG]  2022/11/18 22:51:18.185893 networkworker.go:105: Get network result:{\"miners\":[\"https://dev-5.devnet-0chain.net/miner01\",\"https://dev-5.devnet-0chain.net/miner03\",\"https://dev-5.devnet-0chain.net/miner02\"],\"sharders\":[\"https://dev-5.devnet-0chain.net/sharder02\",\"https://dev-5.devnet-0chain.net/sharder01\"]}\n","    utils.go:76: \u001b[31m0box-sdk        \u001b[31m[ERROR]  2022/11/18 22:51:18.195405 common.go:37: Object tree response : 400\u001b[0m\n","    utils.go:76: \u001b[31m0box-sdk        \u001b[31m[ERROR]  2022/11/18 22:51:18.195451 moveworker.go:159: 400: Object tree error response: Body: {\"error\":\"invalid_signature: Invalid signature\"}\u001b[0m\n","    utils.go:76: \u001b[31m0box-sdk        \u001b[31m[ERROR]  2022/11/18 22:51:18.198149 common.go:37: Object tree response : 400\u001b[0m\n","    utils.go:76: \u001b[31m0box-sdk        \u001b[31m[ERROR]  2022/11/18 22:51:18.198176 moveworker.go:159: 400: Object tree error response: Body: {\"error\":\"invalid_signature: Invalid signature\"}\u001b[0m\n","    utils.go:76: \u001b[31m0box-sdk        \u001b[31m[ERROR]  2022/11/18 22:51:18.198298 common.go:37: Object tree response : 400\u001b[0m\n","    utils.go:76: \u001b[31m0box-sdk        \u001b[31m[ERROR]  2022/11/18 22:51:18.198322 moveworker.go:159: 400: Object tree error response: Body: {\"error\":\"invalid_signature: Invalid signature\"}\u001b[0m\n","    utils.go:76: \u001b[31m0box-sdk        \u001b[31m[ERROR]  2022/11/18 22:51:18.201270 common.go:37: Object tree response : 400\u001b[0m\n","    utils.go:76: \u001b[31m0box-sdk        \u001b[31m[ERROR]  2022/11/18 22:51:18.201297 moveworker.go:159: 400: Object tree error response: Body: {\"error\":\"invalid_signature: Invalid signature\"}\u001b[0m\n","    utils.go:76: \u001b[31mpanic: Error moving object consensus_not_met: Move failed. Required consensus 3, got 0\n","    utils.go:76: \u001b[31mgoroutine 1 [running]:\n","    utils.go:76: \u001b[31mgithub.com/0chain/zboxcli/cmd.glob..func24(0x12a28e0?, {0xc000262540?, 0xc?, 0xc?})\n","    utils.go:76: \u001b[31m/root/actions-runner5/_work/system_test/system_test/zboxcli/cmd/move.go:41 +0x30c\n","    utils.go:76: \u001b[31mgithub.com/spf13/cobra.(*Command).execute(0x12a28e0, {0xc000262480, 0xc, 0xc})\n","    utils.go:76: \u001b[31m/root/actions-runner5/_work/_tool/go/pkg/mod/github.com/spf13/cobra@v1.6.0/command.go:920 +0x847\n","    utils.go:76: \u001b[31mgithub.com/spf13/cobra.(*Command).ExecuteC(0x12a45a0)\n","    utils.go:76: \u001b[31m/root/actions-runner5/_work/_tool/go/pkg/mod/github.com/spf13/cobra@v1.6.0/command.go:1040 +0x3b4\n","    utils.go:76: \u001b[31mgithub.com/spf13/cobra.(*Command).Execute(...)\n","    utils.go:76: \u001b[31m/root/actions-runner5/_work/_tool/go/pkg/mod/github.com/spf13/cobra@v1.6.0/command.go:968\n","    utils.go:76: \u001b[31mgithub.com/0chain/zboxcli/cmd.Execute()\n","    utils.go:76: \u001b[31m/root/actions-runner5/_work/system_test/system_test/zboxcli/cmd/root.go:60 +0x25\n","    utils.go:76: \u001b[31mmain.main()\n","    utils.go:76: \u001b[31m/root/actions-runner5/_work/system_test/system_test/zboxcli/main.go:11 +0x4a\n","    zboxcli_file_move_test.go:468: \n","        \tError Trace:\t/root/actions-runner5/_work/system_test/system_test/tests/cli_tests/zboxcli_file_move_test.go:468\n","        \tError:      \tExpected nil, but got: \u0026exec.ExitError{ProcessState:(*os.ProcessState)(0xc00000f4d0), Stderr:[]uint8(nil)}\n","        \tTest:       \tTestFileMove/move_file_from_someone_else's_allocation_should_fail\n","        \tMessages:   \tpanic: Error moving object consensus_not_met: Move failed. Required consensus 3, got 0\n","        \t            \tgoroutine 1 [running]:\n","        \t            \tgithub.com/0chain/zboxcli/cmd.glob..func24(0x12a28e0?, {0xc00034d6c0?, 0xd?, 0xd?})\n","        \t            \t/root/actions-runner5/_work/system_test/system_test/zboxcli/cmd/move.go:41 +0x30c\n","        \t            \tgithub.com/spf13/cobra.(*Command).execute(0x12a28e0, {0xc00034d5f0, 0xd, 0xd})\n","        \t            \t/root/actions-runner5/_work/_tool/go/pkg/mod/github.com/spf13/cobra@v1.6.0/command.go:920 +0x847\n","        \t            \tgithub.com/spf13/cobra.(*Command).ExecuteC(0x12a45a0)\n","        \t            \t/root/actions-runner5/_work/_tool/go/pkg/mod/github.com/spf13/cobra@v1.6.0/command.go:1040 +0x3b4\n","        \t            \tgithub.com/spf13/cobra.(*Command).Execute(...)\n","        \t            \t/root/actions-runner5/_work/_tool/go/pkg/mod/github.com/spf13/cobra@v1.6.0/command.go:968\n","        \t            \tgithub.com/0chain/zboxcli/cmd.Execute()\n","        \t            \t/root/actions-runner5/_work/system_test/system_test/zboxcli/cmd/root.go:60 +0x25\n","        \t            \tmain.main()\n","        \t            \t/root/actions-runner5/_work/system_test/system_test/zboxcli/main.go:11 +0x4a\n",""],"Passed":false,"Skipped":false,"TestFileName":"","TestFunctionDetail":{"Line":0,"Col":0}}]},{"FailureIndicator":"failed","SkippedIndicator":"","TestResults":[{"TestName":"TestFileMove/move_file_to_another_directory_with_existing_file_with_same_name_should_fail","Package":"github.com/0chain/system_test/tests/cli_tests","ElapsedTime":9.5,"Output":["","","","","    zwalletcli_register_wallet_test.go:108: Registering wallet...\n","","    zboxcli_update_allocation_test.go:607: Executing faucet...\n","","    zboxcli_create_allocation_test.go:288: Creating new allocation...\n","","    zboxcli_file_upload_test.go:772: Uploading file...\n","","    zboxcli_file_upload_test.go:772: Uploading file...\n","","    zboxcli_file_move_test.go:555: Moving file...\n","    zboxcli_file_move_test.go:369: \n","        \tError Trace:\t/root/actions-runner5/_work/system_test/system_test/tests/cli_tests/zboxcli_file_move_test.go:369\n","        \tError:      \tExpected nil, but got: \u0026exec.ExitError{ProcessState:(*os.ProcessState)(0xc00000e228), Stderr:[]uint8(nil)}\n","        \tTest:       \tTestFileMove/move_file_to_another_directory_with_existing_file_with_same_name_should_fail\n","        \tMessages:   \tpanic: Error moving object consensus_not_met: Move failed. Required consensus 3, got 0\n","        \t            \tgoroutine 1 [running]:\n","        \t            \tgithub.com/0chain/zboxcli/cmd.glob..func24(0x12a28e0?, {0xc00034d790?, 0xd?, 0xd?})\n","        \t            \t/root/actions-runner5/_work/system_test/system_test/zboxcli/cmd/move.go:41 +0x30c\n","        \t            \tgithub.com/spf13/cobra.(*Command).execute(0x12a28e0, {0xc00034d6c0, 0xd, 0xd})\n","        \t            \t/root/actions-runner5/_work/_tool/go/pkg/mod/github.com/spf13/cobra@v1.6.0/command.go:920 +0x847\n","        \t            \tgithub.com/spf13/cobra.(*Command).ExecuteC(0x12a45a0)\n","        \t            \t/root/actions-runner5/_work/_tool/go/pkg/mod/github.com/spf13/cobra@v1.6.0/command.go:1040 +0x3b4\n","        \t            \tgithub.com/spf13/cobra.(*Command).Execute(...)\n","        \t            \t/root/actions-runner5/_work/_tool/go/pkg/mod/github.com/spf13/cobra@v1.6.0/command.go:968\n","        \t            \tgithub.com/0chain/zboxcli/cmd.Execute()\n","        \t            \t/root/actions-runner5/_work/system_test/system_test/zboxcli/cmd/root.go:60 +0x25\n","        \t            \tmain.main()\n","        \t            \t/root/actions-runner5/_work/system_test/system_test/zboxcli/main.go:11 +0x4a\n","","","","","    zwalletcli_register_wallet_test.go:108: Registering wallet...\n","    zboxcli_update_allocation_test.go:607: Executing faucet...\n","    zboxcli_create_allocation_test.go:288: Creating new allocation...\n","    zboxcli_file_upload_test.go:772: Uploading file...\n","    zboxcli_file_upload_test.go:772: Uploading file...\n","    zboxcli_file_move_test.go:555: Moving file...\n","    zboxcli_file_move_test.go:369: \n","        \tError Trace:\t/root/actions-runner5/_work/system_test/system_test/tests/cli_tests/zboxcli_file_move_test.go:369\n","        \tError:      \tExpected nil, but got: \u0026exec.ExitError{ProcessState:(*os.ProcessState)(0xc000092120), Stderr:[]uint8(nil)}\n","        \tTest:       \tTestFileMove/move_file_to_another_directory_with_existing_file_with_same_name_should_fail\n","        \tMessages:   \tpanic: Error moving object consensus_not_met: Move failed. Required consensus 3, got 0\n","        \t            \tgoroutine 1 [running]:\n","        \t            \tgithub.com/0chain/zboxcli/cmd.glob..func24(0x12a28e0?, {0xc0003471e0?, 0xd?, 0xd?})\n","        \t            \t/root/actions-runner5/_work/system_test/system_test/zboxcli/cmd/move.go:41 +0x30c\n","        \t            \tgithub.com/spf13/cobra.(*Command).execute(0x12a28e0, {0xc000347110, 0xd, 0xd})\n","        \t            \t/root/actions-runner5/_work/_tool/go/pkg/mod/github.com/spf13/cobra@v1.6.0/command.go:920 +0x847\n","        \t            \tgithub.com/spf13/cobra.(*Command).ExecuteC(0x12a45a0)\n","        \t            \t/root/actions-runner5/_work/_tool/go/pkg/mod/github.com/spf13/cobra@v1.6.0/command.go:1040 +0x3b4\n","        \t            \tgithub.com/spf13/cobra.(*Command).Execute(...)\n","        \t            \t/root/actions-runner5/_work/_tool/go/pkg/mod/github.com/spf13/cobra@v1.6.0/command.go:968\n","        \t            \tgithub.com/0chain/zboxcli/cmd.Execute()\n","        \t            \t/root/actions-runner5/_work/system_test/system_test/zboxcli/cmd/root.go:60 +0x25\n","        \t            \tmain.main()\n","        \t            \t/root/actions-runner5/_work/system_test/system_test/zboxcli/main.go:11 +0x4a\n","","","","","    zwalletcli_register_wallet_test.go:108: Registering wallet...\n","    zboxcli_update_allocation_test.go:607: Executing faucet...\n","    zboxcli_create_allocation_test.go:288: Creating new allocation...\n","    zboxcli_file_upload_test.go:772: Uploading file...\n","    zboxcli_file_upload_test.go:772: Uploading file...\n","    zboxcli_file_move_test.go:555: Moving file...\n","    zboxcli_file_move_test.go:369: \n","        \tError Trace:\t/root/actions-runner5/_work/system_test/system_test/tests/cli_tests/zboxcli_file_move_test.go:369\n","        \tError:      \tExpected nil, but got: \u0026exec.ExitError{ProcessState:(*os.ProcessState)(0xc00000f4a0), Stderr:[]uint8(nil)}\n","        \tTest:       \tTestFileMove/move_file_to_another_directory_with_existing_file_with_same_name_should_fail\n","        \tMessages:   \tpanic: Error moving object consensus_not_met: Move failed. Required consensus 3, got 0\n","        \t            \tgoroutine 1 [running]:\n","        \t            \tgithub.com/0chain/zboxcli/cmd.glob..func24(0x12a28e0?, {0xc00035c4e0?, 0xd?, 0xd?})\n","        \t            \t/root/actions-runner5/_work/system_test/system_test/zboxcli/cmd/move.go:41 +0x30c\n","        \t            \tgithub.com/spf13/cobra.(*Command).execute(0x12a28e0, {0xc00035c410, 0xd, 0xd})\n","        \t            \t/root/actions-runner5/_work/_tool/go/pkg/mod/github.com/spf13/cobra@v1.6.0/command.go:920 +0x847\n","        \t            \tgithub.com/spf13/cobra.(*Command).ExecuteC(0x12a45a0)\n","        \t            \t/root/actions-runner5/_work/_tool/go/pkg/mod/github.com/spf13/cobra@v1.6.0/command.go:1040 +0x3b4\n","        \t            \tgithub.com/spf13/cobra.(*Command).Execute(...)\n","        \t            \t/root/actions-runner5/_work/_tool/go/pkg/mod/github.com/spf13/cobra@v1.6.0/command.go:968\n","        \t            \tgithub.com/0chain/zboxcli/cmd.Execute()\n","        \t            \t/root/actions-runner5/_work/system_test/system_test/zboxcli/cmd/root.go:60 +0x25\n","        \t            \tmain.main()\n","        \t            \t/root/actions-runner5/_work/system_test/system_test/zboxcli/main.go:11 +0x4a\n",""],"Passed":false,"Skipped":false,"TestFileName":"","TestFunctionDetail":{"Line":0,"Col":0}}]},{"FailureIndicator":"","SkippedIndicator":"","TestResults":[{"TestName":"TestFileMove/move_file_to_existing_directory","Package":"github.com/0chain/system_test/tests/cli_tests","ElapsedTime":67.89,"Output":["","","","","    zwalletcli_register_wallet_test.go:108: Registering wallet...\n","","    zboxcli_update_allocation_test.go:607: Executing faucet...\n","","    zboxcli_create_allocation_test.go:288: Creating new allocation...\n","","    utils.go:66: \u001b[33mCommand failed on attempt [1/3] due to error [exit status 1]. Output: [Error creating allocation: [txn] too less sharders to confirm it: min_confirmation is 50%, but got 0/2 sharders -\u003cNEWLINE\u003e- https://dev-5.devnet-0chain.net/sharder02/v1/transaction/get/confirmation?hash=c25f5211785a3453eb9dce70d1e16d16c6c69be77523bc1973f82f9562d32fa5: [400] {\"code\":\"entity_not_found\",\"error\":\"entity_not_found: txn_summary not found with id = c25f5211785a3453eb9dce70d1e16d16c6c69be77523bc1973f82f9562d32fa5\"} -\u003cNEWLINE\u003e- https://dev-5.devnet-0chain.net/sharder01/v1/transaction/get/confirmation?hash=c25f5211785a3453eb9dce70d1e16d16c6c69be77523bc1973f82f9562d32fa5: [400] {\"code\":\"entity_not_found\",\"error\":\"entity_not_found: txn_summary not found with id = c25f5211785a3453eb9dce70d1e16d16c6c69be77523bc1973f82f9562d32fa5\"}]\n","","    utils.go:62: \u001b[32mCommand passed on retry [2/3]. Output: [Allocation created: 62f2495bedcc616a1a986b3140bb9b54958ab7540db14b28ad3db5e31029efd6]\n","    zboxcli_file_upload_test.go:772: Uploading file...\n","    zboxcli_file_move_test.go:555: Moving file...\n","    utils.go:152: Waiting 5s...\n","    zboxcli_create_dir_test.go:356: Listing all...\n","--- PASS: TestFileMove/move_file_to_existing_directory (67.89s)",""],"Passed":true,"Skipped":false,"TestFileName":"","TestFunctionDetail":{"Line":0,"Col":0}}]},{"FailureIndicator":"","SkippedIndicator":"","TestResults":[{"TestName":"TestFileMove/move_file_to_non-existing_directory_should_work","Package":"github.com/0chain/system_test/tests/cli_tests","ElapsedTime":14.57,"Output":["","","","","    zwalletcli_register_wallet_test.go:108: Registering wallet...\n","","    zboxcli_update_allocation_test.go:607: Executing faucet...\n","","    zboxcli_create_allocation_test.go:288: Creating new allocation...\n","","    zboxcli_file_upload_test.go:772: Uploading file...\n","","    zboxcli_file_move_test.go:555: Moving file...\n","","    utils.go:152: Waiting 5s...\n","","    zboxcli_create_dir_test.go:356: Listing all...\n","--- PASS: TestFileMove/move_file_to_non-existing_directory_should_work (14.57s)",""],"Passed":true,"Skipped":false,"TestFileName":"","TestFunctionDetail":{"Line":0,"Col":0}}]},{"FailureIndicator":"failed","SkippedIndicator":"","TestResults":[{"TestName":"TestFileMove/move_file_to_same_directory_(no_change)_should_fail","Package":"github.com/0chain/system_test/tests/cli_tests","ElapsedTime":9.48,"Output":["","","","","    zwalletcli_register_wallet_test.go:108: Registering wallet...\n","","    zboxcli_update_allocation_test.go:607: Executing faucet...\n","","    zboxcli_create_allocation_test.go:288: Creating new allocation...\n","","    zboxcli_file_upload_test.go:772: Uploading file...\n","","    zboxcli_file_move_test.go:555: Moving file...\n","","    zboxcli_file_move_test.go:284: \n","        \tError Trace:\t/root/actions-runner5/_work/system_test/system_test/tests/cli_tests/zboxcli_file_move_test.go:284\n","        \tError:      \tExpected nil, but got: \u0026exec.ExitError{ProcessState:(*os.ProcessState)(0xc000552240), Stderr:[]uint8(nil)}\n","        \tTest:       \tTestFileMove/move_file_to_same_directory_(no_change)_should_fail\n","        \tMessages:   \tpanic: Error moving object consensus_not_met: Move failed. Required consensus 3, got 0\n","        \t            \tgoroutine 1 [running]:\n","        \t            \tgithub.com/0chain/zboxcli/cmd.glob..func24(0x12a28e0?, {0xc00034d5f0?, 0xd?, 0xd?})\n","        \t            \t/root/actions-runner5/_work/system_test/system_test/zboxcli/cmd/move.go:41 +0x30c\n","        \t            \tgithub.com/spf13/cobra.(*Command).execute(0x12a28e0, {0xc00034d520, 0xd, 0xd})\n","        \t            \t/root/actions-runner5/_work/_tool/go/pkg/mod/github.com/spf13/cobra@v1.6.0/command.go:920 +0x847\n","        \t            \tgithub.com/spf13/cobra.(*Command).ExecuteC(0x12a45a0)\n","        \t            \t/root/actions-runner5/_work/_tool/go/pkg/mod/github.com/spf13/cobra@v1.6.0/command.go:1040 +0x3b4\n","        \t            \tgithub.com/spf13/cobra.(*Command).Execute(...)\n","        \t            \t/root/actions-runner5/_work/_tool/go/pkg/mod/github.com/spf13/cobra@v1.6.0/command.go:968\n","        \t            \tgithub.com/0chain/zboxcli/cmd.Execute()\n","        \t            \t/root/actions-runner5/_work/system_test/system_test/zboxcli/cmd/root.go:60 +0x25\n","        \t            \tmain.main()\n","        \t            \t/root/actions-runner5/_work/system_test/system_test/zboxcli/main.go:11 +0x4a\n",""],"Passed":false,"Skipped":false,"TestFileName":"","TestFunctionDetail":{"Line":0,"Col":0}}]},{"FailureIndicator":"","SkippedIndicator":"","TestResults":[{"TestName":"TestFileMove/move_file_with_no_allocation_param_should_fail","Package":"github.com/0chain/system_test/tests/cli_tests","ElapsedTime":3.13,"Output":["","","","    zwalletcli_register_wallet_test.go:108: Registering wallet...\n","","    zboxcli_file_move_test.go:555: Moving file...\n","--- PASS: TestFileMove/move_file_with_no_allocation_param_should_fail (3.13s)",""],"Passed":true,"Skipped":false,"TestFileName":"","TestFunctionDetail":{"Line":0,"Col":0}}]},{"FailureIndicator":"","SkippedIndicator":"","TestResults":[{"TestName":"TestFileMove/move_file_with_no_destpath_param_should_fail","Package":"github.com/0chain/system_test/tests/cli_tests","ElapsedTime":3.14,"Output":["","","","    zwalletcli_register_wallet_test.go:108: Registering wallet...\n","","    zboxcli_file_move_test.go:555: Moving file...\n","--- PASS: TestFileMove/move_file_with_no_destpath_param_should_fail (3.14s)",""],"Passed":true,"Skipped":false,"TestFileName":"","TestFunctionDetail":{"Line":0,"Col":0}}]},{"FailureIndicator":"","SkippedIndicator":"","TestResults":[{"TestName":"TestFileMove/move_file_with_no_remotepath_param_should_fail","Package":"github.com/0chain/system_test/tests/cli_tests","ElapsedTime":3.16,"Output":["","","","","    zwalletcli_register_wallet_test.go:108: Registering wallet...\n","","    zboxcli_file_move_test.go:555: Moving file...\n","--- PASS: TestFileMove/move_file_with_no_remotepath_param_should_fail (3.16s)",""],"Passed":true,"Skipped":false,"TestFileName":"","TestFunctionDetail":{"Line":0,"Col":0}}]},{"FailureIndicator":"failed","SkippedIndicator":"","TestResults":[{"TestName":"TestFileMove/move_non-existing_file_should_fail","Package":"github.com/0chain/system_test/tests/cli_tests","ElapsedTime":9.26,"Output":["","","","","    zwalletcli_register_wallet_test.go:108: Registering wallet...\n","","    zboxcli_update_allocation_test.go:607: Executing faucet...\n","","    zboxcli_create_allocation_test.go:288: Creating new allocation...\n","","    zboxcli_file_move_test.go:555: Moving file...\n","","    zboxcli_file_move_test.go:421: \n","        \tError Trace:\t/root/actions-runner5/_work/system_test/system_test/tests/cli_tests/zboxcli_file_move_test.go:421\n","        \tError:      \tExpected nil, but got: \u0026exec.ExitError{ProcessState:(*os.ProcessState)(0xc0005524b0), Stderr:[]uint8(nil)}\n","        \tTest:       \tTestFileMove/move_non-existing_file_should_fail\n","        \tMessages:   \tpanic: Error moving object consensus_not_met: Move failed. Required consensus 3, got 0\n","        \t            \tgoroutine 1 [running]:\n","        \t            \tgithub.com/0chain/zboxcli/cmd.glob..func24(0x12a28e0?, {0xc00035c1a0?, 0xd?, 0xd?})\n","        \t            \t/root/actions-runner5/_work/system_test/system_test/zboxcli/cmd/move.go:41 +0x30c\n","        \t            \tgithub.com/spf13/cobra.(*Command).execute(0x12a28e0, {0xc00035c0d0, 0xd, 0xd})\n","        \t            \t/root/actions-runner5/_work/_tool/go/pkg/mod/github.com/spf13/cobra@v1.6.0/command.go:920 +0x847\n","        \t            \tgithub.com/spf13/cobra.(*Command).ExecuteC(0x12a45a0)\n","        \t            \t/root/actions-runner5/_work/_tool/go/pkg/mod/github.com/spf13/cobra@v1.6.0/command.go:1040 +0x3b4\n","        \t            \tgithub.com/spf13/cobra.(*Command).Execute(...)\n","        \t            \t/root/actions-runner5/_work/_tool/go/pkg/mod/github.com/spf13/cobra@v1.6.0/command.go:968\n","        \t            \tgithub.com/0chain/zboxcli/cmd.Execute()\n","        \t            \t/root/actions-runner5/_work/system_test/system_test/zboxcli/cmd/root.go:60 +0x25\n","        \t            \tmain.main()\n","        \t            \t/root/actions-runner5/_work/system_test/system_test/zboxcli/main.go:11 +0x4a\n","","","","","    zwalletcli_register_wallet_test.go:108: Registering wallet...\n","    zboxcli_update_allocation_test.go:607: Executing faucet...\n","    zboxcli_create_allocation_test.go:288: Creating new allocation...\n","    zboxcli_file_move_test.go:555: Moving file...\n","    zboxcli_file_move_test.go:421: \n","        \tError Trace:\t/root/actions-runner5/_work/system_test/system_test/tests/cli_tests/zboxcli_file_move_test.go:421\n","        \tError:      \tExpected nil, but got: \u0026exec.ExitError{ProcessState:(*os.ProcessState)(0xc00000f308), Stderr:[]uint8(nil)}\n","        \tTest:       \tTestFileMove/move_non-existing_file_should_fail\n","        \tMessages:   \tpanic: Error moving object consensus_not_met: Move failed. Required consensus 3, got 0\n","        \t            \tgoroutine 1 [running]:\n","        \t            \tgithub.com/0chain/zboxcli/cmd.glob..func24(0x12a28e0?, {0xc00034bad0?, 0xd?, 0xd?})\n","        \t            \t/root/actions-runner5/_work/system_test/system_test/zboxcli/cmd/move.go:41 +0x30c\n","        \t            \tgithub.com/spf13/cobra.(*Command).execute(0x12a28e0, {0xc00034ba00, 0xd, 0xd})\n","        \t            \t/root/actions-runner5/_work/_tool/go/pkg/mod/github.com/spf13/cobra@v1.6.0/command.go:920 +0x847\n","        \t            \tgithub.com/spf13/cobra.(*Command).ExecuteC(0x12a45a0)\n","        \t            \t/root/actions-runner5/_work/_tool/go/pkg/mod/github.com/spf13/cobra@v1.6.0/command.go:1040 +0x3b4\n","        \t            \tgithub.com/spf13/cobra.(*Command).Execute(...)\n","        \t            \t/root/actions-runner5/_work/_tool/go/pkg/mod/github.com/spf13/cobra@v1.6.0/command.go:968\n","        \t            \tgithub.com/0chain/zboxcli/cmd.Execute()\n","        \t            \t/root/actions-runner5/_work/system_test/system_test/zboxcli/cmd/root.go:60 +0x25\n","        \t            \tmain.main()\n","        \t            \t/root/actions-runner5/_work/system_test/system_test/zboxcli/main.go:11 +0x4a\n","","","","","    zwalletcli_register_wallet_test.go:108: Registering wallet...\n","    zboxcli_update_allocation_test.go:607: Executing faucet...\n","    zboxcli_create_allocation_test.go:288: Creating new allocation...\n","    zboxcli_file_move_test.go:555: Moving file...\n","    zboxcli_file_move_test.go:421: \n","        \tError Trace:\t/root/actions-runner5/_work/system_test/system_test/tests/cli_tests/zboxcli_file_move_test.go:421\n","        \tError:      \tExpected nil, but got: \u0026exec.ExitError{ProcessState:(*os.ProcessState)(0xc000092000), Stderr:[]uint8(nil)}\n","        \tTest:       \tTestFileMove/move_non-existing_file_should_fail\n","        \tMessages:   \tpanic: Error moving object consensus_not_met: Move failed. Required consensus 3, got 0\n","        \t            \tgoroutine 1 [running]:\n","        \t            \tgithub.com/0chain/zboxcli/cmd.glob..func24(0x12a28e0?, {0xc0000fc680?, 0xd?, 0xd?})\n","        \t            \t/root/actions-runner5/_work/system_test/system_test/zboxcli/cmd/move.go:41 +0x30c\n","        \t            \tgithub.com/spf13/cobra.(*Command).execute(0x12a28e0, {0xc0000fc5b0, 0xd, 0xd})\n","        \t            \t/root/actions-runner5/_work/_tool/go/pkg/mod/github.com/spf13/cobra@v1.6.0/command.go:920 +0x847\n","        \t            \tgithub.com/spf13/cobra.(*Command).ExecuteC(0x12a45a0)\n","        \t            \t/root/actions-runner5/_work/_tool/go/pkg/mod/github.com/spf13/cobra@v1.6.0/command.go:1040 +0x3b4\n","        \t            \tgithub.com/spf13/cobra.(*Command).Execute(...)\n","        \t            \t/root/actions-runner5/_work/_tool/go/pkg/mod/github.com/spf13/cobra@v1.6.0/command.go:968\n","        \t            \tgithub.com/0chain/zboxcli/cmd.Execute()\n","        \t            \t/root/actions-runner5/_work/system_test/system_test/zboxcli/cmd/root.go:60 +0x25\n","        \t            \tmain.main()\n","        \t            \t/root/actions-runner5/_work/system_test/system_test/zboxcli/main.go:11 +0x4a\n",""],"Passed":false,"Skipped":false,"TestFileName":"","TestFunctionDetail":{"Line":0,"Col":0}}]}]

    const report = window.GoTestReport({
                                         data: data,
                                         testResultsElem: document.getElementById('testResults'),
                                         testGroupListElem: document.getElementById('testGroupList')
                                       });


</script>
</body>
</html>
