<!DOCTYPE html>
<html lang="en">
<head>
    <meta charset="UTF-8">
    <title>0Chain Flaky system test suite [fix_cfg/a5c80247] ran against [dev-5.devnet-0chain.net] at [2023-08-07_12.02.16]</title>
    <style type="text/css">
        body {
            font-family: sans-serif;
            background-color: #f3f3f3;
            border-top: 2px #dee6e8 solid;
            margin: 0;
        }

        div.pageHeader span.projectTitle {
            font-family: serif;
            font-size: 2em;
            padding-left: 56px;
            padding-top: 80px;
            display: block;
            color: #a5a5a5;
            text-shadow: 0 -1px 1px white;
        }

        div.pageHeader div.testStats {
            position: absolute;
            top: 7px;
            right: 52px;
            font-size: 0.8em;
            color: #a2a2a2;
        }

        div.pageHeader div.testStats span.indicator {
            font-size: 2em;
            position: relative;
            top: 5px;
            text-shadow: 0 1px 0 white;
        }

        div.pageHeader div.testStats span strong {
            margin-right: 16px;
        }

        div.pageHeader div.testStats span.total {
            border-right: 1px #afafaf dotted;
            background: #8298af;
        }

        div.pageHeader div.testStats span.passed {
            border-right: 1px #afafaf dotted;
            background: #6fca83;
        }

        div.pageHeader div.testStats span.skipped {
            background: #bababa;
        }

        div.pageHeader div.testStats span.failed {
            background: #ff7676;
        }

        div.pageHeader div.testStats span {
            margin-right: 1px;
            height: 55px;
            padding: 20px 8px 18px;
            color: white;
        }

        div.pageHeader .testGroupsTitle {
            margin: 16px 32px 8px 40px;
            font-size: 0.9em;
            color: darkgrey;
            display: inline-block;
        }

        div.pageHeader .testExecutionDate {
            display: inline-block;
            position: absolute;
            right: 10px;
            margin: 14px 32px 8px 40px;
            color: #9e9e9e;
            font-size: 0.9em;
        }

        .testReportContainer {
            padding: 0 32px 32px 32px;
        }

        .cardContainer {
            padding: 16px 16px 16px;
            box-shadow: 0 4px 4px #d4d4d4;
            background-color: white;
        }

        #testResults {
            display: flex;
            flex-wrap: wrap;
        }

        .testResultGroup {
            width: 24px;
            height: 24px;
            background-color: #43c143;
            margin-left: 1px;
            margin-bottom: 1px;
            box-sizing: border-box;
        }

        .testResultGroup.selected {
            border: 1px white solid;
            background-color: black !important;
        }

        .testResultGroup.skipped {
            border: 2px gray solid;
        }

        .testResultGroup.failed {
            background-color: red;
        }

        .cardContainer.testGroupList,
        .cardContainer.testDetail {
            margin-top: 16px;
            padding: 16px;
        }

        .cardContainer.testGroupList {
            color: #9c9c9c;
            padding: 0;
        }

        .cardContainer.testGroupList .testGroupRow {
            cursor: default;
            border-bottom: 1px #dadada dotted;
        }

        .cardContainer.testGroupList .testGroupRow span.testStatus {
            font-size: 1.2em;
            font-weight: bold;
            color: #139e13;
            pointer-events: none;
            display: inline-block;
            overflow: hidden;
            float: left;
            padding-top: 10px;
            padding-left: 20px;
            padding-right: 12px;
        }

        .cardContainer.testGroupList .testGroupRow span.testStatus.skipped {
            color: gray;
        }

        .cardContainer.testGroupList .testGroupRow span.testStatus.failed {
            color: red;
        }

        .cardContainer.testGroupList .testGroupRow span.testTitle {
            font-size: 0.9em;
            padding: 12px 0 10px;
            display: inline-block;
            pointer-events: none;
            color: #525252;
            text-overflow: ellipsis;
            overflow: hidden;
            width: calc(100% - 110px);
        }

        .cardContainer.testGroupList .testGroupRow span.testDuration {
            pointer-events: none;
        }

        .cardContainer.testGroupList .testGroupRow {
            position: relative;
            border-left: 4px #43c143 solid;
        }

        .cardContainer.testGroupList .testGroupRow.skipped {
            color: gray;
            border-left: 4px gray solid;
        }

        .cardContainer.testGroupList .testGroupRow.failed {
            color: red;
            border-left: 4px red solid;
        }

        .cardContainer.testGroupList .testGroupRow:hover {
            background-color: #fffaea;
            transition: 0.250s;
        }

        .cardContainer .testOutput {
            padding: 8px 16px 24px 16px;
        }

        .cardContainer .console {
            display: block;
            font-family: monospace;
            padding: 10px;
            background-color: #424242;
            color: #1aff00;
            border-bottom: 1px #1aff00 dotted;
            overflow: auto;
            font-size: 1.1em;
        }

        .cardContainer .testOutput .testDetail {
            border-bottom: 1px #d0d0d0 solid;
            padding: 16px;
            background-color: #e6e6e6;
            border-radius: 0 0 4px 4px;
            color: dimgrey;
            font-size: 0.8em;
        }

        .cardContainer .console.skipped{
            color: #d9d9d9;
        }

        .cardContainer .console.failed {
            color: #ffb2b2;
        }

        .cardContainer .testDuration {
            position: absolute;
            top: 5px;
            right: 8px;
            text-align: right;
            padding-right: 8px;
            box-sizing: border-box;
        }
    </style>
</head>
<body>
<div class="pageHeader">
    <span class="projectTitle">0Chain Flaky system test suite [fix_cfg/a5c80247] ran against [dev-5.devnet-0chain.net] at [2023-08-07_12.02.16]</span>
    <div class="testStats">
        <span class="total"><span class="indicator">&boxbox;</span> Total: <strong>11</strong>Duration: <strong>1ms</strong>
        </span><span class="passed"><span class="indicator">&check;</span> Passed: <strong>4</strong>
        </span><span class="skipped"><span class="indicator">&dash;</span> Skipped: <strong>3</strong>
        </span><span class="failed"><span class="indicator">&cross;</span> Failed: <strong>4</strong>
        </span>
    </div>
    <span class="testGroupsTitle">Test Groups:</span>
    <span class="testExecutionDate">August 7, 2023 12:29:09</span>
</div>
<div class="testReportContainer">
    <div class="cardContainer">
        <div id="testResults">
            
                <div class="testResultGroup  skipped" id="0"></div>
            
                <div class="testResultGroup  " id="1"></div>
            
                <div class="testResultGroup  skipped" id="2"></div>
            
                <div class="testResultGroup  " id="3"></div>
            
                <div class="testResultGroup  " id="4"></div>
            
                <div class="testResultGroup failed " id="5"></div>
            
                <div class="testResultGroup failed " id="6"></div>
            
                <div class="testResultGroup  skipped" id="7"></div>
            
                <div class="testResultGroup failed " id="8"></div>
            
                <div class="testResultGroup failed " id="9"></div>
            
                <div class="testResultGroup  " id="10"></div>
            
        </div>
    </div>
    <div class="cardContainer testGroupList" id="testGroupList"></div>
</div>
<script type="application/javascript">
    /**
 * @typedef TestStatus
 * @property {string} TestName
 * @property {string} Package
 * @property {number} ElapsedTime
 * @property {Array.<string>} Output
 * @property {boolean} Passed
 * @property {boolean} Skipped
 */
class TestStatus {}

/**
 * @typedef TestGroupData
 * @type {object}
 * @property {string} FailureIndicator
 * @property {string} SkippedIndicator
 * @property {Array.<TestStatus>}
 */
class TestGroupData {}

/**
 * @typedef TestResults
 * @type {Array.<TestGroupData>}
 */
class TestResults extends Array {}

/**
 * @typedef SelectedItems
 * @property {HTMLElement|EventTarget} testResults
 * @property {String} selectedTestGroupColor
 */
class SelectedItems {}

/**
 * @typedef GoTestReportElements
 * @property {TestResults} data
 * @property {HTMLElement} testResultsElem
 * @property {HTMLElement} testGroupListElem
 */
class GoTestReportElements {}


/**
 * Main entry point for GoTestReport.
 * @param {GoTestReportElements} elements
 * @returns {{testResultsClickHandler: testResultsClickHandler}}
 * @constructor
 */
window.GoTestReport = function (elements) {
  const /**@type {SelectedItems}*/ selectedItems = {
    testResults: null,
    selectedTestGroupColor: null
  }

  function addEventData(event) {
    if (event.data == null) {
      event.data = {target: event.target}
    }
    return event
  }


  const goTestReport = {
    /**
     * Invoked when a user clicks on one of the test group div elements.
     * @param {HTMLElement} target The element associated with the test group.
     * @param {boolean} shiftKey If pressed, all of test detail associated to the test group is shown.
     * @param {TestResults} data
     * @param {SelectedItems} selectedItems
     * @param {function(target: Element, data: TestResults)} testGroupListHandler
     */
    testResultsClickHandler: function (target,
                                       shiftKey,
                                       data,
                                       selectedItems,
                                       testGroupListHandler) {

      if (target.classList.contains('testResultGroup') === false) {
        return
      }
      if (selectedItems.testResults != null) {
        let testResultsElement = /**@type {HTMLElement}*/ selectedItems.testResults
        testResultsElement.classList.remove("selected")
        testResultsElement.style.backgroundColor = selectedItems.selectedTestGroupColor
      }
      const testGroupId = /**@type {number}*/ target.id
      if ((target.id === undefined)
        || (data[testGroupId] === undefined)
        || (data[testGroupId]['TestResults'] === undefined)) {
        return
      }
      const testResults = /**@type {TestResults}*/ data[testGroupId]['TestResults']
      let testGroupList = /**@type {string}*/ ''
      selectedItems.selectedTestGroupColor = getComputedStyle(target).getPropertyValue('background-color')
      selectedItems.testResults = target
      target.classList.add("selected")
      for (let i = 0; i < testResults.length; i++) {
        const testResult = /**@type {TestGroupData}*/ testResults[i]
        const testPassed = /**@type {boolean}*/ testResult.Passed
        const testSkipped = /**@type {boolean}*/ testResult.Skipped
        const testPassedStatus = /**@type {string}*/ (testPassed) ? '' : (testSkipped ? 'skipped' : 'failed')
        const testId = /**@type {string}*/ target.attributes['id'].value
        testGroupList += `<div class="testGroupRow ${testPassedStatus}" data-groupid="${testId}" data-index="${i}">
        <span class="testStatus ${testPassedStatus}">${(testPassed) ? '&check' : (testSkipped ? '&dash' : '&cross')};</span>
        <span class="testTitle">${testResult.TestName}</span>
        <span class="testDuration"><span>${testResult.ElapsedTime}s </span>‚è±</span>
      </div>`
      }
      const testGroupListElem = elements.testGroupListElem
      testGroupListElem.innerHTML = ''
      testGroupListElem.innerHTML = testGroupList

      if (shiftKey) {
        testGroupListElem.querySelectorAll('.testGroupRow')
                         .forEach((elem) => testGroupListHandler(elem, data))
      } else if (testResults.length === 1) {
        testGroupListHandler(testGroupListElem.querySelector('.testGroupRow'), data)
      }
    },

    /**
     *
     * @param {Element} target
     * @param {TestResults} data
     */
    testGroupListHandler: function (target, data) {
      const attribs = target['attributes']
      if (attribs.hasOwnProperty('data-groupid')) {
        const groupId = /**@type {number}*/ attribs['data-groupid'].value
        const testIndex = /**@type {number}*/ attribs['data-index'].value
        const testStatus = /**@type {TestStatus}*/ data[groupId]['TestResults'][testIndex]
        const testOutputDiv = /**@type {HTMLDivElement}*/ target.querySelector('div.testOutput')

        if (testOutputDiv == null) {
          const testOutputDiv = document.createElement('div')
          testOutputDiv.classList.add('testOutput')
          const consolePre = document.createElement('pre')
          consolePre.classList.add('console')
          const testDetailDiv = document.createElement('div')
          testDetailDiv.classList.add('testDetail')
          const packageNameDiv = document.createElement('div')
          packageNameDiv.classList.add('package')
          packageNameDiv.innerHTML = `<strong>Package:</strong> ${testStatus.Package}`
          const testFileNameDiv = document.createElement('div')
          testFileNameDiv.classList.add('filename')
          if (testStatus.TestFileName.trim() === "") {
            testFileNameDiv.innerHTML = `<strong>Filename:</strong> n/a &nbsp;&nbsp;`
          } else {
            testFileNameDiv.innerHTML = `<strong>Filename:</strong> ${testStatus.TestFileName} &nbsp;&nbsp;`
            testFileNameDiv.innerHTML += `<strong>Line:</strong> ${testStatus.TestFunctionDetail.Line} `
            testFileNameDiv.innerHTML += `<strong>Col:</strong> ${testStatus.TestFunctionDetail.Col}`
          }
          testDetailDiv.insertAdjacentElement('beforeend', packageNameDiv)
          testDetailDiv.insertAdjacentElement('beforeend', testFileNameDiv)
          testOutputDiv.insertAdjacentElement('afterbegin', consolePre)
          testOutputDiv.insertAdjacentElement('beforeend', testDetailDiv)
          target.insertAdjacentElement('beforeend', testOutputDiv)

          if (testStatus.Passed) {
            consolePre.classList.remove('skipped')
            consolePre.classList.remove('failed')
          } else if (testStatus.Skipped) {
            consolePre.classList.add('skipped')
            consolePre.classList.remove('failed')
          } else {
            consolePre.classList.remove('skipped')
            consolePre.classList.add('failed')
          }
          consolePre.textContent = testStatus.Output.join('')
        } else {
          testOutputDiv.remove()
        }
      }
    }
  }

  //+------------------------+
  //|    setup DOM events    |
  //+------------------------+
  elements.testResultsElem
          .addEventListener('click', event =>
            goTestReport.testResultsClickHandler(/**@type {HTMLElement}*/ addEventData(event).data.target,
                                                 event.shiftKey,
                                                 elements.data,
                                                 selectedItems,
                                                 goTestReport.testGroupListHandler))

  elements.testGroupListElem
          .addEventListener('click', event =>
            goTestReport.testGroupListHandler(/**@type {Element}*/ event.target,
                                              elements.data))

  return goTestReport
}


    

    const data = [{"FailureIndicator":"","SkippedIndicator":"skipped","TestResults":[{"TestName":"Test___FlakyBrokenScenarios","Package":"github.com/0chain/system_test/tests/cli_tests","ElapsedTime":0,"Output":["","    flaky___broken_scenarios_test.go:30: \n","--- SKIP: Test___FlakyBrokenScenarios (0.00s)\n",""],"Passed":false,"Skipped":true,"TestFileName":"flaky___broken_scenarios_test.go","TestFunctionDetail":{"Line":27,"Col":1}}]},{"FailureIndicator":"","SkippedIndicator":"","TestResults":[{"TestName":"Test___FlakyFileCopy","Package":"github.com/0chain/system_test/tests/cli_tests","ElapsedTime":0,"Output":["","--- PASS: Test___FlakyFileCopy (0.00s)",""],"Passed":true,"Skipped":false,"TestFileName":"flaky___flaky_test.go","TestFunctionDetail":{"Line":411,"Col":1}}]},{"FailureIndicator":"","SkippedIndicator":"skipped","TestResults":[{"TestName":"Test___FlakyFileCopy/File_copy_-_Users_should_not_be_charged_for_moving_a_file_","Package":"github.com/0chain/system_test/tests/cli_tests","ElapsedTime":0,"Output":["","    flaky___flaky_test.go:415: Test case [File copy - Users should not be charged for moving a file ] scheduled at [08-07-2023 12:27:02] \n","","","    system_test_framework.go:149: Test case [File copy - Users should not be charged for moving a file ] start at [08-07-2023 12:27:02] \n","    flaky___flaky_test.go:416: Test calculations are flaky in  CLI\n","    flaky___flaky_test.go:415: Test case [File copy - Users should not be charged for moving a file ] exit at [08-07-2023 12:27:02]\n","--- SKIP: Test___FlakyFileCopy/File_copy_-_Users_should_not_be_charged_for_moving_a_file_ (0.00s)\n",""],"Passed":false,"Skipped":true,"TestFileName":"","TestFunctionDetail":{"Line":0,"Col":0}}]},{"FailureIndicator":"","SkippedIndicator":"","TestResults":[{"TestName":"Test___FlakyFileDelete","Package":"github.com/0chain/system_test/tests/cli_tests","ElapsedTime":0,"Output":["","--- PASS: Test___FlakyFileDelete (0.00s)",""],"Passed":true,"Skipped":false,"TestFileName":"flaky___flaky_test.go","TestFunctionDetail":{"Line":242,"Col":1}}]},{"FailureIndicator":"","SkippedIndicator":"","TestResults":[{"TestName":"Test___FlakyFileDelete/Delete_file_concurrently_in_existing_directory,_should_work","Package":"github.com/0chain/system_test/tests/cli_tests","ElapsedTime":115.33,"Output":["","    flaky___flaky_test.go:246: Test case [Delete file concurrently in existing directory, should work] scheduled at [08-07-2023 12:25:07] \n","","","    system_test_framework.go:149: Test case [Delete file concurrently in existing directory, should work] start at [08-07-2023 12:25:07] \n","    zwalletcli_register_wallet_test.go:123: creating wallet...\n","    zboxcli_update_allocation_test.go:1035: Executing faucet...\n","    zwalletcli_register_wallet_test.go:140: faucet output: [No wallet in path  config/Test___FlakyFileDelete-Delete_file_concurrently_in_existing_directory,_should_work_wallet.json found. Creating wallet... ZCN wallet created!! Execute faucet smart contract success with txn :  09078df713ffac5bfe4c2ae379ca00237bfff0dc7b4a990ffb835fe2fa2a44de]\n","    zboxcli_update_allocation_test.go:1035: Executing faucet...\n","    zboxcli_create_allocation_test.go:457: Creating new allocation...\n","    zboxcli_file_upload_test.go:932: Uploading file /tmp/W4UlzOQgpN_test.txt to allocation 1eff7d097eb029350f53ad0976e4ccea523415c53e67cc041b15aefcd4b4095c with remotepath /W4UlzOQgpN_test.txt\n","    zboxcli_file_upload_test.go:932: Uploading file /tmp/rhm7o5nxSs_test.txt to allocation 1eff7d097eb029350f53ad0976e4ccea523415c53e67cc041b15aefcd4b4095c with remotepath /rhm7o5nxSs_test.txt\n","    zboxcli_file_upload_test.go:890: Uploading file...\n","    zboxcli_file_upload_test.go:890: Uploading file...\n","    utils.go:67: \u001b[33mCommand failed on attempt [1/3] due to error [exit status 1]. Output: [0 / 256    0.00% 256 / 256  100.00% 256 / 256  100.00% 30s -\u003cNEWLINE\u003e- Error in file operation: consensus_not_met: Upload commit failed. Required consensus atleast 3, got 0 -\u003cNEWLINE\u003e- Upload failed. consensus_not_met: Upload commit failed. Required consensus atleast 3, got 0]\n","    zboxcli_file_delete_test.go:344: Deleting file...\n","    utils.go:63: \u001b[32mCommand passed on retry [2/3]. Output: [0 / 256    0.00% 256 / 256  100.00% 0s -\u003cNEWLINE\u003e- Status completed callback. Type = application/octet-stream. Name = W4UlzOQgpN_test.txt]\n","    zboxcli_file_delete_test.go:344: Deleting file...\n","    utils.go:138: Waiting 10s...\n","    zboxcli_list_file_test.go:638: Listing individual file in allocation...\n","    utils.go:67: \u001b[33mCommand failed on attempt [1/3] due to error [exit status 1]. Output: [error from server list response: {\"code\":\"invalid_parameters\",\"error\":\"invalid_parameters: Invalid path record not found\"}]\n","    utils.go:67: \u001b[33mCommand failed on attempt [2/3] due to error [exit status 1]. Output: [error from server list response: {\"code\":\"invalid_parameters\",\"error\":\"invalid_parameters: Invalid path record not found\"}]\n","    utils.go:70: \u001b[31mCommand failed on final attempt [3/3] due to error [exit status 1]. Command String: [./zbox list --allocation 1eff7d097eb029350f53ad0976e4ccea523415c53e67cc041b15aefcd4b4095c --remotepath /W4UlzOQgpN_test.txt --json --silent --wallet Test___FlakyFileDelete-Delete_file_concurrently_in_existing_directory,_should_work_wallet.json --configDir ./config --config ./zbox_config.yaml] Output: [error from server list response: {\"code\":\"invalid_parameters\",\"error\":\"invalid_parameters: Invalid path record not found\"}]\n","    utils.go:73: \u001b[31mThe verbose output for the command is:\n","    utils.go:77: \u001b[31m0chain-core-sdk [INFO]   2023/08/07 12:26:47.796423 wallet_base.go:327: ******* Wallet SDK Version:v1.8.16-110-g29cbe380 ******* (SetLogFile)\n","    utils.go:77: \u001b[31m0box-sdk        [INFO]   2023/08/07 12:26:47.796534 sdk.go:78: ******* Storage SDK Version: v1.8.16-110-g29cbe380 *******\n","    utils.go:77: \u001b[31m0chain-core-sdk [INFO]   2023/08/07 12:26:47.837970 transaction_base.go:140: ******* Wallet SDK Version:v1.8.16-110-g29cbe380 ******* (InitZCNSDK)\n","    utils.go:77: \u001b[31m0box-sdk        [DEBUG]  2023/08/07 12:26:47.849295 networkworker.go:105: Get network result:{\"miners\":[\"https://dev-5.devnet-0chain.net/miner02\",\"https://dev-5.devnet-0chain.net/miner01\",\"https://dev-5.devnet-0chain.net/miner03\"],\"sharders\":[\"https://dev-5.devnet-0chain.net/sharder02\",\"https://dev-5.devnet-0chain.net/sharder01\"]}\n","    utils.go:77: \u001b[31m0box-sdk        [DEBUG]  2023/08/07 12:26:47.867590 listworker.go:112: List result from Blobber:{\"code\":\"invalid_parameters\",\"error\":\"invalid_parameters: Invalid path record not found\"}\n","    utils.go:77: \u001b[31m0box-sdk        [DEBUG]  2023/08/07 12:26:47.871643 listworker.go:112: List result from Blobber:{\"code\":\"invalid_parameters\",\"error\":\"invalid_parameters: Invalid path record not found\"}\n","    utils.go:77: \u001b[31m0box-sdk        [DEBUG]  2023/08/07 12:26:47.877458 listworker.go:112: List result from Blobber:{\"code\":\"invalid_parameters\",\"error\":\"invalid_parameters: Invalid path record not found\"}\n","    utils.go:77: \u001b[31m0box-sdk        [DEBUG]  2023/08/07 12:26:47.877481 listworker.go:112: List result from Blobber:{\"code\":\"invalid_parameters\",\"error\":\"invalid_parameters: Invalid path record not found\"}\n","    utils.go:77: \u001b[31merror from server list response: {\"code\":\"invalid_parameters\",\"error\":\"invalid_parameters: Invalid path record not found\"}\n","    utils.go:138: Waiting 10s...\n","    zboxcli_list_file_test.go:638: Listing individual file in allocation...\n","    utils.go:67: \u001b[33mCommand failed on attempt [1/3] due to error [exit status 1]. Output: [error from server list response: {\"code\":\"invalid_parameters\",\"error\":\"invalid_parameters: Invalid path record not found\"}]\n","    utils.go:67: \u001b[33mCommand failed on attempt [2/3] due to error [exit status 1]. Output: [error from server list response: {\"code\":\"invalid_parameters\",\"error\":\"invalid_parameters: Invalid path record not found\"}]\n","    utils.go:70: \u001b[31mCommand failed on final attempt [3/3] due to error [exit status 1]. Command String: [./zbox list --allocation 1eff7d097eb029350f53ad0976e4ccea523415c53e67cc041b15aefcd4b4095c --remotepath /rhm7o5nxSs_test.txt --json --silent --wallet Test___FlakyFileDelete-Delete_file_concurrently_in_existing_directory,_should_work_wallet.json --configDir ./config --config ./zbox_config.yaml] Output: [error from server list response: {\"code\":\"invalid_parameters\",\"error\":\"invalid_parameters: Invalid path record not found\"}]\n","    utils.go:73: \u001b[31mThe verbose output for the command is:\n","    utils.go:77: \u001b[31m0chain-core-sdk [INFO]   2023/08/07 12:27:02.433504 wallet_base.go:327: ******* Wallet SDK Version:v1.8.16-110-g29cbe380 ******* (SetLogFile)\n","    utils.go:77: \u001b[31m0box-sdk        [INFO]   2023/08/07 12:27:02.433629 sdk.go:78: ******* Storage SDK Version: v1.8.16-110-g29cbe380 *******\n","    utils.go:77: \u001b[31m0chain-core-sdk [INFO]   2023/08/07 12:27:02.519905 transaction_base.go:140: ******* Wallet SDK Version:v1.8.16-110-g29cbe380 ******* (InitZCNSDK)\n","    utils.go:77: \u001b[31m0box-sdk        [DEBUG]  2023/08/07 12:27:02.534545 networkworker.go:105: Get network result:{\"miners\":[\"https://dev-5.devnet-0chain.net/miner02\",\"https://dev-5.devnet-0chain.net/miner01\",\"https://dev-5.devnet-0chain.net/miner03\"],\"sharders\":[\"https://dev-5.devnet-0chain.net/sharder02\",\"https://dev-5.devnet-0chain.net/sharder01\"]}\n","    utils.go:77: \u001b[31m0box-sdk        [DEBUG]  2023/08/07 12:27:02.580081 listworker.go:112: List result from Blobber:{\"code\":\"invalid_parameters\",\"error\":\"invalid_parameters: Invalid path record not found\"}\n","    utils.go:77: \u001b[31m0box-sdk        [DEBUG]  2023/08/07 12:27:02.583997 listworker.go:112: List result from Blobber:{\"code\":\"invalid_parameters\",\"error\":\"invalid_parameters: Invalid path record not found\"}\n","    utils.go:77: \u001b[31m0box-sdk        [DEBUG]  2023/08/07 12:27:02.585417 listworker.go:112: List result from Blobber:{\"code\":\"invalid_parameters\",\"error\":\"invalid_parameters: Invalid path record not found\"}\n","    utils.go:77: \u001b[31m0box-sdk        [DEBUG]  2023/08/07 12:27:02.586159 listworker.go:112: List result from Blobber:{\"code\":\"invalid_parameters\",\"error\":\"invalid_parameters: Invalid path record not found\"}\n","    utils.go:77: \u001b[31merror from server list response: {\"code\":\"invalid_parameters\",\"error\":\"invalid_parameters: Invalid path record not found\"}\n","    flaky___flaky_test.go:246: Test case [Delete file concurrently in existing directory, should work] exit at [08-07-2023 12:27:02]\n","--- PASS: Test___FlakyFileDelete/Delete_file_concurrently_in_existing_directory,_should_work (115.33s)",""],"Passed":true,"Skipped":false,"TestFileName":"","TestFunctionDetail":{"Line":0,"Col":0}}]},{"FailureIndicator":"failed","SkippedIndicator":"","TestResults":[{"TestName":"Test___FlakyFileRename","Package":"github.com/0chain/system_test/tests/cli_tests","ElapsedTime":0,"Output":["","","",""],"Passed":false,"Skipped":false,"TestFileName":"flaky___flaky_test.go","TestFunctionDetail":{"Line":306,"Col":1}}]},{"FailureIndicator":"failed","SkippedIndicator":"","TestResults":[{"TestName":"Test___FlakyFileRename/Rename_and_delete_file_concurrently,_should_work","Package":"github.com/0chain/system_test/tests/cli_tests","ElapsedTime":127.03,"Output":["","    flaky___flaky_test.go:312: Test case [Rename and delete file concurrently, should work] scheduled at [08-07-2023 12:27:02] \n","","","    system_test_framework.go:149: Test case [Rename and delete file concurrently, should work] start at [08-07-2023 12:27:02] \n","    zwalletcli_register_wallet_test.go:123: creating wallet...\n","    zboxcli_update_allocation_test.go:1035: Executing faucet...\n","    zwalletcli_register_wallet_test.go:140: faucet output: [No wallet in path  config/Test___FlakyFileRename-Rename_and_delete_file_concurrently,_should_work_wallet.json found. Creating wallet... ZCN wallet created!! Execute faucet smart contract success with txn :  3676d2e7d26250a896a7ac34cbc2d32ac6f560c84c78031851f3579bd401ead1]\n","    zboxcli_update_allocation_test.go:1035: Executing faucet...\n","    zboxcli_create_allocation_test.go:457: Creating new allocation...\n","    zboxcli_file_upload_test.go:932: Uploading file /tmp/GjaS70J88Y_test.txt to allocation 99d9d61dad5d3437e233e1263496aaeac0902b6e4cbe25bcd5320042d4033268 with remotepath /GjaS70J88Y_test.txt\n","    zboxcli_file_upload_test.go:890: Uploading file...\n","    zboxcli_file_upload_test.go:932: Uploading file /tmp/dhZEh18e9G_test.txt to allocation 99d9d61dad5d3437e233e1263496aaeac0902b6e4cbe25bcd5320042d4033268 with remotepath /dhZEh18e9G_test.txt\n","    zboxcli_file_upload_test.go:890: Uploading file...\n","    zboxcli_file_upload_test.go:932: Uploading file /tmp/ppwb-RATU9_test.txt to allocation 99d9d61dad5d3437e233e1263496aaeac0902b6e4cbe25bcd5320042d4033268 with remotepath /ppwb-RATU9_test.txt\n","    zboxcli_file_upload_test.go:890: Uploading file...\n","    zboxcli_file_upload_test.go:932: Uploading file /tmp/hDMXl3aK1c_test.txt to allocation 99d9d61dad5d3437e233e1263496aaeac0902b6e4cbe25bcd5320042d4033268 with remotepath /hDMXl3aK1c_test.txt\n","    zboxcli_file_upload_test.go:890: Uploading file...\n","    zboxcli_file_delete_test.go:344: Deleting file...\n","    zboxcli_common_user_functions_test.go:178: Renaming file...\n","    zboxcli_common_user_functions_test.go:178: Renaming file...\n","    zboxcli_file_delete_test.go:344: Deleting file...\n","    utils.go:67: \u001b[33mCommand failed on attempt [1/3] due to error [exit status 1]. Output: [consensus_not_met: Required consensus 3 got 2. Error: commit_error: Got error response {\"error\":\"allocation_root_mismatch: Allocation root in the write marker does not match the calculated allocation root. Expected hash: 7cde0f3cd2ae75907fd34d74eaddeea09e45a7046e723e788836d5f90907ba87\"} -\u003cNEWLINE\u003e- with status 400\tcommit_error: Got error response {\"error\":\"allocation_root_mismatch: Allocation root in the write marker does not match the calculated allocation root. Expected hash: dd1dc5aed5fafba48e45b93b21b2f7791cd10960beba46326ff57e4908049deb\"} -\u003cNEWLINE\u003e- with status 400]\n","    utils.go:67: \u001b[33mCommand failed on attempt [1/3] due to error [exit status 1]. Output: [Delete failed. consensus_not_met: Consensus on commit not met. Required 3, got 2]\n","    utils.go:67: \u001b[33mCommand failed on attempt [2/3] due to error [exit status 1]. Output: [rename_failed: Rename failed. ref not found: /GjaS70J88Y_test.txt]\n","    utils.go:63: \u001b[32mCommand passed on retry [2/3]. Output: [/ppwb-RATU9_test.txt deleted]\n","    utils.go:70: \u001b[31mCommand failed on final attempt [3/3] due to error [exit status 1]. Command String: [./zbox rename --allocation 99d9d61dad5d3437e233e1263496aaeac0902b6e4cbe25bcd5320042d4033268 --remotepath /GjaS70J88Y_test.txt --destname p5vz53jPVc_test.txt --silent --wallet Test___FlakyFileRename-Rename_and_delete_file_concurrently,_should_work_wallet.json --configDir ./config --config ./zbox_config.yaml] Output: [rename_failed: Rename failed. ref not found: /GjaS70J88Y_test.txt]\n","    utils.go:73: \u001b[31mThe verbose output for the command is:\n","    utils.go:77: \u001b[31m0chain-core-sdk [INFO]   2023/08/07 12:29:09.553368 wallet_base.go:327: ******* Wallet SDK Version:v1.8.16-110-g29cbe380 ******* (SetLogFile)\n","    utils.go:77: \u001b[31m0box-sdk        [INFO]   2023/08/07 12:29:09.553521 sdk.go:78: ******* Storage SDK Version: v1.8.16-110-g29cbe380 *******\n","    utils.go:77: \u001b[31m0chain-core-sdk [INFO]   2023/08/07 12:29:09.579983 transaction_base.go:140: ******* Wallet SDK Version:v1.8.16-110-g29cbe380 ******* (InitZCNSDK)\n","    utils.go:77: \u001b[31m0box-sdk        [DEBUG]  2023/08/07 12:29:09.589041 networkworker.go:105: Get network result:{\"miners\":[\"https://dev-5.devnet-0chain.net/miner02\",\"https://dev-5.devnet-0chain.net/miner01\",\"https://dev-5.devnet-0chain.net/miner03\"],\"sharders\":[\"https://dev-5.devnet-0chain.net/sharder02\",\"https://dev-5.devnet-0chain.net/sharder01\"]}\n","    utils.go:77: \u001b[31m0box-sdk        \u001b[31m[ERROR]  2023/08/07 12:29:09.605859 common.go:37: Object tree response : 404\u001b[0m\n","    utils.go:77: \u001b[31m0box-sdk        \u001b[31m[ERROR]  2023/08/07 12:29:09.605889 renameworker.go:175: ref not found: /GjaS70J88Y_test.txt\u001b[0m\n","    utils.go:77: \u001b[31m0box-sdk        \u001b[31m[ERROR]  2023/08/07 12:29:09.610442 common.go:37: Object tree response : 404\u001b[0m\n","    utils.go:77: \u001b[31m0box-sdk        \u001b[31m[ERROR]  2023/08/07 12:29:09.610491 renameworker.go:175: ref not found: /GjaS70J88Y_test.txt\u001b[0m\n","    utils.go:77: \u001b[31m0box-sdk        [INFO]   2023/08/07 12:29:09.611091 common.go:50: Object tree:{\"meta_data\":{\"actual_file_hash\":\"33ea12d96f31da4e54b08bbf9f3408b94b0a665261fca144ab6d6d2f45d27fea\",\"actual_file_hash_signature\":\"95104d05c6647811e7ad282751441467912196c3f8c8d717a7b84ccf305f8411\",\"actual_file_size\":256,\"actual_thumbnail_hash\":\"\",\"actual_thumbnail_size\":0,\"allocation_id\":\"99d9d61dad5d3437e233e1263496aaeac0902b6e4cbe25bcd5320042d4033268\",\"chunk_size\":65536,\"created_at\":1691404034,\"custom_meta\":\"\",\"encrypted_key\":\"\",\"file_id\":\"f162f704-6f4b-5805-85a4-d748e4e86983\",\"file_meta_hash\":\"3258c38168bcf41bcde9eb96215e92f2f2c4731546d8eb9b7ca563916581dfb9\",\"fixed_merkle_root\":\"614de93d51073c0632353665092cac2b9872c4e6d44000cca9f2d764cfa827a5\",\"hash\":\"4d6ab8f300c2036159241f291ac9bc097e9349486ad76020f6c0b566ad3d7f5a\",\"is_precommit\":false,\"lookup_hash\":\"a67b6b6488a8b5b0ecb24e54b9563e712b4eb6e1c569265f2ef13815340c1c3a\",\"mimetype\":\"application/octet-stream\",\"name\":\"GjaS70J88Y_test.txt\",\"num_of_blocks\":1,\"path\":\"/","GjaS70J88Y_test.txt\",\"path_hash\":\"a67b6b6488a8b5b0ecb24e54b9563e712b4eb6e1c569265f2ef13815340c1c3a\",\"prev_thumbnail_hash\":\"\",\"prev_validation_root\":\"a1a99e8a2d982dd679ede17fbca86a9c3a1dd641789c5b5c84463a3af4cba44f\",\"size\":128,\"thumbnail_hash\":\"\",\"thumbnail_size\":0,\"type\":\"f\",\"updated_at\":1691404034,\"validation_root\":\"a1a99e8a2d982dd679ede17fbca86a9c3a1dd641789c5b5c84463a3af4cba44f\",\"validation_root_signature\":\"f8afdd7824414c9fb263f43b8c69dc3f6cc5ab518c1de6e4c050776471039583\"},\"Ref\":{\"ID\":140,\"FileID\":\"f162f704-6f4b-5805-85a4-d748e4e86983\",\"Type\":\"f\",\"AllocationID\":\"99d9d61dad5d3437e233e1263496aaeac0902b6e4cbe25bcd5320042d4033268\",\"LookupHash\":\"a67b6b6488a8b5b0ecb24e54b9563e712b4eb6e1c569265f2ef13815340c1c3a\",\"Name\":\"GjaS70J88Y_test.txt\",\"Path\":\"/GjaS70J88Y_test.txt\",\"FileMetaHash\":\"3258c38168bcf41bcde9eb96215e92f2f2c4731546d8eb9b7ca563916581dfb9\",\"Hash\":\"4d6ab8f300c2036159241f291ac9bc097e9349486ad76020f6c0b566ad3d7f5a\",\"NumBlocks\":1,\"PathHash\":\"a67b6b6488a8b5b0ecb24e54b9563e712b4eb6e1c569265f2ef13815340c1c3a\"",",\"ParentPath\":\"/\",\"PathLevel\":2,\"CustomMeta\":\"\",\"ValidationRoot\":\"a1a99e8a2d982dd679ede17fbca86a9c3a1dd641789c5b5c84463a3af4cba44f\",\"prev_validation_root\":\"a1a99e8a2d982dd679ede17fbca86a9c3a1dd641789c5b5c84463a3af4cba44f\",\"validation_root_signature\":\"f8afdd7824414c9fb263f43b8c69dc3f6cc5ab518c1de6e4c050776471039583\",\"Size\":128,\"FixedMerkleRoot\":\"614de93d51073c0632353665092cac2b9872c4e6d44000cca9f2d764cfa827a5\",\"ActualFileSize\":256,\"actual_file_hash_signature\":\"95104d05c6647811e7ad282751441467912196c3f8c8d717a7b84ccf305f8411\",\"ActualFileHash\":\"33ea12d96f31da4e54b08bbf9f3408b94b0a665261fca144ab6d6d2f45d27fea\",\"MimeType\":\"application/octet-stream\",\"AllocationRoot\":\"608739200f0ae7b31e44914667ed295045a4114309d2f2576faa5fb0f37a57dd\",\"ThumbnailSize\":0,\"ThumbnailHash\":\"\",\"PrevThumbnailHash\":\"\",\"ActualThumbnailSize\":0,\"ActualThumbnailHash\":\"\",\"EncryptedKey\":\"\",\"Children\":null,\"CreatedAt\":1691404034,\"UpdatedAt\":1691404034,\"DeletedAt\":null,\"IsPrecommit\":false,\"ChunkSize\":65536,\"HashToBeComputed\":false},\"latest_write_mark","er\":{\"allocation_root\":\"53bce5c31cb96a9a3691265e714f1de47e2de30421114c605a4f4759bf27dc21\",\"prev_allocation_root\":\"961d8b3217fbc3d36c990d7645abddc238af9f02429af5de8970c06b2e3cdec1\",\"file_meta_root\":\"5093f28b9d7e163fc1fc954aad6530bbde5ca120ccffaa67bd3f0c7c28a9d537\",\"allocation_id\":\"99d9d61dad5d3437e233e1263496aaeac0902b6e4cbe25bcd5320042d4033268\",\"size\":-128,\"blobber_id\":\"3812b813bdbba23d548442add2e49d24edd1a178ba0e8daf878599270a2be0ae\",\"timestamp\":1691404111,\"client_id\":\"1b035c46235c900d701d14c179ec27461027dc93be272109f4c93ed3f9b96fe2\",\"signature\":\"e1c7f78bc7f907ed529b84dbd3bdc9f9abc58c14b85482a15a4d6e98879b3d8e\"}}\n","    utils.go:77: \u001b[31m0box-sdk        [INFO]   2023/08/07 12:29:09.614801 common.go:50: Object tree:{\"meta_data\":{\"actual_file_hash\":\"33ea12d96f31da4e54b08bbf9f3408b94b0a665261fca144ab6d6d2f45d27fea\",\"actual_file_hash_signature\":\"95104d05c6647811e7ad282751441467912196c3f8c8d717a7b84ccf305f8411\",\"actual_file_size\":256,\"actual_thumbnail_hash\":\"\",\"actual_thumbnail_size\":0,\"allocation_id\":\"99d9d61dad5d3437e233e1263496aaeac0902b6e4cbe25bcd5320042d4033268\",\"chunk_size\":65536,\"created_at\":1691404034,\"custom_meta\":\"\",\"encrypted_key\":\"\",\"file_id\":\"f162f704-6f4b-5805-85a4-d748e4e86983\",\"file_meta_hash\":\"3258c38168bcf41bcde9eb96215e92f2f2c4731546d8eb9b7ca563916581dfb9\",\"fixed_merkle_root\":\"2bf237f7461197dec8438ab097891f5472f945f0f38940c0a4b2e186a227149e\",\"hash\":\"af750d5df8ffac1e5add72572e0622eb2a732fabf55e59e2df1c494ff69f79e9\",\"is_precommit\":false,\"lookup_hash\":\"a67b6b6488a8b5b0ecb24e54b9563e712b4eb6e1c569265f2ef13815340c1c3a\",\"mimetype\":\"application/octet-stream\",\"name\":\"GjaS70J88Y_test.txt\",\"num_of_blocks\":1,\"path\":\"/","GjaS70J88Y_test.txt\",\"path_hash\":\"a67b6b6488a8b5b0ecb24e54b9563e712b4eb6e1c569265f2ef13815340c1c3a\",\"prev_thumbnail_hash\":\"\",\"prev_validation_root\":\"22c7430e44aeaa3335aa03dc8dddad9a98adff9a13633728175d1e022a59c8d7\",\"size\":128,\"thumbnail_hash\":\"\",\"thumbnail_size\":0,\"type\":\"f\",\"updated_at\":1691404034,\"validation_root\":\"22c7430e44aeaa3335aa03dc8dddad9a98adff9a13633728175d1e022a59c8d7\",\"validation_root_signature\":\"50e58a3addbc0770a9e6dcf4a25459a5f647ef57797dc356ea9b3a392036209d\"},\"Ref\":{\"ID\":140,\"FileID\":\"f162f704-6f4b-5805-85a4-d748e4e86983\",\"Type\":\"f\",\"AllocationID\":\"99d9d61dad5d3437e233e1263496aaeac0902b6e4cbe25bcd5320042d4033268\",\"LookupHash\":\"a67b6b6488a8b5b0ecb24e54b9563e712b4eb6e1c569265f2ef13815340c1c3a\",\"Name\":\"GjaS70J88Y_test.txt\",\"Path\":\"/GjaS70J88Y_test.txt\",\"FileMetaHash\":\"3258c38168bcf41bcde9eb96215e92f2f2c4731546d8eb9b7ca563916581dfb9\",\"Hash\":\"af750d5df8ffac1e5add72572e0622eb2a732fabf55e59e2df1c494ff69f79e9\",\"NumBlocks\":1,\"PathHash\":\"a67b6b6488a8b5b0ecb24e54b9563e712b4eb6e1c569265f2ef13815340c1c3a\"",",\"ParentPath\":\"/\",\"PathLevel\":2,\"CustomMeta\":\"\",\"ValidationRoot\":\"22c7430e44aeaa3335aa03dc8dddad9a98adff9a13633728175d1e022a59c8d7\",\"prev_validation_root\":\"22c7430e44aeaa3335aa03dc8dddad9a98adff9a13633728175d1e022a59c8d7\",\"validation_root_signature\":\"50e58a3addbc0770a9e6dcf4a25459a5f647ef57797dc356ea9b3a392036209d\",\"Size\":128,\"FixedMerkleRoot\":\"2bf237f7461197dec8438ab097891f5472f945f0f38940c0a4b2e186a227149e\",\"ActualFileSize\":256,\"actual_file_hash_signature\":\"95104d05c6647811e7ad282751441467912196c3f8c8d717a7b84ccf305f8411\",\"ActualFileHash\":\"33ea12d96f31da4e54b08bbf9f3408b94b0a665261fca144ab6d6d2f45d27fea\",\"MimeType\":\"application/octet-stream\",\"AllocationRoot\":\"884bbe66bea457309526e6afd142288f82f2f23b12a8b97b2d60a10fb8eabb29\",\"ThumbnailSize\":0,\"ThumbnailHash\":\"\",\"PrevThumbnailHash\":\"\",\"ActualThumbnailSize\":0,\"ActualThumbnailHash\":\"\",\"EncryptedKey\":\"\",\"Children\":null,\"CreatedAt\":1691404034,\"UpdatedAt\":1691404034,\"DeletedAt\":null,\"IsPrecommit\":false,\"ChunkSize\":65536,\"HashToBeComputed\":false},\"latest_write_mark","er\":{\"allocation_root\":\"14db6d95e2d1e350f0c5c3e835898453cef9de2326a5b9f3083177543f9bb773\",\"prev_allocation_root\":\"c3a8ce143aa0624726d8879ea7410fc1c635c3a6ffaa5cd39b11b39469593fa9\",\"file_meta_root\":\"5093f28b9d7e163fc1fc954aad6530bbde5ca120ccffaa67bd3f0c7c28a9d537\",\"allocation_id\":\"99d9d61dad5d3437e233e1263496aaeac0902b6e4cbe25bcd5320042d4033268\",\"size\":-128,\"blobber_id\":\"45d0de870ee7cd36f83fd633c9989b9e640f0b386c639aa6c178923f3e968fc1\",\"timestamp\":1691404111,\"client_id\":\"1b035c46235c900d701d14c179ec27461027dc93be272109f4c93ed3f9b96fe2\",\"signature\":\"f228d73398f636177d942198b3f58a6b0ef8ae7abaf23ad8282e5e32e1f5009d\"}}\n","    utils.go:77: \u001b[31m0box-sdk        [INFO]   2023/08/07 12:29:09.616442 renameworker.go:126: https://dev-5.devnet-0chain.net/blobber04 /GjaS70J88Y_test.txt renamed.\n","    utils.go:77: \u001b[31m0box-sdk        [INFO]   2023/08/07 12:29:09.619473 renameworker.go:126: https://dev-5.devnet-0chain.net/blobber05 /GjaS70J88Y_test.txt renamed.\n","    utils.go:77: \u001b[31mrename_failed: Rename failed. ref not found: /GjaS70J88Y_test.txt\n","    assertions.go:264: \n","        \tError Trace:\t/root/actions-runner5/_work/system_test/system_test/tests/cli_tests/flaky___flaky_test.go:383\n","        \t            \t\t\t\t/root/actions-runner5/_work/system_test/system_test/tests/cli_tests/system_test_framework.go:150\n","        \t            \t\t\t\t/root/actions-runner5/_work/system_test/system_test/tests/cli_tests/asm_amd64.s:1598\n","        \tError:      \tExpected nil, but got: \u0026exec.ExitError{ProcessState:(*os.ProcessState)(0xc0007b6150), Stderr:[]uint8(nil)}\n","        \tTest:       \tTest___FlakyFileRename/Rename_and_delete_file_concurrently,_should_work\n","        \tMessages:   \trename_failed: Rename failed. ref not found: /GjaS70J88Y_test.txt\n","    flaky___flaky_test.go:312: Test case [Rename and delete file concurrently, should work] exit at [08-07-2023 12:29:09]\n",""],"Passed":false,"Skipped":false,"TestFileName":"","TestFunctionDetail":{"Line":0,"Col":0}}]},{"FailureIndicator":"","SkippedIndicator":"skipped","TestResults":[{"TestName":"Test___FlakyScenariosCommonUserFunctions","Package":"github.com/0chain/system_test/tests/cli_tests","ElapsedTime":0,"Output":["","    flaky___flaky_test.go:25: \n","--- SKIP: Test___FlakyScenariosCommonUserFunctions (0.00s)\n",""],"Passed":false,"Skipped":true,"TestFileName":"flaky___flaky_test.go","TestFunctionDetail":{"Line":22,"Col":1}}]},{"FailureIndicator":"failed","SkippedIndicator":"","TestResults":[{"TestName":"Test___FlakyTransferAllocation","Package":"github.com/0chain/system_test/tests/cli_tests","ElapsedTime":0,"Output":["",""],"Passed":false,"Skipped":false,"TestFileName":"flaky___flaky_test.go","TestFunctionDetail":{"Line":90,"Col":1}}]},{"FailureIndicator":"failed","SkippedIndicator":"","TestResults":[{"TestName":"Test___FlakyTransferAllocation/transfer_allocation_accounting_test","Package":"github.com/0chain/system_test/tests/cli_tests","ElapsedTime":38.7,"Output":["","    flaky___flaky_test.go:94: Test case [transfer allocation accounting test] scheduled at [08-07-2023 12:24:18] \n","","","    system_test_framework.go:149: Test case [transfer allocation accounting test] start at [08-07-2023 12:24:18] \n","    zwalletcli_register_wallet_test.go:123: creating wallet...\n","    zboxcli_update_allocation_test.go:1035: Executing faucet...\n","    zwalletcli_register_wallet_test.go:140: faucet output: [No wallet in path  config/Test___FlakyTransferAllocation-transfer_allocation_accounting_test_wallet.json found. Creating wallet... ZCN wallet created!! Execute faucet smart contract success with txn :  68ef5b20b83265aa39ccf6d32d8f00790e54157e7abe81c6407efa803045091f]\n","    zboxcli_update_allocation_test.go:1035: Executing faucet...\n","    zboxcli_create_allocation_test.go:457: Creating new allocation...\n","    zboxcli_file_upload_test.go:890: Uploading file...\n","    zwalletcli_register_wallet_test.go:123: creating wallet...\n","    zboxcli_update_allocation_test.go:1035: Executing faucet...\n","    zwalletcli_register_wallet_test.go:140: faucet output: [No wallet in path  config/Test___FlakyTransferAllocation-transfer_allocation_accounting_test_NEW_OWNER_wallet.json found. Creating wallet... ZCN wallet created!! Execute faucet smart contract success with txn :  e7b2c88e3e7b0c0328310867c32bedb7ce964aa64cfceca483ef6ee7277b713a]\n","    zboxcli_update_allocation_test.go:1035: Executing faucet...\n","    zwalletcli_register_wallet_test.go:210: Getting wallet...\n","    zboxcli_common_user_functions_test.go:226: Get Allocation...\n","    zboxcli_transfer_allocation_test.go:428: Transferring allocation ownership...\n","    zboxcli_transfer_allocation_test.go:445: Polling for 5 minutes until allocation ownership changed...\n","    utils.go:138: Waiting 5s...\n","    zboxcli_create_dir_test.go:331: Listing all...\n","    utils.go:138: Waiting 5s...\n","    assertions.go:264: \n","        \tError Trace:\t/root/actions-runner5/_work/system_test/system_test/tests/cli_tests/flaky___flaky_test.go:145\n","        \t            \t\t\t\t/root/actions-runner5/_work/system_test/system_test/tests/cli_tests/system_test_framework.go:150\n","        \t            \t\t\t\t/root/actions-runner5/_work/system_test/system_test/tests/cli_tests/asm_amd64.s:1598\n","        \tError:      \tNot equal: \n","        \t            \texpected: 4.4\n","        \t            \tactual  : 1.98\n","        \tTest:       \tTest___FlakyTransferAllocation/transfer_allocation_accounting_test\n","    flaky___flaky_test.go:94: Test case [transfer allocation accounting test] exit at [08-07-2023 12:24:57]\n",""],"Passed":false,"Skipped":false,"TestFileName":"","TestFunctionDetail":{"Line":0,"Col":0}}]},{"FailureIndicator":"","SkippedIndicator":"","TestResults":[{"TestName":"Test___FlakyTransferAllocation/transfer_allocation_and_upload_file","Package":"github.com/0chain/system_test/tests/cli_tests","ElapsedTime":48.55,"Output":["","    flaky___flaky_test.go:176: Test case [transfer allocation and upload file] scheduled at [08-07-2023 12:24:18] \n","","","    system_test_framework.go:149: Test case [transfer allocation and upload file] start at [08-07-2023 12:24:18] \n","    zwalletcli_register_wallet_test.go:123: creating wallet...\n","    zboxcli_update_allocation_test.go:1035: Executing faucet...\n","    zwalletcli_register_wallet_test.go:140: faucet output: [No wallet in path  config/Test___FlakyTransferAllocation-transfer_allocation_and_upload_file_wallet.json found. Creating wallet... ZCN wallet created!! Execute faucet smart contract success with txn :  7caf5088cfb8772504ec2f68a2b797aed09a018fb3d02259ca86f8193002ed5b]\n","    zboxcli_update_allocation_test.go:1035: Executing faucet...\n","    zboxcli_create_allocation_test.go:457: Creating new allocation...\n","    zboxcli_file_upload_test.go:890: Uploading file...\n","    zwalletcli_register_wallet_test.go:123: creating wallet...\n","    zboxcli_update_allocation_test.go:1035: Executing faucet...\n","    zwalletcli_register_wallet_test.go:140: faucet output: [No wallet in path  config/Test___FlakyTransferAllocation-transfer_allocation_and_upload_file_NEW_OWNER_wallet.json found. Creating wallet... ZCN wallet created!! Execute faucet smart contract success with txn :  4c72d2183e0c08a9194c5ccc433d8172300f58345a4645fd1b30a8fc032d402c]\n","    zboxcli_update_allocation_test.go:1035: Executing faucet...\n","    zwalletcli_register_wallet_test.go:210: Getting wallet...\n","    zboxcli_transfer_allocation_test.go:428: Transferring allocation ownership...\n","    zboxcli_transfer_allocation_test.go:445: Polling for 5 minutes until allocation ownership changed...\n","    utils.go:138: Waiting 5s...\n","    zboxcli_create_dir_test.go:331: Listing all...\n","    zboxcli_wp_lock_unlock_test.go:272: Locking write tokens...\n","    zboxcli_file_upload_test.go:890: Uploading file...\n","    flaky___flaky_test.go:176: Test case [transfer allocation and upload file] exit at [08-07-2023 12:25:07]\n","--- PASS: Test___FlakyTransferAllocation/transfer_allocation_and_upload_file (48.55s)",""],"Passed":true,"Skipped":false,"TestFileName":"","TestFunctionDetail":{"Line":0,"Col":0}}]}]

    const report = window.GoTestReport({
                                         data: data,
                                         testResultsElem: document.getElementById('testResults'),
                                         testGroupListElem: document.getElementById('testGroupList')
                                       });


</script>
</body>
</html>
