<!DOCTYPE html>
<html lang="en">
<head>
    <meta charset="UTF-8">
    <title>0Chain Flaky system test suite [master/2e49ef35] ran against [dev-9.devnet-0chain.net] at [2023-06-20_11.35.45]</title>
    <style type="text/css">
        body {
            font-family: sans-serif;
            background-color: #f3f3f3;
            border-top: 2px #dee6e8 solid;
            margin: 0;
        }

        div.pageHeader span.projectTitle {
            font-family: serif;
            font-size: 2em;
            padding-left: 56px;
            padding-top: 80px;
            display: block;
            color: #a5a5a5;
            text-shadow: 0 -1px 1px white;
        }

        div.pageHeader div.testStats {
            position: absolute;
            top: 7px;
            right: 52px;
            font-size: 0.8em;
            color: #a2a2a2;
        }

        div.pageHeader div.testStats span.indicator {
            font-size: 2em;
            position: relative;
            top: 5px;
            text-shadow: 0 1px 0 white;
        }

        div.pageHeader div.testStats span strong {
            margin-right: 16px;
        }

        div.pageHeader div.testStats span.total {
            border-right: 1px #afafaf dotted;
            background: #8298af;
        }

        div.pageHeader div.testStats span.passed {
            border-right: 1px #afafaf dotted;
            background: #6fca83;
        }

        div.pageHeader div.testStats span.skipped {
            background: #bababa;
        }

        div.pageHeader div.testStats span.failed {
            background: #ff7676;
        }

        div.pageHeader div.testStats span {
            margin-right: 1px;
            height: 55px;
            padding: 20px 8px 18px;
            color: white;
        }

        div.pageHeader .testGroupsTitle {
            margin: 16px 32px 8px 40px;
            font-size: 0.9em;
            color: darkgrey;
            display: inline-block;
        }

        div.pageHeader .testExecutionDate {
            display: inline-block;
            position: absolute;
            right: 10px;
            margin: 14px 32px 8px 40px;
            color: #9e9e9e;
            font-size: 0.9em;
        }

        .testReportContainer {
            padding: 0 32px 32px 32px;
        }

        .cardContainer {
            padding: 16px 16px 16px;
            box-shadow: 0 4px 4px #d4d4d4;
            background-color: white;
        }

        #testResults {
            display: flex;
            flex-wrap: wrap;
        }

        .testResultGroup {
            width: 24px;
            height: 24px;
            background-color: #43c143;
            margin-left: 1px;
            margin-bottom: 1px;
            box-sizing: border-box;
        }

        .testResultGroup.selected {
            border: 1px white solid;
            background-color: black !important;
        }

        .testResultGroup.skipped {
            border: 2px gray solid;
        }

        .testResultGroup.failed {
            background-color: red;
        }

        .cardContainer.testGroupList,
        .cardContainer.testDetail {
            margin-top: 16px;
            padding: 16px;
        }

        .cardContainer.testGroupList {
            color: #9c9c9c;
            padding: 0;
        }

        .cardContainer.testGroupList .testGroupRow {
            cursor: default;
            border-bottom: 1px #dadada dotted;
        }

        .cardContainer.testGroupList .testGroupRow span.testStatus {
            font-size: 1.2em;
            font-weight: bold;
            color: #139e13;
            pointer-events: none;
            display: inline-block;
            overflow: hidden;
            float: left;
            padding-top: 10px;
            padding-left: 20px;
            padding-right: 12px;
        }

        .cardContainer.testGroupList .testGroupRow span.testStatus.skipped {
            color: gray;
        }

        .cardContainer.testGroupList .testGroupRow span.testStatus.failed {
            color: red;
        }

        .cardContainer.testGroupList .testGroupRow span.testTitle {
            font-size: 0.9em;
            padding: 12px 0 10px;
            display: inline-block;
            pointer-events: none;
            color: #525252;
            text-overflow: ellipsis;
            overflow: hidden;
            width: calc(100% - 110px);
        }

        .cardContainer.testGroupList .testGroupRow span.testDuration {
            pointer-events: none;
        }

        .cardContainer.testGroupList .testGroupRow {
            position: relative;
            border-left: 4px #43c143 solid;
        }

        .cardContainer.testGroupList .testGroupRow.skipped {
            color: gray;
            border-left: 4px gray solid;
        }

        .cardContainer.testGroupList .testGroupRow.failed {
            color: red;
            border-left: 4px red solid;
        }

        .cardContainer.testGroupList .testGroupRow:hover {
            background-color: #fffaea;
            transition: 0.250s;
        }

        .cardContainer .testOutput {
            padding: 8px 16px 24px 16px;
        }

        .cardContainer .console {
            display: block;
            font-family: monospace;
            padding: 10px;
            background-color: #424242;
            color: #1aff00;
            border-bottom: 1px #1aff00 dotted;
            overflow: auto;
            font-size: 1.1em;
        }

        .cardContainer .testOutput .testDetail {
            border-bottom: 1px #d0d0d0 solid;
            padding: 16px;
            background-color: #e6e6e6;
            border-radius: 0 0 4px 4px;
            color: dimgrey;
            font-size: 0.8em;
        }

        .cardContainer .console.skipped{
            color: #d9d9d9;
        }

        .cardContainer .console.failed {
            color: #ffb2b2;
        }

        .cardContainer .testDuration {
            position: absolute;
            top: 5px;
            right: 8px;
            text-align: right;
            padding-right: 8px;
            box-sizing: border-box;
        }
    </style>
</head>
<body>
<div class="pageHeader">
    <span class="projectTitle">0Chain Flaky system test suite [master/2e49ef35] ran against [dev-9.devnet-0chain.net] at [2023-06-20_11.35.45]</span>
    <div class="testStats">
        <span class="total"><span class="indicator">&boxbox;</span> Total: <strong>11</strong>Duration: <strong>1ms</strong>
        </span><span class="passed"><span class="indicator">&check;</span> Passed: <strong>5</strong>
        </span><span class="skipped"><span class="indicator">&dash;</span> Skipped: <strong>3</strong>
        </span><span class="failed"><span class="indicator">&cross;</span> Failed: <strong>3</strong>
        </span>
    </div>
    <span class="testGroupsTitle">Test Groups:</span>
    <span class="testExecutionDate">June 20, 2023 12:43:31</span>
</div>
<div class="testReportContainer">
    <div class="cardContainer">
        <div id="testResults">
            
                <div class="testResultGroup  skipped" id="0"></div>
            
                <div class="testResultGroup  " id="1"></div>
            
                <div class="testResultGroup  skipped" id="2"></div>
            
                <div class="testResultGroup  " id="3"></div>
            
                <div class="testResultGroup  " id="4"></div>
            
                <div class="testResultGroup  " id="5"></div>
            
                <div class="testResultGroup  " id="6"></div>
            
                <div class="testResultGroup  skipped" id="7"></div>
            
                <div class="testResultGroup failed " id="8"></div>
            
                <div class="testResultGroup failed " id="9"></div>
            
                <div class="testResultGroup failed " id="10"></div>
            
        </div>
    </div>
    <div class="cardContainer testGroupList" id="testGroupList"></div>
</div>
<script type="application/javascript">
    /**
 * @typedef TestStatus
 * @property {string} TestName
 * @property {string} Package
 * @property {number} ElapsedTime
 * @property {Array.<string>} Output
 * @property {boolean} Passed
 * @property {boolean} Skipped
 */
class TestStatus {}

/**
 * @typedef TestGroupData
 * @type {object}
 * @property {string} FailureIndicator
 * @property {string} SkippedIndicator
 * @property {Array.<TestStatus>}
 */
class TestGroupData {}

/**
 * @typedef TestResults
 * @type {Array.<TestGroupData>}
 */
class TestResults extends Array {}

/**
 * @typedef SelectedItems
 * @property {HTMLElement|EventTarget} testResults
 * @property {String} selectedTestGroupColor
 */
class SelectedItems {}

/**
 * @typedef GoTestReportElements
 * @property {TestResults} data
 * @property {HTMLElement} testResultsElem
 * @property {HTMLElement} testGroupListElem
 */
class GoTestReportElements {}


/**
 * Main entry point for GoTestReport.
 * @param {GoTestReportElements} elements
 * @returns {{testResultsClickHandler: testResultsClickHandler}}
 * @constructor
 */
window.GoTestReport = function (elements) {
  const /**@type {SelectedItems}*/ selectedItems = {
    testResults: null,
    selectedTestGroupColor: null
  }

  function addEventData(event) {
    if (event.data == null) {
      event.data = {target: event.target}
    }
    return event
  }


  const goTestReport = {
    /**
     * Invoked when a user clicks on one of the test group div elements.
     * @param {HTMLElement} target The element associated with the test group.
     * @param {boolean} shiftKey If pressed, all of test detail associated to the test group is shown.
     * @param {TestResults} data
     * @param {SelectedItems} selectedItems
     * @param {function(target: Element, data: TestResults)} testGroupListHandler
     */
    testResultsClickHandler: function (target,
                                       shiftKey,
                                       data,
                                       selectedItems,
                                       testGroupListHandler) {

      if (target.classList.contains('testResultGroup') === false) {
        return
      }
      if (selectedItems.testResults != null) {
        let testResultsElement = /**@type {HTMLElement}*/ selectedItems.testResults
        testResultsElement.classList.remove("selected")
        testResultsElement.style.backgroundColor = selectedItems.selectedTestGroupColor
      }
      const testGroupId = /**@type {number}*/ target.id
      if ((target.id === undefined)
        || (data[testGroupId] === undefined)
        || (data[testGroupId]['TestResults'] === undefined)) {
        return
      }
      const testResults = /**@type {TestResults}*/ data[testGroupId]['TestResults']
      let testGroupList = /**@type {string}*/ ''
      selectedItems.selectedTestGroupColor = getComputedStyle(target).getPropertyValue('background-color')
      selectedItems.testResults = target
      target.classList.add("selected")
      for (let i = 0; i < testResults.length; i++) {
        const testResult = /**@type {TestGroupData}*/ testResults[i]
        const testPassed = /**@type {boolean}*/ testResult.Passed
        const testSkipped = /**@type {boolean}*/ testResult.Skipped
        const testPassedStatus = /**@type {string}*/ (testPassed) ? '' : (testSkipped ? 'skipped' : 'failed')
        const testId = /**@type {string}*/ target.attributes['id'].value
        testGroupList += `<div class="testGroupRow ${testPassedStatus}" data-groupid="${testId}" data-index="${i}">
        <span class="testStatus ${testPassedStatus}">${(testPassed) ? '&check' : (testSkipped ? '&dash' : '&cross')};</span>
        <span class="testTitle">${testResult.TestName}</span>
        <span class="testDuration"><span>${testResult.ElapsedTime}s </span>‚è±</span>
      </div>`
      }
      const testGroupListElem = elements.testGroupListElem
      testGroupListElem.innerHTML = ''
      testGroupListElem.innerHTML = testGroupList

      if (shiftKey) {
        testGroupListElem.querySelectorAll('.testGroupRow')
                         .forEach((elem) => testGroupListHandler(elem, data))
      } else if (testResults.length === 1) {
        testGroupListHandler(testGroupListElem.querySelector('.testGroupRow'), data)
      }
    },

    /**
     *
     * @param {Element} target
     * @param {TestResults} data
     */
    testGroupListHandler: function (target, data) {
      const attribs = target['attributes']
      if (attribs.hasOwnProperty('data-groupid')) {
        const groupId = /**@type {number}*/ attribs['data-groupid'].value
        const testIndex = /**@type {number}*/ attribs['data-index'].value
        const testStatus = /**@type {TestStatus}*/ data[groupId]['TestResults'][testIndex]
        const testOutputDiv = /**@type {HTMLDivElement}*/ target.querySelector('div.testOutput')

        if (testOutputDiv == null) {
          const testOutputDiv = document.createElement('div')
          testOutputDiv.classList.add('testOutput')
          const consolePre = document.createElement('pre')
          consolePre.classList.add('console')
          const testDetailDiv = document.createElement('div')
          testDetailDiv.classList.add('testDetail')
          const packageNameDiv = document.createElement('div')
          packageNameDiv.classList.add('package')
          packageNameDiv.innerHTML = `<strong>Package:</strong> ${testStatus.Package}`
          const testFileNameDiv = document.createElement('div')
          testFileNameDiv.classList.add('filename')
          if (testStatus.TestFileName.trim() === "") {
            testFileNameDiv.innerHTML = `<strong>Filename:</strong> n/a &nbsp;&nbsp;`
          } else {
            testFileNameDiv.innerHTML = `<strong>Filename:</strong> ${testStatus.TestFileName} &nbsp;&nbsp;`
            testFileNameDiv.innerHTML += `<strong>Line:</strong> ${testStatus.TestFunctionDetail.Line} `
            testFileNameDiv.innerHTML += `<strong>Col:</strong> ${testStatus.TestFunctionDetail.Col}`
          }
          testDetailDiv.insertAdjacentElement('beforeend', packageNameDiv)
          testDetailDiv.insertAdjacentElement('beforeend', testFileNameDiv)
          testOutputDiv.insertAdjacentElement('afterbegin', consolePre)
          testOutputDiv.insertAdjacentElement('beforeend', testDetailDiv)
          target.insertAdjacentElement('beforeend', testOutputDiv)

          if (testStatus.Passed) {
            consolePre.classList.remove('skipped')
            consolePre.classList.remove('failed')
          } else if (testStatus.Skipped) {
            consolePre.classList.add('skipped')
            consolePre.classList.remove('failed')
          } else {
            consolePre.classList.remove('skipped')
            consolePre.classList.add('failed')
          }
          consolePre.textContent = testStatus.Output.join('')
        } else {
          testOutputDiv.remove()
        }
      }
    }
  }

  //+------------------------+
  //|    setup DOM events    |
  //+------------------------+
  elements.testResultsElem
          .addEventListener('click', event =>
            goTestReport.testResultsClickHandler(/**@type {HTMLElement}*/ addEventData(event).data.target,
                                                 event.shiftKey,
                                                 elements.data,
                                                 selectedItems,
                                                 goTestReport.testGroupListHandler))

  elements.testGroupListElem
          .addEventListener('click', event =>
            goTestReport.testGroupListHandler(/**@type {Element}*/ event.target,
                                              elements.data))

  return goTestReport
}


    

    const data = [{"FailureIndicator":"","SkippedIndicator":"skipped","TestResults":[{"TestName":"Test___FlakyBrokenScenarios","Package":"github.com/0chain/system_test/tests/cli_tests","ElapsedTime":0,"Output":["","    flaky___broken_scenarios_test.go:30: \n","--- SKIP: Test___FlakyBrokenScenarios (0.00s)\n",""],"Passed":false,"Skipped":true,"TestFileName":"flaky___broken_scenarios_test.go","TestFunctionDetail":{"Line":27,"Col":1}}]},{"FailureIndicator":"","SkippedIndicator":"","TestResults":[{"TestName":"Test___FlakyFileCopy","Package":"github.com/0chain/system_test/tests/cli_tests","ElapsedTime":0,"Output":["","--- PASS: Test___FlakyFileCopy (0.00s)",""],"Passed":true,"Skipped":false,"TestFileName":"flaky___flaky_test.go","TestFunctionDetail":{"Line":411,"Col":1}}]},{"FailureIndicator":"","SkippedIndicator":"skipped","TestResults":[{"TestName":"Test___FlakyFileCopy/File_copy_-_Users_should_not_be_charged_for_moving_a_file_","Package":"github.com/0chain/system_test/tests/cli_tests","ElapsedTime":0,"Output":["","    flaky___flaky_test.go:415: Test case [File copy - Users should not be charged for moving a file ] scheduled at [06-20-2023 12:41:42] \n","","","    system_test_framework.go:149: Test case [File copy - Users should not be charged for moving a file ] start at [06-20-2023 12:41:42] \n","    flaky___flaky_test.go:416: Test calculations are flaky in  CLI\n","    flaky___flaky_test.go:415: Test case [File copy - Users should not be charged for moving a file ] exit at [06-20-2023 12:41:42]\n","--- SKIP: Test___FlakyFileCopy/File_copy_-_Users_should_not_be_charged_for_moving_a_file_ (0.00s)\n",""],"Passed":false,"Skipped":true,"TestFileName":"","TestFunctionDetail":{"Line":0,"Col":0}}]},{"FailureIndicator":"","SkippedIndicator":"","TestResults":[{"TestName":"Test___FlakyFileDelete","Package":"github.com/0chain/system_test/tests/cli_tests","ElapsedTime":0,"Output":["","--- PASS: Test___FlakyFileDelete (0.00s)",""],"Passed":true,"Skipped":false,"TestFileName":"flaky___flaky_test.go","TestFunctionDetail":{"Line":242,"Col":1}}]},{"FailureIndicator":"","SkippedIndicator":"","TestResults":[{"TestName":"Test___FlakyFileDelete/Delete_file_concurrently_in_existing_directory,_should_work","Package":"github.com/0chain/system_test/tests/cli_tests","ElapsedTime":92.35,"Output":["","    flaky___flaky_test.go:246: Test case [Delete file concurrently in existing directory, should work] scheduled at [06-20-2023 12:40:10] \n","","","    system_test_framework.go:149: Test case [Delete file concurrently in existing directory, should work] start at [06-20-2023 12:40:10] \n","    zwalletcli_register_wallet_test.go:123: creating wallet...\n","    zboxcli_update_allocation_test.go:1110: Executing faucet...\n","    zwalletcli_register_wallet_test.go:140: faucet output: [No wallet in path  config/Test___FlakyFileDelete-Delete_file_concurrently_in_existing_directory,_should_work_wallet.json found. Creating wallet... ZCN wallet created!! Execute faucet smart contract success with txn :  67bf2b4e3e2f50f237a31f8c784ee3d76ff8aaa71a6153eabc445a476b00826e]\n","    zboxcli_update_allocation_test.go:1110: Executing faucet...\n","    zboxcli_create_allocation_test.go:459: Creating new allocation...\n","    zboxcli_file_upload_test.go:959: Uploading file /tmp/CdYCvjXxL3_test.txt to allocation 060b0def2b96965d619d92297bf0607d75861e3ec1e174896617c4b1fced278e with remotepath /CdYCvjXxL3_test.txt\n","    zboxcli_file_upload_test.go:917: Uploading file...\n","    zboxcli_file_upload_test.go:959: Uploading file /tmp/w-Y9izN4Ol_test.txt to allocation 060b0def2b96965d619d92297bf0607d75861e3ec1e174896617c4b1fced278e with remotepath /w-Y9izN4Ol_test.txt\n","    zboxcli_file_upload_test.go:917: Uploading file...\n","    utils.go:67: \u001b[33mCommand failed on attempt [1/3] due to error [exit status 1]. Output: [0 / 256    0.00% 0 / 256    0.00% 0s -\u003cNEWLINE\u003e- Error in file operation: upload_failed: Upload failed. bad request: {\"code\":\"invalid_parameters\",\"error\":\"invalid_parameters: Invalid allocation id passed.verify_allocation: verifying allocation transaction error: ERROR: duplicate key value violates unique constraint \\\"allocations_pkey\\\" (SQLSTATE 23505)\"} -\u003cNEWLINE\u003e- Upload failed. upload_failed: Upload failed. bad request: {\"code\":\"invalid_parameters\",\"error\":\"invalid_parameters: Invalid allocation id passed.verify_allocation: verifying allocation transaction error: ERROR: duplicate key value violates unique constraint \\\"allocations_pkey\\\" (SQLSTATE 23505)\"}]\n","    utils.go:67: \u001b[33mCommand failed on attempt [1/3] due to error [exit status 1]. Output: [0 / 256    0.00% 0 / 256    0.00% 0s -\u003cNEWLINE\u003e- Error in file operation: upload_failed: Upload failed. bad request: {\"code\":\"invalid_parameters\",\"error\":\"invalid_parameters: Invalid allocation id passed.verify_allocation: verifying allocation transaction error: ERROR: duplicate key value violates unique constraint \\\"allocations_pkey\\\" (SQLSTATE 23505)\"} -\u003cNEWLINE\u003e- Upload failed. upload_failed: Upload failed. bad request: {\"code\":\"invalid_parameters\",\"error\":\"invalid_parameters: Invalid allocation id passed.verify_allocation: verifying allocation transaction error: ERROR: duplicate key value violates unique constraint \\\"allocations_pkey\\\" (SQLSTATE 23505)\"}]\n","    utils.go:63: \u001b[32mCommand passed on retry [2/3]. Output: [0 / 256    0.00% 256 / 256  100.00% 0s -\u003cNEWLINE\u003e- Status completed callback. Type = application/octet-stream. Name = w-Y9izN4Ol_test.txt]\n","    zboxcli_file_delete_test.go:344: Deleting file...\n","    utils.go:63: \u001b[32mCommand passed on retry [2/3]. Output: [0 / 256    0.00% 256 / 256  100.00% 256 / 256  100.00% 8s -\u003cNEWLINE\u003e- Status completed callback. Type = application/octet-stream. Name = CdYCvjXxL3_test.txt]\n","    zboxcli_file_delete_test.go:344: Deleting file...\n","    utils.go:138: Waiting 10s...\n","    zboxcli_list_file_test.go:638: Listing individual file in allocation...\n","    utils.go:67: \u001b[33mCommand failed on attempt [1/3] due to error [exit status 1]. Output: [error from server list response: {\"code\":\"invalid_parameters\",\"error\":\"invalid_parameters: Invalid path record not found\"}]\n","    utils.go:67: \u001b[33mCommand failed on attempt [2/3] due to error [exit status 1]. Output: [error from server list response: {\"code\":\"invalid_parameters\",\"error\":\"invalid_parameters: Invalid path record not found\"}]\n","    utils.go:70: \u001b[31mCommand failed on final attempt [3/3] due to error [exit status 1]. Command String: [./zbox list --allocation 060b0def2b96965d619d92297bf0607d75861e3ec1e174896617c4b1fced278e --remotepath /w-Y9izN4Ol_test.txt --json --silent --wallet Test___FlakyFileDelete-Delete_file_concurrently_in_existing_directory,_should_work_wallet.json --configDir ./config --config ./zbox_config.yaml] Output: [error from server list response: {\"code\":\"invalid_parameters\",\"error\":\"invalid_parameters: Invalid path record not found\"}]\n","    utils.go:73: \u001b[31mThe verbose output for the command is:\n","    utils.go:77: \u001b[31m0chain-core-sdk [INFO]   2023/06/20 12:41:28.230081 wallet_base.go:310: ******* Wallet SDK Version:v1.8.16-38-g5ea0bf75 ******* (SetLogFile)\n","    utils.go:77: \u001b[31m0box-sdk        [INFO]   2023/06/20 12:41:28.230149 sdk.go:78: ******* Storage SDK Version: v1.8.16-38-g5ea0bf75 *******\n","    utils.go:77: \u001b[31m0chain-core-sdk [INFO]   2023/06/20 12:41:28.251216 transaction_base.go:139: ******* Wallet SDK Version:v1.8.16-38-g5ea0bf75 ******* (InitZCNSDK)\n","    utils.go:77: \u001b[31m0box-sdk        [DEBUG]  2023/06/20 12:41:28.261214 networkworker.go:105: Get network result:{\"miners\":[\"https://dev-9.devnet-0chain.net/miner02\",\"https://dev-9.devnet-0chain.net/miner01\",\"https://dev-9.devnet-0chain.net/miner03\"],\"sharders\":[\"https://dev-9.devnet-0chain.net/sharder02\",\"https://dev-9.devnet-0chain.net/sharder01\"]}\n","    utils.go:77: \u001b[31m0box-sdk        [DEBUG]  2023/06/20 12:41:28.272845 listworker.go:111: List result:{\"code\":\"invalid_parameters\",\"error\":\"invalid_parameters: Invalid path record not found\"}\n","    utils.go:77: \u001b[31m0box-sdk        [DEBUG]  2023/06/20 12:41:28.273460 listworker.go:111: List result:{\"code\":\"invalid_parameters\",\"error\":\"invalid_parameters: Invalid path record not found\"}\n","    utils.go:77: \u001b[31m0box-sdk        [DEBUG]  2023/06/20 12:41:28.277189 listworker.go:111: List result:{\"code\":\"invalid_parameters\",\"error\":\"invalid_parameters: Invalid path record not found\"}\n","    utils.go:77: \u001b[31m0box-sdk        [DEBUG]  2023/06/20 12:41:28.277230 listworker.go:111: List result:{\"code\":\"invalid_parameters\",\"error\":\"invalid_parameters: Invalid path record not found\"}\n","    utils.go:77: \u001b[31merror from server list response: {\"code\":\"invalid_parameters\",\"error\":\"invalid_parameters: Invalid path record not found\"}\n","    utils.go:138: Waiting 10s...\n","    zboxcli_list_file_test.go:638: Listing individual file in allocation...\n","    utils.go:67: \u001b[33mCommand failed on attempt [1/3] due to error [exit status 1]. Output: [error from server list response: {\"code\":\"invalid_parameters\",\"error\":\"invalid_parameters: Invalid path record not found\"}]\n","    utils.go:67: \u001b[33mCommand failed on attempt [2/3] due to error [exit status 1]. Output: [error from server list response: {\"code\":\"invalid_parameters\",\"error\":\"invalid_parameters: Invalid path record not found\"}]\n","    utils.go:70: \u001b[31mCommand failed on final attempt [3/3] due to error [exit status 1]. Command String: [./zbox list --allocation 060b0def2b96965d619d92297bf0607d75861e3ec1e174896617c4b1fced278e --remotepath /CdYCvjXxL3_test.txt --json --silent --wallet Test___FlakyFileDelete-Delete_file_concurrently_in_existing_directory,_should_work_wallet.json --configDir ./config --config ./zbox_config.yaml] Output: [error from server list response: {\"code\":\"invalid_parameters\",\"error\":\"invalid_parameters: Invalid path record not found\"}]\n","    utils.go:73: \u001b[31mThe verbose output for the command is:\n","    utils.go:77: \u001b[31m0chain-core-sdk [INFO]   2023/06/20 12:41:42.556884 wallet_base.go:310: ******* Wallet SDK Version:v1.8.16-38-g5ea0bf75 ******* (SetLogFile)\n","    utils.go:77: \u001b[31m0box-sdk        [INFO]   2023/06/20 12:41:42.556942 sdk.go:78: ******* Storage SDK Version: v1.8.16-38-g5ea0bf75 *******\n","    utils.go:77: \u001b[31m0chain-core-sdk [INFO]   2023/06/20 12:41:42.580275 transaction_base.go:139: ******* Wallet SDK Version:v1.8.16-38-g5ea0bf75 ******* (InitZCNSDK)\n","    utils.go:77: \u001b[31m0box-sdk        [DEBUG]  2023/06/20 12:41:42.590063 networkworker.go:105: Get network result:{\"miners\":[\"https://dev-9.devnet-0chain.net/miner02\",\"https://dev-9.devnet-0chain.net/miner01\",\"https://dev-9.devnet-0chain.net/miner03\"],\"sharders\":[\"https://dev-9.devnet-0chain.net/sharder02\",\"https://dev-9.devnet-0chain.net/sharder01\"]}\n","    utils.go:77: \u001b[31m0box-sdk        [DEBUG]  2023/06/20 12:41:42.603991 listworker.go:111: List result:{\"code\":\"invalid_parameters\",\"error\":\"invalid_parameters: Invalid path record not found\"}\n","    utils.go:77: \u001b[31m0box-sdk        [DEBUG]  2023/06/20 12:41:42.604436 listworker.go:111: List result:{\"code\":\"invalid_parameters\",\"error\":\"invalid_parameters: Invalid path record not found\"}\n","    utils.go:77: \u001b[31m0box-sdk        [DEBUG]  2023/06/20 12:41:42.607986 listworker.go:111: List result:{\"code\":\"invalid_parameters\",\"error\":\"invalid_parameters: Invalid path record not found\"}\n","    utils.go:77: \u001b[31m0box-sdk        [DEBUG]  2023/06/20 12:41:42.608006 listworker.go:111: List result:{\"code\":\"invalid_parameters\",\"error\":\"invalid_parameters: Invalid path record not found\"}\n","    utils.go:77: \u001b[31merror from server list response: {\"code\":\"invalid_parameters\",\"error\":\"invalid_parameters: Invalid path record not found\"}\n","    flaky___flaky_test.go:246: Test case [Delete file concurrently in existing directory, should work] exit at [06-20-2023 12:41:42]\n","--- PASS: Test___FlakyFileDelete/Delete_file_concurrently_in_existing_directory,_should_work (92.35s)",""],"Passed":true,"Skipped":false,"TestFileName":"","TestFunctionDetail":{"Line":0,"Col":0}}]},{"FailureIndicator":"","SkippedIndicator":"","TestResults":[{"TestName":"Test___FlakyFileRename","Package":"github.com/0chain/system_test/tests/cli_tests","ElapsedTime":0,"Output":["","","","--- PASS: Test___FlakyFileRename (0.00s)",""],"Passed":true,"Skipped":false,"TestFileName":"flaky___flaky_test.go","TestFunctionDetail":{"Line":306,"Col":1}}]},{"FailureIndicator":"","SkippedIndicator":"","TestResults":[{"TestName":"Test___FlakyFileRename/Rename_and_delete_file_concurrently,_should_work","Package":"github.com/0chain/system_test/tests/cli_tests","ElapsedTime":108.9,"Output":["","    flaky___flaky_test.go:312: Test case [Rename and delete file concurrently, should work] scheduled at [06-20-2023 12:41:42] \n","","","    system_test_framework.go:149: Test case [Rename and delete file concurrently, should work] start at [06-20-2023 12:41:42] \n","    zwalletcli_register_wallet_test.go:123: creating wallet...\n","    zboxcli_update_allocation_test.go:1110: Executing faucet...\n","    zwalletcli_register_wallet_test.go:140: faucet output: [No wallet in path  config/Test___FlakyFileRename-Rename_and_delete_file_concurrently,_should_work_wallet.json found. Creating wallet... ZCN wallet created!! Execute faucet smart contract success with txn :  15e9c7afea7640774e2bcbbd2e0b78d2a169db056f90b74f3202dc5197a87360]\n","    zboxcli_update_allocation_test.go:1110: Executing faucet...\n","    zboxcli_create_allocation_test.go:459: Creating new allocation...\n","    zboxcli_file_upload_test.go:959: Uploading file /tmp/dnG0UBKS-l_test.txt to allocation 4f145d4a5905ef1843473573341b714428336eda973c008327e417313f73d0c4 with remotepath /dnG0UBKS-l_test.txt\n","    zboxcli_file_upload_test.go:917: Uploading file...\n","    zboxcli_file_upload_test.go:959: Uploading file /tmp/DVsOxMLQMQ_test.txt to allocation 4f145d4a5905ef1843473573341b714428336eda973c008327e417313f73d0c4 with remotepath /DVsOxMLQMQ_test.txt\n","    zboxcli_file_upload_test.go:917: Uploading file...\n","    zboxcli_file_upload_test.go:959: Uploading file /tmp/1inyPY0n-I_test.txt to allocation 4f145d4a5905ef1843473573341b714428336eda973c008327e417313f73d0c4 with remotepath /1inyPY0n-I_test.txt\n","    zboxcli_file_upload_test.go:917: Uploading file...\n","    zboxcli_file_upload_test.go:959: Uploading file /tmp/w-wg4WajEU_test.txt to allocation 4f145d4a5905ef1843473573341b714428336eda973c008327e417313f73d0c4 with remotepath /w-wg4WajEU_test.txt\n","    zboxcli_file_upload_test.go:917: Uploading file...\n","    zboxcli_common_user_functions_test.go:180: Renaming file...\n","    zboxcli_file_delete_test.go:344: Deleting file...\n","    zboxcli_file_delete_test.go:344: Deleting file...\n","    zboxcli_common_user_functions_test.go:180: Renaming file...\n","    utils.go:67: \u001b[33mCommand failed on attempt [1/3] due to error [exit status 1]. Output: [consensus_not_met: Required consensus 3 got 0. Error: commit_error: Got error response {\"error\":\"allocation_root_mismatch: Allocation root in the write marker does not match the calculated allocation root. Expected hash: fef5f08795e9016ea6555c5084d39c67ebcce8aa2d12481318ad7254ea22c883\"} -\u003cNEWLINE\u003e- with status 400\tcommit_error: Got error response {\"error\":\"allocation_root_mismatch: Allocation root in the write marker does not match the calculated allocation root. Expected hash: 1a7a806b7b8752a8d25d3bb3a984f1f8030406e409fa53764593f13cfe94950d\"} -\u003cNEWLINE\u003e- with status 400\tcommit_error: Got error response {\"error\":\"allocation_root_mismatch: Allocation root in the write marker does not match the calculated allocation root. Expected hash: f5c5a6812c86ae8b0fdbe331a33ca570b0221d7dd93058413d5e34354a36044c\"} -\u003cNEWLINE\u003e- with status 400\tcommit_error: Got error response {\"error\":\"allocation_root_mismatch: Allocation root in the"," write marker does not match the calculated allocation root. Expected hash: 07c458f78cfaf3cb05592e0fa42ae6e7a7e8ffad5d47235317d5f518be7a8d8b\"} -\u003cNEWLINE\u003e- with status 400]\n","    utils.go:63: \u001b[32mCommand passed on retry [2/3]. Output: [/dnG0UBKS-l_test.txt renamed]\n","    utils.go:138: Waiting 10s...\n","    zboxcli_list_file_test.go:638: Listing individual file in allocation...\n","    utils.go:67: \u001b[33mCommand failed on attempt [1/3] due to error [exit status 1]. Output: [error from server list response: {\"code\":\"invalid_parameters\",\"error\":\"invalid_parameters: Invalid path record not found\"}]\n","    utils.go:67: \u001b[33mCommand failed on attempt [2/3] due to error [exit status 1]. Output: [error from server list response: {\"code\":\"invalid_parameters\",\"error\":\"invalid_parameters: Invalid path record not found\"}]\n","    utils.go:70: \u001b[31mCommand failed on final attempt [3/3] due to error [exit status 1]. Command String: [./zbox list --allocation 4f145d4a5905ef1843473573341b714428336eda973c008327e417313f73d0c4 --remotepath /1inyPY0n-I_test.txt --json --silent --wallet Test___FlakyFileRename-Rename_and_delete_file_concurrently,_should_work_wallet.json --configDir ./config --config ./zbox_config.yaml] Output: [error from server list response: {\"code\":\"invalid_parameters\",\"error\":\"invalid_parameters: Invalid path record not found\"}]\n","    utils.go:73: \u001b[31mThe verbose output for the command is:\n","    utils.go:77: \u001b[31m0chain-core-sdk [INFO]   2023/06/20 12:43:17.090505 wallet_base.go:310: ******* Wallet SDK Version:v1.8.16-38-g5ea0bf75 ******* (SetLogFile)\n","    utils.go:77: \u001b[31m0box-sdk        [INFO]   2023/06/20 12:43:17.090555 sdk.go:78: ******* Storage SDK Version: v1.8.16-38-g5ea0bf75 *******\n","    utils.go:77: \u001b[31m0chain-core-sdk [INFO]   2023/06/20 12:43:17.113425 transaction_base.go:139: ******* Wallet SDK Version:v1.8.16-38-g5ea0bf75 ******* (InitZCNSDK)\n","    utils.go:77: \u001b[31m0box-sdk        [DEBUG]  2023/06/20 12:43:17.121535 networkworker.go:105: Get network result:{\"miners\":[\"https://dev-9.devnet-0chain.net/miner02\",\"https://dev-9.devnet-0chain.net/miner01\",\"https://dev-9.devnet-0chain.net/miner03\"],\"sharders\":[\"https://dev-9.devnet-0chain.net/sharder02\",\"https://dev-9.devnet-0chain.net/sharder01\"]}\n","    utils.go:77: \u001b[31m0box-sdk        [DEBUG]  2023/06/20 12:43:17.135340 listworker.go:111: List result:{\"code\":\"invalid_parameters\",\"error\":\"invalid_parameters: Invalid path record not found\"}\n","    utils.go:77: \u001b[31m0box-sdk        [DEBUG]  2023/06/20 12:43:17.135459 listworker.go:111: List result:{\"code\":\"invalid_parameters\",\"error\":\"invalid_parameters: Invalid path record not found\"}\n","    utils.go:77: \u001b[31m0box-sdk        [DEBUG]  2023/06/20 12:43:17.139885 listworker.go:111: List result:{\"code\":\"invalid_parameters\",\"error\":\"invalid_parameters: Invalid path record not found\"}\n","    utils.go:77: \u001b[31m0box-sdk        [DEBUG]  2023/06/20 12:43:17.139904 listworker.go:111: List result:{\"code\":\"invalid_parameters\",\"error\":\"invalid_parameters: Invalid path record not found\"}\n","    utils.go:77: \u001b[31merror from server list response: {\"code\":\"invalid_parameters\",\"error\":\"invalid_parameters: Invalid path record not found\"}\n","    utils.go:138: Waiting 10s...\n","    zboxcli_list_file_test.go:638: Listing individual file in allocation...\n","    utils.go:67: \u001b[33mCommand failed on attempt [1/3] due to error [exit status 1]. Output: [error from server list response: {\"code\":\"invalid_parameters\",\"error\":\"invalid_parameters: Invalid path record not found\"}]\n","    utils.go:67: \u001b[33mCommand failed on attempt [2/3] due to error [exit status 1]. Output: [error from server list response: {\"code\":\"invalid_parameters\",\"error\":\"invalid_parameters: Invalid path record not found\"}]\n","    utils.go:70: \u001b[31mCommand failed on final attempt [3/3] due to error [exit status 1]. Command String: [./zbox list --allocation 4f145d4a5905ef1843473573341b714428336eda973c008327e417313f73d0c4 --remotepath /w-wg4WajEU_test.txt --json --silent --wallet Test___FlakyFileRename-Rename_and_delete_file_concurrently,_should_work_wallet.json --configDir ./config --config ./zbox_config.yaml] Output: [error from server list response: {\"code\":\"invalid_parameters\",\"error\":\"invalid_parameters: Invalid path record not found\"}]\n","    utils.go:73: \u001b[31mThe verbose output for the command is:\n","    utils.go:77: \u001b[31m0chain-core-sdk [INFO]   2023/06/20 12:43:31.420457 wallet_base.go:310: ******* Wallet SDK Version:v1.8.16-38-g5ea0bf75 ******* (SetLogFile)\n","    utils.go:77: \u001b[31m0box-sdk        [INFO]   2023/06/20 12:43:31.420503 sdk.go:78: ******* Storage SDK Version: v1.8.16-38-g5ea0bf75 *******\n","    utils.go:77: \u001b[31m0chain-core-sdk [INFO]   2023/06/20 12:43:31.438514 transaction_base.go:139: ******* Wallet SDK Version:v1.8.16-38-g5ea0bf75 ******* (InitZCNSDK)\n","    utils.go:77: \u001b[31m0box-sdk        [DEBUG]  2023/06/20 12:43:31.447753 networkworker.go:105: Get network result:{\"miners\":[\"https://dev-9.devnet-0chain.net/miner02\",\"https://dev-9.devnet-0chain.net/miner01\",\"https://dev-9.devnet-0chain.net/miner03\"],\"sharders\":[\"https://dev-9.devnet-0chain.net/sharder02\",\"https://dev-9.devnet-0chain.net/sharder01\"]}\n","    utils.go:77: \u001b[31m0box-sdk        [DEBUG]  2023/06/20 12:43:31.502422 listworker.go:111: List result:{\"code\":\"invalid_parameters\",\"error\":\"invalid_parameters: Invalid path record not found\"}\n","    utils.go:77: \u001b[31m0box-sdk        [DEBUG]  2023/06/20 12:43:31.507667 listworker.go:111: List result:{\"code\":\"invalid_parameters\",\"error\":\"invalid_parameters: Invalid path record not found\"}\n","    utils.go:77: \u001b[31m0box-sdk        [DEBUG]  2023/06/20 12:43:31.507700 listworker.go:111: List result:{\"code\":\"invalid_parameters\",\"error\":\"invalid_parameters: Invalid path record not found\"}\n","    utils.go:77: \u001b[31m0box-sdk        [DEBUG]  2023/06/20 12:43:31.510066 listworker.go:111: List result:{\"code\":\"invalid_parameters\",\"error\":\"invalid_parameters: Invalid path record not found\"}\n","    utils.go:77: \u001b[31merror from server list response: {\"code\":\"invalid_parameters\",\"error\":\"invalid_parameters: Invalid path record not found\"}\n","    flaky___flaky_test.go:312: Test case [Rename and delete file concurrently, should work] exit at [06-20-2023 12:43:31]\n","--- PASS: Test___FlakyFileRename/Rename_and_delete_file_concurrently,_should_work (108.90s)",""],"Passed":true,"Skipped":false,"TestFileName":"","TestFunctionDetail":{"Line":0,"Col":0}}]},{"FailureIndicator":"","SkippedIndicator":"skipped","TestResults":[{"TestName":"Test___FlakyScenariosCommonUserFunctions","Package":"github.com/0chain/system_test/tests/cli_tests","ElapsedTime":0,"Output":["","    flaky___flaky_test.go:25: \n","--- SKIP: Test___FlakyScenariosCommonUserFunctions (0.00s)\n",""],"Passed":false,"Skipped":true,"TestFileName":"flaky___flaky_test.go","TestFunctionDetail":{"Line":22,"Col":1}}]},{"FailureIndicator":"failed","SkippedIndicator":"","TestResults":[{"TestName":"Test___FlakyTransferAllocation","Package":"github.com/0chain/system_test/tests/cli_tests","ElapsedTime":0,"Output":["",""],"Passed":false,"Skipped":false,"TestFileName":"flaky___flaky_test.go","TestFunctionDetail":{"Line":90,"Col":1}}]},{"FailureIndicator":"failed","SkippedIndicator":"","TestResults":[{"TestName":"Test___FlakyTransferAllocation/transfer_allocation_accounting_test","Package":"github.com/0chain/system_test/tests/cli_tests","ElapsedTime":32.39,"Output":["","    flaky___flaky_test.go:94: Test case [transfer allocation accounting test] scheduled at [06-20-2023 12:38:16] \n","","","    system_test_framework.go:149: Test case [transfer allocation accounting test] start at [06-20-2023 12:38:16] \n","    zwalletcli_register_wallet_test.go:123: creating wallet...\n","    zboxcli_update_allocation_test.go:1110: Executing faucet...\n","    zwalletcli_register_wallet_test.go:140: faucet output: [No wallet in path  config/Test___FlakyTransferAllocation-transfer_allocation_accounting_test_wallet.json found. Creating wallet... ZCN wallet created!! Execute faucet smart contract success with txn :  d00e8f7170f0860f3091991072011dcc7df053ab7a4684908af67666a1544960]\n","    zboxcli_update_allocation_test.go:1110: Executing faucet...\n","    zboxcli_create_allocation_test.go:459: Creating new allocation...\n","    zboxcli_file_upload_test.go:917: Uploading file...\n","    zwalletcli_register_wallet_test.go:123: creating wallet...\n","    zboxcli_update_allocation_test.go:1110: Executing faucet...\n","    zwalletcli_register_wallet_test.go:140: faucet output: [No wallet in path  config/Test___FlakyTransferAllocation-transfer_allocation_accounting_test_NEW_OWNER_wallet.json found. Creating wallet... ZCN wallet created!! Execute faucet smart contract success with txn :  6a7320cf1b1d1be9382505784928272c2469cc98e5b1b34df3ce459865a71103]\n","    zboxcli_update_allocation_test.go:1110: Executing faucet...\n","    zwalletcli_register_wallet_test.go:210: Getting wallet...\n","    zboxcli_common_user_functions_test.go:228: Get Allocation...\n","    zboxcli_transfer_allocation_test.go:428: Transferring allocation ownership...\n","    zboxcli_transfer_allocation_test.go:445: Polling for 5 minutes until allocation ownership changed...\n","    utils.go:138: Waiting 5s...\n","    zboxcli_create_dir_test.go:331: Listing all...\n","    utils.go:138: Waiting 5s...\n","    assertions.go:264: \n","        \tError Trace:\t/root/actions-runner9/_work/system_test/system_test/tests/cli_tests/flaky___flaky_test.go:145\n","        \t            \t\t\t\t/root/actions-runner9/_work/system_test/system_test/tests/cli_tests/system_test_framework.go:150\n","        \t            \t\t\t\t/root/actions-runner9/_work/system_test/system_test/tests/cli_tests/asm_amd64.s:1598\n","        \tError:      \tNot equal: \n","        \t            \texpected: 4.4\n","        \t            \tactual  : 1.98\n","        \tTest:       \tTest___FlakyTransferAllocation/transfer_allocation_accounting_test\n","    flaky___flaky_test.go:94: Test case [transfer allocation accounting test] exit at [06-20-2023 12:38:49]\n",""],"Passed":false,"Skipped":false,"TestFileName":"","TestFunctionDetail":{"Line":0,"Col":0}}]},{"FailureIndicator":"failed","SkippedIndicator":"","TestResults":[{"TestName":"Test___FlakyTransferAllocation/transfer_allocation_and_upload_file","Package":"github.com/0chain/system_test/tests/cli_tests","ElapsedTime":113.61,"Output":["","    flaky___flaky_test.go:176: Test case [transfer allocation and upload file] scheduled at [06-20-2023 12:38:16] \n","","","    system_test_framework.go:149: Test case [transfer allocation and upload file] start at [06-20-2023 12:38:16] \n","    zwalletcli_register_wallet_test.go:123: creating wallet...\n","    zboxcli_update_allocation_test.go:1110: Executing faucet...\n","    zwalletcli_register_wallet_test.go:140: faucet output: [No wallet in path  config/Test___FlakyTransferAllocation-transfer_allocation_and_upload_file_wallet.json found. Creating wallet... ZCN wallet created!! Execute faucet smart contract success with txn :  94cb2575c02046c537b84382cd518d9903ea2e94421e466aa561bb843f501cb9]\n","    zboxcli_update_allocation_test.go:1110: Executing faucet...\n","    zboxcli_create_allocation_test.go:459: Creating new allocation...\n","    zboxcli_file_upload_test.go:917: Uploading file...\n","    zwalletcli_register_wallet_test.go:123: creating wallet...\n","    zboxcli_update_allocation_test.go:1110: Executing faucet...\n","    zwalletcli_register_wallet_test.go:140: faucet output: [No wallet in path  config/Test___FlakyTransferAllocation-transfer_allocation_and_upload_file_NEW_OWNER_wallet.json found. Creating wallet... ZCN wallet created!! Execute faucet smart contract success with txn :  35e2a7816f760a99dd0ec0188788e409e7c3b677e4d1dad5c16e9f5fa83ed9c5]\n","    zboxcli_update_allocation_test.go:1110: Executing faucet...\n","    zwalletcli_register_wallet_test.go:210: Getting wallet...\n","    zboxcli_transfer_allocation_test.go:428: Transferring allocation ownership...\n","    zboxcli_transfer_allocation_test.go:445: Polling for 5 minutes until allocation ownership changed...\n","    utils.go:138: Waiting 5s...\n","    zboxcli_create_dir_test.go:331: Listing all...\n","    zboxcli_wp_lock_unlock_test.go:348: Locking write tokens...\n","    zboxcli_file_upload_test.go:917: Uploading file...\n","    utils.go:67: \u001b[33mCommand failed on attempt [1/3] due to error [exit status 1]. Output: [0 / 256    0.00% 256 / 256  100.00% 0s -\u003cNEWLINE\u003e- Error in file operation: check_alloc_status_failed: signature verification failed for latest writemarker: write_marker_validation_failed: Write marker signature is not valid -\u003cNEWLINE\u003e- Upload failed. check_alloc_status_failed: signature verification failed for latest writemarker: write_marker_validation_failed: Write marker signature is not valid]\n","    utils.go:67: \u001b[33mCommand failed on attempt [2/3] due to error [exit status 1]. Output: [0 / 256    0.00% 256 / 256  100.00% 0s -\u003cNEWLINE\u003e- Error in file operation: check_alloc_status_failed: signature verification failed for latest writemarker: write_marker_validation_failed: Write marker signature is not valid -\u003cNEWLINE\u003e- Upload failed. check_alloc_status_failed: signature verification failed for latest writemarker: write_marker_validation_failed: Write marker signature is not valid]\n","    utils.go:70: \u001b[31mCommand failed on final attempt [3/3] due to error [exit status 1]. Command String: [./zbox upload --allocation 0ae337cfae2a2ab96619e0f58a11427ba763ecb5891fd7d2ccf1985cdce7eb06 --remotepath /new/child/DHF8eN7KBw_test.txt --localpath /tmp/DHF8eN7KBw_test.txt --silent --wallet Test___FlakyTransferAllocation-transfer_allocation_and_upload_file_NEW_OWNER_wallet.json --configDir ./config --config ./zbox_config.yaml] Output: [0 / 256    0.00% 256 / 256  100.00% 0s -\u003cNEWLINE\u003e- Error in file operation: check_alloc_status_failed: signature verification failed for latest writemarker: write_marker_validation_failed: Write marker signature is not valid -\u003cNEWLINE\u003e- Upload failed. check_alloc_status_failed: signature verification failed for latest writemarker: write_marker_validation_failed: Write marker signature is not valid]\n","    utils.go:73: \u001b[31mThe verbose output for the command is:\n","    utils.go:77: \u001b[31m0chain-core-sdk [INFO]   2023/06/20 12:40:10.161604 wallet_base.go:310: ******* Wallet SDK Version:v1.8.16-38-g5ea0bf75 ******* (SetLogFile)\n","    utils.go:77: \u001b[31m0box-sdk        [INFO]   2023/06/20 12:40:10.161662 sdk.go:78: ******* Storage SDK Version: v1.8.16-38-g5ea0bf75 *******\n","    utils.go:77: \u001b[31m0chain-core-sdk [INFO]   2023/06/20 12:40:10.185787 transaction_base.go:139: ******* Wallet SDK Version:v1.8.16-38-g5ea0bf75 ******* (InitZCNSDK)\n","    utils.go:77: \u001b[31m0box-sdk        [DEBUG]  2023/06/20 12:40:10.196458 networkworker.go:105: Get network result:{\"miners\":[\"https://dev-9.devnet-0chain.net/miner02\",\"https://dev-9.devnet-0chain.net/miner01\",\"https://dev-9.devnet-0chain.net/miner03\"],\"sharders\":[\"https://dev-9.devnet-0chain.net/sharder01\",\"https://dev-9.devnet-0chain.net/sharder02\"]}\n","    utils.go:77: \u001b[31m0 / 256    0.00%0box-sdk        [INFO]   2023/06/20 12:40:10.232119 chunked_upload.go:517: Completed the upload. Submitting for commit\n","    utils.go:77: \u001b[31m0box-sdk        [INFO]   2023/06/20 12:40:10.235021 writemarker_mutex.go:305: https://dev-9.devnet-0chain.net/blobber06kBzgVzRZ2XhVrrvZLsjuDD locked\n","    utils.go:77: \u001b[31m0box-sdk        [INFO]   2023/06/20 12:40:10.235179 writemarker_mutex.go:305: https://dev-9.devnet-0chain.net/blobber04kBzgVzRZ2XhVrrvZLsjuDD locked\n","    utils.go:77: \u001b[31m0box-sdk        [INFO]   2023/06/20 12:40:10.240475 writemarker_mutex.go:305: https://dev-9.devnet-0chain.net/blobber02kBzgVzRZ2XhVrrvZLsjuDD locked\n","    utils.go:77: \u001b[31m0box-sdk        [INFO]   2023/06/20 12:40:10.240517 writemarker_mutex.go:305: https://dev-9.devnet-0chain.net/blobber01kBzgVzRZ2XhVrrvZLsjuDD locked\n","    utils.go:77: \u001b[31m0box-sdk        \u001b[31m[ERROR]  2023/06/20 12:40:10.244446 rollback.go:226: error during getWritemarker{error 26 0  signature verification failed for latest writemarker: write_marker_validation_failed: Write marker signature is not valid}\u001b[0m\n","    utils.go:77: \u001b[31m0box-sdk        \u001b[31m[ERROR]  2023/06/20 12:40:10.245847 rollback.go:226: error during getWritemarker{error 26 0  signature verification failed for latest writemarker: write_marker_validation_failed: Write marker signature is not valid}\u001b[0m\n","    utils.go:77: \u001b[31m0box-sdk        \u001b[31m[ERROR]  2023/06/20 12:40:10.247079 rollback.go:226: error during getWritemarker{error 26 0  signature verification failed for latest writemarker: write_marker_validation_failed: Write marker signature is not valid}\u001b[0m\n","    utils.go:77: \u001b[31m0box-sdk        \u001b[31m[ERROR]  2023/06/20 12:40:10.247508 rollback.go:226: error during getWritemarker{error 26 0  signature verification failed for latest writemarker: write_marker_validation_failed: Write marker signature is not valid}\u001b[0m\n","    utils.go:77: \u001b[31m0box-sdk        \u001b[31m[ERROR]  2023/06/20 12:40:10.247539 chunked_upload.go:542: Error checking allocation statuscheck_alloc_status_failed: signature verification failed for latest writemarker: write_marker_validation_failed: Write marker signature is not valid\u001b[0m\n","    utils.go:77: \u001b[31m256 / 256  100.00% 0s\n","    utils.go:77: \u001b[31mError in file operation: check_alloc_status_failed: signature verification failed for latest writemarker: write_marker_validation_failed: Write marker signature is not valid\n","    utils.go:77: \u001b[31m0box-sdk        [INFO]   2023/06/20 12:40:10.249720 writemarker_mutex.go:122: https://dev-9.devnet-0chain.net/blobber02kBzgVzRZ2XhVrrvZLsjuDD unlocked\n","    utils.go:77: \u001b[31m0box-sdk        [INFO]   2023/06/20 12:40:10.250439 writemarker_mutex.go:122: https://dev-9.devnet-0chain.net/blobber04kBzgVzRZ2XhVrrvZLsjuDD unlocked\n","    utils.go:77: \u001b[31m0box-sdk        [INFO]   2023/06/20 12:40:10.251539 writemarker_mutex.go:122: https://dev-9.devnet-0chain.net/blobber01kBzgVzRZ2XhVrrvZLsjuDD unlocked\n","    utils.go:77: \u001b[31m0box-sdk        [INFO]   2023/06/20 12:40:10.251721 writemarker_mutex.go:122: https://dev-9.devnet-0chain.net/blobber06kBzgVzRZ2XhVrrvZLsjuDD unlocked\n","    utils.go:77: \u001b[31mUpload failed. check_alloc_status_failed: signature verification failed for latest writemarker: write_marker_validation_failed: Write marker signature is not valid\n","    assertions.go:264: \n","        \tError Trace:\t/root/actions-runner9/_work/system_test/system_test/tests/cli_tests/flaky___flaky_test.go:235\n","        \t            \t\t\t\t/root/actions-runner9/_work/system_test/system_test/tests/cli_tests/system_test_framework.go:150\n","        \t            \t\t\t\t/root/actions-runner9/_work/system_test/system_test/tests/cli_tests/asm_amd64.s:1598\n","        \tError:      \tExpected nil, but got: \u0026exec.ExitError{ProcessState:(*os.ProcessState)(0xc0004603c0), Stderr:[]uint8(nil)}\n","        \tTest:       \tTest___FlakyTransferAllocation/transfer_allocation_and_upload_file\n","        \tMessages:   \t0 / 256    0.00% 256 / 256  100.00% 0s\n","        \t            \tError in file operation: check_alloc_status_failed: signature verification failed for latest writemarker: write_marker_validation_failed: Write marker signature is not valid\n","        \t            \tUpload failed. check_alloc_status_failed: signature verification failed for latest writemarker: write_marker_validation_failed: Write marker signature is not valid\n","    flaky___flaky_test.go:176: Test case [transfer allocation and upload file] exit at [06-20-2023 12:40:10]\n",""],"Passed":false,"Skipped":false,"TestFileName":"","TestFunctionDetail":{"Line":0,"Col":0}}]}]

    const report = window.GoTestReport({
                                         data: data,
                                         testResultsElem: document.getElementById('testResults'),
                                         testGroupListElem: document.getElementById('testGroupList')
                                       });


</script>
</body>
</html>
