<!DOCTYPE html>
<html lang="en">
<head>
    <meta charset="UTF-8">
    <title>0Chain Flaky system test suite [chore_update_gosdk/0e3bed85] ran against [dev-6.devnet-0chain.net] at [2023-04-27_10.05.27]</title>
    <style type="text/css">
        body {
            font-family: sans-serif;
            background-color: #f3f3f3;
            border-top: 2px #dee6e8 solid;
            margin: 0;
        }

        div.pageHeader span.projectTitle {
            font-family: serif;
            font-size: 2em;
            padding-left: 56px;
            padding-top: 80px;
            display: block;
            color: #a5a5a5;
            text-shadow: 0 -1px 1px white;
        }

        div.pageHeader div.testStats {
            position: absolute;
            top: 7px;
            right: 52px;
            font-size: 0.8em;
            color: #a2a2a2;
        }

        div.pageHeader div.testStats span.indicator {
            font-size: 2em;
            position: relative;
            top: 5px;
            text-shadow: 0 1px 0 white;
        }

        div.pageHeader div.testStats span strong {
            margin-right: 16px;
        }

        div.pageHeader div.testStats span.total {
            border-right: 1px #afafaf dotted;
            background: #8298af;
        }

        div.pageHeader div.testStats span.passed {
            border-right: 1px #afafaf dotted;
            background: #6fca83;
        }

        div.pageHeader div.testStats span.skipped {
            background: #bababa;
        }

        div.pageHeader div.testStats span.failed {
            background: #ff7676;
        }

        div.pageHeader div.testStats span {
            margin-right: 1px;
            height: 55px;
            padding: 20px 8px 18px;
            color: white;
        }

        div.pageHeader .testGroupsTitle {
            margin: 16px 32px 8px 40px;
            font-size: 0.9em;
            color: darkgrey;
            display: inline-block;
        }

        div.pageHeader .testExecutionDate {
            display: inline-block;
            position: absolute;
            right: 10px;
            margin: 14px 32px 8px 40px;
            color: #9e9e9e;
            font-size: 0.9em;
        }

        .testReportContainer {
            padding: 0 32px 32px 32px;
        }

        .cardContainer {
            padding: 16px 16px 16px;
            box-shadow: 0 4px 4px #d4d4d4;
            background-color: white;
        }

        #testResults {
            display: flex;
            flex-wrap: wrap;
        }

        .testResultGroup {
            width: 24px;
            height: 24px;
            background-color: #43c143;
            margin-left: 1px;
            margin-bottom: 1px;
            box-sizing: border-box;
        }

        .testResultGroup.selected {
            border: 1px white solid;
            background-color: black !important;
        }

        .testResultGroup.skipped {
            border: 2px gray solid;
        }

        .testResultGroup.failed {
            background-color: red;
        }

        .cardContainer.testGroupList,
        .cardContainer.testDetail {
            margin-top: 16px;
            padding: 16px;
        }

        .cardContainer.testGroupList {
            color: #9c9c9c;
            padding: 0;
        }

        .cardContainer.testGroupList .testGroupRow {
            cursor: default;
            border-bottom: 1px #dadada dotted;
        }

        .cardContainer.testGroupList .testGroupRow span.testStatus {
            font-size: 1.2em;
            font-weight: bold;
            color: #139e13;
            pointer-events: none;
            display: inline-block;
            overflow: hidden;
            float: left;
            padding-top: 10px;
            padding-left: 20px;
            padding-right: 12px;
        }

        .cardContainer.testGroupList .testGroupRow span.testStatus.skipped {
            color: gray;
        }

        .cardContainer.testGroupList .testGroupRow span.testStatus.failed {
            color: red;
        }

        .cardContainer.testGroupList .testGroupRow span.testTitle {
            font-size: 0.9em;
            padding: 12px 0 10px;
            display: inline-block;
            pointer-events: none;
            color: #525252;
            text-overflow: ellipsis;
            overflow: hidden;
            width: calc(100% - 110px);
        }

        .cardContainer.testGroupList .testGroupRow span.testDuration {
            pointer-events: none;
        }

        .cardContainer.testGroupList .testGroupRow {
            position: relative;
            border-left: 4px #43c143 solid;
        }

        .cardContainer.testGroupList .testGroupRow.skipped {
            color: gray;
            border-left: 4px gray solid;
        }

        .cardContainer.testGroupList .testGroupRow.failed {
            color: red;
            border-left: 4px red solid;
        }

        .cardContainer.testGroupList .testGroupRow:hover {
            background-color: #fffaea;
            transition: 0.250s;
        }

        .cardContainer .testOutput {
            padding: 8px 16px 24px 16px;
        }

        .cardContainer .console {
            display: block;
            font-family: monospace;
            padding: 10px;
            background-color: #424242;
            color: #1aff00;
            border-bottom: 1px #1aff00 dotted;
            overflow: auto;
            font-size: 1.1em;
        }

        .cardContainer .testOutput .testDetail {
            border-bottom: 1px #d0d0d0 solid;
            padding: 16px;
            background-color: #e6e6e6;
            border-radius: 0 0 4px 4px;
            color: dimgrey;
            font-size: 0.8em;
        }

        .cardContainer .console.skipped{
            color: #d9d9d9;
        }

        .cardContainer .console.failed {
            color: #ffb2b2;
        }

        .cardContainer .testDuration {
            position: absolute;
            top: 5px;
            right: 8px;
            text-align: right;
            padding-right: 8px;
            box-sizing: border-box;
        }
    </style>
</head>
<body>
<div class="pageHeader">
    <span class="projectTitle">0Chain Flaky system test suite [chore_update_gosdk/0e3bed85] ran against [dev-6.devnet-0chain.net] at [2023-04-27_10.05.27]</span>
    <div class="testStats">
        <span class="total"><span class="indicator">&boxbox;</span> Total: <strong>11</strong>Duration: <strong>1ms</strong>
        </span><span class="passed"><span class="indicator">&check;</span> Passed: <strong>3</strong>
        </span><span class="skipped"><span class="indicator">&dash;</span> Skipped: <strong>3</strong>
        </span><span class="failed"><span class="indicator">&cross;</span> Failed: <strong>5</strong>
        </span>
    </div>
    <span class="testGroupsTitle">Test Groups:</span>
    <span class="testExecutionDate">April 27, 2023 11:22:47</span>
</div>
<div class="testReportContainer">
    <div class="cardContainer">
        <div id="testResults">
            
                <div class="testResultGroup  skipped" id="0"></div>
            
                <div class="testResultGroup  " id="1"></div>
            
                <div class="testResultGroup  skipped" id="2"></div>
            
                <div class="testResultGroup  " id="3"></div>
            
                <div class="testResultGroup  " id="4"></div>
            
                <div class="testResultGroup failed " id="5"></div>
            
                <div class="testResultGroup failed " id="6"></div>
            
                <div class="testResultGroup  skipped" id="7"></div>
            
                <div class="testResultGroup failed " id="8"></div>
            
                <div class="testResultGroup failed " id="9"></div>
            
                <div class="testResultGroup failed " id="10"></div>
            
        </div>
    </div>
    <div class="cardContainer testGroupList" id="testGroupList"></div>
</div>
<script type="application/javascript">
    /**
 * @typedef TestStatus
 * @property {string} TestName
 * @property {string} Package
 * @property {number} ElapsedTime
 * @property {Array.<string>} Output
 * @property {boolean} Passed
 * @property {boolean} Skipped
 */
class TestStatus {}

/**
 * @typedef TestGroupData
 * @type {object}
 * @property {string} FailureIndicator
 * @property {string} SkippedIndicator
 * @property {Array.<TestStatus>}
 */
class TestGroupData {}

/**
 * @typedef TestResults
 * @type {Array.<TestGroupData>}
 */
class TestResults extends Array {}

/**
 * @typedef SelectedItems
 * @property {HTMLElement|EventTarget} testResults
 * @property {String} selectedTestGroupColor
 */
class SelectedItems {}

/**
 * @typedef GoTestReportElements
 * @property {TestResults} data
 * @property {HTMLElement} testResultsElem
 * @property {HTMLElement} testGroupListElem
 */
class GoTestReportElements {}


/**
 * Main entry point for GoTestReport.
 * @param {GoTestReportElements} elements
 * @returns {{testResultsClickHandler: testResultsClickHandler}}
 * @constructor
 */
window.GoTestReport = function (elements) {
  const /**@type {SelectedItems}*/ selectedItems = {
    testResults: null,
    selectedTestGroupColor: null
  }

  function addEventData(event) {
    if (event.data == null) {
      event.data = {target: event.target}
    }
    return event
  }


  const goTestReport = {
    /**
     * Invoked when a user clicks on one of the test group div elements.
     * @param {HTMLElement} target The element associated with the test group.
     * @param {boolean} shiftKey If pressed, all of test detail associated to the test group is shown.
     * @param {TestResults} data
     * @param {SelectedItems} selectedItems
     * @param {function(target: Element, data: TestResults)} testGroupListHandler
     */
    testResultsClickHandler: function (target,
                                       shiftKey,
                                       data,
                                       selectedItems,
                                       testGroupListHandler) {

      if (target.classList.contains('testResultGroup') === false) {
        return
      }
      if (selectedItems.testResults != null) {
        let testResultsElement = /**@type {HTMLElement}*/ selectedItems.testResults
        testResultsElement.classList.remove("selected")
        testResultsElement.style.backgroundColor = selectedItems.selectedTestGroupColor
      }
      const testGroupId = /**@type {number}*/ target.id
      if ((target.id === undefined)
        || (data[testGroupId] === undefined)
        || (data[testGroupId]['TestResults'] === undefined)) {
        return
      }
      const testResults = /**@type {TestResults}*/ data[testGroupId]['TestResults']
      let testGroupList = /**@type {string}*/ ''
      selectedItems.selectedTestGroupColor = getComputedStyle(target).getPropertyValue('background-color')
      selectedItems.testResults = target
      target.classList.add("selected")
      for (let i = 0; i < testResults.length; i++) {
        const testResult = /**@type {TestGroupData}*/ testResults[i]
        const testPassed = /**@type {boolean}*/ testResult.Passed
        const testSkipped = /**@type {boolean}*/ testResult.Skipped
        const testPassedStatus = /**@type {string}*/ (testPassed) ? '' : (testSkipped ? 'skipped' : 'failed')
        const testId = /**@type {string}*/ target.attributes['id'].value
        testGroupList += `<div class="testGroupRow ${testPassedStatus}" data-groupid="${testId}" data-index="${i}">
        <span class="testStatus ${testPassedStatus}">${(testPassed) ? '&check' : (testSkipped ? '&dash' : '&cross')};</span>
        <span class="testTitle">${testResult.TestName}</span>
        <span class="testDuration"><span>${testResult.ElapsedTime}s </span>‚è±</span>
      </div>`
      }
      const testGroupListElem = elements.testGroupListElem
      testGroupListElem.innerHTML = ''
      testGroupListElem.innerHTML = testGroupList

      if (shiftKey) {
        testGroupListElem.querySelectorAll('.testGroupRow')
                         .forEach((elem) => testGroupListHandler(elem, data))
      } else if (testResults.length === 1) {
        testGroupListHandler(testGroupListElem.querySelector('.testGroupRow'), data)
      }
    },

    /**
     *
     * @param {Element} target
     * @param {TestResults} data
     */
    testGroupListHandler: function (target, data) {
      const attribs = target['attributes']
      if (attribs.hasOwnProperty('data-groupid')) {
        const groupId = /**@type {number}*/ attribs['data-groupid'].value
        const testIndex = /**@type {number}*/ attribs['data-index'].value
        const testStatus = /**@type {TestStatus}*/ data[groupId]['TestResults'][testIndex]
        const testOutputDiv = /**@type {HTMLDivElement}*/ target.querySelector('div.testOutput')

        if (testOutputDiv == null) {
          const testOutputDiv = document.createElement('div')
          testOutputDiv.classList.add('testOutput')
          const consolePre = document.createElement('pre')
          consolePre.classList.add('console')
          const testDetailDiv = document.createElement('div')
          testDetailDiv.classList.add('testDetail')
          const packageNameDiv = document.createElement('div')
          packageNameDiv.classList.add('package')
          packageNameDiv.innerHTML = `<strong>Package:</strong> ${testStatus.Package}`
          const testFileNameDiv = document.createElement('div')
          testFileNameDiv.classList.add('filename')
          if (testStatus.TestFileName.trim() === "") {
            testFileNameDiv.innerHTML = `<strong>Filename:</strong> n/a &nbsp;&nbsp;`
          } else {
            testFileNameDiv.innerHTML = `<strong>Filename:</strong> ${testStatus.TestFileName} &nbsp;&nbsp;`
            testFileNameDiv.innerHTML += `<strong>Line:</strong> ${testStatus.TestFunctionDetail.Line} `
            testFileNameDiv.innerHTML += `<strong>Col:</strong> ${testStatus.TestFunctionDetail.Col}`
          }
          testDetailDiv.insertAdjacentElement('beforeend', packageNameDiv)
          testDetailDiv.insertAdjacentElement('beforeend', testFileNameDiv)
          testOutputDiv.insertAdjacentElement('afterbegin', consolePre)
          testOutputDiv.insertAdjacentElement('beforeend', testDetailDiv)
          target.insertAdjacentElement('beforeend', testOutputDiv)

          if (testStatus.Passed) {
            consolePre.classList.remove('skipped')
            consolePre.classList.remove('failed')
          } else if (testStatus.Skipped) {
            consolePre.classList.add('skipped')
            consolePre.classList.remove('failed')
          } else {
            consolePre.classList.remove('skipped')
            consolePre.classList.add('failed')
          }
          consolePre.textContent = testStatus.Output.join('')
        } else {
          testOutputDiv.remove()
        }
      }
    }
  }

  //+------------------------+
  //|    setup DOM events    |
  //+------------------------+
  elements.testResultsElem
          .addEventListener('click', event =>
            goTestReport.testResultsClickHandler(/**@type {HTMLElement}*/ addEventData(event).data.target,
                                                 event.shiftKey,
                                                 elements.data,
                                                 selectedItems,
                                                 goTestReport.testGroupListHandler))

  elements.testGroupListElem
          .addEventListener('click', event =>
            goTestReport.testGroupListHandler(/**@type {Element}*/ event.target,
                                              elements.data))

  return goTestReport
}


    

    const data = [{"FailureIndicator":"","SkippedIndicator":"skipped","TestResults":[{"TestName":"Test___FlakyBrokenScenarios","Package":"github.com/0chain/system_test/tests/cli_tests","ElapsedTime":0,"Output":["","    flaky___broken_scenarios_test.go:30: \n","--- SKIP: Test___FlakyBrokenScenarios (0.00s)\n",""],"Passed":false,"Skipped":true,"TestFileName":"flaky___broken_scenarios_test.go","TestFunctionDetail":{"Line":27,"Col":1}}]},{"FailureIndicator":"","SkippedIndicator":"","TestResults":[{"TestName":"Test___FlakyFileCopy","Package":"github.com/0chain/system_test/tests/cli_tests","ElapsedTime":0,"Output":["","--- PASS: Test___FlakyFileCopy (0.00s)",""],"Passed":true,"Skipped":false,"TestFileName":"flaky___flaky_test.go","TestFunctionDetail":{"Line":408,"Col":1}}]},{"FailureIndicator":"","SkippedIndicator":"skipped","TestResults":[{"TestName":"Test___FlakyFileCopy/File_copy_-_Users_should_not_be_charged_for_moving_a_file_","Package":"github.com/0chain/system_test/tests/cli_tests","ElapsedTime":0,"Output":["","    flaky___flaky_test.go:411: Test case [File copy - Users should not be charged for moving a file ] scheduled at [04-27-2023 11:16:47] \n","","","    system_test_framework.go:92: Test case [File copy - Users should not be charged for moving a file ] start at [04-27-2023 11:16:47] \n","    flaky___flaky_test.go:412: Test calculations are flaky in  CLI\n","    flaky___flaky_test.go:411: Test case [File copy - Users should not be charged for moving a file ] exit at [04-27-2023 11:16:47]\n","--- SKIP: Test___FlakyFileCopy/File_copy_-_Users_should_not_be_charged_for_moving_a_file_ (0.00s)\n",""],"Passed":false,"Skipped":true,"TestFileName":"","TestFunctionDetail":{"Line":0,"Col":0}}]},{"FailureIndicator":"","SkippedIndicator":"","TestResults":[{"TestName":"Test___FlakyFileDelete","Package":"github.com/0chain/system_test/tests/cli_tests","ElapsedTime":0,"Output":["","--- PASS: Test___FlakyFileDelete (0.00s)",""],"Passed":true,"Skipped":false,"TestFileName":"flaky___flaky_test.go","TestFunctionDetail":{"Line":241,"Col":1}}]},{"FailureIndicator":"","SkippedIndicator":"","TestResults":[{"TestName":"Test___FlakyFileDelete/Delete_file_concurrently_in_existing_directory,_should_work","Package":"github.com/0chain/system_test/tests/cli_tests","ElapsedTime":85.18,"Output":["","    flaky___flaky_test.go:244: Test case [Delete file concurrently in existing directory, should work] scheduled at [04-27-2023 11:15:21] \n","","","    system_test_framework.go:92: Test case [Delete file concurrently in existing directory, should work] start at [04-27-2023 11:15:21] \n","    zwalletcli_register_wallet_test.go:128: Registering wallet...\n","    zboxcli_update_allocation_test.go:1004: Executing faucet...\n","    zwalletcli_register_wallet_test.go:143: faucet output: [No wallet in path  config/Test___FlakyFileDelete-Delete_file_concurrently_in_existing_directory,_should_work_wallet.json found. Creating wallet... ZCN wallet created!! Execute faucet smart contract success with txn :  bd47bbfc20c11fd9ec749e99c577c25e31ea000d3f1aaf7996ea4cc616d41d94]\n","    zboxcli_update_allocation_test.go:1004: Executing faucet...\n","    zboxcli_create_allocation_test.go:440: Creating new allocation...\n","    zboxcli_file_upload_test.go:808: Uploading file /tmp/8pN-B52eVJ_test.txt to allocation d5004ddbfb182587bc78943378c6d1321720605f6b111e5bb03c505464eb79b4 with remotepath /8pN-B52eVJ_test.txt\n","    zboxcli_file_upload_test.go:808: Uploading file /tmp/GP-5ABk09U_test.txt to allocation d5004ddbfb182587bc78943378c6d1321720605f6b111e5bb03c505464eb79b4 with remotepath /GP-5ABk09U_test.txt\n","    zboxcli_file_upload_test.go:766: Uploading file...\n","    zboxcli_file_upload_test.go:766: Uploading file...\n","    utils.go:67: \u001b[33mCommand failed on attempt [1/3] due to error [exit status 1]. Output: [0 / 256    0.00% 0 / 256    0.00% 0s -\u003cNEWLINE\u003e- Error in file operation: upload_failed: Upload failed. bad request: {\"code\":\"invalid_parameters\",\"error\":\"invalid_parameters: Invalid allocation id passed.verify_allocation: verifying allocation transaction error: ERROR: duplicate key value violates unique constraint \\\"allocations_pkey\\\" (SQLSTATE 23505)\"} -\u003cNEWLINE\u003e- Upload failed. upload_failed: Upload failed. bad request: {\"code\":\"invalid_parameters\",\"error\":\"invalid_parameters: Invalid allocation id passed.verify_allocation: verifying allocation transaction error: ERROR: duplicate key value violates unique constraint \\\"allocations_pkey\\\" (SQLSTATE 23505)\"}]\n","    zboxcli_file_delete_test.go:343: Deleting file...\n","    utils.go:63: \u001b[32mCommand passed on retry [2/3]. Output: [0 / 256    0.00% 256 / 256  100.00% 0s -\u003cNEWLINE\u003e- Status completed callback. Type = application/octet-stream. Name = 8pN-B52eVJ_test.txt]\n","    zboxcli_file_delete_test.go:343: Deleting file...\n","    utils.go:138: Waiting 10s...\n","    zboxcli_list_file_test.go:635: Listing individual file in allocation...\n","    utils.go:67: \u001b[33mCommand failed on attempt [1/3] due to error [exit status 1]. Output: [error from server list response: {\"code\":\"invalid_parameters\",\"error\":\"invalid_parameters: Invalid path record not found\"}]\n","    utils.go:67: \u001b[33mCommand failed on attempt [2/3] due to error [exit status 1]. Output: [error from server list response: {\"code\":\"invalid_parameters\",\"error\":\"invalid_parameters: Invalid path record not found\"}]\n","    utils.go:70: \u001b[31mCommand failed on final attempt [3/3] due to error [exit status 1]. Command String: [./zbox list --allocation d5004ddbfb182587bc78943378c6d1321720605f6b111e5bb03c505464eb79b4 --remotepath /8pN-B52eVJ_test.txt --json --silent --wallet Test___FlakyFileDelete-Delete_file_concurrently_in_existing_directory,_should_work_wallet.json --configDir ./config --config ./zbox_config.yaml] Output: [error from server list response: {\"code\":\"invalid_parameters\",\"error\":\"invalid_parameters: Invalid path record not found\"}]\n","    utils.go:73: \u001b[31mThe verbose output for the command is:\n","    utils.go:77: \u001b[31m0chain-core-sdk [INFO]   2023/04/27 11:16:32.764775 wallet_base.go:310: ******* Wallet SDK Version:v1.8.13-45-g29b9769 ******* (SetLogFile)\n","    utils.go:77: \u001b[31m0box-sdk        [INFO]   2023/04/27 11:16:32.764814 sdk.go:78: ******* Storage SDK Version: v1.8.13-45-g29b9769 *******\n","    utils.go:77: \u001b[31m0chain-core-sdk [INFO]   2023/04/27 11:16:32.779483 transaction_base.go:139: ******* Wallet SDK Version:v1.8.13-45-g29b9769 ******* (InitZCNSDK)\n","    utils.go:77: \u001b[31m0box-sdk        [DEBUG]  2023/04/27 11:16:32.786003 networkworker.go:105: Get network result:{\"miners\":[\"https://dev-6.devnet-0chain.net/miner01\",\"https://dev-6.devnet-0chain.net/miner03\",\"https://dev-6.devnet-0chain.net/miner02\"],\"sharders\":[\"https://dev-6.devnet-0chain.net/sharder02\",\"https://dev-6.devnet-0chain.net/sharder01\"]}\n","    utils.go:77: \u001b[31m0box-sdk        [DEBUG]  2023/04/27 11:16:32.797884 listworker.go:111: List result:{\"code\":\"invalid_parameters\",\"error\":\"invalid_parameters: Invalid path record not found\"}\n","    utils.go:77: \u001b[31m0box-sdk        [DEBUG]  2023/04/27 11:16:32.797889 listworker.go:111: List result:{\"code\":\"invalid_parameters\",\"error\":\"invalid_parameters: Invalid path record not found\"}\n","    utils.go:77: \u001b[31m0box-sdk        [DEBUG]  2023/04/27 11:16:32.800067 listworker.go:111: List result:{\"code\":\"invalid_parameters\",\"error\":\"invalid_parameters: Invalid path record not found\"}\n","    utils.go:77: \u001b[31m0box-sdk        [DEBUG]  2023/04/27 11:16:32.800124 listworker.go:111: List result:{\"code\":\"invalid_parameters\",\"error\":\"invalid_parameters: Invalid path record not found\"}\n","    utils.go:77: \u001b[31merror from server list response: {\"code\":\"invalid_parameters\",\"error\":\"invalid_parameters: Invalid path record not found\"}\n","    utils.go:138: Waiting 10s...\n","    zboxcli_list_file_test.go:635: Listing individual file in allocation...\n","    utils.go:67: \u001b[33mCommand failed on attempt [1/3] due to error [exit status 1]. Output: [error from server list response: {\"code\":\"invalid_parameters\",\"error\":\"invalid_parameters: Invalid path record not found\"}]\n","    utils.go:67: \u001b[33mCommand failed on attempt [2/3] due to error [exit status 1]. Output: [error from server list response: {\"code\":\"invalid_parameters\",\"error\":\"invalid_parameters: Invalid path record not found\"}]\n","    utils.go:70: \u001b[31mCommand failed on final attempt [3/3] due to error [exit status 1]. Command String: [./zbox list --allocation d5004ddbfb182587bc78943378c6d1321720605f6b111e5bb03c505464eb79b4 --remotepath /GP-5ABk09U_test.txt --json --silent --wallet Test___FlakyFileDelete-Delete_file_concurrently_in_existing_directory,_should_work_wallet.json --configDir ./config --config ./zbox_config.yaml] Output: [error from server list response: {\"code\":\"invalid_parameters\",\"error\":\"invalid_parameters: Invalid path record not found\"}]\n","    utils.go:73: \u001b[31mThe verbose output for the command is:\n","    utils.go:77: \u001b[31m0chain-core-sdk [INFO]   2023/04/27 11:16:47.009154 wallet_base.go:310: ******* Wallet SDK Version:v1.8.13-45-g29b9769 ******* (SetLogFile)\n","    utils.go:77: \u001b[31m0box-sdk        [INFO]   2023/04/27 11:16:47.009201 sdk.go:78: ******* Storage SDK Version: v1.8.13-45-g29b9769 *******\n","    utils.go:77: \u001b[31m0chain-core-sdk [INFO]   2023/04/27 11:16:47.025472 transaction_base.go:139: ******* Wallet SDK Version:v1.8.13-45-g29b9769 ******* (InitZCNSDK)\n","    utils.go:77: \u001b[31m0box-sdk        [DEBUG]  2023/04/27 11:16:47.032141 networkworker.go:105: Get network result:{\"miners\":[\"https://dev-6.devnet-0chain.net/miner02\",\"https://dev-6.devnet-0chain.net/miner01\",\"https://dev-6.devnet-0chain.net/miner03\"],\"sharders\":[\"https://dev-6.devnet-0chain.net/sharder02\",\"https://dev-6.devnet-0chain.net/sharder01\"]}\n","    utils.go:77: \u001b[31m0box-sdk        [DEBUG]  2023/04/27 11:16:47.084127 listworker.go:111: List result:{\"code\":\"invalid_parameters\",\"error\":\"invalid_parameters: Invalid path record not found\"}\n","    utils.go:77: \u001b[31m0box-sdk        [DEBUG]  2023/04/27 11:16:47.088739 listworker.go:111: List result:{\"code\":\"invalid_parameters\",\"error\":\"invalid_parameters: Invalid path record not found\"}\n","    utils.go:77: \u001b[31m0box-sdk        [DEBUG]  2023/04/27 11:16:47.090431 listworker.go:111: List result:{\"code\":\"invalid_parameters\",\"error\":\"invalid_parameters: Invalid path record not found\"}\n","    utils.go:77: \u001b[31m0box-sdk        [DEBUG]  2023/04/27 11:16:47.090896 listworker.go:111: List result:{\"code\":\"invalid_parameters\",\"error\":\"invalid_parameters: Invalid path record not found\"}\n","    utils.go:77: \u001b[31merror from server list response: {\"code\":\"invalid_parameters\",\"error\":\"invalid_parameters: Invalid path record not found\"}\n","    flaky___flaky_test.go:244: Test case [Delete file concurrently in existing directory, should work] exit at [04-27-2023 11:16:47]\n","--- PASS: Test___FlakyFileDelete/Delete_file_concurrently_in_existing_directory,_should_work (85.18s)",""],"Passed":true,"Skipped":false,"TestFileName":"","TestFunctionDetail":{"Line":0,"Col":0}}]},{"FailureIndicator":"failed","SkippedIndicator":"","TestResults":[{"TestName":"Test___FlakyFileRename","Package":"github.com/0chain/system_test/tests/cli_tests","ElapsedTime":0,"Output":["","","",""],"Passed":false,"Skipped":false,"TestFileName":"flaky___flaky_test.go","TestFunctionDetail":{"Line":304,"Col":1}}]},{"FailureIndicator":"failed","SkippedIndicator":"","TestResults":[{"TestName":"Test___FlakyFileRename/Rename_and_delete_file_concurrently,_should_work","Package":"github.com/0chain/system_test/tests/cli_tests","ElapsedTime":360.06,"Output":["","    flaky___flaky_test.go:309: Test case [Rename and delete file concurrently, should work] scheduled at [04-27-2023 11:16:47] \n","","","    system_test_framework.go:92: Test case [Rename and delete file concurrently, should work] start at [04-27-2023 11:16:47] \n","    zwalletcli_register_wallet_test.go:128: Registering wallet...\n","    zboxcli_update_allocation_test.go:1004: Executing faucet...\n","    zwalletcli_register_wallet_test.go:143: faucet output: [No wallet in path  config/Test___FlakyFileRename-Rename_and_delete_file_concurrently,_should_work_wallet.json found. Creating wallet... ZCN wallet created!! Execute faucet smart contract success with txn :  34bac1251cbd06c77e037b131792ab8f7b77cb3c76614a212a8c8d15ce0c3016]\n","    zboxcli_update_allocation_test.go:1004: Executing faucet...\n","    zboxcli_create_allocation_test.go:440: Creating new allocation...\n","    zboxcli_file_upload_test.go:808: Uploading file /tmp/TDVVCk8b84_test.txt to allocation b3a2f6be46186da26c99f685c48f46b189ae38e325eef2e082dedad53c9d0ed8 with remotepath /TDVVCk8b84_test.txt\n","    zboxcli_file_upload_test.go:766: Uploading file...\n","    zboxcli_file_upload_test.go:808: Uploading file /tmp/hP4Een-AZ7_test.txt to allocation b3a2f6be46186da26c99f685c48f46b189ae38e325eef2e082dedad53c9d0ed8 with remotepath /hP4Een-AZ7_test.txt\n","    zboxcli_file_upload_test.go:766: Uploading file...\n","    zboxcli_file_upload_test.go:808: Uploading file /tmp/Lh7cehRlCG_test.txt to allocation b3a2f6be46186da26c99f685c48f46b189ae38e325eef2e082dedad53c9d0ed8 with remotepath /Lh7cehRlCG_test.txt\n","    zboxcli_file_upload_test.go:766: Uploading file...\n","    zboxcli_file_upload_test.go:808: Uploading file /tmp/VG-fsOlAr5_test.txt to allocation b3a2f6be46186da26c99f685c48f46b189ae38e325eef2e082dedad53c9d0ed8 with remotepath /VG-fsOlAr5_test.txt\n","    zboxcli_file_upload_test.go:766: Uploading file...\n","    zboxcli_file_delete_test.go:343: Deleting file...\n","    zboxcli_file_delete_test.go:343: Deleting file...\n","    zboxcli_common_user_functions_test.go:179: Renaming file...\n","    zboxcli_common_user_functions_test.go:179: Renaming file...\n","    utils.go:67: \u001b[33mCommand failed on attempt [1/3] due to error [exit status 1]. Output: [rename failed: lock_consensus_not_met: Required consensus 3 got 0]\n","    utils.go:67: \u001b[33mCommand failed on attempt [1/3] due to error [exit status 1]. Output: [Delete failed. Delete failed: lock_consensus_not_met: Required consensus 3 got 0]\n","    utils.go:67: \u001b[33mCommand failed on attempt [1/3] due to error [exit status 1]. Output: [Delete failed. Delete failed: lock_consensus_not_met: Required consensus 3 got 0]\n","    utils.go:67: \u001b[33mCommand failed on attempt [2/3] due to error [exit status 1]. Output: [Delete failed. Delete failed: lock_consensus_not_met: Required consensus 3 got 0]\n","    utils.go:67: \u001b[33mCommand failed on attempt [2/3] due to error [exit status 1]. Output: [Delete failed. Delete failed: lock_consensus_not_met: Required consensus 3 got 1]\n","    utils.go:63: \u001b[32mCommand passed on retry [2/3]. Output: [/TDVVCk8b84_test.txt renamed]\n","    utils.go:63: \u001b[32mCommand passed on retry [3/3]. Output: [/VG-fsOlAr5_test.txt deleted]\n","    flaky___flaky_test.go:309: Test case [Rename and delete file concurrently, should work] timed out after [6m0s]\n","    flaky___flaky_test.go:309: Test case [Rename and delete file concurrently, should work] exit at [04-27-2023 11:22:47]\n",""],"Passed":false,"Skipped":false,"TestFileName":"","TestFunctionDetail":{"Line":0,"Col":0}}]},{"FailureIndicator":"","SkippedIndicator":"skipped","TestResults":[{"TestName":"Test___FlakyScenariosCommonUserFunctions","Package":"github.com/0chain/system_test/tests/cli_tests","ElapsedTime":0,"Output":["","    flaky___flaky_test.go:25: \n","--- SKIP: Test___FlakyScenariosCommonUserFunctions (0.00s)\n",""],"Passed":false,"Skipped":true,"TestFileName":"flaky___flaky_test.go","TestFunctionDetail":{"Line":22,"Col":1}}]},{"FailureIndicator":"failed","SkippedIndicator":"","TestResults":[{"TestName":"Test___FlakyTransferAllocation","Package":"github.com/0chain/system_test/tests/cli_tests","ElapsedTime":0,"Output":["",""],"Passed":false,"Skipped":false,"TestFileName":"flaky___flaky_test.go","TestFunctionDetail":{"Line":90,"Col":1}}]},{"FailureIndicator":"failed","SkippedIndicator":"","TestResults":[{"TestName":"Test___FlakyTransferAllocation/transfer_allocation_accounting_test","Package":"github.com/0chain/system_test/tests/cli_tests","ElapsedTime":152.84,"Output":["","    flaky___flaky_test.go:93: Test case [transfer allocation accounting test] scheduled at [04-27-2023 11:12:49] \n","","","    system_test_framework.go:92: Test case [transfer allocation accounting test] start at [04-27-2023 11:12:49] \n","    zwalletcli_register_wallet_test.go:128: Registering wallet...\n","    zboxcli_update_allocation_test.go:1004: Executing faucet...\n","    zwalletcli_register_wallet_test.go:143: faucet output: [No wallet in path  config/Test___FlakyTransferAllocation-transfer_allocation_accounting_test_wallet.json found. Creating wallet... ZCN wallet created!! Execute faucet smart contract success with txn :  2c632338dba6d7fd81dd18af7e7270e97d29d4ee446f4d91706831cea0dcb279]\n","    zboxcli_update_allocation_test.go:1004: Executing faucet...\n","    zboxcli_create_allocation_test.go:440: Creating new allocation...\n","    zboxcli_file_upload_test.go:766: Uploading file...\n","    zwalletcli_register_wallet_test.go:128: Registering wallet...\n","    zboxcli_update_allocation_test.go:1004: Executing faucet...\n","    zwalletcli_register_wallet_test.go:143: faucet output: [No wallet in path  config/Test___FlakyTransferAllocation-transfer_allocation_accounting_test_NEW_OWNER_wallet.json found. Creating wallet... ZCN wallet created!! Execute faucet smart contract success with txn :  4a12d251307806a5eed534a265907144b05b5f16ff280849f448ebde9c54afad]\n","    zboxcli_update_allocation_test.go:1004: Executing faucet...\n","    zwalletcli_register_wallet_test.go:220: Getting wallet...\n","    zboxcli_common_user_functions_test.go:227: Get Allocation...\n","    zboxcli_transfer_allocation_test.go:428: Transferring allocation ownership...\n","    utils.go:67: \u001b[33mCommand failed on attempt [1/3] due to error [exit status 1]. Output: [Error transferring allocation:[txn] too less sharders to confirm it: min_confirmation is 50%, but got 0/2 sharders -\u003cNEWLINE\u003e- https://dev-6.devnet-0chain.net/sharder02/v1/transaction/get/confirmation?hash=8d79d99e9ce514bc001091d312209a4601f7e341758ba3782f952ce004e5c07e: [400] {\"code\":\"entity_not_found\",\"error\":\"entity_not_found: txn_summary not found with id = 8d79d99e9ce514bc001091d312209a4601f7e341758ba3782f952ce004e5c07e\"} -\u003cNEWLINE\u003e- https://dev-6.devnet-0chain.net/sharder01/v1/transaction/get/confirmation?hash=8d79d99e9ce514bc001091d312209a4601f7e341758ba3782f952ce004e5c07e: [400] {\"code\":\"entity_not_found\",\"error\":\"entity_not_found: txn_summary not found with id = 8d79d99e9ce514bc001091d312209a4601f7e341758ba3782f952ce004e5c07e\"}]\n","    utils.go:67: \u001b[33mCommand failed on attempt [2/3] due to error [exit status 1]. Output: [Error transferring allocation:[txn] too less sharders to confirm it: min_confirmation is 50%, but got 0/2 sharders -\u003cNEWLINE\u003e- https://dev-6.devnet-0chain.net/sharder02/v1/transaction/get/confirmation?hash=6f60475dacc7fae54e056525e3c5136e046bf4fd568867c15d8a32e0dc0abcf7: [400] {\"code\":\"entity_not_found\",\"error\":\"entity_not_found: txn_summary not found with id = 6f60475dacc7fae54e056525e3c5136e046bf4fd568867c15d8a32e0dc0abcf7\"} -\u003cNEWLINE\u003e- https://dev-6.devnet-0chain.net/sharder01/v1/transaction/get/confirmation?hash=6f60475dacc7fae54e056525e3c5136e046bf4fd568867c15d8a32e0dc0abcf7: [400] {\"code\":\"entity_not_found\",\"error\":\"entity_not_found: txn_summary not found with id = 6f60475dacc7fae54e056525e3c5136e046bf4fd568867c15d8a32e0dc0abcf7\"}]\n","    utils.go:70: \u001b[31mCommand failed on final attempt [3/3] due to error [exit status 1]. Command String: [./zbox transferallocation --allocation 8f1c17855ead4ee5df5944ea483a4d8e993cac5fa48a445db04cd35bc41ffb5d --new_owner_key 5205c4ddcf500daf1278a93f72bca235423a0448685a1806caddadf1f6e07424848b6fa85782c3d839be2eb97ed1f82cc8e6f51d16bb40078dce9a7cf52f1397 --new_owner a9135a15150f8fad961fb31383e6087b366e2b365e35e54da47622c0f6117548 --silent --wallet Test___FlakyTransferAllocation-transfer_allocation_accounting_test_wallet.json --configDir ./config --config ./zbox_config.yaml] Output: [Error transferring allocation:[txn] too less sharders to confirm it: min_confirmation is 50%, but got 0/2 sharders -\u003cNEWLINE\u003e- https://dev-6.devnet-0chain.net/sharder01/v1/transaction/get/confirmation?hash=ca41faa94421c6c8ef0783d1b0735c648fd3b30cc0d078184e91b32701e89026: [400] {\"code\":\"entity_not_found\",\"error\":\"entity_not_found: txn_summary not found with id = ca41faa94421c6c8ef0783d1b0735c648fd3b30cc0d078184e91b32701e89026\"} -\u003cNE","WLINE\u003e- https://dev-6.devnet-0chain.net/sharder02/v1/transaction/get/confirmation?hash=ca41faa94421c6c8ef0783d1b0735c648fd3b30cc0d078184e91b32701e89026: [400] {\"code\":\"entity_not_found\",\"error\":\"entity_not_found: txn_summary not found with id = ca41faa94421c6c8ef0783d1b0735c648fd3b30cc0d078184e91b32701e89026\"}]\n","    utils.go:73: \u001b[31mThe verbose output for the command is:\n","    utils.go:77: \u001b[31m0chain-core-sdk [INFO]   2023/04/27 11:14:51.606643 wallet_base.go:310: ******* Wallet SDK Version:v1.8.13-45-g29b9769 ******* (SetLogFile)\n","    utils.go:77: \u001b[31m0box-sdk        [INFO]   2023/04/27 11:14:51.606682 sdk.go:78: ******* Storage SDK Version: v1.8.13-45-g29b9769 *******\n","    utils.go:77: \u001b[31m0chain-core-sdk [INFO]   2023/04/27 11:14:51.622398 transaction_base.go:139: ******* Wallet SDK Version:v1.8.13-45-g29b9769 ******* (InitZCNSDK)\n","    utils.go:77: \u001b[31m0box-sdk        [DEBUG]  2023/04/27 11:14:51.628979 networkworker.go:105: Get network result:{\"miners\":[\"https://dev-6.devnet-0chain.net/miner02\",\"https://dev-6.devnet-0chain.net/miner01\",\"https://dev-6.devnet-0chain.net/miner03\"],\"sharders\":[\"https://dev-6.devnet-0chain.net/sharder02\",\"https://dev-6.devnet-0chain.net/sharder01\"]}\n","    utils.go:77: \u001b[31m0box-sdk        [INFO]   2023/04/27 11:14:51.642002 sdk.go:1409: estimate txn fee{fee 18 10000000000  \u003cnil\u003e} {txn 23 0  0xc0000a3a00}\n","    utils.go:77: \u001b[31m0box-sdk        \u001b[31m[ERROR]  2023/04/27 11:15:21.908312 sdk.go:1442: Error verifying the transaction[txn] too less sharders to confirm it: min_confirmation is 50%, but got 0/2 sharders\n","    utils.go:77: \u001b[31mhttps://dev-6.devnet-0chain.net/sharder01/v1/transaction/get/confirmation?hash=43ff3313703fbddbceda346a0f0e9430d5384dad7d004ed10e4041fb053ecfdb: [400] {\"code\":\"entity_not_found\",\"error\":\"entity_not_found: txn_summary not found with id = 43ff3313703fbddbceda346a0f0e9430d5384dad7d004ed10e4041fb053ecfdb\"}\n","    utils.go:77: \u001b[31mhttps://dev-6.devnet-0chain.net/sharder02/v1/transaction/get/confirmation?hash=43ff3313703fbddbceda346a0f0e9430d5384dad7d004ed10e4041fb053ecfdb: [400] {\"code\":\"entity_not_found\",\"error\":\"entity_not_found: txn_summary not found with id = 43ff3313703fbddbceda346a0f0e9430d5384dad7d004ed10e4041fb053ecfdb\"}\n","    utils.go:77: \u001b[31m43ff3313703fbddbceda346a0f0e9430d5384dad7d004ed10e4041fb053ecfdb\u001b[0m\n","    utils.go:77: \u001b[31mError transferring allocation:[txn] too less sharders to confirm it: min_confirmation is 50%, but got 0/2 sharders\n","    assertions.go:264: \n","        \tError Trace:\t/root/actions-runner6/_work/system_test/system_test/tests/cli_tests/flaky___flaky_test.go:133\n","        \t            \t\t\t\t/root/actions-runner6/_work/system_test/system_test/tests/cli_tests/system_test_framework.go:93\n","        \t            \t\t\t\t/root/actions-runner6/_work/system_test/system_test/tests/cli_tests/asm_amd64.s:1598\n","        \tError:      \tExpected nil, but got: \u0026exec.ExitError{ProcessState:(*os.ProcessState)(0xc000607098), Stderr:[]uint8(nil)}\n","        \tTest:       \tTest___FlakyTransferAllocation/transfer_allocation_accounting_test\n","        \tMessages:   \tError transferring allocation:[txn] too less sharders to confirm it: min_confirmation is 50%, but got 0/2 sharders\n","        \t            \thttps://dev-6.devnet-0chain.net/sharder01/v1/transaction/get/confirmation?hash=ca41faa94421c6c8ef0783d1b0735c648fd3b30cc0d078184e91b32701e89026: [400] {\"code\":\"entity_not_found\",\"error\":\"entity_not_found: txn_summary not found with id = ca41faa94421c6c8ef0783d1b0735c648fd3b30cc0d078184e91b32701e89026\"}\n","        \t            \thttps://dev-6.devnet-0chain.net/sharder02/v1/transaction/get/confirmation?hash=ca41faa94421c6c8ef0783d1b0735c648fd3b30cc0d078184e91b32701e89026: [400] {\"code\":\"entity_not_found\",\"error\":\"entity_not_found: txn_summary not found with id = ca41faa94421c6c8ef0783d1b0735c648fd3b30cc0d078184e91b32701e89026\"}\n","    flaky___flaky_test.go:93: Test case [transfer allocation accounting test] exit at [04-27-2023 11:15:21]\n",""],"Passed":false,"Skipped":false,"TestFileName":"","TestFunctionDetail":{"Line":0,"Col":0}}]},{"FailureIndicator":"failed","SkippedIndicator":"","TestResults":[{"TestName":"Test___FlakyTransferAllocation/transfer_allocation_and_upload_file","Package":"github.com/0chain/system_test/tests/cli_tests","ElapsedTime":152.84,"Output":["","    flaky___flaky_test.go:175: Test case [transfer allocation and upload file] scheduled at [04-27-2023 11:12:49] \n","","","    system_test_framework.go:92: Test case [transfer allocation and upload file] start at [04-27-2023 11:12:49] \n","    zwalletcli_register_wallet_test.go:128: Registering wallet...\n","    zboxcli_update_allocation_test.go:1004: Executing faucet...\n","    zwalletcli_register_wallet_test.go:143: faucet output: [No wallet in path  config/Test___FlakyTransferAllocation-transfer_allocation_and_upload_file_wallet.json found. Creating wallet... ZCN wallet created!! Execute faucet smart contract success with txn :  4165f611ad130b0341f1a84e9d60c3748f13a5375415922c939062274efbac61]\n","    zboxcli_update_allocation_test.go:1004: Executing faucet...\n","    zboxcli_create_allocation_test.go:440: Creating new allocation...\n","    zboxcli_file_upload_test.go:766: Uploading file...\n","    zwalletcli_register_wallet_test.go:128: Registering wallet...\n","    zboxcli_update_allocation_test.go:1004: Executing faucet...\n","    zwalletcli_register_wallet_test.go:143: faucet output: [No wallet in path  config/Test___FlakyTransferAllocation-transfer_allocation_and_upload_file_NEW_OWNER_wallet.json found. Creating wallet... ZCN wallet created!! Execute faucet smart contract success with txn :  11b52ebc0d711ce4b8f97e658b58ce7211124b09c72fb7b07935f5e6c59f14b0]\n","    zboxcli_update_allocation_test.go:1004: Executing faucet...\n","    zwalletcli_register_wallet_test.go:220: Getting wallet...\n","    zboxcli_transfer_allocation_test.go:428: Transferring allocation ownership...\n","    utils.go:67: \u001b[33mCommand failed on attempt [1/3] due to error [exit status 1]. Output: [Error transferring allocation:[txn] too less sharders to confirm it: min_confirmation is 50%, but got 0/2 sharders -\u003cNEWLINE\u003e- https://dev-6.devnet-0chain.net/sharder02/v1/transaction/get/confirmation?hash=49df6f25fb2c4737f2904d9b0bef069cd43ef9b18a867106557a2c8267b96fe4: [400] {\"code\":\"entity_not_found\",\"error\":\"entity_not_found: txn_summary not found with id = 49df6f25fb2c4737f2904d9b0bef069cd43ef9b18a867106557a2c8267b96fe4\"} -\u003cNEWLINE\u003e- https://dev-6.devnet-0chain.net/sharder01/v1/transaction/get/confirmation?hash=49df6f25fb2c4737f2904d9b0bef069cd43ef9b18a867106557a2c8267b96fe4: [400] {\"code\":\"entity_not_found\",\"error\":\"entity_not_found: txn_summary not found with id = 49df6f25fb2c4737f2904d9b0bef069cd43ef9b18a867106557a2c8267b96fe4\"}]\n","    utils.go:67: \u001b[33mCommand failed on attempt [2/3] due to error [exit status 1]. Output: [Error transferring allocation:[txn] too less sharders to confirm it: min_confirmation is 50%, but got 0/2 sharders -\u003cNEWLINE\u003e- https://dev-6.devnet-0chain.net/sharder01/v1/transaction/get/confirmation?hash=b877978fe3c5748274426a88ab499376065bfa830fd86f22ddafc420c778e010: [400] {\"code\":\"entity_not_found\",\"error\":\"entity_not_found: txn_summary not found with id = b877978fe3c5748274426a88ab499376065bfa830fd86f22ddafc420c778e010\"} -\u003cNEWLINE\u003e- https://dev-6.devnet-0chain.net/sharder02/v1/transaction/get/confirmation?hash=b877978fe3c5748274426a88ab499376065bfa830fd86f22ddafc420c778e010: [400] {\"code\":\"entity_not_found\",\"error\":\"entity_not_found: txn_summary not found with id = b877978fe3c5748274426a88ab499376065bfa830fd86f22ddafc420c778e010\"}]\n","    utils.go:70: \u001b[31mCommand failed on final attempt [3/3] due to error [exit status 1]. Command String: [./zbox transferallocation --new_owner 59904424306d28ee765fc94bd3a6676ff148078e2297088fe9fc803b62fac8c6 --allocation 542c16d3d1c876191e2df96b34de85791b6c05c25f2a7b3a161b336d21d1d9d9 --new_owner_key 890d139fd38934ab66ff2f9b09722f778758da1abbd54e525da5e200a5585c1d09470c113f1bbd771fb9a19bafd34f3a1bffcb49ba060bdff2c6642acfb4a206 --silent --wallet Test___FlakyTransferAllocation-transfer_allocation_and_upload_file_wallet.json --configDir ./config --config ./zbox_config.yaml] Output: [Error transferring allocation:[txn] too less sharders to confirm it: min_confirmation is 50%, but got 0/2 sharders -\u003cNEWLINE\u003e- https://dev-6.devnet-0chain.net/sharder02/v1/transaction/get/confirmation?hash=c279fbefdd27b6649425c6d728f03a8df48eb39973b49e9cc804e754f1eda1c6: [400] {\"code\":\"entity_not_found\",\"error\":\"entity_not_found: txn_summary not found with id = c279fbefdd27b6649425c6d728f03a8df48eb39973b49e9cc804e754f1eda1c6\"} -\u003cNE","WLINE\u003e- https://dev-6.devnet-0chain.net/sharder01/v1/transaction/get/confirmation?hash=c279fbefdd27b6649425c6d728f03a8df48eb39973b49e9cc804e754f1eda1c6: [400] {\"code\":\"entity_not_found\",\"error\":\"entity_not_found: txn_summary not found with id = c279fbefdd27b6649425c6d728f03a8df48eb39973b49e9cc804e754f1eda1c6\"}]\n","    utils.go:73: \u001b[31mThe verbose output for the command is:\n","    utils.go:77: \u001b[31m0chain-core-sdk [INFO]   2023/04/27 11:14:51.596146 wallet_base.go:310: ******* Wallet SDK Version:v1.8.13-45-g29b9769 ******* (SetLogFile)\n","    utils.go:77: \u001b[31m0box-sdk        [INFO]   2023/04/27 11:14:51.596177 sdk.go:78: ******* Storage SDK Version: v1.8.13-45-g29b9769 *******\n","    utils.go:77: \u001b[31m0chain-core-sdk [INFO]   2023/04/27 11:14:51.615196 transaction_base.go:139: ******* Wallet SDK Version:v1.8.13-45-g29b9769 ******* (InitZCNSDK)\n","    utils.go:77: \u001b[31m0box-sdk        [DEBUG]  2023/04/27 11:14:51.623527 networkworker.go:105: Get network result:{\"miners\":[\"https://dev-6.devnet-0chain.net/miner02\",\"https://dev-6.devnet-0chain.net/miner01\",\"https://dev-6.devnet-0chain.net/miner03\"],\"sharders\":[\"https://dev-6.devnet-0chain.net/sharder02\",\"https://dev-6.devnet-0chain.net/sharder01\"]}\n","    utils.go:77: \u001b[31m0box-sdk        [INFO]   2023/04/27 11:14:51.641769 sdk.go:1409: estimate txn fee{fee 18 10000000000  \u003cnil\u003e} {txn 23 0  0xc000178f70}\n","    utils.go:77: \u001b[31m0box-sdk        \u001b[31m[ERROR]  2023/04/27 11:15:21.905391 sdk.go:1442: Error verifying the transaction[txn] too less sharders to confirm it: min_confirmation is 50%, but got 0/2 sharders\n","    utils.go:77: \u001b[31mhttps://dev-6.devnet-0chain.net/sharder01/v1/transaction/get/confirmation?hash=7c2b917d439a8e8b7d064ebef23612b85941269bd01e032a4cf761dc0305bd6a: [400] {\"code\":\"entity_not_found\",\"error\":\"entity_not_found: txn_summary not found with id = 7c2b917d439a8e8b7d064ebef23612b85941269bd01e032a4cf761dc0305bd6a\"}\n","    utils.go:77: \u001b[31mhttps://dev-6.devnet-0chain.net/sharder02/v1/transaction/get/confirmation?hash=7c2b917d439a8e8b7d064ebef23612b85941269bd01e032a4cf761dc0305bd6a: [400] {\"code\":\"entity_not_found\",\"error\":\"entity_not_found: txn_summary not found with id = 7c2b917d439a8e8b7d064ebef23612b85941269bd01e032a4cf761dc0305bd6a\"}\n","    utils.go:77: \u001b[31m7c2b917d439a8e8b7d064ebef23612b85941269bd01e032a4cf761dc0305bd6a\u001b[0m\n","    utils.go:77: \u001b[31mError transferring allocation:[txn] too less sharders to confirm it: min_confirmation is 50%, but got 0/2 sharders\n","    assertions.go:264: \n","        \tError Trace:\t/root/actions-runner6/_work/system_test/system_test/tests/cli_tests/flaky___flaky_test.go:213\n","        \t            \t\t\t\t/root/actions-runner6/_work/system_test/system_test/tests/cli_tests/system_test_framework.go:93\n","        \t            \t\t\t\t/root/actions-runner6/_work/system_test/system_test/tests/cli_tests/asm_amd64.s:1598\n","        \tError:      \tExpected nil, but got: \u0026exec.ExitError{ProcessState:(*os.ProcessState)(0xc0004c8270), Stderr:[]uint8(nil)}\n","        \tTest:       \tTest___FlakyTransferAllocation/transfer_allocation_and_upload_file\n","        \tMessages:   \tError transferring allocation:[txn] too less sharders to confirm it: min_confirmation is 50%, but got 0/2 sharders\n","        \t            \thttps://dev-6.devnet-0chain.net/sharder02/v1/transaction/get/confirmation?hash=c279fbefdd27b6649425c6d728f03a8df48eb39973b49e9cc804e754f1eda1c6: [400] {\"code\":\"entity_not_found\",\"error\":\"entity_not_found: txn_summary not found with id = c279fbefdd27b6649425c6d728f03a8df48eb39973b49e9cc804e754f1eda1c6\"}\n","        \t            \thttps://dev-6.devnet-0chain.net/sharder01/v1/transaction/get/confirmation?hash=c279fbefdd27b6649425c6d728f03a8df48eb39973b49e9cc804e754f1eda1c6: [400] {\"code\":\"entity_not_found\",\"error\":\"entity_not_found: txn_summary not found with id = c279fbefdd27b6649425c6d728f03a8df48eb39973b49e9cc804e754f1eda1c6\"}\n","    flaky___flaky_test.go:175: Test case [transfer allocation and upload file] exit at [04-27-2023 11:15:21]\n",""],"Passed":false,"Skipped":false,"TestFileName":"","TestFunctionDetail":{"Line":0,"Col":0}}]}]

    const report = window.GoTestReport({
                                         data: data,
                                         testResultsElem: document.getElementById('testResults'),
                                         testGroupListElem: document.getElementById('testGroupList')
                                       });


</script>
</body>
</html>
