<!DOCTYPE html>
<html lang="en">
<head>
    <meta charset="UTF-8">
    <title>Subset of 0Chain System test suite [feature_client-fileops-limits/5cee5855] ran against [dev-7.devnet-0chain.net] at [2023-10-31_15.48.30]</title>
    <style type="text/css">
        body {
            font-family: sans-serif;
            background-color: #f3f3f3;
            border-top: 2px #dee6e8 solid;
            margin: 0;
        }

        div.pageHeader span.projectTitle {
            font-family: serif;
            font-size: 2em;
            padding-left: 56px;
            padding-top: 80px;
            display: block;
            color: #a5a5a5;
            text-shadow: 0 -1px 1px white;
        }

        div.pageHeader div.testStats {
            position: absolute;
            top: 7px;
            right: 52px;
            font-size: 0.8em;
            color: #a2a2a2;
        }

        div.pageHeader div.testStats span.indicator {
            font-size: 2em;
            position: relative;
            top: 5px;
            text-shadow: 0 1px 0 white;
        }

        div.pageHeader div.testStats span strong {
            margin-right: 16px;
        }

        div.pageHeader div.testStats span.total {
            border-right: 1px #afafaf dotted;
            background: #8298af;
        }

        div.pageHeader div.testStats span.passed {
            border-right: 1px #afafaf dotted;
            background: #6fca83;
        }

        div.pageHeader div.testStats span.skipped {
            background: #bababa;
        }

        div.pageHeader div.testStats span.failed {
            background: #ff7676;
        }

        div.pageHeader div.testStats span {
            margin-right: 1px;
            height: 55px;
            padding: 20px 8px 18px;
            color: white;
        }

        div.pageHeader .testGroupsTitle {
            margin: 16px 32px 8px 40px;
            font-size: 0.9em;
            color: darkgrey;
            display: inline-block;
        }

        div.pageHeader .testExecutionDate {
            display: inline-block;
            position: absolute;
            right: 10px;
            margin: 14px 32px 8px 40px;
            color: #9e9e9e;
            font-size: 0.9em;
        }

        .testReportContainer {
            padding: 0 32px 32px 32px;
        }

        .cardContainer {
            padding: 16px 16px 16px;
            box-shadow: 0 4px 4px #d4d4d4;
            background-color: white;
        }

        #testResults {
            display: flex;
            flex-wrap: wrap;
        }

        .testResultGroup {
            width: 24px;
            height: 24px;
            background-color: #43c143;
            margin-left: 1px;
            margin-bottom: 1px;
            box-sizing: border-box;
        }

        .testResultGroup.selected {
            border: 1px white solid;
            background-color: black !important;
        }

        .testResultGroup.skipped {
            border: 2px gray solid;
        }

        .testResultGroup.failed {
            background-color: red;
        }

        .cardContainer.testGroupList,
        .cardContainer.testDetail {
            margin-top: 16px;
            padding: 16px;
        }

        .cardContainer.testGroupList {
            color: #9c9c9c;
            padding: 0;
        }

        .cardContainer.testGroupList .testGroupRow {
            cursor: default;
            border-bottom: 1px #dadada dotted;
        }

        .cardContainer.testGroupList .testGroupRow span.testStatus {
            font-size: 1.2em;
            font-weight: bold;
            color: #139e13;
            pointer-events: none;
            display: inline-block;
            overflow: hidden;
            float: left;
            padding-top: 10px;
            padding-left: 20px;
            padding-right: 12px;
        }

        .cardContainer.testGroupList .testGroupRow span.testStatus.skipped {
            color: gray;
        }

        .cardContainer.testGroupList .testGroupRow span.testStatus.failed {
            color: red;
        }

        .cardContainer.testGroupList .testGroupRow span.testTitle {
            font-size: 0.9em;
            padding: 12px 0 10px;
            display: inline-block;
            pointer-events: none;
            color: #525252;
            text-overflow: ellipsis;
            overflow: hidden;
            width: calc(100% - 110px);
        }

        .cardContainer.testGroupList .testGroupRow span.testDuration {
            pointer-events: none;
        }

        .cardContainer.testGroupList .testGroupRow {
            position: relative;
            border-left: 4px #43c143 solid;
        }

        .cardContainer.testGroupList .testGroupRow.skipped {
            color: gray;
            border-left: 4px gray solid;
        }

        .cardContainer.testGroupList .testGroupRow.failed {
            color: red;
            border-left: 4px red solid;
        }

        .cardContainer.testGroupList .testGroupRow:hover {
            background-color: #fffaea;
            transition: 0.250s;
        }

        .cardContainer .testOutput {
            padding: 8px 16px 24px 16px;
        }

        .cardContainer .console {
            display: block;
            font-family: monospace;
            padding: 10px;
            background-color: #424242;
            color: #1aff00;
            border-bottom: 1px #1aff00 dotted;
            overflow: auto;
            font-size: 1.1em;
        }

        .cardContainer .testOutput .testDetail {
            border-bottom: 1px #d0d0d0 solid;
            padding: 16px;
            background-color: #e6e6e6;
            border-radius: 0 0 4px 4px;
            color: dimgrey;
            font-size: 0.8em;
        }

        .cardContainer .console.skipped{
            color: #d9d9d9;
        }

        .cardContainer .console.failed {
            color: #ffb2b2;
        }

        .cardContainer .testDuration {
            position: absolute;
            top: 5px;
            right: 8px;
            text-align: right;
            padding-right: 8px;
            box-sizing: border-box;
        }
    </style>
</head>
<body>
<div class="pageHeader">
    <span class="projectTitle">Subset of 0Chain System test suite [feature_client-fileops-limits/5cee5855] ran against [dev-7.devnet-0chain.net] at [2023-10-31_15.48.30]</span>
    <div class="testStats">
        <span class="total"><span class="indicator">&boxbox;</span> Total: <strong>5</strong>Duration: <strong>3ms</strong>
        </span><span class="passed"><span class="indicator">&check;</span> Passed: <strong>1</strong>
        </span><span class="skipped"><span class="indicator">&dash;</span> Skipped: <strong>0</strong>
        </span><span class="failed"><span class="indicator">&cross;</span> Failed: <strong>4</strong>
        </span>
    </div>
    <span class="testGroupsTitle">Test Groups:</span>
    <span class="testExecutionDate">October 31, 2023 16:06:01</span>
</div>
<div class="testReportContainer">
    <div class="cardContainer">
        <div id="testResults">
            
                <div class="testResultGroup failed " id="0"></div>
            
                <div class="testResultGroup failed " id="1"></div>
            
                <div class="testResultGroup  " id="2"></div>
            
                <div class="testResultGroup failed " id="3"></div>
            
                <div class="testResultGroup failed " id="4"></div>
            
        </div>
    </div>
    <div class="cardContainer testGroupList" id="testGroupList"></div>
</div>
<script type="application/javascript">
    /**
 * @typedef TestStatus
 * @property {string} TestName
 * @property {string} Package
 * @property {number} ElapsedTime
 * @property {Array.<string>} Output
 * @property {boolean} Passed
 * @property {boolean} Skipped
 */
class TestStatus {}

/**
 * @typedef TestGroupData
 * @type {object}
 * @property {string} FailureIndicator
 * @property {string} SkippedIndicator
 * @property {Array.<TestStatus>}
 */
class TestGroupData {}

/**
 * @typedef TestResults
 * @type {Array.<TestGroupData>}
 */
class TestResults extends Array {}

/**
 * @typedef SelectedItems
 * @property {HTMLElement|EventTarget} testResults
 * @property {String} selectedTestGroupColor
 */
class SelectedItems {}

/**
 * @typedef GoTestReportElements
 * @property {TestResults} data
 * @property {HTMLElement} testResultsElem
 * @property {HTMLElement} testGroupListElem
 */
class GoTestReportElements {}


/**
 * Main entry point for GoTestReport.
 * @param {GoTestReportElements} elements
 * @returns {{testResultsClickHandler: testResultsClickHandler}}
 * @constructor
 */
window.GoTestReport = function (elements) {
  const /**@type {SelectedItems}*/ selectedItems = {
    testResults: null,
    selectedTestGroupColor: null
  }

  function addEventData(event) {
    if (event.data == null) {
      event.data = {target: event.target}
    }
    return event
  }


  const goTestReport = {
    /**
     * Invoked when a user clicks on one of the test group div elements.
     * @param {HTMLElement} target The element associated with the test group.
     * @param {boolean} shiftKey If pressed, all of test detail associated to the test group is shown.
     * @param {TestResults} data
     * @param {SelectedItems} selectedItems
     * @param {function(target: Element, data: TestResults)} testGroupListHandler
     */
    testResultsClickHandler: function (target,
                                       shiftKey,
                                       data,
                                       selectedItems,
                                       testGroupListHandler) {

      if (target.classList.contains('testResultGroup') === false) {
        return
      }
      if (selectedItems.testResults != null) {
        let testResultsElement = /**@type {HTMLElement}*/ selectedItems.testResults
        testResultsElement.classList.remove("selected")
        testResultsElement.style.backgroundColor = selectedItems.selectedTestGroupColor
      }
      const testGroupId = /**@type {number}*/ target.id
      if ((target.id === undefined)
        || (data[testGroupId] === undefined)
        || (data[testGroupId]['TestResults'] === undefined)) {
        return
      }
      const testResults = /**@type {TestResults}*/ data[testGroupId]['TestResults']
      let testGroupList = /**@type {string}*/ ''
      selectedItems.selectedTestGroupColor = getComputedStyle(target).getPropertyValue('background-color')
      selectedItems.testResults = target
      target.classList.add("selected")
      for (let i = 0; i < testResults.length; i++) {
        const testResult = /**@type {TestGroupData}*/ testResults[i]
        const testPassed = /**@type {boolean}*/ testResult.Passed
        const testSkipped = /**@type {boolean}*/ testResult.Skipped
        const testPassedStatus = /**@type {string}*/ (testPassed) ? '' : (testSkipped ? 'skipped' : 'failed')
        const testId = /**@type {string}*/ target.attributes['id'].value
        testGroupList += `<div class="testGroupRow ${testPassedStatus}" data-groupid="${testId}" data-index="${i}">
        <span class="testStatus ${testPassedStatus}">${(testPassed) ? '&check' : (testSkipped ? '&dash' : '&cross')};</span>
        <span class="testTitle">${testResult.TestName}</span>
        <span class="testDuration"><span>${testResult.ElapsedTime}s </span>‚è±</span>
      </div>`
      }
      const testGroupListElem = elements.testGroupListElem
      testGroupListElem.innerHTML = ''
      testGroupListElem.innerHTML = testGroupList

      if (shiftKey) {
        testGroupListElem.querySelectorAll('.testGroupRow')
                         .forEach((elem) => testGroupListHandler(elem, data))
      } else if (testResults.length === 1) {
        testGroupListHandler(testGroupListElem.querySelector('.testGroupRow'), data)
      }
    },

    /**
     *
     * @param {Element} target
     * @param {TestResults} data
     */
    testGroupListHandler: function (target, data) {
      const attribs = target['attributes']
      if (attribs.hasOwnProperty('data-groupid')) {
        const groupId = /**@type {number}*/ attribs['data-groupid'].value
        const testIndex = /**@type {number}*/ attribs['data-index'].value
        const testStatus = /**@type {TestStatus}*/ data[groupId]['TestResults'][testIndex]
        const testOutputDiv = /**@type {HTMLDivElement}*/ target.querySelector('div.testOutput')

        if (testOutputDiv == null) {
          const testOutputDiv = document.createElement('div')
          testOutputDiv.classList.add('testOutput')
          const consolePre = document.createElement('pre')
          consolePre.classList.add('console')
          const testDetailDiv = document.createElement('div')
          testDetailDiv.classList.add('testDetail')
          const packageNameDiv = document.createElement('div')
          packageNameDiv.classList.add('package')
          packageNameDiv.innerHTML = `<strong>Package:</strong> ${testStatus.Package}`
          const testFileNameDiv = document.createElement('div')
          testFileNameDiv.classList.add('filename')
          if (testStatus.TestFileName.trim() === "") {
            testFileNameDiv.innerHTML = `<strong>Filename:</strong> n/a &nbsp;&nbsp;`
          } else {
            testFileNameDiv.innerHTML = `<strong>Filename:</strong> ${testStatus.TestFileName} &nbsp;&nbsp;`
            testFileNameDiv.innerHTML += `<strong>Line:</strong> ${testStatus.TestFunctionDetail.Line} `
            testFileNameDiv.innerHTML += `<strong>Col:</strong> ${testStatus.TestFunctionDetail.Col}`
          }
          testDetailDiv.insertAdjacentElement('beforeend', packageNameDiv)
          testDetailDiv.insertAdjacentElement('beforeend', testFileNameDiv)
          testOutputDiv.insertAdjacentElement('afterbegin', consolePre)
          testOutputDiv.insertAdjacentElement('beforeend', testDetailDiv)
          target.insertAdjacentElement('beforeend', testOutputDiv)

          if (testStatus.Passed) {
            consolePre.classList.remove('skipped')
            consolePre.classList.remove('failed')
          } else if (testStatus.Skipped) {
            consolePre.classList.add('skipped')
            consolePre.classList.remove('failed')
          } else {
            consolePre.classList.remove('skipped')
            consolePre.classList.add('failed')
          }
          consolePre.textContent = testStatus.Output.join('')
        } else {
          testOutputDiv.remove()
        }
      }
    }
  }

  //+------------------------+
  //|    setup DOM events    |
  //+------------------------+
  elements.testResultsElem
          .addEventListener('click', event =>
            goTestReport.testResultsClickHandler(/**@type {HTMLElement}*/ addEventData(event).data.target,
                                                 event.shiftKey,
                                                 elements.data,
                                                 selectedItems,
                                                 goTestReport.testGroupListHandler))

  elements.testGroupListElem
          .addEventListener('click', event =>
            goTestReport.testGroupListHandler(/**@type {Element}*/ event.target,
                                              elements.data))

  return goTestReport
}


    

    const data = [{"FailureIndicator":"failed","SkippedIndicator":"","TestResults":[{"TestName":"TestClientThrottling","Package":"github.com/0chain/system_test/tests/tokenomics_tests","ElapsedTime":47.09,"Output":["","    wallet.go:45: creating wallet...\n","    wallet.go:24: Executing faucet...\n","    wallet.go:62: faucet output: [No wallet in path  config/TestClientThrottling_wallet.json found. Creating wallet... ZCN wallet created!! Execute faucet smart contract success with txn :  cbf782c4ce8de52e90a6bc7178855c562054112686d99f8a23cd1a80811402ea]\n","    blobbers.go:12: Requesting blobber list...\n","    blobbers.go:17: Requesting validator list...\n","    wallet.go:24: Executing faucet...\n","    blobber_challenge_reward_test.go:218: Staking tokens for blobber:  5064a8e0ce29a8e92d43a93c6b8a0a786e89d53642df65ad721ebd6915d32671\n","    wallet.go:99: Staking tokens...\n","    wallet.go:24: Executing faucet...\n","    blobber_challenge_reward_test.go:218: Staking tokens for blobber:  76a781712267e84136f84853040fd95c03c62c9a9444a94b9ce74b5d30d6340d\n","    wallet.go:99: Staking tokens...\n","    wallet.go:24: Executing faucet...\n","    wallet.go:99: Staking tokens...\n","    wallet.go:24: Executing faucet...\n","    wallet.go:99: Staking tokens...\n","","","    wallet.go:45: creating wallet...\n","    wallet.go:24: Executing faucet...\n","    wallet.go:62: faucet output: [No wallet in path  config/TestClientThrottling_wallet.json found. Creating wallet... ZCN wallet created!! Execute faucet smart contract success with txn :  3f2fed0c34c793b2de42da0a22e02ab18487ff80a6d2ba743cc093efd2ffc72c]\n","    blobbers.go:12: Requesting blobber list...\n","    blobbers.go:17: Requesting validator list...\n","    wallet.go:24: Executing faucet...\n","    blobber_challenge_reward_test.go:218: Staking tokens for blobber:  5064a8e0ce29a8e92d43a93c6b8a0a786e89d53642df65ad721ebd6915d32671\n","    wallet.go:99: Staking tokens...\n","    wallet.go:24: Executing faucet...\n","    blobber_challenge_reward_test.go:218: Staking tokens for blobber:  76a781712267e84136f84853040fd95c03c62c9a9444a94b9ce74b5d30d6340d\n","    wallet.go:99: Staking tokens...\n","    wallet.go:24: Executing faucet...\n","    wallet.go:99: Staking tokens...\n","    wallet.go:24: Executing faucet...\n","    wallet.go:99: Staking tokens...\n","","","    wallet.go:45: creating wallet...\n","    wallet.go:24: Executing faucet...\n","    wallet.go:62: faucet output: [No wallet in path  config/TestClientThrottling_wallet.json found. Creating wallet... ZCN wallet created!! Execute faucet smart contract success with txn :  fcc12f7484db86d2c6752ca174db88ee8a5377cefc6faac026f394864216ec29]\n","    blobbers.go:12: Requesting blobber list...\n","    blobbers.go:17: Requesting validator list...\n","    wallet.go:24: Executing faucet...\n","    blobber_challenge_reward_test.go:218: Staking tokens for blobber:  5064a8e0ce29a8e92d43a93c6b8a0a786e89d53642df65ad721ebd6915d32671\n","    wallet.go:99: Staking tokens...\n","    wallet.go:24: Executing faucet...\n","    blobber_challenge_reward_test.go:218: Staking tokens for blobber:  76a781712267e84136f84853040fd95c03c62c9a9444a94b9ce74b5d30d6340d\n","    wallet.go:99: Staking tokens...\n","    wallet.go:24: Executing faucet...\n","    wallet.go:99: Staking tokens...\n","    wallet.go:24: Executing faucet...\n","    wallet.go:99: Staking tokens...\n","","","    wallet.go:45: creating wallet...\n","    wallet.go:24: Executing faucet...\n","    wallet.go:62: faucet output: [No wallet in path  config/TestClientThrottling_wallet.json found. Creating wallet... ZCN wallet created!! Execute faucet smart contract success with txn :  25dbebaaa81a6bb4a4c168c4f7afc0f70df59cb54ec4516b2769591ec8dc1950]\n","    blobbers.go:12: Requesting blobber list...\n","    blobbers.go:17: Requesting validator list...\n","    wallet.go:24: Executing faucet...\n","    blobber_challenge_reward_test.go:218: Staking tokens for blobber:  5064a8e0ce29a8e92d43a93c6b8a0a786e89d53642df65ad721ebd6915d32671\n","    wallet.go:99: Staking tokens...\n","    wallet.go:24: Executing faucet...\n","    blobber_challenge_reward_test.go:218: Staking tokens for blobber:  76a781712267e84136f84853040fd95c03c62c9a9444a94b9ce74b5d30d6340d\n","    wallet.go:99: Staking tokens...\n","    wallet.go:24: Executing faucet...\n","    wallet.go:99: Staking tokens...\n","    wallet.go:24: Executing faucet...\n","    wallet.go:99: Staking tokens...\n","","","    wallet.go:45: creating wallet...\n","    wallet.go:24: Executing faucet...\n","    wallet.go:62: faucet output: [No wallet in path  config/TestClientThrottling_wallet.json found. Creating wallet... ZCN wallet created!! Execute faucet smart contract success with txn :  70d57b211705db6463e3433ae9ccefee1ea3dd18eb1fb5d66f4978a357793398]\n","    blobbers.go:12: Requesting blobber list...\n","    blobbers.go:17: Requesting validator list...\n","    wallet.go:24: Executing faucet...\n","    blobber_challenge_reward_test.go:218: Staking tokens for blobber:  5064a8e0ce29a8e92d43a93c6b8a0a786e89d53642df65ad721ebd6915d32671\n","    wallet.go:99: Staking tokens...\n","    wallet.go:24: Executing faucet...\n","    blobber_challenge_reward_test.go:218: Staking tokens for blobber:  76a781712267e84136f84853040fd95c03c62c9a9444a94b9ce74b5d30d6340d\n","    wallet.go:99: Staking tokens...\n","    wallet.go:24: Executing faucet...\n","    wallet.go:99: Staking tokens...\n","    wallet.go:24: Executing faucet...\n","    wallet.go:99: Staking tokens...\n","","","    wallet.go:45: creating wallet...\n","    wallet.go:24: Executing faucet...\n","    wallet.go:62: faucet output: [No wallet in path  config/TestClientThrottling_wallet.json found. Creating wallet... ZCN wallet created!! Execute faucet smart contract success with txn :  5dd2955c1518586e567fd5646bafba6efb30117f01699eaaef1f331c7d544941]\n","    blobbers.go:12: Requesting blobber list...\n","    blobbers.go:17: Requesting validator list...\n","    wallet.go:24: Executing faucet...\n","    blobber_challenge_reward_test.go:218: Staking tokens for blobber:  5064a8e0ce29a8e92d43a93c6b8a0a786e89d53642df65ad721ebd6915d32671\n","    wallet.go:99: Staking tokens...\n","    wallet.go:24: Executing faucet...\n","    blobber_challenge_reward_test.go:218: Staking tokens for blobber:  76a781712267e84136f84853040fd95c03c62c9a9444a94b9ce74b5d30d6340d\n","    wallet.go:99: Staking tokens...\n","    wallet.go:24: Executing faucet...\n","    wallet.go:99: Staking tokens...\n","    wallet.go:24: Executing faucet...\n","    wallet.go:99: Staking tokens...\n","","","    wallet.go:45: creating wallet...\n","    wallet.go:24: Executing faucet...\n","    wallet.go:62: faucet output: [No wallet in path  config/TestClientThrottling_wallet.json found. Creating wallet... ZCN wallet created!! Execute faucet smart contract success with txn :  20852e134dbd0ac5e08f2ba590f61a3a37ad03318c5af0e7ef96598db42c50a8]\n","    blobbers.go:12: Requesting blobber list...\n","    blobbers.go:17: Requesting validator list...\n","    wallet.go:24: Executing faucet...\n","    blobber_challenge_reward_test.go:218: Staking tokens for blobber:  5064a8e0ce29a8e92d43a93c6b8a0a786e89d53642df65ad721ebd6915d32671\n","    wallet.go:99: Staking tokens...\n","    wallet.go:24: Executing faucet...\n","    blobber_challenge_reward_test.go:218: Staking tokens for blobber:  76a781712267e84136f84853040fd95c03c62c9a9444a94b9ce74b5d30d6340d\n","    wallet.go:99: Staking tokens...\n","    wallet.go:24: Executing faucet...\n","    wallet.go:99: Staking tokens...\n","    wallet.go:24: Executing faucet...\n","    wallet.go:99: Staking tokens...\n",""],"Passed":false,"Skipped":false,"TestFileName":"client_fileops_limits_test.go","TestFunctionDetail":{"Line":21,"Col":1}}]},{"FailureIndicator":"failed","SkippedIndicator":"","TestResults":[{"TestName":"TestClientThrottling/File_upload_should_fail_on_exceeding_max_number_of_files","Package":"github.com/0chain/system_test/tests/tokenomics_tests","ElapsedTime":11.37,"Output":["","    client_fileops_limits_test.go:209: Test case [File upload should fail on exceeding max number of files] scheduled at [10-31-2023 15:55:07] \n","    system_test_framework.go:149: Test case [File upload should fail on exceeding max number of files] start at [10-31-2023 15:55:07] \n","    wallet.go:45: creating wallet...\n","    wallet.go:24: Executing faucet...\n","    wallet.go:62: faucet output: [No wallet in path  config/TestClientThrottling-File_upload_should_fail_on_exceeding_max_number_of_files_wallet.json found. Creating wallet... ZCN wallet created!! Execute faucet smart contract success with txn :  b60fad5c11428be2583e83150a9b2398f45fb3834f22d719f66f97657c9b2231]\n","    wallet.go:24: Executing faucet...\n","    allocation.go:134: Creating new allocation...\n","    allocation.go:190: Uploading file...\n","    assertions.go:333: \n","        \tError Trace:\t/root/actions-runner7/_work/system_test/system_test/tests/tokenomics_tests/client_fileops_limits_test.go:241\n","        \t            \t\t\t\t/root/actions-runner7/_work/system_test/system_test/internal/api/util/test/system_test_framework.go:150\n","        \t            \t\t\t\t/usr/local/go/src/runtime/asm_amd64.s:1598\n","        \tError:      \tExpected value not to be nil.\n","        \tTest:       \tTestClientThrottling/File_upload_should_fail_on_exceeding_max_number_of_files\n","        \tMessages:   \tFile upload is expected to fail as we already uploaded max files allowed\n","    client_fileops_limits_test.go:209: Test case [File upload should fail on exceeding max number of files] exit at [10-31-2023 15:55:19]\n","","","    client_fileops_limits_test.go:209: Test case [File upload should fail on exceeding max number of files] scheduled at [10-31-2023 16:00:28] \n","    system_test_framework.go:149: Test case [File upload should fail on exceeding max number of files] start at [10-31-2023 16:00:28] \n","    wallet.go:45: creating wallet...\n","    wallet.go:24: Executing faucet...\n","    wallet.go:62: faucet output: [No wallet in path  config/TestClientThrottling-File_upload_should_fail_on_exceeding_max_number_of_files_wallet.json found. Creating wallet... ZCN wallet created!! Execute faucet smart contract success with txn :  cc82e882fae1a5a80190ee7d62f7f886667920ea95bcdc66ff342280d7e4214a]\n","    wallet.go:24: Executing faucet...\n","    allocation.go:134: Creating new allocation...\n","    allocation.go:190: Uploading file...\n","    assertions.go:333: \n","        \tError Trace:\t/root/actions-runner7/_work/system_test/system_test/tests/tokenomics_tests/client_fileops_limits_test.go:241\n","        \t            \t\t\t\t/root/actions-runner7/_work/system_test/system_test/internal/api/util/test/system_test_framework.go:150\n","        \t            \t\t\t\t/usr/local/go/src/runtime/asm_amd64.s:1598\n","        \tError:      \tExpected value not to be nil.\n","        \tTest:       \tTestClientThrottling/File_upload_should_fail_on_exceeding_max_number_of_files\n","        \tMessages:   \tFile upload is expected to fail as we already uploaded max files allowed\n","    client_fileops_limits_test.go:209: Test case [File upload should fail on exceeding max number of files] exit at [10-31-2023 16:00:40]\n","","","    client_fileops_limits_test.go:209: Test case [File upload should fail on exceeding max number of files] scheduled at [10-31-2023 16:05:49] \n","    system_test_framework.go:149: Test case [File upload should fail on exceeding max number of files] start at [10-31-2023 16:05:49] \n","    wallet.go:45: creating wallet...\n","    wallet.go:24: Executing faucet...\n","    wallet.go:62: faucet output: [No wallet in path  config/TestClientThrottling-File_upload_should_fail_on_exceeding_max_number_of_files_wallet.json found. Creating wallet... ZCN wallet created!! Execute faucet smart contract success with txn :  a31863ff418c000ac76cb51a9f135635892050a486c50ad25ab1155489d96113]\n","    wallet.go:24: Executing faucet...\n","    allocation.go:134: Creating new allocation...\n","    allocation.go:190: Uploading file...\n","    assertions.go:333: \n","        \tError Trace:\t/root/actions-runner7/_work/system_test/system_test/tests/tokenomics_tests/client_fileops_limits_test.go:241\n","        \t            \t\t\t\t/root/actions-runner7/_work/system_test/system_test/internal/api/util/test/system_test_framework.go:150\n","        \t            \t\t\t\t/usr/local/go/src/runtime/asm_amd64.s:1598\n","        \tError:      \tExpected value not to be nil.\n","        \tTest:       \tTestClientThrottling/File_upload_should_fail_on_exceeding_max_number_of_files\n","        \tMessages:   \tFile upload is expected to fail as we already uploaded max files allowed\n","    client_fileops_limits_test.go:209: Test case [File upload should fail on exceeding max number of files] exit at [10-31-2023 16:06:01]\n",""],"Passed":false,"Skipped":false,"TestFileName":"","TestFunctionDetail":{"Line":0,"Col":0}}]},{"FailureIndicator":"","SkippedIndicator":"","TestResults":[{"TestName":"TestClientThrottling/Upload_and_download_limits_should_allow_blocks_less_than_limits","Package":"github.com/0chain/system_test/tests/tokenomics_tests","ElapsedTime":157.68,"Output":["","    client_fileops_limits_test.go:68: Test case [Upload and download limits should allow blocks less than limits] scheduled at [10-31-2023 15:49:10] \n","    system_test_framework.go:149: Test case [Upload and download limits should allow blocks less than limits] start at [10-31-2023 15:49:10] \n","    wallet.go:45: creating wallet...\n","    wallet.go:24: Executing faucet...\n","    wallet.go:62: faucet output: [No wallet in path  config/TestClientThrottling-Upload_and_download_limits_should_allow_blocks_less_than_limits_wallet.json found. Creating wallet... ZCN wallet created!! Execute faucet smart contract success with txn :  f3b8ddf578279a97b2badbde765fd69e7feaa45df34ecd6023d8be46360e302a]\n","    wallet.go:24: Executing faucet...\n","    allocation.go:86: Creating new allocation... map[data:1 lock:0.5 parity:1 size:524288000]\n","    allocation.go:88: Faucet Tokens :  1\n","    wallet.go:45: creating wallet...\n","    wallet.go:24: Executing faucet...\n","    wallet.go:62: faucet output: [Execute faucet smart contract success with txn :  bbaf91b1525ed581464927af636dd5567b9e2c169a4e4a062a4613da155dd9d7]\n","    wallet.go:24: Executing faucet...\n","    allocation.go:134: Creating new allocation...\n","    allocation.go:51: Locking read tokens...\n","    allocation.go:190: Uploading file...\n","    utils.go:166: Waiting 15s...\n","    allocation.go:114: Downloading file...\n","    client_fileops_limits_test.go:68: Test case [Upload and download limits should allow blocks less than limits] exit at [10-31-2023 15:51:48]\n","--- PASS: TestClientThrottling/Upload_and_download_limits_should_allow_blocks_less_than_limits (157.68s)",""],"Passed":true,"Skipped":false,"TestFileName":"","TestFunctionDetail":{"Line":0,"Col":0}}]},{"FailureIndicator":"failed","SkippedIndicator":"","TestResults":[{"TestName":"TestClientThrottling/Upload_and_download_limits_should_allow_blocks_less_than_limits#01","Package":"github.com/0chain/system_test/tests/tokenomics_tests","ElapsedTime":177.09,"Output":["","    client_fileops_limits_test.go:149: Test case [Upload and download limits should allow blocks less than limits] scheduled at [10-31-2023 15:52:10] \n","    system_test_framework.go:149: Test case [Upload and download limits should allow blocks less than limits] start at [10-31-2023 15:52:10] \n","    wallet.go:45: creating wallet...\n","    wallet.go:24: Executing faucet...\n","    wallet.go:62: faucet output: [No wallet in path  config/TestClientThrottling-Upload_and_download_limits_should_allow_blocks_less_than_limits#01_wallet.json found. Creating wallet... ZCN wallet created!! Execute faucet smart contract success with txn :  8cda771b35c3246a981c648f98855d041a47ffa9523c760b8326a5d79ae01158]\n","    wallet.go:24: Executing faucet...\n","    allocation.go:86: Creating new allocation... map[data:1 lock:0.5 parity:1 size:524288000]\n","    allocation.go:88: Faucet Tokens :  1\n","    wallet.go:45: creating wallet...\n","    wallet.go:24: Executing faucet...\n","    wallet.go:62: faucet output: [Execute faucet smart contract success with txn :  539b7b7aeb4ff7cf508adb19a585a694ebb16eba38f2b7ca0b350cde6a052dff]\n","    wallet.go:24: Executing faucet...\n","    allocation.go:134: Creating new allocation...\n","    allocation.go:51: Locking read tokens...\n","    allocation.go:190: Uploading file...\n","    utils.go:166: Waiting 15s...\n","    allocation.go:114: Downloading file...\n","    utils.go:166: Waiting 15s...\n","    allocation.go:114: Downloading file...\n","    utils.go:82: \u001b[33mCommand failed on attempt [1/3] due to error [exit status 1]. Output: [Error in file operation: Error while calculating shard params. Error: exceeded_max_offset_value: file is already downloaded]\n","    utils.go:82: \u001b[33mCommand failed on attempt [2/3] due to error [exit status 1]. Output: [Error in file operation: Error while calculating shard params. Error: exceeded_max_offset_value: file is already downloaded]\n","    utils.go:98: \u001b[31mCommand failed on final attempt [3/3] due to error [exit status 1]. Command String: [] Output: [Error in file operation: Error while calculating shard params. Error: exceeded_max_offset_value: file is already downloaded]\n","    utils.go:101: \u001b[31mThe verbose output for the command is:\n","    utils.go:105: \u001b[31m0chain-core-sdk [INFO]   2023/10/31 15:55:07.646028 wallet_base.go:327: ******* Wallet SDK Version:v1.10.0-70-g7f7e89b4 ******* (SetLogFile)\n","    utils.go:105: \u001b[31m0box-sdk        [INFO]   2023/10/31 15:55:07.646095 sdk.go:79: ******* Storage SDK Version: v1.10.0-70-g7f7e89b4 *******\n","    utils.go:105: \u001b[31m0chain-core-sdk [INFO]   2023/10/31 15:55:07.671686 transaction_base.go:143: ******* Wallet SDK Version:v1.10.0-70-g7f7e89b4 ******* (InitZCNSDK)\n","    utils.go:105: \u001b[31m0box-sdk        [DEBUG]  2023/10/31 15:55:07.679540 networkworker.go:119: Get network result:{\"miners\":[\"https://dev-7.devnet-0chain.net/miner02\",\"https://dev-7.devnet-0chain.net/miner01\",\"https://dev-7.devnet-0chain.net/miner03\"],\"sharders\":[\"https://dev-7.devnet-0chain.net/sharder02\",\"https://dev-7.devnet-0chain.net/sharder01\"]}\n","    utils.go:105: \u001b[31m0box-sdk        [DEBUG]  2023/10/31 15:55:07.688218 filemetaworker.go:80: File meta response status: 200 OK\n","    utils.go:105: \u001b[31m0box-sdk        [DEBUG]  2023/10/31 15:55:07.693331 filemetaworker.go:80: File meta response status: 200 OK\n","    utils.go:105: \u001b[31m0box-sdk        \u001b[31m[ERROR]  2023/10/31 15:55:07.696703 downloadworker.go:1010: exceeded_max_offset_value: file is already downloaded\u001b[0m\n","    utils.go:105: \u001b[31mError in file operation: Error while calculating shard params. Error: exceeded_max_offset_value: file is already downloaded\n","    assertions.go:333: \n","        \tError Trace:\t/root/actions-runner7/_work/system_test/system_test/tests/tokenomics_tests/client_fileops_limits_test.go:195\n","        \t            \t\t\t\t/root/actions-runner7/_work/system_test/system_test/internal/api/util/test/system_test_framework.go:150\n","        \t            \t\t\t\t/usr/local/go/src/runtime/asm_amd64.s:1598\n","        \tError:      \tExpected nil, but got: \u0026exec.ExitError{ProcessState:(*os.ProcessState)(0xc000606000), Stderr:[]uint8(nil)}\n","        \tTest:       \tTestClientThrottling/Upload_and_download_limits_should_allow_blocks_less_than_limits#01\n","        \tMessages:   \terror downloading file%!(EXTRA string=Error in file operation: Error while calculating shard params. Error: exceeded_max_offset_value: file is already downloaded)\n","    client_fileops_limits_test.go:149: Test case [Upload and download limits should allow blocks less than limits] exit at [10-31-2023 15:55:07]\n","","","    client_fileops_limits_test.go:149: Test case [Upload and download limits should allow blocks less than limits] scheduled at [10-31-2023 15:56:55] \n","    system_test_framework.go:149: Test case [Upload and download limits should allow blocks less than limits] start at [10-31-2023 15:56:55] \n","    wallet.go:45: creating wallet...\n","    wallet.go:24: Executing faucet...\n","    wallet.go:62: faucet output: [No wallet in path  config/TestClientThrottling-Upload_and_download_limits_should_allow_blocks_less_than_limits#01_wallet.json found. Creating wallet... ZCN wallet created!! Execute faucet smart contract success with txn :  3c60edfce8c623edf6deeb15127db6c4fd8e4cb1b4d7847d55f607d8c8b584ba]\n","    wallet.go:24: Executing faucet...\n","    allocation.go:86: Creating new allocation... map[data:1 lock:0.5 parity:1 size:524288000]\n","    allocation.go:88: Faucet Tokens :  1\n","    wallet.go:45: creating wallet...\n","    wallet.go:24: Executing faucet...\n","    wallet.go:62: faucet output: [Execute faucet smart contract success with txn :  10e6a84abf62a1fbca6f7081eae4770addbab401849aedf6261d066628408441]\n","    wallet.go:24: Executing faucet...\n","    allocation.go:134: Creating new allocation...\n","    allocation.go:51: Locking read tokens...\n","    allocation.go:190: Uploading file...\n","    utils.go:166: Waiting 15s...\n","    allocation.go:114: Downloading file...\n","    utils.go:166: Waiting 15s...\n","    allocation.go:114: Downloading file...\n","    utils.go:82: \u001b[33mCommand failed on attempt [1/3] due to error [exit status 1]. Output: [Error in file operation: Error while calculating shard params. Error: exceeded_max_offset_value: file is already downloaded]\n","    utils.go:82: \u001b[33mCommand failed on attempt [2/3] due to error [exit status 1]. Output: [Error in file operation: Error while calculating shard params. Error: exceeded_max_offset_value: file is already downloaded]\n","    utils.go:98: \u001b[31mCommand failed on final attempt [3/3] due to error [exit status 1]. Command String: [] Output: [Error in file operation: Error while calculating shard params. Error: exceeded_max_offset_value: file is already downloaded]\n","    utils.go:101: \u001b[31mThe verbose output for the command is:\n","    utils.go:105: \u001b[31m0chain-core-sdk [INFO]   2023/10/31 15:59:52.134067 wallet_base.go:327: ******* Wallet SDK Version:v1.10.0-70-g7f7e89b4 ******* (SetLogFile)\n","    utils.go:105: \u001b[31m0box-sdk        [INFO]   2023/10/31 15:59:52.134275 sdk.go:79: ******* Storage SDK Version: v1.10.0-70-g7f7e89b4 *******\n","    utils.go:105: \u001b[31m0chain-core-sdk [INFO]   2023/10/31 15:59:52.157648 transaction_base.go:143: ******* Wallet SDK Version:v1.10.0-70-g7f7e89b4 ******* (InitZCNSDK)\n","    utils.go:105: \u001b[31m0box-sdk        [DEBUG]  2023/10/31 15:59:52.166513 networkworker.go:119: Get network result:{\"miners\":[\"https://dev-7.devnet-0chain.net/miner02\",\"https://dev-7.devnet-0chain.net/miner01\",\"https://dev-7.devnet-0chain.net/miner03\"],\"sharders\":[\"https://dev-7.devnet-0chain.net/sharder02\",\"https://dev-7.devnet-0chain.net/sharder01\"]}\n","    utils.go:105: \u001b[31m0box-sdk        [DEBUG]  2023/10/31 15:59:52.177852 filemetaworker.go:80: File meta response status: 200 OK\n","    utils.go:105: \u001b[31m0box-sdk        [DEBUG]  2023/10/31 15:59:52.178636 filemetaworker.go:80: File meta response status: 200 OK\n","    utils.go:105: \u001b[31m0box-sdk        \u001b[31m[ERROR]  2023/10/31 15:59:52.181984 downloadworker.go:1010: exceeded_max_offset_value: file is already downloaded\u001b[0m\n","    utils.go:105: \u001b[31mError in file operation: Error while calculating shard params. Error: exceeded_max_offset_value: file is already downloaded\n","    assertions.go:333: \n","        \tError Trace:\t/root/actions-runner7/_work/system_test/system_test/tests/tokenomics_tests/client_fileops_limits_test.go:195\n","        \t            \t\t\t\t/root/actions-runner7/_work/system_test/system_test/internal/api/util/test/system_test_framework.go:150\n","        \t            \t\t\t\t/usr/local/go/src/runtime/asm_amd64.s:1598\n","        \tError:      \tExpected nil, but got: \u0026exec.ExitError{ProcessState:(*os.ProcessState)(0xc0000120f0), Stderr:[]uint8(nil)}\n","        \tTest:       \tTestClientThrottling/Upload_and_download_limits_should_allow_blocks_less_than_limits#01\n","        \tMessages:   \terror downloading file%!(EXTRA string=Error in file operation: Error while calculating shard params. Error: exceeded_max_offset_value: file is already downloaded)\n","    client_fileops_limits_test.go:149: Test case [Upload and download limits should allow blocks less than limits] exit at [10-31-2023 15:59:52]\n","","","    client_fileops_limits_test.go:149: Test case [Upload and download limits should allow blocks less than limits] scheduled at [10-31-2023 16:02:16] \n","    system_test_framework.go:149: Test case [Upload and download limits should allow blocks less than limits] start at [10-31-2023 16:02:16] \n","    wallet.go:45: creating wallet...\n","    wallet.go:24: Executing faucet...\n","    wallet.go:62: faucet output: [No wallet in path  config/TestClientThrottling-Upload_and_download_limits_should_allow_blocks_less_than_limits#01_wallet.json found. Creating wallet... ZCN wallet created!! Execute faucet smart contract success with txn :  d6c40b7cb1c692fd88ccebc5ee19c0d1e61bca32a9300acb1761a5c689752b7d]\n","    wallet.go:24: Executing faucet...\n","    allocation.go:86: Creating new allocation... map[data:1 lock:0.5 parity:1 size:524288000]\n","    allocation.go:88: Faucet Tokens :  1\n","    wallet.go:45: creating wallet...\n","    wallet.go:24: Executing faucet...\n","    wallet.go:62: faucet output: [Execute faucet smart contract success with txn :  38362581707cb0393f48e8beef02151cf9cf2a9eb00366bd521db7ffba693266]\n","    wallet.go:24: Executing faucet...\n","    allocation.go:134: Creating new allocation...\n","    allocation.go:51: Locking read tokens...\n","    allocation.go:190: Uploading file...\n","    utils.go:166: Waiting 15s...\n","    allocation.go:114: Downloading file...\n","    utils.go:166: Waiting 15s...\n","    allocation.go:114: Downloading file...\n","    utils.go:82: \u001b[33mCommand failed on attempt [1/3] due to error [exit status 1]. Output: [Error in file operation: Error while calculating shard params. Error: exceeded_max_offset_value: file is already downloaded]\n","    utils.go:82: \u001b[33mCommand failed on attempt [2/3] due to error [exit status 1]. Output: [Error in file operation: Error while calculating shard params. Error: exceeded_max_offset_value: file is already downloaded]\n","    utils.go:98: \u001b[31mCommand failed on final attempt [3/3] due to error [exit status 1]. Command String: [] Output: [Error in file operation: Error while calculating shard params. Error: exceeded_max_offset_value: file is already downloaded]\n","    utils.go:101: \u001b[31mThe verbose output for the command is:\n","    utils.go:105: \u001b[31m0chain-core-sdk [INFO]   2023/10/31 16:05:13.071777 wallet_base.go:327: ******* Wallet SDK Version:v1.10.0-70-g7f7e89b4 ******* (SetLogFile)\n","    utils.go:105: \u001b[31m0box-sdk        [INFO]   2023/10/31 16:05:13.071846 sdk.go:79: ******* Storage SDK Version: v1.10.0-70-g7f7e89b4 *******\n","    utils.go:105: \u001b[31m0chain-core-sdk [INFO]   2023/10/31 16:05:13.091168 transaction_base.go:143: ******* Wallet SDK Version:v1.10.0-70-g7f7e89b4 ******* (InitZCNSDK)\n","    utils.go:105: \u001b[31m0box-sdk        [DEBUG]  2023/10/31 16:05:13.099218 networkworker.go:119: Get network result:{\"miners\":[\"https://dev-7.devnet-0chain.net/miner03\",\"https://dev-7.devnet-0chain.net/miner02\",\"https://dev-7.devnet-0chain.net/miner01\"],\"sharders\":[\"https://dev-7.devnet-0chain.net/sharder02\",\"https://dev-7.devnet-0chain.net/sharder01\"]}\n","    utils.go:105: \u001b[31m0box-sdk        [DEBUG]  2023/10/31 16:05:13.109189 filemetaworker.go:80: File meta response status: 200 OK\n","    utils.go:105: \u001b[31m0box-sdk        [DEBUG]  2023/10/31 16:05:13.109312 filemetaworker.go:80: File meta response status: 200 OK\n","    utils.go:105: \u001b[31m0box-sdk        \u001b[31m[ERROR]  2023/10/31 16:05:13.113173 downloadworker.go:1010: exceeded_max_offset_value: file is already downloaded\u001b[0m\n","    utils.go:105: \u001b[31mError in file operation: Error while calculating shard params. Error: exceeded_max_offset_value: file is already downloaded\n","    assertions.go:333: \n","        \tError Trace:\t/root/actions-runner7/_work/system_test/system_test/tests/tokenomics_tests/client_fileops_limits_test.go:195\n","        \t            \t\t\t\t/root/actions-runner7/_work/system_test/system_test/internal/api/util/test/system_test_framework.go:150\n","        \t            \t\t\t\t/usr/local/go/src/runtime/asm_amd64.s:1598\n","        \tError:      \tExpected nil, but got: \u0026exec.ExitError{ProcessState:(*os.ProcessState)(0xc0004525d0), Stderr:[]uint8(nil)}\n","        \tTest:       \tTestClientThrottling/Upload_and_download_limits_should_allow_blocks_less_than_limits#01\n","        \tMessages:   \terror downloading file%!(EXTRA string=Error in file operation: Error while calculating shard params. Error: exceeded_max_offset_value: file is already downloaded)\n","    client_fileops_limits_test.go:149: Test case [Upload and download limits should allow blocks less than limits] exit at [10-31-2023 16:05:13]\n",""],"Passed":false,"Skipped":false,"TestFileName":"","TestFunctionDetail":{"Line":0,"Col":0}}]},{"FailureIndicator":"failed","SkippedIndicator":"","TestResults":[{"TestName":"TestClientThrottling/Upload_limits_should_not_allow_upload_blocks_more_than_limits","Package":"github.com/0chain/system_test/tests/tokenomics_tests","ElapsedTime":22.58,"Output":["","    client_fileops_limits_test.go:117: Test case [Upload limits should not allow upload blocks more than limits] scheduled at [10-31-2023 15:51:48] \n","    system_test_framework.go:149: Test case [Upload limits should not allow upload blocks more than limits] start at [10-31-2023 15:51:48] \n","    wallet.go:45: creating wallet...\n","    wallet.go:24: Executing faucet...\n","    wallet.go:62: faucet output: [No wallet in path  config/TestClientThrottling-Upload_limits_should_not_allow_upload_blocks_more_than_limits_wallet.json found. Creating wallet... ZCN wallet created!! Execute faucet smart contract success with txn :  0e56e6d46bb7d2eef68bd4d81b3243b6e5d579f70a885d320335ee2259b2d4b4]\n","    wallet.go:24: Executing faucet...\n","    allocation.go:86: Creating new allocation... map[data:1 lock:0.5 parity:1 size:524288000]\n","    allocation.go:88: Faucet Tokens :  1\n","    wallet.go:45: creating wallet...\n","    wallet.go:24: Executing faucet...\n","    wallet.go:62: faucet output: [Execute faucet smart contract success with txn :  029cd2209ed7c970aae183d985bb7158a706155f3baad827c4ad01f960ef9293]\n","    wallet.go:24: Executing faucet...\n","    allocation.go:134: Creating new allocation...\n","    allocation.go:51: Locking read tokens...\n","    allocation.go:190: Uploading file...\n","    assertions.go:333: \n","        \tError Trace:\t/root/actions-runner7/_work/system_test/system_test/tests/tokenomics_tests/client_fileops_limits_test.go:146\n","        \t            \t\t\t\t/root/actions-runner7/_work/system_test/system_test/internal/api/util/test/system_test_framework.go:150\n","        \t            \t\t\t\t/usr/local/go/src/runtime/asm_amd64.s:1598\n","        \tError:      \tExpected value not to be nil.\n","        \tTest:       \tTestClientThrottling/Upload_limits_should_not_allow_upload_blocks_more_than_limits\n","        \tMessages:   \tFile upload is expected to fail\n","    client_fileops_limits_test.go:117: Test case [Upload limits should not allow upload blocks more than limits] exit at [10-31-2023 15:52:10]\n","","","    client_fileops_limits_test.go:117: Test case [Upload limits should not allow upload blocks more than limits] scheduled at [10-31-2023 15:55:55] \n","    system_test_framework.go:149: Test case [Upload limits should not allow upload blocks more than limits] start at [10-31-2023 15:55:55] \n","    wallet.go:45: creating wallet...\n","    wallet.go:24: Executing faucet...\n","    wallet.go:62: faucet output: [No wallet in path  config/TestClientThrottling-Upload_limits_should_not_allow_upload_blocks_more_than_limits_wallet.json found. Creating wallet... ZCN wallet created!! Execute faucet smart contract success with txn :  1bed7cc5d4e858a469377f7b9427e9a2fa81b87a697faf27be7a65744129f9d7]\n","    wallet.go:24: Executing faucet...\n","    allocation.go:86: Creating new allocation... map[data:1 lock:0.5 parity:1 size:524288000]\n","    allocation.go:88: Faucet Tokens :  1\n","    wallet.go:45: creating wallet...\n","    wallet.go:24: Executing faucet...\n","    wallet.go:62: faucet output: [Execute faucet smart contract success with txn :  b28d843fe550e3bbc14fef7039e317d3c7573f1b1a3c741ab360961a9a2ab222]\n","    wallet.go:24: Executing faucet...\n","    allocation.go:134: Creating new allocation...\n","    allocation.go:51: Locking read tokens...\n","    allocation.go:190: Uploading file...\n","    assertions.go:333: \n","        \tError Trace:\t/root/actions-runner7/_work/system_test/system_test/tests/tokenomics_tests/client_fileops_limits_test.go:146\n","        \t            \t\t\t\t/root/actions-runner7/_work/system_test/system_test/internal/api/util/test/system_test_framework.go:150\n","        \t            \t\t\t\t/usr/local/go/src/runtime/asm_amd64.s:1598\n","        \tError:      \tExpected value not to be nil.\n","        \tTest:       \tTestClientThrottling/Upload_limits_should_not_allow_upload_blocks_more_than_limits\n","        \tMessages:   \tFile upload is expected to fail\n","    client_fileops_limits_test.go:117: Test case [Upload limits should not allow upload blocks more than limits] exit at [10-31-2023 15:56:18]\n","","","    client_fileops_limits_test.go:117: Test case [Upload limits should not allow upload blocks more than limits] scheduled at [10-31-2023 16:01:16] \n","    system_test_framework.go:149: Test case [Upload limits should not allow upload blocks more than limits] start at [10-31-2023 16:01:16] \n","    wallet.go:45: creating wallet...\n","    wallet.go:24: Executing faucet...\n","    wallet.go:62: faucet output: [No wallet in path  config/TestClientThrottling-Upload_limits_should_not_allow_upload_blocks_more_than_limits_wallet.json found. Creating wallet... ZCN wallet created!! Execute faucet smart contract success with txn :  41d8f10a88812c1e019186e2f008af7360cd3c947dd02f4a60ac1276302a2faa]\n","    wallet.go:24: Executing faucet...\n","    allocation.go:86: Creating new allocation... map[data:1 lock:0.5 parity:1 size:524288000]\n","    allocation.go:88: Faucet Tokens :  1\n","    wallet.go:45: creating wallet...\n","    wallet.go:24: Executing faucet...\n","    wallet.go:62: faucet output: [Execute faucet smart contract success with txn :  c8d3058a46936d27496853f1c41500456b6b492d5ba8289e9279d73390c06a0a]\n","    wallet.go:24: Executing faucet...\n","    allocation.go:134: Creating new allocation...\n","    allocation.go:51: Locking read tokens...\n","    allocation.go:190: Uploading file...\n","    assertions.go:333: \n","        \tError Trace:\t/root/actions-runner7/_work/system_test/system_test/tests/tokenomics_tests/client_fileops_limits_test.go:146\n","        \t            \t\t\t\t/root/actions-runner7/_work/system_test/system_test/internal/api/util/test/system_test_framework.go:150\n","        \t            \t\t\t\t/usr/local/go/src/runtime/asm_amd64.s:1598\n","        \tError:      \tExpected value not to be nil.\n","        \tTest:       \tTestClientThrottling/Upload_limits_should_not_allow_upload_blocks_more_than_limits\n","        \tMessages:   \tFile upload is expected to fail\n","    client_fileops_limits_test.go:117: Test case [Upload limits should not allow upload blocks more than limits] exit at [10-31-2023 16:01:39]\n",""],"Passed":false,"Skipped":false,"TestFileName":"","TestFunctionDetail":{"Line":0,"Col":0}}]}]

    const report = window.GoTestReport({
                                         data: data,
                                         testResultsElem: document.getElementById('testResults'),
                                         testGroupListElem: document.getElementById('testGroupList')
                                       });


</script>
</body>
</html>
