<!DOCTYPE html>
<html lang="en">
<head>
    <meta charset="UTF-8">
    <title>0Chain Flaky system test suite [fix_backup/f4eb3bf7] ran against [dev-4.devnet-0chain.net] at [2023-04-25_11.12.42]</title>
    <style type="text/css">
        body {
            font-family: sans-serif;
            background-color: #f3f3f3;
            border-top: 2px #dee6e8 solid;
            margin: 0;
        }

        div.pageHeader span.projectTitle {
            font-family: serif;
            font-size: 2em;
            padding-left: 56px;
            padding-top: 80px;
            display: block;
            color: #a5a5a5;
            text-shadow: 0 -1px 1px white;
        }

        div.pageHeader div.testStats {
            position: absolute;
            top: 7px;
            right: 52px;
            font-size: 0.8em;
            color: #a2a2a2;
        }

        div.pageHeader div.testStats span.indicator {
            font-size: 2em;
            position: relative;
            top: 5px;
            text-shadow: 0 1px 0 white;
        }

        div.pageHeader div.testStats span strong {
            margin-right: 16px;
        }

        div.pageHeader div.testStats span.total {
            border-right: 1px #afafaf dotted;
            background: #8298af;
        }

        div.pageHeader div.testStats span.passed {
            border-right: 1px #afafaf dotted;
            background: #6fca83;
        }

        div.pageHeader div.testStats span.skipped {
            background: #bababa;
        }

        div.pageHeader div.testStats span.failed {
            background: #ff7676;
        }

        div.pageHeader div.testStats span {
            margin-right: 1px;
            height: 55px;
            padding: 20px 8px 18px;
            color: white;
        }

        div.pageHeader .testGroupsTitle {
            margin: 16px 32px 8px 40px;
            font-size: 0.9em;
            color: darkgrey;
            display: inline-block;
        }

        div.pageHeader .testExecutionDate {
            display: inline-block;
            position: absolute;
            right: 10px;
            margin: 14px 32px 8px 40px;
            color: #9e9e9e;
            font-size: 0.9em;
        }

        .testReportContainer {
            padding: 0 32px 32px 32px;
        }

        .cardContainer {
            padding: 16px 16px 16px;
            box-shadow: 0 4px 4px #d4d4d4;
            background-color: white;
        }

        #testResults {
            display: flex;
            flex-wrap: wrap;
        }

        .testResultGroup {
            width: 24px;
            height: 24px;
            background-color: #43c143;
            margin-left: 1px;
            margin-bottom: 1px;
            box-sizing: border-box;
        }

        .testResultGroup.selected {
            border: 1px white solid;
            background-color: black !important;
        }

        .testResultGroup.skipped {
            border: 2px gray solid;
        }

        .testResultGroup.failed {
            background-color: red;
        }

        .cardContainer.testGroupList,
        .cardContainer.testDetail {
            margin-top: 16px;
            padding: 16px;
        }

        .cardContainer.testGroupList {
            color: #9c9c9c;
            padding: 0;
        }

        .cardContainer.testGroupList .testGroupRow {
            cursor: default;
            border-bottom: 1px #dadada dotted;
        }

        .cardContainer.testGroupList .testGroupRow span.testStatus {
            font-size: 1.2em;
            font-weight: bold;
            color: #139e13;
            pointer-events: none;
            display: inline-block;
            overflow: hidden;
            float: left;
            padding-top: 10px;
            padding-left: 20px;
            padding-right: 12px;
        }

        .cardContainer.testGroupList .testGroupRow span.testStatus.skipped {
            color: gray;
        }

        .cardContainer.testGroupList .testGroupRow span.testStatus.failed {
            color: red;
        }

        .cardContainer.testGroupList .testGroupRow span.testTitle {
            font-size: 0.9em;
            padding: 12px 0 10px;
            display: inline-block;
            pointer-events: none;
            color: #525252;
            text-overflow: ellipsis;
            overflow: hidden;
            width: calc(100% - 110px);
        }

        .cardContainer.testGroupList .testGroupRow span.testDuration {
            pointer-events: none;
        }

        .cardContainer.testGroupList .testGroupRow {
            position: relative;
            border-left: 4px #43c143 solid;
        }

        .cardContainer.testGroupList .testGroupRow.skipped {
            color: gray;
            border-left: 4px gray solid;
        }

        .cardContainer.testGroupList .testGroupRow.failed {
            color: red;
            border-left: 4px red solid;
        }

        .cardContainer.testGroupList .testGroupRow:hover {
            background-color: #fffaea;
            transition: 0.250s;
        }

        .cardContainer .testOutput {
            padding: 8px 16px 24px 16px;
        }

        .cardContainer .console {
            display: block;
            font-family: monospace;
            padding: 10px;
            background-color: #424242;
            color: #1aff00;
            border-bottom: 1px #1aff00 dotted;
            overflow: auto;
            font-size: 1.1em;
        }

        .cardContainer .testOutput .testDetail {
            border-bottom: 1px #d0d0d0 solid;
            padding: 16px;
            background-color: #e6e6e6;
            border-radius: 0 0 4px 4px;
            color: dimgrey;
            font-size: 0.8em;
        }

        .cardContainer .console.skipped{
            color: #d9d9d9;
        }

        .cardContainer .console.failed {
            color: #ffb2b2;
        }

        .cardContainer .testDuration {
            position: absolute;
            top: 5px;
            right: 8px;
            text-align: right;
            padding-right: 8px;
            box-sizing: border-box;
        }
    </style>
</head>
<body>
<div class="pageHeader">
    <span class="projectTitle">0Chain Flaky system test suite [fix_backup/f4eb3bf7] ran against [dev-4.devnet-0chain.net] at [2023-04-25_11.12.42]</span>
    <div class="testStats">
        <span class="total"><span class="indicator">&boxbox;</span> Total: <strong>11</strong>Duration: <strong>2ms</strong>
        </span><span class="passed"><span class="indicator">&check;</span> Passed: <strong>3</strong>
        </span><span class="skipped"><span class="indicator">&dash;</span> Skipped: <strong>3</strong>
        </span><span class="failed"><span class="indicator">&cross;</span> Failed: <strong>5</strong>
        </span>
    </div>
    <span class="testGroupsTitle">Test Groups:</span>
    <span class="testExecutionDate">April 25, 2023 12:22:51</span>
</div>
<div class="testReportContainer">
    <div class="cardContainer">
        <div id="testResults">
            
                <div class="testResultGroup  skipped" id="0"></div>
            
                <div class="testResultGroup  " id="1"></div>
            
                <div class="testResultGroup  skipped" id="2"></div>
            
                <div class="testResultGroup  " id="3"></div>
            
                <div class="testResultGroup  " id="4"></div>
            
                <div class="testResultGroup failed " id="5"></div>
            
                <div class="testResultGroup failed " id="6"></div>
            
                <div class="testResultGroup  skipped" id="7"></div>
            
                <div class="testResultGroup failed " id="8"></div>
            
                <div class="testResultGroup failed " id="9"></div>
            
                <div class="testResultGroup failed " id="10"></div>
            
        </div>
    </div>
    <div class="cardContainer testGroupList" id="testGroupList"></div>
</div>
<script type="application/javascript">
    /**
 * @typedef TestStatus
 * @property {string} TestName
 * @property {string} Package
 * @property {number} ElapsedTime
 * @property {Array.<string>} Output
 * @property {boolean} Passed
 * @property {boolean} Skipped
 */
class TestStatus {}

/**
 * @typedef TestGroupData
 * @type {object}
 * @property {string} FailureIndicator
 * @property {string} SkippedIndicator
 * @property {Array.<TestStatus>}
 */
class TestGroupData {}

/**
 * @typedef TestResults
 * @type {Array.<TestGroupData>}
 */
class TestResults extends Array {}

/**
 * @typedef SelectedItems
 * @property {HTMLElement|EventTarget} testResults
 * @property {String} selectedTestGroupColor
 */
class SelectedItems {}

/**
 * @typedef GoTestReportElements
 * @property {TestResults} data
 * @property {HTMLElement} testResultsElem
 * @property {HTMLElement} testGroupListElem
 */
class GoTestReportElements {}


/**
 * Main entry point for GoTestReport.
 * @param {GoTestReportElements} elements
 * @returns {{testResultsClickHandler: testResultsClickHandler}}
 * @constructor
 */
window.GoTestReport = function (elements) {
  const /**@type {SelectedItems}*/ selectedItems = {
    testResults: null,
    selectedTestGroupColor: null
  }

  function addEventData(event) {
    if (event.data == null) {
      event.data = {target: event.target}
    }
    return event
  }


  const goTestReport = {
    /**
     * Invoked when a user clicks on one of the test group div elements.
     * @param {HTMLElement} target The element associated with the test group.
     * @param {boolean} shiftKey If pressed, all of test detail associated to the test group is shown.
     * @param {TestResults} data
     * @param {SelectedItems} selectedItems
     * @param {function(target: Element, data: TestResults)} testGroupListHandler
     */
    testResultsClickHandler: function (target,
                                       shiftKey,
                                       data,
                                       selectedItems,
                                       testGroupListHandler) {

      if (target.classList.contains('testResultGroup') === false) {
        return
      }
      if (selectedItems.testResults != null) {
        let testResultsElement = /**@type {HTMLElement}*/ selectedItems.testResults
        testResultsElement.classList.remove("selected")
        testResultsElement.style.backgroundColor = selectedItems.selectedTestGroupColor
      }
      const testGroupId = /**@type {number}*/ target.id
      if ((target.id === undefined)
        || (data[testGroupId] === undefined)
        || (data[testGroupId]['TestResults'] === undefined)) {
        return
      }
      const testResults = /**@type {TestResults}*/ data[testGroupId]['TestResults']
      let testGroupList = /**@type {string}*/ ''
      selectedItems.selectedTestGroupColor = getComputedStyle(target).getPropertyValue('background-color')
      selectedItems.testResults = target
      target.classList.add("selected")
      for (let i = 0; i < testResults.length; i++) {
        const testResult = /**@type {TestGroupData}*/ testResults[i]
        const testPassed = /**@type {boolean}*/ testResult.Passed
        const testSkipped = /**@type {boolean}*/ testResult.Skipped
        const testPassedStatus = /**@type {string}*/ (testPassed) ? '' : (testSkipped ? 'skipped' : 'failed')
        const testId = /**@type {string}*/ target.attributes['id'].value
        testGroupList += `<div class="testGroupRow ${testPassedStatus}" data-groupid="${testId}" data-index="${i}">
        <span class="testStatus ${testPassedStatus}">${(testPassed) ? '&check' : (testSkipped ? '&dash' : '&cross')};</span>
        <span class="testTitle">${testResult.TestName}</span>
        <span class="testDuration"><span>${testResult.ElapsedTime}s </span>‚è±</span>
      </div>`
      }
      const testGroupListElem = elements.testGroupListElem
      testGroupListElem.innerHTML = ''
      testGroupListElem.innerHTML = testGroupList

      if (shiftKey) {
        testGroupListElem.querySelectorAll('.testGroupRow')
                         .forEach((elem) => testGroupListHandler(elem, data))
      } else if (testResults.length === 1) {
        testGroupListHandler(testGroupListElem.querySelector('.testGroupRow'), data)
      }
    },

    /**
     *
     * @param {Element} target
     * @param {TestResults} data
     */
    testGroupListHandler: function (target, data) {
      const attribs = target['attributes']
      if (attribs.hasOwnProperty('data-groupid')) {
        const groupId = /**@type {number}*/ attribs['data-groupid'].value
        const testIndex = /**@type {number}*/ attribs['data-index'].value
        const testStatus = /**@type {TestStatus}*/ data[groupId]['TestResults'][testIndex]
        const testOutputDiv = /**@type {HTMLDivElement}*/ target.querySelector('div.testOutput')

        if (testOutputDiv == null) {
          const testOutputDiv = document.createElement('div')
          testOutputDiv.classList.add('testOutput')
          const consolePre = document.createElement('pre')
          consolePre.classList.add('console')
          const testDetailDiv = document.createElement('div')
          testDetailDiv.classList.add('testDetail')
          const packageNameDiv = document.createElement('div')
          packageNameDiv.classList.add('package')
          packageNameDiv.innerHTML = `<strong>Package:</strong> ${testStatus.Package}`
          const testFileNameDiv = document.createElement('div')
          testFileNameDiv.classList.add('filename')
          if (testStatus.TestFileName.trim() === "") {
            testFileNameDiv.innerHTML = `<strong>Filename:</strong> n/a &nbsp;&nbsp;`
          } else {
            testFileNameDiv.innerHTML = `<strong>Filename:</strong> ${testStatus.TestFileName} &nbsp;&nbsp;`
            testFileNameDiv.innerHTML += `<strong>Line:</strong> ${testStatus.TestFunctionDetail.Line} `
            testFileNameDiv.innerHTML += `<strong>Col:</strong> ${testStatus.TestFunctionDetail.Col}`
          }
          testDetailDiv.insertAdjacentElement('beforeend', packageNameDiv)
          testDetailDiv.insertAdjacentElement('beforeend', testFileNameDiv)
          testOutputDiv.insertAdjacentElement('afterbegin', consolePre)
          testOutputDiv.insertAdjacentElement('beforeend', testDetailDiv)
          target.insertAdjacentElement('beforeend', testOutputDiv)

          if (testStatus.Passed) {
            consolePre.classList.remove('skipped')
            consolePre.classList.remove('failed')
          } else if (testStatus.Skipped) {
            consolePre.classList.add('skipped')
            consolePre.classList.remove('failed')
          } else {
            consolePre.classList.remove('skipped')
            consolePre.classList.add('failed')
          }
          consolePre.textContent = testStatus.Output.join('')
        } else {
          testOutputDiv.remove()
        }
      }
    }
  }

  //+------------------------+
  //|    setup DOM events    |
  //+------------------------+
  elements.testResultsElem
          .addEventListener('click', event =>
            goTestReport.testResultsClickHandler(/**@type {HTMLElement}*/ addEventData(event).data.target,
                                                 event.shiftKey,
                                                 elements.data,
                                                 selectedItems,
                                                 goTestReport.testGroupListHandler))

  elements.testGroupListElem
          .addEventListener('click', event =>
            goTestReport.testGroupListHandler(/**@type {Element}*/ event.target,
                                              elements.data))

  return goTestReport
}


    

    const data = [{"FailureIndicator":"","SkippedIndicator":"skipped","TestResults":[{"TestName":"Test___FlakyBrokenScenarios","Package":"github.com/0chain/system_test/tests/cli_tests","ElapsedTime":0,"Output":["","    flaky___broken_scenarios_test.go:30: \n","--- SKIP: Test___FlakyBrokenScenarios (0.00s)\n",""],"Passed":false,"Skipped":true,"TestFileName":"flaky___broken_scenarios_test.go","TestFunctionDetail":{"Line":27,"Col":1}}]},{"FailureIndicator":"","SkippedIndicator":"","TestResults":[{"TestName":"Test___FlakyFileCopy","Package":"github.com/0chain/system_test/tests/cli_tests","ElapsedTime":0,"Output":["","--- PASS: Test___FlakyFileCopy (0.00s)",""],"Passed":true,"Skipped":false,"TestFileName":"flaky___flaky_test.go","TestFunctionDetail":{"Line":408,"Col":1}}]},{"FailureIndicator":"","SkippedIndicator":"skipped","TestResults":[{"TestName":"Test___FlakyFileCopy/File_copy_-_Users_should_not_be_charged_for_moving_a_file_","Package":"github.com/0chain/system_test/tests/cli_tests","ElapsedTime":0,"Output":["","    flaky___flaky_test.go:411: Test case [File copy - Users should not be charged for moving a file ] scheduled at [04-25-2023 12:16:51] \n","","","    system_test_framework.go:92: Test case [File copy - Users should not be charged for moving a file ] start at [04-25-2023 12:16:51] \n","    flaky___flaky_test.go:412: Test calculations are flaky in  CLI\n","    flaky___flaky_test.go:411: Test case [File copy - Users should not be charged for moving a file ] exit at [04-25-2023 12:16:51]\n","--- SKIP: Test___FlakyFileCopy/File_copy_-_Users_should_not_be_charged_for_moving_a_file_ (0.00s)\n",""],"Passed":false,"Skipped":true,"TestFileName":"","TestFunctionDetail":{"Line":0,"Col":0}}]},{"FailureIndicator":"","SkippedIndicator":"","TestResults":[{"TestName":"Test___FlakyFileDelete","Package":"github.com/0chain/system_test/tests/cli_tests","ElapsedTime":0,"Output":["","--- PASS: Test___FlakyFileDelete (0.00s)",""],"Passed":true,"Skipped":false,"TestFileName":"flaky___flaky_test.go","TestFunctionDetail":{"Line":241,"Col":1}}]},{"FailureIndicator":"","SkippedIndicator":"","TestResults":[{"TestName":"Test___FlakyFileDelete/Delete_file_concurrently_in_existing_directory,_should_work","Package":"github.com/0chain/system_test/tests/cli_tests","ElapsedTime":85.45,"Output":["","    flaky___flaky_test.go:244: Test case [Delete file concurrently in existing directory, should work] scheduled at [04-25-2023 12:15:25] \n","","","    system_test_framework.go:92: Test case [Delete file concurrently in existing directory, should work] start at [04-25-2023 12:15:25] \n","    zwalletcli_register_wallet_test.go:128: Registering wallet...\n","    zboxcli_update_allocation_test.go:1004: Executing faucet...\n","    zwalletcli_register_wallet_test.go:143: faucet output: [No wallet in path  config/Test___FlakyFileDelete-Delete_file_concurrently_in_existing_directory,_should_work_wallet.json found. Creating wallet... ZCN wallet created!! Execute faucet smart contract success with txn :  d5fb04e8bb570a949505e1abd4672673c99f72b5ab363e00f3122503762e510d]\n","    zboxcli_update_allocation_test.go:1004: Executing faucet...\n","    zboxcli_create_allocation_test.go:440: Creating new allocation...\n","    zboxcli_file_upload_test.go:808: Uploading file /tmp/F--ZFXuWPs_test.txt to allocation 585b64d7f5d5d11e398529896207727a2f373f10a79f6c30aced03b5750b53d7 with remotepath /F--ZFXuWPs_test.txt\n","    zboxcli_file_upload_test.go:766: Uploading file...\n","    zboxcli_file_upload_test.go:808: Uploading file /tmp/UY9qGP7-pZ_test.txt to allocation 585b64d7f5d5d11e398529896207727a2f373f10a79f6c30aced03b5750b53d7 with remotepath /UY9qGP7-pZ_test.txt\n","    zboxcli_file_upload_test.go:766: Uploading file...\n","    utils.go:67: \u001b[33mCommand failed on attempt [1/3] due to error [exit status 1]. Output: [0 / 256    0.00% 0 / 256    0.00% 0s -\u003cNEWLINE\u003e- Error in file operation: upload_failed: Upload failed. bad request: {\"code\":\"invalid_parameters\",\"error\":\"invalid_parameters: Invalid allocation id passed.verify_allocation: verifying allocation transaction error: duplicated key not allowed\"} -\u003cNEWLINE\u003e- Upload failed. upload_failed: Upload failed. bad request: {\"code\":\"invalid_parameters\",\"error\":\"invalid_parameters: Invalid allocation id passed.verify_allocation: verifying allocation transaction error: duplicated key not allowed\"}]\n","    zboxcli_file_delete_test.go:343: Deleting file...\n","    utils.go:63: \u001b[32mCommand passed on retry [2/3]. Output: [0 / 256    0.00% 256 / 256  100.00% 0s -\u003cNEWLINE\u003e- Status completed callback. Type = application/octet-stream. Name = UY9qGP7-pZ_test.txt]\n","    zboxcli_file_delete_test.go:343: Deleting file...\n","    utils.go:138: Waiting 10s...\n","    zboxcli_list_file_test.go:635: Listing individual file in allocation...\n","    utils.go:67: \u001b[33mCommand failed on attempt [1/3] due to error [exit status 1]. Output: [error from server list response: {\"code\":\"invalid_parameters\",\"error\":\"invalid_parameters: Invalid path record not found\"}]\n","    utils.go:67: \u001b[33mCommand failed on attempt [2/3] due to error [exit status 1]. Output: [error from server list response: {\"code\":\"invalid_parameters\",\"error\":\"invalid_parameters: Invalid path record not found\"}]\n","    utils.go:70: \u001b[31mCommand failed on final attempt [3/3] due to error [exit status 1]. Command String: [./zbox list --remotepath /F--ZFXuWPs_test.txt --json  --allocation 585b64d7f5d5d11e398529896207727a2f373f10a79f6c30aced03b5750b53d7 --silent --wallet Test___FlakyFileDelete-Delete_file_concurrently_in_existing_directory,_should_work_wallet.json --configDir ./config --config ./zbox_config.yaml] Output: [error from server list response: {\"code\":\"invalid_parameters\",\"error\":\"invalid_parameters: Invalid path record not found\"}]\n","    utils.go:73: \u001b[31mThe verbose output for the command is:\n","    utils.go:77: \u001b[31m0chain-core-sdk [INFO]   2023/04/25 12:16:36.804491 wallet_base.go:310: ******* Wallet SDK Version:v1.8.13-45-g29b9769 ******* (SetLogFile)\n","    utils.go:77: \u001b[31m0box-sdk        [INFO]   2023/04/25 12:16:36.804533 sdk.go:78: ******* Storage SDK Version: v1.8.13-45-g29b9769 *******\n","    utils.go:77: \u001b[31m0chain-core-sdk [INFO]   2023/04/25 12:16:36.828578 transaction_base.go:139: ******* Wallet SDK Version:v1.8.13-45-g29b9769 ******* (InitZCNSDK)\n","    utils.go:77: \u001b[31m0box-sdk        [DEBUG]  2023/04/25 12:16:36.835641 networkworker.go:105: Get network result:{\"miners\":[\"https://dev-4.devnet-0chain.net/miner02\",\"https://dev-4.devnet-0chain.net/miner01\",\"https://dev-4.devnet-0chain.net/miner03\"],\"sharders\":[\"https://dev-4.devnet-0chain.net/sharder02\",\"https://dev-4.devnet-0chain.net/sharder01\"]}\n","    utils.go:77: \u001b[31m0box-sdk        [DEBUG]  2023/04/25 12:16:36.848875 listworker.go:111: List result:{\"code\":\"invalid_parameters\",\"error\":\"invalid_parameters: Invalid path record not found\"}\n","    utils.go:77: \u001b[31m0box-sdk        [DEBUG]  2023/04/25 12:16:36.849311 listworker.go:111: List result:{\"code\":\"invalid_parameters\",\"error\":\"invalid_parameters: Invalid path record not found\"}\n","    utils.go:77: \u001b[31m0box-sdk        [DEBUG]  2023/04/25 12:16:36.853901 listworker.go:111: List result:{\"code\":\"invalid_parameters\",\"error\":\"invalid_parameters: Invalid path record not found\"}\n","    utils.go:77: \u001b[31m0box-sdk        [DEBUG]  2023/04/25 12:16:36.854069 listworker.go:111: List result:{\"code\":\"invalid_parameters\",\"error\":\"invalid_parameters: Invalid path record not found\"}\n","    utils.go:77: \u001b[31merror from server list response: {\"code\":\"invalid_parameters\",\"error\":\"invalid_parameters: Invalid path record not found\"}\n","    utils.go:138: Waiting 10s...\n","    zboxcli_list_file_test.go:635: Listing individual file in allocation...\n","    utils.go:67: \u001b[33mCommand failed on attempt [1/3] due to error [exit status 1]. Output: [error from server list response: {\"code\":\"invalid_parameters\",\"error\":\"invalid_parameters: Invalid path record not found\"}]\n","    utils.go:67: \u001b[33mCommand failed on attempt [2/3] due to error [exit status 1]. Output: [error from server list response: {\"code\":\"invalid_parameters\",\"error\":\"invalid_parameters: Invalid path record not found\"}]\n","    utils.go:70: \u001b[31mCommand failed on final attempt [3/3] due to error [exit status 1]. Command String: [./zbox list --allocation 585b64d7f5d5d11e398529896207727a2f373f10a79f6c30aced03b5750b53d7 --remotepath /UY9qGP7-pZ_test.txt --json --silent --wallet Test___FlakyFileDelete-Delete_file_concurrently_in_existing_directory,_should_work_wallet.json --configDir ./config --config ./zbox_config.yaml] Output: [error from server list response: {\"code\":\"invalid_parameters\",\"error\":\"invalid_parameters: Invalid path record not found\"}]\n","    utils.go:73: \u001b[31mThe verbose output for the command is:\n","    utils.go:77: \u001b[31m0chain-core-sdk [INFO]   2023/04/25 12:16:51.078247 wallet_base.go:310: ******* Wallet SDK Version:v1.8.13-45-g29b9769 ******* (SetLogFile)\n","    utils.go:77: \u001b[31m0box-sdk        [INFO]   2023/04/25 12:16:51.078288 sdk.go:78: ******* Storage SDK Version: v1.8.13-45-g29b9769 *******\n","    utils.go:77: \u001b[31m0chain-core-sdk [INFO]   2023/04/25 12:16:51.098265 transaction_base.go:139: ******* Wallet SDK Version:v1.8.13-45-g29b9769 ******* (InitZCNSDK)\n","    utils.go:77: \u001b[31m0box-sdk        [DEBUG]  2023/04/25 12:16:51.108308 networkworker.go:105: Get network result:{\"miners\":[\"https://dev-4.devnet-0chain.net/miner03\",\"https://dev-4.devnet-0chain.net/miner02\",\"https://dev-4.devnet-0chain.net/miner01\"],\"sharders\":[\"https://dev-4.devnet-0chain.net/sharder02\",\"https://dev-4.devnet-0chain.net/sharder01\"]}\n","    utils.go:77: \u001b[31m0box-sdk        [DEBUG]  2023/04/25 12:16:51.121965 listworker.go:111: List result:{\"code\":\"invalid_parameters\",\"error\":\"invalid_parameters: Invalid path record not found\"}\n","    utils.go:77: \u001b[31m0box-sdk        [DEBUG]  2023/04/25 12:16:51.122136 listworker.go:111: List result:{\"code\":\"invalid_parameters\",\"error\":\"invalid_parameters: Invalid path record not found\"}\n","    utils.go:77: \u001b[31m0box-sdk        [DEBUG]  2023/04/25 12:16:51.126229 listworker.go:111: List result:{\"code\":\"invalid_parameters\",\"error\":\"invalid_parameters: Invalid path record not found\"}\n","    utils.go:77: \u001b[31m0box-sdk        [DEBUG]  2023/04/25 12:16:51.126234 listworker.go:111: List result:{\"code\":\"invalid_parameters\",\"error\":\"invalid_parameters: Invalid path record not found\"}\n","    utils.go:77: \u001b[31merror from server list response: {\"code\":\"invalid_parameters\",\"error\":\"invalid_parameters: Invalid path record not found\"}\n","    flaky___flaky_test.go:244: Test case [Delete file concurrently in existing directory, should work] exit at [04-25-2023 12:16:51]\n","--- PASS: Test___FlakyFileDelete/Delete_file_concurrently_in_existing_directory,_should_work (85.45s)",""],"Passed":true,"Skipped":false,"TestFileName":"","TestFunctionDetail":{"Line":0,"Col":0}}]},{"FailureIndicator":"failed","SkippedIndicator":"","TestResults":[{"TestName":"Test___FlakyFileRename","Package":"github.com/0chain/system_test/tests/cli_tests","ElapsedTime":0,"Output":["","","",""],"Passed":false,"Skipped":false,"TestFileName":"flaky___flaky_test.go","TestFunctionDetail":{"Line":304,"Col":1}}]},{"FailureIndicator":"failed","SkippedIndicator":"","TestResults":[{"TestName":"Test___FlakyFileRename/Rename_and_delete_file_concurrently,_should_work","Package":"github.com/0chain/system_test/tests/cli_tests","ElapsedTime":360.06,"Output":["","    flaky___flaky_test.go:309: Test case [Rename and delete file concurrently, should work] scheduled at [04-25-2023 12:16:51] \n","","","    system_test_framework.go:92: Test case [Rename and delete file concurrently, should work] start at [04-25-2023 12:16:51] \n","    zwalletcli_register_wallet_test.go:128: Registering wallet...\n","    zboxcli_update_allocation_test.go:1004: Executing faucet...\n","    zwalletcli_register_wallet_test.go:143: faucet output: [No wallet in path  config/Test___FlakyFileRename-Rename_and_delete_file_concurrently,_should_work_wallet.json found. Creating wallet... ZCN wallet created!! Execute faucet smart contract success with txn :  cb8b97c60f8e0593bf3e25687199a54a87ed293fccddb1c241cc9466785322be]\n","    zboxcli_update_allocation_test.go:1004: Executing faucet...\n","    zboxcli_create_allocation_test.go:440: Creating new allocation...\n","    zboxcli_file_upload_test.go:808: Uploading file /tmp/pDmFYwYu0v_test.txt to allocation 27706294a9f6d931e8183fdf859810b0e86ffa12090847fc327e25d60d722af5 with remotepath /pDmFYwYu0v_test.txt\n","    zboxcli_file_upload_test.go:766: Uploading file...\n","    zboxcli_file_upload_test.go:808: Uploading file /tmp/HjKS8FWt6l_test.txt to allocation 27706294a9f6d931e8183fdf859810b0e86ffa12090847fc327e25d60d722af5 with remotepath /HjKS8FWt6l_test.txt\n","    zboxcli_file_upload_test.go:766: Uploading file...\n","    zboxcli_file_upload_test.go:808: Uploading file /tmp/eynrxs7JoM_test.txt to allocation 27706294a9f6d931e8183fdf859810b0e86ffa12090847fc327e25d60d722af5 with remotepath /eynrxs7JoM_test.txt\n","    zboxcli_file_upload_test.go:766: Uploading file...\n","    zboxcli_file_upload_test.go:808: Uploading file /tmp/Q3nUmoIZUa_test.txt to allocation 27706294a9f6d931e8183fdf859810b0e86ffa12090847fc327e25d60d722af5 with remotepath /Q3nUmoIZUa_test.txt\n","    zboxcli_file_upload_test.go:766: Uploading file...\n","    zboxcli_file_delete_test.go:343: Deleting file...\n","    zboxcli_common_user_functions_test.go:179: Renaming file...\n","    zboxcli_file_delete_test.go:343: Deleting file...\n","    zboxcli_common_user_functions_test.go:179: Renaming file...\n","    utils.go:67: \u001b[33mCommand failed on attempt [1/3] due to error [exit status 1]. Output: [rename failed: lock_consensus_not_met: Required consensus 3 got 0]\n","    utils.go:67: \u001b[33mCommand failed on attempt [1/3] due to error [exit status 1]. Output: [Delete failed. Delete failed: lock_consensus_not_met: Required consensus 3 got 0]\n","    utils.go:67: \u001b[33mCommand failed on attempt [1/3] due to error [exit status 1]. Output: [Delete failed. Delete failed: lock_consensus_not_met: Required consensus 3 got 1]\n","    utils.go:67: \u001b[33mCommand failed on attempt [2/3] due to error [exit status 1]. Output: [rename failed: lock_consensus_not_met: Required consensus 3 got 1]\n","    utils.go:67: \u001b[33mCommand failed on attempt [2/3] due to error [exit status 1]. Output: [Delete failed. Delete failed: lock_consensus_not_met: Required consensus 3 got 1]\n","    utils.go:67: \u001b[33mCommand failed on attempt [2/3] due to error [exit status 1]. Output: [Delete failed. Delete failed: lock_consensus_not_met: Required consensus 3 got 2]\n","    utils.go:63: \u001b[32mCommand passed on retry [3/3]. Output: [/HjKS8FWt6l_test.txt renamed]\n","    flaky___flaky_test.go:309: Test case [Rename and delete file concurrently, should work] timed out after [6m0s]\n","    flaky___flaky_test.go:309: Test case [Rename and delete file concurrently, should work] exit at [04-25-2023 12:22:51]\n",""],"Passed":false,"Skipped":false,"TestFileName":"","TestFunctionDetail":{"Line":0,"Col":0}}]},{"FailureIndicator":"","SkippedIndicator":"skipped","TestResults":[{"TestName":"Test___FlakyScenariosCommonUserFunctions","Package":"github.com/0chain/system_test/tests/cli_tests","ElapsedTime":0,"Output":["","    flaky___flaky_test.go:25: \n","--- SKIP: Test___FlakyScenariosCommonUserFunctions (0.00s)\n",""],"Passed":false,"Skipped":true,"TestFileName":"flaky___flaky_test.go","TestFunctionDetail":{"Line":22,"Col":1}}]},{"FailureIndicator":"failed","SkippedIndicator":"","TestResults":[{"TestName":"Test___FlakyTransferAllocation","Package":"github.com/0chain/system_test/tests/cli_tests","ElapsedTime":0,"Output":["",""],"Passed":false,"Skipped":false,"TestFileName":"flaky___flaky_test.go","TestFunctionDetail":{"Line":90,"Col":1}}]},{"FailureIndicator":"failed","SkippedIndicator":"","TestResults":[{"TestName":"Test___FlakyTransferAllocation/transfer_allocation_accounting_test","Package":"github.com/0chain/system_test/tests/cli_tests","ElapsedTime":153.03,"Output":["","    flaky___flaky_test.go:93: Test case [transfer allocation accounting test] scheduled at [04-25-2023 12:12:52] \n","","","    system_test_framework.go:92: Test case [transfer allocation accounting test] start at [04-25-2023 12:12:52] \n","    zwalletcli_register_wallet_test.go:128: Registering wallet...\n","    zboxcli_update_allocation_test.go:1004: Executing faucet...\n","    zwalletcli_register_wallet_test.go:143: faucet output: [No wallet in path  config/Test___FlakyTransferAllocation-transfer_allocation_accounting_test_wallet.json found. Creating wallet... ZCN wallet created!! Execute faucet smart contract success with txn :  6343a2b343d4a51576328c5e8a4129b99275c74340f07659f9467ee765486f7c]\n","    zboxcli_update_allocation_test.go:1004: Executing faucet...\n","    zboxcli_create_allocation_test.go:440: Creating new allocation...\n","    zboxcli_file_upload_test.go:766: Uploading file...\n","    zwalletcli_register_wallet_test.go:128: Registering wallet...\n","    zboxcli_update_allocation_test.go:1004: Executing faucet...\n","    zwalletcli_register_wallet_test.go:143: faucet output: [No wallet in path  config/Test___FlakyTransferAllocation-transfer_allocation_accounting_test_NEW_OWNER_wallet.json found. Creating wallet... ZCN wallet created!! Execute faucet smart contract success with txn :  2576d74cfc282167384fc92eaf397457e2ab539d3d7c8187e36aa0d4f248b32e]\n","    zboxcli_update_allocation_test.go:1004: Executing faucet...\n","    zwalletcli_register_wallet_test.go:220: Getting wallet...\n","    zboxcli_common_user_functions_test.go:227: Get Allocation...\n","    zboxcli_transfer_allocation_test.go:428: Transferring allocation ownership...\n","    utils.go:67: \u001b[33mCommand failed on attempt [1/3] due to error [exit status 1]. Output: [Error transferring allocation:[txn] too less sharders to confirm it: min_confirmation is 50%, but got 0/2 sharders -\u003cNEWLINE\u003e- https://dev-4.devnet-0chain.net/sharder01/v1/transaction/get/confirmation?hash=4105c538168e01c201fef79869cc708321779932a5b56d710ff428b0273b58f9: [400] {\"code\":\"entity_not_found\",\"error\":\"entity_not_found: txn_summary not found with id = 4105c538168e01c201fef79869cc708321779932a5b56d710ff428b0273b58f9\"} -\u003cNEWLINE\u003e- https://dev-4.devnet-0chain.net/sharder02/v1/transaction/get/confirmation?hash=4105c538168e01c201fef79869cc708321779932a5b56d710ff428b0273b58f9: [400] {\"code\":\"entity_not_found\",\"error\":\"entity_not_found: txn_summary not found with id = 4105c538168e01c201fef79869cc708321779932a5b56d710ff428b0273b58f9\"}]\n","    utils.go:67: \u001b[33mCommand failed on attempt [2/3] due to error [exit status 1]. Output: [Error transferring allocation:[txn] too less sharders to confirm it: min_confirmation is 50%, but got 0/2 sharders -\u003cNEWLINE\u003e- https://dev-4.devnet-0chain.net/sharder02/v1/transaction/get/confirmation?hash=eef309f85b3ea1d14c969a5a078bd3daf7a39ef3c1520df2cfe367ea607718d1: [400] {\"code\":\"entity_not_found\",\"error\":\"entity_not_found: txn_summary not found with id = eef309f85b3ea1d14c969a5a078bd3daf7a39ef3c1520df2cfe367ea607718d1\"} -\u003cNEWLINE\u003e- https://dev-4.devnet-0chain.net/sharder01/v1/transaction/get/confirmation?hash=eef309f85b3ea1d14c969a5a078bd3daf7a39ef3c1520df2cfe367ea607718d1: [400] {\"code\":\"entity_not_found\",\"error\":\"entity_not_found: txn_summary not found with id = eef309f85b3ea1d14c969a5a078bd3daf7a39ef3c1520df2cfe367ea607718d1\"}]\n","    utils.go:70: \u001b[31mCommand failed on final attempt [3/3] due to error [exit status 1]. Command String: [./zbox transferallocation --allocation b2961f1a7bad63aff3668e3d071107155d68f34da10591b9f7581ec488682a2b --new_owner_key 69e3fd9973216f62f49f4e1af921f229bd793f515b37992dfd590ec3bcdb851e57605de3bbec44650c6a166df8ce3c8b4ef763d35591f619bbaf7c944bb73603 --new_owner 4e45ffb7d397b7c3047d79bcb150cf9a11d796d435175750098dabf7ec84116f --silent --wallet Test___FlakyTransferAllocation-transfer_allocation_accounting_test_wallet.json --configDir ./config --config ./zbox_config.yaml] Output: [Error transferring allocation:[txn] too less sharders to confirm it: min_confirmation is 50%, but got 0/2 sharders -\u003cNEWLINE\u003e- https://dev-4.devnet-0chain.net/sharder02/v1/transaction/get/confirmation?hash=a2557a329c4b1663e5752dac4d4d3b1cd9136e9a76aa8b7ef05cce3e98a97087: [400] {\"code\":\"entity_not_found\",\"error\":\"entity_not_found: txn_summary not found with id = a2557a329c4b1663e5752dac4d4d3b1cd9136e9a76aa8b7ef05cce3e98a97087\"} -\u003cNE","WLINE\u003e- https://dev-4.devnet-0chain.net/sharder01/v1/transaction/get/confirmation?hash=a2557a329c4b1663e5752dac4d4d3b1cd9136e9a76aa8b7ef05cce3e98a97087: [400] {\"code\":\"entity_not_found\",\"error\":\"entity_not_found: txn_summary not found with id = a2557a329c4b1663e5752dac4d4d3b1cd9136e9a76aa8b7ef05cce3e98a97087\"}]\n","    utils.go:73: \u001b[31mThe verbose output for the command is:\n","    utils.go:77: \u001b[31m0chain-core-sdk [INFO]   2023/04/25 12:14:55.441326 wallet_base.go:310: ******* Wallet SDK Version:v1.8.13-45-g29b9769 ******* (SetLogFile)\n","    utils.go:77: \u001b[31m0box-sdk        [INFO]   2023/04/25 12:14:55.441368 sdk.go:78: ******* Storage SDK Version: v1.8.13-45-g29b9769 *******\n","    utils.go:77: \u001b[31m0chain-core-sdk [INFO]   2023/04/25 12:14:55.463987 transaction_base.go:139: ******* Wallet SDK Version:v1.8.13-45-g29b9769 ******* (InitZCNSDK)\n","    utils.go:77: \u001b[31m0box-sdk        [DEBUG]  2023/04/25 12:14:55.473129 networkworker.go:105: Get network result:{\"miners\":[\"https://dev-4.devnet-0chain.net/miner01\",\"https://dev-4.devnet-0chain.net/miner03\",\"https://dev-4.devnet-0chain.net/miner02\"],\"sharders\":[\"https://dev-4.devnet-0chain.net/sharder02\",\"https://dev-4.devnet-0chain.net/sharder01\"]}\n","    utils.go:77: \u001b[31m0box-sdk        [INFO]   2023/04/25 12:14:55.486367 sdk.go:1409: estimate txn fee{fee 18 10000000000  \u003cnil\u003e} {txn 23 0  0xc00009f790}\n","    utils.go:77: \u001b[31m0box-sdk        \u001b[31m[ERROR]  2023/04/25 12:15:25.680396 sdk.go:1442: Error verifying the transaction[txn] too less sharders to confirm it: min_confirmation is 50%, but got 0/2 sharders\n","    utils.go:77: \u001b[31mhttps://dev-4.devnet-0chain.net/sharder02/v1/transaction/get/confirmation?hash=d2aa1f57653a29300572fbee7a487b9f7fb2485fc73e7062e8d61b0af59a8bef: [400] {\"code\":\"entity_not_found\",\"error\":\"entity_not_found: txn_summary not found with id = d2aa1f57653a29300572fbee7a487b9f7fb2485fc73e7062e8d61b0af59a8bef\"}\n","    utils.go:77: \u001b[31mhttps://dev-4.devnet-0chain.net/sharder01/v1/transaction/get/confirmation?hash=d2aa1f57653a29300572fbee7a487b9f7fb2485fc73e7062e8d61b0af59a8bef: [400] {\"code\":\"entity_not_found\",\"error\":\"entity_not_found: txn_summary not found with id = d2aa1f57653a29300572fbee7a487b9f7fb2485fc73e7062e8d61b0af59a8bef\"}\n","    utils.go:77: \u001b[31md2aa1f57653a29300572fbee7a487b9f7fb2485fc73e7062e8d61b0af59a8bef\u001b[0m\n","    utils.go:77: \u001b[31mError transferring allocation:[txn] too less sharders to confirm it: min_confirmation is 50%, but got 0/2 sharders\n","    assertions.go:264: \n","        \tError Trace:\t/root/actions-runner4/_work/system_test/system_test/tests/cli_tests/flaky___flaky_test.go:133\n","        \t            \t\t\t\t/root/actions-runner4/_work/system_test/system_test/tests/cli_tests/system_test_framework.go:93\n","        \t            \t\t\t\t/root/actions-runner4/_work/system_test/system_test/tests/cli_tests/asm_amd64.s:1598\n","        \tError:      \tExpected nil, but got: \u0026exec.ExitError{ProcessState:(*os.ProcessState)(0xc000600318), Stderr:[]uint8(nil)}\n","        \tTest:       \tTest___FlakyTransferAllocation/transfer_allocation_accounting_test\n","        \tMessages:   \tError transferring allocation:[txn] too less sharders to confirm it: min_confirmation is 50%, but got 0/2 sharders\n","        \t            \thttps://dev-4.devnet-0chain.net/sharder02/v1/transaction/get/confirmation?hash=a2557a329c4b1663e5752dac4d4d3b1cd9136e9a76aa8b7ef05cce3e98a97087: [400] {\"code\":\"entity_not_found\",\"error\":\"entity_not_found: txn_summary not found with id = a2557a329c4b1663e5752dac4d4d3b1cd9136e9a76aa8b7ef05cce3e98a97087\"}\n","        \t            \thttps://dev-4.devnet-0chain.net/sharder01/v1/transaction/get/confirmation?hash=a2557a329c4b1663e5752dac4d4d3b1cd9136e9a76aa8b7ef05cce3e98a97087: [400] {\"code\":\"entity_not_found\",\"error\":\"entity_not_found: txn_summary not found with id = a2557a329c4b1663e5752dac4d4d3b1cd9136e9a76aa8b7ef05cce3e98a97087\"}\n","    flaky___flaky_test.go:93: Test case [transfer allocation accounting test] exit at [04-25-2023 12:15:25]\n",""],"Passed":false,"Skipped":false,"TestFileName":"","TestFunctionDetail":{"Line":0,"Col":0}}]},{"FailureIndicator":"failed","SkippedIndicator":"","TestResults":[{"TestName":"Test___FlakyTransferAllocation/transfer_allocation_and_upload_file","Package":"github.com/0chain/system_test/tests/cli_tests","ElapsedTime":152.98,"Output":["","    flaky___flaky_test.go:175: Test case [transfer allocation and upload file] scheduled at [04-25-2023 12:12:52] \n","","","    system_test_framework.go:92: Test case [transfer allocation and upload file] start at [04-25-2023 12:12:52] \n","    zwalletcli_register_wallet_test.go:128: Registering wallet...\n","    zboxcli_update_allocation_test.go:1004: Executing faucet...\n","    zwalletcli_register_wallet_test.go:143: faucet output: [No wallet in path  config/Test___FlakyTransferAllocation-transfer_allocation_and_upload_file_wallet.json found. Creating wallet... ZCN wallet created!! Execute faucet smart contract success with txn :  343fb40ae8aa0ba95ceb277db6204853e158ccde991b7b96b09bf34a3325a3d0]\n","    zboxcli_update_allocation_test.go:1004: Executing faucet...\n","    zboxcli_create_allocation_test.go:440: Creating new allocation...\n","    zboxcli_file_upload_test.go:766: Uploading file...\n","    zwalletcli_register_wallet_test.go:128: Registering wallet...\n","    zboxcli_update_allocation_test.go:1004: Executing faucet...\n","    zwalletcli_register_wallet_test.go:143: faucet output: [No wallet in path  config/Test___FlakyTransferAllocation-transfer_allocation_and_upload_file_NEW_OWNER_wallet.json found. Creating wallet... ZCN wallet created!! Execute faucet smart contract success with txn :  7bb49a62275b2db87ac5b37332dd21d5a20f035f7e5929d7d18f349a4c958460]\n","    zboxcli_update_allocation_test.go:1004: Executing faucet...\n","    zwalletcli_register_wallet_test.go:220: Getting wallet...\n","    zboxcli_transfer_allocation_test.go:428: Transferring allocation ownership...\n","    utils.go:67: \u001b[33mCommand failed on attempt [1/3] due to error [exit status 1]. Output: [Error transferring allocation:[txn] too less sharders to confirm it: min_confirmation is 50%, but got 0/2 sharders -\u003cNEWLINE\u003e- https://dev-4.devnet-0chain.net/sharder02/v1/transaction/get/confirmation?hash=052a6bad92a8eb3c29264709634d029a931df4f6c7b79c6662f4f5f468b6c177: [400] {\"code\":\"entity_not_found\",\"error\":\"entity_not_found: txn_summary not found with id = 052a6bad92a8eb3c29264709634d029a931df4f6c7b79c6662f4f5f468b6c177\"} -\u003cNEWLINE\u003e- https://dev-4.devnet-0chain.net/sharder01/v1/transaction/get/confirmation?hash=052a6bad92a8eb3c29264709634d029a931df4f6c7b79c6662f4f5f468b6c177: [400] {\"code\":\"entity_not_found\",\"error\":\"entity_not_found: txn_summary not found with id = 052a6bad92a8eb3c29264709634d029a931df4f6c7b79c6662f4f5f468b6c177\"}]\n","    utils.go:67: \u001b[33mCommand failed on attempt [2/3] due to error [exit status 1]. Output: [Error transferring allocation:[txn] too less sharders to confirm it: min_confirmation is 50%, but got 0/2 sharders -\u003cNEWLINE\u003e- https://dev-4.devnet-0chain.net/sharder01/v1/transaction/get/confirmation?hash=917a209c72d443c1e2ea19ebaa0df668e3d7d9db931d7c3479e7e698ce1651d6: [400] {\"code\":\"entity_not_found\",\"error\":\"entity_not_found: txn_summary not found with id = 917a209c72d443c1e2ea19ebaa0df668e3d7d9db931d7c3479e7e698ce1651d6\"} -\u003cNEWLINE\u003e- https://dev-4.devnet-0chain.net/sharder02/v1/transaction/get/confirmation?hash=917a209c72d443c1e2ea19ebaa0df668e3d7d9db931d7c3479e7e698ce1651d6: [400] {\"code\":\"entity_not_found\",\"error\":\"entity_not_found: txn_summary not found with id = 917a209c72d443c1e2ea19ebaa0df668e3d7d9db931d7c3479e7e698ce1651d6\"}]\n","    utils.go:70: \u001b[31mCommand failed on final attempt [3/3] due to error [exit status 1]. Command String: [./zbox transferallocation --new_owner 42feed39f3136c846cde4f118d1425d992fd775e5b5d324d9adbadb7e98efcfe --allocation 0981b943aaca838b3110c63802ff2f1ad6006763cd0e9e3b55cc67abfe0d21b1 --new_owner_key 639ebdfac9d35ab34a2cc59a1a0965f42175c180ce6ccb270394229c87c0450c71620c58484394b551a2d70c1d0ff04508ce0b5df64798b14fa4a8c9de5f399a --silent --wallet Test___FlakyTransferAllocation-transfer_allocation_and_upload_file_wallet.json --configDir ./config --config ./zbox_config.yaml] Output: [Error transferring allocation:[txn] too less sharders to confirm it: min_confirmation is 50%, but got 0/2 sharders -\u003cNEWLINE\u003e- https://dev-4.devnet-0chain.net/sharder01/v1/transaction/get/confirmation?hash=eb61d046b49c166e2cdd9d9fdda6150b7d62948e8f6f4ef1ce96c9e6bc259e62: [400] {\"code\":\"entity_not_found\",\"error\":\"entity_not_found: txn_summary not found with id = eb61d046b49c166e2cdd9d9fdda6150b7d62948e8f6f4ef1ce96c9e6bc259e62\"} -\u003cNE","WLINE\u003e- https://dev-4.devnet-0chain.net/sharder02/v1/transaction/get/confirmation?hash=eb61d046b49c166e2cdd9d9fdda6150b7d62948e8f6f4ef1ce96c9e6bc259e62: [400] {\"code\":\"entity_not_found\",\"error\":\"entity_not_found: txn_summary not found with id = eb61d046b49c166e2cdd9d9fdda6150b7d62948e8f6f4ef1ce96c9e6bc259e62\"}]\n","    utils.go:73: \u001b[31mThe verbose output for the command is:\n","    utils.go:77: \u001b[31m0chain-core-sdk [INFO]   2023/04/25 12:14:55.393421 wallet_base.go:310: ******* Wallet SDK Version:v1.8.13-45-g29b9769 ******* (SetLogFile)\n","    utils.go:77: \u001b[31m0box-sdk        [INFO]   2023/04/25 12:14:55.393455 sdk.go:78: ******* Storage SDK Version: v1.8.13-45-g29b9769 *******\n","    utils.go:77: \u001b[31m0chain-core-sdk [INFO]   2023/04/25 12:14:55.414728 transaction_base.go:139: ******* Wallet SDK Version:v1.8.13-45-g29b9769 ******* (InitZCNSDK)\n","    utils.go:77: \u001b[31m0box-sdk        [DEBUG]  2023/04/25 12:14:55.423298 networkworker.go:105: Get network result:{\"miners\":[\"https://dev-4.devnet-0chain.net/miner01\",\"https://dev-4.devnet-0chain.net/miner03\",\"https://dev-4.devnet-0chain.net/miner02\"],\"sharders\":[\"https://dev-4.devnet-0chain.net/sharder02\",\"https://dev-4.devnet-0chain.net/sharder01\"]}\n","    utils.go:77: \u001b[31m0box-sdk        [INFO]   2023/04/25 12:14:55.437434 sdk.go:1409: estimate txn fee{fee 18 10000000000  \u003cnil\u003e} {txn 23 0  0xc00044add0}\n","    utils.go:77: \u001b[31m0box-sdk        \u001b[31m[ERROR]  2023/04/25 12:15:25.632405 sdk.go:1442: Error verifying the transaction[txn] too less sharders to confirm it: min_confirmation is 50%, but got 0/2 sharders\n","    utils.go:77: \u001b[31mhttps://dev-4.devnet-0chain.net/sharder01/v1/transaction/get/confirmation?hash=672446a0f8097cb78861cd8199ec1cc38d08f1939e0b699181b2b0219edcef52: [400] {\"code\":\"entity_not_found\",\"error\":\"entity_not_found: txn_summary not found with id = 672446a0f8097cb78861cd8199ec1cc38d08f1939e0b699181b2b0219edcef52\"}\n","    utils.go:77: \u001b[31mhttps://dev-4.devnet-0chain.net/sharder02/v1/transaction/get/confirmation?hash=672446a0f8097cb78861cd8199ec1cc38d08f1939e0b699181b2b0219edcef52: [400] {\"code\":\"entity_not_found\",\"error\":\"entity_not_found: txn_summary not found with id = 672446a0f8097cb78861cd8199ec1cc38d08f1939e0b699181b2b0219edcef52\"}\n","    utils.go:77: \u001b[31m672446a0f8097cb78861cd8199ec1cc38d08f1939e0b699181b2b0219edcef52\u001b[0m\n","    utils.go:77: \u001b[31mError transferring allocation:[txn] too less sharders to confirm it: min_confirmation is 50%, but got 0/2 sharders\n","    assertions.go:264: \n","        \tError Trace:\t/root/actions-runner4/_work/system_test/system_test/tests/cli_tests/flaky___flaky_test.go:213\n","        \t            \t\t\t\t/root/actions-runner4/_work/system_test/system_test/tests/cli_tests/system_test_framework.go:93\n","        \t            \t\t\t\t/root/actions-runner4/_work/system_test/system_test/tests/cli_tests/asm_amd64.s:1598\n","        \tError:      \tExpected nil, but got: \u0026exec.ExitError{ProcessState:(*os.ProcessState)(0xc0006001c8), Stderr:[]uint8(nil)}\n","        \tTest:       \tTest___FlakyTransferAllocation/transfer_allocation_and_upload_file\n","        \tMessages:   \tError transferring allocation:[txn] too less sharders to confirm it: min_confirmation is 50%, but got 0/2 sharders\n","        \t            \thttps://dev-4.devnet-0chain.net/sharder01/v1/transaction/get/confirmation?hash=eb61d046b49c166e2cdd9d9fdda6150b7d62948e8f6f4ef1ce96c9e6bc259e62: [400] {\"code\":\"entity_not_found\",\"error\":\"entity_not_found: txn_summary not found with id = eb61d046b49c166e2cdd9d9fdda6150b7d62948e8f6f4ef1ce96c9e6bc259e62\"}\n","        \t            \thttps://dev-4.devnet-0chain.net/sharder02/v1/transaction/get/confirmation?hash=eb61d046b49c166e2cdd9d9fdda6150b7d62948e8f6f4ef1ce96c9e6bc259e62: [400] {\"code\":\"entity_not_found\",\"error\":\"entity_not_found: txn_summary not found with id = eb61d046b49c166e2cdd9d9fdda6150b7d62948e8f6f4ef1ce96c9e6bc259e62\"}\n","    flaky___flaky_test.go:175: Test case [transfer allocation and upload file] exit at [04-25-2023 12:15:25]\n",""],"Passed":false,"Skipped":false,"TestFileName":"","TestFunctionDetail":{"Line":0,"Col":0}}]}]

    const report = window.GoTestReport({
                                         data: data,
                                         testResultsElem: document.getElementById('testResults'),
                                         testGroupListElem: document.getElementById('testGroupList')
                                       });


</script>
</body>
</html>
