<!DOCTYPE html>
<html lang="en">
<head>
    <meta charset="UTF-8">
    <title>0Chain Flaky system test suite [fix_allocation/ef0c93ae] ran against [dev-7.devnet-0chain.net] at [2023-06-02_17.54.27]</title>
    <style type="text/css">
        body {
            font-family: sans-serif;
            background-color: #f3f3f3;
            border-top: 2px #dee6e8 solid;
            margin: 0;
        }

        div.pageHeader span.projectTitle {
            font-family: serif;
            font-size: 2em;
            padding-left: 56px;
            padding-top: 80px;
            display: block;
            color: #a5a5a5;
            text-shadow: 0 -1px 1px white;
        }

        div.pageHeader div.testStats {
            position: absolute;
            top: 7px;
            right: 52px;
            font-size: 0.8em;
            color: #a2a2a2;
        }

        div.pageHeader div.testStats span.indicator {
            font-size: 2em;
            position: relative;
            top: 5px;
            text-shadow: 0 1px 0 white;
        }

        div.pageHeader div.testStats span strong {
            margin-right: 16px;
        }

        div.pageHeader div.testStats span.total {
            border-right: 1px #afafaf dotted;
            background: #8298af;
        }

        div.pageHeader div.testStats span.passed {
            border-right: 1px #afafaf dotted;
            background: #6fca83;
        }

        div.pageHeader div.testStats span.skipped {
            background: #bababa;
        }

        div.pageHeader div.testStats span.failed {
            background: #ff7676;
        }

        div.pageHeader div.testStats span {
            margin-right: 1px;
            height: 55px;
            padding: 20px 8px 18px;
            color: white;
        }

        div.pageHeader .testGroupsTitle {
            margin: 16px 32px 8px 40px;
            font-size: 0.9em;
            color: darkgrey;
            display: inline-block;
        }

        div.pageHeader .testExecutionDate {
            display: inline-block;
            position: absolute;
            right: 10px;
            margin: 14px 32px 8px 40px;
            color: #9e9e9e;
            font-size: 0.9em;
        }

        .testReportContainer {
            padding: 0 32px 32px 32px;
        }

        .cardContainer {
            padding: 16px 16px 16px;
            box-shadow: 0 4px 4px #d4d4d4;
            background-color: white;
        }

        #testResults {
            display: flex;
            flex-wrap: wrap;
        }

        .testResultGroup {
            width: 24px;
            height: 24px;
            background-color: #43c143;
            margin-left: 1px;
            margin-bottom: 1px;
            box-sizing: border-box;
        }

        .testResultGroup.selected {
            border: 1px white solid;
            background-color: black !important;
        }

        .testResultGroup.skipped {
            border: 2px gray solid;
        }

        .testResultGroup.failed {
            background-color: red;
        }

        .cardContainer.testGroupList,
        .cardContainer.testDetail {
            margin-top: 16px;
            padding: 16px;
        }

        .cardContainer.testGroupList {
            color: #9c9c9c;
            padding: 0;
        }

        .cardContainer.testGroupList .testGroupRow {
            cursor: default;
            border-bottom: 1px #dadada dotted;
        }

        .cardContainer.testGroupList .testGroupRow span.testStatus {
            font-size: 1.2em;
            font-weight: bold;
            color: #139e13;
            pointer-events: none;
            display: inline-block;
            overflow: hidden;
            float: left;
            padding-top: 10px;
            padding-left: 20px;
            padding-right: 12px;
        }

        .cardContainer.testGroupList .testGroupRow span.testStatus.skipped {
            color: gray;
        }

        .cardContainer.testGroupList .testGroupRow span.testStatus.failed {
            color: red;
        }

        .cardContainer.testGroupList .testGroupRow span.testTitle {
            font-size: 0.9em;
            padding: 12px 0 10px;
            display: inline-block;
            pointer-events: none;
            color: #525252;
            text-overflow: ellipsis;
            overflow: hidden;
            width: calc(100% - 110px);
        }

        .cardContainer.testGroupList .testGroupRow span.testDuration {
            pointer-events: none;
        }

        .cardContainer.testGroupList .testGroupRow {
            position: relative;
            border-left: 4px #43c143 solid;
        }

        .cardContainer.testGroupList .testGroupRow.skipped {
            color: gray;
            border-left: 4px gray solid;
        }

        .cardContainer.testGroupList .testGroupRow.failed {
            color: red;
            border-left: 4px red solid;
        }

        .cardContainer.testGroupList .testGroupRow:hover {
            background-color: #fffaea;
            transition: 0.250s;
        }

        .cardContainer .testOutput {
            padding: 8px 16px 24px 16px;
        }

        .cardContainer .console {
            display: block;
            font-family: monospace;
            padding: 10px;
            background-color: #424242;
            color: #1aff00;
            border-bottom: 1px #1aff00 dotted;
            overflow: auto;
            font-size: 1.1em;
        }

        .cardContainer .testOutput .testDetail {
            border-bottom: 1px #d0d0d0 solid;
            padding: 16px;
            background-color: #e6e6e6;
            border-radius: 0 0 4px 4px;
            color: dimgrey;
            font-size: 0.8em;
        }

        .cardContainer .console.skipped{
            color: #d9d9d9;
        }

        .cardContainer .console.failed {
            color: #ffb2b2;
        }

        .cardContainer .testDuration {
            position: absolute;
            top: 5px;
            right: 8px;
            text-align: right;
            padding-right: 8px;
            box-sizing: border-box;
        }
    </style>
</head>
<body>
<div class="pageHeader">
    <span class="projectTitle">0Chain Flaky system test suite [fix_allocation/ef0c93ae] ran against [dev-7.devnet-0chain.net] at [2023-06-02_17.54.27]</span>
    <div class="testStats">
        <span class="total"><span class="indicator">&boxbox;</span> Total: <strong>11</strong>Duration: <strong>2ms</strong>
        </span><span class="passed"><span class="indicator">&check;</span> Passed: <strong>5</strong>
        </span><span class="skipped"><span class="indicator">&dash;</span> Skipped: <strong>3</strong>
        </span><span class="failed"><span class="indicator">&cross;</span> Failed: <strong>3</strong>
        </span>
    </div>
    <span class="testGroupsTitle">Test Groups:</span>
    <span class="testExecutionDate">June 2, 2023 19:08:06</span>
</div>
<div class="testReportContainer">
    <div class="cardContainer">
        <div id="testResults">
            
                <div class="testResultGroup  skipped" id="0"></div>
            
                <div class="testResultGroup  " id="1"></div>
            
                <div class="testResultGroup  skipped" id="2"></div>
            
                <div class="testResultGroup  " id="3"></div>
            
                <div class="testResultGroup  " id="4"></div>
            
                <div class="testResultGroup  " id="5"></div>
            
                <div class="testResultGroup  " id="6"></div>
            
                <div class="testResultGroup  skipped" id="7"></div>
            
                <div class="testResultGroup failed " id="8"></div>
            
                <div class="testResultGroup failed " id="9"></div>
            
                <div class="testResultGroup failed " id="10"></div>
            
        </div>
    </div>
    <div class="cardContainer testGroupList" id="testGroupList"></div>
</div>
<script type="application/javascript">
    /**
 * @typedef TestStatus
 * @property {string} TestName
 * @property {string} Package
 * @property {number} ElapsedTime
 * @property {Array.<string>} Output
 * @property {boolean} Passed
 * @property {boolean} Skipped
 */
class TestStatus {}

/**
 * @typedef TestGroupData
 * @type {object}
 * @property {string} FailureIndicator
 * @property {string} SkippedIndicator
 * @property {Array.<TestStatus>}
 */
class TestGroupData {}

/**
 * @typedef TestResults
 * @type {Array.<TestGroupData>}
 */
class TestResults extends Array {}

/**
 * @typedef SelectedItems
 * @property {HTMLElement|EventTarget} testResults
 * @property {String} selectedTestGroupColor
 */
class SelectedItems {}

/**
 * @typedef GoTestReportElements
 * @property {TestResults} data
 * @property {HTMLElement} testResultsElem
 * @property {HTMLElement} testGroupListElem
 */
class GoTestReportElements {}


/**
 * Main entry point for GoTestReport.
 * @param {GoTestReportElements} elements
 * @returns {{testResultsClickHandler: testResultsClickHandler}}
 * @constructor
 */
window.GoTestReport = function (elements) {
  const /**@type {SelectedItems}*/ selectedItems = {
    testResults: null,
    selectedTestGroupColor: null
  }

  function addEventData(event) {
    if (event.data == null) {
      event.data = {target: event.target}
    }
    return event
  }


  const goTestReport = {
    /**
     * Invoked when a user clicks on one of the test group div elements.
     * @param {HTMLElement} target The element associated with the test group.
     * @param {boolean} shiftKey If pressed, all of test detail associated to the test group is shown.
     * @param {TestResults} data
     * @param {SelectedItems} selectedItems
     * @param {function(target: Element, data: TestResults)} testGroupListHandler
     */
    testResultsClickHandler: function (target,
                                       shiftKey,
                                       data,
                                       selectedItems,
                                       testGroupListHandler) {

      if (target.classList.contains('testResultGroup') === false) {
        return
      }
      if (selectedItems.testResults != null) {
        let testResultsElement = /**@type {HTMLElement}*/ selectedItems.testResults
        testResultsElement.classList.remove("selected")
        testResultsElement.style.backgroundColor = selectedItems.selectedTestGroupColor
      }
      const testGroupId = /**@type {number}*/ target.id
      if ((target.id === undefined)
        || (data[testGroupId] === undefined)
        || (data[testGroupId]['TestResults'] === undefined)) {
        return
      }
      const testResults = /**@type {TestResults}*/ data[testGroupId]['TestResults']
      let testGroupList = /**@type {string}*/ ''
      selectedItems.selectedTestGroupColor = getComputedStyle(target).getPropertyValue('background-color')
      selectedItems.testResults = target
      target.classList.add("selected")
      for (let i = 0; i < testResults.length; i++) {
        const testResult = /**@type {TestGroupData}*/ testResults[i]
        const testPassed = /**@type {boolean}*/ testResult.Passed
        const testSkipped = /**@type {boolean}*/ testResult.Skipped
        const testPassedStatus = /**@type {string}*/ (testPassed) ? '' : (testSkipped ? 'skipped' : 'failed')
        const testId = /**@type {string}*/ target.attributes['id'].value
        testGroupList += `<div class="testGroupRow ${testPassedStatus}" data-groupid="${testId}" data-index="${i}">
        <span class="testStatus ${testPassedStatus}">${(testPassed) ? '&check' : (testSkipped ? '&dash' : '&cross')};</span>
        <span class="testTitle">${testResult.TestName}</span>
        <span class="testDuration"><span>${testResult.ElapsedTime}s </span>⏱</span>
      </div>`
      }
      const testGroupListElem = elements.testGroupListElem
      testGroupListElem.innerHTML = ''
      testGroupListElem.innerHTML = testGroupList

      if (shiftKey) {
        testGroupListElem.querySelectorAll('.testGroupRow')
                         .forEach((elem) => testGroupListHandler(elem, data))
      } else if (testResults.length === 1) {
        testGroupListHandler(testGroupListElem.querySelector('.testGroupRow'), data)
      }
    },

    /**
     *
     * @param {Element} target
     * @param {TestResults} data
     */
    testGroupListHandler: function (target, data) {
      const attribs = target['attributes']
      if (attribs.hasOwnProperty('data-groupid')) {
        const groupId = /**@type {number}*/ attribs['data-groupid'].value
        const testIndex = /**@type {number}*/ attribs['data-index'].value
        const testStatus = /**@type {TestStatus}*/ data[groupId]['TestResults'][testIndex]
        const testOutputDiv = /**@type {HTMLDivElement}*/ target.querySelector('div.testOutput')

        if (testOutputDiv == null) {
          const testOutputDiv = document.createElement('div')
          testOutputDiv.classList.add('testOutput')
          const consolePre = document.createElement('pre')
          consolePre.classList.add('console')
          const testDetailDiv = document.createElement('div')
          testDetailDiv.classList.add('testDetail')
          const packageNameDiv = document.createElement('div')
          packageNameDiv.classList.add('package')
          packageNameDiv.innerHTML = `<strong>Package:</strong> ${testStatus.Package}`
          const testFileNameDiv = document.createElement('div')
          testFileNameDiv.classList.add('filename')
          if (testStatus.TestFileName.trim() === "") {
            testFileNameDiv.innerHTML = `<strong>Filename:</strong> n/a &nbsp;&nbsp;`
          } else {
            testFileNameDiv.innerHTML = `<strong>Filename:</strong> ${testStatus.TestFileName} &nbsp;&nbsp;`
            testFileNameDiv.innerHTML += `<strong>Line:</strong> ${testStatus.TestFunctionDetail.Line} `
            testFileNameDiv.innerHTML += `<strong>Col:</strong> ${testStatus.TestFunctionDetail.Col}`
          }
          testDetailDiv.insertAdjacentElement('beforeend', packageNameDiv)
          testDetailDiv.insertAdjacentElement('beforeend', testFileNameDiv)
          testOutputDiv.insertAdjacentElement('afterbegin', consolePre)
          testOutputDiv.insertAdjacentElement('beforeend', testDetailDiv)
          target.insertAdjacentElement('beforeend', testOutputDiv)

          if (testStatus.Passed) {
            consolePre.classList.remove('skipped')
            consolePre.classList.remove('failed')
          } else if (testStatus.Skipped) {
            consolePre.classList.add('skipped')
            consolePre.classList.remove('failed')
          } else {
            consolePre.classList.remove('skipped')
            consolePre.classList.add('failed')
          }
          consolePre.textContent = testStatus.Output.join('')
        } else {
          testOutputDiv.remove()
        }
      }
    }
  }

  //+------------------------+
  //|    setup DOM events    |
  //+------------------------+
  elements.testResultsElem
          .addEventListener('click', event =>
            goTestReport.testResultsClickHandler(/**@type {HTMLElement}*/ addEventData(event).data.target,
                                                 event.shiftKey,
                                                 elements.data,
                                                 selectedItems,
                                                 goTestReport.testGroupListHandler))

  elements.testGroupListElem
          .addEventListener('click', event =>
            goTestReport.testGroupListHandler(/**@type {Element}*/ event.target,
                                              elements.data))

  return goTestReport
}


    

    const data = [{"FailureIndicator":"","SkippedIndicator":"skipped","TestResults":[{"TestName":"Test___FlakyBrokenScenarios","Package":"github.com/0chain/system_test/tests/cli_tests","ElapsedTime":0,"Output":["","    flaky___broken_scenarios_test.go:30: \n","--- SKIP: Test___FlakyBrokenScenarios (0.00s)\n",""],"Passed":false,"Skipped":true,"TestFileName":"flaky___broken_scenarios_test.go","TestFunctionDetail":{"Line":27,"Col":1}}]},{"FailureIndicator":"","SkippedIndicator":"","TestResults":[{"TestName":"Test___FlakyFileCopy","Package":"github.com/0chain/system_test/tests/cli_tests","ElapsedTime":0,"Output":["","--- PASS: Test___FlakyFileCopy (0.00s)",""],"Passed":true,"Skipped":false,"TestFileName":"flaky___flaky_test.go","TestFunctionDetail":{"Line":411,"Col":1}}]},{"FailureIndicator":"","SkippedIndicator":"skipped","TestResults":[{"TestName":"Test___FlakyFileCopy/File_copy_-_Users_should_not_be_charged_for_moving_a_file_","Package":"github.com/0chain/system_test/tests/cli_tests","ElapsedTime":0,"Output":["","    flaky___flaky_test.go:415: Test case [File copy - Users should not be charged for moving a file ] scheduled at [06-02-2023 19:06:14] \n","","","    system_test_framework.go:149: Test case [File copy - Users should not be charged for moving a file ] start at [06-02-2023 19:06:14] \n","    flaky___flaky_test.go:416: Test calculations are flaky in  CLI\n","    flaky___flaky_test.go:415: Test case [File copy - Users should not be charged for moving a file ] exit at [06-02-2023 19:06:14]\n","--- SKIP: Test___FlakyFileCopy/File_copy_-_Users_should_not_be_charged_for_moving_a_file_ (0.00s)\n",""],"Passed":false,"Skipped":true,"TestFileName":"","TestFunctionDetail":{"Line":0,"Col":0}}]},{"FailureIndicator":"","SkippedIndicator":"","TestResults":[{"TestName":"Test___FlakyFileDelete","Package":"github.com/0chain/system_test/tests/cli_tests","ElapsedTime":0,"Output":["","--- PASS: Test___FlakyFileDelete (0.00s)",""],"Passed":true,"Skipped":false,"TestFileName":"flaky___flaky_test.go","TestFunctionDetail":{"Line":242,"Col":1}}]},{"FailureIndicator":"","SkippedIndicator":"","TestResults":[{"TestName":"Test___FlakyFileDelete/Delete_file_concurrently_in_existing_directory,_should_work","Package":"github.com/0chain/system_test/tests/cli_tests","ElapsedTime":57.5,"Output":["","    flaky___flaky_test.go:246: Test case [Delete file concurrently in existing directory, should work] scheduled at [06-02-2023 19:05:17] \n","","","    system_test_framework.go:149: Test case [Delete file concurrently in existing directory, should work] start at [06-02-2023 19:05:17] \n","    zwalletcli_register_wallet_test.go:123: creating wallet...\n","    zboxcli_update_allocation_test.go:1005: Executing faucet...\n","    zwalletcli_register_wallet_test.go:140: faucet output: [No wallet in path  config/Test___FlakyFileDelete-Delete_file_concurrently_in_existing_directory,_should_work_wallet.json found. Creating wallet... ZCN wallet created!! Execute faucet smart contract success with txn :  fb64f2f05c5278fdd60c52653a98cb8174561115e275db8ac8c5deba48c42e98]\n","    zboxcli_update_allocation_test.go:1005: Executing faucet...\n","    zboxcli_create_allocation_test.go:459: Creating new allocation...\n","    zboxcli_file_upload_test.go:959: Uploading file /tmp/hxS-ivhjSL_test.txt to allocation a86474ef3e98829829fd568d490f540141ba4c4758268651198d322934024998 with remotepath /hxS-ivhjSL_test.txt\n","    zboxcli_file_upload_test.go:917: Uploading file...\n","    zboxcli_file_upload_test.go:959: Uploading file /tmp/gViLa1H5Lg_test.txt to allocation a86474ef3e98829829fd568d490f540141ba4c4758268651198d322934024998 with remotepath /gViLa1H5Lg_test.txt\n","    zboxcli_file_upload_test.go:917: Uploading file...\n","    zboxcli_file_delete_test.go:344: Deleting file...\n","    zboxcli_file_delete_test.go:344: Deleting file...\n","    utils.go:138: Waiting 10s...\n","    zboxcli_list_file_test.go:638: Listing individual file in allocation...\n","    utils.go:67: \u001b[33mCommand failed on attempt [1/3] due to error [exit status 1]. Output: [error from server list response: {\"code\":\"invalid_parameters\",\"error\":\"invalid_parameters: Invalid path record not found\"}]\n","    utils.go:67: \u001b[33mCommand failed on attempt [2/3] due to error [exit status 1]. Output: [error from server list response: {\"code\":\"invalid_parameters\",\"error\":\"invalid_parameters: Invalid path record not found\"}]\n","    utils.go:70: \u001b[31mCommand failed on final attempt [3/3] due to error [exit status 1]. Command String: [./zbox list --allocation a86474ef3e98829829fd568d490f540141ba4c4758268651198d322934024998 --remotepath /gViLa1H5Lg_test.txt --json --silent --wallet Test___FlakyFileDelete-Delete_file_concurrently_in_existing_directory,_should_work_wallet.json --configDir ./config --config ./zbox_config.yaml] Output: [error from server list response: {\"code\":\"invalid_parameters\",\"error\":\"invalid_parameters: Invalid path record not found\"}]\n","    utils.go:73: \u001b[31mThe verbose output for the command is:\n","    utils.go:77: \u001b[31m0chain-core-sdk [INFO]   2023/06/02 19:06:00.123431 wallet_base.go:310: ******* Wallet SDK Version:v1.8.16-38-g5ea0bf75 ******* (SetLogFile)\n","    utils.go:77: \u001b[31m0box-sdk        [INFO]   2023/06/02 19:06:00.123473 sdk.go:78: ******* Storage SDK Version: v1.8.16-38-g5ea0bf75 *******\n","    utils.go:77: \u001b[31m0chain-core-sdk [INFO]   2023/06/02 19:06:00.146789 transaction_base.go:139: ******* Wallet SDK Version:v1.8.16-38-g5ea0bf75 ******* (InitZCNSDK)\n","    utils.go:77: \u001b[31m0box-sdk        [DEBUG]  2023/06/02 19:06:00.154400 networkworker.go:105: Get network result:{\"miners\":[\"https://dev-7.devnet-0chain.net/miner02\",\"https://dev-7.devnet-0chain.net/miner01\",\"https://dev-7.devnet-0chain.net/miner03\"],\"sharders\":[\"https://dev-7.devnet-0chain.net/sharder02\",\"https://dev-7.devnet-0chain.net/sharder01\"]}\n","    utils.go:77: \u001b[31m0box-sdk        [DEBUG]  2023/06/02 19:06:00.171223 listworker.go:111: List result:{\"code\":\"invalid_parameters\",\"error\":\"invalid_parameters: Invalid path record not found\"}\n","    utils.go:77: \u001b[31m0box-sdk        [DEBUG]  2023/06/02 19:06:00.171668 listworker.go:111: List result:{\"code\":\"invalid_parameters\",\"error\":\"invalid_parameters: Invalid path record not found\"}\n","    utils.go:77: \u001b[31m0box-sdk        [DEBUG]  2023/06/02 19:06:00.177735 listworker.go:111: List result:{\"code\":\"invalid_parameters\",\"error\":\"invalid_parameters: Invalid path record not found\"}\n","    utils.go:77: \u001b[31m0box-sdk        [DEBUG]  2023/06/02 19:06:00.181955 listworker.go:111: List result:{\"code\":\"invalid_parameters\",\"error\":\"invalid_parameters: Invalid path record not found\"}\n","    utils.go:77: \u001b[31merror from server list response: {\"code\":\"invalid_parameters\",\"error\":\"invalid_parameters: Invalid path record not found\"}\n","    utils.go:138: Waiting 10s...\n","    zboxcli_list_file_test.go:638: Listing individual file in allocation...\n","    utils.go:67: \u001b[33mCommand failed on attempt [1/3] due to error [exit status 1]. Output: [error from server list response: {\"code\":\"invalid_parameters\",\"error\":\"invalid_parameters: Invalid path record not found\"}]\n","    utils.go:67: \u001b[33mCommand failed on attempt [2/3] due to error [exit status 1]. Output: [error from server list response: {\"code\":\"invalid_parameters\",\"error\":\"invalid_parameters: Invalid path record not found\"}]\n","    utils.go:70: \u001b[31mCommand failed on final attempt [3/3] due to error [exit status 1]. Command String: [./zbox list --allocation a86474ef3e98829829fd568d490f540141ba4c4758268651198d322934024998 --remotepath /hxS-ivhjSL_test.txt --json --silent --wallet Test___FlakyFileDelete-Delete_file_concurrently_in_existing_directory,_should_work_wallet.json --configDir ./config --config ./zbox_config.yaml] Output: [error from server list response: {\"code\":\"invalid_parameters\",\"error\":\"invalid_parameters: Invalid path record not found\"}]\n","    utils.go:73: \u001b[31mThe verbose output for the command is:\n","    utils.go:77: \u001b[31m0chain-core-sdk [INFO]   2023/06/02 19:06:14.477325 wallet_base.go:310: ******* Wallet SDK Version:v1.8.16-38-g5ea0bf75 ******* (SetLogFile)\n","    utils.go:77: \u001b[31m0box-sdk        [INFO]   2023/06/02 19:06:14.477393 sdk.go:78: ******* Storage SDK Version: v1.8.16-38-g5ea0bf75 *******\n","    utils.go:77: \u001b[31m0chain-core-sdk [INFO]   2023/06/02 19:06:14.501455 transaction_base.go:139: ******* Wallet SDK Version:v1.8.16-38-g5ea0bf75 ******* (InitZCNSDK)\n","    utils.go:77: \u001b[31m0box-sdk        [DEBUG]  2023/06/02 19:06:14.511583 networkworker.go:105: Get network result:{\"miners\":[\"https://dev-7.devnet-0chain.net/miner02\",\"https://dev-7.devnet-0chain.net/miner01\",\"https://dev-7.devnet-0chain.net/miner03\"],\"sharders\":[\"https://dev-7.devnet-0chain.net/sharder02\",\"https://dev-7.devnet-0chain.net/sharder01\"]}\n","    utils.go:77: \u001b[31m0box-sdk        [DEBUG]  2023/06/02 19:06:14.525090 listworker.go:111: List result:{\"code\":\"invalid_parameters\",\"error\":\"invalid_parameters: Invalid path record not found\"}\n","    utils.go:77: \u001b[31m0box-sdk        [DEBUG]  2023/06/02 19:06:14.530632 listworker.go:111: List result:{\"code\":\"invalid_parameters\",\"error\":\"invalid_parameters: Invalid path record not found\"}\n","    utils.go:77: \u001b[31m0box-sdk        [DEBUG]  2023/06/02 19:06:14.530645 listworker.go:111: List result:{\"code\":\"invalid_parameters\",\"error\":\"invalid_parameters: Invalid path record not found\"}\n","    utils.go:77: \u001b[31m0box-sdk        [DEBUG]  2023/06/02 19:06:14.533055 listworker.go:111: List result:{\"code\":\"invalid_parameters\",\"error\":\"invalid_parameters: Invalid path record not found\"}\n","    utils.go:77: \u001b[31merror from server list response: {\"code\":\"invalid_parameters\",\"error\":\"invalid_parameters: Invalid path record not found\"}\n","    flaky___flaky_test.go:246: Test case [Delete file concurrently in existing directory, should work] exit at [06-02-2023 19:06:14]\n","--- PASS: Test___FlakyFileDelete/Delete_file_concurrently_in_existing_directory,_should_work (57.50s)",""],"Passed":true,"Skipped":false,"TestFileName":"","TestFunctionDetail":{"Line":0,"Col":0}}]},{"FailureIndicator":"","SkippedIndicator":"","TestResults":[{"TestName":"Test___FlakyFileRename","Package":"github.com/0chain/system_test/tests/cli_tests","ElapsedTime":0,"Output":["","","","--- PASS: Test___FlakyFileRename (0.00s)",""],"Passed":true,"Skipped":false,"TestFileName":"flaky___flaky_test.go","TestFunctionDetail":{"Line":306,"Col":1}}]},{"FailureIndicator":"","SkippedIndicator":"","TestResults":[{"TestName":"Test___FlakyFileRename/Rename_and_delete_file_concurrently,_should_work","Package":"github.com/0chain/system_test/tests/cli_tests","ElapsedTime":111.86,"Output":["","    flaky___flaky_test.go:312: Test case [Rename and delete file concurrently, should work] scheduled at [06-02-2023 19:06:14] \n","","","    system_test_framework.go:149: Test case [Rename and delete file concurrently, should work] start at [06-02-2023 19:06:14] \n","    zwalletcli_register_wallet_test.go:123: creating wallet...\n","    zboxcli_update_allocation_test.go:1005: Executing faucet...\n","    zwalletcli_register_wallet_test.go:140: faucet output: [No wallet in path  config/Test___FlakyFileRename-Rename_and_delete_file_concurrently,_should_work_wallet.json found. Creating wallet... ZCN wallet created!! Execute faucet smart contract success with txn :  cdd070b128d2fea021de20af2b1ba0be660f7309a2c1c3c4db7b886cac9aaaa0]\n","    zboxcli_update_allocation_test.go:1005: Executing faucet...\n","    zboxcli_create_allocation_test.go:459: Creating new allocation...\n","    zboxcli_file_upload_test.go:959: Uploading file /tmp/2gbHpOijH6_test.txt to allocation 5a1e79ea11909164e0314e471d526f8661d3d336da6da4ce9835594920ccfab1 with remotepath /2gbHpOijH6_test.txt\n","    zboxcli_file_upload_test.go:917: Uploading file...\n","    zboxcli_file_upload_test.go:959: Uploading file /tmp/ekBRfZd8PL_test.txt to allocation 5a1e79ea11909164e0314e471d526f8661d3d336da6da4ce9835594920ccfab1 with remotepath /ekBRfZd8PL_test.txt\n","    zboxcli_file_upload_test.go:917: Uploading file...\n","    zboxcli_file_upload_test.go:959: Uploading file /tmp/QAXvIYWWpA_test.txt to allocation 5a1e79ea11909164e0314e471d526f8661d3d336da6da4ce9835594920ccfab1 with remotepath /QAXvIYWWpA_test.txt\n","    zboxcli_file_upload_test.go:917: Uploading file...\n","    zboxcli_file_upload_test.go:959: Uploading file /tmp/HKUTHXcAFx_test.txt to allocation 5a1e79ea11909164e0314e471d526f8661d3d336da6da4ce9835594920ccfab1 with remotepath /HKUTHXcAFx_test.txt\n","    zboxcli_file_upload_test.go:917: Uploading file...\n","    zboxcli_file_delete_test.go:344: Deleting file...\n","    zboxcli_file_delete_test.go:344: Deleting file...\n","    zboxcli_common_user_functions_test.go:180: Renaming file...\n","    zboxcli_common_user_functions_test.go:180: Renaming file...\n","    utils.go:67: \u001b[33mCommand failed on attempt [1/3] due to error [exit status 1]. Output: [Delete failed. consensus_not_met: Consensus on commit not met. Required 3, got 0]\n","    utils.go:63: \u001b[32mCommand passed on retry [2/3]. Output: [/HKUTHXcAFx_test.txt deleted]\n","    utils.go:138: Waiting 10s...\n","    zboxcli_list_file_test.go:638: Listing individual file in allocation...\n","    utils.go:67: \u001b[33mCommand failed on attempt [1/3] due to error [exit status 1]. Output: [error from server list response: {\"code\":\"invalid_parameters\",\"error\":\"invalid_parameters: Invalid path record not found\"}]\n","    utils.go:67: \u001b[33mCommand failed on attempt [2/3] due to error [exit status 1]. Output: [error from server list response: {\"code\":\"invalid_parameters\",\"error\":\"invalid_parameters: Invalid path record not found\"}]\n","    utils.go:70: \u001b[31mCommand failed on final attempt [3/3] due to error [exit status 1]. Command String: [./zbox list --allocation 5a1e79ea11909164e0314e471d526f8661d3d336da6da4ce9835594920ccfab1 --remotepath /QAXvIYWWpA_test.txt --json --silent --wallet Test___FlakyFileRename-Rename_and_delete_file_concurrently,_should_work_wallet.json --configDir ./config --config ./zbox_config.yaml] Output: [error from server list response: {\"code\":\"invalid_parameters\",\"error\":\"invalid_parameters: Invalid path record not found\"}]\n","    utils.go:73: \u001b[31mThe verbose output for the command is:\n","    utils.go:77: \u001b[31m0chain-core-sdk [INFO]   2023/06/02 19:07:51.780507 wallet_base.go:310: ******* Wallet SDK Version:v1.8.16-38-g5ea0bf75 ******* (SetLogFile)\n","    utils.go:77: \u001b[31m0box-sdk        [INFO]   2023/06/02 19:07:51.780579 sdk.go:78: ******* Storage SDK Version: v1.8.16-38-g5ea0bf75 *******\n","    utils.go:77: \u001b[31m0chain-core-sdk [INFO]   2023/06/02 19:07:51.796610 transaction_base.go:139: ******* Wallet SDK Version:v1.8.16-38-g5ea0bf75 ******* (InitZCNSDK)\n","    utils.go:77: \u001b[31m0box-sdk        [DEBUG]  2023/06/02 19:07:51.805162 networkworker.go:105: Get network result:{\"miners\":[\"https://dev-7.devnet-0chain.net/miner02\",\"https://dev-7.devnet-0chain.net/miner01\",\"https://dev-7.devnet-0chain.net/miner03\"],\"sharders\":[\"https://dev-7.devnet-0chain.net/sharder02\",\"https://dev-7.devnet-0chain.net/sharder01\"]}\n","    utils.go:77: \u001b[31m0box-sdk        [DEBUG]  2023/06/02 19:07:51.966745 listworker.go:111: List result:{\"code\":\"invalid_parameters\",\"error\":\"invalid_parameters: Invalid path record not found\"}\n","    utils.go:77: \u001b[31m0box-sdk        [DEBUG]  2023/06/02 19:07:51.973029 listworker.go:111: List result:{\"code\":\"invalid_parameters\",\"error\":\"invalid_parameters: Invalid path record not found\"}\n","    utils.go:77: \u001b[31m0box-sdk        [DEBUG]  2023/06/02 19:07:51.973028 listworker.go:111: List result:{\"code\":\"invalid_parameters\",\"error\":\"invalid_parameters: Invalid path record not found\"}\n","    utils.go:77: \u001b[31m0box-sdk        [DEBUG]  2023/06/02 19:07:51.999324 listworker.go:111: List result:{\"code\":\"invalid_parameters\",\"error\":\"invalid_parameters: Invalid path record not found\"}\n","    utils.go:77: \u001b[31merror from server list response: {\"code\":\"invalid_parameters\",\"error\":\"invalid_parameters: Invalid path record not found\"}\n","    utils.go:138: Waiting 10s...\n","    zboxcli_list_file_test.go:638: Listing individual file in allocation...\n","    utils.go:67: \u001b[33mCommand failed on attempt [1/3] due to error [exit status 1]. Output: [error from server list response: {\"code\":\"invalid_parameters\",\"error\":\"invalid_parameters: Invalid path record not found\"}]\n","    utils.go:67: \u001b[33mCommand failed on attempt [2/3] due to error [exit status 1]. Output: [error from server list response: {\"code\":\"invalid_parameters\",\"error\":\"invalid_parameters: Invalid path record not found\"}]\n","    utils.go:70: \u001b[31mCommand failed on final attempt [3/3] due to error [exit status 1]. Command String: [./zbox list --allocation 5a1e79ea11909164e0314e471d526f8661d3d336da6da4ce9835594920ccfab1 --remotepath /HKUTHXcAFx_test.txt --json --silent --wallet Test___FlakyFileRename-Rename_and_delete_file_concurrently,_should_work_wallet.json --configDir ./config --config ./zbox_config.yaml] Output: [error from server list response: {\"code\":\"invalid_parameters\",\"error\":\"invalid_parameters: Invalid path record not found\"}]\n","    utils.go:73: \u001b[31mThe verbose output for the command is:\n","    utils.go:77: \u001b[31m0chain-core-sdk [INFO]   2023/06/02 19:08:06.357102 wallet_base.go:310: ******* Wallet SDK Version:v1.8.16-38-g5ea0bf75 ******* (SetLogFile)\n","    utils.go:77: \u001b[31m0box-sdk        [INFO]   2023/06/02 19:08:06.357151 sdk.go:78: ******* Storage SDK Version: v1.8.16-38-g5ea0bf75 *******\n","    utils.go:77: \u001b[31m0chain-core-sdk [INFO]   2023/06/02 19:08:06.372432 transaction_base.go:139: ******* Wallet SDK Version:v1.8.16-38-g5ea0bf75 ******* (InitZCNSDK)\n","    utils.go:77: \u001b[31m0box-sdk        [DEBUG]  2023/06/02 19:08:06.379864 networkworker.go:105: Get network result:{\"miners\":[\"https://dev-7.devnet-0chain.net/miner02\",\"https://dev-7.devnet-0chain.net/miner01\",\"https://dev-7.devnet-0chain.net/miner03\"],\"sharders\":[\"https://dev-7.devnet-0chain.net/sharder02\",\"https://dev-7.devnet-0chain.net/sharder01\"]}\n","    utils.go:77: \u001b[31m0box-sdk        [DEBUG]  2023/06/02 19:08:06.392174 listworker.go:111: List result:{\"code\":\"invalid_parameters\",\"error\":\"invalid_parameters: Invalid path record not found\"}\n","    utils.go:77: \u001b[31m0box-sdk        [DEBUG]  2023/06/02 19:08:06.394636 listworker.go:111: List result:{\"code\":\"invalid_parameters\",\"error\":\"invalid_parameters: Invalid path record not found\"}\n","    utils.go:77: \u001b[31m0box-sdk        [DEBUG]  2023/06/02 19:08:06.394668 listworker.go:111: List result:{\"code\":\"invalid_parameters\",\"error\":\"invalid_parameters: Invalid path record not found\"}\n","    utils.go:77: \u001b[31m0box-sdk        [DEBUG]  2023/06/02 19:08:06.396860 listworker.go:111: List result:{\"code\":\"invalid_parameters\",\"error\":\"invalid_parameters: Invalid path record not found\"}\n","    utils.go:77: \u001b[31merror from server list response: {\"code\":\"invalid_parameters\",\"error\":\"invalid_parameters: Invalid path record not found\"}\n","    flaky___flaky_test.go:312: Test case [Rename and delete file concurrently, should work] exit at [06-02-2023 19:08:06]\n","--- PASS: Test___FlakyFileRename/Rename_and_delete_file_concurrently,_should_work (111.86s)",""],"Passed":true,"Skipped":false,"TestFileName":"","TestFunctionDetail":{"Line":0,"Col":0}}]},{"FailureIndicator":"","SkippedIndicator":"skipped","TestResults":[{"TestName":"Test___FlakyScenariosCommonUserFunctions","Package":"github.com/0chain/system_test/tests/cli_tests","ElapsedTime":0,"Output":["","    flaky___flaky_test.go:25: \n","--- SKIP: Test___FlakyScenariosCommonUserFunctions (0.00s)\n",""],"Passed":false,"Skipped":true,"TestFileName":"flaky___flaky_test.go","TestFunctionDetail":{"Line":22,"Col":1}}]},{"FailureIndicator":"failed","SkippedIndicator":"","TestResults":[{"TestName":"Test___FlakyTransferAllocation","Package":"github.com/0chain/system_test/tests/cli_tests","ElapsedTime":0,"Output":["",""],"Passed":false,"Skipped":false,"TestFileName":"flaky___flaky_test.go","TestFunctionDetail":{"Line":90,"Col":1}}]},{"FailureIndicator":"failed","SkippedIndicator":"","TestResults":[{"TestName":"Test___FlakyTransferAllocation/transfer_allocation_accounting_test","Package":"github.com/0chain/system_test/tests/cli_tests","ElapsedTime":36.58,"Output":["","    flaky___flaky_test.go:94: Test case [transfer allocation accounting test] scheduled at [06-02-2023 19:03:22] \n","","","    system_test_framework.go:149: Test case [transfer allocation accounting test] start at [06-02-2023 19:03:22] \n","    zwalletcli_register_wallet_test.go:123: creating wallet...\n","    zboxcli_update_allocation_test.go:1005: Executing faucet...\n","    zwalletcli_register_wallet_test.go:140: faucet output: [No wallet in path  config/Test___FlakyTransferAllocation-transfer_allocation_accounting_test_wallet.json found. Creating wallet... ZCN wallet created!! Execute faucet smart contract success with txn :  e002e634750e66790346a4aa491f1f5c133d25779ac8011a76789d14721e39eb]\n","    zboxcli_update_allocation_test.go:1005: Executing faucet...\n","    zboxcli_create_allocation_test.go:459: Creating new allocation...\n","    zboxcli_file_upload_test.go:917: Uploading file...\n","    zwalletcli_register_wallet_test.go:123: creating wallet...\n","    zboxcli_update_allocation_test.go:1005: Executing faucet...\n","    zwalletcli_register_wallet_test.go:140: faucet output: [No wallet in path  config/Test___FlakyTransferAllocation-transfer_allocation_accounting_test_NEW_OWNER_wallet.json found. Creating wallet... ZCN wallet created!! Execute faucet smart contract success with txn :  bdff015403a7647c4a437c33c63609a69471691305dd66d0a411b50b676c0a0b]\n","    zboxcli_update_allocation_test.go:1005: Executing faucet...\n","    zwalletcli_register_wallet_test.go:210: Getting wallet...\n","    zboxcli_common_user_functions_test.go:228: Get Allocation...\n","    zboxcli_transfer_allocation_test.go:428: Transferring allocation ownership...\n","    zboxcli_transfer_allocation_test.go:445: Polling for 5 minutes until allocation ownership changed...\n","    utils.go:138: Waiting 5s...\n","    zboxcli_create_dir_test.go:331: Listing all...\n","    utils.go:138: Waiting 5s...\n","    assertions.go:264: \n","        \tError Trace:\t/root/actions-runner7/_work/system_test/system_test/tests/cli_tests/flaky___flaky_test.go:145\n","        \t            \t\t\t\t/root/actions-runner7/_work/system_test/system_test/tests/cli_tests/system_test_framework.go:150\n","        \t            \t\t\t\t/root/actions-runner7/_work/system_test/system_test/tests/cli_tests/asm_amd64.s:1598\n","        \tError:      \tNot equal: \n","        \t            \texpected: 4.4\n","        \t            \tactual  : 1.98\n","        \tTest:       \tTest___FlakyTransferAllocation/transfer_allocation_accounting_test\n","    flaky___flaky_test.go:94: Test case [transfer allocation accounting test] exit at [06-02-2023 19:03:58]\n",""],"Passed":false,"Skipped":false,"TestFileName":"","TestFunctionDetail":{"Line":0,"Col":0}}]},{"FailureIndicator":"failed","SkippedIndicator":"","TestResults":[{"TestName":"Test___FlakyTransferAllocation/transfer_allocation_and_upload_file","Package":"github.com/0chain/system_test/tests/cli_tests","ElapsedTime":114.85,"Output":["","    flaky___flaky_test.go:176: Test case [transfer allocation and upload file] scheduled at [06-02-2023 19:03:22] \n","","","    system_test_framework.go:149: Test case [transfer allocation and upload file] start at [06-02-2023 19:03:22] \n","    zwalletcli_register_wallet_test.go:123: creating wallet...\n","    zboxcli_update_allocation_test.go:1005: Executing faucet...\n","    zwalletcli_register_wallet_test.go:140: faucet output: [No wallet in path  config/Test___FlakyTransferAllocation-transfer_allocation_and_upload_file_wallet.json found. Creating wallet... ZCN wallet created!! Execute faucet smart contract success with txn :  4b2a76e0515efd56500169f3e0b93ce94b3fe54498765708dbff6587750cf7ac]\n","    zboxcli_update_allocation_test.go:1005: Executing faucet...\n","    zboxcli_create_allocation_test.go:459: Creating new allocation...\n","    zboxcli_file_upload_test.go:917: Uploading file...\n","    zwalletcli_register_wallet_test.go:123: creating wallet...\n","    zboxcli_update_allocation_test.go:1005: Executing faucet...\n","    zwalletcli_register_wallet_test.go:140: faucet output: [No wallet in path  config/Test___FlakyTransferAllocation-transfer_allocation_and_upload_file_NEW_OWNER_wallet.json found. Creating wallet... ZCN wallet created!! Execute faucet smart contract success with txn :  0c8790d9b6ed63904397d2078228d0a258deb442fe6eb54026a720efc6d18875]\n","    zboxcli_update_allocation_test.go:1005: Executing faucet...\n","    zwalletcli_register_wallet_test.go:210: Getting wallet...\n","    zboxcli_transfer_allocation_test.go:428: Transferring allocation ownership...\n","    zboxcli_transfer_allocation_test.go:445: Polling for 5 minutes until allocation ownership changed...\n","    utils.go:138: Waiting 5s...\n","    zboxcli_create_dir_test.go:331: Listing all...\n","    zboxcli_wp_lock_unlock_test.go:348: Locking write tokens...\n","    zboxcli_file_upload_test.go:917: Uploading file...\n","    utils.go:67: \u001b[33mCommand failed on attempt [1/3] due to error [exit status 1]. Output: [0 / 256    0.00% 256 / 256  100.00% 0s -\u003cNEWLINE\u003e- Error in file operation: check_alloc_status_failed: signature verification failed for latest writemarker: write_marker_validation_failed: Write marker signature is not valid -\u003cNEWLINE\u003e- Upload failed. check_alloc_status_failed: signature verification failed for latest writemarker: write_marker_validation_failed: Write marker signature is not valid]\n","    utils.go:67: \u001b[33mCommand failed on attempt [2/3] due to error [exit status 1]. Output: [0 / 256    0.00% 256 / 256  100.00% 0s -\u003cNEWLINE\u003e- Error in file operation: check_alloc_status_failed: signature verification failed for latest writemarker: write_marker_validation_failed: Write marker signature is not valid -\u003cNEWLINE\u003e- Upload failed. check_alloc_status_failed: signature verification failed for latest writemarker: write_marker_validation_failed: Write marker signature is not valid]\n","    utils.go:70: \u001b[31mCommand failed on final attempt [3/3] due to error [exit status 1]. Command String: [./zbox upload --remotepath /new/child/7GTNuNOxqd_test.txt --localpath /tmp/7GTNuNOxqd_test.txt --allocation cfaff6ed4dfbc4d0f14c1709ba67c46f7cedd94c974990ec03abf33f68de670c --silent --wallet Test___FlakyTransferAllocation-transfer_allocation_and_upload_file_NEW_OWNER_wallet.json --configDir ./config --config ./zbox_config.yaml] Output: [0 / 256    0.00% 256 / 256  100.00% 0s -\u003cNEWLINE\u003e- Error in file operation: check_alloc_status_failed: signature verification failed for latest writemarker: write_marker_validation_failed: Write marker signature is not valid -\u003cNEWLINE\u003e- Upload failed. check_alloc_status_failed: signature verification failed for latest writemarker: write_marker_validation_failed: Write marker signature is not valid]\n","    utils.go:73: \u001b[31mThe verbose output for the command is:\n","    utils.go:77: \u001b[31m0chain-core-sdk [INFO]   2023/06/02 19:05:16.943400 wallet_base.go:310: ******* Wallet SDK Version:v1.8.16-38-g5ea0bf75 ******* (SetLogFile)\n","    utils.go:77: \u001b[31m0box-sdk        [INFO]   2023/06/02 19:05:16.943470 sdk.go:78: ******* Storage SDK Version: v1.8.16-38-g5ea0bf75 *******\n","    utils.go:77: \u001b[31m0chain-core-sdk [INFO]   2023/06/02 19:05:16.967998 transaction_base.go:139: ******* Wallet SDK Version:v1.8.16-38-g5ea0bf75 ******* (InitZCNSDK)\n","    utils.go:77: \u001b[31m0box-sdk        [DEBUG]  2023/06/02 19:05:16.978763 networkworker.go:105: Get network result:{\"miners\":[\"https://dev-7.devnet-0chain.net/miner02\",\"https://dev-7.devnet-0chain.net/miner01\",\"https://dev-7.devnet-0chain.net/miner03\"],\"sharders\":[\"https://dev-7.devnet-0chain.net/sharder02\",\"https://dev-7.devnet-0chain.net/sharder01\"]}\n","    utils.go:77: \u001b[31m0 / 256    0.00%0box-sdk        [INFO]   2023/06/02 19:05:17.010863 chunked_upload.go:517: Completed the upload. Submitting for commit\n","    utils.go:77: \u001b[31m0box-sdk        [INFO]   2023/06/02 19:05:17.013834 writemarker_mutex.go:305: https://dev-7.devnet-0chain.net/blobber03ZAtC3wxSVZgH6gcQFB2buh locked\n","    utils.go:77: \u001b[31m0box-sdk        [INFO]   2023/06/02 19:05:17.019797 writemarker_mutex.go:305: https://dev-7.devnet-0chain.net/blobber04ZAtC3wxSVZgH6gcQFB2buh locked\n","    utils.go:77: \u001b[31m0box-sdk        [INFO]   2023/06/02 19:05:17.019804 writemarker_mutex.go:305: https://dev-7.devnet-0chain.net/blobber06ZAtC3wxSVZgH6gcQFB2buh locked\n","    utils.go:77: \u001b[31m0box-sdk        [INFO]   2023/06/02 19:05:17.022636 writemarker_mutex.go:305: https://dev-7.devnet-0chain.net/blobber01ZAtC3wxSVZgH6gcQFB2buh locked\n","    utils.go:77: \u001b[31m0box-sdk        \u001b[31m[ERROR]  2023/06/02 19:05:17.027550 rollback.go:226: error during getWritemarker{error 26 0  signature verification failed for latest writemarker: write_marker_validation_failed: Write marker signature is not valid}\u001b[0m\n","    utils.go:77: \u001b[31m0box-sdk        \u001b[31m[ERROR]  2023/06/02 19:05:17.027622 rollback.go:226: error during getWritemarker{error 26 0  signature verification failed for latest writemarker: write_marker_validation_failed: Write marker signature is not valid}\u001b[0m\n","    utils.go:77: \u001b[31m0box-sdk        \u001b[31m[ERROR]  2023/06/02 19:05:17.027629 rollback.go:226: error during getWritemarker{error 26 0  signature verification failed for latest writemarker: write_marker_validation_failed: Write marker signature is not valid}\u001b[0m\n","    utils.go:77: \u001b[31m0box-sdk        \u001b[31m[ERROR]  2023/06/02 19:05:17.030555 rollback.go:226: error during getWritemarker{error 26 0  signature verification failed for latest writemarker: write_marker_validation_failed: Write marker signature is not valid}\u001b[0m\n","    utils.go:77: \u001b[31m0box-sdk        \u001b[31m[ERROR]  2023/06/02 19:05:17.030595 chunked_upload.go:542: Error checking allocation statuscheck_alloc_status_failed: signature verification failed for latest writemarker: write_marker_validation_failed: Write marker signature is not valid\u001b[0m\n","    utils.go:77: \u001b[31m256 / 256  100.00% 0s\n","    utils.go:77: \u001b[31mError in file operation: check_alloc_status_failed: signature verification failed for latest writemarker: write_marker_validation_failed: Write marker signature is not valid\n","    utils.go:77: \u001b[31m0box-sdk        [INFO]   2023/06/02 19:05:17.032889 writemarker_mutex.go:122: https://dev-7.devnet-0chain.net/blobber04ZAtC3wxSVZgH6gcQFB2buh unlocked\n","    utils.go:77: \u001b[31m0box-sdk        [INFO]   2023/06/02 19:05:17.033042 writemarker_mutex.go:122: https://dev-7.devnet-0chain.net/blobber06ZAtC3wxSVZgH6gcQFB2buh unlocked\n","    utils.go:77: \u001b[31m0box-sdk        [INFO]   2023/06/02 19:05:17.033906 writemarker_mutex.go:122: https://dev-7.devnet-0chain.net/blobber03ZAtC3wxSVZgH6gcQFB2buh unlocked\n","    utils.go:77: \u001b[31m0box-sdk        [INFO]   2023/06/02 19:05:17.033969 writemarker_mutex.go:122: https://dev-7.devnet-0chain.net/blobber01ZAtC3wxSVZgH6gcQFB2buh unlocked\n","    utils.go:77: \u001b[31mUpload failed. check_alloc_status_failed: signature verification failed for latest writemarker: write_marker_validation_failed: Write marker signature is not valid\n","    assertions.go:264: \n","        \tError Trace:\t/root/actions-runner7/_work/system_test/system_test/tests/cli_tests/flaky___flaky_test.go:235\n","        \t            \t\t\t\t/root/actions-runner7/_work/system_test/system_test/tests/cli_tests/system_test_framework.go:150\n","        \t            \t\t\t\t/root/actions-runner7/_work/system_test/system_test/tests/cli_tests/asm_amd64.s:1598\n","        \tError:      \tExpected nil, but got: \u0026exec.ExitError{ProcessState:(*os.ProcessState)(0xc0004a2a80), Stderr:[]uint8(nil)}\n","        \tTest:       \tTest___FlakyTransferAllocation/transfer_allocation_and_upload_file\n","        \tMessages:   \t0 / 256    0.00% 256 / 256  100.00% 0s\n","        \t            \tError in file operation: check_alloc_status_failed: signature verification failed for latest writemarker: write_marker_validation_failed: Write marker signature is not valid\n","        \t            \tUpload failed. check_alloc_status_failed: signature verification failed for latest writemarker: write_marker_validation_failed: Write marker signature is not valid\n","    flaky___flaky_test.go:176: Test case [transfer allocation and upload file] exit at [06-02-2023 19:05:17]\n",""],"Passed":false,"Skipped":false,"TestFileName":"","TestFunctionDetail":{"Line":0,"Col":0}}]}]

    const report = window.GoTestReport({
                                         data: data,
                                         testResultsElem: document.getElementById('testResults'),
                                         testGroupListElem: document.getElementById('testGroupList')
                                       });


</script>
</body>
</html>
