<!DOCTYPE html>
<html lang="en">
<head>
    <meta charset="UTF-8">
    <title>Subset of 0Chain System test suite [file-copy/fd9b2ef9] ran against [dev-2.devnet-0chain.net] at [2023-03-24_15.26.53]</title>
    <style type="text/css">
        body {
            font-family: sans-serif;
            background-color: #f3f3f3;
            border-top: 2px #dee6e8 solid;
            margin: 0;
        }

        div.pageHeader span.projectTitle {
            font-family: serif;
            font-size: 2em;
            padding-left: 56px;
            padding-top: 80px;
            display: block;
            color: #a5a5a5;
            text-shadow: 0 -1px 1px white;
        }

        div.pageHeader div.testStats {
            position: absolute;
            top: 7px;
            right: 52px;
            font-size: 0.8em;
            color: #a2a2a2;
        }

        div.pageHeader div.testStats span.indicator {
            font-size: 2em;
            position: relative;
            top: 5px;
            text-shadow: 0 1px 0 white;
        }

        div.pageHeader div.testStats span strong {
            margin-right: 16px;
        }

        div.pageHeader div.testStats span.total {
            border-right: 1px #afafaf dotted;
            background: #8298af;
        }

        div.pageHeader div.testStats span.passed {
            border-right: 1px #afafaf dotted;
            background: #6fca83;
        }

        div.pageHeader div.testStats span.skipped {
            background: #bababa;
        }

        div.pageHeader div.testStats span.failed {
            background: #ff7676;
        }

        div.pageHeader div.testStats span {
            margin-right: 1px;
            height: 55px;
            padding: 20px 8px 18px;
            color: white;
        }

        div.pageHeader .testGroupsTitle {
            margin: 16px 32px 8px 40px;
            font-size: 0.9em;
            color: darkgrey;
            display: inline-block;
        }

        div.pageHeader .testExecutionDate {
            display: inline-block;
            position: absolute;
            right: 10px;
            margin: 14px 32px 8px 40px;
            color: #9e9e9e;
            font-size: 0.9em;
        }

        .testReportContainer {
            padding: 0 32px 32px 32px;
        }

        .cardContainer {
            padding: 16px 16px 16px;
            box-shadow: 0 4px 4px #d4d4d4;
            background-color: white;
        }

        #testResults {
            display: flex;
            flex-wrap: wrap;
        }

        .testResultGroup {
            width: 24px;
            height: 24px;
            background-color: #43c143;
            margin-left: 1px;
            margin-bottom: 1px;
            box-sizing: border-box;
        }

        .testResultGroup.selected {
            border: 1px white solid;
            background-color: black !important;
        }

        .testResultGroup.skipped {
            border: 2px gray solid;
        }

        .testResultGroup.failed {
            background-color: red;
        }

        .cardContainer.testGroupList,
        .cardContainer.testDetail {
            margin-top: 16px;
            padding: 16px;
        }

        .cardContainer.testGroupList {
            color: #9c9c9c;
            padding: 0;
        }

        .cardContainer.testGroupList .testGroupRow {
            cursor: default;
            border-bottom: 1px #dadada dotted;
        }

        .cardContainer.testGroupList .testGroupRow span.testStatus {
            font-size: 1.2em;
            font-weight: bold;
            color: #139e13;
            pointer-events: none;
            display: inline-block;
            overflow: hidden;
            float: left;
            padding-top: 10px;
            padding-left: 20px;
            padding-right: 12px;
        }

        .cardContainer.testGroupList .testGroupRow span.testStatus.skipped {
            color: gray;
        }

        .cardContainer.testGroupList .testGroupRow span.testStatus.failed {
            color: red;
        }

        .cardContainer.testGroupList .testGroupRow span.testTitle {
            font-size: 0.9em;
            padding: 12px 0 10px;
            display: inline-block;
            pointer-events: none;
            color: #525252;
            text-overflow: ellipsis;
            overflow: hidden;
            width: calc(100% - 110px);
        }

        .cardContainer.testGroupList .testGroupRow span.testDuration {
            pointer-events: none;
        }

        .cardContainer.testGroupList .testGroupRow {
            position: relative;
            border-left: 4px #43c143 solid;
        }

        .cardContainer.testGroupList .testGroupRow.skipped {
            color: gray;
            border-left: 4px gray solid;
        }

        .cardContainer.testGroupList .testGroupRow.failed {
            color: red;
            border-left: 4px red solid;
        }

        .cardContainer.testGroupList .testGroupRow:hover {
            background-color: #fffaea;
            transition: 0.250s;
        }

        .cardContainer .testOutput {
            padding: 8px 16px 24px 16px;
        }

        .cardContainer .console {
            display: block;
            font-family: monospace;
            padding: 10px;
            background-color: #424242;
            color: #1aff00;
            border-bottom: 1px #1aff00 dotted;
            overflow: auto;
            font-size: 1.1em;
        }

        .cardContainer .testOutput .testDetail {
            border-bottom: 1px #d0d0d0 solid;
            padding: 16px;
            background-color: #e6e6e6;
            border-radius: 0 0 4px 4px;
            color: dimgrey;
            font-size: 0.8em;
        }

        .cardContainer .console.skipped{
            color: #d9d9d9;
        }

        .cardContainer .console.failed {
            color: #ffb2b2;
        }

        .cardContainer .testDuration {
            position: absolute;
            top: 5px;
            right: 8px;
            text-align: right;
            padding-right: 8px;
            box-sizing: border-box;
        }
    </style>
</head>
<body>
<div class="pageHeader">
    <span class="projectTitle">Subset of 0Chain System test suite [file-copy/fd9b2ef9] ran against [dev-2.devnet-0chain.net] at [2023-03-24_15.26.53]</span>
    <div class="testStats">
        <span class="total"><span class="indicator">&boxbox;</span> Total: <strong>14</strong>Duration: <strong>2ms</strong>
        </span><span class="passed"><span class="indicator">&check;</span> Passed: <strong>9</strong>
        </span><span class="skipped"><span class="indicator">&dash;</span> Skipped: <strong>0</strong>
        </span><span class="failed"><span class="indicator">&cross;</span> Failed: <strong>5</strong>
        </span>
    </div>
    <span class="testGroupsTitle">Test Groups:</span>
    <span class="testExecutionDate">March 24, 2023 15:29:37</span>
</div>
<div class="testReportContainer">
    <div class="cardContainer">
        <div id="testResults">
            
                <div class="testResultGroup failed " id="0"></div>
            
                <div class="testResultGroup  " id="1"></div>
            
                <div class="testResultGroup  " id="2"></div>
            
                <div class="testResultGroup  " id="3"></div>
            
                <div class="testResultGroup  " id="4"></div>
            
                <div class="testResultGroup failed " id="5"></div>
            
                <div class="testResultGroup  " id="6"></div>
            
                <div class="testResultGroup  " id="7"></div>
            
                <div class="testResultGroup  " id="8"></div>
            
                <div class="testResultGroup failed " id="9"></div>
            
                <div class="testResultGroup failed " id="10"></div>
            
                <div class="testResultGroup  " id="11"></div>
            
                <div class="testResultGroup failed " id="12"></div>
            
                <div class="testResultGroup  " id="13"></div>
            
        </div>
    </div>
    <div class="cardContainer testGroupList" id="testGroupList"></div>
</div>
<script type="application/javascript">
    /**
 * @typedef TestStatus
 * @property {string} TestName
 * @property {string} Package
 * @property {number} ElapsedTime
 * @property {Array.<string>} Output
 * @property {boolean} Passed
 * @property {boolean} Skipped
 */
class TestStatus {}

/**
 * @typedef TestGroupData
 * @type {object}
 * @property {string} FailureIndicator
 * @property {string} SkippedIndicator
 * @property {Array.<TestStatus>}
 */
class TestGroupData {}

/**
 * @typedef TestResults
 * @type {Array.<TestGroupData>}
 */
class TestResults extends Array {}

/**
 * @typedef SelectedItems
 * @property {HTMLElement|EventTarget} testResults
 * @property {String} selectedTestGroupColor
 */
class SelectedItems {}

/**
 * @typedef GoTestReportElements
 * @property {TestResults} data
 * @property {HTMLElement} testResultsElem
 * @property {HTMLElement} testGroupListElem
 */
class GoTestReportElements {}


/**
 * Main entry point for GoTestReport.
 * @param {GoTestReportElements} elements
 * @returns {{testResultsClickHandler: testResultsClickHandler}}
 * @constructor
 */
window.GoTestReport = function (elements) {
  const /**@type {SelectedItems}*/ selectedItems = {
    testResults: null,
    selectedTestGroupColor: null
  }

  function addEventData(event) {
    if (event.data == null) {
      event.data = {target: event.target}
    }
    return event
  }


  const goTestReport = {
    /**
     * Invoked when a user clicks on one of the test group div elements.
     * @param {HTMLElement} target The element associated with the test group.
     * @param {boolean} shiftKey If pressed, all of test detail associated to the test group is shown.
     * @param {TestResults} data
     * @param {SelectedItems} selectedItems
     * @param {function(target: Element, data: TestResults)} testGroupListHandler
     */
    testResultsClickHandler: function (target,
                                       shiftKey,
                                       data,
                                       selectedItems,
                                       testGroupListHandler) {

      if (target.classList.contains('testResultGroup') === false) {
        return
      }
      if (selectedItems.testResults != null) {
        let testResultsElement = /**@type {HTMLElement}*/ selectedItems.testResults
        testResultsElement.classList.remove("selected")
        testResultsElement.style.backgroundColor = selectedItems.selectedTestGroupColor
      }
      const testGroupId = /**@type {number}*/ target.id
      if ((target.id === undefined)
        || (data[testGroupId] === undefined)
        || (data[testGroupId]['TestResults'] === undefined)) {
        return
      }
      const testResults = /**@type {TestResults}*/ data[testGroupId]['TestResults']
      let testGroupList = /**@type {string}*/ ''
      selectedItems.selectedTestGroupColor = getComputedStyle(target).getPropertyValue('background-color')
      selectedItems.testResults = target
      target.classList.add("selected")
      for (let i = 0; i < testResults.length; i++) {
        const testResult = /**@type {TestGroupData}*/ testResults[i]
        const testPassed = /**@type {boolean}*/ testResult.Passed
        const testSkipped = /**@type {boolean}*/ testResult.Skipped
        const testPassedStatus = /**@type {string}*/ (testPassed) ? '' : (testSkipped ? 'skipped' : 'failed')
        const testId = /**@type {string}*/ target.attributes['id'].value
        testGroupList += `<div class="testGroupRow ${testPassedStatus}" data-groupid="${testId}" data-index="${i}">
        <span class="testStatus ${testPassedStatus}">${(testPassed) ? '&check' : (testSkipped ? '&dash' : '&cross')};</span>
        <span class="testTitle">${testResult.TestName}</span>
        <span class="testDuration"><span>${testResult.ElapsedTime}s </span>‚è±</span>
      </div>`
      }
      const testGroupListElem = elements.testGroupListElem
      testGroupListElem.innerHTML = ''
      testGroupListElem.innerHTML = testGroupList

      if (shiftKey) {
        testGroupListElem.querySelectorAll('.testGroupRow')
                         .forEach((elem) => testGroupListHandler(elem, data))
      } else if (testResults.length === 1) {
        testGroupListHandler(testGroupListElem.querySelector('.testGroupRow'), data)
      }
    },

    /**
     *
     * @param {Element} target
     * @param {TestResults} data
     */
    testGroupListHandler: function (target, data) {
      const attribs = target['attributes']
      if (attribs.hasOwnProperty('data-groupid')) {
        const groupId = /**@type {number}*/ attribs['data-groupid'].value
        const testIndex = /**@type {number}*/ attribs['data-index'].value
        const testStatus = /**@type {TestStatus}*/ data[groupId]['TestResults'][testIndex]
        const testOutputDiv = /**@type {HTMLDivElement}*/ target.querySelector('div.testOutput')

        if (testOutputDiv == null) {
          const testOutputDiv = document.createElement('div')
          testOutputDiv.classList.add('testOutput')
          const consolePre = document.createElement('pre')
          consolePre.classList.add('console')
          const testDetailDiv = document.createElement('div')
          testDetailDiv.classList.add('testDetail')
          const packageNameDiv = document.createElement('div')
          packageNameDiv.classList.add('package')
          packageNameDiv.innerHTML = `<strong>Package:</strong> ${testStatus.Package}`
          const testFileNameDiv = document.createElement('div')
          testFileNameDiv.classList.add('filename')
          if (testStatus.TestFileName.trim() === "") {
            testFileNameDiv.innerHTML = `<strong>Filename:</strong> n/a &nbsp;&nbsp;`
          } else {
            testFileNameDiv.innerHTML = `<strong>Filename:</strong> ${testStatus.TestFileName} &nbsp;&nbsp;`
            testFileNameDiv.innerHTML += `<strong>Line:</strong> ${testStatus.TestFunctionDetail.Line} `
            testFileNameDiv.innerHTML += `<strong>Col:</strong> ${testStatus.TestFunctionDetail.Col}`
          }
          testDetailDiv.insertAdjacentElement('beforeend', packageNameDiv)
          testDetailDiv.insertAdjacentElement('beforeend', testFileNameDiv)
          testOutputDiv.insertAdjacentElement('afterbegin', consolePre)
          testOutputDiv.insertAdjacentElement('beforeend', testDetailDiv)
          target.insertAdjacentElement('beforeend', testOutputDiv)

          if (testStatus.Passed) {
            consolePre.classList.remove('skipped')
            consolePre.classList.remove('failed')
          } else if (testStatus.Skipped) {
            consolePre.classList.add('skipped')
            consolePre.classList.remove('failed')
          } else {
            consolePre.classList.remove('skipped')
            consolePre.classList.add('failed')
          }
          consolePre.textContent = testStatus.Output.join('')
        } else {
          testOutputDiv.remove()
        }
      }
    }
  }

  //+------------------------+
  //|    setup DOM events    |
  //+------------------------+
  elements.testResultsElem
          .addEventListener('click', event =>
            goTestReport.testResultsClickHandler(/**@type {HTMLElement}*/ addEventData(event).data.target,
                                                 event.shiftKey,
                                                 elements.data,
                                                 selectedItems,
                                                 goTestReport.testGroupListHandler))

  elements.testGroupListElem
          .addEventListener('click', event =>
            goTestReport.testGroupListHandler(/**@type {Element}*/ event.target,
                                              elements.data))

  return goTestReport
}


    

    const data = [{"FailureIndicator":"failed","SkippedIndicator":"","TestResults":[{"TestName":"TestFileMove","Package":"github.com/0chain/system_test/tests/cli_tests","ElapsedTime":0,"Output":["","","","","","","","","","","","","","","","","","","","","","","","","","","","","","","","","","","",""],"Passed":false,"Skipped":false,"TestFileName":"zboxcli_file_move_test.go","TestFunctionDetail":{"Line":23,"Col":1}}]},{"FailureIndicator":"","SkippedIndicator":"","TestResults":[{"TestName":"TestFileMove/File_move_-_Users_should_not_be_charged_for_moving_a_file_","Package":"github.com/0chain/system_test/tests/cli_tests","ElapsedTime":21.87,"Output":["","    zboxcli_file_move_test.go:248: Test case [File move - Users should not be charged for moving a file ] scheduled at [03-24-2023 15:27:01] \n","","","","    system_test_framework.go:85: Test case [File move - Users should not be charged for moving a file ] start at [03-24-2023 15:27:01] \n","","    zwalletcli_register_wallet_test.go:107: Registering wallet...\n","","    zboxcli_update_allocation_test.go:942: Executing faucet...\n","","    zboxcli_create_allocation_test.go:394: Creating new allocation...\n","","    zboxcli_file_upload_test.go:760: Uploading file...\n","","    zboxcli_common_user_functions_test.go:215: Get Allocation...\n","","    zboxcli_file_move_test.go:709: Moving file...\n","","    zboxcli_upload_token_test.go:86: Getting upload cost...\n","","    zboxcli_common_user_functions_test.go:215: Get Allocation...\n","","    zboxcli_file_move_test.go:248: Test case [File move - Users should not be charged for moving a file ] exit at [03-24-2023 15:27:17]\n","--- PASS: TestFileMove/File_move_-_Users_should_not_be_charged_for_moving_a_file_ (21.87s)",""],"Passed":true,"Skipped":false,"TestFileName":"","TestFunctionDetail":{"Line":0,"Col":0}}]},{"FailureIndicator":"","SkippedIndicator":"","TestResults":[{"TestName":"TestFileMove/File_move_-_Users_should_not_be_charged_for_moving_a_file_#01","Package":"github.com/0chain/system_test/tests/cli_tests","ElapsedTime":21.87,"Output":["","    zboxcli_file_move_test.go:593: Test case [File move - Users should not be charged for moving a file ] scheduled at [03-24-2023 15:27:01] \n","","","","    system_test_framework.go:85: Test case [File move - Users should not be charged for moving a file ] start at [03-24-2023 15:27:01] \n","","    zwalletcli_register_wallet_test.go:107: Registering wallet...\n","","    zboxcli_update_allocation_test.go:942: Executing faucet...\n","","    zboxcli_create_allocation_test.go:394: Creating new allocation...\n","","    zboxcli_file_upload_test.go:760: Uploading file...\n","","    zboxcli_common_user_functions_test.go:215: Get Allocation...\n","","    zboxcli_file_move_test.go:709: Moving file...\n","","    zboxcli_upload_token_test.go:86: Getting upload cost...\n","","    zboxcli_common_user_functions_test.go:215: Get Allocation...\n","","    zboxcli_file_move_test.go:593: Test case [File move - Users should not be charged for moving a file ] exit at [03-24-2023 15:27:17]\n","--- PASS: TestFileMove/File_move_-_Users_should_not_be_charged_for_moving_a_file_#01 (21.87s)",""],"Passed":true,"Skipped":false,"TestFileName":"","TestFunctionDetail":{"Line":0,"Col":0}}]},{"FailureIndicator":"","SkippedIndicator":"","TestResults":[{"TestName":"TestFileMove/Move_file_concurrently_to_existing_directory,_should_work","Package":"github.com/0chain/system_test/tests/cli_tests","ElapsedTime":61.03,"Output":["","    zboxcli_file_move_test.go:97: Test case [Move file concurrently to existing directory, should work] scheduled at [03-24-2023 15:27:01] \n","","","","    system_test_framework.go:85: Test case [Move file concurrently to existing directory, should work] start at [03-24-2023 15:27:01] \n","","    zwalletcli_register_wallet_test.go:107: Registering wallet...\n","","    zboxcli_update_allocation_test.go:942: Executing faucet...\n","","    zboxcli_create_allocation_test.go:394: Creating new allocation...\n","","    zboxcli_file_upload_test.go:760: Uploading file...\n","    zboxcli_file_upload_test.go:760: Uploading file...\n","","    utils.go:67: \u001b[33mCommand failed on attempt [1/3] due to error [exit status 1]. Output: [0 / 256    0.00% 0 / 256    0.00% 0s -\u003cNEWLINE\u003e- Error in file operation: upload_failed: Upload failed. bad request: {\"code\":\"invalid_parameters\",\"error\":\"invalid_parameters: Invalid allocation id passed.verify_allocation: verifying allocation transaction error: duplicated key not allowed\"} -\u003cNEWLINE\u003e- Upload failed. upload_failed: Upload failed. bad request: {\"code\":\"invalid_parameters\",\"error\":\"invalid_parameters: Invalid allocation id passed.verify_allocation: verifying allocation transaction error: duplicated key not allowed\"}]\n","","    zboxcli_file_move_test.go:709: Moving file...\n","","    utils.go:63: \u001b[32mCommand passed on retry [2/3]. Output: [0 / 256    0.00% 256 / 256  100.00% 0s -\u003cNEWLINE\u003e- Status completed callback. Type = application/octet-stream. Name = nePJRDW7F5_test.txt]\n","    zboxcli_file_move_test.go:709: Moving file...\n","    utils.go:138: Waiting 5s...\n","    zboxcli_create_dir_test.go:330: Listing all...\n","    zboxcli_file_move_test.go:97: Test case [Move file concurrently to existing directory, should work] exit at [03-24-2023 15:28:02]\n","--- PASS: TestFileMove/Move_file_concurrently_to_existing_directory,_should_work (61.03s)",""],"Passed":true,"Skipped":false,"TestFileName":"","TestFunctionDetail":{"Line":0,"Col":0}}]},{"FailureIndicator":"","SkippedIndicator":"","TestResults":[{"TestName":"TestFileMove/move_file_from_someone_else's_allocation_should_fail","Package":"github.com/0chain/system_test/tests/cli_tests","ElapsedTime":66.83,"Output":["","    zboxcli_file_move_test.go:478: Test case [move file from someone else's allocation should fail] scheduled at [03-24-2023 15:27:01] \n","","","","    system_test_framework.go:85: Test case [move file from someone else's allocation should fail] start at [03-24-2023 15:27:01] \n","","    zwalletcli_register_wallet_test.go:107: Registering wallet...\n","","    zwalletcli_register_wallet_test.go:107: Registering wallet...\n","","    zboxcli_update_allocation_test.go:942: Executing faucet...\n","","    zboxcli_create_allocation_test.go:394: Creating new allocation...\n","","    zboxcli_file_upload_test.go:760: Uploading file...\n","","    zboxcli_file_move_test.go:709: Moving file...\n","","    utils.go:67: \u001b[33mCommand failed on attempt [1/3] due to error [exit status 1]. Output: [Error performing CopyObject consensus_not_met: Move failed. Required consensus 3, got 0]\n","","    utils.go:67: \u001b[33mCommand failed on attempt [2/3] due to error [exit status 1]. Output: [Error performing CopyObject consensus_not_met: Move failed. Required consensus 3, got 0]\n","","    utils.go:70: \u001b[31mCommand failed on final attempt [3/3] due to error [exit status 1]. Command String: [./zbox move --allocation 9012aa3ef634f539019101ccf29de84b3bb20eccf1cd4f9587034875d8e7c375 --remotepath /child/yzqIw09XKB_test.txt --destpath / --silent --wallet TestFileMove-move_file_from_someone_else's_allocation_should_fail_NON_OWNER_wallet.json --configDir ./config --config ./zbox_config.yaml] Output: [Error performing CopyObject consensus_not_met: Move failed. Required consensus 3, got 0]\n","    utils.go:73: \u001b[31mThe verbose output for the command is:\n","    utils.go:77: \u001b[31m0chain-core-sdk [INFO]   2023/03/24 15:28:02.557288 wallet_base.go:309: ******* Wallet SDK Version:v1.8.14-4-g9941e17f ******* (SetLogFile)\n","    utils.go:77: \u001b[31m0box-sdk        [INFO]   2023/03/24 15:28:02.557326 sdk.go:75: ******* Storage SDK Version: v1.8.14-4-g9941e17f *******\n","    utils.go:77: \u001b[31m0chain-core-sdk [INFO]   2023/03/24 15:28:02.650683 transaction_base.go:138: ******* Wallet SDK Version:v1.8.14-4-g9941e17f ******* (InitZCNSDK)\n","    utils.go:77: \u001b[31m0box-sdk        [DEBUG]  2023/03/24 15:28:02.731236 networkworker.go:105: Get network result:{\"miners\":[\"https://dev-2.devnet-0chain.net/miner01\",\"https://dev-2.devnet-0chain.net/miner03\",\"https://dev-2.devnet-0chain.net/miner02\"],\"sharders\":[\"https://dev-2.devnet-0chain.net/sharder01\",\"https://dev-2.devnet-0chain.net/sharder02\"]}\n","    utils.go:77: \u001b[31m0box-sdk        \u001b[31m[ERROR]  2023/03/24 15:28:02.819260 common.go:37: Object tree response : 400\u001b[0m\n","    utils.go:77: \u001b[31m0box-sdk        \u001b[31m[ERROR]  2023/03/24 15:28:02.819285 common.go:37: Object tree response : 400\u001b[0m\n","    utils.go:77: \u001b[31m0box-sdk        \u001b[31m[ERROR]  2023/03/24 15:28:02.819476 moveworker.go:162: 400: Object tree error response: Body: {\"error\":\"invalid_signature: Invalid signature\"}\u001b[0m\n","    utils.go:77: \u001b[31m0box-sdk        \u001b[31m[ERROR]  2023/03/24 15:28:02.819435 moveworker.go:162: 400: Object tree error response: Body: {\"error\":\"invalid_signature: Invalid signature\"}\u001b[0m\n","    utils.go:77: \u001b[31m0box-sdk        \u001b[31m[ERROR]  2023/03/24 15:28:02.846810 common.go:37: Object tree response : 400\u001b[0m\n","    utils.go:77: \u001b[31m0box-sdk        \u001b[31m[ERROR]  2023/03/24 15:28:02.846846 moveworker.go:162: 400: Object tree error response: Body: {\"error\":\"invalid_signature: Invalid signature\"}\u001b[0m\n","    utils.go:77: \u001b[31m0box-sdk        \u001b[31m[ERROR]  2023/03/24 15:28:02.847555 common.go:37: Object tree response : 400\u001b[0m\n","    utils.go:77: \u001b[31m0box-sdk        \u001b[31m[ERROR]  2023/03/24 15:28:02.847588 moveworker.go:162: 400: Object tree error response: Body: {\"error\":\"invalid_signature: Invalid signature\"}\u001b[0m\n","    utils.go:77: \u001b[31mError performing CopyObject consensus_not_met: Move failed. Required consensus 3, got 0\n","    utils.go:138: Waiting 5s...\n","    zboxcli_create_dir_test.go:330: Listing all...\n","    zboxcli_file_move_test.go:478: Test case [move file from someone else's allocation should fail] exit at [03-24-2023 15:28:08]\n","--- PASS: TestFileMove/move_file_from_someone_else's_allocation_should_fail (66.83s)",""],"Passed":true,"Skipped":false,"TestFileName":"","TestFunctionDetail":{"Line":0,"Col":0}}]},{"FailureIndicator":"failed","SkippedIndicator":"","TestResults":[{"TestName":"TestFileMove/move_file_to_another_directory_with_existing_file_with_same_name_should_fail","Package":"github.com/0chain/system_test/tests/cli_tests","ElapsedTime":15.6,"Output":["","    zboxcli_file_move_test.go:368: Test case [move file to another directory with existing file with same name should fail] scheduled at [03-24-2023 15:27:01] \n","","","    system_test_framework.go:85: Test case [move file to another directory with existing file with same name should fail] start at [03-24-2023 15:27:06] \n","    zwalletcli_register_wallet_test.go:107: Registering wallet...\n","","    zboxcli_update_allocation_test.go:942: Executing faucet...\n","","    zboxcli_create_allocation_test.go:394: Creating new allocation...\n","","    zboxcli_file_upload_test.go:760: Uploading file...\n","","    zboxcli_file_upload_test.go:760: Uploading file...\n","","    zboxcli_file_move_test.go:709: Moving file...\n","    assertions.go:264: \n","        \tError Trace:\t/root/actions-runner2/_work/system_test/system_test/tests/cli_tests/zboxcli_file_move_test.go:423\n","        \t            \t\t\t\t/root/actions-runner2/_work/system_test/system_test/tests/cli_tests/system_test_framework.go:86\n","        \t            \t\t\t\t/root/actions-runner2/_work/system_test/system_test/tests/cli_tests/asm_amd64.s:1571\n","        \tError:      \tExpected nil, but got: \u0026exec.ExitError{ProcessState:(*os.ProcessState)(0xc0003c02a0), Stderr:[]uint8(nil)}\n","        \tTest:       \tTestFileMove/move_file_to_another_directory_with_existing_file_with_same_name_should_fail\n","        \tMessages:   \tError performing CopyObject consensus_not_met: Move failed. Required consensus 3, got 0\n","    zboxcli_file_move_test.go:368: Test case [move file to another directory with existing file with same name should fail] exit at [03-24-2023 15:27:22]\n","","","    zboxcli_file_move_test.go:368: Test case [move file to another directory with existing file with same name should fail] scheduled at [03-24-2023 15:28:37] \n","","","    system_test_framework.go:85: Test case [move file to another directory with existing file with same name should fail] start at [03-24-2023 15:28:37] \n","    zwalletcli_register_wallet_test.go:107: Registering wallet...\n","    zboxcli_update_allocation_test.go:942: Executing faucet...\n","    zboxcli_create_allocation_test.go:394: Creating new allocation...\n","    zboxcli_file_upload_test.go:760: Uploading file...\n","    zboxcli_file_upload_test.go:760: Uploading file...\n","    zboxcli_file_move_test.go:709: Moving file...\n","    assertions.go:264: \n","        \tError Trace:\t/root/actions-runner2/_work/system_test/system_test/tests/cli_tests/zboxcli_file_move_test.go:423\n","        \t            \t\t\t\t/root/actions-runner2/_work/system_test/system_test/tests/cli_tests/system_test_framework.go:86\n","        \t            \t\t\t\t/root/actions-runner2/_work/system_test/system_test/tests/cli_tests/asm_amd64.s:1571\n","        \tError:      \tExpected nil, but got: \u0026exec.ExitError{ProcessState:(*os.ProcessState)(0xc000514138), Stderr:[]uint8(nil)}\n","        \tTest:       \tTestFileMove/move_file_to_another_directory_with_existing_file_with_same_name_should_fail\n","        \tMessages:   \tError performing CopyObject consensus_not_met: Move failed. Required consensus 3, got 0\n","    zboxcli_file_move_test.go:368: Test case [move file to another directory with existing file with same name should fail] exit at [03-24-2023 15:28:52]\n","","","    zboxcli_file_move_test.go:368: Test case [move file to another directory with existing file with same name should fail] scheduled at [03-24-2023 15:29:21] \n","","","    system_test_framework.go:85: Test case [move file to another directory with existing file with same name should fail] start at [03-24-2023 15:29:21] \n","    zwalletcli_register_wallet_test.go:107: Registering wallet...\n","    zboxcli_update_allocation_test.go:942: Executing faucet...\n","    zboxcli_create_allocation_test.go:394: Creating new allocation...\n","    zboxcli_file_upload_test.go:760: Uploading file...\n","    zboxcli_file_upload_test.go:760: Uploading file...\n","    zboxcli_file_move_test.go:709: Moving file...\n","    assertions.go:264: \n","        \tError Trace:\t/root/actions-runner2/_work/system_test/system_test/tests/cli_tests/zboxcli_file_move_test.go:423\n","        \t            \t\t\t\t/root/actions-runner2/_work/system_test/system_test/tests/cli_tests/system_test_framework.go:86\n","        \t            \t\t\t\t/root/actions-runner2/_work/system_test/system_test/tests/cli_tests/asm_amd64.s:1571\n","        \tError:      \tExpected nil, but got: \u0026exec.ExitError{ProcessState:(*os.ProcessState)(0xc000428378), Stderr:[]uint8(nil)}\n","        \tTest:       \tTestFileMove/move_file_to_another_directory_with_existing_file_with_same_name_should_fail\n","        \tMessages:   \tError performing CopyObject consensus_not_met: Move failed. Required consensus 3, got 0\n","    zboxcli_file_move_test.go:368: Test case [move file to another directory with existing file with same name should fail] exit at [03-24-2023 15:29:37]\n",""],"Passed":false,"Skipped":false,"TestFileName":"","TestFunctionDetail":{"Line":0,"Col":0}}]},{"FailureIndicator":"","SkippedIndicator":"","TestResults":[{"TestName":"TestFileMove/move_file_to_existing_directory","Package":"github.com/0chain/system_test/tests/cli_tests","ElapsedTime":20.67,"Output":["","    zboxcli_file_move_test.go:28: Test case [move file to existing directory] scheduled at [03-24-2023 15:27:01] \n","","","","    system_test_framework.go:85: Test case [move file to existing directory] start at [03-24-2023 15:27:01] \n","","    zwalletcli_register_wallet_test.go:107: Registering wallet...\n","","    zboxcli_update_allocation_test.go:942: Executing faucet...\n","","    zboxcli_create_allocation_test.go:394: Creating new allocation...\n","","    zboxcli_file_upload_test.go:760: Uploading file...\n","","    zboxcli_file_move_test.go:709: Moving file...\n","","    utils.go:138: Waiting 5s...\n","","    zboxcli_create_dir_test.go:330: Listing all...\n","","    zboxcli_file_move_test.go:28: Test case [move file to existing directory] exit at [03-24-2023 15:27:22]\n","--- PASS: TestFileMove/move_file_to_existing_directory (20.67s)",""],"Passed":true,"Skipped":false,"TestFileName":"","TestFunctionDetail":{"Line":0,"Col":0}}]},{"FailureIndicator":"","SkippedIndicator":"","TestResults":[{"TestName":"TestFileMove/move_file_to_non-existing_directory_should_work","Package":"github.com/0chain/system_test/tests/cli_tests","ElapsedTime":20.74,"Output":["","    zboxcli_file_move_test.go:180: Test case [move file to non-existing directory should work] scheduled at [03-24-2023 15:27:01] \n","","","","    system_test_framework.go:85: Test case [move file to non-existing directory should work] start at [03-24-2023 15:27:01] \n","","    zwalletcli_register_wallet_test.go:107: Registering wallet...\n","","    zboxcli_update_allocation_test.go:942: Executing faucet...\n","","    zboxcli_create_allocation_test.go:394: Creating new allocation...\n","","    zboxcli_file_upload_test.go:760: Uploading file...\n","","    zboxcli_file_move_test.go:709: Moving file...\n","","    utils.go:138: Waiting 5s...\n","","    zboxcli_create_dir_test.go:330: Listing all...\n","","    zboxcli_file_move_test.go:180: Test case [move file to non-existing directory should work] exit at [03-24-2023 15:27:22]\n","--- PASS: TestFileMove/move_file_to_non-existing_directory_should_work (20.74s)",""],"Passed":true,"Skipped":false,"TestFileName":"","TestFunctionDetail":{"Line":0,"Col":0}}]},{"FailureIndicator":"","SkippedIndicator":"","TestResults":[{"TestName":"TestFileMove/move_file_to_same_directory_(no_change)_should_fail","Package":"github.com/0chain/system_test/tests/cli_tests","ElapsedTime":20.52,"Output":["","    zboxcli_file_move_test.go:305: Test case [move file to same directory (no change) should fail] scheduled at [03-24-2023 15:27:01] \n","","","","    system_test_framework.go:85: Test case [move file to same directory (no change) should fail] start at [03-24-2023 15:27:01] \n","","    zwalletcli_register_wallet_test.go:107: Registering wallet...\n","","    zboxcli_update_allocation_test.go:942: Executing faucet...\n","","    zboxcli_create_allocation_test.go:394: Creating new allocation...\n","","    zboxcli_file_upload_test.go:760: Uploading file...\n","","    zboxcli_file_move_test.go:709: Moving file...\n","","    utils.go:138: Waiting 5s...\n","","    zboxcli_create_dir_test.go:330: Listing all...\n","","    zboxcli_file_move_test.go:305: Test case [move file to same directory (no change) should fail] exit at [03-24-2023 15:27:21]\n","--- PASS: TestFileMove/move_file_to_same_directory_(no_change)_should_fail (20.52s)",""],"Passed":true,"Skipped":false,"TestFileName":"","TestFunctionDetail":{"Line":0,"Col":0}}]},{"FailureIndicator":"failed","SkippedIndicator":"","TestResults":[{"TestName":"TestFileMove/move_file_with_allocation_move_file_option_forbidden_should_fail","Package":"github.com/0chain/system_test/tests/cli_tests","ElapsedTime":15.01,"Output":["","    zboxcli_file_move_test.go:651: Test case [move file with allocation move file option forbidden should fail] scheduled at [03-24-2023 15:27:01] \n","","","","    system_test_framework.go:85: Test case [move file with allocation move file option forbidden should fail] start at [03-24-2023 15:27:01] \n","","    zwalletcli_register_wallet_test.go:107: Registering wallet...\n","","    zboxcli_update_allocation_test.go:942: Executing faucet...\n","","    zboxcli_create_allocation_test.go:394: Creating new allocation...\n","","    zboxcli_file_upload_test.go:760: Uploading file...\n","","    zboxcli_file_move_test.go:709: Moving file...\n","","    assertions.go:264: \n","        \tError Trace:\t/root/actions-runner2/_work/system_test/system_test/tests/cli_tests/zboxcli_file_move_test.go:685\n","        \t            \t\t\t\t/root/actions-runner2/_work/system_test/system_test/tests/cli_tests/system_test_framework.go:86\n","        \t            \t\t\t\t/root/actions-runner2/_work/system_test/system_test/tests/cli_tests/asm_amd64.s:1571\n","        \tError:      \tExpected nil, but got: \u0026exec.ExitError{ProcessState:(*os.ProcessState)(0xc0007923c0), Stderr:[]uint8(nil)}\n","        \tTest:       \tTestFileMove/move_file_with_allocation_move_file_option_forbidden_should_fail\n","        \tMessages:   \tError performing CopyObject this options for this file is not permitted for this allocation\n","    zboxcli_file_move_test.go:651: Test case [move file with allocation move file option forbidden should fail] exit at [03-24-2023 15:27:16]\n","","","    zboxcli_file_move_test.go:651: Test case [move file with allocation move file option forbidden should fail] scheduled at [03-24-2023 15:28:21] \n","","","    system_test_framework.go:85: Test case [move file with allocation move file option forbidden should fail] start at [03-24-2023 15:28:21] \n","    zwalletcli_register_wallet_test.go:107: Registering wallet...\n","    zboxcli_update_allocation_test.go:942: Executing faucet...\n","    zboxcli_create_allocation_test.go:394: Creating new allocation...\n","    zboxcli_file_upload_test.go:760: Uploading file...\n","    zboxcli_file_move_test.go:709: Moving file...\n","    assertions.go:264: \n","        \tError Trace:\t/root/actions-runner2/_work/system_test/system_test/tests/cli_tests/zboxcli_file_move_test.go:685\n","        \t            \t\t\t\t/root/actions-runner2/_work/system_test/system_test/tests/cli_tests/system_test_framework.go:86\n","        \t            \t\t\t\t/root/actions-runner2/_work/system_test/system_test/tests/cli_tests/asm_amd64.s:1571\n","        \tError:      \tExpected nil, but got: \u0026exec.ExitError{ProcessState:(*os.ProcessState)(0xc00000e3c0), Stderr:[]uint8(nil)}\n","        \tTest:       \tTestFileMove/move_file_with_allocation_move_file_option_forbidden_should_fail\n","        \tMessages:   \tError performing CopyObject this options for this file is not permitted for this allocation\n","    zboxcli_file_move_test.go:651: Test case [move file with allocation move file option forbidden should fail] exit at [03-24-2023 15:28:36]\n","","","    zboxcli_file_move_test.go:651: Test case [move file with allocation move file option forbidden should fail] scheduled at [03-24-2023 15:29:06] \n","","","    system_test_framework.go:85: Test case [move file with allocation move file option forbidden should fail] start at [03-24-2023 15:29:06] \n","    zwalletcli_register_wallet_test.go:107: Registering wallet...\n","    zboxcli_update_allocation_test.go:942: Executing faucet...\n","    zboxcli_create_allocation_test.go:394: Creating new allocation...\n","    zboxcli_file_upload_test.go:760: Uploading file...\n","    zboxcli_file_move_test.go:709: Moving file...\n","    assertions.go:264: \n","        \tError Trace:\t/root/actions-runner2/_work/system_test/system_test/tests/cli_tests/zboxcli_file_move_test.go:685\n","        \t            \t\t\t\t/root/actions-runner2/_work/system_test/system_test/tests/cli_tests/system_test_framework.go:86\n","        \t            \t\t\t\t/root/actions-runner2/_work/system_test/system_test/tests/cli_tests/asm_amd64.s:1571\n","        \tError:      \tExpected nil, but got: \u0026exec.ExitError{ProcessState:(*os.ProcessState)(0xc000522120), Stderr:[]uint8(nil)}\n","        \tTest:       \tTestFileMove/move_file_with_allocation_move_file_option_forbidden_should_fail\n","        \tMessages:   \tError performing CopyObject this options for this file is not permitted for this allocation\n","    zboxcli_file_move_test.go:651: Test case [move file with allocation move file option forbidden should fail] exit at [03-24-2023 15:29:21]\n",""],"Passed":false,"Skipped":false,"TestFileName":"","TestFunctionDetail":{"Line":0,"Col":0}}]},{"FailureIndicator":"failed","SkippedIndicator":"","TestResults":[{"TestName":"TestFileMove/move_file_with_no_allocation_param_should_fail","Package":"github.com/0chain/system_test/tests/cli_tests","ElapsedTime":5.59,"Output":["","    zboxcli_file_move_test.go:551: Test case [move file with no allocation param should fail] scheduled at [03-24-2023 15:27:01] \n","","","    system_test_framework.go:85: Test case [move file with no allocation param should fail] start at [03-24-2023 15:27:01] \n","","    zwalletcli_register_wallet_test.go:107: Registering wallet...\n","","    zboxcli_file_move_test.go:709: Moving file...\n","","    assertions.go:264: \n","        \tError Trace:\t/root/actions-runner2/_work/system_test/system_test/tests/cli_tests/zboxcli_file_move_test.go:560\n","        \t            \t\t\t\t/root/actions-runner2/_work/system_test/system_test/tests/cli_tests/system_test_framework.go:86\n","        \t            \t\t\t\t/root/actions-runner2/_work/system_test/system_test/tests/cli_tests/asm_amd64.s:1571\n","        \tError:      \tExpected nil, but got: \u0026exec.ExitError{ProcessState:(*os.ProcessState)(0xc000432150), Stderr:[]uint8(nil)}\n","        \tTest:       \tTestFileMove/move_file_with_no_allocation_param_should_fail\n","        \tMessages:   \tError: allocation flag is missing\n","    zboxcli_file_move_test.go:551: Test case [move file with no allocation param should fail] exit at [03-24-2023 15:27:07]\n","","","    zboxcli_file_move_test.go:551: Test case [move file with no allocation param should fail] scheduled at [03-24-2023 15:28:08] \n","","","    system_test_framework.go:85: Test case [move file with no allocation param should fail] start at [03-24-2023 15:28:08] \n","    zwalletcli_register_wallet_test.go:107: Registering wallet...\n","    zboxcli_file_move_test.go:709: Moving file...\n","    assertions.go:264: \n","        \tError Trace:\t/root/actions-runner2/_work/system_test/system_test/tests/cli_tests/zboxcli_file_move_test.go:560\n","        \t            \t\t\t\t/root/actions-runner2/_work/system_test/system_test/tests/cli_tests/system_test_framework.go:86\n","        \t            \t\t\t\t/root/actions-runner2/_work/system_test/system_test/tests/cli_tests/asm_amd64.s:1571\n","        \tError:      \tExpected nil, but got: \u0026exec.ExitError{ProcessState:(*os.ProcessState)(0xc000372258), Stderr:[]uint8(nil)}\n","        \tTest:       \tTestFileMove/move_file_with_no_allocation_param_should_fail\n","        \tMessages:   \tError: allocation flag is missing\n","    zboxcli_file_move_test.go:551: Test case [move file with no allocation param should fail] exit at [03-24-2023 15:28:14]\n","","","    zboxcli_file_move_test.go:551: Test case [move file with no allocation param should fail] scheduled at [03-24-2023 15:28:53] \n","","","    system_test_framework.go:85: Test case [move file with no allocation param should fail] start at [03-24-2023 15:28:53] \n","    zwalletcli_register_wallet_test.go:107: Registering wallet...\n","    zboxcli_file_move_test.go:709: Moving file...\n","    assertions.go:264: \n","        \tError Trace:\t/root/actions-runner2/_work/system_test/system_test/tests/cli_tests/zboxcli_file_move_test.go:560\n","        \t            \t\t\t\t/root/actions-runner2/_work/system_test/system_test/tests/cli_tests/system_test_framework.go:86\n","        \t            \t\t\t\t/root/actions-runner2/_work/system_test/system_test/tests/cli_tests/asm_amd64.s:1571\n","        \tError:      \tExpected nil, but got: \u0026exec.ExitError{ProcessState:(*os.ProcessState)(0xc0004401b0), Stderr:[]uint8(nil)}\n","        \tTest:       \tTestFileMove/move_file_with_no_allocation_param_should_fail\n","        \tMessages:   \tError: allocation flag is missing\n","    zboxcli_file_move_test.go:551: Test case [move file with no allocation param should fail] exit at [03-24-2023 15:28:59]\n",""],"Passed":false,"Skipped":false,"TestFileName":"","TestFunctionDetail":{"Line":0,"Col":0}}]},{"FailureIndicator":"","SkippedIndicator":"","TestResults":[{"TestName":"TestFileMove/move_file_with_no_destpath_param_should_fail","Package":"github.com/0chain/system_test/tests/cli_tests","ElapsedTime":5.61,"Output":["","    zboxcli_file_move_test.go:579: Test case [move file with no destpath param should fail] scheduled at [03-24-2023 15:27:01] \n","","","","    system_test_framework.go:85: Test case [move file with no destpath param should fail] start at [03-24-2023 15:27:01] \n","    zwalletcli_register_wallet_test.go:107: Registering wallet...\n","","    zboxcli_file_move_test.go:709: Moving file...\n","","    zboxcli_file_move_test.go:579: Test case [move file with no destpath param should fail] exit at [03-24-2023 15:27:06]\n","--- PASS: TestFileMove/move_file_with_no_destpath_param_should_fail (5.61s)",""],"Passed":true,"Skipped":false,"TestFileName":"","TestFunctionDetail":{"Line":0,"Col":0}}]},{"FailureIndicator":"failed","SkippedIndicator":"","TestResults":[{"TestName":"TestFileMove/move_file_with_no_remotepath_param_should_fail","Package":"github.com/0chain/system_test/tests/cli_tests","ElapsedTime":5.59,"Output":["","    zboxcli_file_move_test.go:565: Test case [move file with no remotepath param should fail] scheduled at [03-24-2023 15:27:01] \n","","","","    system_test_framework.go:85: Test case [move file with no remotepath param should fail] start at [03-24-2023 15:27:01] \n","","    zwalletcli_register_wallet_test.go:107: Registering wallet...\n","","    zboxcli_file_move_test.go:709: Moving file...\n","","    assertions.go:264: \n","        \tError Trace:\t/root/actions-runner2/_work/system_test/system_test/tests/cli_tests/zboxcli_file_move_test.go:574\n","        \t            \t\t\t\t/root/actions-runner2/_work/system_test/system_test/tests/cli_tests/system_test_framework.go:86\n","        \t            \t\t\t\t/root/actions-runner2/_work/system_test/system_test/tests/cli_tests/asm_amd64.s:1571\n","        \tError:      \tExpected nil, but got: \u0026exec.ExitError{ProcessState:(*os.ProcessState)(0xc0004321e0), Stderr:[]uint8(nil)}\n","        \tTest:       \tTestFileMove/move_file_with_no_remotepath_param_should_fail\n","        \tMessages:   \tError: remotepath flag is missing\n","    zboxcli_file_move_test.go:565: Test case [move file with no remotepath param should fail] exit at [03-24-2023 15:27:07]\n","","","    zboxcli_file_move_test.go:565: Test case [move file with no remotepath param should fail] scheduled at [03-24-2023 15:28:15] \n","","","    system_test_framework.go:85: Test case [move file with no remotepath param should fail] start at [03-24-2023 15:28:15] \n","    zwalletcli_register_wallet_test.go:107: Registering wallet...\n","    zboxcli_file_move_test.go:709: Moving file...\n","    assertions.go:264: \n","        \tError Trace:\t/root/actions-runner2/_work/system_test/system_test/tests/cli_tests/zboxcli_file_move_test.go:574\n","        \t            \t\t\t\t/root/actions-runner2/_work/system_test/system_test/tests/cli_tests/system_test_framework.go:86\n","        \t            \t\t\t\t/root/actions-runner2/_work/system_test/system_test/tests/cli_tests/asm_amd64.s:1571\n","        \tError:      \tExpected nil, but got: \u0026exec.ExitError{ProcessState:(*os.ProcessState)(0xc0007884f8), Stderr:[]uint8(nil)}\n","        \tTest:       \tTestFileMove/move_file_with_no_remotepath_param_should_fail\n","        \tMessages:   \tError: remotepath flag is missing\n","    zboxcli_file_move_test.go:565: Test case [move file with no remotepath param should fail] exit at [03-24-2023 15:28:20]\n","","","    zboxcli_file_move_test.go:565: Test case [move file with no remotepath param should fail] scheduled at [03-24-2023 15:28:59] \n","","","    system_test_framework.go:85: Test case [move file with no remotepath param should fail] start at [03-24-2023 15:28:59] \n","    zwalletcli_register_wallet_test.go:107: Registering wallet...\n","    zboxcli_file_move_test.go:709: Moving file...\n","    assertions.go:264: \n","        \tError Trace:\t/root/actions-runner2/_work/system_test/system_test/tests/cli_tests/zboxcli_file_move_test.go:574\n","        \t            \t\t\t\t/root/actions-runner2/_work/system_test/system_test/tests/cli_tests/system_test_framework.go:86\n","        \t            \t\t\t\t/root/actions-runner2/_work/system_test/system_test/tests/cli_tests/asm_amd64.s:1571\n","        \tError:      \tExpected nil, but got: \u0026exec.ExitError{ProcessState:(*os.ProcessState)(0xc000440ab0), Stderr:[]uint8(nil)}\n","        \tTest:       \tTestFileMove/move_file_with_no_remotepath_param_should_fail\n","        \tMessages:   \tError: remotepath flag is missing\n","    zboxcli_file_move_test.go:565: Test case [move file with no remotepath param should fail] exit at [03-24-2023 15:29:05]\n",""],"Passed":false,"Skipped":false,"TestFileName":"","TestFunctionDetail":{"Line":0,"Col":0}}]},{"FailureIndicator":"","SkippedIndicator":"","TestResults":[{"TestName":"TestFileMove/move_non-existing_file_should_fail","Package":"github.com/0chain/system_test/tests/cli_tests","ElapsedTime":14.59,"Output":["","    zboxcli_file_move_test.go:460: Test case [move non-existing file should fail] scheduled at [03-24-2023 15:27:01] \n","","","","    system_test_framework.go:85: Test case [move non-existing file should fail] start at [03-24-2023 15:27:01] \n","    zwalletcli_register_wallet_test.go:107: Registering wallet...\n","","    zboxcli_update_allocation_test.go:942: Executing faucet...\n","","    zboxcli_create_allocation_test.go:394: Creating new allocation...\n","","    zboxcli_file_move_test.go:709: Moving file...\n","","    zboxcli_file_move_test.go:460: Test case [move non-existing file should fail] exit at [03-24-2023 15:27:15]\n","--- PASS: TestFileMove/move_non-existing_file_should_fail (14.59s)",""],"Passed":true,"Skipped":false,"TestFileName":"","TestFunctionDetail":{"Line":0,"Col":0}}]}]

    const report = window.GoTestReport({
                                         data: data,
                                         testResultsElem: document.getElementById('testResults'),
                                         testGroupListElem: document.getElementById('testGroupList')
                                       });


</script>
</body>
</html>
