<!DOCTYPE html>
<html lang="en">
<head>
    <meta charset="UTF-8">
    <title>Subset of 0Chain System test suite [two-commit-testing/8cc23c69] ran against [test2.zus.network] at [2023-04-26_14.50.30]</title>
    <style type="text/css">
        body {
            font-family: sans-serif;
            background-color: #f3f3f3;
            border-top: 2px #dee6e8 solid;
            margin: 0;
        }

        div.pageHeader span.projectTitle {
            font-family: serif;
            font-size: 2em;
            padding-left: 56px;
            padding-top: 80px;
            display: block;
            color: #a5a5a5;
            text-shadow: 0 -1px 1px white;
        }

        div.pageHeader div.testStats {
            position: absolute;
            top: 7px;
            right: 52px;
            font-size: 0.8em;
            color: #a2a2a2;
        }

        div.pageHeader div.testStats span.indicator {
            font-size: 2em;
            position: relative;
            top: 5px;
            text-shadow: 0 1px 0 white;
        }

        div.pageHeader div.testStats span strong {
            margin-right: 16px;
        }

        div.pageHeader div.testStats span.total {
            border-right: 1px #afafaf dotted;
            background: #8298af;
        }

        div.pageHeader div.testStats span.passed {
            border-right: 1px #afafaf dotted;
            background: #6fca83;
        }

        div.pageHeader div.testStats span.skipped {
            background: #bababa;
        }

        div.pageHeader div.testStats span.failed {
            background: #ff7676;
        }

        div.pageHeader div.testStats span {
            margin-right: 1px;
            height: 55px;
            padding: 20px 8px 18px;
            color: white;
        }

        div.pageHeader .testGroupsTitle {
            margin: 16px 32px 8px 40px;
            font-size: 0.9em;
            color: darkgrey;
            display: inline-block;
        }

        div.pageHeader .testExecutionDate {
            display: inline-block;
            position: absolute;
            right: 10px;
            margin: 14px 32px 8px 40px;
            color: #9e9e9e;
            font-size: 0.9em;
        }

        .testReportContainer {
            padding: 0 32px 32px 32px;
        }

        .cardContainer {
            padding: 16px 16px 16px;
            box-shadow: 0 4px 4px #d4d4d4;
            background-color: white;
        }

        #testResults {
            display: flex;
            flex-wrap: wrap;
        }

        .testResultGroup {
            width: 24px;
            height: 24px;
            background-color: #43c143;
            margin-left: 1px;
            margin-bottom: 1px;
            box-sizing: border-box;
        }

        .testResultGroup.selected {
            border: 1px white solid;
            background-color: black !important;
        }

        .testResultGroup.skipped {
            border: 2px gray solid;
        }

        .testResultGroup.failed {
            background-color: red;
        }

        .cardContainer.testGroupList,
        .cardContainer.testDetail {
            margin-top: 16px;
            padding: 16px;
        }

        .cardContainer.testGroupList {
            color: #9c9c9c;
            padding: 0;
        }

        .cardContainer.testGroupList .testGroupRow {
            cursor: default;
            border-bottom: 1px #dadada dotted;
        }

        .cardContainer.testGroupList .testGroupRow span.testStatus {
            font-size: 1.2em;
            font-weight: bold;
            color: #139e13;
            pointer-events: none;
            display: inline-block;
            overflow: hidden;
            float: left;
            padding-top: 10px;
            padding-left: 20px;
            padding-right: 12px;
        }

        .cardContainer.testGroupList .testGroupRow span.testStatus.skipped {
            color: gray;
        }

        .cardContainer.testGroupList .testGroupRow span.testStatus.failed {
            color: red;
        }

        .cardContainer.testGroupList .testGroupRow span.testTitle {
            font-size: 0.9em;
            padding: 12px 0 10px;
            display: inline-block;
            pointer-events: none;
            color: #525252;
            text-overflow: ellipsis;
            overflow: hidden;
            width: calc(100% - 110px);
        }

        .cardContainer.testGroupList .testGroupRow span.testDuration {
            pointer-events: none;
        }

        .cardContainer.testGroupList .testGroupRow {
            position: relative;
            border-left: 4px #43c143 solid;
        }

        .cardContainer.testGroupList .testGroupRow.skipped {
            color: gray;
            border-left: 4px gray solid;
        }

        .cardContainer.testGroupList .testGroupRow.failed {
            color: red;
            border-left: 4px red solid;
        }

        .cardContainer.testGroupList .testGroupRow:hover {
            background-color: #fffaea;
            transition: 0.250s;
        }

        .cardContainer .testOutput {
            padding: 8px 16px 24px 16px;
        }

        .cardContainer .console {
            display: block;
            font-family: monospace;
            padding: 10px;
            background-color: #424242;
            color: #1aff00;
            border-bottom: 1px #1aff00 dotted;
            overflow: auto;
            font-size: 1.1em;
        }

        .cardContainer .testOutput .testDetail {
            border-bottom: 1px #d0d0d0 solid;
            padding: 16px;
            background-color: #e6e6e6;
            border-radius: 0 0 4px 4px;
            color: dimgrey;
            font-size: 0.8em;
        }

        .cardContainer .console.skipped{
            color: #d9d9d9;
        }

        .cardContainer .console.failed {
            color: #ffb2b2;
        }

        .cardContainer .testDuration {
            position: absolute;
            top: 5px;
            right: 8px;
            text-align: right;
            padding-right: 8px;
            box-sizing: border-box;
        }
    </style>
</head>
<body>
<div class="pageHeader">
    <span class="projectTitle">Subset of 0Chain System test suite [two-commit-testing/8cc23c69] ran against [test2.zus.network] at [2023-04-26_14.50.30]</span>
    <div class="testStats">
        <span class="total"><span class="indicator">&boxbox;</span> Total: <strong>55</strong>Duration: <strong>9ms</strong>
        </span><span class="passed"><span class="indicator">&check;</span> Passed: <strong>5</strong>
        </span><span class="skipped"><span class="indicator">&dash;</span> Skipped: <strong>3</strong>
        </span><span class="failed"><span class="indicator">&cross;</span> Failed: <strong>47</strong>
        </span>
    </div>
    <span class="testGroupsTitle">Test Groups:</span>
    <span class="testExecutionDate">April 26, 2023 14:53:38</span>
</div>
<div class="testReportContainer">
    <div class="cardContainer">
        <div id="testResults">
            
                <div class="testResultGroup failed " id="0"></div>
            
                <div class="testResultGroup  skipped" id="1"></div>
            
                <div class="testResultGroup  skipped" id="2"></div>
            
                <div class="testResultGroup  skipped" id="3"></div>
            
                <div class="testResultGroup failed " id="4"></div>
            
                <div class="testResultGroup failed " id="5"></div>
            
                <div class="testResultGroup failed " id="6"></div>
            
                <div class="testResultGroup failed " id="7"></div>
            
                <div class="testResultGroup failed " id="8"></div>
            
                <div class="testResultGroup failed " id="9"></div>
            
                <div class="testResultGroup failed " id="10"></div>
            
                <div class="testResultGroup failed " id="11"></div>
            
                <div class="testResultGroup failed " id="12"></div>
            
                <div class="testResultGroup failed " id="13"></div>
            
                <div class="testResultGroup failed " id="14"></div>
            
                <div class="testResultGroup failed " id="15"></div>
            
                <div class="testResultGroup failed " id="16"></div>
            
                <div class="testResultGroup failed " id="17"></div>
            
                <div class="testResultGroup failed " id="18"></div>
            
                <div class="testResultGroup failed " id="19"></div>
            
                <div class="testResultGroup failed " id="20"></div>
            
                <div class="testResultGroup  " id="21"></div>
            
                <div class="testResultGroup failed " id="22"></div>
            
                <div class="testResultGroup failed " id="23"></div>
            
                <div class="testResultGroup failed " id="24"></div>
            
                <div class="testResultGroup failed " id="25"></div>
            
                <div class="testResultGroup failed " id="26"></div>
            
                <div class="testResultGroup failed " id="27"></div>
            
                <div class="testResultGroup failed " id="28"></div>
            
                <div class="testResultGroup failed " id="29"></div>
            
                <div class="testResultGroup failed " id="30"></div>
            
                <div class="testResultGroup failed " id="31"></div>
            
                <div class="testResultGroup failed " id="32"></div>
            
                <div class="testResultGroup failed " id="33"></div>
            
                <div class="testResultGroup failed " id="34"></div>
            
                <div class="testResultGroup failed " id="35"></div>
            
                <div class="testResultGroup failed " id="36"></div>
            
                <div class="testResultGroup failed " id="37"></div>
            
                <div class="testResultGroup failed " id="38"></div>
            
                <div class="testResultGroup failed " id="39"></div>
            
                <div class="testResultGroup failed " id="40"></div>
            
                <div class="testResultGroup failed " id="41"></div>
            
                <div class="testResultGroup failed " id="42"></div>
            
                <div class="testResultGroup failed " id="43"></div>
            
                <div class="testResultGroup failed " id="44"></div>
            
                <div class="testResultGroup failed " id="45"></div>
            
                <div class="testResultGroup failed " id="46"></div>
            
                <div class="testResultGroup  " id="47"></div>
            
                <div class="testResultGroup failed " id="48"></div>
            
                <div class="testResultGroup failed " id="49"></div>
            
                <div class="testResultGroup failed " id="50"></div>
            
                <div class="testResultGroup  " id="51"></div>
            
                <div class="testResultGroup  " id="52"></div>
            
                <div class="testResultGroup  " id="53"></div>
            
                <div class="testResultGroup failed " id="54"></div>
            
        </div>
    </div>
    <div class="cardContainer testGroupList" id="testGroupList"></div>
</div>
<script type="application/javascript">
    /**
 * @typedef TestStatus
 * @property {string} TestName
 * @property {string} Package
 * @property {number} ElapsedTime
 * @property {Array.<string>} Output
 * @property {boolean} Passed
 * @property {boolean} Skipped
 */
class TestStatus {}

/**
 * @typedef TestGroupData
 * @type {object}
 * @property {string} FailureIndicator
 * @property {string} SkippedIndicator
 * @property {Array.<TestStatus>}
 */
class TestGroupData {}

/**
 * @typedef TestResults
 * @type {Array.<TestGroupData>}
 */
class TestResults extends Array {}

/**
 * @typedef SelectedItems
 * @property {HTMLElement|EventTarget} testResults
 * @property {String} selectedTestGroupColor
 */
class SelectedItems {}

/**
 * @typedef GoTestReportElements
 * @property {TestResults} data
 * @property {HTMLElement} testResultsElem
 * @property {HTMLElement} testGroupListElem
 */
class GoTestReportElements {}


/**
 * Main entry point for GoTestReport.
 * @param {GoTestReportElements} elements
 * @returns {{testResultsClickHandler: testResultsClickHandler}}
 * @constructor
 */
window.GoTestReport = function (elements) {
  const /**@type {SelectedItems}*/ selectedItems = {
    testResults: null,
    selectedTestGroupColor: null
  }

  function addEventData(event) {
    if (event.data == null) {
      event.data = {target: event.target}
    }
    return event
  }


  const goTestReport = {
    /**
     * Invoked when a user clicks on one of the test group div elements.
     * @param {HTMLElement} target The element associated with the test group.
     * @param {boolean} shiftKey If pressed, all of test detail associated to the test group is shown.
     * @param {TestResults} data
     * @param {SelectedItems} selectedItems
     * @param {function(target: Element, data: TestResults)} testGroupListHandler
     */
    testResultsClickHandler: function (target,
                                       shiftKey,
                                       data,
                                       selectedItems,
                                       testGroupListHandler) {

      if (target.classList.contains('testResultGroup') === false) {
        return
      }
      if (selectedItems.testResults != null) {
        let testResultsElement = /**@type {HTMLElement}*/ selectedItems.testResults
        testResultsElement.classList.remove("selected")
        testResultsElement.style.backgroundColor = selectedItems.selectedTestGroupColor
      }
      const testGroupId = /**@type {number}*/ target.id
      if ((target.id === undefined)
        || (data[testGroupId] === undefined)
        || (data[testGroupId]['TestResults'] === undefined)) {
        return
      }
      const testResults = /**@type {TestResults}*/ data[testGroupId]['TestResults']
      let testGroupList = /**@type {string}*/ ''
      selectedItems.selectedTestGroupColor = getComputedStyle(target).getPropertyValue('background-color')
      selectedItems.testResults = target
      target.classList.add("selected")
      for (let i = 0; i < testResults.length; i++) {
        const testResult = /**@type {TestGroupData}*/ testResults[i]
        const testPassed = /**@type {boolean}*/ testResult.Passed
        const testSkipped = /**@type {boolean}*/ testResult.Skipped
        const testPassedStatus = /**@type {string}*/ (testPassed) ? '' : (testSkipped ? 'skipped' : 'failed')
        const testId = /**@type {string}*/ target.attributes['id'].value
        testGroupList += `<div class="testGroupRow ${testPassedStatus}" data-groupid="${testId}" data-index="${i}">
        <span class="testStatus ${testPassedStatus}">${(testPassed) ? '&check' : (testSkipped ? '&dash' : '&cross')};</span>
        <span class="testTitle">${testResult.TestName}</span>
        <span class="testDuration"><span>${testResult.ElapsedTime}s </span>‚è±</span>
      </div>`
      }
      const testGroupListElem = elements.testGroupListElem
      testGroupListElem.innerHTML = ''
      testGroupListElem.innerHTML = testGroupList

      if (shiftKey) {
        testGroupListElem.querySelectorAll('.testGroupRow')
                         .forEach((elem) => testGroupListHandler(elem, data))
      } else if (testResults.length === 1) {
        testGroupListHandler(testGroupListElem.querySelector('.testGroupRow'), data)
      }
    },

    /**
     *
     * @param {Element} target
     * @param {TestResults} data
     */
    testGroupListHandler: function (target, data) {
      const attribs = target['attributes']
      if (attribs.hasOwnProperty('data-groupid')) {
        const groupId = /**@type {number}*/ attribs['data-groupid'].value
        const testIndex = /**@type {number}*/ attribs['data-index'].value
        const testStatus = /**@type {TestStatus}*/ data[groupId]['TestResults'][testIndex]
        const testOutputDiv = /**@type {HTMLDivElement}*/ target.querySelector('div.testOutput')

        if (testOutputDiv == null) {
          const testOutputDiv = document.createElement('div')
          testOutputDiv.classList.add('testOutput')
          const consolePre = document.createElement('pre')
          consolePre.classList.add('console')
          const testDetailDiv = document.createElement('div')
          testDetailDiv.classList.add('testDetail')
          const packageNameDiv = document.createElement('div')
          packageNameDiv.classList.add('package')
          packageNameDiv.innerHTML = `<strong>Package:</strong> ${testStatus.Package}`
          const testFileNameDiv = document.createElement('div')
          testFileNameDiv.classList.add('filename')
          if (testStatus.TestFileName.trim() === "") {
            testFileNameDiv.innerHTML = `<strong>Filename:</strong> n/a &nbsp;&nbsp;`
          } else {
            testFileNameDiv.innerHTML = `<strong>Filename:</strong> ${testStatus.TestFileName} &nbsp;&nbsp;`
            testFileNameDiv.innerHTML += `<strong>Line:</strong> ${testStatus.TestFunctionDetail.Line} `
            testFileNameDiv.innerHTML += `<strong>Col:</strong> ${testStatus.TestFunctionDetail.Col}`
          }
          testDetailDiv.insertAdjacentElement('beforeend', packageNameDiv)
          testDetailDiv.insertAdjacentElement('beforeend', testFileNameDiv)
          testOutputDiv.insertAdjacentElement('afterbegin', consolePre)
          testOutputDiv.insertAdjacentElement('beforeend', testDetailDiv)
          target.insertAdjacentElement('beforeend', testOutputDiv)

          if (testStatus.Passed) {
            consolePre.classList.remove('skipped')
            consolePre.classList.remove('failed')
          } else if (testStatus.Skipped) {
            consolePre.classList.add('skipped')
            consolePre.classList.remove('failed')
          } else {
            consolePre.classList.remove('skipped')
            consolePre.classList.add('failed')
          }
          consolePre.textContent = testStatus.Output.join('')
        } else {
          testOutputDiv.remove()
        }
      }
    }
  }

  //+------------------------+
  //|    setup DOM events    |
  //+------------------------+
  elements.testResultsElem
          .addEventListener('click', event =>
            goTestReport.testResultsClickHandler(/**@type {HTMLElement}*/ addEventData(event).data.target,
                                                 event.shiftKey,
                                                 elements.data,
                                                 selectedItems,
                                                 goTestReport.testGroupListHandler))

  elements.testGroupListElem
          .addEventListener('click', event =>
            goTestReport.testGroupListHandler(/**@type {Element}*/ event.target,
                                              elements.data))

  return goTestReport
}


    

    const data = [{"FailureIndicator":"failed","SkippedIndicator":"","TestResults":[{"TestName":"TestBlobberCollectRewards","Package":"github.com/0chain/system_test/tests/cli_tests","ElapsedTime":0,"Output":["","","",""],"Passed":false,"Skipped":false,"TestFileName":"zboxcli_collect_rewards_test.go","TestFunctionDetail":{"Line":21,"Col":1}}]},{"FailureIndicator":"","SkippedIndicator":"skipped","TestResults":[{"TestName":"TestBlobberCollectRewards/Test_collect_reward_with_invalid_blobber_id_should_fail","Package":"github.com/0chain/system_test/tests/cli_tests","ElapsedTime":0,"Output":["","    zboxcli_collect_rewards_test.go:116: Test case [Test collect reward with invalid blobber id should fail] scheduled at [04-26-2023 14:51:28] \n","","","    system_test_framework.go:92: Test case [Test collect reward with invalid blobber id should fail] start at [04-26-2023 14:51:28] \n","    zboxcli_collect_rewards_test.go:117: piers\n","    zboxcli_collect_rewards_test.go:116: Test case [Test collect reward with invalid blobber id should fail] exit at [04-26-2023 14:51:28]\n","--- SKIP: TestBlobberCollectRewards/Test_collect_reward_with_invalid_blobber_id_should_fail (0.00s)\n",""],"Passed":false,"Skipped":true,"TestFileName":"","TestFunctionDetail":{"Line":0,"Col":0}}]},{"FailureIndicator":"","SkippedIndicator":"skipped","TestResults":[{"TestName":"TestBlobberCollectRewards/Test_collect_reward_with_invalid_provider_type_should_fail","Package":"github.com/0chain/system_test/tests/cli_tests","ElapsedTime":0,"Output":["","    zboxcli_collect_rewards_test.go:153: Test case [Test collect reward with invalid provider type should fail] scheduled at [04-26-2023 14:51:28] \n","","","    system_test_framework.go:92: Test case [Test collect reward with invalid provider type should fail] start at [04-26-2023 14:51:28] \n","    zboxcli_collect_rewards_test.go:154: piers\n","    zboxcli_collect_rewards_test.go:153: Test case [Test collect reward with invalid provider type should fail] exit at [04-26-2023 14:51:28]\n","--- SKIP: TestBlobberCollectRewards/Test_collect_reward_with_invalid_provider_type_should_fail (0.00s)\n",""],"Passed":false,"Skipped":true,"TestFileName":"","TestFunctionDetail":{"Line":0,"Col":0}}]},{"FailureIndicator":"","SkippedIndicator":"skipped","TestResults":[{"TestName":"TestBlobberCollectRewards/Test_collect_reward_with_no_provider_id_or_type_should_fail","Package":"github.com/0chain/system_test/tests/cli_tests","ElapsedTime":0,"Output":["","    zboxcli_collect_rewards_test.go:190: Test case [Test collect reward with no provider id or type should fail] scheduled at [04-26-2023 14:51:28] \n","","","    system_test_framework.go:92: Test case [Test collect reward with no provider id or type should fail] start at [04-26-2023 14:51:28] \n","    zboxcli_collect_rewards_test.go:191: piers\n","    zboxcli_collect_rewards_test.go:190: Test case [Test collect reward with no provider id or type should fail] exit at [04-26-2023 14:51:28]\n","--- SKIP: TestBlobberCollectRewards/Test_collect_reward_with_no_provider_id_or_type_should_fail (0.00s)\n",""],"Passed":false,"Skipped":true,"TestFileName":"","TestFunctionDetail":{"Line":0,"Col":0}}]},{"FailureIndicator":"failed","SkippedIndicator":"","TestResults":[{"TestName":"TestBlobberCollectRewards/Test_collect_reward_with_valid_pool_and_blobber_id_should_pass","Package":"github.com/0chain/system_test/tests/cli_tests","ElapsedTime":32.1,"Output":["","    zboxcli_collect_rewards_test.go:30: Test case [Test collect reward with valid pool and blobber id should pass] scheduled at [04-26-2023 14:51:28] \n","","","    system_test_framework.go:92: Test case [Test collect reward with valid pool and blobber id should pass] start at [04-26-2023 14:51:28] \n","    zwalletcli_register_wallet_test.go:128: Registering wallet...\n","    zboxcli_update_allocation_test.go:1004: Executing faucet...\n","    zwalletcli_register_wallet_test.go:143: faucet output: [No wallet in path  config/TestBlobberCollectRewards-Test_collect_reward_with_valid_pool_and_blobber_id_should_pass_wallet.json found. Creating wallet... ZCN wallet created!! Execute faucet smart contract success with txn :  6442212e71c3dd43391cfe80a137eb96e2bd939211a4257e3f231b84030efde7]\n","    zwalletcli_register_wallet_test.go:220: Getting wallet...\n","    zboxcli_update_allocation_test.go:1004: Executing faucet...\n","    zwalletcli_register_wallet_test.go:128: Registering wallet...\n","    zboxcli_update_allocation_test.go:1004: Executing faucet...\n","    zwalletcli_register_wallet_test.go:143: faucet output: [Execute faucet smart contract success with txn :  1cdd76bfcd59e6aace26016e02c7ab6c27839bb2cb003d6ce77e1bb38e7e7edb]\n","    zboxcli_update_allocation_test.go:1004: Executing faucet...\n","    zboxcli_create_allocation_test.go:440: Creating new allocation...\n","    utils.go:67: \u001b[33mCommand failed on attempt [1/3] due to error [exit status 1]. Output: [Error creating allocation: failed_get_allocation_blobbers: failed to get blobbers for allocation: not enough blobbers to honor the allocation]\n","    utils.go:67: \u001b[33mCommand failed on attempt [2/3] due to error [exit status 1]. Output: [Error creating allocation: failed_get_allocation_blobbers: failed to get blobbers for allocation: not enough blobbers to honor the allocation]\n","    utils.go:70: \u001b[31mCommand failed on final attempt [3/3] due to error [exit status 1]. Command String: [./zbox newallocation --lock 5 --data 3 --parity 1 --expire 30m --size 2048 --silent --wallet TestBlobberCollectRewards-Test_collect_reward_with_valid_pool_and_blobber_id_should_pass_wallet.json --configDir ./config --config ./zbox_config.yaml --allocationFileName TestBlobberCollectRewards-Test_collect_reward_with_valid_pool_and_blobber_id_should_pass_allocation.txt] Output: [Error creating allocation: failed_get_allocation_blobbers: failed to get blobbers for allocation: not enough blobbers to honor the allocation]\n","    utils.go:73: \u001b[31mThe verbose output for the command is:\n","    utils.go:77: \u001b[31m0chain-core-sdk [INFO]   2023/04/26 14:51:59.784017 wallet_base.go:311: ******* Wallet SDK Version:v1.8.13-45-g29b9769 ******* (SetLogFile)\n","    utils.go:77: \u001b[31m0box-sdk        [INFO]   2023/04/26 14:51:59.784072 sdk.go:78: ******* Storage SDK Version: v1.8.13-45-g29b9769 *******\n","    utils.go:77: \u001b[31m0chain-core-sdk [INFO]   2023/04/26 14:51:59.877559 transaction_base.go:139: ******* Wallet SDK Version:v1.8.13-45-g29b9769 ******* (InitZCNSDK)\n","    utils.go:77: \u001b[31m0box-sdk        [DEBUG]  2023/04/26 14:51:59.963018 networkworker.go:105: Get network result:{\"miners\":[\"https://test2.zus.network/miner02\",\"https://test2.zus.network/miner01\",\"https://test2.zus.network/miner03\"],\"sharders\":[\"https://test2.zus.network/sharder02\",\"https://test2.zus.network/sharder01\"]}\n","    utils.go:77: \u001b[31mError creating allocation: failed_get_allocation_blobbers: failed to get blobbers for allocation: not enough blobbers to honor the allocation\n","    assertions.go:264: \n","        \tError Trace:\t/root/actions-runner3/_work/system_test/system_test/tests/cli_tests/zboxcli_update_allocation_test.go:894\n","        \t            \t\t\t\t/root/actions-runner3/_work/system_test/system_test/tests/cli_tests/zboxcli_update_allocation_test.go:864\n","        \t            \t\t\t\t/root/actions-runner3/_work/system_test/system_test/tests/cli_tests/zboxcli_file_download_test.go:1393\n","        \t            \t\t\t\t/root/actions-runner3/_work/system_test/system_test/tests/cli_tests/zboxcli_collect_rewards_test.go:46\n","        \t            \t\t\t\t/root/actions-runner3/_work/system_test/system_test/tests/cli_tests/system_test_framework.go:93\n","        \t            \t\t\t\t/root/actions-runner3/_work/system_test/system_test/tests/cli_tests/asm_amd64.s:1598\n","        \tError:      \tReceived unexpected error:\n","        \t            \texit status 1\n","        \tTest:       \tTestBlobberCollectRewards/Test_collect_reward_with_valid_pool_and_blobber_id_should_pass\n","        \tMessages:   \tcreate new allocation failed%!(EXTRA string=Error creating allocation: failed_get_allocation_blobbers: failed to get blobbers for allocation: not enough blobbers to honor the allocation)\n","    zboxcli_collect_rewards_test.go:30: Test case [Test collect reward with valid pool and blobber id should pass] exit at [04-26-2023 14:52:00]\n",""],"Passed":false,"Skipped":false,"TestFileName":"","TestFunctionDetail":{"Line":0,"Col":0}}]},{"FailureIndicator":"failed","SkippedIndicator":"","TestResults":[{"TestName":"TestDownload","Package":"github.com/0chain/system_test/tests/cli_tests","ElapsedTime":0,"Output":["","","",""],"Passed":false,"Skipped":false,"TestFileName":"zboxcli_file_download_test.go","TestFunctionDetail":{"Line":25,"Col":1}}]},{"FailureIndicator":"failed","SkippedIndicator":"","TestResults":[{"TestName":"TestDownload/Download_Encrypted_File_Should_Work","Package":"github.com/0chain/system_test/tests/cli_tests","ElapsedTime":24.16,"Output":["","    zboxcli_file_download_test.go:330: Test case [Download Encrypted File Should Work] scheduled at [04-26-2023 14:51:28] \n","","","    system_test_framework.go:92: Test case [Download Encrypted File Should Work] start at [04-26-2023 14:51:52] \n","    zwalletcli_register_wallet_test.go:128: Registering wallet...\n","    zboxcli_update_allocation_test.go:1004: Executing faucet...\n","    zwalletcli_register_wallet_test.go:143: faucet output: [No wallet in path  config/TestDownload-Download_Encrypted_File_Should_Work_wallet.json found. Creating wallet... ZCN wallet created!! Execute faucet smart contract success with txn :  973548959ea02f34b09b9eb6dbd654ef9c0e17b460429167a802a0e94ec96655]\n","    zboxcli_update_allocation_test.go:1004: Executing faucet...\n","    zboxcli_create_allocation_test.go:440: Creating new allocation...\n","    utils.go:67: \u001b[33mCommand failed on attempt [1/3] due to error [exit status 1]. Output: [Error creating allocation: failed_get_allocation_blobbers: failed to get blobbers for allocation: not enough blobbers to honor the allocation]\n","    utils.go:67: \u001b[33mCommand failed on attempt [2/3] due to error [exit status 1]. Output: [Error creating allocation: failed_get_allocation_blobbers: failed to get blobbers for allocation: not enough blobbers to honor the allocation]\n","    utils.go:70: \u001b[31mCommand failed on final attempt [3/3] due to error [exit status 1]. Command String: [./zbox newallocation --expire 1h --size 10485760 --lock 5 --silent --wallet TestDownload-Download_Encrypted_File_Should_Work_wallet.json --configDir ./config --config ./zbox_config.yaml --allocationFileName TestDownload-Download_Encrypted_File_Should_Work_allocation.txt] Output: [Error creating allocation: failed_get_allocation_blobbers: failed to get blobbers for allocation: not enough blobbers to honor the allocation]\n","    utils.go:73: \u001b[31mThe verbose output for the command is:\n","    utils.go:77: \u001b[31m0chain-core-sdk [INFO]   2023/04/26 14:52:16.078969 wallet_base.go:311: ******* Wallet SDK Version:v1.8.13-45-g29b9769 ******* (SetLogFile)\n","    utils.go:77: \u001b[31m0box-sdk        [INFO]   2023/04/26 14:52:16.079013 sdk.go:78: ******* Storage SDK Version: v1.8.13-45-g29b9769 *******\n","    utils.go:77: \u001b[31m0chain-core-sdk [INFO]   2023/04/26 14:52:16.181072 transaction_base.go:139: ******* Wallet SDK Version:v1.8.13-45-g29b9769 ******* (InitZCNSDK)\n","    utils.go:77: \u001b[31m0box-sdk        [DEBUG]  2023/04/26 14:52:16.262615 networkworker.go:105: Get network result:{\"miners\":[\"https://test2.zus.network/miner01\",\"https://test2.zus.network/miner03\",\"https://test2.zus.network/miner02\"],\"sharders\":[\"https://test2.zus.network/sharder02\",\"https://test2.zus.network/sharder01\"]}\n","    utils.go:77: \u001b[31mError creating allocation: failed_get_allocation_blobbers: failed to get blobbers for allocation: not enough blobbers to honor the allocation\n","    assertions.go:264: \n","        \tError Trace:\t/root/actions-runner3/_work/system_test/system_test/tests/cli_tests/zboxcli_update_allocation_test.go:894\n","        \t            \t\t\t\t/root/actions-runner3/_work/system_test/system_test/tests/cli_tests/zboxcli_update_allocation_test.go:864\n","        \t            \t\t\t\t/root/actions-runner3/_work/system_test/system_test/tests/cli_tests/zboxcli_file_download_test.go:1393\n","        \t            \t\t\t\t/root/actions-runner3/_work/system_test/system_test/tests/cli_tests/zboxcli_file_download_test.go:335\n","        \t            \t\t\t\t/root/actions-runner3/_work/system_test/system_test/tests/cli_tests/system_test_framework.go:93\n","        \t            \t\t\t\t/root/actions-runner3/_work/system_test/system_test/tests/cli_tests/asm_amd64.s:1598\n","        \tError:      \tReceived unexpected error:\n","        \t            \texit status 1\n","        \tTest:       \tTestDownload/Download_Encrypted_File_Should_Work\n","        \tMessages:   \tcreate new allocation failed%!(EXTRA string=Error creating allocation: failed_get_allocation_blobbers: failed to get blobbers for allocation: not enough blobbers to honor the allocation)\n","    zboxcli_file_download_test.go:330: Test case [Download Encrypted File Should Work] exit at [04-26-2023 14:52:16]\n",""],"Passed":false,"Skipped":false,"TestFileName":"","TestFunctionDetail":{"Line":0,"Col":0}}]},{"FailureIndicator":"failed","SkippedIndicator":"","TestResults":[{"TestName":"TestDownload/Download_Encrypted_File_Thumbnail_Should_Work","Package":"github.com/0chain/system_test/tests/cli_tests","ElapsedTime":24.43,"Output":["","    zboxcli_file_download_test.go:699: Test case [Download Encrypted File Thumbnail Should Work] scheduled at [04-26-2023 14:51:28] \n","","","    system_test_framework.go:92: Test case [Download Encrypted File Thumbnail Should Work] start at [04-26-2023 14:52:40] \n","    zwalletcli_register_wallet_test.go:128: Registering wallet...\n","    zboxcli_update_allocation_test.go:1004: Executing faucet...\n","    zwalletcli_register_wallet_test.go:143: faucet output: [No wallet in path  config/TestDownload-Download_Encrypted_File_Thumbnail_Should_Work_wallet.json found. Creating wallet... ZCN wallet created!! Execute faucet smart contract success with txn :  87396fa94bd123f950f2a28cd3b1243aa4db48ac6f7594e08e733d4392838e1d]\n","    zboxcli_update_allocation_test.go:1004: Executing faucet...\n","    zboxcli_create_allocation_test.go:440: Creating new allocation...\n","    utils.go:67: \u001b[33mCommand failed on attempt [1/3] due to error [exit status 1]. Output: [Error creating allocation: failed_get_allocation_blobbers: failed to get blobbers for allocation: not enough blobbers to honor the allocation]\n","    utils.go:67: \u001b[33mCommand failed on attempt [2/3] due to error [exit status 1]. Output: [Error creating allocation: failed_get_allocation_blobbers: failed to get blobbers for allocation: not enough blobbers to honor the allocation]\n","    utils.go:70: \u001b[31mCommand failed on final attempt [3/3] due to error [exit status 1]. Command String: [./zbox newallocation --size 2048 --lock 5 --expire 1h --silent --wallet TestDownload-Download_Encrypted_File_Thumbnail_Should_Work_wallet.json --configDir ./config --config ./zbox_config.yaml --allocationFileName TestDownload-Download_Encrypted_File_Thumbnail_Should_Work_allocation.txt] Output: [Error creating allocation: failed_get_allocation_blobbers: failed to get blobbers for allocation: not enough blobbers to honor the allocation]\n","    utils.go:73: \u001b[31mThe verbose output for the command is:\n","    utils.go:77: \u001b[31m0chain-core-sdk [INFO]   2023/04/26 14:53:04.578729 wallet_base.go:311: ******* Wallet SDK Version:v1.8.13-45-g29b9769 ******* (SetLogFile)\n","    utils.go:77: \u001b[31m0box-sdk        [INFO]   2023/04/26 14:53:04.578770 sdk.go:78: ******* Storage SDK Version: v1.8.13-45-g29b9769 *******\n","    utils.go:77: \u001b[31m0chain-core-sdk [INFO]   2023/04/26 14:53:04.674860 transaction_base.go:139: ******* Wallet SDK Version:v1.8.13-45-g29b9769 ******* (InitZCNSDK)\n","    utils.go:77: \u001b[31m0box-sdk        [DEBUG]  2023/04/26 14:53:04.759939 networkworker.go:105: Get network result:{\"miners\":[\"https://test2.zus.network/miner02\",\"https://test2.zus.network/miner01\",\"https://test2.zus.network/miner03\"],\"sharders\":[\"https://test2.zus.network/sharder02\",\"https://test2.zus.network/sharder01\"]}\n","    utils.go:77: \u001b[31mError creating allocation: failed_get_allocation_blobbers: failed to get blobbers for allocation: not enough blobbers to honor the allocation\n","    assertions.go:264: \n","        \tError Trace:\t/root/actions-runner3/_work/system_test/system_test/tests/cli_tests/zboxcli_update_allocation_test.go:894\n","        \t            \t\t\t\t/root/actions-runner3/_work/system_test/system_test/tests/cli_tests/zboxcli_update_allocation_test.go:864\n","        \t            \t\t\t\t/root/actions-runner3/_work/system_test/system_test/tests/cli_tests/zboxcli_file_download_test.go:1393\n","        \t            \t\t\t\t/root/actions-runner3/_work/system_test/system_test/tests/cli_tests/zboxcli_file_download_test.go:704\n","        \t            \t\t\t\t/root/actions-runner3/_work/system_test/system_test/tests/cli_tests/system_test_framework.go:93\n","        \t            \t\t\t\t/root/actions-runner3/_work/system_test/system_test/tests/cli_tests/asm_amd64.s:1598\n","        \tError:      \tReceived unexpected error:\n","        \t            \texit status 1\n","        \tTest:       \tTestDownload/Download_Encrypted_File_Thumbnail_Should_Work\n","        \tMessages:   \tcreate new allocation failed%!(EXTRA string=Error creating allocation: failed_get_allocation_blobbers: failed to get blobbers for allocation: not enough blobbers to honor the allocation)\n","    zboxcli_file_download_test.go:699: Test case [Download Encrypted File Thumbnail Should Work] exit at [04-26-2023 14:53:05]\n",""],"Passed":false,"Skipped":false,"TestFileName":"","TestFunctionDetail":{"Line":0,"Col":0}}]},{"FailureIndicator":"failed","SkippedIndicator":"","TestResults":[{"TestName":"TestDownload/Download_Entire_Directory_Should_Work_but_does_not_see_blobber/issues/588","Package":"github.com/0chain/system_test/tests/cli_tests","ElapsedTime":24.6,"Output":["","    zboxcli_file_download_test.go:196: Test case [Download Entire Directory Should Work but does not see blobber/issues/588] scheduled at [04-26-2023 14:51:28] \n","","","    system_test_framework.go:92: Test case [Download Entire Directory Should Work but does not see blobber/issues/588] start at [04-26-2023 14:51:52] \n","    zwalletcli_register_wallet_test.go:128: Registering wallet...\n","    zboxcli_update_allocation_test.go:1004: Executing faucet...\n","    zwalletcli_register_wallet_test.go:143: faucet output: [No wallet in path  config/TestDownload-Download_Entire_Directory_Should_Work_but_does_not_see_blobber-issues-588_wallet.json found. Creating wallet... ZCN wallet created!! Execute faucet smart contract success with txn :  0bad846ab63959ea93c67f64de916ec01ce5f2643e1a58da4288a32f35442ee1]\n","    zboxcli_update_allocation_test.go:1004: Executing faucet...\n","    zboxcli_create_allocation_test.go:440: Creating new allocation...\n","    utils.go:67: \u001b[33mCommand failed on attempt [1/3] due to error [exit status 1]. Output: [Error creating allocation: failed_get_allocation_blobbers: failed to get blobbers for allocation: not enough blobbers to honor the allocation]\n","    utils.go:67: \u001b[33mCommand failed on attempt [2/3] due to error [exit status 1]. Output: [Error creating allocation: failed_get_allocation_blobbers: failed to get blobbers for allocation: not enough blobbers to honor the allocation]\n","    utils.go:70: \u001b[31mCommand failed on final attempt [3/3] due to error [exit status 1]. Command String: [./zbox newallocation --expire 1h --size 2048 --lock 5 --silent --wallet TestDownload-Download_Entire_Directory_Should_Work_but_does_not_see_blobber-issues-588_wallet.json --configDir ./config --config ./zbox_config.yaml --allocationFileName TestDownload-Download_Entire_Directory_Should_Work_but_does_not_see_blobber-issues-588_allocation.txt] Output: [Error creating allocation: failed_get_allocation_blobbers: failed to get blobbers for allocation: not enough blobbers to honor the allocation]\n","    utils.go:73: \u001b[31mThe verbose output for the command is:\n","    utils.go:77: \u001b[31m0chain-core-sdk [INFO]   2023/04/26 14:52:16.953255 wallet_base.go:311: ******* Wallet SDK Version:v1.8.13-45-g29b9769 ******* (SetLogFile)\n","    utils.go:77: \u001b[31m0box-sdk        [INFO]   2023/04/26 14:52:16.953291 sdk.go:78: ******* Storage SDK Version: v1.8.13-45-g29b9769 *******\n","    utils.go:77: \u001b[31m0chain-core-sdk [INFO]   2023/04/26 14:52:17.051966 transaction_base.go:139: ******* Wallet SDK Version:v1.8.13-45-g29b9769 ******* (InitZCNSDK)\n","    utils.go:77: \u001b[31m0box-sdk        [DEBUG]  2023/04/26 14:52:17.135516 networkworker.go:105: Get network result:{\"miners\":[\"https://test2.zus.network/miner01\",\"https://test2.zus.network/miner03\",\"https://test2.zus.network/miner02\"],\"sharders\":[\"https://test2.zus.network/sharder02\",\"https://test2.zus.network/sharder01\"]}\n","    utils.go:77: \u001b[31mError creating allocation: failed_get_allocation_blobbers: failed to get blobbers for allocation: not enough blobbers to honor the allocation\n","    assertions.go:264: \n","        \tError Trace:\t/root/actions-runner3/_work/system_test/system_test/tests/cli_tests/zboxcli_update_allocation_test.go:894\n","        \t            \t\t\t\t/root/actions-runner3/_work/system_test/system_test/tests/cli_tests/zboxcli_update_allocation_test.go:864\n","        \t            \t\t\t\t/root/actions-runner3/_work/system_test/system_test/tests/cli_tests/zboxcli_file_download_test.go:1393\n","        \t            \t\t\t\t/root/actions-runner3/_work/system_test/system_test/tests/cli_tests/zboxcli_file_download_test.go:201\n","        \t            \t\t\t\t/root/actions-runner3/_work/system_test/system_test/tests/cli_tests/system_test_framework.go:93\n","        \t            \t\t\t\t/root/actions-runner3/_work/system_test/system_test/tests/cli_tests/asm_amd64.s:1598\n","        \tError:      \tReceived unexpected error:\n","        \t            \texit status 1\n","        \tTest:       \tTestDownload/Download_Entire_Directory_Should_Work_but_does_not_see_blobber/issues/588\n","        \tMessages:   \tcreate new allocation failed%!(EXTRA string=Error creating allocation: failed_get_allocation_blobbers: failed to get blobbers for allocation: not enough blobbers to honor the allocation)\n","    zboxcli_file_download_test.go:196: Test case [Download Entire Directory Should Work but does not see blobber/issues/588] exit at [04-26-2023 14:52:17]\n",""],"Passed":false,"Skipped":false,"TestFileName":"","TestFunctionDetail":{"Line":0,"Col":0}}]},{"FailureIndicator":"failed","SkippedIndicator":"","TestResults":[{"TestName":"TestDownload/Download_File_Concurrently_Should_Work_from_two_Different_Directory","Package":"github.com/0chain/system_test/tests/cli_tests","ElapsedTime":24.5,"Output":["","    zboxcli_file_download_test.go:68: Test case [Download File Concurrently Should Work from two Different Directory] scheduled at [04-26-2023 14:51:28] \n","","","    system_test_framework.go:92: Test case [Download File Concurrently Should Work from two Different Directory] start at [04-26-2023 14:51:52] \n","    zwalletcli_register_wallet_test.go:128: Registering wallet...\n","    zboxcli_update_allocation_test.go:1004: Executing faucet...\n","    zwalletcli_register_wallet_test.go:143: faucet output: [No wallet in path  config/TestDownload-Download_File_Concurrently_Should_Work_from_two_Different_Directory_wallet.json found. Creating wallet... ZCN wallet created!! Execute faucet smart contract success with txn :  0fb15197bd917ba156ff265d6f26aa60e949ba93519938b7f59c440cd3d66da6]\n","    zboxcli_update_allocation_test.go:1004: Executing faucet...\n","    zboxcli_create_allocation_test.go:440: Creating new allocation...\n","    utils.go:67: \u001b[33mCommand failed on attempt [1/3] due to error [exit status 1]. Output: [Error creating allocation: failed_get_allocation_blobbers: failed to get blobbers for allocation: not enough blobbers to honor the allocation]\n","    utils.go:67: \u001b[33mCommand failed on attempt [2/3] due to error [exit status 1]. Output: [Error creating allocation: failed_get_allocation_blobbers: failed to get blobbers for allocation: not enough blobbers to honor the allocation]\n","    utils.go:70: \u001b[31mCommand failed on final attempt [3/3] due to error [exit status 1]. Command String: [./zbox newallocation --expire 1h --size 4096 --lock 5 --silent --wallet TestDownload-Download_File_Concurrently_Should_Work_from_two_Different_Directory_wallet.json --configDir ./config --config ./zbox_config.yaml --allocationFileName TestDownload-Download_File_Concurrently_Should_Work_from_two_Different_Directory_allocation.txt] Output: [Error creating allocation: failed_get_allocation_blobbers: failed to get blobbers for allocation: not enough blobbers to honor the allocation]\n","    utils.go:73: \u001b[31mThe verbose output for the command is:\n","    utils.go:77: \u001b[31m0chain-core-sdk [INFO]   2023/04/26 14:52:16.882204 wallet_base.go:311: ******* Wallet SDK Version:v1.8.13-45-g29b9769 ******* (SetLogFile)\n","    utils.go:77: \u001b[31m0box-sdk        [INFO]   2023/04/26 14:52:16.882244 sdk.go:78: ******* Storage SDK Version: v1.8.13-45-g29b9769 *******\n","    utils.go:77: \u001b[31m0chain-core-sdk [INFO]   2023/04/26 14:52:16.979828 transaction_base.go:139: ******* Wallet SDK Version:v1.8.13-45-g29b9769 ******* (InitZCNSDK)\n","    utils.go:77: \u001b[31m0box-sdk        [DEBUG]  2023/04/26 14:52:17.064823 networkworker.go:105: Get network result:{\"miners\":[\"https://test2.zus.network/miner01\",\"https://test2.zus.network/miner03\",\"https://test2.zus.network/miner02\"],\"sharders\":[\"https://test2.zus.network/sharder02\",\"https://test2.zus.network/sharder01\"]}\n","    utils.go:77: \u001b[31mError creating allocation: failed_get_allocation_blobbers: failed to get blobbers for allocation: not enough blobbers to honor the allocation\n","    assertions.go:264: \n","        \tError Trace:\t/root/actions-runner3/_work/system_test/system_test/tests/cli_tests/zboxcli_update_allocation_test.go:894\n","        \t            \t\t\t\t/root/actions-runner3/_work/system_test/system_test/tests/cli_tests/zboxcli_update_allocation_test.go:864\n","        \t            \t\t\t\t/root/actions-runner3/_work/system_test/system_test/tests/cli_tests/zboxcli_file_download_test.go:1393\n","        \t            \t\t\t\t/root/actions-runner3/_work/system_test/system_test/tests/cli_tests/zboxcli_file_download_test.go:73\n","        \t            \t\t\t\t/root/actions-runner3/_work/system_test/system_test/tests/cli_tests/system_test_framework.go:93\n","        \t            \t\t\t\t/root/actions-runner3/_work/system_test/system_test/tests/cli_tests/asm_amd64.s:1598\n","        \tError:      \tReceived unexpected error:\n","        \t            \texit status 1\n","        \tTest:       \tTestDownload/Download_File_Concurrently_Should_Work_from_two_Different_Directory\n","        \tMessages:   \tcreate new allocation failed%!(EXTRA string=Error creating allocation: failed_get_allocation_blobbers: failed to get blobbers for allocation: not enough blobbers to honor the allocation)\n","    zboxcli_file_download_test.go:68: Test case [Download File Concurrently Should Work from two Different Directory] exit at [04-26-2023 14:52:17]\n",""],"Passed":false,"Skipped":false,"TestFileName":"","TestFunctionDetail":{"Line":0,"Col":0}}]},{"FailureIndicator":"failed","SkippedIndicator":"","TestResults":[{"TestName":"TestDownload/Download_File_From_Shared_Folder_Should_Work_but_does_not_see_blobber/issues/588","Package":"github.com/0chain/system_test/tests/cli_tests","ElapsedTime":48.64,"Output":["","    zboxcli_file_download_test.go:223: Test case [Download File From Shared Folder Should Work but does not see blobber/issues/588] scheduled at [04-26-2023 14:51:28] \n","","","    system_test_framework.go:92: Test case [Download File From Shared Folder Should Work but does not see blobber/issues/588] start at [04-26-2023 14:51:52] \n","    zwalletcli_register_wallet_test.go:128: Registering wallet...\n","    zboxcli_update_allocation_test.go:1004: Executing faucet...\n","    zwalletcli_register_wallet_test.go:143: faucet output: [No wallet in path  config/TestDownload-Download_File_From_Shared_Folder_Should_Work_but_does_not_see_blobber-issues-588_wallet.json found. Creating wallet... ZCN wallet created!! Execute faucet smart contract success with txn :  d0a4fcd62e610c9399d878a845d79a19258e618dd1081cc3746d43e43b94e7eb]\n","    utils.go:138: Waiting 15s...\n","    zboxcli_file_download_test.go:1413: Downloading file...\n","    assertions.go:264: \n","        \tError Trace:\t/root/actions-runner3/_work/system_test/system_test/tests/cli_tests/zboxcli_file_download_test.go:271\n","        \t            \t\t\t\t/root/actions-runner3/_work/system_test/system_test/tests/cli_tests/system_test_framework.go:93\n","        \t            \t\t\t\t/root/actions-runner3/_work/system_test/system_test/tests/cli_tests/asm_amd64.s:1598\n","        \tError:      \t\"auth_ticket_decode_error: Error decoding the auth ticket.illegal base64 data at input byte 0\" does not contain \"consensus_not_met\"\n","        \tTest:       \tTestDownload/Download_File_From_Shared_Folder_Should_Work_but_does_not_see_blobber/issues/588\n","    zboxcli_file_download_test.go:223: Test case [Download File From Shared Folder Should Work but does not see blobber/issues/588] exit at [04-26-2023 14:52:41]\n",""],"Passed":false,"Skipped":false,"TestFileName":"","TestFunctionDetail":{"Line":0,"Col":0}}]},{"FailureIndicator":"failed","SkippedIndicator":"","TestResults":[{"TestName":"TestDownload/Download_File_From_Shared_Folder_Should_Work_but_does_not_see_blobber/issues/588/Share_Entire_Folder_from_Another_Wallet","Package":"github.com/0chain/system_test/tests/cli_tests","ElapsedTime":24.21,"Output":["","    zboxcli_file_download_test.go:230: Test case [Share Entire Folder from Another Wallet] scheduled at [04-26-2023 14:51:52] \n","    zboxcli_file_download_test.go:230: [WARN] Not running test case [Share Entire Folder from Another Wallet] in parallel as it is a child test. Use t.Unwrap.run() then t.Parallel() if you wish to do this.\n","    system_test_framework.go:92: Test case [Share Entire Folder from Another Wallet] start at [04-26-2023 14:51:52] \n","    zwalletcli_register_wallet_test.go:128: Registering wallet...\n","    zboxcli_update_allocation_test.go:1004: Executing faucet...\n","    zwalletcli_register_wallet_test.go:143: faucet output: [No wallet in path  config/TestDownload-Download_File_From_Shared_Folder_Should_Work_but_does_not_see_blobber-issues-588-Share_Entire_Folder_from_Another_Wallet_wallet.json found. Creating wallet... ZCN wallet created!! Execute faucet smart contract success with txn :  2baa85c873b2fc2dd3c66d1cf062d1d16db62c437e68a8e186aa1fcf5128c08d]\n","    zboxcli_update_allocation_test.go:1004: Executing faucet...\n","    zboxcli_create_allocation_test.go:440: Creating new allocation...\n","    utils.go:67: \u001b[33mCommand failed on attempt [1/3] due to error [exit status 1]. Output: [Error creating allocation: failed_get_allocation_blobbers: failed to get blobbers for allocation: not enough blobbers to honor the allocation]\n","    utils.go:67: \u001b[33mCommand failed on attempt [2/3] due to error [exit status 1]. Output: [Error creating allocation: failed_get_allocation_blobbers: failed to get blobbers for allocation: not enough blobbers to honor the allocation]\n","    utils.go:70: \u001b[31mCommand failed on final attempt [3/3] due to error [exit status 1]. Command String: [./zbox newallocation --expire 1h --size 10240 --lock 5 --silent --wallet TestDownload-Download_File_From_Shared_Folder_Should_Work_but_does_not_see_blobber-issues-588-Share_Entire_Folder_from_Another_Wallet_wallet.json --configDir ./config --config ./zbox_config.yaml --allocationFileName TestDownload-Download_File_From_Shared_Folder_Should_Work_but_does_not_see_blobber-issues-588-Share_Entire_Folder_from_Another_Wallet_allocation.txt] Output: [Error creating allocation: failed_get_allocation_blobbers: failed to get blobbers for allocation: not enough blobbers to honor the allocation]\n","    utils.go:73: \u001b[31mThe verbose output for the command is:\n","    utils.go:77: \u001b[31m0chain-core-sdk [INFO]   2023/04/26 14:52:16.392422 wallet_base.go:311: ******* Wallet SDK Version:v1.8.13-45-g29b9769 ******* (SetLogFile)\n","    utils.go:77: \u001b[31m0box-sdk        [INFO]   2023/04/26 14:52:16.392471 sdk.go:78: ******* Storage SDK Version: v1.8.13-45-g29b9769 *******\n","    utils.go:77: \u001b[31m0chain-core-sdk [INFO]   2023/04/26 14:52:16.488864 transaction_base.go:139: ******* Wallet SDK Version:v1.8.13-45-g29b9769 ******* (InitZCNSDK)\n","    utils.go:77: \u001b[31m0box-sdk        [DEBUG]  2023/04/26 14:52:16.577241 networkworker.go:105: Get network result:{\"miners\":[\"https://test2.zus.network/miner01\",\"https://test2.zus.network/miner03\",\"https://test2.zus.network/miner02\"],\"sharders\":[\"https://test2.zus.network/sharder02\",\"https://test2.zus.network/sharder01\"]}\n","    utils.go:77: \u001b[31mError creating allocation: failed_get_allocation_blobbers: failed to get blobbers for allocation: not enough blobbers to honor the allocation\n","    assertions.go:264: \n","        \tError Trace:\t/root/actions-runner3/_work/system_test/system_test/tests/cli_tests/zboxcli_update_allocation_test.go:894\n","        \t            \t\t\t\t/root/actions-runner3/_work/system_test/system_test/tests/cli_tests/zboxcli_update_allocation_test.go:864\n","        \t            \t\t\t\t/root/actions-runner3/_work/system_test/system_test/tests/cli_tests/zboxcli_file_download_test.go:1393\n","        \t            \t\t\t\t/root/actions-runner3/_work/system_test/system_test/tests/cli_tests/zboxcli_file_download_test.go:231\n","        \t            \t\t\t\t/root/actions-runner3/_work/system_test/system_test/tests/cli_tests/system_test_framework.go:93\n","        \t            \t\t\t\t/root/actions-runner3/_work/system_test/system_test/tests/cli_tests/asm_amd64.s:1598\n","        \tError:      \tReceived unexpected error:\n","        \t            \texit status 1\n","        \tTest:       \tTestDownload/Download_File_From_Shared_Folder_Should_Work_but_does_not_see_blobber/issues/588/Share_Entire_Folder_from_Another_Wallet\n","        \tMessages:   \tcreate new allocation failed%!(EXTRA string=Error creating allocation: failed_get_allocation_blobbers: failed to get blobbers for allocation: not enough blobbers to honor the allocation)\n","    zboxcli_file_download_test.go:230: Test case [Share Entire Folder from Another Wallet] exit at [04-26-2023 14:52:16]\n",""],"Passed":false,"Skipped":false,"TestFileName":"","TestFunctionDetail":{"Line":0,"Col":0}}]},{"FailureIndicator":"failed","SkippedIndicator":"","TestResults":[{"TestName":"TestDownload/Download_File_Thumbnail_Should_Work","Package":"github.com/0chain/system_test/tests/cli_tests","ElapsedTime":24.66,"Output":["","    zboxcli_file_download_test.go:655: Test case [Download File Thumbnail Should Work] scheduled at [04-26-2023 14:51:28] \n","","","    system_test_framework.go:92: Test case [Download File Thumbnail Should Work] start at [04-26-2023 14:52:31] \n","    zwalletcli_register_wallet_test.go:128: Registering wallet...\n","    zboxcli_update_allocation_test.go:1004: Executing faucet...\n","    zwalletcli_register_wallet_test.go:143: faucet output: [No wallet in path  config/TestDownload-Download_File_Thumbnail_Should_Work_wallet.json found. Creating wallet... ZCN wallet created!! Execute faucet smart contract success with txn :  608222822da5963b1b7c3dc14d6346c468142d04812d8aff3938856df2d4f409]\n","    zboxcli_update_allocation_test.go:1004: Executing faucet...\n","    zboxcli_create_allocation_test.go:440: Creating new allocation...\n","    utils.go:67: \u001b[33mCommand failed on attempt [1/3] due to error [exit status 1]. Output: [Error creating allocation: failed_get_allocation_blobbers: failed to get blobbers for allocation: not enough blobbers to honor the allocation]\n","    utils.go:67: \u001b[33mCommand failed on attempt [2/3] due to error [exit status 1]. Output: [Error creating allocation: failed_get_allocation_blobbers: failed to get blobbers for allocation: not enough blobbers to honor the allocation]\n","    utils.go:70: \u001b[31mCommand failed on final attempt [3/3] due to error [exit status 1]. Command String: [./zbox newallocation --expire 1h --size 2048 --lock 5 --silent --wallet TestDownload-Download_File_Thumbnail_Should_Work_wallet.json --configDir ./config --config ./zbox_config.yaml --allocationFileName TestDownload-Download_File_Thumbnail_Should_Work_allocation.txt] Output: [Error creating allocation: failed_get_allocation_blobbers: failed to get blobbers for allocation: not enough blobbers to honor the allocation]\n","    utils.go:73: \u001b[31mThe verbose output for the command is:\n","    utils.go:77: \u001b[31m0chain-core-sdk [INFO]   2023/04/26 14:52:55.249506 wallet_base.go:311: ******* Wallet SDK Version:v1.8.13-45-g29b9769 ******* (SetLogFile)\n","    utils.go:77: \u001b[31m0box-sdk        [INFO]   2023/04/26 14:52:55.249540 sdk.go:78: ******* Storage SDK Version: v1.8.13-45-g29b9769 *******\n","    utils.go:77: \u001b[31m0chain-core-sdk [INFO]   2023/04/26 14:52:55.348842 transaction_base.go:139: ******* Wallet SDK Version:v1.8.13-45-g29b9769 ******* (InitZCNSDK)\n","    utils.go:77: \u001b[31m0box-sdk        [DEBUG]  2023/04/26 14:52:55.433208 networkworker.go:105: Get network result:{\"miners\":[\"https://test2.zus.network/miner01\",\"https://test2.zus.network/miner03\",\"https://test2.zus.network/miner02\"],\"sharders\":[\"https://test2.zus.network/sharder02\",\"https://test2.zus.network/sharder01\"]}\n","    utils.go:77: \u001b[31mError creating allocation: failed_get_allocation_blobbers: failed to get blobbers for allocation: not enough blobbers to honor the allocation\n","    assertions.go:264: \n","        \tError Trace:\t/root/actions-runner3/_work/system_test/system_test/tests/cli_tests/zboxcli_update_allocation_test.go:894\n","        \t            \t\t\t\t/root/actions-runner3/_work/system_test/system_test/tests/cli_tests/zboxcli_update_allocation_test.go:864\n","        \t            \t\t\t\t/root/actions-runner3/_work/system_test/system_test/tests/cli_tests/zboxcli_file_download_test.go:1393\n","        \t            \t\t\t\t/root/actions-runner3/_work/system_test/system_test/tests/cli_tests/zboxcli_file_download_test.go:660\n","        \t            \t\t\t\t/root/actions-runner3/_work/system_test/system_test/tests/cli_tests/system_test_framework.go:93\n","        \t            \t\t\t\t/root/actions-runner3/_work/system_test/system_test/tests/cli_tests/asm_amd64.s:1598\n","        \tError:      \tReceived unexpected error:\n","        \t            \texit status 1\n","        \tTest:       \tTestDownload/Download_File_Thumbnail_Should_Work\n","        \tMessages:   \tcreate new allocation failed%!(EXTRA string=Error creating allocation: failed_get_allocation_blobbers: failed to get blobbers for allocation: not enough blobbers to honor the allocation)\n","    zboxcli_file_download_test.go:655: Test case [Download File Thumbnail Should Work] exit at [04-26-2023 14:52:55]\n",""],"Passed":false,"Skipped":false,"TestFileName":"","TestFunctionDetail":{"Line":0,"Col":0}}]},{"FailureIndicator":"failed","SkippedIndicator":"","TestResults":[{"TestName":"TestDownload/Download_File_With_Only_endblock_Should_Work","Package":"github.com/0chain/system_test/tests/cli_tests","ElapsedTime":24.6,"Output":["","    zboxcli_file_download_test.go:830: Test case [Download File With Only endblock Should Work] scheduled at [04-26-2023 14:51:28] \n","","","    system_test_framework.go:92: Test case [Download File With Only endblock Should Work] start at [04-26-2023 14:51:28] \n","    zwalletcli_register_wallet_test.go:128: Registering wallet...\n","    zboxcli_update_allocation_test.go:1004: Executing faucet...\n","    zwalletcli_register_wallet_test.go:143: faucet output: [No wallet in path  config/TestDownload-Download_File_With_Only_endblock_Should_Work_wallet.json found. Creating wallet... ZCN wallet created!! Execute faucet smart contract success with txn :  a9ce29c3923d18b8edd815b29b484e5e7c58038c10c3200c5be73d834c5f6ba9]\n","    zboxcli_update_allocation_test.go:1004: Executing faucet...\n","    zboxcli_create_allocation_test.go:440: Creating new allocation...\n","    utils.go:67: \u001b[33mCommand failed on attempt [1/3] due to error [exit status 1]. Output: [Error creating allocation: failed_get_allocation_blobbers: failed to get blobbers for allocation: not enough blobbers to honor the allocation]\n","    utils.go:67: \u001b[33mCommand failed on attempt [2/3] due to error [exit status 1]. Output: [Error creating allocation: failed_get_allocation_blobbers: failed to get blobbers for allocation: not enough blobbers to honor the allocation]\n","    utils.go:70: \u001b[31mCommand failed on final attempt [3/3] due to error [exit status 1]. Command String: [./zbox newallocation --expire 1h --size 2621440 --lock 5 --silent --wallet TestDownload-Download_File_With_Only_endblock_Should_Work_wallet.json --configDir ./config --config ./zbox_config.yaml --allocationFileName TestDownload-Download_File_With_Only_endblock_Should_Work_allocation.txt] Output: [Error creating allocation: failed_get_allocation_blobbers: failed to get blobbers for allocation: not enough blobbers to honor the allocation]\n","    utils.go:73: \u001b[31mThe verbose output for the command is:\n","    utils.go:77: \u001b[31m0chain-core-sdk [INFO]   2023/04/26 14:51:52.381771 wallet_base.go:311: ******* Wallet SDK Version:v1.8.13-45-g29b9769 ******* (SetLogFile)\n","    utils.go:77: \u001b[31m0box-sdk        [INFO]   2023/04/26 14:51:52.381798 sdk.go:78: ******* Storage SDK Version: v1.8.13-45-g29b9769 *******\n","    utils.go:77: \u001b[31m0chain-core-sdk [INFO]   2023/04/26 14:51:52.478501 transaction_base.go:139: ******* Wallet SDK Version:v1.8.13-45-g29b9769 ******* (InitZCNSDK)\n","    utils.go:77: \u001b[31m0box-sdk        [DEBUG]  2023/04/26 14:51:52.565078 networkworker.go:105: Get network result:{\"miners\":[\"https://test2.zus.network/miner02\",\"https://test2.zus.network/miner01\",\"https://test2.zus.network/miner03\"],\"sharders\":[\"https://test2.zus.network/sharder01\",\"https://test2.zus.network/sharder02\"]}\n","    utils.go:77: \u001b[31mError creating allocation: failed_get_allocation_blobbers: failed to get blobbers for allocation: not enough blobbers to honor the allocation\n","    assertions.go:264: \n","        \tError Trace:\t/root/actions-runner3/_work/system_test/system_test/tests/cli_tests/zboxcli_update_allocation_test.go:894\n","        \t            \t\t\t\t/root/actions-runner3/_work/system_test/system_test/tests/cli_tests/zboxcli_update_allocation_test.go:864\n","        \t            \t\t\t\t/root/actions-runner3/_work/system_test/system_test/tests/cli_tests/zboxcli_file_download_test.go:1393\n","        \t            \t\t\t\t/root/actions-runner3/_work/system_test/system_test/tests/cli_tests/zboxcli_file_download_test.go:836\n","        \t            \t\t\t\t/root/actions-runner3/_work/system_test/system_test/tests/cli_tests/system_test_framework.go:93\n","        \t            \t\t\t\t/root/actions-runner3/_work/system_test/system_test/tests/cli_tests/asm_amd64.s:1598\n","        \tError:      \tReceived unexpected error:\n","        \t            \texit status 1\n","        \tTest:       \tTestDownload/Download_File_With_Only_endblock_Should_Work\n","        \tMessages:   \tcreate new allocation failed%!(EXTRA string=Error creating allocation: failed_get_allocation_blobbers: failed to get blobbers for allocation: not enough blobbers to honor the allocation)\n","    zboxcli_file_download_test.go:830: Test case [Download File With Only endblock Should Work] exit at [04-26-2023 14:51:52]\n",""],"Passed":false,"Skipped":false,"TestFileName":"","TestFunctionDetail":{"Line":0,"Col":0}}]},{"FailureIndicator":"failed","SkippedIndicator":"","TestResults":[{"TestName":"TestDownload/Download_File_With_Only_startblock_Should_Work","Package":"github.com/0chain/system_test/tests/cli_tests","ElapsedTime":24.69,"Output":["","    zboxcli_file_download_test.go:777: Test case [Download File With Only startblock Should Work] scheduled at [04-26-2023 14:51:28] \n","","","    system_test_framework.go:92: Test case [Download File With Only startblock Should Work] start at [04-26-2023 14:51:28] \n","    zwalletcli_register_wallet_test.go:128: Registering wallet...\n","    zboxcli_update_allocation_test.go:1004: Executing faucet...\n","    zwalletcli_register_wallet_test.go:143: faucet output: [No wallet in path  config/TestDownload-Download_File_With_Only_startblock_Should_Work_wallet.json found. Creating wallet... ZCN wallet created!! Execute faucet smart contract success with txn :  5b0989713135d29ae27d9c10f2e3e07b7957ce0c219e73c03ee8d30f36a79f5c]\n","    zboxcli_update_allocation_test.go:1004: Executing faucet...\n","    zboxcli_create_allocation_test.go:440: Creating new allocation...\n","    utils.go:67: \u001b[33mCommand failed on attempt [1/3] due to error [exit status 1]. Output: [Error creating allocation: failed_get_allocation_blobbers: failed to get blobbers for allocation: not enough blobbers to honor the allocation]\n","    utils.go:67: \u001b[33mCommand failed on attempt [2/3] due to error [exit status 1]. Output: [Error creating allocation: failed_get_allocation_blobbers: failed to get blobbers for allocation: not enough blobbers to honor the allocation]\n","    utils.go:70: \u001b[31mCommand failed on final attempt [3/3] due to error [exit status 1]. Command String: [./zbox newallocation --expire 1h --size 2621440 --lock 5 --silent --wallet TestDownload-Download_File_With_Only_startblock_Should_Work_wallet.json --configDir ./config --config ./zbox_config.yaml --allocationFileName TestDownload-Download_File_With_Only_startblock_Should_Work_allocation.txt] Output: [Error creating allocation: failed_get_allocation_blobbers: failed to get blobbers for allocation: not enough blobbers to honor the allocation]\n","    utils.go:73: \u001b[31mThe verbose output for the command is:\n","    utils.go:77: \u001b[31m0chain-core-sdk [INFO]   2023/04/26 14:51:52.452395 wallet_base.go:311: ******* Wallet SDK Version:v1.8.13-45-g29b9769 ******* (SetLogFile)\n","    utils.go:77: \u001b[31m0box-sdk        [INFO]   2023/04/26 14:51:52.452425 sdk.go:78: ******* Storage SDK Version: v1.8.13-45-g29b9769 *******\n","    utils.go:77: \u001b[31m0chain-core-sdk [INFO]   2023/04/26 14:51:52.554920 transaction_base.go:139: ******* Wallet SDK Version:v1.8.13-45-g29b9769 ******* (InitZCNSDK)\n","    utils.go:77: \u001b[31m0box-sdk        [DEBUG]  2023/04/26 14:51:52.640770 networkworker.go:105: Get network result:{\"miners\":[\"https://test2.zus.network/miner02\",\"https://test2.zus.network/miner01\",\"https://test2.zus.network/miner03\"],\"sharders\":[\"https://test2.zus.network/sharder01\",\"https://test2.zus.network/sharder02\"]}\n","    utils.go:77: \u001b[31mError creating allocation: failed_get_allocation_blobbers: failed to get blobbers for allocation: not enough blobbers to honor the allocation\n","    assertions.go:264: \n","        \tError Trace:\t/root/actions-runner3/_work/system_test/system_test/tests/cli_tests/zboxcli_update_allocation_test.go:894\n","        \t            \t\t\t\t/root/actions-runner3/_work/system_test/system_test/tests/cli_tests/zboxcli_update_allocation_test.go:864\n","        \t            \t\t\t\t/root/actions-runner3/_work/system_test/system_test/tests/cli_tests/zboxcli_file_download_test.go:1393\n","        \t            \t\t\t\t/root/actions-runner3/_work/system_test/system_test/tests/cli_tests/zboxcli_file_download_test.go:783\n","        \t            \t\t\t\t/root/actions-runner3/_work/system_test/system_test/tests/cli_tests/system_test_framework.go:93\n","        \t            \t\t\t\t/root/actions-runner3/_work/system_test/system_test/tests/cli_tests/asm_amd64.s:1598\n","        \tError:      \tReceived unexpected error:\n","        \t            \texit status 1\n","        \tTest:       \tTestDownload/Download_File_With_Only_startblock_Should_Work\n","        \tMessages:   \tcreate new allocation failed%!(EXTRA string=Error creating allocation: failed_get_allocation_blobbers: failed to get blobbers for allocation: not enough blobbers to honor the allocation)\n","    zboxcli_file_download_test.go:777: Test case [Download File With Only startblock Should Work] exit at [04-26-2023 14:51:52]\n",""],"Passed":false,"Skipped":false,"TestFileName":"","TestFunctionDetail":{"Line":0,"Col":0}}]},{"FailureIndicator":"failed","SkippedIndicator":"","TestResults":[{"TestName":"TestDownload/Download_File_With_blockspermarker_Flag_Should_Work","Package":"github.com/0chain/system_test/tests/cli_tests","ElapsedTime":24.33,"Output":["","    zboxcli_file_download_test.go:1080: Test case [Download File With blockspermarker Flag Should Work] scheduled at [04-26-2023 14:51:28] \n","","","    system_test_framework.go:92: Test case [Download File With blockspermarker Flag Should Work] start at [04-26-2023 14:52:41] \n","    zwalletcli_register_wallet_test.go:128: Registering wallet...\n","    zboxcli_update_allocation_test.go:1004: Executing faucet...\n","    zwalletcli_register_wallet_test.go:143: faucet output: [No wallet in path  config/TestDownload-Download_File_With_blockspermarker_Flag_Should_Work_wallet.json found. Creating wallet... ZCN wallet created!! Execute faucet smart contract success with txn :  7c321deb91e26186926298702c217b777f9744fbe51a0e48c7bdacd75aa02632]\n","    zboxcli_update_allocation_test.go:1004: Executing faucet...\n","    zboxcli_create_allocation_test.go:440: Creating new allocation...\n","    utils.go:67: \u001b[33mCommand failed on attempt [1/3] due to error [exit status 1]. Output: [Error creating allocation: failed_get_allocation_blobbers: failed to get blobbers for allocation: not enough blobbers to honor the allocation]\n","    utils.go:67: \u001b[33mCommand failed on attempt [2/3] due to error [exit status 1]. Output: [Error creating allocation: failed_get_allocation_blobbers: failed to get blobbers for allocation: not enough blobbers to honor the allocation]\n","    utils.go:70: \u001b[31mCommand failed on final attempt [3/3] due to error [exit status 1]. Command String: [./zbox newallocation --expire 1h --size 2048 --lock 5 --silent --wallet TestDownload-Download_File_With_blockspermarker_Flag_Should_Work_wallet.json --configDir ./config --config ./zbox_config.yaml --allocationFileName TestDownload-Download_File_With_blockspermarker_Flag_Should_Work_allocation.txt] Output: [Error creating allocation: failed_get_allocation_blobbers: failed to get blobbers for allocation: not enough blobbers to honor the allocation]\n","    utils.go:73: \u001b[31mThe verbose output for the command is:\n","    utils.go:77: \u001b[31m0chain-core-sdk [INFO]   2023/04/26 14:53:05.875496 wallet_base.go:311: ******* Wallet SDK Version:v1.8.13-45-g29b9769 ******* (SetLogFile)\n","    utils.go:77: \u001b[31m0box-sdk        [INFO]   2023/04/26 14:53:05.875534 sdk.go:78: ******* Storage SDK Version: v1.8.13-45-g29b9769 *******\n","    utils.go:77: \u001b[31m0chain-core-sdk [INFO]   2023/04/26 14:53:05.976143 transaction_base.go:139: ******* Wallet SDK Version:v1.8.13-45-g29b9769 ******* (InitZCNSDK)\n","    utils.go:77: \u001b[31m0box-sdk        [DEBUG]  2023/04/26 14:53:06.059899 networkworker.go:105: Get network result:{\"miners\":[\"https://test2.zus.network/miner02\",\"https://test2.zus.network/miner01\",\"https://test2.zus.network/miner03\"],\"sharders\":[\"https://test2.zus.network/sharder02\",\"https://test2.zus.network/sharder01\"]}\n","    utils.go:77: \u001b[31mError creating allocation: failed_get_allocation_blobbers: failed to get blobbers for allocation: not enough blobbers to honor the allocation\n","    assertions.go:264: \n","        \tError Trace:\t/root/actions-runner3/_work/system_test/system_test/tests/cli_tests/zboxcli_update_allocation_test.go:894\n","        \t            \t\t\t\t/root/actions-runner3/_work/system_test/system_test/tests/cli_tests/zboxcli_update_allocation_test.go:864\n","        \t            \t\t\t\t/root/actions-runner3/_work/system_test/system_test/tests/cli_tests/zboxcli_file_download_test.go:1393\n","        \t            \t\t\t\t/root/actions-runner3/_work/system_test/system_test/tests/cli_tests/zboxcli_file_download_test.go:1085\n","        \t            \t\t\t\t/root/actions-runner3/_work/system_test/system_test/tests/cli_tests/system_test_framework.go:93\n","        \t            \t\t\t\t/root/actions-runner3/_work/system_test/system_test/tests/cli_tests/asm_amd64.s:1598\n","        \tError:      \tReceived unexpected error:\n","        \t            \texit status 1\n","        \tTest:       \tTestDownload/Download_File_With_blockspermarker_Flag_Should_Work\n","        \tMessages:   \tcreate new allocation failed%!(EXTRA string=Error creating allocation: failed_get_allocation_blobbers: failed to get blobbers for allocation: not enough blobbers to honor the allocation)\n","    zboxcli_file_download_test.go:1080: Test case [Download File With blockspermarker Flag Should Work] exit at [04-26-2023 14:53:06]\n",""],"Passed":false,"Skipped":false,"TestFileName":"","TestFunctionDetail":{"Line":0,"Col":0}}]},{"FailureIndicator":"failed","SkippedIndicator":"","TestResults":[{"TestName":"TestDownload/Download_File_With_endblock_greater_than_number_of_blocks_should_work","Package":"github.com/0chain/system_test/tests/cli_tests","ElapsedTime":24.53,"Output":["","    zboxcli_file_download_test.go:950: Test case [Download File With endblock greater than number of blocks should work] scheduled at [04-26-2023 14:51:28] \n","","","    system_test_framework.go:92: Test case [Download File With endblock greater than number of blocks should work] start at [04-26-2023 14:52:49] \n","    zwalletcli_register_wallet_test.go:128: Registering wallet...\n","    zboxcli_update_allocation_test.go:1004: Executing faucet...\n","    zwalletcli_register_wallet_test.go:143: faucet output: [No wallet in path  config/TestDownload-Download_File_With_endblock_greater_than_number_of_blocks_should_work_wallet.json found. Creating wallet... ZCN wallet created!! Execute faucet smart contract success with txn :  1ee1422e85a9c0dc06e5cef427f5f774e3f957096598fd88ec2a552337864b77]\n","    zboxcli_update_allocation_test.go:1004: Executing faucet...\n","    zboxcli_create_allocation_test.go:440: Creating new allocation...\n","    utils.go:67: \u001b[33mCommand failed on attempt [1/3] due to error [exit status 1]. Output: [Error creating allocation: failed_get_allocation_blobbers: failed to get blobbers for allocation: not enough blobbers to honor the allocation]\n","    utils.go:67: \u001b[33mCommand failed on attempt [2/3] due to error [exit status 1]. Output: [Error creating allocation: failed_get_allocation_blobbers: failed to get blobbers for allocation: not enough blobbers to honor the allocation]\n","    utils.go:70: \u001b[31mCommand failed on final attempt [3/3] due to error [exit status 1]. Command String: [./zbox newallocation --expire 1h --size 2621440 --lock 5 --silent --wallet TestDownload-Download_File_With_endblock_greater_than_number_of_blocks_should_work_wallet.json --configDir ./config --config ./zbox_config.yaml --allocationFileName TestDownload-Download_File_With_endblock_greater_than_number_of_blocks_should_work_allocation.txt] Output: [Error creating allocation: failed_get_allocation_blobbers: failed to get blobbers for allocation: not enough blobbers to honor the allocation]\n","    utils.go:73: \u001b[31mThe verbose output for the command is:\n","    utils.go:77: \u001b[31m0chain-core-sdk [INFO]   2023/04/26 14:53:13.462843 wallet_base.go:311: ******* Wallet SDK Version:v1.8.13-45-g29b9769 ******* (SetLogFile)\n","    utils.go:77: \u001b[31m0box-sdk        [INFO]   2023/04/26 14:53:13.462908 sdk.go:78: ******* Storage SDK Version: v1.8.13-45-g29b9769 *******\n","    utils.go:77: \u001b[31m0chain-core-sdk [INFO]   2023/04/26 14:53:13.557890 transaction_base.go:139: ******* Wallet SDK Version:v1.8.13-45-g29b9769 ******* (InitZCNSDK)\n","    utils.go:77: \u001b[31m0box-sdk        [DEBUG]  2023/04/26 14:53:13.643219 networkworker.go:105: Get network result:{\"miners\":[\"https://test2.zus.network/miner02\",\"https://test2.zus.network/miner01\",\"https://test2.zus.network/miner03\"],\"sharders\":[\"https://test2.zus.network/sharder02\",\"https://test2.zus.network/sharder01\"]}\n","    utils.go:77: \u001b[31mError creating allocation: failed_get_allocation_blobbers: failed to get blobbers for allocation: not enough blobbers to honor the allocation\n","    assertions.go:264: \n","        \tError Trace:\t/root/actions-runner3/_work/system_test/system_test/tests/cli_tests/zboxcli_update_allocation_test.go:894\n","        \t            \t\t\t\t/root/actions-runner3/_work/system_test/system_test/tests/cli_tests/zboxcli_update_allocation_test.go:864\n","        \t            \t\t\t\t/root/actions-runner3/_work/system_test/system_test/tests/cli_tests/zboxcli_file_download_test.go:1393\n","        \t            \t\t\t\t/root/actions-runner3/_work/system_test/system_test/tests/cli_tests/zboxcli_file_download_test.go:956\n","        \t            \t\t\t\t/root/actions-runner3/_work/system_test/system_test/tests/cli_tests/system_test_framework.go:93\n","        \t            \t\t\t\t/root/actions-runner3/_work/system_test/system_test/tests/cli_tests/asm_amd64.s:1598\n","        \tError:      \tReceived unexpected error:\n","        \t            \texit status 1\n","        \tTest:       \tTestDownload/Download_File_With_endblock_greater_than_number_of_blocks_should_work\n","        \tMessages:   \tcreate new allocation failed%!(EXTRA string=Error creating allocation: failed_get_allocation_blobbers: failed to get blobbers for allocation: not enough blobbers to honor the allocation)\n","    zboxcli_file_download_test.go:950: Test case [Download File With endblock greater than number of blocks should work] exit at [04-26-2023 14:53:13]\n",""],"Passed":false,"Skipped":false,"TestFileName":"","TestFunctionDetail":{"Line":0,"Col":0}}]},{"FailureIndicator":"failed","SkippedIndicator":"","TestResults":[{"TestName":"TestDownload/Download_File_With_startblock_0_and_non-zero_endblock_should_fail","Package":"github.com/0chain/system_test/tests/cli_tests","ElapsedTime":24.6,"Output":["","    zboxcli_file_download_test.go:917: Test case [Download File With startblock 0 and non-zero endblock should fail] scheduled at [04-26-2023 14:51:28] \n","","","    system_test_framework.go:92: Test case [Download File With startblock 0 and non-zero endblock should fail] start at [04-26-2023 14:51:28] \n","    zwalletcli_register_wallet_test.go:128: Registering wallet...\n","    zboxcli_update_allocation_test.go:1004: Executing faucet...\n","    zwalletcli_register_wallet_test.go:143: faucet output: [No wallet in path  config/TestDownload-Download_File_With_startblock_0_and_non-zero_endblock_should_fail_wallet.json found. Creating wallet... ZCN wallet created!! Execute faucet smart contract success with txn :  ae2c01e7a6c8aad4622c9b2200b5caf51db9e52423385c3c2b730fb6cc713ac2]\n","    zboxcli_update_allocation_test.go:1004: Executing faucet...\n","    zboxcli_create_allocation_test.go:440: Creating new allocation...\n","    utils.go:67: \u001b[33mCommand failed on attempt [1/3] due to error [exit status 1]. Output: [Error creating allocation: failed_get_allocation_blobbers: failed to get blobbers for allocation: not enough blobbers to honor the allocation]\n","    utils.go:67: \u001b[33mCommand failed on attempt [2/3] due to error [exit status 1]. Output: [Error creating allocation: failed_get_allocation_blobbers: failed to get blobbers for allocation: not enough blobbers to honor the allocation]\n","    utils.go:70: \u001b[31mCommand failed on final attempt [3/3] due to error [exit status 1]. Command String: [./zbox newallocation --expire 1h --size 2621440 --lock 5 --silent --wallet TestDownload-Download_File_With_startblock_0_and_non-zero_endblock_should_fail_wallet.json --configDir ./config --config ./zbox_config.yaml --allocationFileName TestDownload-Download_File_With_startblock_0_and_non-zero_endblock_should_fail_allocation.txt] Output: [Error creating allocation: failed_get_allocation_blobbers: failed to get blobbers for allocation: not enough blobbers to honor the allocation]\n","    utils.go:73: \u001b[31mThe verbose output for the command is:\n","    utils.go:77: \u001b[31m0chain-core-sdk [INFO]   2023/04/26 14:51:52.381014 wallet_base.go:311: ******* Wallet SDK Version:v1.8.13-45-g29b9769 ******* (SetLogFile)\n","    utils.go:77: \u001b[31m0box-sdk        [INFO]   2023/04/26 14:51:52.381084 sdk.go:78: ******* Storage SDK Version: v1.8.13-45-g29b9769 *******\n","    utils.go:77: \u001b[31m0chain-core-sdk [INFO]   2023/04/26 14:51:52.478543 transaction_base.go:139: ******* Wallet SDK Version:v1.8.13-45-g29b9769 ******* (InitZCNSDK)\n","    utils.go:77: \u001b[31m0box-sdk        [DEBUG]  2023/04/26 14:51:52.573081 networkworker.go:105: Get network result:{\"miners\":[\"https://test2.zus.network/miner02\",\"https://test2.zus.network/miner01\",\"https://test2.zus.network/miner03\"],\"sharders\":[\"https://test2.zus.network/sharder01\",\"https://test2.zus.network/sharder02\"]}\n","    utils.go:77: \u001b[31mError creating allocation: failed_get_allocation_blobbers: failed to get blobbers for allocation: not enough blobbers to honor the allocation\n","    assertions.go:264: \n","        \tError Trace:\t/root/actions-runner3/_work/system_test/system_test/tests/cli_tests/zboxcli_update_allocation_test.go:894\n","        \t            \t\t\t\t/root/actions-runner3/_work/system_test/system_test/tests/cli_tests/zboxcli_update_allocation_test.go:864\n","        \t            \t\t\t\t/root/actions-runner3/_work/system_test/system_test/tests/cli_tests/zboxcli_file_download_test.go:1393\n","        \t            \t\t\t\t/root/actions-runner3/_work/system_test/system_test/tests/cli_tests/zboxcli_file_download_test.go:923\n","        \t            \t\t\t\t/root/actions-runner3/_work/system_test/system_test/tests/cli_tests/system_test_framework.go:93\n","        \t            \t\t\t\t/root/actions-runner3/_work/system_test/system_test/tests/cli_tests/asm_amd64.s:1598\n","        \tError:      \tReceived unexpected error:\n","        \t            \texit status 1\n","        \tTest:       \tTestDownload/Download_File_With_startblock_0_and_non-zero_endblock_should_fail\n","        \tMessages:   \tcreate new allocation failed%!(EXTRA string=Error creating allocation: failed_get_allocation_blobbers: failed to get blobbers for allocation: not enough blobbers to honor the allocation)\n","    zboxcli_file_download_test.go:917: Test case [Download File With startblock 0 and non-zero endblock should fail] exit at [04-26-2023 14:51:52]\n",""],"Passed":false,"Skipped":false,"TestFileName":"","TestFunctionDetail":{"Line":0,"Col":0}}]},{"FailureIndicator":"failed","SkippedIndicator":"","TestResults":[{"TestName":"TestDownload/Download_File_With_startblock_And_endblock_Should_Work","Package":"github.com/0chain/system_test/tests/cli_tests","ElapsedTime":24.23,"Output":["","    zboxcli_file_download_test.go:861: Test case [Download File With startblock And endblock Should Work] scheduled at [04-26-2023 14:51:28] \n","","","    system_test_framework.go:92: Test case [Download File With startblock And endblock Should Work] start at [04-26-2023 14:51:28] \n","    zwalletcli_register_wallet_test.go:128: Registering wallet...\n","    zboxcli_update_allocation_test.go:1004: Executing faucet...\n","    zwalletcli_register_wallet_test.go:143: faucet output: [No wallet in path  config/TestDownload-Download_File_With_startblock_And_endblock_Should_Work_wallet.json found. Creating wallet... ZCN wallet created!! Execute faucet smart contract success with txn :  85ac80802116929615bd1e89051dab5816d224adc0ed2b1ce69217248d1f63e2]\n","    zboxcli_update_allocation_test.go:1004: Executing faucet...\n","    zboxcli_create_allocation_test.go:440: Creating new allocation...\n","    utils.go:67: \u001b[33mCommand failed on attempt [1/3] due to error [exit status 1]. Output: [Error creating allocation: failed_get_allocation_blobbers: failed to get blobbers for allocation: not enough blobbers to honor the allocation]\n","    utils.go:67: \u001b[33mCommand failed on attempt [2/3] due to error [exit status 1]. Output: [Error creating allocation: failed_get_allocation_blobbers: failed to get blobbers for allocation: not enough blobbers to honor the allocation]\n","    utils.go:70: \u001b[31mCommand failed on final attempt [3/3] due to error [exit status 1]. Command String: [./zbox newallocation --expire 1h --size 2621440 --lock 5 --silent --wallet TestDownload-Download_File_With_startblock_And_endblock_Should_Work_wallet.json --configDir ./config --config ./zbox_config.yaml --allocationFileName TestDownload-Download_File_With_startblock_And_endblock_Should_Work_allocation.txt] Output: [Error creating allocation: failed_get_allocation_blobbers: failed to get blobbers for allocation: not enough blobbers to honor the allocation]\n","    utils.go:73: \u001b[31mThe verbose output for the command is:\n","    utils.go:77: \u001b[31m0chain-core-sdk [INFO]   2023/04/26 14:51:52.051868 wallet_base.go:311: ******* Wallet SDK Version:v1.8.13-45-g29b9769 ******* (SetLogFile)\n","    utils.go:77: \u001b[31m0box-sdk        [INFO]   2023/04/26 14:51:52.051909 sdk.go:78: ******* Storage SDK Version: v1.8.13-45-g29b9769 *******\n","    utils.go:77: \u001b[31m0chain-core-sdk [INFO]   2023/04/26 14:51:52.149952 transaction_base.go:139: ******* Wallet SDK Version:v1.8.13-45-g29b9769 ******* (InitZCNSDK)\n","    utils.go:77: \u001b[31m0box-sdk        [DEBUG]  2023/04/26 14:51:52.233709 networkworker.go:105: Get network result:{\"miners\":[\"https://test2.zus.network/miner02\",\"https://test2.zus.network/miner01\",\"https://test2.zus.network/miner03\"],\"sharders\":[\"https://test2.zus.network/sharder01\",\"https://test2.zus.network/sharder02\"]}\n","    utils.go:77: \u001b[31mError creating allocation: failed_get_allocation_blobbers: failed to get blobbers for allocation: not enough blobbers to honor the allocation\n","    assertions.go:264: \n","        \tError Trace:\t/root/actions-runner3/_work/system_test/system_test/tests/cli_tests/zboxcli_update_allocation_test.go:894\n","        \t            \t\t\t\t/root/actions-runner3/_work/system_test/system_test/tests/cli_tests/zboxcli_update_allocation_test.go:864\n","        \t            \t\t\t\t/root/actions-runner3/_work/system_test/system_test/tests/cli_tests/zboxcli_file_download_test.go:1393\n","        \t            \t\t\t\t/root/actions-runner3/_work/system_test/system_test/tests/cli_tests/zboxcli_file_download_test.go:867\n","        \t            \t\t\t\t/root/actions-runner3/_work/system_test/system_test/tests/cli_tests/system_test_framework.go:93\n","        \t            \t\t\t\t/root/actions-runner3/_work/system_test/system_test/tests/cli_tests/asm_amd64.s:1598\n","        \tError:      \tReceived unexpected error:\n","        \t            \texit status 1\n","        \tTest:       \tTestDownload/Download_File_With_startblock_And_endblock_Should_Work\n","        \tMessages:   \tcreate new allocation failed%!(EXTRA string=Error creating allocation: failed_get_allocation_blobbers: failed to get blobbers for allocation: not enough blobbers to honor the allocation)\n","    zboxcli_file_download_test.go:861: Test case [Download File With startblock And endblock Should Work] exit at [04-26-2023 14:51:52]\n",""],"Passed":false,"Skipped":false,"TestFileName":"","TestFunctionDetail":{"Line":0,"Col":0}}]},{"FailureIndicator":"failed","SkippedIndicator":"","TestResults":[{"TestName":"TestDownload/Download_File_Without_read-lock_Should_Fail","Package":"github.com/0chain/system_test/tests/cli_tests","ElapsedTime":24.6,"Output":["","    zboxcli_file_download_test.go:1210: Test case [Download File Without read-lock Should Fail] scheduled at [04-26-2023 14:51:28] \n","","","    system_test_framework.go:92: Test case [Download File Without read-lock Should Fail] start at [04-26-2023 14:52:17] \n","    zwalletcli_register_wallet_test.go:128: Registering wallet...\n","    zboxcli_update_allocation_test.go:1004: Executing faucet...\n","    zwalletcli_register_wallet_test.go:143: faucet output: [No wallet in path  config/TestDownload-Download_File_Without_read-lock_Should_Fail_wallet.json found. Creating wallet... ZCN wallet created!! Execute faucet smart contract success with txn :  c319703a0af81d316a0fe134daa51d32df3feccf61809d3525a7bf80c2100942]\n","    zboxcli_update_allocation_test.go:1004: Executing faucet...\n","    zboxcli_create_allocation_test.go:440: Creating new allocation...\n","    utils.go:67: \u001b[33mCommand failed on attempt [1/3] due to error [exit status 1]. Output: [Error creating allocation: failed_get_allocation_blobbers: failed to get blobbers for allocation: not enough blobbers to honor the allocation]\n","    utils.go:67: \u001b[33mCommand failed on attempt [2/3] due to error [exit status 1]. Output: [Error creating allocation: failed_get_allocation_blobbers: failed to get blobbers for allocation: not enough blobbers to honor the allocation]\n","    utils.go:70: \u001b[31mCommand failed on final attempt [3/3] due to error [exit status 1]. Command String: [./zbox newallocation --size 2048 --lock 5 --expire 1h --silent --wallet TestDownload-Download_File_Without_read-lock_Should_Fail_wallet.json --configDir ./config --config ./zbox_config.yaml --allocationFileName TestDownload-Download_File_Without_read-lock_Should_Fail_allocation.txt] Output: [Error creating allocation: failed_get_allocation_blobbers: failed to get blobbers for allocation: not enough blobbers to honor the allocation]\n","    utils.go:73: \u001b[31mThe verbose output for the command is:\n","    utils.go:77: \u001b[31m0chain-core-sdk [INFO]   2023/04/26 14:52:41.481415 wallet_base.go:311: ******* Wallet SDK Version:v1.8.13-45-g29b9769 ******* (SetLogFile)\n","    utils.go:77: \u001b[31m0box-sdk        [INFO]   2023/04/26 14:52:41.481446 sdk.go:78: ******* Storage SDK Version: v1.8.13-45-g29b9769 *******\n","    utils.go:77: \u001b[31m0chain-core-sdk [INFO]   2023/04/26 14:52:41.577901 transaction_base.go:139: ******* Wallet SDK Version:v1.8.13-45-g29b9769 ******* (InitZCNSDK)\n","    utils.go:77: \u001b[31m0box-sdk        [DEBUG]  2023/04/26 14:52:41.663715 networkworker.go:105: Get network result:{\"miners\":[\"https://test2.zus.network/miner01\",\"https://test2.zus.network/miner03\",\"https://test2.zus.network/miner02\"],\"sharders\":[\"https://test2.zus.network/sharder01\",\"https://test2.zus.network/sharder02\"]}\n","    utils.go:77: \u001b[31mError creating allocation: failed_get_allocation_blobbers: failed to get blobbers for allocation: not enough blobbers to honor the allocation\n","    assertions.go:264: \n","        \tError Trace:\t/root/actions-runner3/_work/system_test/system_test/tests/cli_tests/zboxcli_update_allocation_test.go:894\n","        \t            \t\t\t\t/root/actions-runner3/_work/system_test/system_test/tests/cli_tests/zboxcli_update_allocation_test.go:864\n","        \t            \t\t\t\t/root/actions-runner3/_work/system_test/system_test/tests/cli_tests/zboxcli_file_download_test.go:1215\n","        \t            \t\t\t\t/root/actions-runner3/_work/system_test/system_test/tests/cli_tests/system_test_framework.go:93\n","        \t            \t\t\t\t/root/actions-runner3/_work/system_test/system_test/tests/cli_tests/asm_amd64.s:1598\n","        \tError:      \tReceived unexpected error:\n","        \t            \texit status 1\n","        \tTest:       \tTestDownload/Download_File_Without_read-lock_Should_Fail\n","        \tMessages:   \tcreate new allocation failed%!(EXTRA string=Error creating allocation: failed_get_allocation_blobbers: failed to get blobbers for allocation: not enough blobbers to honor the allocation)\n","    zboxcli_file_download_test.go:1210: Test case [Download File Without read-lock Should Fail] exit at [04-26-2023 14:52:42]\n",""],"Passed":false,"Skipped":false,"TestFileName":"","TestFunctionDetail":{"Line":0,"Col":0}}]},{"FailureIndicator":"failed","SkippedIndicator":"","TestResults":[{"TestName":"TestDownload/Download_File_from_Nested_Directory_Should_Work","Package":"github.com/0chain/system_test/tests/cli_tests","ElapsedTime":24.63,"Output":["","    zboxcli_file_download_test.go:162: Test case [Download File from Nested Directory Should Work] scheduled at [04-26-2023 14:51:28] \n","","","    system_test_framework.go:92: Test case [Download File from Nested Directory Should Work] start at [04-26-2023 14:51:52] \n","    zwalletcli_register_wallet_test.go:128: Registering wallet...\n","    zboxcli_update_allocation_test.go:1004: Executing faucet...\n","    zwalletcli_register_wallet_test.go:143: faucet output: [No wallet in path  config/TestDownload-Download_File_from_Nested_Directory_Should_Work_wallet.json found. Creating wallet... ZCN wallet created!! Execute faucet smart contract success with txn :  e1953206d9df36d14b9269105952485feaded783bb3fee958003015379fcf1a3]\n","    zboxcli_update_allocation_test.go:1004: Executing faucet...\n","    zboxcli_create_allocation_test.go:440: Creating new allocation...\n","    utils.go:67: \u001b[33mCommand failed on attempt [1/3] due to error [exit status 1]. Output: [Error creating allocation: failed_get_allocation_blobbers: failed to get blobbers for allocation: not enough blobbers to honor the allocation]\n","    utils.go:67: \u001b[33mCommand failed on attempt [2/3] due to error [exit status 1]. Output: [Error creating allocation: failed_get_allocation_blobbers: failed to get blobbers for allocation: not enough blobbers to honor the allocation]\n","    utils.go:70: \u001b[31mCommand failed on final attempt [3/3] due to error [exit status 1]. Command String: [./zbox newallocation --lock 5 --expire 1h --size 2048 --silent --wallet TestDownload-Download_File_from_Nested_Directory_Should_Work_wallet.json --configDir ./config --config ./zbox_config.yaml --allocationFileName TestDownload-Download_File_from_Nested_Directory_Should_Work_allocation.txt] Output: [Error creating allocation: failed_get_allocation_blobbers: failed to get blobbers for allocation: not enough blobbers to honor the allocation]\n","    utils.go:73: \u001b[31mThe verbose output for the command is:\n","    utils.go:77: \u001b[31m0chain-core-sdk [INFO]   2023/04/26 14:52:16.987576 wallet_base.go:311: ******* Wallet SDK Version:v1.8.13-45-g29b9769 ******* (SetLogFile)\n","    utils.go:77: \u001b[31m0box-sdk        [INFO]   2023/04/26 14:52:16.987607 sdk.go:78: ******* Storage SDK Version: v1.8.13-45-g29b9769 *******\n","    utils.go:77: \u001b[31m0chain-core-sdk [INFO]   2023/04/26 14:52:17.080793 transaction_base.go:139: ******* Wallet SDK Version:v1.8.13-45-g29b9769 ******* (InitZCNSDK)\n","    utils.go:77: \u001b[31m0box-sdk        [DEBUG]  2023/04/26 14:52:17.164873 networkworker.go:105: Get network result:{\"miners\":[\"https://test2.zus.network/miner01\",\"https://test2.zus.network/miner03\",\"https://test2.zus.network/miner02\"],\"sharders\":[\"https://test2.zus.network/sharder02\",\"https://test2.zus.network/sharder01\"]}\n","    utils.go:77: \u001b[31mError creating allocation: failed_get_allocation_blobbers: failed to get blobbers for allocation: not enough blobbers to honor the allocation\n","    assertions.go:264: \n","        \tError Trace:\t/root/actions-runner3/_work/system_test/system_test/tests/cli_tests/zboxcli_update_allocation_test.go:894\n","        \t            \t\t\t\t/root/actions-runner3/_work/system_test/system_test/tests/cli_tests/zboxcli_update_allocation_test.go:864\n","        \t            \t\t\t\t/root/actions-runner3/_work/system_test/system_test/tests/cli_tests/zboxcli_file_download_test.go:1393\n","        \t            \t\t\t\t/root/actions-runner3/_work/system_test/system_test/tests/cli_tests/zboxcli_file_download_test.go:167\n","        \t            \t\t\t\t/root/actions-runner3/_work/system_test/system_test/tests/cli_tests/system_test_framework.go:93\n","        \t            \t\t\t\t/root/actions-runner3/_work/system_test/system_test/tests/cli_tests/asm_amd64.s:1598\n","        \tError:      \tReceived unexpected error:\n","        \t            \texit status 1\n","        \tTest:       \tTestDownload/Download_File_from_Nested_Directory_Should_Work\n","        \tMessages:   \tcreate new allocation failed%!(EXTRA string=Error creating allocation: failed_get_allocation_blobbers: failed to get blobbers for allocation: not enough blobbers to honor the allocation)\n","    zboxcli_file_download_test.go:162: Test case [Download File from Nested Directory Should Work] exit at [04-26-2023 14:52:17]\n",""],"Passed":false,"Skipped":false,"TestFileName":"","TestFunctionDetail":{"Line":0,"Col":0}}]},{"FailureIndicator":"","SkippedIndicator":"","TestResults":[{"TestName":"TestDownload/Download_File_from_Non-Existent_Allocation_Should_Fail","Package":"github.com/0chain/system_test/tests/cli_tests","ElapsedTime":24.6,"Output":["","    zboxcli_file_download_test.go:1116: Test case [Download File from Non-Existent Allocation Should Fail] scheduled at [04-26-2023 14:51:28] \n","","","    system_test_framework.go:92: Test case [Download File from Non-Existent Allocation Should Fail] start at [04-26-2023 14:52:41] \n","    zwalletcli_register_wallet_test.go:128: Registering wallet...\n","    zboxcli_update_allocation_test.go:1004: Executing faucet...\n","    zwalletcli_register_wallet_test.go:143: faucet output: [No wallet in path  config/TestDownload-Download_File_from_Non-Existent_Allocation_Should_Fail_wallet.json found. Creating wallet... ZCN wallet created!! Execute faucet smart contract success with txn :  d55cf77f94549b3736cb94001f55e63d9f8cea808e963185fa24ffab570a02c5]\n","    utils.go:138: Waiting 15s...\n","    zboxcli_file_download_test.go:1413: Downloading file...\n","    zboxcli_file_download_test.go:1116: Test case [Download File from Non-Existent Allocation Should Fail] exit at [04-26-2023 14:53:06]\n","--- PASS: TestDownload/Download_File_from_Non-Existent_Allocation_Should_Fail (24.60s)",""],"Passed":true,"Skipped":false,"TestFileName":"","TestFunctionDetail":{"Line":0,"Col":0}}]},{"FailureIndicator":"failed","SkippedIndicator":"","TestResults":[{"TestName":"TestDownload/Download_File_from_Other's_Allocation_Should_Fail","Package":"github.com/0chain/system_test/tests/cli_tests","ElapsedTime":24.53,"Output":["","    zboxcli_file_download_test.go:1132: Test case [Download File from Other's Allocation Should Fail] scheduled at [04-26-2023 14:51:28] \n","","","    system_test_framework.go:92: Test case [Download File from Other's Allocation Should Fail] start at [04-26-2023 14:52:00] \n","    assertions.go:264: \n","        \tError Trace:\t/root/actions-runner3/_work/system_test/system_test/tests/cli_tests/zboxcli_file_download_test.go:1148\n","        \t            \t\t\t\t/root/actions-runner3/_work/system_test/system_test/tests/cli_tests/system_test_framework.go:93\n","        \t            \t\t\t\t/root/actions-runner3/_work/system_test/system_test/tests/cli_tests/asm_amd64.s:1598\n","        \tError:      \tReceived unexpected error:\n","        \t            \tremove : no such file or directory\n","        \tTest:       \tTestDownload/Download_File_from_Other's_Allocation_Should_Fail\n","    zboxcli_file_download_test.go:1132: Test case [Download File from Other's Allocation Should Fail] exit at [04-26-2023 14:52:24]\n",""],"Passed":false,"Skipped":false,"TestFileName":"","TestFunctionDetail":{"Line":0,"Col":0}}]},{"FailureIndicator":"failed","SkippedIndicator":"","TestResults":[{"TestName":"TestDownload/Download_File_from_Other's_Allocation_Should_Fail/Get_Other_Allocation_ID","Package":"github.com/0chain/system_test/tests/cli_tests","ElapsedTime":24.53,"Output":["","    zboxcli_file_download_test.go:1139: Test case [Get Other Allocation ID] scheduled at [04-26-2023 14:52:00] \n","    zboxcli_file_download_test.go:1139: [WARN] Not running test case [Get Other Allocation ID] in parallel as it is a child test. Use t.Unwrap.run() then t.Parallel() if you wish to do this.\n","    system_test_framework.go:92: Test case [Get Other Allocation ID] start at [04-26-2023 14:52:00] \n","    zwalletcli_register_wallet_test.go:128: Registering wallet...\n","    zboxcli_update_allocation_test.go:1004: Executing faucet...\n","    zwalletcli_register_wallet_test.go:143: faucet output: [No wallet in path  config/TestDownload-Download_File_from_Other's_Allocation_Should_Fail-Get_Other_Allocation_ID_wallet.json found. Creating wallet... ZCN wallet created!! Execute faucet smart contract success with txn :  b815b92378d9e2dc2203db8771691f83b07c17b7c3ee8a53975fe851ecf41ae5]\n","    zboxcli_update_allocation_test.go:1004: Executing faucet...\n","    zboxcli_create_allocation_test.go:440: Creating new allocation...\n","    utils.go:67: \u001b[33mCommand failed on attempt [1/3] due to error [exit status 1]. Output: [Error creating allocation: failed_get_allocation_blobbers: failed to get blobbers for allocation: not enough blobbers to honor the allocation]\n","    utils.go:67: \u001b[33mCommand failed on attempt [2/3] due to error [exit status 1]. Output: [Error creating allocation: failed_get_allocation_blobbers: failed to get blobbers for allocation: not enough blobbers to honor the allocation]\n","    utils.go:70: \u001b[31mCommand failed on final attempt [3/3] due to error [exit status 1]. Command String: [./zbox newallocation --expire 1h --size 2048 --lock 5 --silent --wallet TestDownload-Download_File_from_Other's_Allocation_Should_Fail-Get_Other_Allocation_ID_wallet.json --configDir ./config --config ./zbox_config.yaml --allocationFileName TestDownload-Download_File_from_Other's_Allocation_Should_Fail-Get_Other_Allocation_ID_allocation.txt] Output: [Error creating allocation: failed_get_allocation_blobbers: failed to get blobbers for allocation: not enough blobbers to honor the allocation]\n","    utils.go:73: \u001b[31mThe verbose output for the command is:\n","    utils.go:77: \u001b[31m0chain-core-sdk [INFO]   2023/04/26 14:52:24.446929 wallet_base.go:311: ******* Wallet SDK Version:v1.8.13-45-g29b9769 ******* (SetLogFile)\n","    utils.go:77: \u001b[31m0box-sdk        [INFO]   2023/04/26 14:52:24.446964 sdk.go:78: ******* Storage SDK Version: v1.8.13-45-g29b9769 *******\n","    utils.go:77: \u001b[31m0chain-core-sdk [INFO]   2023/04/26 14:52:24.546183 transaction_base.go:139: ******* Wallet SDK Version:v1.8.13-45-g29b9769 ******* (InitZCNSDK)\n","    utils.go:77: \u001b[31m0box-sdk        [DEBUG]  2023/04/26 14:52:24.629500 networkworker.go:105: Get network result:{\"miners\":[\"https://test2.zus.network/miner01\",\"https://test2.zus.network/miner03\",\"https://test2.zus.network/miner02\"],\"sharders\":[\"https://test2.zus.network/sharder01\",\"https://test2.zus.network/sharder02\"]}\n","    utils.go:77: \u001b[31mError creating allocation: failed_get_allocation_blobbers: failed to get blobbers for allocation: not enough blobbers to honor the allocation\n","    assertions.go:264: \n","        \tError Trace:\t/root/actions-runner3/_work/system_test/system_test/tests/cli_tests/zboxcli_update_allocation_test.go:894\n","        \t            \t\t\t\t/root/actions-runner3/_work/system_test/system_test/tests/cli_tests/zboxcli_update_allocation_test.go:864\n","        \t            \t\t\t\t/root/actions-runner3/_work/system_test/system_test/tests/cli_tests/zboxcli_file_download_test.go:1140\n","        \t            \t\t\t\t/root/actions-runner3/_work/system_test/system_test/tests/cli_tests/system_test_framework.go:93\n","        \t            \t\t\t\t/root/actions-runner3/_work/system_test/system_test/tests/cli_tests/asm_amd64.s:1598\n","        \tError:      \tReceived unexpected error:\n","        \t            \texit status 1\n","        \tTest:       \tTestDownload/Download_File_from_Other's_Allocation_Should_Fail/Get_Other_Allocation_ID\n","        \tMessages:   \tcreate new allocation failed%!(EXTRA string=Error creating allocation: failed_get_allocation_blobbers: failed to get blobbers for allocation: not enough blobbers to honor the allocation)\n","    zboxcli_file_download_test.go:1139: Test case [Get Other Allocation ID] exit at [04-26-2023 14:52:24]\n",""],"Passed":false,"Skipped":false,"TestFileName":"","TestFunctionDetail":{"Line":0,"Col":0}}]},{"FailureIndicator":"failed","SkippedIndicator":"","TestResults":[{"TestName":"TestDownload/Download_File_from_Root_Directory_Should_Work","Package":"github.com/0chain/system_test/tests/cli_tests","ElapsedTime":24.39,"Output":["","    zboxcli_file_download_test.go:35: Test case [Download File from Root Directory Should Work] scheduled at [04-26-2023 14:51:28] \n","","","    system_test_framework.go:92: Test case [Download File from Root Directory Should Work] start at [04-26-2023 14:51:28] \n","    zwalletcli_register_wallet_test.go:128: Registering wallet...\n","    zboxcli_update_allocation_test.go:1004: Executing faucet...\n","    zwalletcli_register_wallet_test.go:143: faucet output: [No wallet in path  config/TestDownload-Download_File_from_Root_Directory_Should_Work_wallet.json found. Creating wallet... ZCN wallet created!! Execute faucet smart contract success with txn :  93843a00d4d7a0491af92653790f548f9e1ef1d0049448330d0b9097a202696c]\n","    zboxcli_update_allocation_test.go:1004: Executing faucet...\n","    zboxcli_create_allocation_test.go:440: Creating new allocation...\n","    utils.go:67: \u001b[33mCommand failed on attempt [1/3] due to error [exit status 1]. Output: [Error creating allocation: failed_get_allocation_blobbers: failed to get blobbers for allocation: not enough blobbers to honor the allocation]\n","    utils.go:67: \u001b[33mCommand failed on attempt [2/3] due to error [exit status 1]. Output: [Error creating allocation: failed_get_allocation_blobbers: failed to get blobbers for allocation: not enough blobbers to honor the allocation]\n","    utils.go:70: \u001b[31mCommand failed on final attempt [3/3] due to error [exit status 1]. Command String: [./zbox newallocation --expire 1h --size 2048 --lock 5 --silent --wallet TestDownload-Download_File_from_Root_Directory_Should_Work_wallet.json --configDir ./config --config ./zbox_config.yaml --allocationFileName TestDownload-Download_File_from_Root_Directory_Should_Work_allocation.txt] Output: [Error creating allocation: failed_get_allocation_blobbers: failed to get blobbers for allocation: not enough blobbers to honor the allocation]\n","    utils.go:73: \u001b[31mThe verbose output for the command is:\n","    utils.go:77: \u001b[31m0chain-core-sdk [INFO]   2023/04/26 14:51:52.148959 wallet_base.go:311: ******* Wallet SDK Version:v1.8.13-45-g29b9769 ******* (SetLogFile)\n","    utils.go:77: \u001b[31m0box-sdk        [INFO]   2023/04/26 14:51:52.148997 sdk.go:78: ******* Storage SDK Version: v1.8.13-45-g29b9769 *******\n","    utils.go:77: \u001b[31m0chain-core-sdk [INFO]   2023/04/26 14:51:52.243766 transaction_base.go:139: ******* Wallet SDK Version:v1.8.13-45-g29b9769 ******* (InitZCNSDK)\n","    utils.go:77: \u001b[31m0box-sdk        [DEBUG]  2023/04/26 14:51:52.326092 networkworker.go:105: Get network result:{\"miners\":[\"https://test2.zus.network/miner02\",\"https://test2.zus.network/miner01\",\"https://test2.zus.network/miner03\"],\"sharders\":[\"https://test2.zus.network/sharder01\",\"https://test2.zus.network/sharder02\"]}\n","    utils.go:77: \u001b[31mError creating allocation: failed_get_allocation_blobbers: failed to get blobbers for allocation: not enough blobbers to honor the allocation\n","    assertions.go:264: \n","        \tError Trace:\t/root/actions-runner3/_work/system_test/system_test/tests/cli_tests/zboxcli_update_allocation_test.go:894\n","        \t            \t\t\t\t/root/actions-runner3/_work/system_test/system_test/tests/cli_tests/zboxcli_update_allocation_test.go:864\n","        \t            \t\t\t\t/root/actions-runner3/_work/system_test/system_test/tests/cli_tests/zboxcli_file_download_test.go:1393\n","        \t            \t\t\t\t/root/actions-runner3/_work/system_test/system_test/tests/cli_tests/zboxcli_file_download_test.go:40\n","        \t            \t\t\t\t/root/actions-runner3/_work/system_test/system_test/tests/cli_tests/system_test_framework.go:93\n","        \t            \t\t\t\t/root/actions-runner3/_work/system_test/system_test/tests/cli_tests/asm_amd64.s:1598\n","        \tError:      \tReceived unexpected error:\n","        \t            \texit status 1\n","        \tTest:       \tTestDownload/Download_File_from_Root_Directory_Should_Work\n","        \tMessages:   \tcreate new allocation failed%!(EXTRA string=Error creating allocation: failed_get_allocation_blobbers: failed to get blobbers for allocation: not enough blobbers to honor the allocation)\n","    zboxcli_file_download_test.go:35: Test case [Download File from Root Directory Should Work] exit at [04-26-2023 14:51:52]\n",""],"Passed":false,"Skipped":false,"TestFileName":"","TestFunctionDetail":{"Line":0,"Col":0}}]},{"FailureIndicator":"failed","SkippedIndicator":"","TestResults":[{"TestName":"TestDownload/Download_File_from_a_Directory_Should_Work","Package":"github.com/0chain/system_test/tests/cli_tests","ElapsedTime":24.6,"Output":["","    zboxcli_file_download_test.go:129: Test case [Download File from a Directory Should Work] scheduled at [04-26-2023 14:51:28] \n","","","    system_test_framework.go:92: Test case [Download File from a Directory Should Work] start at [04-26-2023 14:51:52] \n","    zwalletcli_register_wallet_test.go:128: Registering wallet...\n","    zboxcli_update_allocation_test.go:1004: Executing faucet...\n","    zwalletcli_register_wallet_test.go:143: faucet output: [No wallet in path  config/TestDownload-Download_File_from_a_Directory_Should_Work_wallet.json found. Creating wallet... ZCN wallet created!! Execute faucet smart contract success with txn :  b4ea06bd9f3ecd81a3f342d9e701c06ccb6b8b8512082f3e77af23c6779ae97d]\n","    zboxcli_update_allocation_test.go:1004: Executing faucet...\n","    zboxcli_create_allocation_test.go:440: Creating new allocation...\n","    utils.go:67: \u001b[33mCommand failed on attempt [1/3] due to error [exit status 1]. Output: [Error creating allocation: failed_get_allocation_blobbers: failed to get blobbers for allocation: not enough blobbers to honor the allocation]\n","    utils.go:67: \u001b[33mCommand failed on attempt [2/3] due to error [exit status 1]. Output: [Error creating allocation: failed_get_allocation_blobbers: failed to get blobbers for allocation: not enough blobbers to honor the allocation]\n","    utils.go:70: \u001b[31mCommand failed on final attempt [3/3] due to error [exit status 1]. Command String: [./zbox newallocation --expire 1h --size 2048 --lock 5 --silent --wallet TestDownload-Download_File_from_a_Directory_Should_Work_wallet.json --configDir ./config --config ./zbox_config.yaml --allocationFileName TestDownload-Download_File_from_a_Directory_Should_Work_allocation.txt] Output: [Error creating allocation: failed_get_allocation_blobbers: failed to get blobbers for allocation: not enough blobbers to honor the allocation]\n","    utils.go:73: \u001b[31mThe verbose output for the command is:\n","    utils.go:77: \u001b[31m0chain-core-sdk [INFO]   2023/04/26 14:52:16.881906 wallet_base.go:311: ******* Wallet SDK Version:v1.8.13-45-g29b9769 ******* (SetLogFile)\n","    utils.go:77: \u001b[31m0box-sdk        [INFO]   2023/04/26 14:52:16.881943 sdk.go:78: ******* Storage SDK Version: v1.8.13-45-g29b9769 *******\n","    utils.go:77: \u001b[31m0chain-core-sdk [INFO]   2023/04/26 14:52:16.979026 transaction_base.go:139: ******* Wallet SDK Version:v1.8.13-45-g29b9769 ******* (InitZCNSDK)\n","    utils.go:77: \u001b[31m0box-sdk        [DEBUG]  2023/04/26 14:52:17.064103 networkworker.go:105: Get network result:{\"miners\":[\"https://test2.zus.network/miner01\",\"https://test2.zus.network/miner03\",\"https://test2.zus.network/miner02\"],\"sharders\":[\"https://test2.zus.network/sharder02\",\"https://test2.zus.network/sharder01\"]}\n","    utils.go:77: \u001b[31mError creating allocation: failed_get_allocation_blobbers: failed to get blobbers for allocation: not enough blobbers to honor the allocation\n","    assertions.go:264: \n","        \tError Trace:\t/root/actions-runner3/_work/system_test/system_test/tests/cli_tests/zboxcli_update_allocation_test.go:894\n","        \t            \t\t\t\t/root/actions-runner3/_work/system_test/system_test/tests/cli_tests/zboxcli_update_allocation_test.go:864\n","        \t            \t\t\t\t/root/actions-runner3/_work/system_test/system_test/tests/cli_tests/zboxcli_file_download_test.go:1393\n","        \t            \t\t\t\t/root/actions-runner3/_work/system_test/system_test/tests/cli_tests/zboxcli_file_download_test.go:134\n","        \t            \t\t\t\t/root/actions-runner3/_work/system_test/system_test/tests/cli_tests/system_test_framework.go:93\n","        \t            \t\t\t\t/root/actions-runner3/_work/system_test/system_test/tests/cli_tests/asm_amd64.s:1598\n","        \tError:      \tReceived unexpected error:\n","        \t            \texit status 1\n","        \tTest:       \tTestDownload/Download_File_from_a_Directory_Should_Work\n","        \tMessages:   \tcreate new allocation failed%!(EXTRA string=Error creating allocation: failed_get_allocation_blobbers: failed to get blobbers for allocation: not enough blobbers to honor the allocation)\n","    zboxcli_file_download_test.go:129: Test case [Download File from a Directory Should Work] exit at [04-26-2023 14:52:17]\n",""],"Passed":false,"Skipped":false,"TestFileName":"","TestFunctionDetail":{"Line":0,"Col":0}}]},{"FailureIndicator":"failed","SkippedIndicator":"","TestResults":[{"TestName":"TestDownload/Download_File_to_Existing_File_Should_Fail","Package":"github.com/0chain/system_test/tests/cli_tests","ElapsedTime":24.4,"Output":["","    zboxcli_file_download_test.go:1269: Test case [Download File to Existing File Should Fail] scheduled at [04-26-2023 14:51:28] \n","","","    system_test_framework.go:92: Test case [Download File to Existing File Should Fail] start at [04-26-2023 14:52:16] \n","    zwalletcli_register_wallet_test.go:128: Registering wallet...\n","    zboxcli_update_allocation_test.go:1004: Executing faucet...\n","    zwalletcli_register_wallet_test.go:143: faucet output: [No wallet in path  config/TestDownload-Download_File_to_Existing_File_Should_Fail_wallet.json found. Creating wallet... ZCN wallet created!! Execute faucet smart contract success with txn :  91e4afdafb76de26774ace104d0f1c0ca85614130e2bdb6d3792cd0cd5e2a170]\n","    zboxcli_update_allocation_test.go:1004: Executing faucet...\n","    zboxcli_create_allocation_test.go:440: Creating new allocation...\n","    utils.go:67: \u001b[33mCommand failed on attempt [1/3] due to error [exit status 1]. Output: [Error creating allocation: failed_get_allocation_blobbers: failed to get blobbers for allocation: not enough blobbers to honor the allocation]\n","    utils.go:67: \u001b[33mCommand failed on attempt [2/3] due to error [exit status 1]. Output: [Error creating allocation: failed_get_allocation_blobbers: failed to get blobbers for allocation: not enough blobbers to honor the allocation]\n","    utils.go:70: \u001b[31mCommand failed on final attempt [3/3] due to error [exit status 1]. Command String: [./zbox newallocation --expire 1h --size 2048 --lock 5 --silent --wallet TestDownload-Download_File_to_Existing_File_Should_Fail_wallet.json --configDir ./config --config ./zbox_config.yaml --allocationFileName TestDownload-Download_File_to_Existing_File_Should_Fail_allocation.txt] Output: [Error creating allocation: failed_get_allocation_blobbers: failed to get blobbers for allocation: not enough blobbers to honor the allocation]\n","    utils.go:73: \u001b[31mThe verbose output for the command is:\n","    utils.go:77: \u001b[31m0chain-core-sdk [INFO]   2023/04/26 14:52:40.479153 wallet_base.go:311: ******* Wallet SDK Version:v1.8.13-45-g29b9769 ******* (SetLogFile)\n","    utils.go:77: \u001b[31m0box-sdk        [INFO]   2023/04/26 14:52:40.479192 sdk.go:78: ******* Storage SDK Version: v1.8.13-45-g29b9769 *******\n","    utils.go:77: \u001b[31m0chain-core-sdk [INFO]   2023/04/26 14:52:40.576483 transaction_base.go:139: ******* Wallet SDK Version:v1.8.13-45-g29b9769 ******* (InitZCNSDK)\n","    utils.go:77: \u001b[31m0box-sdk        [DEBUG]  2023/04/26 14:52:40.662063 networkworker.go:105: Get network result:{\"miners\":[\"https://test2.zus.network/miner01\",\"https://test2.zus.network/miner03\",\"https://test2.zus.network/miner02\"],\"sharders\":[\"https://test2.zus.network/sharder01\",\"https://test2.zus.network/sharder02\"]}\n","    utils.go:77: \u001b[31mError creating allocation: failed_get_allocation_blobbers: failed to get blobbers for allocation: not enough blobbers to honor the allocation\n","    assertions.go:264: \n","        \tError Trace:\t/root/actions-runner3/_work/system_test/system_test/tests/cli_tests/zboxcli_update_allocation_test.go:894\n","        \t            \t\t\t\t/root/actions-runner3/_work/system_test/system_test/tests/cli_tests/zboxcli_update_allocation_test.go:864\n","        \t            \t\t\t\t/root/actions-runner3/_work/system_test/system_test/tests/cli_tests/zboxcli_file_download_test.go:1393\n","        \t            \t\t\t\t/root/actions-runner3/_work/system_test/system_test/tests/cli_tests/zboxcli_file_download_test.go:1274\n","        \t            \t\t\t\t/root/actions-runner3/_work/system_test/system_test/tests/cli_tests/system_test_framework.go:93\n","        \t            \t\t\t\t/root/actions-runner3/_work/system_test/system_test/tests/cli_tests/asm_amd64.s:1598\n","        \tError:      \tReceived unexpected error:\n","        \t            \texit status 1\n","        \tTest:       \tTestDownload/Download_File_to_Existing_File_Should_Fail\n","        \tMessages:   \tcreate new allocation failed%!(EXTRA string=Error creating allocation: failed_get_allocation_blobbers: failed to get blobbers for allocation: not enough blobbers to honor the allocation)\n","    zboxcli_file_download_test.go:1269: Test case [Download File to Existing File Should Fail] exit at [04-26-2023 14:52:40]\n",""],"Passed":false,"Skipped":false,"TestFileName":"","TestFunctionDetail":{"Line":0,"Col":0}}]},{"FailureIndicator":"failed","SkippedIndicator":"","TestResults":[{"TestName":"TestDownload/Download_File_using_Expired_Allocation_Should_Fail","Package":"github.com/0chain/system_test/tests/cli_tests","ElapsedTime":24.5,"Output":["","    zboxcli_file_download_test.go:1236: Test case [Download File using Expired Allocation Should Fail] scheduled at [04-26-2023 14:51:28] \n","","","    system_test_framework.go:92: Test case [Download File using Expired Allocation Should Fail] start at [04-26-2023 14:52:17] \n","    zwalletcli_register_wallet_test.go:128: Registering wallet...\n","    zboxcli_update_allocation_test.go:1004: Executing faucet...\n","    zwalletcli_register_wallet_test.go:143: faucet output: [No wallet in path  config/TestDownload-Download_File_using_Expired_Allocation_Should_Fail_wallet.json found. Creating wallet... ZCN wallet created!! Execute faucet smart contract success with txn :  b9e819aa42f574aa2479c253b59d97e0b2c136139b854599c3f76f75f9536e92]\n","    zboxcli_update_allocation_test.go:1004: Executing faucet...\n","    zboxcli_create_allocation_test.go:440: Creating new allocation...\n","    utils.go:67: \u001b[33mCommand failed on attempt [1/3] due to error [exit status 1]. Output: [Error creating allocation: failed_get_allocation_blobbers: failed to get blobbers for allocation: not enough blobbers to honor the allocation]\n","    utils.go:67: \u001b[33mCommand failed on attempt [2/3] due to error [exit status 1]. Output: [Error creating allocation: failed_get_allocation_blobbers: failed to get blobbers for allocation: not enough blobbers to honor the allocation]\n","    utils.go:70: \u001b[31mCommand failed on final attempt [3/3] due to error [exit status 1]. Command String: [./zbox newallocation --expire 30s --size 2048 --lock 5 --silent --wallet TestDownload-Download_File_using_Expired_Allocation_Should_Fail_wallet.json --configDir ./config --config ./zbox_config.yaml --allocationFileName TestDownload-Download_File_using_Expired_Allocation_Should_Fail_allocation.txt] Output: [Error creating allocation: failed_get_allocation_blobbers: failed to get blobbers for allocation: not enough blobbers to honor the allocation]\n","    utils.go:73: \u001b[31mThe verbose output for the command is:\n","    utils.go:77: \u001b[31m0chain-core-sdk [INFO]   2023/04/26 14:52:41.476413 wallet_base.go:311: ******* Wallet SDK Version:v1.8.13-45-g29b9769 ******* (SetLogFile)\n","    utils.go:77: \u001b[31m0box-sdk        [INFO]   2023/04/26 14:52:41.476461 sdk.go:78: ******* Storage SDK Version: v1.8.13-45-g29b9769 *******\n","    utils.go:77: \u001b[31m0chain-core-sdk [INFO]   2023/04/26 14:52:41.572083 transaction_base.go:139: ******* Wallet SDK Version:v1.8.13-45-g29b9769 ******* (InitZCNSDK)\n","    utils.go:77: \u001b[31m0box-sdk        [DEBUG]  2023/04/26 14:52:41.656123 networkworker.go:105: Get network result:{\"miners\":[\"https://test2.zus.network/miner01\",\"https://test2.zus.network/miner03\",\"https://test2.zus.network/miner02\"],\"sharders\":[\"https://test2.zus.network/sharder01\",\"https://test2.zus.network/sharder02\"]}\n","    utils.go:77: \u001b[31mError creating allocation: failed_get_allocation_blobbers: failed to get blobbers for allocation: not enough blobbers to honor the allocation\n","    assertions.go:264: \n","        \tError Trace:\t/root/actions-runner3/_work/system_test/system_test/tests/cli_tests/zboxcli_update_allocation_test.go:894\n","        \t            \t\t\t\t/root/actions-runner3/_work/system_test/system_test/tests/cli_tests/zboxcli_update_allocation_test.go:864\n","        \t            \t\t\t\t/root/actions-runner3/_work/system_test/system_test/tests/cli_tests/zboxcli_file_download_test.go:1393\n","        \t            \t\t\t\t/root/actions-runner3/_work/system_test/system_test/tests/cli_tests/zboxcli_file_download_test.go:1241\n","        \t            \t\t\t\t/root/actions-runner3/_work/system_test/system_test/tests/cli_tests/system_test_framework.go:93\n","        \t            \t\t\t\t/root/actions-runner3/_work/system_test/system_test/tests/cli_tests/asm_amd64.s:1598\n","        \tError:      \tReceived unexpected error:\n","        \t            \texit status 1\n","        \tTest:       \tTestDownload/Download_File_using_Expired_Allocation_Should_Fail\n","        \tMessages:   \tcreate new allocation failed%!(EXTRA string=Error creating allocation: failed_get_allocation_blobbers: failed to get blobbers for allocation: not enough blobbers to honor the allocation)\n","    zboxcli_file_download_test.go:1236: Test case [Download File using Expired Allocation Should Fail] exit at [04-26-2023 14:52:41]\n",""],"Passed":false,"Skipped":false,"TestFileName":"","TestFunctionDetail":{"Line":0,"Col":0}}]},{"FailureIndicator":"failed","SkippedIndicator":"","TestResults":[{"TestName":"TestDownload/Download_From_Shared_Folder_by_Lookup_Hash_Should_Work","Package":"github.com/0chain/system_test/tests/cli_tests","ElapsedTime":94.2,"Output":["","    zboxcli_file_download_test.go:501: Test case [Download From Shared Folder by Lookup Hash Should Work] scheduled at [04-26-2023 14:51:28] \n","","","    system_test_framework.go:92: Test case [Download From Shared Folder by Lookup Hash Should Work] start at [04-26-2023 14:51:28] \n","    zwalletcli_register_wallet_test.go:128: Registering wallet...\n","    zboxcli_update_allocation_test.go:1004: Executing faucet...\n","    zwalletcli_register_wallet_test.go:143: faucet output: [No wallet in path  config/TestDownload-Download_From_Shared_Folder_by_Lookup_Hash_Should_Work_wallet.json found. Creating wallet... ZCN wallet created!! Execute faucet smart contract success with txn :  7f6f09b104b47ba160c0aa30956820f7ba09e4ce6e9e03e2bcc7cfa739e82a35]\n","    zboxcli_update_allocation_test.go:1004: Executing faucet...\n","    zboxcli_download_token_test.go:132: Locking read tokens...\n","    utils.go:138: Waiting 15s...\n","    zboxcli_file_download_test.go:1413: Downloading file...\n","    utils.go:67: \u001b[33mCommand failed on attempt [1/3] due to error [exit status 1]. Output: [0chain-core-sdk [INFO]   2023/04/26 14:52:25.625646 wallet_base.go:311: ******* Wallet SDK Version:v1.8.13-45-g29b9769 ******* (SetLogFile) -\u003cNEWLINE\u003e- 0box-sdk        [INFO]   2023/04/26 14:52:25.625682 sdk.go:78: ******* Storage SDK Version: v1.8.13-45-g29b9769 ******* -\u003cNEWLINE\u003e- 0chain-core-sdk [INFO]   2023/04/26 14:52:25.722000 transaction_base.go:139: ******* Wallet SDK Version:v1.8.13-45-g29b9769 ******* (InitZCNSDK) -\u003cNEWLINE\u003e- 0box-sdk        [DEBUG]  2023/04/26 14:52:25.805808 networkworker.go:105: Get network result:{\"miners\":[\"https://test2.zus.network/miner01\",\"https://test2.zus.network/miner03\",\"https://test2.zus.network/miner02\"],\"sharders\":[\"https://test2.zus.network/sharder01\",\"https://test2.zus.network/sharder02\"]} -\u003cNEWLINE\u003e- auth_ticket_decode_error: Error decoding the auth ticket.illegal base64 data at input byte 0]\n","    utils.go:67: \u001b[33mCommand failed on attempt [2/3] due to error [exit status 1]. Output: [0chain-core-sdk [INFO]   2023/04/26 14:52:27.945626 wallet_base.go:311: ******* Wallet SDK Version:v1.8.13-45-g29b9769 ******* (SetLogFile) -\u003cNEWLINE\u003e- 0box-sdk        [INFO]   2023/04/26 14:52:27.945662 sdk.go:78: ******* Storage SDK Version: v1.8.13-45-g29b9769 ******* -\u003cNEWLINE\u003e- 0chain-core-sdk [INFO]   2023/04/26 14:52:28.061786 transaction_base.go:139: ******* Wallet SDK Version:v1.8.13-45-g29b9769 ******* (InitZCNSDK) -\u003cNEWLINE\u003e- 0box-sdk        [DEBUG]  2023/04/26 14:52:28.144882 networkworker.go:105: Get network result:{\"miners\":[\"https://test2.zus.network/miner01\",\"https://test2.zus.network/miner03\",\"https://test2.zus.network/miner02\"],\"sharders\":[\"https://test2.zus.network/sharder01\",\"https://test2.zus.network/sharder02\"]} -\u003cNEWLINE\u003e- auth_ticket_decode_error: Error decoding the auth ticket.illegal base64 data at input byte 0]\n","    utils.go:70: \u001b[31mCommand failed on final attempt [3/3] due to error [exit status 1]. Command String: [./zbox download --authticket  --localpath tmp/ --lookuphash --silent --wallet TestDownload-Download_From_Shared_Folder_by_Lookup_Hash_Should_Work_wallet.json --configDir ./config --config ./zbox_config.yaml] Output: [0chain-core-sdk [INFO]   2023/04/26 14:52:30.250212 wallet_base.go:311: ******* Wallet SDK Version:v1.8.13-45-g29b9769 ******* (SetLogFile) -\u003cNEWLINE\u003e- 0box-sdk        [INFO]   2023/04/26 14:52:30.250270 sdk.go:78: ******* Storage SDK Version: v1.8.13-45-g29b9769 ******* -\u003cNEWLINE\u003e- 0chain-core-sdk [INFO]   2023/04/26 14:52:30.345157 transaction_base.go:139: ******* Wallet SDK Version:v1.8.13-45-g29b9769 ******* (InitZCNSDK) -\u003cNEWLINE\u003e- 0box-sdk        [DEBUG]  2023/04/26 14:52:30.427643 networkworker.go:105: Get network result:{\"miners\":[\"https://test2.zus.network/miner02\",\"https://test2.zus.network/miner01\",\"https://test2.zus.network/miner03\"],\"sharders\":[\"https://test2.zus.network/sharder","02\",\"https://test2.zus.network/sharder01\"]} -\u003cNEWLINE\u003e- auth_ticket_decode_error: Error decoding the auth ticket.illegal base64 data at input byte 0]\n","    utils.go:73: \u001b[31mThe verbose output for the command is:\n","    utils.go:77: \u001b[31m0chain-core-sdk [INFO]   2023/04/26 14:52:30.547585 wallet_base.go:311: ******* Wallet SDK Version:v1.8.13-45-g29b9769 ******* (SetLogFile)\n","    utils.go:77: \u001b[31m0box-sdk        [INFO]   2023/04/26 14:52:30.547622 sdk.go:78: ******* Storage SDK Version: v1.8.13-45-g29b9769 *******\n","    utils.go:77: \u001b[31m0chain-core-sdk [INFO]   2023/04/26 14:52:30.648994 transaction_base.go:139: ******* Wallet SDK Version:v1.8.13-45-g29b9769 ******* (InitZCNSDK)\n","    utils.go:77: \u001b[31m0chain-core-sdk [INFO]   2023/04/26 14:52:30.651268 wallet_base.go:414: https://test2.zus.network/miner03/v1/client/put\n","    utils.go:77: \u001b[31m0chain-core-sdk [INFO]   2023/04/26 14:52:30.651292 wallet_base.go:414: https://test2.zus.network/miner01/v1/client/put\n","    utils.go:77: \u001b[31m0chain-core-sdk [INFO]   2023/04/26 14:52:30.651291 wallet_base.go:414: https://test2.zus.network/miner02/v1/client/put\n","    utils.go:77: \u001b[31m0chain-core-sdk [DEBUG]  2023/04/26 14:52:30.677795 wallet_base.go:437: https://test2.zus.network/miner03/v1/client/putStatus: 200 OK\n","    utils.go:77: \u001b[31m0chain-core-sdk [DEBUG]  2023/04/26 14:52:30.677856 wallet_base.go:437: https://test2.zus.network/miner02/v1/client/putStatus: 200 OK\n","    utils.go:77: \u001b[31m0chain-core-sdk [DEBUG]  2023/04/26 14:52:30.679075 wallet_base.go:437: https://test2.zus.network/miner01/v1/client/putStatus: 200 OK\n","    utils.go:77: \u001b[31mZCN wallet created\n","    utils.go:77: \u001b[31m0box-sdk        [DEBUG]  2023/04/26 14:52:30.766857 networkworker.go:105: Get network result:{\"miners\":[\"https://test2.zus.network/miner02\",\"https://test2.zus.network/miner01\",\"https://test2.zus.network/miner03\"],\"sharders\":[\"https://test2.zus.network/sharder02\",\"https://test2.zus.network/sharder01\"]}\n","    utils.go:77: \u001b[31mCreating related read pool for storage smart-contract...\n","    utils.go:77: \u001b[31m0box-sdk        [INFO]   2023/04/26 14:52:30.879921 sdk.go:1409: estimate txn fee{fee 18 1000000000  \u003cnil\u003e} {txn 23 0  0xc0001de1a0}\n","    utils.go:77: \u001b[31m0box-sdk        \u001b[31m[ERROR]  2023/04/26 14:53:02.433555 sdk.go:1442: Error verifying the transaction[txn] too less sharders to confirm it: min_confirmation is 50%, but got 0/2 sharders\n","    utils.go:77: \u001b[31mhttps://test2.zus.network/sharder02/v1/transaction/get/confirmation?hash=c6484b6a3d2982913af5526294b9d9224c95e019e613c606a85d8076b6803c58: [400] {\"code\":\"entity_not_found\",\"error\":\"entity_not_found: txn_summary not found with id = c6484b6a3d2982913af5526294b9d9224c95e019e613c606a85d8076b6803c58\"}\n","    utils.go:77: \u001b[31mhttps://test2.zus.network/sharder01/v1/transaction/get/confirmation?hash=c6484b6a3d2982913af5526294b9d9224c95e019e613c606a85d8076b6803c58: [400] {\"code\":\"entity_not_found\",\"error\":\"entity_not_found: txn_summary not found with id = c6484b6a3d2982913af5526294b9d9224c95e019e613c606a85d8076b6803c58\"}\n","    utils.go:77: \u001b[31mc6484b6a3d2982913af5526294b9d9224c95e019e613c606a85d8076b6803c58\u001b[0m\n","    utils.go:77: \u001b[31mFailed to create read pool: [txn] too less sharders to confirm it: min_confirmation is 50%, but got 0/2 sharders\n","    assertions.go:264: \n","        \tError Trace:\t/root/actions-runner3/_work/system_test/system_test/tests/cli_tests/zboxcli_file_download_test.go:550\n","        \t            \t\t\t\t/root/actions-runner3/_work/system_test/system_test/tests/cli_tests/system_test_framework.go:93\n","        \t            \t\t\t\t/root/actions-runner3/_work/system_test/system_test/tests/cli_tests/asm_amd64.s:1598\n","        \tError:      \tExpected nil, but got: \u0026exec.ExitError{ProcessState:(*os.ProcessState)(0xc0006945b8), Stderr:[]uint8(nil)}\n","        \tTest:       \tTestDownload/Download_From_Shared_Folder_by_Lookup_Hash_Should_Work\n","        \tMessages:   \t0chain-core-sdk [INFO]   2023/04/26 14:52:30.250212 wallet_base.go:311: ******* Wallet SDK Version:v1.8.13-45-g29b9769 ******* (SetLogFile)\n","        \t            \t0box-sdk        [INFO]   2023/04/26 14:52:30.250270 sdk.go:78: ******* Storage SDK Version: v1.8.13-45-g29b9769 *******\n","        \t            \t0chain-core-sdk [INFO]   2023/04/26 14:52:30.345157 transaction_base.go:139: ******* Wallet SDK Version:v1.8.13-45-g29b9769 ******* (InitZCNSDK)\n","        \t            \t0box-sdk        [DEBUG]  2023/04/26 14:52:30.427643 networkworker.go:105: Get network result:{\"miners\":[\"https://test2.zus.network/miner02\",\"https://test2.zus.network/miner01\",\"https://test2.zus.network/miner03\"],\"sharders\":[\"https://test2.zus.network/sharder02\",\"https://test2.zus.network/sharder01\"]}\n","        \t            \tauth_ticket_decode_error: Error decoding the auth ticket.illegal base64 data at input byte 0\n","    zboxcli_file_download_test.go:501: Test case [Download From Shared Folder by Lookup Hash Should Work] exit at [04-26-2023 14:53:02]\n",""],"Passed":false,"Skipped":false,"TestFileName":"","TestFunctionDetail":{"Line":0,"Col":0}}]},{"FailureIndicator":"failed","SkippedIndicator":"","TestResults":[{"TestName":"TestDownload/Download_From_Shared_Folder_by_Lookup_Hash_Should_Work/Share_File_from_Another_Wallet","Package":"github.com/0chain/system_test/tests/cli_tests","ElapsedTime":24.39,"Output":["","    zboxcli_file_download_test.go:508: Test case [Share File from Another Wallet] scheduled at [04-26-2023 14:51:28] \n","    zboxcli_file_download_test.go:508: [WARN] Not running test case [Share File from Another Wallet] in parallel as it is a child test. Use t.Unwrap.run() then t.Parallel() if you wish to do this.\n","    system_test_framework.go:92: Test case [Share File from Another Wallet] start at [04-26-2023 14:51:28] \n","    zwalletcli_register_wallet_test.go:128: Registering wallet...\n","    zboxcli_update_allocation_test.go:1004: Executing faucet...\n","    zwalletcli_register_wallet_test.go:143: faucet output: [No wallet in path  config/TestDownload-Download_From_Shared_Folder_by_Lookup_Hash_Should_Work-Share_File_from_Another_Wallet_wallet.json found. Creating wallet... ZCN wallet created!! Execute faucet smart contract success with txn :  3b8a3a9155a64ececa45501c60827cdde5314e03973d40511a29a696b48cd0ed]\n","    zboxcli_update_allocation_test.go:1004: Executing faucet...\n","    zboxcli_create_allocation_test.go:440: Creating new allocation...\n","    utils.go:67: \u001b[33mCommand failed on attempt [1/3] due to error [exit status 1]. Output: [Error creating allocation: failed_get_allocation_blobbers: failed to get blobbers for allocation: not enough blobbers to honor the allocation]\n","    utils.go:67: \u001b[33mCommand failed on attempt [2/3] due to error [exit status 1]. Output: [Error creating allocation: failed_get_allocation_blobbers: failed to get blobbers for allocation: not enough blobbers to honor the allocation]\n","    utils.go:70: \u001b[31mCommand failed on final attempt [3/3] due to error [exit status 1]. Command String: [./zbox newallocation --expire 1h --size 10240 --lock 5 --silent --wallet TestDownload-Download_From_Shared_Folder_by_Lookup_Hash_Should_Work-Share_File_from_Another_Wallet_wallet.json --configDir ./config --config ./zbox_config.yaml --allocationFileName TestDownload-Download_From_Shared_Folder_by_Lookup_Hash_Should_Work-Share_File_from_Another_Wallet_allocation.txt] Output: [Error creating allocation: failed_get_allocation_blobbers: failed to get blobbers for allocation: not enough blobbers to honor the allocation]\n","    utils.go:73: \u001b[31mThe verbose output for the command is:\n","    utils.go:77: \u001b[31m0chain-core-sdk [INFO]   2023/04/26 14:51:52.181186 wallet_base.go:311: ******* Wallet SDK Version:v1.8.13-45-g29b9769 ******* (SetLogFile)\n","    utils.go:77: \u001b[31m0box-sdk        [INFO]   2023/04/26 14:51:52.181224 sdk.go:78: ******* Storage SDK Version: v1.8.13-45-g29b9769 *******\n","    utils.go:77: \u001b[31m0chain-core-sdk [INFO]   2023/04/26 14:51:52.278064 transaction_base.go:139: ******* Wallet SDK Version:v1.8.13-45-g29b9769 ******* (InitZCNSDK)\n","    utils.go:77: \u001b[31m0box-sdk        [DEBUG]  2023/04/26 14:51:52.363573 networkworker.go:105: Get network result:{\"miners\":[\"https://test2.zus.network/miner02\",\"https://test2.zus.network/miner01\",\"https://test2.zus.network/miner03\"],\"sharders\":[\"https://test2.zus.network/sharder01\",\"https://test2.zus.network/sharder02\"]}\n","    utils.go:77: \u001b[31mError creating allocation: failed_get_allocation_blobbers: failed to get blobbers for allocation: not enough blobbers to honor the allocation\n","    assertions.go:264: \n","        \tError Trace:\t/root/actions-runner3/_work/system_test/system_test/tests/cli_tests/zboxcli_update_allocation_test.go:894\n","        \t            \t\t\t\t/root/actions-runner3/_work/system_test/system_test/tests/cli_tests/zboxcli_update_allocation_test.go:864\n","        \t            \t\t\t\t/root/actions-runner3/_work/system_test/system_test/tests/cli_tests/zboxcli_file_download_test.go:1393\n","        \t            \t\t\t\t/root/actions-runner3/_work/system_test/system_test/tests/cli_tests/zboxcli_file_download_test.go:509\n","        \t            \t\t\t\t/root/actions-runner3/_work/system_test/system_test/tests/cli_tests/system_test_framework.go:93\n","        \t            \t\t\t\t/root/actions-runner3/_work/system_test/system_test/tests/cli_tests/asm_amd64.s:1598\n","        \tError:      \tReceived unexpected error:\n","        \t            \texit status 1\n","        \tTest:       \tTestDownload/Download_From_Shared_Folder_by_Lookup_Hash_Should_Work/Share_File_from_Another_Wallet\n","        \tMessages:   \tcreate new allocation failed%!(EXTRA string=Error creating allocation: failed_get_allocation_blobbers: failed to get blobbers for allocation: not enough blobbers to honor the allocation)\n","    zboxcli_file_download_test.go:508: Test case [Share File from Another Wallet] exit at [04-26-2023 14:51:52]\n",""],"Passed":false,"Skipped":false,"TestFileName":"","TestFunctionDetail":{"Line":0,"Col":0}}]},{"FailureIndicator":"failed","SkippedIndicator":"","TestResults":[{"TestName":"TestDownload/Download_From_Shared_Folder_by_Remotepath_Should_Work","Package":"github.com/0chain/system_test/tests/cli_tests","ElapsedTime":62.89,"Output":["","    zboxcli_file_download_test.go:445: Test case [Download From Shared Folder by Remotepath Should Work] scheduled at [04-26-2023 14:51:28] \n","","","    system_test_framework.go:92: Test case [Download From Shared Folder by Remotepath Should Work] start at [04-26-2023 14:51:37] \n","    zwalletcli_register_wallet_test.go:128: Registering wallet...\n","    zboxcli_update_allocation_test.go:1004: Executing faucet...\n","    zwalletcli_register_wallet_test.go:143: faucet output: [No wallet in path  config/TestDownload-Download_From_Shared_Folder_by_Remotepath_Should_Work_wallet.json found. Creating wallet... ZCN wallet created!! Execute faucet smart contract success with txn :  ae42eb6ff5dd33ee98f41a45a23fdb510cfe297559695f027a675da3bb23447e]\n","    zboxcli_update_allocation_test.go:1004: Executing faucet...\n","    zboxcli_download_token_test.go:132: Locking read tokens...\n","    utils.go:138: Waiting 15s...\n","    zboxcli_file_download_test.go:1413: Downloading file...\n","    utils.go:67: \u001b[33mCommand failed on attempt [1/3] due to error [exit status 1]. Output: [auth_ticket_decode_error: Error decoding the auth ticket.illegal base64 data at input byte 0]\n","    utils.go:67: \u001b[33mCommand failed on attempt [2/3] due to error [exit status 1]. Output: [auth_ticket_decode_error: Error decoding the auth ticket.illegal base64 data at input byte 0]\n","    utils.go:70: \u001b[31mCommand failed on final attempt [3/3] due to error [exit status 1]. Command String: [./zbox download --authticket  --localpath tmp/ --remotepath /dir/. --silent --wallet TestDownload-Download_From_Shared_Folder_by_Remotepath_Should_Work_wallet.json --configDir ./config --config ./zbox_config.yaml] Output: [auth_ticket_decode_error: Error decoding the auth ticket.illegal base64 data at input byte 0]\n","    utils.go:73: \u001b[31mThe verbose output for the command is:\n","    utils.go:77: \u001b[31m0chain-core-sdk [INFO]   2023/04/26 14:52:40.346860 wallet_base.go:311: ******* Wallet SDK Version:v1.8.13-45-g29b9769 ******* (SetLogFile)\n","    utils.go:77: \u001b[31m0box-sdk        [INFO]   2023/04/26 14:52:40.346895 sdk.go:78: ******* Storage SDK Version: v1.8.13-45-g29b9769 *******\n","    utils.go:77: \u001b[31m0chain-core-sdk [INFO]   2023/04/26 14:52:40.443125 transaction_base.go:139: ******* Wallet SDK Version:v1.8.13-45-g29b9769 ******* (InitZCNSDK)\n","    utils.go:77: \u001b[31m0box-sdk        [DEBUG]  2023/04/26 14:52:40.527463 networkworker.go:105: Get network result:{\"miners\":[\"https://test2.zus.network/miner01\",\"https://test2.zus.network/miner03\",\"https://test2.zus.network/miner02\"],\"sharders\":[\"https://test2.zus.network/sharder01\",\"https://test2.zus.network/sharder02\"]}\n","    utils.go:77: \u001b[31mauth_ticket_decode_error: Error decoding the auth ticket.illegal base64 data at input byte 0\n","    assertions.go:264: \n","        \tError Trace:\t/root/actions-runner3/_work/system_test/system_test/tests/cli_tests/zboxcli_file_download_test.go:490\n","        \t            \t\t\t\t/root/actions-runner3/_work/system_test/system_test/tests/cli_tests/system_test_framework.go:93\n","        \t            \t\t\t\t/root/actions-runner3/_work/system_test/system_test/tests/cli_tests/asm_amd64.s:1598\n","        \tError:      \tExpected nil, but got: \u0026exec.ExitError{ProcessState:(*os.ProcessState)(0xc00044c450), Stderr:[]uint8(nil)}\n","        \tTest:       \tTestDownload/Download_From_Shared_Folder_by_Remotepath_Should_Work\n","        \tMessages:   \tauth_ticket_decode_error: Error decoding the auth ticket.illegal base64 data at input byte 0\n","    zboxcli_file_download_test.go:445: Test case [Download From Shared Folder by Remotepath Should Work] exit at [04-26-2023 14:52:40]\n",""],"Passed":false,"Skipped":false,"TestFileName":"","TestFunctionDetail":{"Line":0,"Col":0}}]},{"FailureIndicator":"failed","SkippedIndicator":"","TestResults":[{"TestName":"TestDownload/Download_From_Shared_Folder_by_Remotepath_Should_Work/Share_File_from_Another_Wallet","Package":"github.com/0chain/system_test/tests/cli_tests","ElapsedTime":24.56,"Output":["","    zboxcli_file_download_test.go:452: Test case [Share File from Another Wallet] scheduled at [04-26-2023 14:51:37] \n","    zboxcli_file_download_test.go:452: [WARN] Not running test case [Share File from Another Wallet] in parallel as it is a child test. Use t.Unwrap.run() then t.Parallel() if you wish to do this.\n","    system_test_framework.go:92: Test case [Share File from Another Wallet] start at [04-26-2023 14:51:37] \n","    zwalletcli_register_wallet_test.go:128: Registering wallet...\n","    zboxcli_update_allocation_test.go:1004: Executing faucet...\n","    zwalletcli_register_wallet_test.go:143: faucet output: [No wallet in path  config/TestDownload-Download_From_Shared_Folder_by_Remotepath_Should_Work-Share_File_from_Another_Wallet_wallet.json found. Creating wallet... ZCN wallet created!! Execute faucet smart contract success with txn :  51f5c45a67803c59feb0cd7d2c3386516fd03a4371d5b6c93abfd675702edd28]\n","    zboxcli_update_allocation_test.go:1004: Executing faucet...\n","    zboxcli_create_allocation_test.go:440: Creating new allocation...\n","    utils.go:67: \u001b[33mCommand failed on attempt [1/3] due to error [exit status 1]. Output: [Error creating allocation: failed_get_allocation_blobbers: failed to get blobbers for allocation: not enough blobbers to honor the allocation]\n","    utils.go:67: \u001b[33mCommand failed on attempt [2/3] due to error [exit status 1]. Output: [Error creating allocation: failed_get_allocation_blobbers: failed to get blobbers for allocation: not enough blobbers to honor the allocation]\n","    utils.go:70: \u001b[31mCommand failed on final attempt [3/3] due to error [exit status 1]. Command String: [./zbox newallocation --expire 1h --size 10240 --lock 5 --silent --wallet TestDownload-Download_From_Shared_Folder_by_Remotepath_Should_Work-Share_File_from_Another_Wallet_wallet.json --configDir ./config --config ./zbox_config.yaml --allocationFileName TestDownload-Download_From_Shared_Folder_by_Remotepath_Should_Work-Share_File_from_Another_Wallet_allocation.txt] Output: [Error creating allocation: failed_get_allocation_blobbers: failed to get blobbers for allocation: not enough blobbers to honor the allocation]\n","    utils.go:73: \u001b[31mThe verbose output for the command is:\n","    utils.go:77: \u001b[31m0chain-core-sdk [INFO]   2023/04/26 14:52:01.879021 wallet_base.go:311: ******* Wallet SDK Version:v1.8.13-45-g29b9769 ******* (SetLogFile)\n","    utils.go:77: \u001b[31m0box-sdk        [INFO]   2023/04/26 14:52:01.879053 sdk.go:78: ******* Storage SDK Version: v1.8.13-45-g29b9769 *******\n","    utils.go:77: \u001b[31m0chain-core-sdk [INFO]   2023/04/26 14:52:01.980464 transaction_base.go:139: ******* Wallet SDK Version:v1.8.13-45-g29b9769 ******* (InitZCNSDK)\n","    utils.go:77: \u001b[31m0box-sdk        [DEBUG]  2023/04/26 14:52:02.067113 networkworker.go:105: Get network result:{\"miners\":[\"https://test2.zus.network/miner02\",\"https://test2.zus.network/miner01\",\"https://test2.zus.network/miner03\"],\"sharders\":[\"https://test2.zus.network/sharder02\",\"https://test2.zus.network/sharder01\"]}\n","    utils.go:77: \u001b[31mError creating allocation: failed_get_allocation_blobbers: failed to get blobbers for allocation: not enough blobbers to honor the allocation\n","    assertions.go:264: \n","        \tError Trace:\t/root/actions-runner3/_work/system_test/system_test/tests/cli_tests/zboxcli_update_allocation_test.go:894\n","        \t            \t\t\t\t/root/actions-runner3/_work/system_test/system_test/tests/cli_tests/zboxcli_update_allocation_test.go:864\n","        \t            \t\t\t\t/root/actions-runner3/_work/system_test/system_test/tests/cli_tests/zboxcli_file_download_test.go:1393\n","        \t            \t\t\t\t/root/actions-runner3/_work/system_test/system_test/tests/cli_tests/zboxcli_file_download_test.go:453\n","        \t            \t\t\t\t/root/actions-runner3/_work/system_test/system_test/tests/cli_tests/system_test_framework.go:93\n","        \t            \t\t\t\t/root/actions-runner3/_work/system_test/system_test/tests/cli_tests/asm_amd64.s:1598\n","        \tError:      \tReceived unexpected error:\n","        \t            \texit status 1\n","        \tTest:       \tTestDownload/Download_From_Shared_Folder_by_Remotepath_Should_Work/Share_File_from_Another_Wallet\n","        \tMessages:   \tcreate new allocation failed%!(EXTRA string=Error creating allocation: failed_get_allocation_blobbers: failed to get blobbers for allocation: not enough blobbers to honor the allocation)\n","    zboxcli_file_download_test.go:452: Test case [Share File from Another Wallet] exit at [04-26-2023 14:52:02]\n",""],"Passed":false,"Skipped":false,"TestFileName":"","TestFunctionDetail":{"Line":0,"Col":0}}]},{"FailureIndicator":"failed","SkippedIndicator":"","TestResults":[{"TestName":"TestDownload/Download_Moved_File_Should_Work","Package":"github.com/0chain/system_test/tests/cli_tests","ElapsedTime":24.41,"Output":["","    zboxcli_file_download_test.go:1296: Test case [Download Moved File Should Work] scheduled at [04-26-2023 14:51:28] \n","","","    system_test_framework.go:92: Test case [Download Moved File Should Work] start at [04-26-2023 14:52:06] \n","    zwalletcli_register_wallet_test.go:128: Registering wallet...\n","    zboxcli_update_allocation_test.go:1004: Executing faucet...\n","    zwalletcli_register_wallet_test.go:143: faucet output: [No wallet in path  config/TestDownload-Download_Moved_File_Should_Work_wallet.json found. Creating wallet... ZCN wallet created!! Execute faucet smart contract success with txn :  5296b2a904c4d33560b6d6c046b3f8633aebf4c75f3afca39fafc2fb6e669446]\n","    zboxcli_update_allocation_test.go:1004: Executing faucet...\n","    zboxcli_create_allocation_test.go:440: Creating new allocation...\n","    utils.go:67: \u001b[33mCommand failed on attempt [1/3] due to error [exit status 1]. Output: [Error creating allocation: failed_get_allocation_blobbers: failed to get blobbers for allocation: not enough blobbers to honor the allocation]\n","    utils.go:67: \u001b[33mCommand failed on attempt [2/3] due to error [exit status 1]. Output: [Error creating allocation: failed_get_allocation_blobbers: failed to get blobbers for allocation: not enough blobbers to honor the allocation]\n","    utils.go:70: \u001b[31mCommand failed on final attempt [3/3] due to error [exit status 1]. Command String: [./zbox newallocation --expire 1h --size 2048 --lock 5 --silent --wallet TestDownload-Download_Moved_File_Should_Work_wallet.json --configDir ./config --config ./zbox_config.yaml --allocationFileName TestDownload-Download_Moved_File_Should_Work_allocation.txt] Output: [Error creating allocation: failed_get_allocation_blobbers: failed to get blobbers for allocation: not enough blobbers to honor the allocation]\n","    utils.go:73: \u001b[31mThe verbose output for the command is:\n","    utils.go:77: \u001b[31m0chain-core-sdk [INFO]   2023/04/26 14:52:30.653804 wallet_base.go:311: ******* Wallet SDK Version:v1.8.13-45-g29b9769 ******* (SetLogFile)\n","    utils.go:77: \u001b[31m0box-sdk        [INFO]   2023/04/26 14:52:30.653835 sdk.go:78: ******* Storage SDK Version: v1.8.13-45-g29b9769 *******\n","    utils.go:77: \u001b[31m0chain-core-sdk [INFO]   2023/04/26 14:52:30.751253 transaction_base.go:139: ******* Wallet SDK Version:v1.8.13-45-g29b9769 ******* (InitZCNSDK)\n","    utils.go:77: \u001b[31m0box-sdk        [DEBUG]  2023/04/26 14:52:30.834878 networkworker.go:105: Get network result:{\"miners\":[\"https://test2.zus.network/miner02\",\"https://test2.zus.network/miner01\",\"https://test2.zus.network/miner03\"],\"sharders\":[\"https://test2.zus.network/sharder02\",\"https://test2.zus.network/sharder01\"]}\n","    utils.go:77: \u001b[31mError creating allocation: failed_get_allocation_blobbers: failed to get blobbers for allocation: not enough blobbers to honor the allocation\n","    assertions.go:264: \n","        \tError Trace:\t/root/actions-runner3/_work/system_test/system_test/tests/cli_tests/zboxcli_update_allocation_test.go:894\n","        \t            \t\t\t\t/root/actions-runner3/_work/system_test/system_test/tests/cli_tests/zboxcli_update_allocation_test.go:864\n","        \t            \t\t\t\t/root/actions-runner3/_work/system_test/system_test/tests/cli_tests/zboxcli_file_download_test.go:1393\n","        \t            \t\t\t\t/root/actions-runner3/_work/system_test/system_test/tests/cli_tests/zboxcli_file_download_test.go:1301\n","        \t            \t\t\t\t/root/actions-runner3/_work/system_test/system_test/tests/cli_tests/system_test_framework.go:93\n","        \t            \t\t\t\t/root/actions-runner3/_work/system_test/system_test/tests/cli_tests/asm_amd64.s:1598\n","        \tError:      \tReceived unexpected error:\n","        \t            \texit status 1\n","        \tTest:       \tTestDownload/Download_Moved_File_Should_Work\n","        \tMessages:   \tcreate new allocation failed%!(EXTRA string=Error creating allocation: failed_get_allocation_blobbers: failed to get blobbers for allocation: not enough blobbers to honor the allocation)\n","    zboxcli_file_download_test.go:1296: Test case [Download Moved File Should Work] exit at [04-26-2023 14:52:31]\n",""],"Passed":false,"Skipped":false,"TestFileName":"","TestFunctionDetail":{"Line":0,"Col":0}}]},{"FailureIndicator":"failed","SkippedIndicator":"","TestResults":[{"TestName":"TestDownload/Download_Non-Existent_File_Should_Fail","Package":"github.com/0chain/system_test/tests/cli_tests","ElapsedTime":24.48,"Output":["","    zboxcli_file_download_test.go:1165: Test case [Download Non-Existent File Should Fail] scheduled at [04-26-2023 14:51:28] \n","","","    system_test_framework.go:92: Test case [Download Non-Existent File Should Fail] start at [04-26-2023 14:52:24] \n","    zwalletcli_register_wallet_test.go:128: Registering wallet...\n","    zboxcli_update_allocation_test.go:1004: Executing faucet...\n","    zwalletcli_register_wallet_test.go:143: faucet output: [No wallet in path  config/TestDownload-Download_Non-Existent_File_Should_Fail_wallet.json found. Creating wallet... ZCN wallet created!! Execute faucet smart contract success with txn :  4e389f62eb7b2c4d2e1e51bb4789ad17c4a901097e206e60f144a52072b3e546]\n","    zboxcli_update_allocation_test.go:1004: Executing faucet...\n","    zboxcli_create_allocation_test.go:440: Creating new allocation...\n","    utils.go:67: \u001b[33mCommand failed on attempt [1/3] due to error [exit status 1]. Output: [Error creating allocation: failed_get_allocation_blobbers: failed to get blobbers for allocation: not enough blobbers to honor the allocation]\n","    utils.go:67: \u001b[33mCommand failed on attempt [2/3] due to error [exit status 1]. Output: [Error creating allocation: failed_get_allocation_blobbers: failed to get blobbers for allocation: not enough blobbers to honor the allocation]\n","    utils.go:70: \u001b[31mCommand failed on final attempt [3/3] due to error [exit status 1]. Command String: [./zbox newallocation --size 10000 --lock 5 --expire 1h --silent --wallet TestDownload-Download_Non-Existent_File_Should_Fail_wallet.json --configDir ./config --config ./zbox_config.yaml --allocationFileName TestDownload-Download_Non-Existent_File_Should_Fail_allocation.txt] Output: [Error creating allocation: failed_get_allocation_blobbers: failed to get blobbers for allocation: not enough blobbers to honor the allocation]\n","    utils.go:73: \u001b[31mThe verbose output for the command is:\n","    utils.go:77: \u001b[31m0chain-core-sdk [INFO]   2023/04/26 14:52:48.877431 wallet_base.go:311: ******* Wallet SDK Version:v1.8.13-45-g29b9769 ******* (SetLogFile)\n","    utils.go:77: \u001b[31m0box-sdk        [INFO]   2023/04/26 14:52:48.877473 sdk.go:78: ******* Storage SDK Version: v1.8.13-45-g29b9769 *******\n","    utils.go:77: \u001b[31m0chain-core-sdk [INFO]   2023/04/26 14:52:48.977534 transaction_base.go:139: ******* Wallet SDK Version:v1.8.13-45-g29b9769 ******* (InitZCNSDK)\n","    utils.go:77: \u001b[31m0box-sdk        [DEBUG]  2023/04/26 14:52:49.062503 networkworker.go:105: Get network result:{\"miners\":[\"https://test2.zus.network/miner02\",\"https://test2.zus.network/miner01\",\"https://test2.zus.network/miner03\"],\"sharders\":[\"https://test2.zus.network/sharder02\",\"https://test2.zus.network/sharder01\"]}\n","    utils.go:77: \u001b[31mError creating allocation: failed_get_allocation_blobbers: failed to get blobbers for allocation: not enough blobbers to honor the allocation\n","    assertions.go:264: \n","        \tError Trace:\t/root/actions-runner3/_work/system_test/system_test/tests/cli_tests/zboxcli_update_allocation_test.go:894\n","        \t            \t\t\t\t/root/actions-runner3/_work/system_test/system_test/tests/cli_tests/zboxcli_update_allocation_test.go:864\n","        \t            \t\t\t\t/root/actions-runner3/_work/system_test/system_test/tests/cli_tests/zboxcli_file_download_test.go:1393\n","        \t            \t\t\t\t/root/actions-runner3/_work/system_test/system_test/tests/cli_tests/zboxcli_file_download_test.go:1168\n","        \t            \t\t\t\t/root/actions-runner3/_work/system_test/system_test/tests/cli_tests/system_test_framework.go:93\n","        \t            \t\t\t\t/root/actions-runner3/_work/system_test/system_test/tests/cli_tests/asm_amd64.s:1598\n","        \tError:      \tReceived unexpected error:\n","        \t            \texit status 1\n","        \tTest:       \tTestDownload/Download_Non-Existent_File_Should_Fail\n","        \tMessages:   \tcreate new allocation failed%!(EXTRA string=Error creating allocation: failed_get_allocation_blobbers: failed to get blobbers for allocation: not enough blobbers to honor the allocation)\n","    zboxcli_file_download_test.go:1165: Test case [Download Non-Existent File Should Fail] exit at [04-26-2023 14:52:49]\n",""],"Passed":false,"Skipped":false,"TestFileName":"","TestFunctionDetail":{"Line":0,"Col":0}}]},{"FailureIndicator":"failed","SkippedIndicator":"","TestResults":[{"TestName":"TestDownload/Download_Shared_Encrypted_File_Should_Work","Package":"github.com/0chain/system_test/tests/cli_tests","ElapsedTime":94.69,"Output":["","    zboxcli_file_download_test.go:371: Test case [Download Shared Encrypted File Should Work] scheduled at [04-26-2023 14:51:28] \n","","","    system_test_framework.go:92: Test case [Download Shared Encrypted File Should Work] start at [04-26-2023 14:51:47] \n","    zwalletcli_register_wallet_test.go:128: Registering wallet...\n","    zboxcli_update_allocation_test.go:1004: Executing faucet...\n","    zwalletcli_register_wallet_test.go:143: faucet output: [No wallet in path  config/TestDownload-Download_Shared_Encrypted_File_Should_Work_viewer_wallet.json found. Creating wallet... ZCN wallet created!! Execute faucet smart contract success with txn :  af8e90113509234a9fd1ef53187543d1c6e4e8fcf0017edbc502ce5a87ad4590]\n","    zboxcli_update_allocation_test.go:1004: Executing faucet...\n","    zboxcli_download_token_test.go:132: Locking read tokens...\n","    zwalletcli_register_wallet_test.go:220: Getting wallet...\n","    utils.go:138: Waiting 15s...\n","    zboxcli_file_download_test.go:1413: Downloading file...\n","    utils.go:67: \u001b[33mCommand failed on attempt [1/3] due to error [exit status 1]. Output: [0chain-core-sdk [INFO]   2023/04/26 14:52:44.986960 wallet_base.go:311: ******* Wallet SDK Version:v1.8.13-45-g29b9769 ******* (SetLogFile) -\u003cNEWLINE\u003e- 0box-sdk        [INFO]   2023/04/26 14:52:44.986995 sdk.go:78: ******* Storage SDK Version: v1.8.13-45-g29b9769 ******* -\u003cNEWLINE\u003e- 0chain-core-sdk [INFO]   2023/04/26 14:52:45.085184 transaction_base.go:139: ******* Wallet SDK Version:v1.8.13-45-g29b9769 ******* (InitZCNSDK) -\u003cNEWLINE\u003e- 0box-sdk        [DEBUG]  2023/04/26 14:52:45.167866 networkworker.go:105: Get network result:{\"miners\":[\"https://test2.zus.network/miner02\",\"https://test2.zus.network/miner01\",\"https://test2.zus.network/miner03\"],\"sharders\":[\"https://test2.zus.network/sharder02\",\"https://test2.zus.network/sharder01\"]} -\u003cNEWLINE\u003e- auth_ticket_decode_error: Error decoding the auth ticket.illegal base64 data at input byte 0]\n","    utils.go:67: \u001b[33mCommand failed on attempt [2/3] due to error [exit status 1]. Output: [0chain-core-sdk [INFO]   2023/04/26 14:52:47.282822 wallet_base.go:311: ******* Wallet SDK Version:v1.8.13-45-g29b9769 ******* (SetLogFile) -\u003cNEWLINE\u003e- 0box-sdk        [INFO]   2023/04/26 14:52:47.282869 sdk.go:78: ******* Storage SDK Version: v1.8.13-45-g29b9769 ******* -\u003cNEWLINE\u003e- 0chain-core-sdk [INFO]   2023/04/26 14:52:47.380800 transaction_base.go:139: ******* Wallet SDK Version:v1.8.13-45-g29b9769 ******* (InitZCNSDK) -\u003cNEWLINE\u003e- 0box-sdk        [DEBUG]  2023/04/26 14:52:47.465698 networkworker.go:105: Get network result:{\"miners\":[\"https://test2.zus.network/miner02\",\"https://test2.zus.network/miner01\",\"https://test2.zus.network/miner03\"],\"sharders\":[\"https://test2.zus.network/sharder02\",\"https://test2.zus.network/sharder01\"]} -\u003cNEWLINE\u003e- auth_ticket_decode_error: Error decoding the auth ticket.illegal base64 data at input byte 0]\n","    utils.go:70: \u001b[31mCommand failed on final attempt [3/3] due to error [exit status 1]. Command String: [./zbox download --localpath tmp/. --authticket --silent --wallet TestDownload-Download_Shared_Encrypted_File_Should_Work_viewer_wallet.json --configDir ./config --config ./zbox_config.yaml] Output: [0chain-core-sdk [INFO]   2023/04/26 14:52:49.567759 wallet_base.go:311: ******* Wallet SDK Version:v1.8.13-45-g29b9769 ******* (SetLogFile) -\u003cNEWLINE\u003e- 0box-sdk        [INFO]   2023/04/26 14:52:49.567793 sdk.go:78: ******* Storage SDK Version: v1.8.13-45-g29b9769 ******* -\u003cNEWLINE\u003e- 0chain-core-sdk [INFO]   2023/04/26 14:52:49.668192 transaction_base.go:139: ******* Wallet SDK Version:v1.8.13-45-g29b9769 ******* (InitZCNSDK) -\u003cNEWLINE\u003e- 0box-sdk        [DEBUG]  2023/04/26 14:52:49.754194 networkworker.go:105: Get network result:{\"miners\":[\"https://test2.zus.network/miner02\",\"https://test2.zus.network/miner01\",\"https://test2.zus.network/miner03\"],\"sharders\":[\"https://test2.zus.network/sharder02\",\"https://test2",".zus.network/sharder01\"]} -\u003cNEWLINE\u003e- auth_ticket_decode_error: Error decoding the auth ticket.illegal base64 data at input byte 0]\n","    utils.go:73: \u001b[31mThe verbose output for the command is:\n","    utils.go:77: \u001b[31m0chain-core-sdk [INFO]   2023/04/26 14:52:49.864797 wallet_base.go:311: ******* Wallet SDK Version:v1.8.13-45-g29b9769 ******* (SetLogFile)\n","    utils.go:77: \u001b[31m0box-sdk        [INFO]   2023/04/26 14:52:49.864851 sdk.go:78: ******* Storage SDK Version: v1.8.13-45-g29b9769 *******\n","    utils.go:77: \u001b[31m0chain-core-sdk [INFO]   2023/04/26 14:52:49.960177 transaction_base.go:139: ******* Wallet SDK Version:v1.8.13-45-g29b9769 ******* (InitZCNSDK)\n","    utils.go:77: \u001b[31m0box-sdk        [DEBUG]  2023/04/26 14:52:50.049082 networkworker.go:105: Get network result:{\"miners\":[\"https://test2.zus.network/miner02\",\"https://test2.zus.network/miner01\",\"https://test2.zus.network/miner03\"],\"sharders\":[\"https://test2.zus.network/sharder02\",\"https://test2.zus.network/sharder01\"]}\n","    utils.go:77: \u001b[31mCreating related read pool for storage smart-contract...\n","    utils.go:77: \u001b[31m0box-sdk        [INFO]   2023/04/26 14:52:50.162439 sdk.go:1409: estimate txn fee{fee 18 1000000000  \u003cnil\u003e} {txn 23 0  0xc00012cd00}\n","    utils.go:77: \u001b[31m0box-sdk        \u001b[31m[ERROR]  2023/04/26 14:53:21.734516 sdk.go:1442: Error verifying the transaction[txn] too less sharders to confirm it: min_confirmation is 50%, but got 0/2 sharders\n","    utils.go:77: \u001b[31mhttps://test2.zus.network/sharder01/v1/transaction/get/confirmation?hash=6893a55a1b81a087c934808ed996b21967b41bed86a8c04d8765d4427c5c2164: [400] {\"code\":\"entity_not_found\",\"error\":\"entity_not_found: txn_summary not found with id = 6893a55a1b81a087c934808ed996b21967b41bed86a8c04d8765d4427c5c2164\"}\n","    utils.go:77: \u001b[31mhttps://test2.zus.network/sharder02/v1/transaction/get/confirmation?hash=6893a55a1b81a087c934808ed996b21967b41bed86a8c04d8765d4427c5c2164: [400] {\"code\":\"entity_not_found\",\"error\":\"entity_not_found: txn_summary not found with id = 6893a55a1b81a087c934808ed996b21967b41bed86a8c04d8765d4427c5c2164\"}\n","    utils.go:77: \u001b[31m6893a55a1b81a087c934808ed996b21967b41bed86a8c04d8765d4427c5c2164\u001b[0m\n","    utils.go:77: \u001b[31mFailed to create read pool: [txn] too less sharders to confirm it: min_confirmation is 50%, but got 0/2 sharders\n","    assertions.go:264: \n","        \tError Trace:\t/root/actions-runner3/_work/system_test/system_test/tests/cli_tests/zboxcli_file_download_test.go:424\n","        \t            \t\t\t\t/root/actions-runner3/_work/system_test/system_test/tests/cli_tests/system_test_framework.go:93\n","        \t            \t\t\t\t/root/actions-runner3/_work/system_test/system_test/tests/cli_tests/asm_amd64.s:1598\n","        \tError:      \tExpected nil, but got: \u0026exec.ExitError{ProcessState:(*os.ProcessState)(0xc0000aa570), Stderr:[]uint8(nil)}\n","        \tTest:       \tTestDownload/Download_Shared_Encrypted_File_Should_Work\n","        \tMessages:   \t0chain-core-sdk [INFO]   2023/04/26 14:52:49.567759 wallet_base.go:311: ******* Wallet SDK Version:v1.8.13-45-g29b9769 ******* (SetLogFile)\n","        \t            \t0box-sdk        [INFO]   2023/04/26 14:52:49.567793 sdk.go:78: ******* Storage SDK Version: v1.8.13-45-g29b9769 *******\n","        \t            \t0chain-core-sdk [INFO]   2023/04/26 14:52:49.668192 transaction_base.go:139: ******* Wallet SDK Version:v1.8.13-45-g29b9769 ******* (InitZCNSDK)\n","        \t            \t0box-sdk        [DEBUG]  2023/04/26 14:52:49.754194 networkworker.go:105: Get network result:{\"miners\":[\"https://test2.zus.network/miner02\",\"https://test2.zus.network/miner01\",\"https://test2.zus.network/miner03\"],\"sharders\":[\"https://test2.zus.network/sharder02\",\"https://test2.zus.network/sharder01\"]}\n","        \t            \tauth_ticket_decode_error: Error decoding the auth ticket.illegal base64 data at input byte 0\n","    zboxcli_file_download_test.go:371: Test case [Download Shared Encrypted File Should Work] exit at [04-26-2023 14:53:21]\n",""],"Passed":false,"Skipped":false,"TestFileName":"","TestFunctionDetail":{"Line":0,"Col":0}}]},{"FailureIndicator":"failed","SkippedIndicator":"","TestResults":[{"TestName":"TestDownload/Download_Shared_Encrypted_File_Should_Work/Share_File_from_Another_Wallet","Package":"github.com/0chain/system_test/tests/cli_tests","ElapsedTime":24.42,"Output":["","    zboxcli_file_download_test.go:387: Test case [Share File from Another Wallet] scheduled at [04-26-2023 14:52:05] \n","    zboxcli_file_download_test.go:387: [WARN] Not running test case [Share File from Another Wallet] in parallel as it is a child test. Use t.Unwrap.run() then t.Parallel() if you wish to do this.\n","    system_test_framework.go:92: Test case [Share File from Another Wallet] start at [04-26-2023 14:52:05] \n","    zwalletcli_register_wallet_test.go:128: Registering wallet...\n","    zboxcli_update_allocation_test.go:1004: Executing faucet...\n","    zwalletcli_register_wallet_test.go:143: faucet output: [No wallet in path  config/TestDownload-Download_Shared_Encrypted_File_Should_Work-Share_File_from_Another_Wallet_wallet.json found. Creating wallet... ZCN wallet created!! Execute faucet smart contract success with txn :  607ca19592af837db834b01873aa24160e07227d1ff68cb192f6554b8a5a7154]\n","    zboxcli_update_allocation_test.go:1004: Executing faucet...\n","    zboxcli_create_allocation_test.go:440: Creating new allocation...\n","    utils.go:67: \u001b[33mCommand failed on attempt [1/3] due to error [exit status 1]. Output: [Error creating allocation: failed_get_allocation_blobbers: failed to get blobbers for allocation: not enough blobbers to honor the allocation]\n","    utils.go:67: \u001b[33mCommand failed on attempt [2/3] due to error [exit status 1]. Output: [Error creating allocation: failed_get_allocation_blobbers: failed to get blobbers for allocation: not enough blobbers to honor the allocation]\n","    utils.go:70: \u001b[31mCommand failed on final attempt [3/3] due to error [exit status 1]. Command String: [./zbox newallocation --expire 1h --size 10240 --lock 5 --silent --wallet TestDownload-Download_Shared_Encrypted_File_Should_Work-Share_File_from_Another_Wallet_wallet.json --configDir ./config --config ./zbox_config.yaml --allocationFileName TestDownload-Download_Shared_Encrypted_File_Should_Work-Share_File_from_Another_Wallet_allocation.txt] Output: [Error creating allocation: failed_get_allocation_blobbers: failed to get blobbers for allocation: not enough blobbers to honor the allocation]\n","    utils.go:73: \u001b[31mThe verbose output for the command is:\n","    utils.go:77: \u001b[31m0chain-core-sdk [INFO]   2023/04/26 14:52:29.546082 wallet_base.go:311: ******* Wallet SDK Version:v1.8.13-45-g29b9769 ******* (SetLogFile)\n","    utils.go:77: \u001b[31m0box-sdk        [INFO]   2023/04/26 14:52:29.546123 sdk.go:78: ******* Storage SDK Version: v1.8.13-45-g29b9769 *******\n","    utils.go:77: \u001b[31m0chain-core-sdk [INFO]   2023/04/26 14:52:29.642226 transaction_base.go:139: ******* Wallet SDK Version:v1.8.13-45-g29b9769 ******* (InitZCNSDK)\n","    utils.go:77: \u001b[31m0box-sdk        [DEBUG]  2023/04/26 14:52:29.726523 networkworker.go:105: Get network result:{\"miners\":[\"https://test2.zus.network/miner02\",\"https://test2.zus.network/miner01\",\"https://test2.zus.network/miner03\"],\"sharders\":[\"https://test2.zus.network/sharder02\",\"https://test2.zus.network/sharder01\"]}\n","    utils.go:77: \u001b[31mError creating allocation: failed_get_allocation_blobbers: failed to get blobbers for allocation: not enough blobbers to honor the allocation\n","    assertions.go:264: \n","        \tError Trace:\t/root/actions-runner3/_work/system_test/system_test/tests/cli_tests/zboxcli_update_allocation_test.go:894\n","        \t            \t\t\t\t/root/actions-runner3/_work/system_test/system_test/tests/cli_tests/zboxcli_update_allocation_test.go:864\n","        \t            \t\t\t\t/root/actions-runner3/_work/system_test/system_test/tests/cli_tests/zboxcli_file_download_test.go:1393\n","        \t            \t\t\t\t/root/actions-runner3/_work/system_test/system_test/tests/cli_tests/zboxcli_file_download_test.go:388\n","        \t            \t\t\t\t/root/actions-runner3/_work/system_test/system_test/tests/cli_tests/system_test_framework.go:93\n","        \t            \t\t\t\t/root/actions-runner3/_work/system_test/system_test/tests/cli_tests/asm_amd64.s:1598\n","        \tError:      \tReceived unexpected error:\n","        \t            \texit status 1\n","        \tTest:       \tTestDownload/Download_Shared_Encrypted_File_Should_Work/Share_File_from_Another_Wallet\n","        \tMessages:   \tcreate new allocation failed%!(EXTRA string=Error creating allocation: failed_get_allocation_blobbers: failed to get blobbers for allocation: not enough blobbers to honor the allocation)\n","    zboxcli_file_download_test.go:387: Test case [Share File from Another Wallet] exit at [04-26-2023 14:52:29]\n",""],"Passed":false,"Skipped":false,"TestFileName":"","TestFunctionDetail":{"Line":0,"Col":0}}]},{"FailureIndicator":"failed","SkippedIndicator":"","TestResults":[{"TestName":"TestDownload/Download_Shared_File_Should_Work","Package":"github.com/0chain/system_test/tests/cli_tests","ElapsedTime":62.67,"Output":["","    zboxcli_file_download_test.go:274: Test case [Download Shared File Should Work] scheduled at [04-26-2023 14:51:28] \n","","","    system_test_framework.go:92: Test case [Download Shared File Should Work] start at [04-26-2023 14:51:52] \n","    zwalletcli_register_wallet_test.go:128: Registering wallet...\n","    zboxcli_update_allocation_test.go:1004: Executing faucet...\n","    zwalletcli_register_wallet_test.go:143: faucet output: [No wallet in path  config/TestDownload-Download_Shared_File_Should_Work_wallet.json found. Creating wallet... ZCN wallet created!! Execute faucet smart contract success with txn :  097beda7274ea5fccd910b6edfc3bd0e9190c5a8b70883c6c4e2b49586e67649]\n","    zboxcli_update_allocation_test.go:1004: Executing faucet...\n","    zboxcli_download_token_test.go:132: Locking read tokens...\n","    utils.go:138: Waiting 15s...\n","    zboxcli_file_download_test.go:1413: Downloading file...\n","    utils.go:67: \u001b[33mCommand failed on attempt [1/3] due to error [exit status 1]. Output: [auth_ticket_decode_error: Error decoding the auth ticket.illegal base64 data at input byte 0]\n","    utils.go:67: \u001b[33mCommand failed on attempt [2/3] due to error [exit status 1]. Output: [auth_ticket_decode_error: Error decoding the auth ticket.illegal base64 data at input byte 0]\n","    utils.go:70: \u001b[31mCommand failed on final attempt [3/3] due to error [exit status 1]. Command String: [./zbox download --authticket  --localpath tmp/ --silent --wallet TestDownload-Download_Shared_File_Should_Work_wallet.json --configDir ./config --config ./zbox_config.yaml] Output: [auth_ticket_decode_error: Error decoding the auth ticket.illegal base64 data at input byte 0]\n","    utils.go:73: \u001b[31mThe verbose output for the command is:\n","    utils.go:77: \u001b[31m0chain-core-sdk [INFO]   2023/04/26 14:52:54.855602 wallet_base.go:311: ******* Wallet SDK Version:v1.8.13-45-g29b9769 ******* (SetLogFile)\n","    utils.go:77: \u001b[31m0box-sdk        [INFO]   2023/04/26 14:52:54.855639 sdk.go:78: ******* Storage SDK Version: v1.8.13-45-g29b9769 *******\n","    utils.go:77: \u001b[31m0chain-core-sdk [INFO]   2023/04/26 14:52:54.956991 transaction_base.go:139: ******* Wallet SDK Version:v1.8.13-45-g29b9769 ******* (InitZCNSDK)\n","    utils.go:77: \u001b[31m0box-sdk        [DEBUG]  2023/04/26 14:52:55.041674 networkworker.go:105: Get network result:{\"miners\":[\"https://test2.zus.network/miner01\",\"https://test2.zus.network/miner03\",\"https://test2.zus.network/miner02\"],\"sharders\":[\"https://test2.zus.network/sharder02\",\"https://test2.zus.network/sharder01\"]}\n","    utils.go:77: \u001b[31mauth_ticket_decode_error: Error decoding the auth ticket.illegal base64 data at input byte 0\n","    assertions.go:264: \n","        \tError Trace:\t/root/actions-runner3/_work/system_test/system_test/tests/cli_tests/zboxcli_file_download_test.go:319\n","        \t            \t\t\t\t/root/actions-runner3/_work/system_test/system_test/tests/cli_tests/system_test_framework.go:93\n","        \t            \t\t\t\t/root/actions-runner3/_work/system_test/system_test/tests/cli_tests/asm_amd64.s:1598\n","        \tError:      \tExpected nil, but got: \u0026exec.ExitError{ProcessState:(*os.ProcessState)(0xc000600888), Stderr:[]uint8(nil)}\n","        \tTest:       \tTestDownload/Download_Shared_File_Should_Work\n","        \tMessages:   \tauth_ticket_decode_error: Error decoding the auth ticket.illegal base64 data at input byte 0\n","    zboxcli_file_download_test.go:274: Test case [Download Shared File Should Work] exit at [04-26-2023 14:52:55]\n",""],"Passed":false,"Skipped":false,"TestFileName":"","TestFunctionDetail":{"Line":0,"Col":0}}]},{"FailureIndicator":"failed","SkippedIndicator":"","TestResults":[{"TestName":"TestDownload/Download_Shared_File_Should_Work/Share_File_from_Another_Wallet","Package":"github.com/0chain/system_test/tests/cli_tests","ElapsedTime":24.3,"Output":["","    zboxcli_file_download_test.go:281: Test case [Share File from Another Wallet] scheduled at [04-26-2023 14:51:52] \n","    zboxcli_file_download_test.go:281: [WARN] Not running test case [Share File from Another Wallet] in parallel as it is a child test. Use t.Unwrap.run() then t.Parallel() if you wish to do this.\n","    system_test_framework.go:92: Test case [Share File from Another Wallet] start at [04-26-2023 14:51:52] \n","    zwalletcli_register_wallet_test.go:128: Registering wallet...\n","    zboxcli_update_allocation_test.go:1004: Executing faucet...\n","    zwalletcli_register_wallet_test.go:143: faucet output: [No wallet in path  config/TestDownload-Download_Shared_File_Should_Work-Share_File_from_Another_Wallet_wallet.json found. Creating wallet... ZCN wallet created!! Execute faucet smart contract success with txn :  92d0ad6100124cd00d7661cb9e3b37784c648ff4e5ce767bdf3f5bd4a372d2a0]\n","    zboxcli_update_allocation_test.go:1004: Executing faucet...\n","    zboxcli_create_allocation_test.go:440: Creating new allocation...\n","    utils.go:67: \u001b[33mCommand failed on attempt [1/3] due to error [exit status 1]. Output: [Error creating allocation: failed_get_allocation_blobbers: failed to get blobbers for allocation: not enough blobbers to honor the allocation]\n","    utils.go:67: \u001b[33mCommand failed on attempt [2/3] due to error [exit status 1]. Output: [Error creating allocation: failed_get_allocation_blobbers: failed to get blobbers for allocation: not enough blobbers to honor the allocation]\n","    utils.go:70: \u001b[31mCommand failed on final attempt [3/3] due to error [exit status 1]. Command String: [./zbox newallocation --expire 1h --size 10240 --lock 5 --silent --wallet TestDownload-Download_Shared_File_Should_Work-Share_File_from_Another_Wallet_wallet.json --configDir ./config --config ./zbox_config.yaml --allocationFileName TestDownload-Download_Shared_File_Should_Work-Share_File_from_Another_Wallet_allocation.txt] Output: [Error creating allocation: failed_get_allocation_blobbers: failed to get blobbers for allocation: not enough blobbers to honor the allocation]\n","    utils.go:73: \u001b[31mThe verbose output for the command is:\n","    utils.go:77: \u001b[31m0chain-core-sdk [INFO]   2023/04/26 14:52:16.357449 wallet_base.go:311: ******* Wallet SDK Version:v1.8.13-45-g29b9769 ******* (SetLogFile)\n","    utils.go:77: \u001b[31m0box-sdk        [INFO]   2023/04/26 14:52:16.357504 sdk.go:78: ******* Storage SDK Version: v1.8.13-45-g29b9769 *******\n","    utils.go:77: \u001b[31m0chain-core-sdk [INFO]   2023/04/26 14:52:16.463196 transaction_base.go:139: ******* Wallet SDK Version:v1.8.13-45-g29b9769 ******* (InitZCNSDK)\n","    utils.go:77: \u001b[31m0box-sdk        [DEBUG]  2023/04/26 14:52:16.546669 networkworker.go:105: Get network result:{\"miners\":[\"https://test2.zus.network/miner01\",\"https://test2.zus.network/miner03\",\"https://test2.zus.network/miner02\"],\"sharders\":[\"https://test2.zus.network/sharder02\",\"https://test2.zus.network/sharder01\"]}\n","    utils.go:77: \u001b[31mError creating allocation: failed_get_allocation_blobbers: failed to get blobbers for allocation: not enough blobbers to honor the allocation\n","    assertions.go:264: \n","        \tError Trace:\t/root/actions-runner3/_work/system_test/system_test/tests/cli_tests/zboxcli_update_allocation_test.go:894\n","        \t            \t\t\t\t/root/actions-runner3/_work/system_test/system_test/tests/cli_tests/zboxcli_update_allocation_test.go:864\n","        \t            \t\t\t\t/root/actions-runner3/_work/system_test/system_test/tests/cli_tests/zboxcli_file_download_test.go:1393\n","        \t            \t\t\t\t/root/actions-runner3/_work/system_test/system_test/tests/cli_tests/zboxcli_file_download_test.go:282\n","        \t            \t\t\t\t/root/actions-runner3/_work/system_test/system_test/tests/cli_tests/system_test_framework.go:93\n","        \t            \t\t\t\t/root/actions-runner3/_work/system_test/system_test/tests/cli_tests/asm_amd64.s:1598\n","        \tError:      \tReceived unexpected error:\n","        \t            \texit status 1\n","        \tTest:       \tTestDownload/Download_Shared_File_Should_Work/Share_File_from_Another_Wallet\n","        \tMessages:   \tcreate new allocation failed%!(EXTRA string=Error creating allocation: failed_get_allocation_blobbers: failed to get blobbers for allocation: not enough blobbers to honor the allocation)\n","    zboxcli_file_download_test.go:281: Test case [Share File from Another Wallet] exit at [04-26-2023 14:52:16]\n",""],"Passed":false,"Skipped":false,"TestFileName":"","TestFunctionDetail":{"Line":0,"Col":0}}]},{"FailureIndicator":"failed","SkippedIndicator":"","TestResults":[{"TestName":"TestDownload/Download_Shared_File_by_Paying_Should_Work","Package":"github.com/0chain/system_test/tests/cli_tests","ElapsedTime":57.72,"Output":["","    zboxcli_file_download_test.go:608: Test case [Download Shared File by Paying Should Work] scheduled at [04-26-2023 14:51:28] \n","","","    system_test_framework.go:92: Test case [Download Shared File by Paying Should Work] start at [04-26-2023 14:52:40] \n","    zwalletcli_register_wallet_test.go:128: Registering wallet...\n","    zboxcli_update_allocation_test.go:1004: Executing faucet...\n","    zwalletcli_register_wallet_test.go:143: faucet output: [No wallet in path  config/TestDownload-Download_Shared_File_by_Paying_Should_Work_wallet.json found. Creating wallet... ZCN wallet created!! Execute faucet smart contract success with txn :  44687776a7b0123b08345ad9be6942ac7b03c5b2c9d7b5589071bba9b93d15ab]\n","    zboxcli_update_allocation_test.go:1004: Executing faucet...\n","    zboxcli_download_token_test.go:132: Locking read tokens...\n","    utils.go:138: Waiting 15s...\n","    zboxcli_file_download_test.go:1413: Downloading file...\n","    assertions.go:264: \n","        \tError Trace:\t/root/actions-runner3/_work/system_test/system_test/tests/cli_tests/zboxcli_file_download_test.go:649\n","        \t            \t\t\t\t/root/actions-runner3/_work/system_test/system_test/tests/cli_tests/system_test_framework.go:93\n","        \t            \t\t\t\t/root/actions-runner3/_work/system_test/system_test/tests/cli_tests/asm_amd64.s:1598\n","        \tError:      \tExpected nil, but got: \u0026exec.ExitError{ProcessState:(*os.ProcessState)(0xc0006001c8), Stderr:[]uint8(nil)}\n","        \tTest:       \tTestDownload/Download_Shared_File_by_Paying_Should_Work\n","        \tMessages:   \tauth_ticket_decode_error: Error decoding the auth ticket.illegal base64 data at input byte 0\n","    zboxcli_file_download_test.go:608: Test case [Download Shared File by Paying Should Work] exit at [04-26-2023 14:53:38]\n",""],"Passed":false,"Skipped":false,"TestFileName":"","TestFunctionDetail":{"Line":0,"Col":0}}]},{"FailureIndicator":"failed","SkippedIndicator":"","TestResults":[{"TestName":"TestDownload/Download_Shared_File_by_Paying_Should_Work/Share_File_from_Another_Wallet","Package":"github.com/0chain/system_test/tests/cli_tests","ElapsedTime":24.3,"Output":["","    zboxcli_file_download_test.go:615: Test case [Share File from Another Wallet] scheduled at [04-26-2023 14:52:40] \n","    zboxcli_file_download_test.go:615: [WARN] Not running test case [Share File from Another Wallet] in parallel as it is a child test. Use t.Unwrap.run() then t.Parallel() if you wish to do this.\n","    system_test_framework.go:92: Test case [Share File from Another Wallet] start at [04-26-2023 14:52:40] \n","    zwalletcli_register_wallet_test.go:128: Registering wallet...\n","    zboxcli_update_allocation_test.go:1004: Executing faucet...\n","    zwalletcli_register_wallet_test.go:143: faucet output: [No wallet in path  config/TestDownload-Download_Shared_File_by_Paying_Should_Work-Share_File_from_Another_Wallet_wallet.json found. Creating wallet... ZCN wallet created!! Execute faucet smart contract success with txn :  fcc928545c39a4e4c36dcd3f55206cd5a54896758b8879b81ab51fd4540d80d1]\n","    zboxcli_update_allocation_test.go:1004: Executing faucet...\n","    zboxcli_create_allocation_test.go:440: Creating new allocation...\n","    utils.go:67: \u001b[33mCommand failed on attempt [1/3] due to error [exit status 1]. Output: [Error creating allocation: failed_get_allocation_blobbers: failed to get blobbers for allocation: not enough blobbers to honor the allocation]\n","    utils.go:67: \u001b[33mCommand failed on attempt [2/3] due to error [exit status 1]. Output: [Error creating allocation: failed_get_allocation_blobbers: failed to get blobbers for allocation: not enough blobbers to honor the allocation]\n","    utils.go:70: \u001b[31mCommand failed on final attempt [3/3] due to error [exit status 1]. Command String: [./zbox newallocation --expire 1h --size 10240 --lock 5 --silent --wallet TestDownload-Download_Shared_File_by_Paying_Should_Work-Share_File_from_Another_Wallet_wallet.json --configDir ./config --config ./zbox_config.yaml --allocationFileName TestDownload-Download_Shared_File_by_Paying_Should_Work-Share_File_from_Another_Wallet_allocation.txt] Output: [Error creating allocation: failed_get_allocation_blobbers: failed to get blobbers for allocation: not enough blobbers to honor the allocation]\n","    utils.go:73: \u001b[31mThe verbose output for the command is:\n","    utils.go:77: \u001b[31m0chain-core-sdk [INFO]   2023/04/26 14:53:04.877582 wallet_base.go:311: ******* Wallet SDK Version:v1.8.13-45-g29b9769 ******* (SetLogFile)\n","    utils.go:77: \u001b[31m0box-sdk        [INFO]   2023/04/26 14:53:04.877619 sdk.go:78: ******* Storage SDK Version: v1.8.13-45-g29b9769 *******\n","    utils.go:77: \u001b[31m0chain-core-sdk [INFO]   2023/04/26 14:53:04.977629 transaction_base.go:139: ******* Wallet SDK Version:v1.8.13-45-g29b9769 ******* (InitZCNSDK)\n","    utils.go:77: \u001b[31m0box-sdk        [DEBUG]  2023/04/26 14:53:05.061682 networkworker.go:105: Get network result:{\"miners\":[\"https://test2.zus.network/miner02\",\"https://test2.zus.network/miner01\",\"https://test2.zus.network/miner03\"],\"sharders\":[\"https://test2.zus.network/sharder02\",\"https://test2.zus.network/sharder01\"]}\n","    utils.go:77: \u001b[31mError creating allocation: failed_get_allocation_blobbers: failed to get blobbers for allocation: not enough blobbers to honor the allocation\n","    assertions.go:264: \n","        \tError Trace:\t/root/actions-runner3/_work/system_test/system_test/tests/cli_tests/zboxcli_update_allocation_test.go:894\n","        \t            \t\t\t\t/root/actions-runner3/_work/system_test/system_test/tests/cli_tests/zboxcli_update_allocation_test.go:864\n","        \t            \t\t\t\t/root/actions-runner3/_work/system_test/system_test/tests/cli_tests/zboxcli_file_download_test.go:616\n","        \t            \t\t\t\t/root/actions-runner3/_work/system_test/system_test/tests/cli_tests/system_test_framework.go:93\n","        \t            \t\t\t\t/root/actions-runner3/_work/system_test/system_test/tests/cli_tests/asm_amd64.s:1598\n","        \tError:      \tReceived unexpected error:\n","        \t            \texit status 1\n","        \tTest:       \tTestDownload/Download_Shared_File_by_Paying_Should_Work/Share_File_from_Another_Wallet\n","        \tMessages:   \tcreate new allocation failed%!(EXTRA string=Error creating allocation: failed_get_allocation_blobbers: failed to get blobbers for allocation: not enough blobbers to honor the allocation)\n","    zboxcli_file_download_test.go:615: Test case [Share File from Another Wallet] exit at [04-26-2023 14:53:05]\n",""],"Passed":false,"Skipped":false,"TestFileName":"","TestFunctionDetail":{"Line":0,"Col":0}}]},{"FailureIndicator":"failed","SkippedIndicator":"","TestResults":[{"TestName":"TestDownload/Download_Shared_File_without_Paying_Should_Not_Work","Package":"github.com/0chain/system_test/tests/cli_tests","ElapsedTime":53.76,"Output":["","    zboxcli_file_download_test.go:561: Test case [Download Shared File without Paying Should Not Work] scheduled at [04-26-2023 14:51:28] \n","","","    system_test_framework.go:92: Test case [Download Shared File without Paying Should Not Work] start at [04-26-2023 14:52:41] \n","    zwalletcli_register_wallet_test.go:128: Registering wallet...\n","    zboxcli_update_allocation_test.go:1004: Executing faucet...\n","    zwalletcli_register_wallet_test.go:143: faucet output: [No wallet in path  config/TestDownload-Download_Shared_File_without_Paying_Should_Not_Work_wallet.json found. Creating wallet... ZCN wallet created!! Execute faucet smart contract success with txn :  8d41f2bc6abca218944237fbfceb7edac71462626d9c3daecc8d0abf3c46a6cc]\n","    utils.go:138: Waiting 15s...\n","    zboxcli_file_download_test.go:1413: Downloading file...\n","    utils.go:67: \u001b[33mCommand failed on attempt [1/3] due to error [exit status 1]. Output: [auth_ticket_decode_error: Error decoding the auth ticket.illegal base64 data at input byte 0]\n","    utils.go:67: \u001b[33mCommand failed on attempt [2/3] due to error [exit status 1]. Output: [auth_ticket_decode_error: Error decoding the auth ticket.illegal base64 data at input byte 0]\n","    utils.go:70: \u001b[31mCommand failed on final attempt [3/3] due to error [exit status 1]. Command String: [./zbox download --authticket  --localpath tmp/ --silent --wallet TestDownload-Download_Shared_File_without_Paying_Should_Not_Work_wallet.json --configDir ./config --config ./zbox_config.yaml] Output: [auth_ticket_decode_error: Error decoding the auth ticket.illegal base64 data at input byte 0]\n","    utils.go:73: \u001b[31mThe verbose output for the command is:\n","    utils.go:77: \u001b[31m0chain-core-sdk [INFO]   2023/04/26 14:53:34.746598 wallet_base.go:311: ******* Wallet SDK Version:v1.8.13-45-g29b9769 ******* (SetLogFile)\n","    utils.go:77: \u001b[31m0box-sdk        [INFO]   2023/04/26 14:53:34.746633 sdk.go:78: ******* Storage SDK Version: v1.8.13-45-g29b9769 *******\n","    utils.go:77: \u001b[31m0chain-core-sdk [INFO]   2023/04/26 14:53:34.845136 transaction_base.go:139: ******* Wallet SDK Version:v1.8.13-45-g29b9769 ******* (InitZCNSDK)\n","    utils.go:77: \u001b[31m0box-sdk        [DEBUG]  2023/04/26 14:53:34.932545 networkworker.go:105: Get network result:{\"miners\":[\"https://test2.zus.network/miner02\",\"https://test2.zus.network/miner01\",\"https://test2.zus.network/miner03\"],\"sharders\":[\"https://test2.zus.network/sharder02\",\"https://test2.zus.network/sharder01\"]}\n","    utils.go:77: \u001b[31mauth_ticket_decode_error: Error decoding the auth ticket.illegal base64 data at input byte 0\n","    assertions.go:264: \n","        \tError Trace:\t/root/actions-runner3/_work/system_test/system_test/tests/cli_tests/zboxcli_file_download_test.go:605\n","        \t            \t\t\t\t/root/actions-runner3/_work/system_test/system_test/tests/cli_tests/system_test_framework.go:93\n","        \t            \t\t\t\t/root/actions-runner3/_work/system_test/system_test/tests/cli_tests/asm_amd64.s:1598\n","        \tError:      \t\"[auth_ticket_decode_error: Error decoding the auth ticket.illegal base64 data at input byte 0]\" should have 3 item(s), but has 1\n","        \tTest:       \tTestDownload/Download_Shared_File_without_Paying_Should_Not_Work\n","    zboxcli_file_download_test.go:561: Test case [Download Shared File without Paying Should Not Work] exit at [04-26-2023 14:53:35]\n",""],"Passed":false,"Skipped":false,"TestFileName":"","TestFunctionDetail":{"Line":0,"Col":0}}]},{"FailureIndicator":"failed","SkippedIndicator":"","TestResults":[{"TestName":"TestDownload/Download_Shared_File_without_Paying_Should_Not_Work/Share_File_from_Another_Wallet","Package":"github.com/0chain/system_test/tests/cli_tests","ElapsedTime":24.56,"Output":["","    zboxcli_file_download_test.go:568: Test case [Share File from Another Wallet] scheduled at [04-26-2023 14:52:41] \n","    zboxcli_file_download_test.go:568: [WARN] Not running test case [Share File from Another Wallet] in parallel as it is a child test. Use t.Unwrap.run() then t.Parallel() if you wish to do this.\n","    system_test_framework.go:92: Test case [Share File from Another Wallet] start at [04-26-2023 14:52:41] \n","    zwalletcli_register_wallet_test.go:128: Registering wallet...\n","    zboxcli_update_allocation_test.go:1004: Executing faucet...\n","    zwalletcli_register_wallet_test.go:143: faucet output: [No wallet in path  config/TestDownload-Download_Shared_File_without_Paying_Should_Not_Work-Share_File_from_Another_Wallet_wallet.json found. Creating wallet... ZCN wallet created!! Execute faucet smart contract success with txn :  2cf13eace159f685a3fbcfe016ca952b663e50bb8361465343a8bbbc0459bdd4]\n","    zboxcli_update_allocation_test.go:1004: Executing faucet...\n","    zboxcli_create_allocation_test.go:440: Creating new allocation...\n","    utils.go:67: \u001b[33mCommand failed on attempt [1/3] due to error [exit status 1]. Output: [Error creating allocation: failed_get_allocation_blobbers: failed to get blobbers for allocation: not enough blobbers to honor the allocation]\n","    utils.go:67: \u001b[33mCommand failed on attempt [2/3] due to error [exit status 1]. Output: [Error creating allocation: failed_get_allocation_blobbers: failed to get blobbers for allocation: not enough blobbers to honor the allocation]\n","    utils.go:70: \u001b[31mCommand failed on final attempt [3/3] due to error [exit status 1]. Command String: [./zbox newallocation --expire 1h --size 10240 --lock 5 --silent --wallet TestDownload-Download_Shared_File_without_Paying_Should_Not_Work-Share_File_from_Another_Wallet_wallet.json --configDir ./config --config ./zbox_config.yaml --allocationFileName TestDownload-Download_Shared_File_without_Paying_Should_Not_Work-Share_File_from_Another_Wallet_allocation.txt] Output: [Error creating allocation: failed_get_allocation_blobbers: failed to get blobbers for allocation: not enough blobbers to honor the allocation]\n","    utils.go:73: \u001b[31mThe verbose output for the command is:\n","    utils.go:77: \u001b[31m0chain-core-sdk [INFO]   2023/04/26 14:53:05.279421 wallet_base.go:311: ******* Wallet SDK Version:v1.8.13-45-g29b9769 ******* (SetLogFile)\n","    utils.go:77: \u001b[31m0box-sdk        [INFO]   2023/04/26 14:53:05.279457 sdk.go:78: ******* Storage SDK Version: v1.8.13-45-g29b9769 *******\n","    utils.go:77: \u001b[31m0chain-core-sdk [INFO]   2023/04/26 14:53:05.382441 transaction_base.go:139: ******* Wallet SDK Version:v1.8.13-45-g29b9769 ******* (InitZCNSDK)\n","    utils.go:77: \u001b[31m0box-sdk        [DEBUG]  2023/04/26 14:53:05.468011 networkworker.go:105: Get network result:{\"miners\":[\"https://test2.zus.network/miner02\",\"https://test2.zus.network/miner01\",\"https://test2.zus.network/miner03\"],\"sharders\":[\"https://test2.zus.network/sharder02\",\"https://test2.zus.network/sharder01\"]}\n","    utils.go:77: \u001b[31mError creating allocation: failed_get_allocation_blobbers: failed to get blobbers for allocation: not enough blobbers to honor the allocation\n","    assertions.go:264: \n","        \tError Trace:\t/root/actions-runner3/_work/system_test/system_test/tests/cli_tests/zboxcli_update_allocation_test.go:894\n","        \t            \t\t\t\t/root/actions-runner3/_work/system_test/system_test/tests/cli_tests/zboxcli_update_allocation_test.go:864\n","        \t            \t\t\t\t/root/actions-runner3/_work/system_test/system_test/tests/cli_tests/zboxcli_file_download_test.go:1393\n","        \t            \t\t\t\t/root/actions-runner3/_work/system_test/system_test/tests/cli_tests/zboxcli_file_download_test.go:569\n","        \t            \t\t\t\t/root/actions-runner3/_work/system_test/system_test/tests/cli_tests/system_test_framework.go:93\n","        \t            \t\t\t\t/root/actions-runner3/_work/system_test/system_test/tests/cli_tests/asm_amd64.s:1598\n","        \tError:      \tReceived unexpected error:\n","        \t            \texit status 1\n","        \tTest:       \tTestDownload/Download_Shared_File_without_Paying_Should_Not_Work/Share_File_from_Another_Wallet\n","        \tMessages:   \tcreate new allocation failed%!(EXTRA string=Error creating allocation: failed_get_allocation_blobbers: failed to get blobbers for allocation: not enough blobbers to honor the allocation)\n","    zboxcli_file_download_test.go:568: Test case [Share File from Another Wallet] exit at [04-26-2023 14:53:05]\n",""],"Passed":false,"Skipped":false,"TestFileName":"","TestFunctionDetail":{"Line":0,"Col":0}}]},{"FailureIndicator":"failed","SkippedIndicator":"","TestResults":[{"TestName":"TestDownload/Download_from_Allocation_without_other_Parameter_Should_Fail","Package":"github.com/0chain/system_test/tests/cli_tests","ElapsedTime":24.5,"Output":["","    zboxcli_file_download_test.go:1195: Test case [Download from Allocation without other Parameter Should Fail] scheduled at [04-26-2023 14:51:28] \n","","","    system_test_framework.go:92: Test case [Download from Allocation without other Parameter Should Fail] start at [04-26-2023 14:52:17] \n","    zwalletcli_register_wallet_test.go:128: Registering wallet...\n","    zboxcli_update_allocation_test.go:1004: Executing faucet...\n","    zwalletcli_register_wallet_test.go:143: faucet output: [No wallet in path  config/TestDownload-Download_from_Allocation_without_other_Parameter_Should_Fail_wallet.json found. Creating wallet... ZCN wallet created!! Execute faucet smart contract success with txn :  315efc32f8f4dcb5d7bf9c293a9ebd1eb5bcf3223d0f171fd720d00bfea24adb]\n","    zboxcli_update_allocation_test.go:1004: Executing faucet...\n","    zboxcli_create_allocation_test.go:440: Creating new allocation...\n","    utils.go:67: \u001b[33mCommand failed on attempt [1/3] due to error [exit status 1]. Output: [Error creating allocation: failed_get_allocation_blobbers: failed to get blobbers for allocation: not enough blobbers to honor the allocation]\n","    utils.go:67: \u001b[33mCommand failed on attempt [2/3] due to error [exit status 1]. Output: [Error creating allocation: failed_get_allocation_blobbers: failed to get blobbers for allocation: not enough blobbers to honor the allocation]\n","    utils.go:70: \u001b[31mCommand failed on final attempt [3/3] due to error [exit status 1]. Command String: [./zbox newallocation --expire 1h --size 10000 --lock 5 --silent --wallet TestDownload-Download_from_Allocation_without_other_Parameter_Should_Fail_wallet.json --configDir ./config --config ./zbox_config.yaml --allocationFileName TestDownload-Download_from_Allocation_without_other_Parameter_Should_Fail_allocation.txt] Output: [Error creating allocation: failed_get_allocation_blobbers: failed to get blobbers for allocation: not enough blobbers to honor the allocation]\n","    utils.go:73: \u001b[31mThe verbose output for the command is:\n","    utils.go:77: \u001b[31m0chain-core-sdk [INFO]   2023/04/26 14:52:41.475613 wallet_base.go:311: ******* Wallet SDK Version:v1.8.13-45-g29b9769 ******* (SetLogFile)\n","    utils.go:77: \u001b[31m0box-sdk        [INFO]   2023/04/26 14:52:41.475652 sdk.go:78: ******* Storage SDK Version: v1.8.13-45-g29b9769 *******\n","    utils.go:77: \u001b[31m0chain-core-sdk [INFO]   2023/04/26 14:52:41.572758 transaction_base.go:139: ******* Wallet SDK Version:v1.8.13-45-g29b9769 ******* (InitZCNSDK)\n","    utils.go:77: \u001b[31m0box-sdk        [DEBUG]  2023/04/26 14:52:41.656687 networkworker.go:105: Get network result:{\"miners\":[\"https://test2.zus.network/miner01\",\"https://test2.zus.network/miner03\",\"https://test2.zus.network/miner02\"],\"sharders\":[\"https://test2.zus.network/sharder01\",\"https://test2.zus.network/sharder02\"]}\n","    utils.go:77: \u001b[31mError creating allocation: failed_get_allocation_blobbers: failed to get blobbers for allocation: not enough blobbers to honor the allocation\n","    assertions.go:264: \n","        \tError Trace:\t/root/actions-runner3/_work/system_test/system_test/tests/cli_tests/zboxcli_update_allocation_test.go:894\n","        \t            \t\t\t\t/root/actions-runner3/_work/system_test/system_test/tests/cli_tests/zboxcli_update_allocation_test.go:864\n","        \t            \t\t\t\t/root/actions-runner3/_work/system_test/system_test/tests/cli_tests/zboxcli_file_download_test.go:1393\n","        \t            \t\t\t\t/root/actions-runner3/_work/system_test/system_test/tests/cli_tests/zboxcli_file_download_test.go:1196\n","        \t            \t\t\t\t/root/actions-runner3/_work/system_test/system_test/tests/cli_tests/system_test_framework.go:93\n","        \t            \t\t\t\t/root/actions-runner3/_work/system_test/system_test/tests/cli_tests/asm_amd64.s:1598\n","        \tError:      \tReceived unexpected error:\n","        \t            \texit status 1\n","        \tTest:       \tTestDownload/Download_from_Allocation_without_other_Parameter_Should_Fail\n","        \tMessages:   \tcreate new allocation failed%!(EXTRA string=Error creating allocation: failed_get_allocation_blobbers: failed to get blobbers for allocation: not enough blobbers to honor the allocation)\n","    zboxcli_file_download_test.go:1195: Test case [Download from Allocation without other Parameter Should Fail] exit at [04-26-2023 14:52:41]\n",""],"Passed":false,"Skipped":false,"TestFileName":"","TestFunctionDetail":{"Line":0,"Col":0}}]},{"FailureIndicator":"failed","SkippedIndicator":"","TestResults":[{"TestName":"TestDownload/Download_to_Non-Existent_Path_Should_Work","Package":"github.com/0chain/system_test/tests/cli_tests","ElapsedTime":24.6,"Output":["","    zboxcli_file_download_test.go:744: Test case [Download to Non-Existent Path Should Work] scheduled at [04-26-2023 14:51:28] \n","","","    system_test_framework.go:92: Test case [Download to Non-Existent Path Should Work] start at [04-26-2023 14:51:28] \n","    zwalletcli_register_wallet_test.go:128: Registering wallet...\n","    zboxcli_update_allocation_test.go:1004: Executing faucet...\n","    zwalletcli_register_wallet_test.go:143: faucet output: [No wallet in path  config/TestDownload-Download_to_Non-Existent_Path_Should_Work_wallet.json found. Creating wallet... ZCN wallet created!! Execute faucet smart contract success with txn :  9943d8c5c8b6d012d2b719a1fbccbdd98bad56d14d29f2da7baf0fa2f368153b]\n","    zboxcli_update_allocation_test.go:1004: Executing faucet...\n","    zboxcli_create_allocation_test.go:440: Creating new allocation...\n","    utils.go:67: \u001b[33mCommand failed on attempt [1/3] due to error [exit status 1]. Output: [Error creating allocation: failed_get_allocation_blobbers: failed to get blobbers for allocation: not enough blobbers to honor the allocation]\n","    utils.go:67: \u001b[33mCommand failed on attempt [2/3] due to error [exit status 1]. Output: [Error creating allocation: failed_get_allocation_blobbers: failed to get blobbers for allocation: not enough blobbers to honor the allocation]\n","    utils.go:70: \u001b[31mCommand failed on final attempt [3/3] due to error [exit status 1]. Command String: [./zbox newallocation --expire 1h --size 2048 --lock 5 --silent --wallet TestDownload-Download_to_Non-Existent_Path_Should_Work_wallet.json --configDir ./config --config ./zbox_config.yaml --allocationFileName TestDownload-Download_to_Non-Existent_Path_Should_Work_allocation.txt] Output: [Error creating allocation: failed_get_allocation_blobbers: failed to get blobbers for allocation: not enough blobbers to honor the allocation]\n","    utils.go:73: \u001b[31mThe verbose output for the command is:\n","    utils.go:77: \u001b[31m0chain-core-sdk [INFO]   2023/04/26 14:51:52.450590 wallet_base.go:311: ******* Wallet SDK Version:v1.8.13-45-g29b9769 ******* (SetLogFile)\n","    utils.go:77: \u001b[31m0box-sdk        [INFO]   2023/04/26 14:51:52.450639 sdk.go:78: ******* Storage SDK Version: v1.8.13-45-g29b9769 *******\n","    utils.go:77: \u001b[31m0chain-core-sdk [INFO]   2023/04/26 14:51:52.549041 transaction_base.go:139: ******* Wallet SDK Version:v1.8.13-45-g29b9769 ******* (InitZCNSDK)\n","    utils.go:77: \u001b[31m0box-sdk        [DEBUG]  2023/04/26 14:51:52.634040 networkworker.go:105: Get network result:{\"miners\":[\"https://test2.zus.network/miner02\",\"https://test2.zus.network/miner01\",\"https://test2.zus.network/miner03\"],\"sharders\":[\"https://test2.zus.network/sharder01\",\"https://test2.zus.network/sharder02\"]}\n","    utils.go:77: \u001b[31mError creating allocation: failed_get_allocation_blobbers: failed to get blobbers for allocation: not enough blobbers to honor the allocation\n","    assertions.go:264: \n","        \tError Trace:\t/root/actions-runner3/_work/system_test/system_test/tests/cli_tests/zboxcli_update_allocation_test.go:894\n","        \t            \t\t\t\t/root/actions-runner3/_work/system_test/system_test/tests/cli_tests/zboxcli_update_allocation_test.go:864\n","        \t            \t\t\t\t/root/actions-runner3/_work/system_test/system_test/tests/cli_tests/zboxcli_file_download_test.go:1393\n","        \t            \t\t\t\t/root/actions-runner3/_work/system_test/system_test/tests/cli_tests/zboxcli_file_download_test.go:749\n","        \t            \t\t\t\t/root/actions-runner3/_work/system_test/system_test/tests/cli_tests/system_test_framework.go:93\n","        \t            \t\t\t\t/root/actions-runner3/_work/system_test/system_test/tests/cli_tests/asm_amd64.s:1598\n","        \tError:      \tReceived unexpected error:\n","        \t            \texit status 1\n","        \tTest:       \tTestDownload/Download_to_Non-Existent_Path_Should_Work\n","        \tMessages:   \tcreate new allocation failed%!(EXTRA string=Error creating allocation: failed_get_allocation_blobbers: failed to get blobbers for allocation: not enough blobbers to honor the allocation)\n","    zboxcli_file_download_test.go:744: Test case [Download to Non-Existent Path Should Work] exit at [04-26-2023 14:51:52]\n",""],"Passed":false,"Skipped":false,"TestFileName":"","TestFunctionDetail":{"Line":0,"Col":0}}]},{"FailureIndicator":"failed","SkippedIndicator":"","TestResults":[{"TestName":"TestDownload/Download_with_endblock_less_than_startblock_should_fail","Package":"github.com/0chain/system_test/tests/cli_tests","ElapsedTime":24.5,"Output":["","    zboxcli_file_download_test.go:984: Test case [Download with endblock less than startblock should fail] scheduled at [04-26-2023 14:51:28] \n","","","    system_test_framework.go:92: Test case [Download with endblock less than startblock should fail] start at [04-26-2023 14:52:55] \n","    zwalletcli_register_wallet_test.go:128: Registering wallet...\n","    zboxcli_update_allocation_test.go:1004: Executing faucet...\n","    zwalletcli_register_wallet_test.go:143: faucet output: [No wallet in path  config/TestDownload-Download_with_endblock_less_than_startblock_should_fail_wallet.json found. Creating wallet... ZCN wallet created!! Execute faucet smart contract success with txn :  dfea5115ad7c3061c17f922031cafa714990047f33b7ea99a60be343d61cb92f]\n","    zboxcli_update_allocation_test.go:1004: Executing faucet...\n","    zboxcli_create_allocation_test.go:440: Creating new allocation...\n","    utils.go:67: \u001b[33mCommand failed on attempt [1/3] due to error [exit status 1]. Output: [Error creating allocation: failed_get_allocation_blobbers: failed to get blobbers for allocation: not enough blobbers to honor the allocation]\n","    utils.go:67: \u001b[33mCommand failed on attempt [2/3] due to error [exit status 1]. Output: [Error creating allocation: failed_get_allocation_blobbers: failed to get blobbers for allocation: not enough blobbers to honor the allocation]\n","    utils.go:70: \u001b[31mCommand failed on final attempt [3/3] due to error [exit status 1]. Command String: [./zbox newallocation --expire 1h --size 2621440 --lock 5 --silent --wallet TestDownload-Download_with_endblock_less_than_startblock_should_fail_wallet.json --configDir ./config --config ./zbox_config.yaml --allocationFileName TestDownload-Download_with_endblock_less_than_startblock_should_fail_allocation.txt] Output: [Error creating allocation: failed_get_allocation_blobbers: failed to get blobbers for allocation: not enough blobbers to honor the allocation]\n","    utils.go:73: \u001b[31mThe verbose output for the command is:\n","    utils.go:77: \u001b[31m0chain-core-sdk [INFO]   2023/04/26 14:53:19.178573 wallet_base.go:311: ******* Wallet SDK Version:v1.8.13-45-g29b9769 ******* (SetLogFile)\n","    utils.go:77: \u001b[31m0box-sdk        [INFO]   2023/04/26 14:53:19.178621 sdk.go:78: ******* Storage SDK Version: v1.8.13-45-g29b9769 *******\n","    utils.go:77: \u001b[31m0chain-core-sdk [INFO]   2023/04/26 14:53:19.275951 transaction_base.go:139: ******* Wallet SDK Version:v1.8.13-45-g29b9769 ******* (InitZCNSDK)\n","    utils.go:77: \u001b[31m0box-sdk        [DEBUG]  2023/04/26 14:53:19.362439 networkworker.go:105: Get network result:{\"miners\":[\"https://test2.zus.network/miner02\",\"https://test2.zus.network/miner01\",\"https://test2.zus.network/miner03\"],\"sharders\":[\"https://test2.zus.network/sharder02\",\"https://test2.zus.network/sharder01\"]}\n","    utils.go:77: \u001b[31mError creating allocation: failed_get_allocation_blobbers: failed to get blobbers for allocation: not enough blobbers to honor the allocation\n","    assertions.go:264: \n","        \tError Trace:\t/root/actions-runner3/_work/system_test/system_test/tests/cli_tests/zboxcli_update_allocation_test.go:894\n","        \t            \t\t\t\t/root/actions-runner3/_work/system_test/system_test/tests/cli_tests/zboxcli_update_allocation_test.go:864\n","        \t            \t\t\t\t/root/actions-runner3/_work/system_test/system_test/tests/cli_tests/zboxcli_file_download_test.go:1393\n","        \t            \t\t\t\t/root/actions-runner3/_work/system_test/system_test/tests/cli_tests/zboxcli_file_download_test.go:990\n","        \t            \t\t\t\t/root/actions-runner3/_work/system_test/system_test/tests/cli_tests/system_test_framework.go:93\n","        \t            \t\t\t\t/root/actions-runner3/_work/system_test/system_test/tests/cli_tests/asm_amd64.s:1598\n","        \tError:      \tReceived unexpected error:\n","        \t            \texit status 1\n","        \tTest:       \tTestDownload/Download_with_endblock_less_than_startblock_should_fail\n","        \tMessages:   \tcreate new allocation failed%!(EXTRA string=Error creating allocation: failed_get_allocation_blobbers: failed to get blobbers for allocation: not enough blobbers to honor the allocation)\n","    zboxcli_file_download_test.go:984: Test case [Download with endblock less than startblock should fail] exit at [04-26-2023 14:53:19]\n",""],"Passed":false,"Skipped":false,"TestFileName":"","TestFunctionDetail":{"Line":0,"Col":0}}]},{"FailureIndicator":"failed","SkippedIndicator":"","TestResults":[{"TestName":"TestDownload/Download_with_negative_endblock_should_fail","Package":"github.com/0chain/system_test/tests/cli_tests","ElapsedTime":24.5,"Output":["","    zboxcli_file_download_test.go:1047: Test case [Download with negative endblock should fail] scheduled at [04-26-2023 14:51:28] \n","","","    system_test_framework.go:92: Test case [Download with negative endblock should fail] start at [04-26-2023 14:52:42] \n","    zwalletcli_register_wallet_test.go:128: Registering wallet...\n","    zboxcli_update_allocation_test.go:1004: Executing faucet...\n","    zwalletcli_register_wallet_test.go:143: faucet output: [No wallet in path  config/TestDownload-Download_with_negative_endblock_should_fail_wallet.json found. Creating wallet... ZCN wallet created!! Execute faucet smart contract success with txn :  63a708bd401f3cb256ccc37331957eb3e6db73bc6995ecfdce782de18a568073]\n","    zboxcli_update_allocation_test.go:1004: Executing faucet...\n","    zboxcli_create_allocation_test.go:440: Creating new allocation...\n","    utils.go:67: \u001b[33mCommand failed on attempt [1/3] due to error [exit status 1]. Output: [Error creating allocation: failed_get_allocation_blobbers: failed to get blobbers for allocation: not enough blobbers to honor the allocation]\n","    utils.go:67: \u001b[33mCommand failed on attempt [2/3] due to error [exit status 1]. Output: [Error creating allocation: failed_get_allocation_blobbers: failed to get blobbers for allocation: not enough blobbers to honor the allocation]\n","    utils.go:70: \u001b[31mCommand failed on final attempt [3/3] due to error [exit status 1]. Command String: [./zbox newallocation --size 2621440 --lock 5 --expire 1h --silent --wallet TestDownload-Download_with_negative_endblock_should_fail_wallet.json --configDir ./config --config ./zbox_config.yaml --allocationFileName TestDownload-Download_with_negative_endblock_should_fail_allocation.txt] Output: [Error creating allocation: failed_get_allocation_blobbers: failed to get blobbers for allocation: not enough blobbers to honor the allocation]\n","    utils.go:73: \u001b[31mThe verbose output for the command is:\n","    utils.go:77: \u001b[31m0chain-core-sdk [INFO]   2023/04/26 14:53:06.075359 wallet_base.go:311: ******* Wallet SDK Version:v1.8.13-45-g29b9769 ******* (SetLogFile)\n","    utils.go:77: \u001b[31m0box-sdk        [INFO]   2023/04/26 14:53:06.075399 sdk.go:78: ******* Storage SDK Version: v1.8.13-45-g29b9769 *******\n","    utils.go:77: \u001b[31m0chain-core-sdk [INFO]   2023/04/26 14:53:06.176520 transaction_base.go:139: ******* Wallet SDK Version:v1.8.13-45-g29b9769 ******* (InitZCNSDK)\n","    utils.go:77: \u001b[31m0box-sdk        [DEBUG]  2023/04/26 14:53:06.262271 networkworker.go:105: Get network result:{\"miners\":[\"https://test2.zus.network/miner02\",\"https://test2.zus.network/miner01\",\"https://test2.zus.network/miner03\"],\"sharders\":[\"https://test2.zus.network/sharder02\",\"https://test2.zus.network/sharder01\"]}\n","    utils.go:77: \u001b[31mError creating allocation: failed_get_allocation_blobbers: failed to get blobbers for allocation: not enough blobbers to honor the allocation\n","    assertions.go:264: \n","        \tError Trace:\t/root/actions-runner3/_work/system_test/system_test/tests/cli_tests/zboxcli_update_allocation_test.go:894\n","        \t            \t\t\t\t/root/actions-runner3/_work/system_test/system_test/tests/cli_tests/zboxcli_update_allocation_test.go:864\n","        \t            \t\t\t\t/root/actions-runner3/_work/system_test/system_test/tests/cli_tests/zboxcli_file_download_test.go:1393\n","        \t            \t\t\t\t/root/actions-runner3/_work/system_test/system_test/tests/cli_tests/zboxcli_file_download_test.go:1053\n","        \t            \t\t\t\t/root/actions-runner3/_work/system_test/system_test/tests/cli_tests/system_test_framework.go:93\n","        \t            \t\t\t\t/root/actions-runner3/_work/system_test/system_test/tests/cli_tests/asm_amd64.s:1598\n","        \tError:      \tReceived unexpected error:\n","        \t            \texit status 1\n","        \tTest:       \tTestDownload/Download_with_negative_endblock_should_fail\n","        \tMessages:   \tcreate new allocation failed%!(EXTRA string=Error creating allocation: failed_get_allocation_blobbers: failed to get blobbers for allocation: not enough blobbers to honor the allocation)\n","    zboxcli_file_download_test.go:1047: Test case [Download with negative endblock should fail] exit at [04-26-2023 14:53:06]\n",""],"Passed":false,"Skipped":false,"TestFileName":"","TestFunctionDetail":{"Line":0,"Col":0}}]},{"FailureIndicator":"failed","SkippedIndicator":"","TestResults":[{"TestName":"TestDownload/Download_with_negative_startblock_should_fail","Package":"github.com/0chain/system_test/tests/cli_tests","ElapsedTime":24.58,"Output":["","    zboxcli_file_download_test.go:1017: Test case [Download with negative startblock should fail] scheduled at [04-26-2023 14:51:28] \n","","","    system_test_framework.go:92: Test case [Download with negative startblock should fail] start at [04-26-2023 14:52:41] \n","    zwalletcli_register_wallet_test.go:128: Registering wallet...\n","    zboxcli_update_allocation_test.go:1004: Executing faucet...\n","    zwalletcli_register_wallet_test.go:143: faucet output: [No wallet in path  config/TestDownload-Download_with_negative_startblock_should_fail_wallet.json found. Creating wallet... ZCN wallet created!! Execute faucet smart contract success with txn :  019a7ddd7656807717080976efa607fe2752f1080d383c739ff8fe6bfcc592e8]\n","    zboxcli_update_allocation_test.go:1004: Executing faucet...\n","    zboxcli_create_allocation_test.go:440: Creating new allocation...\n","    utils.go:67: \u001b[33mCommand failed on attempt [1/3] due to error [exit status 1]. Output: [Error creating allocation: failed_get_allocation_blobbers: failed to get blobbers for allocation: not enough blobbers to honor the allocation]\n","    utils.go:67: \u001b[33mCommand failed on attempt [2/3] due to error [exit status 1]. Output: [Error creating allocation: failed_get_allocation_blobbers: failed to get blobbers for allocation: not enough blobbers to honor the allocation]\n","    utils.go:70: \u001b[31mCommand failed on final attempt [3/3] due to error [exit status 1]. Command String: [./zbox newallocation --expire 1h --size 2621440 --lock 5 --silent --wallet TestDownload-Download_with_negative_startblock_should_fail_wallet.json --configDir ./config --config ./zbox_config.yaml --allocationFileName TestDownload-Download_with_negative_startblock_should_fail_allocation.txt] Output: [Error creating allocation: failed_get_allocation_blobbers: failed to get blobbers for allocation: not enough blobbers to honor the allocation]\n","    utils.go:73: \u001b[31mThe verbose output for the command is:\n","    utils.go:77: \u001b[31m0chain-core-sdk [INFO]   2023/04/26 14:53:05.876463 wallet_base.go:311: ******* Wallet SDK Version:v1.8.13-45-g29b9769 ******* (SetLogFile)\n","    utils.go:77: \u001b[31m0box-sdk        [INFO]   2023/04/26 14:53:05.876499 sdk.go:78: ******* Storage SDK Version: v1.8.13-45-g29b9769 *******\n","    utils.go:77: \u001b[31m0chain-core-sdk [INFO]   2023/04/26 14:53:05.971968 transaction_base.go:139: ******* Wallet SDK Version:v1.8.13-45-g29b9769 ******* (InitZCNSDK)\n","    utils.go:77: \u001b[31m0box-sdk        [DEBUG]  2023/04/26 14:53:06.055454 networkworker.go:105: Get network result:{\"miners\":[\"https://test2.zus.network/miner02\",\"https://test2.zus.network/miner01\",\"https://test2.zus.network/miner03\"],\"sharders\":[\"https://test2.zus.network/sharder02\",\"https://test2.zus.network/sharder01\"]}\n","    utils.go:77: \u001b[31mError creating allocation: failed_get_allocation_blobbers: failed to get blobbers for allocation: not enough blobbers to honor the allocation\n","    assertions.go:264: \n","        \tError Trace:\t/root/actions-runner3/_work/system_test/system_test/tests/cli_tests/zboxcli_update_allocation_test.go:894\n","        \t            \t\t\t\t/root/actions-runner3/_work/system_test/system_test/tests/cli_tests/zboxcli_update_allocation_test.go:864\n","        \t            \t\t\t\t/root/actions-runner3/_work/system_test/system_test/tests/cli_tests/zboxcli_file_download_test.go:1393\n","        \t            \t\t\t\t/root/actions-runner3/_work/system_test/system_test/tests/cli_tests/zboxcli_file_download_test.go:1023\n","        \t            \t\t\t\t/root/actions-runner3/_work/system_test/system_test/tests/cli_tests/system_test_framework.go:93\n","        \t            \t\t\t\t/root/actions-runner3/_work/system_test/system_test/tests/cli_tests/asm_amd64.s:1598\n","        \tError:      \tReceived unexpected error:\n","        \t            \texit status 1\n","        \tTest:       \tTestDownload/Download_with_negative_startblock_should_fail\n","        \tMessages:   \tcreate new allocation failed%!(EXTRA string=Error creating allocation: failed_get_allocation_blobbers: failed to get blobbers for allocation: not enough blobbers to honor the allocation)\n","    zboxcli_file_download_test.go:1017: Test case [Download with negative startblock should fail] exit at [04-26-2023 14:53:06]\n",""],"Passed":false,"Skipped":false,"TestFileName":"","TestFunctionDetail":{"Line":0,"Col":0}}]},{"FailureIndicator":"","SkippedIndicator":"","TestResults":[{"TestName":"TestDownload/Download_without_any_Parameter_Should_Fail","Package":"github.com/0chain/system_test/tests/cli_tests","ElapsedTime":24.29,"Output":["","    zboxcli_file_download_test.go:1184: Test case [Download without any Parameter Should Fail] scheduled at [04-26-2023 14:51:28] \n","","","    system_test_framework.go:92: Test case [Download without any Parameter Should Fail] start at [04-26-2023 14:52:17] \n","    zwalletcli_register_wallet_test.go:128: Registering wallet...\n","    zboxcli_update_allocation_test.go:1004: Executing faucet...\n","    zwalletcli_register_wallet_test.go:143: faucet output: [No wallet in path  config/TestDownload-Download_without_any_Parameter_Should_Fail_wallet.json found. Creating wallet... ZCN wallet created!! Execute faucet smart contract success with txn :  743b97897c9605222a3b5e5a8092f77e5f5539437c8fbaf0a16266fcbd3d26aa]\n","    utils.go:138: Waiting 15s...\n","    zboxcli_file_download_test.go:1413: Downloading file...\n","    zboxcli_file_download_test.go:1184: Test case [Download without any Parameter Should Fail] exit at [04-26-2023 14:52:41]\n","--- PASS: TestDownload/Download_without_any_Parameter_Should_Fail (24.29s)",""],"Passed":true,"Skipped":false,"TestFileName":"","TestFunctionDetail":{"Line":0,"Col":0}}]},{"FailureIndicator":"failed","SkippedIndicator":"","TestResults":[{"TestName":"TestRollbackAllocation","Package":"github.com/0chain/system_test/tests/cli_tests","ElapsedTime":24.26,"Output":["",""],"Passed":false,"Skipped":false,"TestFileName":"zboxcli_rollback_test.go","TestFunctionDetail":{"Line":17,"Col":1}}]},{"FailureIndicator":"failed","SkippedIndicator":"","TestResults":[{"TestName":"TestRollbackAllocation/rollback_allocation","Package":"github.com/0chain/system_test/tests/cli_tests","ElapsedTime":24.26,"Output":["","    zboxcli_rollback_test.go:20: Test case [rollback allocation] scheduled at [04-26-2023 14:51:03] \n","    system_test_framework.go:92: Test case [rollback allocation] start at [04-26-2023 14:51:03] \n","    zwalletcli_register_wallet_test.go:128: Registering wallet...\n","    zboxcli_update_allocation_test.go:1004: Executing faucet...\n","    zwalletcli_register_wallet_test.go:143: faucet output: [No wallet in path  config/TestRollbackAllocation-rollback_allocation_wallet.json found. Creating wallet... ZCN wallet created!! Execute faucet smart contract success with txn :  74f14ada06949435e28d137c4b1afd803e4040def40b05b7fa0397facb04c7e7]\n","    zboxcli_update_allocation_test.go:1004: Executing faucet...\n","    zboxcli_create_allocation_test.go:440: Creating new allocation...\n","    utils.go:67: \u001b[33mCommand failed on attempt [1/3] due to error [exit status 1]. Output: [Error creating allocation: failed_get_allocation_blobbers: failed to get blobbers for allocation: not enough blobbers to honor the allocation]\n","    utils.go:67: \u001b[33mCommand failed on attempt [2/3] due to error [exit status 1]. Output: [Error creating allocation: failed_get_allocation_blobbers: failed to get blobbers for allocation: not enough blobbers to honor the allocation]\n","    utils.go:70: \u001b[31mCommand failed on final attempt [3/3] due to error [exit status 1]. Command String: [./zbox newallocation --expire 1h --size 4194304 --lock 5 --silent --wallet TestRollbackAllocation-rollback_allocation_wallet.json --configDir ./config --config ./zbox_config.yaml --allocationFileName TestRollbackAllocation-rollback_allocation_allocation.txt] Output: [Error creating allocation: failed_get_allocation_blobbers: failed to get blobbers for allocation: not enough blobbers to honor the allocation]\n","    utils.go:73: \u001b[31mThe verbose output for the command is:\n","    utils.go:77: \u001b[31m0chain-core-sdk [INFO]   2023/04/26 14:51:27.786451 wallet_base.go:311: ******* Wallet SDK Version:v1.8.13-45-g29b9769 ******* (SetLogFile)\n","    utils.go:77: \u001b[31m0box-sdk        [INFO]   2023/04/26 14:51:27.786485 sdk.go:78: ******* Storage SDK Version: v1.8.13-45-g29b9769 *******\n","    utils.go:77: \u001b[31m0chain-core-sdk [INFO]   2023/04/26 14:51:27.882210 transaction_base.go:139: ******* Wallet SDK Version:v1.8.13-45-g29b9769 ******* (InitZCNSDK)\n","    utils.go:77: \u001b[31m0box-sdk        [DEBUG]  2023/04/26 14:51:27.965561 networkworker.go:105: Get network result:{\"miners\":[\"https://test2.zus.network/miner02\",\"https://test2.zus.network/miner01\",\"https://test2.zus.network/miner03\"],\"sharders\":[\"https://test2.zus.network/sharder02\",\"https://test2.zus.network/sharder01\"]}\n","    utils.go:77: \u001b[31mError creating allocation: failed_get_allocation_blobbers: failed to get blobbers for allocation: not enough blobbers to honor the allocation\n","    assertions.go:264: \n","        \tError Trace:\t/root/actions-runner3/_work/system_test/system_test/tests/cli_tests/zboxcli_update_allocation_test.go:894\n","        \t            \t\t\t\t/root/actions-runner3/_work/system_test/system_test/tests/cli_tests/zboxcli_update_allocation_test.go:864\n","        \t            \t\t\t\t/root/actions-runner3/_work/system_test/system_test/tests/cli_tests/zboxcli_file_download_test.go:1393\n","        \t            \t\t\t\t/root/actions-runner3/_work/system_test/system_test/tests/cli_tests/zboxcli_rollback_test.go:22\n","        \t            \t\t\t\t/root/actions-runner3/_work/system_test/system_test/tests/cli_tests/system_test_framework.go:93\n","        \t            \t\t\t\t/root/actions-runner3/_work/system_test/system_test/tests/cli_tests/asm_amd64.s:1598\n","        \tError:      \tReceived unexpected error:\n","        \t            \texit status 1\n","        \tTest:       \tTestRollbackAllocation/rollback_allocation\n","        \tMessages:   \tcreate new allocation failed%!(EXTRA string=Error creating allocation: failed_get_allocation_blobbers: failed to get blobbers for allocation: not enough blobbers to honor the allocation)\n","    zboxcli_rollback_test.go:20: Test case [rollback allocation] exit at [04-26-2023 14:51:28]\n",""],"Passed":false,"Skipped":false,"TestFileName":"","TestFunctionDetail":{"Line":0,"Col":0}}]},{"FailureIndicator":"failed","SkippedIndicator":"","TestResults":[{"TestName":"TestValidatorCollectRewards","Package":"github.com/0chain/system_test/tests/cli_tests","ElapsedTime":0,"Output":["","","",""],"Passed":false,"Skipped":false,"TestFileName":"zboxcli_collect_rewards_test.go","TestFunctionDetail":{"Line":202,"Col":1}}]},{"FailureIndicator":"","SkippedIndicator":"","TestResults":[{"TestName":"TestValidatorCollectRewards/Test_collect_reward_with_invalid_provider_type_should_fail","Package":"github.com/0chain/system_test/tests/cli_tests","ElapsedTime":18.81,"Output":["","    zboxcli_collect_rewards_test.go:340: Test case [Test collect reward with invalid provider type should fail] scheduled at [04-26-2023 14:51:28] \n","","","    system_test_framework.go:92: Test case [Test collect reward with invalid provider type should fail] start at [04-26-2023 14:51:28] \n","    zwalletcli_register_wallet_test.go:128: Registering wallet...\n","    zboxcli_update_allocation_test.go:1004: Executing faucet...\n","    zwalletcli_register_wallet_test.go:143: faucet output: [No wallet in path  config/TestValidatorCollectRewards-Test_collect_reward_with_invalid_provider_type_should_fail_wallet.json found. Creating wallet... ZCN wallet created!! Execute faucet smart contract success with txn :  d75a15b5641be8c39d8015efeaec13bd9e1f8913f145175a6faefeb1cf9a8f5a]\n","    zboxcli_update_allocation_test.go:1004: Executing faucet...\n","    zboxcli_validator_config_update_test.go:100: Requesting validator list...\n","    zboxcli_stake_unstake_token_test.go:284: Staking tokens...\n","    zboxcli_collect_rewards_test.go:388: collecting rewards...\n","    zboxcli_collect_rewards_test.go:340: Test case [Test collect reward with invalid provider type should fail] exit at [04-26-2023 14:51:47]\n","--- PASS: TestValidatorCollectRewards/Test_collect_reward_with_invalid_provider_type_should_fail (18.81s)",""],"Passed":true,"Skipped":false,"TestFileName":"","TestFunctionDetail":{"Line":0,"Col":0}}]},{"FailureIndicator":"","SkippedIndicator":"","TestResults":[{"TestName":"TestValidatorCollectRewards/Test_collect_reward_with_invalid_validator_id_should_fail","Package":"github.com/0chain/system_test/tests/cli_tests","ElapsedTime":24.13,"Output":["","    zboxcli_collect_rewards_test.go:304: Test case [Test collect reward with invalid validator id should fail] scheduled at [04-26-2023 14:51:28] \n","","","    system_test_framework.go:92: Test case [Test collect reward with invalid validator id should fail] start at [04-26-2023 14:51:28] \n","    zwalletcli_register_wallet_test.go:128: Registering wallet...\n","    zboxcli_update_allocation_test.go:1004: Executing faucet...\n","    zwalletcli_register_wallet_test.go:143: faucet output: [No wallet in path  config/TestValidatorCollectRewards-Test_collect_reward_with_invalid_validator_id_should_fail_wallet.json found. Creating wallet... ZCN wallet created!! Execute faucet smart contract success with txn :  bb87f214123558da241074578bd75e2ab2edf8e8ac7c9855d94fc927374b4a7c]\n","    zboxcli_update_allocation_test.go:1004: Executing faucet...\n","    zboxcli_validator_config_update_test.go:100: Requesting validator list...\n","    zboxcli_stake_unstake_token_test.go:284: Staking tokens...\n","    zboxcli_collect_rewards_test.go:388: collecting rewards...\n","    zboxcli_collect_rewards_test.go:304: Test case [Test collect reward with invalid validator id should fail] exit at [04-26-2023 14:51:52]\n","--- PASS: TestValidatorCollectRewards/Test_collect_reward_with_invalid_validator_id_should_fail (24.13s)",""],"Passed":true,"Skipped":false,"TestFileName":"","TestFunctionDetail":{"Line":0,"Col":0}}]},{"FailureIndicator":"","SkippedIndicator":"","TestResults":[{"TestName":"TestValidatorCollectRewards/Test_collect_reward_with_no_provider_id_or_type_should_fail","Package":"github.com/0chain/system_test/tests/cli_tests","ElapsedTime":9.5,"Output":["","    zboxcli_collect_rewards_test.go:376: Test case [Test collect reward with no provider id or type should fail] scheduled at [04-26-2023 14:51:28] \n","","","    system_test_framework.go:92: Test case [Test collect reward with no provider id or type should fail] start at [04-26-2023 14:51:28] \n","    zwalletcli_register_wallet_test.go:128: Registering wallet...\n","    zboxcli_update_allocation_test.go:1004: Executing faucet...\n","    zwalletcli_register_wallet_test.go:143: faucet output: [No wallet in path  config/TestValidatorCollectRewards-Test_collect_reward_with_no_provider_id_or_type_should_fail_wallet.json found. Creating wallet... ZCN wallet created!! Execute faucet smart contract success with txn :  99e1e03e0eda329b7f654278caebd23c8cac5be3136f44cb4fdc442af190556e]\n","    zboxcli_collect_rewards_test.go:388: collecting rewards...\n","    zboxcli_collect_rewards_test.go:376: Test case [Test collect reward with no provider id or type should fail] exit at [04-26-2023 14:51:37]\n","--- PASS: TestValidatorCollectRewards/Test_collect_reward_with_no_provider_id_or_type_should_fail (9.50s)",""],"Passed":true,"Skipped":false,"TestFileName":"","TestFunctionDetail":{"Line":0,"Col":0}}]},{"FailureIndicator":"failed","SkippedIndicator":"","TestResults":[{"TestName":"TestValidatorCollectRewards/Test_collect_reward_with_valid_pool_and_validator_id_should_pass","Package":"github.com/0chain/system_test/tests/cli_tests","ElapsedTime":38.43,"Output":["","    zboxcli_collect_rewards_test.go:207: Test case [Test collect reward with valid pool and validator id should pass] scheduled at [04-26-2023 14:51:28] \n","","","    system_test_framework.go:92: Test case [Test collect reward with valid pool and validator id should pass] start at [04-26-2023 14:51:28] \n","    zwalletcli_register_wallet_test.go:128: Registering wallet...\n","    zboxcli_update_allocation_test.go:1004: Executing faucet...\n","    zwalletcli_register_wallet_test.go:143: faucet output: [No wallet in path  config/TestValidatorCollectRewards-Test_collect_reward_with_valid_pool_and_validator_id_should_pass_wallet.json found. Creating wallet... ZCN wallet created!! Execute faucet smart contract success with txn :  68f9819d48dc7b2836f00c8287b50cf7a942e68949c50c3fe50691942caaf296]\n","    zwalletcli_register_wallet_test.go:220: Getting wallet...\n","    zboxcli_update_allocation_test.go:1004: Executing faucet...\n","    zboxcli_validator_config_update_test.go:100: Requesting validator list...\n","    zboxcli_stake_unstake_token_test.go:284: Staking tokens...\n","    miner_block_rewards_test.go:484: list sharder nodes...\n","    miner_block_rewards_test.go:498: Getting balance for a47187b33a07e254b06f76bb054cc445436317563fa0dbffcfbf82c71c0a7d52...\n","    zwalletcli_register_wallet_test.go:128: Registering wallet...\n","    zboxcli_update_allocation_test.go:1004: Executing faucet...\n","    zwalletcli_register_wallet_test.go:143: faucet output: [Execute faucet smart contract success with txn :  2e67a6a81595f4e2fd2111d941b9748124bd97f7356dd86ce54258a2cef22758]\n","    zboxcli_update_allocation_test.go:1004: Executing faucet...\n","    zboxcli_create_allocation_test.go:440: Creating new allocation...\n","    utils.go:67: \u001b[33mCommand failed on attempt [1/3] due to error [exit status 1]. Output: [Error creating allocation: failed_get_allocation_blobbers: failed to get blobbers for allocation: not enough blobbers to honor the allocation]\n","    utils.go:67: \u001b[33mCommand failed on attempt [2/3] due to error [exit status 1]. Output: [Error creating allocation: failed_get_allocation_blobbers: failed to get blobbers for allocation: not enough blobbers to honor the allocation]\n","    utils.go:70: \u001b[31mCommand failed on final attempt [3/3] due to error [exit status 1]. Command String: [./zbox newallocation --parity 1 --expire 30m --size 104857600 --lock 5 --data 4 --silent --wallet TestValidatorCollectRewards-Test_collect_reward_with_valid_pool_and_validator_id_should_pass_wallet.json --configDir ./config --config ./zbox_config.yaml --allocationFileName TestValidatorCollectRewards-Test_collect_reward_with_valid_pool_and_validator_id_should_pass_allocation.txt] Output: [Error creating allocation: failed_get_allocation_blobbers: failed to get blobbers for allocation: not enough blobbers to honor the allocation]\n","    utils.go:73: \u001b[31mThe verbose output for the command is:\n","    utils.go:77: \u001b[31m0chain-core-sdk [INFO]   2023/04/26 14:52:06.255031 wallet_base.go:311: ******* Wallet SDK Version:v1.8.13-45-g29b9769 ******* (SetLogFile)\n","    utils.go:77: \u001b[31m0box-sdk        [INFO]   2023/04/26 14:52:06.255091 sdk.go:78: ******* Storage SDK Version: v1.8.13-45-g29b9769 *******\n","    utils.go:77: \u001b[31m0chain-core-sdk [INFO]   2023/04/26 14:52:06.350977 transaction_base.go:139: ******* Wallet SDK Version:v1.8.13-45-g29b9769 ******* (InitZCNSDK)\n","    utils.go:77: \u001b[31m0box-sdk        [DEBUG]  2023/04/26 14:52:06.434207 networkworker.go:105: Get network result:{\"miners\":[\"https://test2.zus.network/miner02\",\"https://test2.zus.network/miner01\",\"https://test2.zus.network/miner03\"],\"sharders\":[\"https://test2.zus.network/sharder02\",\"https://test2.zus.network/sharder01\"]}\n","    utils.go:77: \u001b[31mError creating allocation: failed_get_allocation_blobbers: failed to get blobbers for allocation: not enough blobbers to honor the allocation\n","    assertions.go:264: \n","        \tError Trace:\t/root/actions-runner3/_work/system_test/system_test/tests/cli_tests/zboxcli_update_allocation_test.go:894\n","        \t            \t\t\t\t/root/actions-runner3/_work/system_test/system_test/tests/cli_tests/zboxcli_update_allocation_test.go:864\n","        \t            \t\t\t\t/root/actions-runner3/_work/system_test/system_test/tests/cli_tests/zboxcli_file_download_test.go:1393\n","        \t            \t\t\t\t/root/actions-runner3/_work/system_test/system_test/tests/cli_tests/zboxcli_collect_rewards_test.go:245\n","        \t            \t\t\t\t/root/actions-runner3/_work/system_test/system_test/tests/cli_tests/system_test_framework.go:93\n","        \t            \t\t\t\t/root/actions-runner3/_work/system_test/system_test/tests/cli_tests/asm_amd64.s:1598\n","        \tError:      \tReceived unexpected error:\n","        \t            \texit status 1\n","        \tTest:       \tTestValidatorCollectRewards/Test_collect_reward_with_valid_pool_and_validator_id_should_pass\n","        \tMessages:   \tcreate new allocation failed%!(EXTRA string=Error creating allocation: failed_get_allocation_blobbers: failed to get blobbers for allocation: not enough blobbers to honor the allocation)\n","    zboxcli_collect_rewards_test.go:207: Test case [Test collect reward with valid pool and validator id should pass] exit at [04-26-2023 14:52:06]\n",""],"Passed":false,"Skipped":false,"TestFileName":"","TestFunctionDetail":{"Line":0,"Col":0}}]}]

    const report = window.GoTestReport({
                                         data: data,
                                         testResultsElem: document.getElementById('testResults'),
                                         testGroupListElem: document.getElementById('testGroupList')
                                       });


</script>
</body>
</html>
