<!DOCTYPE html>
<html lang="en">
<head>
    <meta charset="UTF-8">
    <title>0Chain Flaky system test suite [fee_rewards/224791cb] ran against [dev-9.devnet-0chain.net] at [2023-06-12_17.33.45]</title>
    <style type="text/css">
        body {
            font-family: sans-serif;
            background-color: #f3f3f3;
            border-top: 2px #dee6e8 solid;
            margin: 0;
        }

        div.pageHeader span.projectTitle {
            font-family: serif;
            font-size: 2em;
            padding-left: 56px;
            padding-top: 80px;
            display: block;
            color: #a5a5a5;
            text-shadow: 0 -1px 1px white;
        }

        div.pageHeader div.testStats {
            position: absolute;
            top: 7px;
            right: 52px;
            font-size: 0.8em;
            color: #a2a2a2;
        }

        div.pageHeader div.testStats span.indicator {
            font-size: 2em;
            position: relative;
            top: 5px;
            text-shadow: 0 1px 0 white;
        }

        div.pageHeader div.testStats span strong {
            margin-right: 16px;
        }

        div.pageHeader div.testStats span.total {
            border-right: 1px #afafaf dotted;
            background: #8298af;
        }

        div.pageHeader div.testStats span.passed {
            border-right: 1px #afafaf dotted;
            background: #6fca83;
        }

        div.pageHeader div.testStats span.skipped {
            background: #bababa;
        }

        div.pageHeader div.testStats span.failed {
            background: #ff7676;
        }

        div.pageHeader div.testStats span {
            margin-right: 1px;
            height: 55px;
            padding: 20px 8px 18px;
            color: white;
        }

        div.pageHeader .testGroupsTitle {
            margin: 16px 32px 8px 40px;
            font-size: 0.9em;
            color: darkgrey;
            display: inline-block;
        }

        div.pageHeader .testExecutionDate {
            display: inline-block;
            position: absolute;
            right: 10px;
            margin: 14px 32px 8px 40px;
            color: #9e9e9e;
            font-size: 0.9em;
        }

        .testReportContainer {
            padding: 0 32px 32px 32px;
        }

        .cardContainer {
            padding: 16px 16px 16px;
            box-shadow: 0 4px 4px #d4d4d4;
            background-color: white;
        }

        #testResults {
            display: flex;
            flex-wrap: wrap;
        }

        .testResultGroup {
            width: 24px;
            height: 24px;
            background-color: #43c143;
            margin-left: 1px;
            margin-bottom: 1px;
            box-sizing: border-box;
        }

        .testResultGroup.selected {
            border: 1px white solid;
            background-color: black !important;
        }

        .testResultGroup.skipped {
            border: 2px gray solid;
        }

        .testResultGroup.failed {
            background-color: red;
        }

        .cardContainer.testGroupList,
        .cardContainer.testDetail {
            margin-top: 16px;
            padding: 16px;
        }

        .cardContainer.testGroupList {
            color: #9c9c9c;
            padding: 0;
        }

        .cardContainer.testGroupList .testGroupRow {
            cursor: default;
            border-bottom: 1px #dadada dotted;
        }

        .cardContainer.testGroupList .testGroupRow span.testStatus {
            font-size: 1.2em;
            font-weight: bold;
            color: #139e13;
            pointer-events: none;
            display: inline-block;
            overflow: hidden;
            float: left;
            padding-top: 10px;
            padding-left: 20px;
            padding-right: 12px;
        }

        .cardContainer.testGroupList .testGroupRow span.testStatus.skipped {
            color: gray;
        }

        .cardContainer.testGroupList .testGroupRow span.testStatus.failed {
            color: red;
        }

        .cardContainer.testGroupList .testGroupRow span.testTitle {
            font-size: 0.9em;
            padding: 12px 0 10px;
            display: inline-block;
            pointer-events: none;
            color: #525252;
            text-overflow: ellipsis;
            overflow: hidden;
            width: calc(100% - 110px);
        }

        .cardContainer.testGroupList .testGroupRow span.testDuration {
            pointer-events: none;
        }

        .cardContainer.testGroupList .testGroupRow {
            position: relative;
            border-left: 4px #43c143 solid;
        }

        .cardContainer.testGroupList .testGroupRow.skipped {
            color: gray;
            border-left: 4px gray solid;
        }

        .cardContainer.testGroupList .testGroupRow.failed {
            color: red;
            border-left: 4px red solid;
        }

        .cardContainer.testGroupList .testGroupRow:hover {
            background-color: #fffaea;
            transition: 0.250s;
        }

        .cardContainer .testOutput {
            padding: 8px 16px 24px 16px;
        }

        .cardContainer .console {
            display: block;
            font-family: monospace;
            padding: 10px;
            background-color: #424242;
            color: #1aff00;
            border-bottom: 1px #1aff00 dotted;
            overflow: auto;
            font-size: 1.1em;
        }

        .cardContainer .testOutput .testDetail {
            border-bottom: 1px #d0d0d0 solid;
            padding: 16px;
            background-color: #e6e6e6;
            border-radius: 0 0 4px 4px;
            color: dimgrey;
            font-size: 0.8em;
        }

        .cardContainer .console.skipped{
            color: #d9d9d9;
        }

        .cardContainer .console.failed {
            color: #ffb2b2;
        }

        .cardContainer .testDuration {
            position: absolute;
            top: 5px;
            right: 8px;
            text-align: right;
            padding-right: 8px;
            box-sizing: border-box;
        }
    </style>
</head>
<body>
<div class="pageHeader">
    <span class="projectTitle">0Chain Flaky system test suite [fee_rewards/224791cb] ran against [dev-9.devnet-0chain.net] at [2023-06-12_17.33.45]</span>
    <div class="testStats">
        <span class="total"><span class="indicator">&boxbox;</span> Total: <strong>11</strong>Duration: <strong>1ms</strong>
        </span><span class="passed"><span class="indicator">&check;</span> Passed: <strong>3</strong>
        </span><span class="skipped"><span class="indicator">&dash;</span> Skipped: <strong>3</strong>
        </span><span class="failed"><span class="indicator">&cross;</span> Failed: <strong>5</strong>
        </span>
    </div>
    <span class="testGroupsTitle">Test Groups:</span>
    <span class="testExecutionDate">June 12, 2023 18:50:08</span>
</div>
<div class="testReportContainer">
    <div class="cardContainer">
        <div id="testResults">
            
                <div class="testResultGroup  skipped" id="0"></div>
            
                <div class="testResultGroup  " id="1"></div>
            
                <div class="testResultGroup  skipped" id="2"></div>
            
                <div class="testResultGroup  " id="3"></div>
            
                <div class="testResultGroup  " id="4"></div>
            
                <div class="testResultGroup failed " id="5"></div>
            
                <div class="testResultGroup failed " id="6"></div>
            
                <div class="testResultGroup  skipped" id="7"></div>
            
                <div class="testResultGroup failed " id="8"></div>
            
                <div class="testResultGroup failed " id="9"></div>
            
                <div class="testResultGroup failed " id="10"></div>
            
        </div>
    </div>
    <div class="cardContainer testGroupList" id="testGroupList"></div>
</div>
<script type="application/javascript">
    /**
 * @typedef TestStatus
 * @property {string} TestName
 * @property {string} Package
 * @property {number} ElapsedTime
 * @property {Array.<string>} Output
 * @property {boolean} Passed
 * @property {boolean} Skipped
 */
class TestStatus {}

/**
 * @typedef TestGroupData
 * @type {object}
 * @property {string} FailureIndicator
 * @property {string} SkippedIndicator
 * @property {Array.<TestStatus>}
 */
class TestGroupData {}

/**
 * @typedef TestResults
 * @type {Array.<TestGroupData>}
 */
class TestResults extends Array {}

/**
 * @typedef SelectedItems
 * @property {HTMLElement|EventTarget} testResults
 * @property {String} selectedTestGroupColor
 */
class SelectedItems {}

/**
 * @typedef GoTestReportElements
 * @property {TestResults} data
 * @property {HTMLElement} testResultsElem
 * @property {HTMLElement} testGroupListElem
 */
class GoTestReportElements {}


/**
 * Main entry point for GoTestReport.
 * @param {GoTestReportElements} elements
 * @returns {{testResultsClickHandler: testResultsClickHandler}}
 * @constructor
 */
window.GoTestReport = function (elements) {
  const /**@type {SelectedItems}*/ selectedItems = {
    testResults: null,
    selectedTestGroupColor: null
  }

  function addEventData(event) {
    if (event.data == null) {
      event.data = {target: event.target}
    }
    return event
  }


  const goTestReport = {
    /**
     * Invoked when a user clicks on one of the test group div elements.
     * @param {HTMLElement} target The element associated with the test group.
     * @param {boolean} shiftKey If pressed, all of test detail associated to the test group is shown.
     * @param {TestResults} data
     * @param {SelectedItems} selectedItems
     * @param {function(target: Element, data: TestResults)} testGroupListHandler
     */
    testResultsClickHandler: function (target,
                                       shiftKey,
                                       data,
                                       selectedItems,
                                       testGroupListHandler) {

      if (target.classList.contains('testResultGroup') === false) {
        return
      }
      if (selectedItems.testResults != null) {
        let testResultsElement = /**@type {HTMLElement}*/ selectedItems.testResults
        testResultsElement.classList.remove("selected")
        testResultsElement.style.backgroundColor = selectedItems.selectedTestGroupColor
      }
      const testGroupId = /**@type {number}*/ target.id
      if ((target.id === undefined)
        || (data[testGroupId] === undefined)
        || (data[testGroupId]['TestResults'] === undefined)) {
        return
      }
      const testResults = /**@type {TestResults}*/ data[testGroupId]['TestResults']
      let testGroupList = /**@type {string}*/ ''
      selectedItems.selectedTestGroupColor = getComputedStyle(target).getPropertyValue('background-color')
      selectedItems.testResults = target
      target.classList.add("selected")
      for (let i = 0; i < testResults.length; i++) {
        const testResult = /**@type {TestGroupData}*/ testResults[i]
        const testPassed = /**@type {boolean}*/ testResult.Passed
        const testSkipped = /**@type {boolean}*/ testResult.Skipped
        const testPassedStatus = /**@type {string}*/ (testPassed) ? '' : (testSkipped ? 'skipped' : 'failed')
        const testId = /**@type {string}*/ target.attributes['id'].value
        testGroupList += `<div class="testGroupRow ${testPassedStatus}" data-groupid="${testId}" data-index="${i}">
        <span class="testStatus ${testPassedStatus}">${(testPassed) ? '&check' : (testSkipped ? '&dash' : '&cross')};</span>
        <span class="testTitle">${testResult.TestName}</span>
        <span class="testDuration"><span>${testResult.ElapsedTime}s </span>‚è±</span>
      </div>`
      }
      const testGroupListElem = elements.testGroupListElem
      testGroupListElem.innerHTML = ''
      testGroupListElem.innerHTML = testGroupList

      if (shiftKey) {
        testGroupListElem.querySelectorAll('.testGroupRow')
                         .forEach((elem) => testGroupListHandler(elem, data))
      } else if (testResults.length === 1) {
        testGroupListHandler(testGroupListElem.querySelector('.testGroupRow'), data)
      }
    },

    /**
     *
     * @param {Element} target
     * @param {TestResults} data
     */
    testGroupListHandler: function (target, data) {
      const attribs = target['attributes']
      if (attribs.hasOwnProperty('data-groupid')) {
        const groupId = /**@type {number}*/ attribs['data-groupid'].value
        const testIndex = /**@type {number}*/ attribs['data-index'].value
        const testStatus = /**@type {TestStatus}*/ data[groupId]['TestResults'][testIndex]
        const testOutputDiv = /**@type {HTMLDivElement}*/ target.querySelector('div.testOutput')

        if (testOutputDiv == null) {
          const testOutputDiv = document.createElement('div')
          testOutputDiv.classList.add('testOutput')
          const consolePre = document.createElement('pre')
          consolePre.classList.add('console')
          const testDetailDiv = document.createElement('div')
          testDetailDiv.classList.add('testDetail')
          const packageNameDiv = document.createElement('div')
          packageNameDiv.classList.add('package')
          packageNameDiv.innerHTML = `<strong>Package:</strong> ${testStatus.Package}`
          const testFileNameDiv = document.createElement('div')
          testFileNameDiv.classList.add('filename')
          if (testStatus.TestFileName.trim() === "") {
            testFileNameDiv.innerHTML = `<strong>Filename:</strong> n/a &nbsp;&nbsp;`
          } else {
            testFileNameDiv.innerHTML = `<strong>Filename:</strong> ${testStatus.TestFileName} &nbsp;&nbsp;`
            testFileNameDiv.innerHTML += `<strong>Line:</strong> ${testStatus.TestFunctionDetail.Line} `
            testFileNameDiv.innerHTML += `<strong>Col:</strong> ${testStatus.TestFunctionDetail.Col}`
          }
          testDetailDiv.insertAdjacentElement('beforeend', packageNameDiv)
          testDetailDiv.insertAdjacentElement('beforeend', testFileNameDiv)
          testOutputDiv.insertAdjacentElement('afterbegin', consolePre)
          testOutputDiv.insertAdjacentElement('beforeend', testDetailDiv)
          target.insertAdjacentElement('beforeend', testOutputDiv)

          if (testStatus.Passed) {
            consolePre.classList.remove('skipped')
            consolePre.classList.remove('failed')
          } else if (testStatus.Skipped) {
            consolePre.classList.add('skipped')
            consolePre.classList.remove('failed')
          } else {
            consolePre.classList.remove('skipped')
            consolePre.classList.add('failed')
          }
          consolePre.textContent = testStatus.Output.join('')
        } else {
          testOutputDiv.remove()
        }
      }
    }
  }

  //+------------------------+
  //|    setup DOM events    |
  //+------------------------+
  elements.testResultsElem
          .addEventListener('click', event =>
            goTestReport.testResultsClickHandler(/**@type {HTMLElement}*/ addEventData(event).data.target,
                                                 event.shiftKey,
                                                 elements.data,
                                                 selectedItems,
                                                 goTestReport.testGroupListHandler))

  elements.testGroupListElem
          .addEventListener('click', event =>
            goTestReport.testGroupListHandler(/**@type {Element}*/ event.target,
                                              elements.data))

  return goTestReport
}


    

    const data = [{"FailureIndicator":"","SkippedIndicator":"skipped","TestResults":[{"TestName":"Test___FlakyBrokenScenarios","Package":"github.com/0chain/system_test/tests/cli_tests","ElapsedTime":0,"Output":["","    flaky___broken_scenarios_test.go:30: \n","--- SKIP: Test___FlakyBrokenScenarios (0.00s)\n",""],"Passed":false,"Skipped":true,"TestFileName":"flaky___broken_scenarios_test.go","TestFunctionDetail":{"Line":27,"Col":1}}]},{"FailureIndicator":"","SkippedIndicator":"","TestResults":[{"TestName":"Test___FlakyFileCopy","Package":"github.com/0chain/system_test/tests/cli_tests","ElapsedTime":0,"Output":["","--- PASS: Test___FlakyFileCopy (0.00s)",""],"Passed":true,"Skipped":false,"TestFileName":"flaky___flaky_test.go","TestFunctionDetail":{"Line":411,"Col":1}}]},{"FailureIndicator":"","SkippedIndicator":"skipped","TestResults":[{"TestName":"Test___FlakyFileCopy/File_copy_-_Users_should_not_be_charged_for_moving_a_file_","Package":"github.com/0chain/system_test/tests/cli_tests","ElapsedTime":0,"Output":["","    flaky___flaky_test.go:415: Test case [File copy - Users should not be charged for moving a file ] scheduled at [06-12-2023 18:47:33] \n","","","    system_test_framework.go:149: Test case [File copy - Users should not be charged for moving a file ] start at [06-12-2023 18:47:33] \n","    flaky___flaky_test.go:416: Test calculations are flaky in  CLI\n","    flaky___flaky_test.go:415: Test case [File copy - Users should not be charged for moving a file ] exit at [06-12-2023 18:47:33]\n","--- SKIP: Test___FlakyFileCopy/File_copy_-_Users_should_not_be_charged_for_moving_a_file_ (0.00s)\n",""],"Passed":false,"Skipped":true,"TestFileName":"","TestFunctionDetail":{"Line":0,"Col":0}}]},{"FailureIndicator":"","SkippedIndicator":"","TestResults":[{"TestName":"Test___FlakyFileDelete","Package":"github.com/0chain/system_test/tests/cli_tests","ElapsedTime":0,"Output":["","--- PASS: Test___FlakyFileDelete (0.00s)",""],"Passed":true,"Skipped":false,"TestFileName":"flaky___flaky_test.go","TestFunctionDetail":{"Line":242,"Col":1}}]},{"FailureIndicator":"","SkippedIndicator":"","TestResults":[{"TestName":"Test___FlakyFileDelete/Delete_file_concurrently_in_existing_directory,_should_work","Package":"github.com/0chain/system_test/tests/cli_tests","ElapsedTime":53.35,"Output":["","    flaky___flaky_test.go:246: Test case [Delete file concurrently in existing directory, should work] scheduled at [06-12-2023 18:46:40] \n","","","    system_test_framework.go:149: Test case [Delete file concurrently in existing directory, should work] start at [06-12-2023 18:46:40] \n","    zwalletcli_register_wallet_test.go:123: creating wallet...\n","    zboxcli_update_allocation_test.go:1110: Executing faucet...\n","    zwalletcli_register_wallet_test.go:140: faucet output: [No wallet in path  config/Test___FlakyFileDelete-Delete_file_concurrently_in_existing_directory,_should_work_wallet.json found. Creating wallet... ZCN wallet created!! Execute faucet smart contract success with txn :  376d0e6ecd0c999c904ebba46e23c41436b561d516023a3df0113694b7a5ed2c]\n","    zboxcli_update_allocation_test.go:1110: Executing faucet...\n","    zboxcli_create_allocation_test.go:459: Creating new allocation...\n","    zboxcli_file_upload_test.go:959: Uploading file /tmp/sIZRK28Lvu_test.txt to allocation 1c7def6754f149ff9d4d9dd56d608d1f5ec0b3bb78bb3e4552cf7e3faeed3b9e with remotepath /sIZRK28Lvu_test.txt\n","    zboxcli_file_upload_test.go:917: Uploading file...\n","    zboxcli_file_upload_test.go:959: Uploading file /tmp/0woHLlORbb_test.txt to allocation 1c7def6754f149ff9d4d9dd56d608d1f5ec0b3bb78bb3e4552cf7e3faeed3b9e with remotepath /0woHLlORbb_test.txt\n","    zboxcli_file_upload_test.go:917: Uploading file...\n","    zboxcli_file_delete_test.go:344: Deleting file...\n","    zboxcli_file_delete_test.go:344: Deleting file...\n","    utils.go:138: Waiting 10s...\n","    zboxcli_list_file_test.go:638: Listing individual file in allocation...\n","    utils.go:67: \u001b[33mCommand failed on attempt [1/3] due to error [exit status 1]. Output: [error from server list response: {\"code\":\"invalid_parameters\",\"error\":\"invalid_parameters: Invalid path record not found\"}]\n","    utils.go:67: \u001b[33mCommand failed on attempt [2/3] due to error [exit status 1]. Output: [error from server list response: {\"code\":\"invalid_parameters\",\"error\":\"invalid_parameters: Invalid path record not found\"}]\n","    utils.go:70: \u001b[31mCommand failed on final attempt [3/3] due to error [exit status 1]. Command String: [./zbox list --json  --allocation 1c7def6754f149ff9d4d9dd56d608d1f5ec0b3bb78bb3e4552cf7e3faeed3b9e --remotepath /sIZRK28Lvu_test.txt --silent --wallet Test___FlakyFileDelete-Delete_file_concurrently_in_existing_directory,_should_work_wallet.json --configDir ./config --config ./zbox_config.yaml] Output: [error from server list response: {\"code\":\"invalid_parameters\",\"error\":\"invalid_parameters: Invalid path record not found\"}]\n","    utils.go:73: \u001b[31mThe verbose output for the command is:\n","    utils.go:77: \u001b[31m0chain-core-sdk [INFO]   2023/06/12 18:47:19.339496 wallet_base.go:310: ******* Wallet SDK Version:v1.8.16-38-g5ea0bf75 ******* (SetLogFile)\n","    utils.go:77: \u001b[31m0box-sdk        [INFO]   2023/06/12 18:47:19.339556 sdk.go:78: ******* Storage SDK Version: v1.8.16-38-g5ea0bf75 *******\n","    utils.go:77: \u001b[31m0chain-core-sdk [INFO]   2023/06/12 18:47:19.362383 transaction_base.go:139: ******* Wallet SDK Version:v1.8.16-38-g5ea0bf75 ******* (InitZCNSDK)\n","    utils.go:77: \u001b[31m0box-sdk        [DEBUG]  2023/06/12 18:47:19.371871 networkworker.go:105: Get network result:{\"miners\":[\"https://dev-9.devnet-0chain.net/miner02\",\"https://dev-9.devnet-0chain.net/miner01\",\"https://dev-9.devnet-0chain.net/miner03\"],\"sharders\":[\"https://dev-9.devnet-0chain.net/sharder02\",\"https://dev-9.devnet-0chain.net/sharder01\"]}\n","    utils.go:77: \u001b[31m0box-sdk        [DEBUG]  2023/06/12 18:47:19.382519 listworker.go:111: List result:{\"code\":\"invalid_parameters\",\"error\":\"invalid_parameters: Invalid path record not found\"}\n","    utils.go:77: \u001b[31m0box-sdk        [DEBUG]  2023/06/12 18:47:19.387653 listworker.go:111: List result:{\"code\":\"invalid_parameters\",\"error\":\"invalid_parameters: Invalid path record not found\"}\n","    utils.go:77: \u001b[31m0box-sdk        [DEBUG]  2023/06/12 18:47:19.387655 listworker.go:111: List result:{\"code\":\"invalid_parameters\",\"error\":\"invalid_parameters: Invalid path record not found\"}\n","    utils.go:77: \u001b[31m0box-sdk        [DEBUG]  2023/06/12 18:47:19.390179 listworker.go:111: List result:{\"code\":\"invalid_parameters\",\"error\":\"invalid_parameters: Invalid path record not found\"}\n","    utils.go:77: \u001b[31merror from server list response: {\"code\":\"invalid_parameters\",\"error\":\"invalid_parameters: Invalid path record not found\"}\n","    utils.go:138: Waiting 10s...\n","    zboxcli_list_file_test.go:638: Listing individual file in allocation...\n","    utils.go:67: \u001b[33mCommand failed on attempt [1/3] due to error [exit status 1]. Output: [error from server list response: {\"code\":\"invalid_parameters\",\"error\":\"invalid_parameters: Invalid path record not found\"}]\n","    utils.go:67: \u001b[33mCommand failed on attempt [2/3] due to error [exit status 1]. Output: [error from server list response: {\"code\":\"invalid_parameters\",\"error\":\"invalid_parameters: Invalid path record not found\"}]\n","    utils.go:70: \u001b[31mCommand failed on final attempt [3/3] due to error [exit status 1]. Command String: [./zbox list --allocation 1c7def6754f149ff9d4d9dd56d608d1f5ec0b3bb78bb3e4552cf7e3faeed3b9e --remotepath /0woHLlORbb_test.txt --json --silent --wallet Test___FlakyFileDelete-Delete_file_concurrently_in_existing_directory,_should_work_wallet.json --configDir ./config --config ./zbox_config.yaml] Output: [error from server list response: {\"code\":\"invalid_parameters\",\"error\":\"invalid_parameters: Invalid path record not found\"}]\n","    utils.go:73: \u001b[31mThe verbose output for the command is:\n","    utils.go:77: \u001b[31m0chain-core-sdk [INFO]   2023/06/12 18:47:33.659728 wallet_base.go:310: ******* Wallet SDK Version:v1.8.16-38-g5ea0bf75 ******* (SetLogFile)\n","    utils.go:77: \u001b[31m0box-sdk        [INFO]   2023/06/12 18:47:33.659781 sdk.go:78: ******* Storage SDK Version: v1.8.16-38-g5ea0bf75 *******\n","    utils.go:77: \u001b[31m0chain-core-sdk [INFO]   2023/06/12 18:47:33.683761 transaction_base.go:139: ******* Wallet SDK Version:v1.8.16-38-g5ea0bf75 ******* (InitZCNSDK)\n","    utils.go:77: \u001b[31m0box-sdk        [DEBUG]  2023/06/12 18:47:33.693733 networkworker.go:105: Get network result:{\"miners\":[\"https://dev-9.devnet-0chain.net/miner02\",\"https://dev-9.devnet-0chain.net/miner01\",\"https://dev-9.devnet-0chain.net/miner03\"],\"sharders\":[\"https://dev-9.devnet-0chain.net/sharder02\",\"https://dev-9.devnet-0chain.net/sharder01\"]}\n","    utils.go:77: \u001b[31m0box-sdk        [DEBUG]  2023/06/12 18:47:33.708160 listworker.go:111: List result:{\"code\":\"invalid_parameters\",\"error\":\"invalid_parameters: Invalid path record not found\"}\n","    utils.go:77: \u001b[31m0box-sdk        [DEBUG]  2023/06/12 18:47:33.712636 listworker.go:111: List result:{\"code\":\"invalid_parameters\",\"error\":\"invalid_parameters: Invalid path record not found\"}\n","    utils.go:77: \u001b[31m0box-sdk        [DEBUG]  2023/06/12 18:47:33.713691 listworker.go:111: List result:{\"code\":\"invalid_parameters\",\"error\":\"invalid_parameters: Invalid path record not found\"}\n","    utils.go:77: \u001b[31m0box-sdk        [DEBUG]  2023/06/12 18:47:33.716349 listworker.go:111: List result:{\"code\":\"invalid_parameters\",\"error\":\"invalid_parameters: Invalid path record not found\"}\n","    utils.go:77: \u001b[31merror from server list response: {\"code\":\"invalid_parameters\",\"error\":\"invalid_parameters: Invalid path record not found\"}\n","    flaky___flaky_test.go:246: Test case [Delete file concurrently in existing directory, should work] exit at [06-12-2023 18:47:33]\n","--- PASS: Test___FlakyFileDelete/Delete_file_concurrently_in_existing_directory,_should_work (53.35s)",""],"Passed":true,"Skipped":false,"TestFileName":"","TestFunctionDetail":{"Line":0,"Col":0}}]},{"FailureIndicator":"failed","SkippedIndicator":"","TestResults":[{"TestName":"Test___FlakyFileRename","Package":"github.com/0chain/system_test/tests/cli_tests","ElapsedTime":0,"Output":["","","",""],"Passed":false,"Skipped":false,"TestFileName":"flaky___flaky_test.go","TestFunctionDetail":{"Line":306,"Col":1}}]},{"FailureIndicator":"failed","SkippedIndicator":"","TestResults":[{"TestName":"Test___FlakyFileRename/Rename_and_delete_file_concurrently,_should_work","Package":"github.com/0chain/system_test/tests/cli_tests","ElapsedTime":154.26,"Output":["","    flaky___flaky_test.go:312: Test case [Rename and delete file concurrently, should work] scheduled at [06-12-2023 18:47:33] \n","","","    system_test_framework.go:149: Test case [Rename and delete file concurrently, should work] start at [06-12-2023 18:47:33] \n","    zwalletcli_register_wallet_test.go:123: creating wallet...\n","    zboxcli_update_allocation_test.go:1110: Executing faucet...\n","    zwalletcli_register_wallet_test.go:140: faucet output: [No wallet in path  config/Test___FlakyFileRename-Rename_and_delete_file_concurrently,_should_work_wallet.json found. Creating wallet... ZCN wallet created!! Execute faucet smart contract success with txn :  197994716726005eb5093f22bf184ad8429bb1a38983557125ff94a608d446cc]\n","    zboxcli_update_allocation_test.go:1110: Executing faucet...\n","    zboxcli_create_allocation_test.go:459: Creating new allocation...\n","    zboxcli_file_upload_test.go:959: Uploading file /tmp/zmm5m2neVQ_test.txt to allocation edae302f6f87465c9c3d4f4adb2abeba92eb0f0936c8c940278a3f9b0190f8d2 with remotepath /zmm5m2neVQ_test.txt\n","    zboxcli_file_upload_test.go:917: Uploading file...\n","    zboxcli_file_upload_test.go:959: Uploading file /tmp/fniee-HsDQ_test.txt to allocation edae302f6f87465c9c3d4f4adb2abeba92eb0f0936c8c940278a3f9b0190f8d2 with remotepath /fniee-HsDQ_test.txt\n","    zboxcli_file_upload_test.go:917: Uploading file...\n","    zboxcli_file_upload_test.go:959: Uploading file /tmp/zgon0zQkOt_test.txt to allocation edae302f6f87465c9c3d4f4adb2abeba92eb0f0936c8c940278a3f9b0190f8d2 with remotepath /zgon0zQkOt_test.txt\n","    zboxcli_file_upload_test.go:917: Uploading file...\n","    zboxcli_file_upload_test.go:959: Uploading file /tmp/ZGkNlHwl8J_test.txt to allocation edae302f6f87465c9c3d4f4adb2abeba92eb0f0936c8c940278a3f9b0190f8d2 with remotepath /ZGkNlHwl8J_test.txt\n","    zboxcli_file_upload_test.go:917: Uploading file...\n","    zboxcli_common_user_functions_test.go:180: Renaming file...\n","    zboxcli_file_delete_test.go:344: Deleting file...\n","    zboxcli_common_user_functions_test.go:180: Renaming file...\n","    zboxcli_file_delete_test.go:344: Deleting file...\n","    utils.go:67: \u001b[33mCommand failed on attempt [1/3] due to error [exit status 1]. Output: [Delete failed. consensus_not_met: Consensus on commit not met. Required 3, got 2]\n","    utils.go:67: \u001b[33mCommand failed on attempt [1/3] due to error [exit status 1]. Output: [consensus_not_met: Required consensus 3 got 2. Error: commit_error: Got error response {\"error\":\"allocation_root_mismatch: Allocation root in the write marker does not match the calculated allocation root. Expected hash: d5158022ba1512fb43881ede038a72449a159dd136388a102224826bebd4876c\"} -\u003cNEWLINE\u003e- with status 400\tcommit_error: Got error response {\"error\":\"allocation_root_mismatch: Allocation root in the write marker does not match the calculated allocation root. Expected hash: 57411ac9966391e1678644ed5f40bc329fa48ef629ba33a958271d66c71d5f35\"} -\u003cNEWLINE\u003e- with status 400]\n","    utils.go:67: \u001b[33mCommand failed on attempt [2/3] due to error [exit status 1]. Output: [rename_failed: Rename failed. ref not found: /fniee-HsDQ_test.txt]\n","    utils.go:63: \u001b[32mCommand passed on retry [2/3]. Output: [/ZGkNlHwl8J_test.txt deleted]\n","    utils.go:70: \u001b[31mCommand failed on final attempt [3/3] due to error [exit status 1]. Command String: [./zbox rename --destname WfKLdpVHVz_test.txt --allocation edae302f6f87465c9c3d4f4adb2abeba92eb0f0936c8c940278a3f9b0190f8d2 --remotepath /fniee-HsDQ_test.txt --silent --wallet Test___FlakyFileRename-Rename_and_delete_file_concurrently,_should_work_wallet.json --configDir ./config --config ./zbox_config.yaml] Output: [rename_failed: Rename failed. ref not found: /fniee-HsDQ_test.txt]\n","    utils.go:73: \u001b[31mThe verbose output for the command is:\n","    utils.go:77: \u001b[31m0chain-core-sdk [INFO]   2023/06/12 18:50:07.913049 wallet_base.go:310: ******* Wallet SDK Version:v1.8.16-38-g5ea0bf75 ******* (SetLogFile)\n","    utils.go:77: \u001b[31m0box-sdk        [INFO]   2023/06/12 18:50:07.913112 sdk.go:78: ******* Storage SDK Version: v1.8.16-38-g5ea0bf75 *******\n","    utils.go:77: \u001b[31m0chain-core-sdk [INFO]   2023/06/12 18:50:07.933770 transaction_base.go:139: ******* Wallet SDK Version:v1.8.16-38-g5ea0bf75 ******* (InitZCNSDK)\n","    utils.go:77: \u001b[31m0box-sdk        [DEBUG]  2023/06/12 18:50:07.943041 networkworker.go:105: Get network result:{\"miners\":[\"https://dev-9.devnet-0chain.net/miner02\",\"https://dev-9.devnet-0chain.net/miner01\",\"https://dev-9.devnet-0chain.net/miner03\"],\"sharders\":[\"https://dev-9.devnet-0chain.net/sharder02\",\"https://dev-9.devnet-0chain.net/sharder01\"]}\n","    utils.go:77: \u001b[31m0box-sdk        \u001b[31m[ERROR]  2023/06/12 18:50:07.964686 common.go:37: Object tree response : 404\u001b[0m\n","    utils.go:77: \u001b[31m0box-sdk        \u001b[31m[ERROR]  2023/06/12 18:50:07.964719 renameworker.go:175: ref not found: /fniee-HsDQ_test.txt\u001b[0m\n","    utils.go:77: \u001b[31m0box-sdk        [INFO]   2023/06/12 18:50:07.966982 common.go:50: Object tree:{\"meta_data\":{\"actual_file_hash\":\"27d4461405b2d8fe9d5eff2100d9f2b6c55dfde4edda9874ba72c440c72eb956\",\"actual_file_hash_signature\":\"35b903629120eb98237e6a75c97121a420311778f68d22605487a416047fbaa4\",\"actual_file_size\":256,\"actual_thumbnail_hash\":\"\",\"actual_thumbnail_size\":0,\"allocation_id\":\"edae302f6f87465c9c3d4f4adb2abeba92eb0f0936c8c940278a3f9b0190f8d2\",\"chunk_size\":65536,\"created_at\":1686595666,\"custom_meta\":\"\",\"encrypted_key\":\"\",\"file_id\":\"b131ab1f-d048-576a-b54c-252bd61ee020\",\"file_meta_hash\":\"b809bc94a918ac7ca105f1c9a06d0bf298601b099bccd5751edf0fa36c202a71\",\"fixed_merkle_root\":\"a5a17bffa04c03c7f34eb6163be68f5576eb96545636bd8b7446e966b2f2883d\",\"hash\":\"aa7e7e44e075dfe8019e4adf3ebe774b33d3649dd547ce1e5d9e54f0f63ebd34\",\"is_precommit\":false,\"lookup_hash\":\"d8b0bba5e741c217b508f989155820acefc27cef31eaebf6ef375fec2675d938\",\"mimetype\":\"application/octet-stream\",\"name\":\"fniee-HsDQ_test.txt\",\"num_of_blocks\":1,\"path\":\"/","fniee-HsDQ_test.txt\",\"path_hash\":\"d8b0bba5e741c217b508f989155820acefc27cef31eaebf6ef375fec2675d938\",\"prev_thumbnail_hash\":\"\",\"prev_validation_root\":\"7d319f438d61197a9aaa606800d98ebdbe4eedcfaaa58242fbccfa01cf8b05df\",\"size\":128,\"thumbnail_filename\":\"\",\"thumbnail_hash\":\"\",\"thumbnail_size\":0,\"type\":\"f\",\"updated_at\":1686595666,\"validation_root\":\"7d319f438d61197a9aaa606800d98ebdbe4eedcfaaa58242fbccfa01cf8b05df\",\"validation_root_signature\":\"e51b9a3fc24e04683f6f96daf8d5b04586288d9030decc802959342792434521\"},\"Ref\":{\"ID\":810,\"FileID\":\"b131ab1f-d048-576a-b54c-252bd61ee020\",\"Type\":\"f\",\"AllocationID\":\"edae302f6f87465c9c3d4f4adb2abeba92eb0f0936c8c940278a3f9b0190f8d2\",\"LookupHash\":\"d8b0bba5e741c217b508f989155820acefc27cef31eaebf6ef375fec2675d938\",\"Name\":\"fniee-HsDQ_test.txt\",\"ThumbnailFilename\":\"\",\"Path\":\"/fniee-HsDQ_test.txt\",\"FileMetaHash\":\"b809bc94a918ac7ca105f1c9a06d0bf298601b099bccd5751edf0fa36c202a71\",\"Hash\":\"aa7e7e44e075dfe8019e4adf3ebe774b33d3649dd547ce1e5d9e54f0f63ebd34\",\"NumBlocks\":1,\"PathHash\":\"d8b0bba5e741c217b5","08f989155820acefc27cef31eaebf6ef375fec2675d938\",\"ParentPath\":\"/\",\"PathLevel\":2,\"CustomMeta\":\"\",\"ValidationRoot\":\"7d319f438d61197a9aaa606800d98ebdbe4eedcfaaa58242fbccfa01cf8b05df\",\"prev_validation_root\":\"7d319f438d61197a9aaa606800d98ebdbe4eedcfaaa58242fbccfa01cf8b05df\",\"validation_root_signature\":\"e51b9a3fc24e04683f6f96daf8d5b04586288d9030decc802959342792434521\",\"Size\":128,\"FixedMerkleRoot\":\"a5a17bffa04c03c7f34eb6163be68f5576eb96545636bd8b7446e966b2f2883d\",\"ActualFileSize\":256,\"actual_file_hash_signature\":\"35b903629120eb98237e6a75c97121a420311778f68d22605487a416047fbaa4\",\"ActualFileHash\":\"27d4461405b2d8fe9d5eff2100d9f2b6c55dfde4edda9874ba72c440c72eb956\",\"MimeType\":\"application/octet-stream\",\"AllocationRoot\":\"193b4d215bfa5b36a2dc8ad4aacae936b174780caae11c9a53d3a46be82f7dca\",\"ThumbnailSize\":0,\"ThumbnailHash\":\"\",\"PrevThumbnailHash\":\"\",\"ActualThumbnailSize\":0,\"ActualThumbnailHash\":\"\",\"EncryptedKey\":\"\",\"Children\":null,\"CreatedAt\":1686595666,\"UpdatedAt\":1686595666,\"DeletedAt\":null,\"IsPrecommit\":false,\"ChunkSize\":655","36,\"HashToBeComputed\":false},\"latest_write_marker\":{\"allocation_root\":\"1950c13af8284186657f970a69d80caddd23c94c1e06c9c9cde207411d35dcfe\",\"prev_allocation_root\":\"1b9627a7ffa5a9f21272b860d6d52c9ea35f01c4b712e14dd0720f54a62ee746\",\"file_meta_root\":\"d2296d25f4d21d265278b2dbbc9535471e2a5049e1ff5ab1f893aad2c83f7b70\",\"allocation_id\":\"edae302f6f87465c9c3d4f4adb2abeba92eb0f0936c8c940278a3f9b0190f8d2\",\"size\":-128,\"blobber_id\":\"5064a8e0ce29a8e92d43a93c6b8a0a786e89d53642df65ad721ebd6915d32671\",\"timestamp\":1686595767,\"client_id\":\"603f195370d908341ecf97e9850959d40a51d61f7a36790585f5c89cc37dfc7d\",\"signature\":\"78c2c6603bd3169ced5837b8777d94c001afd791fd7d5c8aa39358ed3da49681\"}}\n","    utils.go:77: \u001b[31m0box-sdk        \u001b[31m[ERROR]  2023/06/12 18:50:07.968093 common.go:37: Object tree response : 404\u001b[0m\n","    utils.go:77: \u001b[31m0box-sdk        \u001b[31m[ERROR]  2023/06/12 18:50:07.968107 renameworker.go:175: ref not found: /fniee-HsDQ_test.txt\u001b[0m\n","    utils.go:77: \u001b[31m0box-sdk        [INFO]   2023/06/12 18:50:07.968732 common.go:50: Object tree:{\"meta_data\":{\"actual_file_hash\":\"27d4461405b2d8fe9d5eff2100d9f2b6c55dfde4edda9874ba72c440c72eb956\",\"actual_file_hash_signature\":\"35b903629120eb98237e6a75c97121a420311778f68d22605487a416047fbaa4\",\"actual_file_size\":256,\"actual_thumbnail_hash\":\"\",\"actual_thumbnail_size\":0,\"allocation_id\":\"edae302f6f87465c9c3d4f4adb2abeba92eb0f0936c8c940278a3f9b0190f8d2\",\"chunk_size\":65536,\"created_at\":1686595666,\"custom_meta\":\"\",\"encrypted_key\":\"\",\"file_id\":\"b131ab1f-d048-576a-b54c-252bd61ee020\",\"file_meta_hash\":\"b809bc94a918ac7ca105f1c9a06d0bf298601b099bccd5751edf0fa36c202a71\",\"fixed_merkle_root\":\"430f403758d48f5a85a5ee0c9067dc5e47b95c5a432698e206f372303b5c9402\",\"hash\":\"dc82222736333656deda2280462bd3ec86cd81b306c87a4decdd40575d903a1d\",\"is_precommit\":false,\"lookup_hash\":\"d8b0bba5e741c217b508f989155820acefc27cef31eaebf6ef375fec2675d938\",\"mimetype\":\"application/octet-stream\",\"name\":\"fniee-HsDQ_test.txt\",\"num_of_blocks\":1,\"path\":\"/","fniee-HsDQ_test.txt\",\"path_hash\":\"d8b0bba5e741c217b508f989155820acefc27cef31eaebf6ef375fec2675d938\",\"prev_thumbnail_hash\":\"\",\"prev_validation_root\":\"08c55097b8080f64244fcf794b93bd46ee13cead7519a252afd3d9375c9c190b\",\"size\":128,\"thumbnail_filename\":\"\",\"thumbnail_hash\":\"\",\"thumbnail_size\":0,\"type\":\"f\",\"updated_at\":1686595666,\"validation_root\":\"08c55097b8080f64244fcf794b93bd46ee13cead7519a252afd3d9375c9c190b\",\"validation_root_signature\":\"f2984ca5260d950077926b0a50fe96bd0ea6b3b01a9a56622ab953c9978aae90\"},\"Ref\":{\"ID\":812,\"FileID\":\"b131ab1f-d048-576a-b54c-252bd61ee020\",\"Type\":\"f\",\"AllocationID\":\"edae302f6f87465c9c3d4f4adb2abeba92eb0f0936c8c940278a3f9b0190f8d2\",\"LookupHash\":\"d8b0bba5e741c217b508f989155820acefc27cef31eaebf6ef375fec2675d938\",\"Name\":\"fniee-HsDQ_test.txt\",\"ThumbnailFilename\":\"\",\"Path\":\"/fniee-HsDQ_test.txt\",\"FileMetaHash\":\"b809bc94a918ac7ca105f1c9a06d0bf298601b099bccd5751edf0fa36c202a71\",\"Hash\":\"dc82222736333656deda2280462bd3ec86cd81b306c87a4decdd40575d903a1d\",\"NumBlocks\":1,\"PathHash\":\"d8b0bba5e741c217b5","08f989155820acefc27cef31eaebf6ef375fec2675d938\",\"ParentPath\":\"/\",\"PathLevel\":2,\"CustomMeta\":\"\",\"ValidationRoot\":\"08c55097b8080f64244fcf794b93bd46ee13cead7519a252afd3d9375c9c190b\",\"prev_validation_root\":\"08c55097b8080f64244fcf794b93bd46ee13cead7519a252afd3d9375c9c190b\",\"validation_root_signature\":\"f2984ca5260d950077926b0a50fe96bd0ea6b3b01a9a56622ab953c9978aae90\",\"Size\":128,\"FixedMerkleRoot\":\"430f403758d48f5a85a5ee0c9067dc5e47b95c5a432698e206f372303b5c9402\",\"ActualFileSize\":256,\"actual_file_hash_signature\":\"35b903629120eb98237e6a75c97121a420311778f68d22605487a416047fbaa4\",\"ActualFileHash\":\"27d4461405b2d8fe9d5eff2100d9f2b6c55dfde4edda9874ba72c440c72eb956\",\"MimeType\":\"application/octet-stream\",\"AllocationRoot\":\"b2e10fb963c21ce31b0d912257a639749785643b6eb639431de5d9913ecab034\",\"ThumbnailSize\":0,\"ThumbnailHash\":\"\",\"PrevThumbnailHash\":\"\",\"ActualThumbnailSize\":0,\"ActualThumbnailHash\":\"\",\"EncryptedKey\":\"\",\"Children\":null,\"CreatedAt\":1686595666,\"UpdatedAt\":1686595666,\"DeletedAt\":null,\"IsPrecommit\":false,\"ChunkSize\":655","36,\"HashToBeComputed\":false},\"latest_write_marker\":{\"allocation_root\":\"662b665fbb265e7f95a1cee13a9160cd28383149cb8fcac411c9b98fb9fda4bc\",\"prev_allocation_root\":\"b263e59b42e54eae21d92d323a753ed71485d93783293a72330980f8566d3316\",\"file_meta_root\":\"d2296d25f4d21d265278b2dbbc9535471e2a5049e1ff5ab1f893aad2c83f7b70\",\"allocation_id\":\"edae302f6f87465c9c3d4f4adb2abeba92eb0f0936c8c940278a3f9b0190f8d2\",\"size\":-128,\"blobber_id\":\"45d0de870ee7cd36f83fd633c9989b9e640f0b386c639aa6c178923f3e968fc1\",\"timestamp\":1686595767,\"client_id\":\"603f195370d908341ecf97e9850959d40a51d61f7a36790585f5c89cc37dfc7d\",\"signature\":\"fbdcb8e4a2b4084e0a9dd9b917286821e81c525e0efbe9b5d9f3e6a570365d12\"}}\n","    utils.go:77: \u001b[31m0box-sdk        [INFO]   2023/06/12 18:50:07.972071 renameworker.go:126: https://dev-9.devnet-0chain.net/blobber02 /fniee-HsDQ_test.txt renamed.\n","    utils.go:77: \u001b[31m0box-sdk        [INFO]   2023/06/12 18:50:07.973388 renameworker.go:126: https://dev-9.devnet-0chain.net/blobber05 /fniee-HsDQ_test.txt renamed.\n","    utils.go:77: \u001b[31mrename_failed: Rename failed. ref not found: /fniee-HsDQ_test.txt\n","    assertions.go:264: \n","        \tError Trace:\t/root/actions-runner9/_work/system_test/system_test/tests/cli_tests/flaky___flaky_test.go:383\n","        \t            \t\t\t\t/root/actions-runner9/_work/system_test/system_test/tests/cli_tests/system_test_framework.go:150\n","        \t            \t\t\t\t/root/actions-runner9/_work/system_test/system_test/tests/cli_tests/asm_amd64.s:1598\n","        \tError:      \tExpected nil, but got: \u0026exec.ExitError{ProcessState:(*os.ProcessState)(0xc00047e0d8), Stderr:[]uint8(nil)}\n","        \tTest:       \tTest___FlakyFileRename/Rename_and_delete_file_concurrently,_should_work\n","        \tMessages:   \trename_failed: Rename failed. ref not found: /fniee-HsDQ_test.txt\n","    flaky___flaky_test.go:312: Test case [Rename and delete file concurrently, should work] exit at [06-12-2023 18:50:07]\n",""],"Passed":false,"Skipped":false,"TestFileName":"","TestFunctionDetail":{"Line":0,"Col":0}}]},{"FailureIndicator":"","SkippedIndicator":"skipped","TestResults":[{"TestName":"Test___FlakyScenariosCommonUserFunctions","Package":"github.com/0chain/system_test/tests/cli_tests","ElapsedTime":0,"Output":["","    flaky___flaky_test.go:25: \n","--- SKIP: Test___FlakyScenariosCommonUserFunctions (0.00s)\n",""],"Passed":false,"Skipped":true,"TestFileName":"flaky___flaky_test.go","TestFunctionDetail":{"Line":22,"Col":1}}]},{"FailureIndicator":"failed","SkippedIndicator":"","TestResults":[{"TestName":"Test___FlakyTransferAllocation","Package":"github.com/0chain/system_test/tests/cli_tests","ElapsedTime":0,"Output":["",""],"Passed":false,"Skipped":false,"TestFileName":"flaky___flaky_test.go","TestFunctionDetail":{"Line":90,"Col":1}}]},{"FailureIndicator":"failed","SkippedIndicator":"","TestResults":[{"TestName":"Test___FlakyTransferAllocation/transfer_allocation_accounting_test","Package":"github.com/0chain/system_test/tests/cli_tests","ElapsedTime":35.48,"Output":["","    flaky___flaky_test.go:94: Test case [transfer allocation accounting test] scheduled at [06-12-2023 18:44:44] \n","","","    system_test_framework.go:149: Test case [transfer allocation accounting test] start at [06-12-2023 18:44:44] \n","    zwalletcli_register_wallet_test.go:123: creating wallet...\n","    zboxcli_update_allocation_test.go:1110: Executing faucet...\n","    zwalletcli_register_wallet_test.go:140: faucet output: [No wallet in path  config/Test___FlakyTransferAllocation-transfer_allocation_accounting_test_wallet.json found. Creating wallet... ZCN wallet created!! Execute faucet smart contract success with txn :  571476edead21bdaea5f36983988fbaa1db1f6e02c7a8f85d33285ec98d1b74d]\n","    zboxcli_update_allocation_test.go:1110: Executing faucet...\n","    zboxcli_create_allocation_test.go:459: Creating new allocation...\n","    zboxcli_file_upload_test.go:917: Uploading file...\n","    zwalletcli_register_wallet_test.go:123: creating wallet...\n","    zboxcli_update_allocation_test.go:1110: Executing faucet...\n","    zwalletcli_register_wallet_test.go:140: faucet output: [No wallet in path  config/Test___FlakyTransferAllocation-transfer_allocation_accounting_test_NEW_OWNER_wallet.json found. Creating wallet... ZCN wallet created!! Execute faucet smart contract success with txn :  99c23a75b90312ab4c3791f886071c061bcd68810c9cd53f5efba2bd211418f2]\n","    zboxcli_update_allocation_test.go:1110: Executing faucet...\n","    zwalletcli_register_wallet_test.go:210: Getting wallet...\n","    zboxcli_common_user_functions_test.go:228: Get Allocation...\n","    zboxcli_transfer_allocation_test.go:428: Transferring allocation ownership...\n","    zboxcli_transfer_allocation_test.go:445: Polling for 5 minutes until allocation ownership changed...\n","    utils.go:138: Waiting 5s...\n","    zboxcli_create_dir_test.go:331: Listing all...\n","    utils.go:138: Waiting 5s...\n","    assertions.go:264: \n","        \tError Trace:\t/root/actions-runner9/_work/system_test/system_test/tests/cli_tests/flaky___flaky_test.go:145\n","        \t            \t\t\t\t/root/actions-runner9/_work/system_test/system_test/tests/cli_tests/system_test_framework.go:150\n","        \t            \t\t\t\t/root/actions-runner9/_work/system_test/system_test/tests/cli_tests/asm_amd64.s:1598\n","        \tError:      \tNot equal: \n","        \t            \texpected: 4.4\n","        \t            \tactual  : 1.98\n","        \tTest:       \tTest___FlakyTransferAllocation/transfer_allocation_accounting_test\n","    flaky___flaky_test.go:94: Test case [transfer allocation accounting test] exit at [06-12-2023 18:45:20]\n",""],"Passed":false,"Skipped":false,"TestFileName":"","TestFunctionDetail":{"Line":0,"Col":0}}]},{"FailureIndicator":"failed","SkippedIndicator":"","TestResults":[{"TestName":"Test___FlakyTransferAllocation/transfer_allocation_and_upload_file","Package":"github.com/0chain/system_test/tests/cli_tests","ElapsedTime":115.63,"Output":["","    flaky___flaky_test.go:176: Test case [transfer allocation and upload file] scheduled at [06-12-2023 18:44:44] \n","","","    system_test_framework.go:149: Test case [transfer allocation and upload file] start at [06-12-2023 18:44:44] \n","    zwalletcli_register_wallet_test.go:123: creating wallet...\n","    zboxcli_update_allocation_test.go:1110: Executing faucet...\n","    zwalletcli_register_wallet_test.go:140: faucet output: [No wallet in path  config/Test___FlakyTransferAllocation-transfer_allocation_and_upload_file_wallet.json found. Creating wallet... ZCN wallet created!! Execute faucet smart contract success with txn :  bf5e162c3d535aa9809523574fb3af0a46d9db3890064e35cc1bb95acd1e780f]\n","    zboxcli_update_allocation_test.go:1110: Executing faucet...\n","    zboxcli_create_allocation_test.go:459: Creating new allocation...\n","    zboxcli_file_upload_test.go:917: Uploading file...\n","    zwalletcli_register_wallet_test.go:123: creating wallet...\n","    zboxcli_update_allocation_test.go:1110: Executing faucet...\n","    zwalletcli_register_wallet_test.go:140: faucet output: [No wallet in path  config/Test___FlakyTransferAllocation-transfer_allocation_and_upload_file_NEW_OWNER_wallet.json found. Creating wallet... ZCN wallet created!! Execute faucet smart contract success with txn :  a259b000ef09b8fa35a0f22d15c91082aeacc60fb4b5fedb4d1a3c37cbde2160]\n","    zboxcli_update_allocation_test.go:1110: Executing faucet...\n","    zwalletcli_register_wallet_test.go:210: Getting wallet...\n","    zboxcli_transfer_allocation_test.go:428: Transferring allocation ownership...\n","    zboxcli_transfer_allocation_test.go:445: Polling for 5 minutes until allocation ownership changed...\n","    utils.go:138: Waiting 5s...\n","    zboxcli_create_dir_test.go:331: Listing all...\n","    zboxcli_wp_lock_unlock_test.go:348: Locking write tokens...\n","    zboxcli_file_upload_test.go:917: Uploading file...\n","    utils.go:67: \u001b[33mCommand failed on attempt [1/3] due to error [exit status 1]. Output: [0 / 256    0.00% 256 / 256  100.00% 0s -\u003cNEWLINE\u003e- Error in file operation: check_alloc_status_failed: signature verification failed for latest writemarker: write_marker_validation_failed: Write marker signature is not valid -\u003cNEWLINE\u003e- Upload failed. check_alloc_status_failed: signature verification failed for latest writemarker: write_marker_validation_failed: Write marker signature is not valid]\n","    utils.go:67: \u001b[33mCommand failed on attempt [2/3] due to error [exit status 1]. Output: [0 / 256    0.00% 256 / 256  100.00% 0s -\u003cNEWLINE\u003e- Error in file operation: check_alloc_status_failed: signature verification failed for latest writemarker: write_marker_validation_failed: Write marker signature is not valid -\u003cNEWLINE\u003e- Upload failed. check_alloc_status_failed: signature verification failed for latest writemarker: write_marker_validation_failed: Write marker signature is not valid]\n","    utils.go:70: \u001b[31mCommand failed on final attempt [3/3] due to error [exit status 1]. Command String: [./zbox upload --allocation 5d54739ac61d95ad3c6af6c383fcefea2f5531c988b608674f32fd24dcae8934 --remotepath /new/child/ezDdCY7BDj_test.txt --localpath /tmp/ezDdCY7BDj_test.txt --silent --wallet Test___FlakyTransferAllocation-transfer_allocation_and_upload_file_NEW_OWNER_wallet.json --configDir ./config --config ./zbox_config.yaml] Output: [0 / 256    0.00% 256 / 256  100.00% 0s -\u003cNEWLINE\u003e- Error in file operation: check_alloc_status_failed: signature verification failed for latest writemarker: write_marker_validation_failed: Write marker signature is not valid -\u003cNEWLINE\u003e- Upload failed. check_alloc_status_failed: signature verification failed for latest writemarker: write_marker_validation_failed: Write marker signature is not valid]\n","    utils.go:73: \u001b[31mThe verbose output for the command is:\n","    utils.go:77: \u001b[31m0chain-core-sdk [INFO]   2023/06/12 18:46:40.263949 wallet_base.go:310: ******* Wallet SDK Version:v1.8.16-38-g5ea0bf75 ******* (SetLogFile)\n","    utils.go:77: \u001b[31m0box-sdk        [INFO]   2023/06/12 18:46:40.264008 sdk.go:78: ******* Storage SDK Version: v1.8.16-38-g5ea0bf75 *******\n","    utils.go:77: \u001b[31m0chain-core-sdk [INFO]   2023/06/12 18:46:40.288085 transaction_base.go:139: ******* Wallet SDK Version:v1.8.16-38-g5ea0bf75 ******* (InitZCNSDK)\n","    utils.go:77: \u001b[31m0box-sdk        [DEBUG]  2023/06/12 18:46:40.303605 networkworker.go:105: Get network result:{\"miners\":[\"https://dev-9.devnet-0chain.net/miner02\",\"https://dev-9.devnet-0chain.net/miner01\",\"https://dev-9.devnet-0chain.net/miner03\"],\"sharders\":[\"https://dev-9.devnet-0chain.net/sharder02\",\"https://dev-9.devnet-0chain.net/sharder01\"]}\n","    utils.go:77: \u001b[31m0 / 256    0.00%0box-sdk        [INFO]   2023/06/12 18:46:40.340124 chunked_upload.go:517: Completed the upload. Submitting for commit\n","    utils.go:77: \u001b[31m0box-sdk        [INFO]   2023/06/12 18:46:40.343368 writemarker_mutex.go:305: https://dev-9.devnet-0chain.net/blobber01WddeyukJdkZe7VUpKdY6PC locked\n","    utils.go:77: \u001b[31m0box-sdk        [INFO]   2023/06/12 18:46:40.343454 writemarker_mutex.go:305: https://dev-9.devnet-0chain.net/blobber03WddeyukJdkZe7VUpKdY6PC locked\n","    utils.go:77: \u001b[31m0box-sdk        [INFO]   2023/06/12 18:46:40.349309 writemarker_mutex.go:305: https://dev-9.devnet-0chain.net/blobber02WddeyukJdkZe7VUpKdY6PC locked\n","    utils.go:77: \u001b[31m0box-sdk        [INFO]   2023/06/12 18:46:40.349315 writemarker_mutex.go:305: https://dev-9.devnet-0chain.net/blobber05WddeyukJdkZe7VUpKdY6PC locked\n","    utils.go:77: \u001b[31m0box-sdk        \u001b[31m[ERROR]  2023/06/12 18:46:40.354021 rollback.go:226: error during getWritemarker{error 26 0  signature verification failed for latest writemarker: write_marker_validation_failed: Write marker signature is not valid}\u001b[0m\n","    utils.go:77: \u001b[31m0box-sdk        \u001b[31m[ERROR]  2023/06/12 18:46:40.354029 rollback.go:226: error during getWritemarker{error 26 0  signature verification failed for latest writemarker: write_marker_validation_failed: Write marker signature is not valid}\u001b[0m\n","    utils.go:77: \u001b[31m0box-sdk        \u001b[31m[ERROR]  2023/06/12 18:46:40.354091 rollback.go:226: error during getWritemarker{error 26 0  signature verification failed for latest writemarker: write_marker_validation_failed: Write marker signature is not valid}\u001b[0m\n","    utils.go:77: \u001b[31m0box-sdk        \u001b[31m[ERROR]  2023/06/12 18:46:40.356853 rollback.go:226: error during getWritemarker{error 26 0  signature verification failed for latest writemarker: write_marker_validation_failed: Write marker signature is not valid}\u001b[0m\n","    utils.go:77: \u001b[31m0box-sdk        \u001b[31m[ERROR]  2023/06/12 18:46:40.356895 chunked_upload.go:542: Error checking allocation statuscheck_alloc_status_failed: signature verification failed for latest writemarker: write_marker_validation_failed: Write marker signature is not valid\u001b[0m\n","    utils.go:77: \u001b[31m256 / 256  100.00% 0s\n","    utils.go:77: \u001b[31mError in file operation: check_alloc_status_failed: signature verification failed for latest writemarker: write_marker_validation_failed: Write marker signature is not valid\n","    utils.go:77: \u001b[31m0box-sdk        [INFO]   2023/06/12 18:46:40.359254 writemarker_mutex.go:122: https://dev-9.devnet-0chain.net/blobber01WddeyukJdkZe7VUpKdY6PC unlocked\n","    utils.go:77: \u001b[31m0box-sdk        [INFO]   2023/06/12 18:46:40.359579 writemarker_mutex.go:122: https://dev-9.devnet-0chain.net/blobber03WddeyukJdkZe7VUpKdY6PC unlocked\n","    utils.go:77: \u001b[31m0box-sdk        [INFO]   2023/06/12 18:46:40.359908 writemarker_mutex.go:122: https://dev-9.devnet-0chain.net/blobber02WddeyukJdkZe7VUpKdY6PC unlocked\n","    utils.go:77: \u001b[31m0box-sdk        [INFO]   2023/06/12 18:46:40.361182 writemarker_mutex.go:122: https://dev-9.devnet-0chain.net/blobber05WddeyukJdkZe7VUpKdY6PC unlocked\n","    utils.go:77: \u001b[31mUpload failed. check_alloc_status_failed: signature verification failed for latest writemarker: write_marker_validation_failed: Write marker signature is not valid\n","    assertions.go:264: \n","        \tError Trace:\t/root/actions-runner9/_work/system_test/system_test/tests/cli_tests/flaky___flaky_test.go:235\n","        \t            \t\t\t\t/root/actions-runner9/_work/system_test/system_test/tests/cli_tests/system_test_framework.go:150\n","        \t            \t\t\t\t/root/actions-runner9/_work/system_test/system_test/tests/cli_tests/asm_amd64.s:1598\n","        \tError:      \tExpected nil, but got: \u0026exec.ExitError{ProcessState:(*os.ProcessState)(0xc0006865e8), Stderr:[]uint8(nil)}\n","        \tTest:       \tTest___FlakyTransferAllocation/transfer_allocation_and_upload_file\n","        \tMessages:   \t0 / 256    0.00% 256 / 256  100.00% 0s\n","        \t            \tError in file operation: check_alloc_status_failed: signature verification failed for latest writemarker: write_marker_validation_failed: Write marker signature is not valid\n","        \t            \tUpload failed. check_alloc_status_failed: signature verification failed for latest writemarker: write_marker_validation_failed: Write marker signature is not valid\n","    flaky___flaky_test.go:176: Test case [transfer allocation and upload file] exit at [06-12-2023 18:46:40]\n",""],"Passed":false,"Skipped":false,"TestFileName":"","TestFunctionDetail":{"Line":0,"Col":0}}]}]

    const report = window.GoTestReport({
                                         data: data,
                                         testResultsElem: document.getElementById('testResults'),
                                         testGroupListElem: document.getElementById('testGroupList')
                                       });


</script>
</body>
</html>
