<!DOCTYPE html>
<html lang="en">
<head>
    <meta charset="UTF-8">
    <title>Subset of 0Chain System test suite [master/79ceb839] ran against [dev-1.devnet-0chain.net] at [2024-11-22_18.29.38]</title>
    <style type="text/css">
        body {
            font-family: sans-serif;
            background-color: #f3f3f3;
            border-top: 2px #dee6e8 solid;
            margin: 0;
        }

        div.pageHeader span.projectTitle {
            font-family: serif;
            font-size: 2em;
            padding-left: 56px;
            padding-top: 80px;
            display: block;
            color: #a5a5a5;
            text-shadow: 0 -1px 1px white;
        }

        div.pageHeader div.testStats {
            position: absolute;
            top: 7px;
            right: 52px;
            font-size: 0.8em;
            color: #a2a2a2;
        }

        div.pageHeader div.testStats span.indicator {
            font-size: 2em;
            position: relative;
            top: 5px;
            text-shadow: 0 1px 0 white;
        }

        div.pageHeader div.testStats span strong {
            margin-right: 16px;
        }

        div.pageHeader div.testStats span.total {
            border-right: 1px #afafaf dotted;
            background: #8298af;
        }

        div.pageHeader div.testStats span.passed {
            border-right: 1px #afafaf dotted;
            background: #6fca83;
        }

        div.pageHeader div.testStats span.skipped {
            background: #bababa;
        }

        div.pageHeader div.testStats span.failed {
            background: #ff7676;
        }

        div.pageHeader div.testStats span {
            margin-right: 1px;
            height: 55px;
            padding: 20px 8px 18px;
            color: white;
        }

        div.pageHeader .testGroupsTitle {
            margin: 16px 32px 8px 40px;
            font-size: 0.9em;
            color: darkgrey;
            display: inline-block;
        }

        div.pageHeader .testExecutionDate {
            display: inline-block;
            position: absolute;
            right: 10px;
            margin: 14px 32px 8px 40px;
            color: #9e9e9e;
            font-size: 0.9em;
        }

        .testReportContainer {
            padding: 0 32px 32px 32px;
        }

        .cardContainer {
            padding: 16px 16px 16px;
            box-shadow: 0 4px 4px #d4d4d4;
            background-color: white;
        }

        #testResults {
            display: flex;
            flex-wrap: wrap;
        }

        .testResultGroup {
            width: 24px;
            height: 24px;
            background-color: #43c143;
            margin-left: 1px;
            margin-bottom: 1px;
            box-sizing: border-box;
        }

        .testResultGroup.selected {
            border: 1px white solid;
            background-color: black !important;
        }

        .testResultGroup.skipped {
            border: 2px gray solid;
        }

        .testResultGroup.failed {
            background-color: red;
        }

        .cardContainer.testGroupList,
        .cardContainer.testDetail {
            margin-top: 16px;
            padding: 16px;
        }

        .cardContainer.testGroupList {
            color: #9c9c9c;
            padding: 0;
        }

        .cardContainer.testGroupList .testGroupRow {
            cursor: default;
            border-bottom: 1px #dadada dotted;
        }

        .cardContainer.testGroupList .testGroupRow span.testStatus {
            font-size: 1.2em;
            font-weight: bold;
            color: #139e13;
            pointer-events: none;
            display: inline-block;
            overflow: hidden;
            float: left;
            padding-top: 10px;
            padding-left: 20px;
            padding-right: 12px;
        }

        .cardContainer.testGroupList .testGroupRow span.testStatus.skipped {
            color: gray;
        }

        .cardContainer.testGroupList .testGroupRow span.testStatus.failed {
            color: red;
        }

        .cardContainer.testGroupList .testGroupRow span.testTitle {
            font-size: 0.9em;
            padding: 12px 0 10px;
            display: inline-block;
            pointer-events: none;
            color: #525252;
            text-overflow: ellipsis;
            overflow: hidden;
            width: calc(100% - 110px);
        }

        .cardContainer.testGroupList .testGroupRow span.testDuration {
            pointer-events: none;
        }

        .cardContainer.testGroupList .testGroupRow {
            position: relative;
            border-left: 4px #43c143 solid;
        }

        .cardContainer.testGroupList .testGroupRow.skipped {
            color: gray;
            border-left: 4px gray solid;
        }

        .cardContainer.testGroupList .testGroupRow.failed {
            color: red;
            border-left: 4px red solid;
        }

        .cardContainer.testGroupList .testGroupRow:hover {
            background-color: #fffaea;
            transition: 0.250s;
        }

        .cardContainer .testOutput {
            padding: 8px 16px 24px 16px;
        }

        .cardContainer .console {
            display: block;
            font-family: monospace;
            padding: 10px;
            background-color: #424242;
            color: #1aff00;
            border-bottom: 1px #1aff00 dotted;
            overflow: auto;
            font-size: 1.1em;
        }

        .cardContainer .testOutput .testDetail {
            border-bottom: 1px #d0d0d0 solid;
            padding: 16px;
            background-color: #e6e6e6;
            border-radius: 0 0 4px 4px;
            color: dimgrey;
            font-size: 0.8em;
        }

        .cardContainer .console.skipped{
            color: #d9d9d9;
        }

        .cardContainer .console.failed {
            color: #ffb2b2;
        }

        .cardContainer .testDuration {
            position: absolute;
            top: 5px;
            right: 8px;
            text-align: right;
            padding-right: 8px;
            box-sizing: border-box;
        }
    </style>
</head>
<body>
<div class="pageHeader">
    <span class="projectTitle">Subset of 0Chain System test suite [master/79ceb839] ran against [dev-1.devnet-0chain.net] at [2024-11-22_18.29.38]</span>
    <div class="testStats">
        <span class="total"><span class="indicator">&boxbox;</span> Total: <strong>39</strong>Duration: <strong>2ms</strong>
        </span><span class="passed"><span class="indicator">&check;</span> Passed: <strong>38</strong>
        </span><span class="skipped"><span class="indicator">&dash;</span> Skipped: <strong>1</strong>
        </span><span class="failed"><span class="indicator">&cross;</span> Failed: <strong>0</strong>
        </span>
    </div>
    <span class="testGroupsTitle">Test Groups:</span>
    <span class="testExecutionDate">November 22, 2024 18:30:46</span>
</div>
<div class="testReportContainer">
    <div class="cardContainer">
        <div id="testResults">
            
                <div class="testResultGroup  " id="0"></div>
            
                <div class="testResultGroup  " id="1"></div>
            
                <div class="testResultGroup  " id="2"></div>
            
                <div class="testResultGroup  " id="3"></div>
            
                <div class="testResultGroup  " id="4"></div>
            
                <div class="testResultGroup  " id="5"></div>
            
                <div class="testResultGroup  " id="6"></div>
            
                <div class="testResultGroup  " id="7"></div>
            
                <div class="testResultGroup  " id="8"></div>
            
                <div class="testResultGroup  " id="9"></div>
            
                <div class="testResultGroup  " id="10"></div>
            
                <div class="testResultGroup  " id="11"></div>
            
                <div class="testResultGroup  " id="12"></div>
            
                <div class="testResultGroup  " id="13"></div>
            
                <div class="testResultGroup  " id="14"></div>
            
                <div class="testResultGroup  " id="15"></div>
            
                <div class="testResultGroup  " id="16"></div>
            
                <div class="testResultGroup  " id="17"></div>
            
                <div class="testResultGroup  " id="18"></div>
            
                <div class="testResultGroup  " id="19"></div>
            
                <div class="testResultGroup  " id="20"></div>
            
                <div class="testResultGroup  " id="21"></div>
            
                <div class="testResultGroup  " id="22"></div>
            
                <div class="testResultGroup  " id="23"></div>
            
                <div class="testResultGroup  " id="24"></div>
            
                <div class="testResultGroup  " id="25"></div>
            
                <div class="testResultGroup  " id="26"></div>
            
                <div class="testResultGroup  " id="27"></div>
            
                <div class="testResultGroup  " id="28"></div>
            
                <div class="testResultGroup  " id="29"></div>
            
                <div class="testResultGroup  " id="30"></div>
            
                <div class="testResultGroup  " id="31"></div>
            
                <div class="testResultGroup  skipped" id="32"></div>
            
                <div class="testResultGroup  " id="33"></div>
            
                <div class="testResultGroup  " id="34"></div>
            
                <div class="testResultGroup  " id="35"></div>
            
                <div class="testResultGroup  " id="36"></div>
            
                <div class="testResultGroup  " id="37"></div>
            
                <div class="testResultGroup  " id="38"></div>
            
        </div>
    </div>
    <div class="cardContainer testGroupList" id="testGroupList"></div>
</div>
<script type="application/javascript">
    /**
 * @typedef TestStatus
 * @property {string} TestName
 * @property {string} Package
 * @property {number} ElapsedTime
 * @property {Array.<string>} Output
 * @property {boolean} Passed
 * @property {boolean} Skipped
 */
class TestStatus {}

/**
 * @typedef TestGroupData
 * @type {object}
 * @property {string} FailureIndicator
 * @property {string} SkippedIndicator
 * @property {Array.<TestStatus>}
 */
class TestGroupData {}

/**
 * @typedef TestResults
 * @type {Array.<TestGroupData>}
 */
class TestResults extends Array {}

/**
 * @typedef SelectedItems
 * @property {HTMLElement|EventTarget} testResults
 * @property {String} selectedTestGroupColor
 */
class SelectedItems {}

/**
 * @typedef GoTestReportElements
 * @property {TestResults} data
 * @property {HTMLElement} testResultsElem
 * @property {HTMLElement} testGroupListElem
 */
class GoTestReportElements {}


/**
 * Main entry point for GoTestReport.
 * @param {GoTestReportElements} elements
 * @returns {{testResultsClickHandler: testResultsClickHandler}}
 * @constructor
 */
window.GoTestReport = function (elements) {
  const /**@type {SelectedItems}*/ selectedItems = {
    testResults: null,
    selectedTestGroupColor: null
  }

  function addEventData(event) {
    if (event.data == null) {
      event.data = {target: event.target}
    }
    return event
  }


  const goTestReport = {
    /**
     * Invoked when a user clicks on one of the test group div elements.
     * @param {HTMLElement} target The element associated with the test group.
     * @param {boolean} shiftKey If pressed, all of test detail associated to the test group is shown.
     * @param {TestResults} data
     * @param {SelectedItems} selectedItems
     * @param {function(target: Element, data: TestResults)} testGroupListHandler
     */
    testResultsClickHandler: function (target,
                                       shiftKey,
                                       data,
                                       selectedItems,
                                       testGroupListHandler) {

      if (target.classList.contains('testResultGroup') === false) {
        return
      }
      if (selectedItems.testResults != null) {
        let testResultsElement = /**@type {HTMLElement}*/ selectedItems.testResults
        testResultsElement.classList.remove("selected")
        testResultsElement.style.backgroundColor = selectedItems.selectedTestGroupColor
      }
      const testGroupId = /**@type {number}*/ target.id
      if ((target.id === undefined)
        || (data[testGroupId] === undefined)
        || (data[testGroupId]['TestResults'] === undefined)) {
        return
      }
      const testResults = /**@type {TestResults}*/ data[testGroupId]['TestResults']
      let testGroupList = /**@type {string}*/ ''
      selectedItems.selectedTestGroupColor = getComputedStyle(target).getPropertyValue('background-color')
      selectedItems.testResults = target
      target.classList.add("selected")
      for (let i = 0; i < testResults.length; i++) {
        const testResult = /**@type {TestGroupData}*/ testResults[i]
        const testPassed = /**@type {boolean}*/ testResult.Passed
        const testSkipped = /**@type {boolean}*/ testResult.Skipped
        const testPassedStatus = /**@type {string}*/ (testPassed) ? '' : (testSkipped ? 'skipped' : 'failed')
        const testId = /**@type {string}*/ target.attributes['id'].value
        testGroupList += `<div class="testGroupRow ${testPassedStatus}" data-groupid="${testId}" data-index="${i}">
        <span class="testStatus ${testPassedStatus}">${(testPassed) ? '&check' : (testSkipped ? '&dash' : '&cross')};</span>
        <span class="testTitle">${testResult.TestName}</span>
        <span class="testDuration"><span>${testResult.ElapsedTime}s </span>‚è±</span>
      </div>`
      }
      const testGroupListElem = elements.testGroupListElem
      testGroupListElem.innerHTML = ''
      testGroupListElem.innerHTML = testGroupList

      if (shiftKey) {
        testGroupListElem.querySelectorAll('.testGroupRow')
                         .forEach((elem) => testGroupListHandler(elem, data))
      } else if (testResults.length === 1) {
        testGroupListHandler(testGroupListElem.querySelector('.testGroupRow'), data)
      }
    },

    /**
     *
     * @param {Element} target
     * @param {TestResults} data
     */
    testGroupListHandler: function (target, data) {
      const attribs = target['attributes']
      if (attribs.hasOwnProperty('data-groupid')) {
        const groupId = /**@type {number}*/ attribs['data-groupid'].value
        const testIndex = /**@type {number}*/ attribs['data-index'].value
        const testStatus = /**@type {TestStatus}*/ data[groupId]['TestResults'][testIndex]
        const testOutputDiv = /**@type {HTMLDivElement}*/ target.querySelector('div.testOutput')

        if (testOutputDiv == null) {
          const testOutputDiv = document.createElement('div')
          testOutputDiv.classList.add('testOutput')
          const consolePre = document.createElement('pre')
          consolePre.classList.add('console')
          const testDetailDiv = document.createElement('div')
          testDetailDiv.classList.add('testDetail')
          const packageNameDiv = document.createElement('div')
          packageNameDiv.classList.add('package')
          packageNameDiv.innerHTML = `<strong>Package:</strong> ${testStatus.Package}`
          const testFileNameDiv = document.createElement('div')
          testFileNameDiv.classList.add('filename')
          if (testStatus.TestFileName.trim() === "") {
            testFileNameDiv.innerHTML = `<strong>Filename:</strong> n/a &nbsp;&nbsp;`
          } else {
            testFileNameDiv.innerHTML = `<strong>Filename:</strong> ${testStatus.TestFileName} &nbsp;&nbsp;`
            testFileNameDiv.innerHTML += `<strong>Line:</strong> ${testStatus.TestFunctionDetail.Line} `
            testFileNameDiv.innerHTML += `<strong>Col:</strong> ${testStatus.TestFunctionDetail.Col}`
          }
          testDetailDiv.insertAdjacentElement('beforeend', packageNameDiv)
          testDetailDiv.insertAdjacentElement('beforeend', testFileNameDiv)
          testOutputDiv.insertAdjacentElement('afterbegin', consolePre)
          testOutputDiv.insertAdjacentElement('beforeend', testDetailDiv)
          target.insertAdjacentElement('beforeend', testOutputDiv)

          if (testStatus.Passed) {
            consolePre.classList.remove('skipped')
            consolePre.classList.remove('failed')
          } else if (testStatus.Skipped) {
            consolePre.classList.add('skipped')
            consolePre.classList.remove('failed')
          } else {
            consolePre.classList.remove('skipped')
            consolePre.classList.add('failed')
          }
          consolePre.textContent = testStatus.Output.join('')
        } else {
          testOutputDiv.remove()
        }
      }
    }
  }

  //+------------------------+
  //|    setup DOM events    |
  //+------------------------+
  elements.testResultsElem
          .addEventListener('click', event =>
            goTestReport.testResultsClickHandler(/**@type {HTMLElement}*/ addEventData(event).data.target,
                                                 event.shiftKey,
                                                 elements.data,
                                                 selectedItems,
                                                 goTestReport.testGroupListHandler))

  elements.testGroupListElem
          .addEventListener('click', event =>
            goTestReport.testGroupListHandler(/**@type {Element}*/ event.target,
                                              elements.data))

  return goTestReport
}


    

    const data = [{"FailureIndicator":"","SkippedIndicator":"","TestResults":[{"TestName":"TestDownload","Package":"github.com/0chain/system_test/tests/cli_tests","ElapsedTime":0,"Output":["","","","--- PASS: TestDownload (0.00s)",""],"Passed":true,"Skipped":false,"TestFileName":"zboxcli_file_download_test.go","TestFunctionDetail":{"Line":24,"Col":1}}]},{"FailureIndicator":"","SkippedIndicator":"","TestResults":[{"TestName":"TestDownload/Download_Encrypted_File_Should_Work","Package":"github.com/0chain/system_test/tests/cli_tests","ElapsedTime":20.65,"Output":["","    zboxcli_file_download_test.go:324: Test case [Download Encrypted File Should Work] scheduled at [11-22-2024 18:29:40] \n","","","    system_test_framework.go:149: Test case [Download Encrypted File Should Work] start at [11-22-2024 18:29:40] \n","    zboxcli_create_allocation_test.go:446: Creating new allocation...\n","File ./config/TestDownload-Download_File_from_a_Directory_Should_Work_wallet.json written successfully.\n","    zboxcli_file_download_test.go:1275: Generating checksum for file [/tmp/nuFUKBhHBA_test.txt]...\n","    zboxcli_file_upload_test.go:985: Uploading file...\n","    utils.go:166: Waiting 15s...\n","    zboxcli_file_download_test.go:1259: Downloading file...\n","    zboxcli_file_download_test.go:1275: Generating checksum for file [/tmp/nuFUKBhHBA_test.txt]...\n","    zboxcli_file_download_test.go:324: Test case [Download Encrypted File Should Work] exit at [11-22-2024 18:30:01]\n","--- PASS: TestDownload/Download_Encrypted_File_Should_Work (20.65s)",""],"Passed":true,"Skipped":false,"TestFileName":"","TestFunctionDetail":{"Line":0,"Col":0}}]},{"FailureIndicator":"","SkippedIndicator":"","TestResults":[{"TestName":"TestDownload/Download_Encrypted_File_Thumbnail_Should_Work","Package":"github.com/0chain/system_test/tests/cli_tests","ElapsedTime":20.44,"Output":["","    zboxcli_file_download_test.go:692: Test case [Download Encrypted File Thumbnail Should Work] scheduled at [11-22-2024 18:29:40] \n","","","    system_test_framework.go:149: Test case [Download Encrypted File Thumbnail Should Work] start at [11-22-2024 18:30:01] \n","2024/11/22 18:30:01 Creating wallet for TestDownload-Download_Encrypted_File_Thumbnail_Should_Work with walletIdx 517\n","File ./config/TestDownload-Download_Encrypted_File_Thumbnail_Should_Work_wallet.json written successfully.\n","    zboxcli_create_allocation_test.go:446: Creating new allocation...\n","    zboxcli_file_upload_test.go:985: Uploading file...\n","    utils.go:166: Waiting 15s...\n","    zboxcli_file_download_test.go:1259: Downloading file...\n","    zboxcli_file_download_test.go:692: Test case [Download Encrypted File Thumbnail Should Work] exit at [11-22-2024 18:30:21]\n","--- PASS: TestDownload/Download_Encrypted_File_Thumbnail_Should_Work (20.44s)",""],"Passed":true,"Skipped":false,"TestFileName":"","TestFunctionDetail":{"Line":0,"Col":0}}]},{"FailureIndicator":"","SkippedIndicator":"","TestResults":[{"TestName":"TestDownload/Download_Entire_Directory_Should_Work_but_does_not_see_blobber/issues/588","Package":"github.com/0chain/system_test/tests/cli_tests","ElapsedTime":20.62,"Output":["","    zboxcli_file_download_test.go:194: Test case [Download Entire Directory Should Work but does not see blobber/issues/588] scheduled at [11-22-2024 18:29:40] \n","","","    system_test_framework.go:149: Test case [Download Entire Directory Should Work but does not see blobber/issues/588] start at [11-22-2024 18:29:40] \n","    zboxcli_create_allocation_test.go:446: Creating new allocation...\n","2024/11/22 18:29:40 Creating wallet for TestDownload-Download_Shared_File_Should_Work-Share_File_from_Another_Wallet with walletIdx 510\n","File ./config/TestDownload-Download_Shared_File_Should_Work-Share_File_from_Another_Wallet_wallet.json written successfully.\n","    zboxcli_file_upload_test.go:1027: Uploading file /tmp/YcmsaPPFV7_test.txt to allocation 0addd2fb7608a1862ff8274aa167596ea8754259fff864aef0d926ad886fe41b with remotepath /nested/dir/YcmsaPPFV7_test.txt\n","    zboxcli_file_upload_test.go:985: Uploading file...\n","    utils.go:166: Waiting 15s...\n","    zboxcli_file_download_test.go:1259: Downloading file...\n","    zboxcli_file_download_test.go:194: Test case [Download Entire Directory Should Work but does not see blobber/issues/588] exit at [11-22-2024 18:30:01]\n","--- PASS: TestDownload/Download_Entire_Directory_Should_Work_but_does_not_see_blobber/issues/588 (20.62s)",""],"Passed":true,"Skipped":false,"TestFileName":"","TestFunctionDetail":{"Line":0,"Col":0}}]},{"FailureIndicator":"","SkippedIndicator":"","TestResults":[{"TestName":"TestDownload/Download_File_Concurrently_Should_Work_from_two_Different_Directory","Package":"github.com/0chain/system_test/tests/cli_tests","ElapsedTime":30.97,"Output":["","    zboxcli_file_download_test.go:67: Test case [Download File Concurrently Should Work from two Different Directory] scheduled at [11-22-2024 18:29:40] \n","","","    system_test_framework.go:149: Test case [Download File Concurrently Should Work from two Different Directory] start at [11-22-2024 18:29:40] \n","    zboxcli_create_allocation_test.go:446: Creating new allocation...\n","File ./config/TestDownload-Download_File_from_Nested_Directory_Should_Work_wallet.json written successfully.\n","    zboxcli_file_upload_test.go:1027: Uploading file /tmp/BjKe7E1878_test.txt to allocation 5d08a36f1818ffeb7351505c95b437a49ad837f62747292841a081ea2a39d60a with remotepath /dir1/BjKe7E1878_test.txt\n","    zboxcli_file_upload_test.go:985: Uploading file...\n","    zboxcli_file_upload_test.go:1027: Uploading file /tmp/staUaUjxrV_test.txt to allocation 5d08a36f1818ffeb7351505c95b437a49ad837f62747292841a081ea2a39d60a with remotepath /dir2/staUaUjxrV_test.txt\n","    zboxcli_file_upload_test.go:985: Uploading file...\n","    zboxcli_file_download_test.go:1275: Generating checksum for file [/tmp/BjKe7E1878_test.txt]...\n","    zboxcli_file_download_test.go:1275: Generating checksum for file [/tmp/staUaUjxrV_test.txt]...\n","    utils.go:166: Waiting 15s...\n","    utils.go:166: Waiting 15s...\n","    zboxcli_file_download_test.go:1259: Downloading file...\n","    zboxcli_file_download_test.go:1259: Downloading file...\n","    zboxcli_file_download_test.go:1275: Generating checksum for file [tmp/BjKe7E1878_test.txt]...\n","    zboxcli_file_download_test.go:1275: Generating checksum for file [tmp/staUaUjxrV_test.txt]...\n","    zboxcli_file_download_test.go:67: Test case [Download File Concurrently Should Work from two Different Directory] exit at [11-22-2024 18:30:11]\n","--- PASS: TestDownload/Download_File_Concurrently_Should_Work_from_two_Different_Directory (30.97s)",""],"Passed":true,"Skipped":false,"TestFileName":"","TestFunctionDetail":{"Line":0,"Col":0}}]},{"FailureIndicator":"","SkippedIndicator":"","TestResults":[{"TestName":"TestDownload/Download_File_From_Shared_Folder_Should_Work_but_does_not_see_blobber/issues/588","Package":"github.com/0chain/system_test/tests/cli_tests","ElapsedTime":20.69,"Output":["","    zboxcli_file_download_test.go:220: Test case [Download File From Shared Folder Should Work but does not see blobber/issues/588] scheduled at [11-22-2024 18:29:40] \n","","","2024/11/22 18:29:40 Creating wallet for TestDownload-Download_File_With_Only_startblock_Should_Work with walletIdx 503\n","    system_test_framework.go:149: Test case [Download File From Shared Folder Should Work but does not see blobber/issues/588] start at [11-22-2024 18:29:40] \n","2024/11/22 18:29:46 Creating wallet for TestDownload-Download_File_From_Shared_Folder_Should_Work_but_does_not_see_blobber-issues-588 with walletIdx 516\n","File ./config/TestDownload-Download_File_From_Shared_Folder_Should_Work_but_does_not_see_blobber-issues-588_wallet.json written successfully.\n","    utils.go:166: Waiting 15s...\n","    zboxcli_file_download_test.go:1259: Downloading file...\n","    zboxcli_file_download_test.go:220: Test case [Download File From Shared Folder Should Work but does not see blobber/issues/588] exit at [11-22-2024 18:30:01]\n","--- PASS: TestDownload/Download_File_From_Shared_Folder_Should_Work_but_does_not_see_blobber/issues/588 (20.69s)",""],"Passed":true,"Skipped":false,"TestFileName":"","TestFunctionDetail":{"Line":0,"Col":0}}]},{"FailureIndicator":"","SkippedIndicator":"","TestResults":[{"TestName":"TestDownload/Download_File_From_Shared_Folder_Should_Work_but_does_not_see_blobber/issues/588/Share_Entire_Folder_from_Another_Wallet","Package":"github.com/0chain/system_test/tests/cli_tests","ElapsedTime":5.62,"Output":["","    zboxcli_file_download_test.go:227: Test case [Share Entire Folder from Another Wallet] scheduled at [11-22-2024 18:29:40] \n","    zboxcli_file_download_test.go:227: [WARN] Not running test case [Share Entire Folder from Another Wallet] in parallel as it is a child test. Use t.Unwrap.run() then t.Parallel() if you wish to do this.\n","    system_test_framework.go:149: Test case [Share Entire Folder from Another Wallet] start at [11-22-2024 18:29:40] \n","    zboxcli_create_allocation_test.go:446: Creating new allocation...\n","File ./config/TestDownload-Download_Shared_File_by_Paying_Should_Work-Share_File_from_Another_Wallet_wallet.json written successfully.\n","    zboxcli_file_upload_test.go:1027: Uploading file /tmp/zpA-QZ5q26_test.txt to allocation 21ff66071fe673e99879f6ddcfe824a66830f0c7f803819849cb0b63c452ef85 with remotepath /zpA-QZ5q26_test.txt\n","    zboxcli_file_upload_test.go:985: Uploading file...\n","    zboxcli_list_file_test.go:620: Sharing file/folder...\n","    zboxcli_file_download_test.go:227: Test case [Share Entire Folder from Another Wallet] exit at [11-22-2024 18:29:46]\n","--- PASS: TestDownload/Download_File_From_Shared_Folder_Should_Work_but_does_not_see_blobber/issues/588/Share_Entire_Folder_from_Another_Wallet (5.62s)",""],"Passed":true,"Skipped":false,"TestFileName":"","TestFunctionDetail":{"Line":0,"Col":0}}]},{"FailureIndicator":"","SkippedIndicator":"","TestResults":[{"TestName":"TestDownload/Download_File_Thumbnail_Should_Work","Package":"github.com/0chain/system_test/tests/cli_tests","ElapsedTime":20.51,"Output":["","    zboxcli_file_download_test.go:649: Test case [Download File Thumbnail Should Work] scheduled at [11-22-2024 18:29:40] \n","","","    system_test_framework.go:149: Test case [Download File Thumbnail Should Work] start at [11-22-2024 18:30:01] \n","2024/11/22 18:30:01 Creating wallet for TestDownload-Download_File_Thumbnail_Should_Work with walletIdx 519\n","File ./config/TestDownload-Download_File_Thumbnail_Should_Work_wallet.json written successfully.\n","    zboxcli_create_allocation_test.go:446: Creating new allocation...\n","    zboxcli_file_upload_test.go:985: Uploading file...\n","    utils.go:166: Waiting 15s...\n","    zboxcli_file_download_test.go:1259: Downloading file...\n","    zboxcli_file_download_test.go:649: Test case [Download File Thumbnail Should Work] exit at [11-22-2024 18:30:21]\n","--- PASS: TestDownload/Download_File_Thumbnail_Should_Work (20.51s)",""],"Passed":true,"Skipped":false,"TestFileName":"","TestFunctionDetail":{"Line":0,"Col":0}}]},{"FailureIndicator":"","SkippedIndicator":"","TestResults":[{"TestName":"TestDownload/Download_File_With_Only_endblock_Should_Work","Package":"github.com/0chain/system_test/tests/cli_tests","ElapsedTime":20.47,"Output":["","    zboxcli_file_download_test.go:826: Test case [Download File With Only endblock Should Work] scheduled at [11-22-2024 18:29:40] \n","","","    system_test_framework.go:149: Test case [Download File With Only endblock Should Work] start at [11-22-2024 18:30:21] \n","2024/11/22 18:30:21 Creating wallet for TestDownload-Download_File_With_Only_endblock_Should_Work with walletIdx 534\n","File ./config/TestDownload-Download_File_With_Only_endblock_Should_Work_wallet.json written successfully.\n","    zboxcli_create_allocation_test.go:446: Creating new allocation...\n","    zboxcli_file_upload_test.go:1027: Uploading file /tmp/4o-TX8ArGq_test.txt to allocation 76b637cc0299f027d43598113a201ccdba643dd7fd0fdb738d22fea597f98635 with remotepath /4o-TX8ArGq_test.txt\n","    zboxcli_file_upload_test.go:985: Uploading file...\n","    utils.go:166: Waiting 15s...\n","    zboxcli_file_download_test.go:1259: Downloading file...\n","    zboxcli_file_download_test.go:826: Test case [Download File With Only endblock Should Work] exit at [11-22-2024 18:30:42]\n","--- PASS: TestDownload/Download_File_With_Only_endblock_Should_Work (20.47s)",""],"Passed":true,"Skipped":false,"TestFileName":"","TestFunctionDetail":{"Line":0,"Col":0}}]},{"FailureIndicator":"","SkippedIndicator":"","TestResults":[{"TestName":"TestDownload/Download_File_With_Only_startblock_Should_Work","Package":"github.com/0chain/system_test/tests/cli_tests","ElapsedTime":20.74,"Output":["","    zboxcli_file_download_test.go:773: Test case [Download File With Only startblock Should Work] scheduled at [11-22-2024 18:29:40] \n","","","    system_test_framework.go:149: Test case [Download File With Only startblock Should Work] start at [11-22-2024 18:29:40] \n","2024/11/22 18:29:40 Creating wallet for TestDownload-Download_File_from_Root_Directory_Should_Work with walletIdx 502\n","File ./config/TestDownload-Download_to_Non-Existent_Path_Should_Work_wallet.json written successfully.\n","    zboxcli_create_allocation_test.go:446: Creating new allocation...\n","    zboxcli_file_upload_test.go:1027: Uploading file /tmp/zICib1-nCq_test.txt to allocation 049b492ad16945992d5a18ea949953be531fc2004dbd72327396654b0440b24d with remotepath /zICib1-nCq_test.txt\n","    zboxcli_file_upload_test.go:985: Uploading file...\n","    zboxcli_file_stats_test.go:493: Getting file stats...\n","    utils.go:166: Waiting 15s...\n","    zboxcli_file_download_test.go:1259: Downloading file...\n","    zboxcli_file_download_test.go:773: Test case [Download File With Only startblock Should Work] exit at [11-22-2024 18:30:01]\n","--- PASS: TestDownload/Download_File_With_Only_startblock_Should_Work (20.74s)",""],"Passed":true,"Skipped":false,"TestFileName":"","TestFunctionDetail":{"Line":0,"Col":0}}]},{"FailureIndicator":"","SkippedIndicator":"","TestResults":[{"TestName":"TestDownload/Download_File_With_blockspermarker_Flag_Should_Work","Package":"github.com/0chain/system_test/tests/cli_tests","ElapsedTime":20.33,"Output":["","    zboxcli_file_download_test.go:1076: Test case [Download File With blockspermarker Flag Should Work] scheduled at [11-22-2024 18:29:40] \n","","","    system_test_framework.go:149: Test case [Download File With blockspermarker Flag Should Work] start at [11-22-2024 18:30:16] \n","2024/11/22 18:30:16 Creating wallet for TestDownload-Download_File_With_blockspermarker_Flag_Should_Work with walletIdx 529\n","File ./config/TestDownload-Download_File_With_blockspermarker_Flag_Should_Work_wallet.json written successfully.\n","    zboxcli_create_allocation_test.go:446: Creating new allocation...\n","    zboxcli_file_upload_test.go:1027: Uploading file /tmp/xyV2kF9Hlc_test.txt to allocation c6df427f60b0c85540722ababf51f7f9a053a9890eeacad2ea65a5008cbd2a71 with remotepath /xyV2kF9Hlc_test.txt\n","    zboxcli_file_upload_test.go:985: Uploading file...\n","    zboxcli_file_download_test.go:1275: Generating checksum for file [/tmp/xyV2kF9Hlc_test.txt]...\n","    utils.go:166: Waiting 15s...\n","    zboxcli_file_download_test.go:1259: Downloading file...\n","    zboxcli_file_download_test.go:1275: Generating checksum for file [tmp/xyV2kF9Hlc_test.txt]...\n","    zboxcli_file_download_test.go:1076: Test case [Download File With blockspermarker Flag Should Work] exit at [11-22-2024 18:30:36]\n","--- PASS: TestDownload/Download_File_With_blockspermarker_Flag_Should_Work (20.33s)",""],"Passed":true,"Skipped":false,"TestFileName":"","TestFunctionDetail":{"Line":0,"Col":0}}]},{"FailureIndicator":"","SkippedIndicator":"","TestResults":[{"TestName":"TestDownload/Download_File_With_endblock_greater_than_number_of_blocks_should_work","Package":"github.com/0chain/system_test/tests/cli_tests","ElapsedTime":20.37,"Output":["","    zboxcli_file_download_test.go:946: Test case [Download File With endblock greater than number of blocks should work] scheduled at [11-22-2024 18:29:40] \n","","","    system_test_framework.go:149: Test case [Download File With endblock greater than number of blocks should work] start at [11-22-2024 18:30:21] \n","2024/11/22 18:30:21 Creating wallet for TestDownload-Download_File_With_endblock_greater_than_number_of_blocks_should_work with walletIdx 533\n","File ./config/TestDownload-Download_File_With_endblock_greater_than_number_of_blocks_should_work_wallet.json written successfully.\n","    zboxcli_create_allocation_test.go:446: Creating new allocation...\n","    zboxcli_file_upload_test.go:1027: Uploading file /tmp/lmq-sDAnNH_test.txt to allocation 0138864a8a266a8aa5e29e9deff3b61704121c6520ad6fe6c8ca4cbc5d82ec84 with remotepath /lmq-sDAnNH_test.txt\n","    zboxcli_file_upload_test.go:985: Uploading file...\n","    utils.go:166: Waiting 15s...\n","    zboxcli_file_download_test.go:1259: Downloading file...\n","    zboxcli_file_download_test.go:946: Test case [Download File With endblock greater than number of blocks should work] exit at [11-22-2024 18:30:41]\n","--- PASS: TestDownload/Download_File_With_endblock_greater_than_number_of_blocks_should_work (20.37s)",""],"Passed":true,"Skipped":false,"TestFileName":"","TestFunctionDetail":{"Line":0,"Col":0}}]},{"FailureIndicator":"","SkippedIndicator":"","TestResults":[{"TestName":"TestDownload/Download_File_With_startblock_0_and_non-zero_endblock_should_fail","Package":"github.com/0chain/system_test/tests/cli_tests","ElapsedTime":24.51,"Output":["","    zboxcli_file_download_test.go:913: Test case [Download File With startblock 0 and non-zero endblock should fail] scheduled at [11-22-2024 18:29:40] \n","","","    system_test_framework.go:149: Test case [Download File With startblock 0 and non-zero endblock should fail] start at [11-22-2024 18:30:16] \n","2024/11/22 18:30:16 Creating wallet for TestDownload-Download_File_With_startblock_0_and_non-zero_endblock_should_fail with walletIdx 530\n","File ./config/TestDownload-Download_File_With_startblock_0_and_non-zero_endblock_should_fail_wallet.json written successfully.\n","    zboxcli_create_allocation_test.go:446: Creating new allocation...\n","    zboxcli_file_upload_test.go:1027: Uploading file /tmp/wK8UDSZm1A_test.txt to allocation 7a38f6c9840f00d04bd3886647ba839afb8ee0048b4e285d6e9a5c09a7f80383 with remotepath /wK8UDSZm1A_test.txt\n","    zboxcli_file_upload_test.go:985: Uploading file...\n","    utils.go:166: Waiting 15s...\n","    zboxcli_file_download_test.go:1259: Downloading file...\n","    utils.go:82: \u001b[33mCommand failed on attempt [1/3] due to error [exit status 1]. Output: [Error: start block should not be less than 1 -\u003cNEWLINE\u003e- Error in file operation: start block or end block or both cannot be negative.]\n","    utils.go:82: \u001b[33mCommand failed on attempt [2/3] due to error [exit status 1]. Output: [Error: start block should not be less than 1 -\u003cNEWLINE\u003e- Error in file operation: start block or end block or both cannot be negative.]\n","    utils.go:98: \u001b[31mCommand failed on final attempt [3/3] due to error [exit status 1]. Command String: [] Output: [Error: start block should not be less than 1 -\u003cNEWLINE\u003e- Error in file operation: start block or end block or both cannot be negative.]\n","    utils.go:101: \u001b[31mThe verbose output for the command is:\n","    utils.go:105: \u001b[31m0chain-core-sdk [INFO]   2024/11/22 18:30:40.858885 wallet_base.go:193: ******* Wallet SDK Version:v1.17.11-269-g7fd90660 ******* (SetLogFile)\n","    utils.go:105: \u001b[31m0box-sdk        [INFO]   2024/11/22 18:30:40.858981 sdk.go:95: ******* Storage SDK Version: v1.17.11-269-g7fd90660 *******\n","    utils.go:105: \u001b[31mError: start block should not be less than 1\n","    utils.go:105: \u001b[31m0box-sdk        [INFO]   2024/11/22 18:30:40.884202 allocation.go:471: Owner signing public key already exists: 68ef1f69b761c1b323eb890df0d887fd033d3e443cb5c1d3f11998e349299c16 generated: 68ef1f69b761c1b323eb890df0d887fd033d3e443cb5c1d3f11998e349299c16\n","    utils.go:105: \u001b[31m0box-sdk        \u001b[31m[ERROR]  2024/11/22 18:30:40.892793 downloadworker.go:1063: Download failed: start block or end block or both cannot be negative. remotefilepath: /wK8UDSZm1A_test.txt\u001b[0m\n","    utils.go:105: \u001b[31mError in file operation: start block or end block or both cannot be negative.\n","    zboxcli_file_download_test.go:913: Test case [Download File With startblock 0 and non-zero endblock should fail] exit at [11-22-2024 18:30:40]\n","--- PASS: TestDownload/Download_File_With_startblock_0_and_non-zero_endblock_should_fail (24.51s)",""],"Passed":true,"Skipped":false,"TestFileName":"","TestFunctionDetail":{"Line":0,"Col":0}}]},{"FailureIndicator":"","SkippedIndicator":"","TestResults":[{"TestName":"TestDownload/Download_File_With_startblock_And_endblock_Should_Work","Package":"github.com/0chain/system_test/tests/cli_tests","ElapsedTime":20.73,"Output":["","    zboxcli_file_download_test.go:857: Test case [Download File With startblock And endblock Should Work] scheduled at [11-22-2024 18:29:40] \n","","","    system_test_framework.go:149: Test case [Download File With startblock And endblock Should Work] start at [11-22-2024 18:30:21] \n","2024/11/22 18:30:21 Creating wallet for TestDownload-Download_File_With_startblock_And_endblock_Should_Work with walletIdx 535\n","File ./config/TestDownload-Download_File_With_startblock_And_endblock_Should_Work_wallet.json written successfully.\n","    zboxcli_create_allocation_test.go:446: Creating new allocation...\n","    zboxcli_file_upload_test.go:1027: Uploading file /tmp/uvnj5Zbd3i_test.txt to allocation a41ff8f7872bdc06a06dc26013b0680ad6412e06fc4471cfa4404a6f034849f4 with remotepath /uvnj5Zbd3i_test.txt\n","    zboxcli_file_upload_test.go:985: Uploading file...\n","    zboxcli_file_stats_test.go:493: Getting file stats...\n","    utils.go:166: Waiting 15s...\n","    zboxcli_file_download_test.go:1259: Downloading file...\n","    zboxcli_file_download_test.go:857: Test case [Download File With startblock And endblock Should Work] exit at [11-22-2024 18:30:42]\n","--- PASS: TestDownload/Download_File_With_startblock_And_endblock_Should_Work (20.73s)",""],"Passed":true,"Skipped":false,"TestFileName":"","TestFunctionDetail":{"Line":0,"Col":0}}]},{"FailureIndicator":"","SkippedIndicator":"","TestResults":[{"TestName":"TestDownload/Download_File_from_Nested_Directory_Should_Work","Package":"github.com/0chain/system_test/tests/cli_tests","ElapsedTime":20.54,"Output":["","    zboxcli_file_download_test.go:161: Test case [Download File from Nested Directory Should Work] scheduled at [11-22-2024 18:29:40] \n","","","    system_test_framework.go:149: Test case [Download File from Nested Directory Should Work] start at [11-22-2024 18:29:40] \n","File ./config/TestDownload-Download_File_Concurrently_Should_Work_from_two_Different_Directory_wallet.json written successfully.\n","File ./config/TestDownload-Download_Shared_Encrypted_File_Should_Work_viewer_wallet.json written successfully.\n","    zboxcli_create_allocation_test.go:446: Creating new allocation...\n","    zboxcli_file_upload_test.go:1027: Uploading file /tmp/VBOZcmcmFN_test.txt to allocation b844193a30f1da06ca95a915251d9d353c3246f4cd30d36a173988d90ceaac2f with remotepath /nested/dir/VBOZcmcmFN_test.txt\n","    zboxcli_file_upload_test.go:985: Uploading file...\n","    zboxcli_file_download_test.go:1275: Generating checksum for file [/tmp/VBOZcmcmFN_test.txt]...\n","    utils.go:166: Waiting 15s...\n","    zboxcli_file_download_test.go:1259: Downloading file...\n","    zboxcli_file_download_test.go:1275: Generating checksum for file [tmp/VBOZcmcmFN_test.txt]...\n","    zboxcli_file_download_test.go:161: Test case [Download File from Nested Directory Should Work] exit at [11-22-2024 18:30:01]\n","--- PASS: TestDownload/Download_File_from_Nested_Directory_Should_Work (20.54s)",""],"Passed":true,"Skipped":false,"TestFileName":"","TestFunctionDetail":{"Line":0,"Col":0}}]},{"FailureIndicator":"","SkippedIndicator":"","TestResults":[{"TestName":"TestDownload/Download_File_from_Non-Existent_Allocation_Should_Fail","Package":"github.com/0chain/system_test/tests/cli_tests","ElapsedTime":15.05,"Output":["","    zboxcli_file_download_test.go:1112: Test case [Download File from Non-Existent Allocation Should Fail] scheduled at [11-22-2024 18:29:40] \n","","","    system_test_framework.go:149: Test case [Download File from Non-Existent Allocation Should Fail] start at [11-22-2024 18:30:11] \n","2024/11/22 18:30:11 Creating wallet for TestDownload-Download_File_from_Non-Existent_Allocation_Should_Fail with walletIdx 528\n","File ./config/TestDownload-Download_File_from_Non-Existent_Allocation_Should_Fail_wallet.json written successfully.\n","    utils.go:166: Waiting 15s...\n","    zboxcli_file_download_test.go:1259: Downloading file...\n","    zboxcli_file_download_test.go:1112: Test case [Download File from Non-Existent Allocation Should Fail] exit at [11-22-2024 18:30:26]\n","--- PASS: TestDownload/Download_File_from_Non-Existent_Allocation_Should_Fail (15.05s)",""],"Passed":true,"Skipped":false,"TestFileName":"","TestFunctionDetail":{"Line":0,"Col":0}}]},{"FailureIndicator":"","SkippedIndicator":"","TestResults":[{"TestName":"TestDownload/Download_File_from_Other's_Allocation_Should_Fail","Package":"github.com/0chain/system_test/tests/cli_tests","ElapsedTime":20.47,"Output":["","    zboxcli_file_download_test.go:1127: Test case [Download File from Other's Allocation Should Fail] scheduled at [11-22-2024 18:29:40] \n","","","    system_test_framework.go:149: Test case [Download File from Other's Allocation Should Fail] start at [11-22-2024 18:30:01] \n","2024/11/22 18:30:06 Creating wallet for TestDownload-Download_File_from_Other's_Allocation_Should_Fail with walletIdx 527\n","File ./config/TestDownload-Download_File_from_Other's_Allocation_Should_Fail_wallet.json written successfully.\n","    utils.go:166: Waiting 15s...\n","    zboxcli_file_download_test.go:1259: Downloading file...\n","    zboxcli_file_download_test.go:1127: Test case [Download File from Other's Allocation Should Fail] exit at [11-22-2024 18:30:21]\n","--- PASS: TestDownload/Download_File_from_Other's_Allocation_Should_Fail (20.47s)",""],"Passed":true,"Skipped":false,"TestFileName":"","TestFunctionDetail":{"Line":0,"Col":0}}]},{"FailureIndicator":"","SkippedIndicator":"","TestResults":[{"TestName":"TestDownload/Download_File_from_Other's_Allocation_Should_Fail/Get_Other_Allocation_ID","Package":"github.com/0chain/system_test/tests/cli_tests","ElapsedTime":5.41,"Output":["","    zboxcli_file_download_test.go:1134: Test case [Get Other Allocation ID] scheduled at [11-22-2024 18:30:01] \n","    zboxcli_file_download_test.go:1134: [WARN] Not running test case [Get Other Allocation ID] in parallel as it is a child test. Use t.Unwrap.run() then t.Parallel() if you wish to do this.\n","    system_test_framework.go:149: Test case [Get Other Allocation ID] start at [11-22-2024 18:30:01] \n","2024/11/22 18:30:01 Creating wallet for TestDownload-Download_File_from_Other's_Allocation_Should_Fail-Get_Other_Allocation_ID with walletIdx 526\n","File ./config/TestDownload-Download_File_from_Other's_Allocation_Should_Fail-Get_Other_Allocation_ID_wallet.json written successfully.\n","    zboxcli_create_allocation_test.go:446: Creating new allocation...\n","    zboxcli_file_upload_test.go:1027: Uploading file /tmp/sCCgZ92Aa5_test.txt to allocation a62aaa4ebff4ea81d8ded3f7b962aba75821f5fd500a8218e79b44017fd6eb6b with remotepath /sCCgZ92Aa5_test.txt\n","    zboxcli_file_upload_test.go:985: Uploading file...\n","    zboxcli_file_download_test.go:1134: Test case [Get Other Allocation ID] exit at [11-22-2024 18:30:06]\n","--- PASS: TestDownload/Download_File_from_Other's_Allocation_Should_Fail/Get_Other_Allocation_ID (5.41s)",""],"Passed":true,"Skipped":false,"TestFileName":"","TestFunctionDetail":{"Line":0,"Col":0}}]},{"FailureIndicator":"","SkippedIndicator":"","TestResults":[{"TestName":"TestDownload/Download_File_from_Root_Directory_Should_Work","Package":"github.com/0chain/system_test/tests/cli_tests","ElapsedTime":20.66,"Output":["","    zboxcli_file_download_test.go:34: Test case [Download File from Root Directory Should Work] scheduled at [11-22-2024 18:29:40] \n","","","    system_test_framework.go:149: Test case [Download File from Root Directory Should Work] start at [11-22-2024 18:29:40] \n","    zboxcli_create_allocation_test.go:446: Creating new allocation...\n","    zboxcli_file_upload_test.go:1027: Uploading file /tmp/9LsJdZyWsA_test.txt to allocation 474d3446b3bcc4c7e7943f0527a420894eec3baabf1b0b08e1a9411d6672702e with remotepath /9LsJdZyWsA_test.txt\n","    zboxcli_file_upload_test.go:985: Uploading file...\n","    zboxcli_file_download_test.go:1275: Generating checksum for file [/tmp/9LsJdZyWsA_test.txt]...\n","    utils.go:166: Waiting 15s...\n","    zboxcli_file_download_test.go:1259: Downloading file...\n","    zboxcli_file_download_test.go:1275: Generating checksum for file [tmp/9LsJdZyWsA_test.txt]...\n","    zboxcli_file_download_test.go:34: Test case [Download File from Root Directory Should Work] exit at [11-22-2024 18:30:01]\n","--- PASS: TestDownload/Download_File_from_Root_Directory_Should_Work (20.66s)",""],"Passed":true,"Skipped":false,"TestFileName":"","TestFunctionDetail":{"Line":0,"Col":0}}]},{"FailureIndicator":"","SkippedIndicator":"","TestResults":[{"TestName":"TestDownload/Download_File_from_a_Directory_Should_Work","Package":"github.com/0chain/system_test/tests/cli_tests","ElapsedTime":20.5,"Output":["","    zboxcli_file_download_test.go:128: Test case [Download File from a Directory Should Work] scheduled at [11-22-2024 18:29:40] \n","","","    system_test_framework.go:149: Test case [Download File from a Directory Should Work] start at [11-22-2024 18:29:40] \n","    zboxcli_create_allocation_test.go:446: Creating new allocation...\n","    zboxcli_file_upload_test.go:1027: Uploading file /tmp/N7N4WIH5cM_test.txt to allocation 9117b5da83915f3129ef9b2e05868d6acdb4b35afc5f280414528a7a729f0efc with remotepath /dir/N7N4WIH5cM_test.txt\n","    zboxcli_file_upload_test.go:985: Uploading file...\n","    zboxcli_file_download_test.go:1275: Generating checksum for file [/tmp/N7N4WIH5cM_test.txt]...\n","    utils.go:166: Waiting 15s...\n","    zboxcli_file_download_test.go:1259: Downloading file...\n","    zboxcli_file_download_test.go:1275: Generating checksum for file [tmp/N7N4WIH5cM_test.txt]...\n","    zboxcli_file_download_test.go:128: Test case [Download File from a Directory Should Work] exit at [11-22-2024 18:30:01]\n","--- PASS: TestDownload/Download_File_from_a_Directory_Should_Work (20.50s)",""],"Passed":true,"Skipped":false,"TestFileName":"","TestFunctionDetail":{"Line":0,"Col":0}}]},{"FailureIndicator":"","SkippedIndicator":"","TestResults":[{"TestName":"TestDownload/Download_From_Shared_Folder_by_Lookup_Hash_Should_Work","Package":"github.com/0chain/system_test/tests/cli_tests","ElapsedTime":20.49,"Output":["","    zboxcli_file_download_test.go:494: Test case [Download From Shared Folder by Lookup Hash Should Work] scheduled at [11-22-2024 18:29:40] \n","","","    system_test_framework.go:149: Test case [Download From Shared Folder by Lookup Hash Should Work] start at [11-22-2024 18:30:01] \n","    utils.go:166: Waiting 15s...\n","    zboxcli_file_download_test.go:1259: Downloading file...\n","    zboxcli_file_download_test.go:1275: Generating checksum for file [tmp/xNCuSsmxrH_test.txt]...\n","    zboxcli_file_download_test.go:494: Test case [Download From Shared Folder by Lookup Hash Should Work] exit at [11-22-2024 18:30:21]\n","--- PASS: TestDownload/Download_From_Shared_Folder_by_Lookup_Hash_Should_Work (20.49s)",""],"Passed":true,"Skipped":false,"TestFileName":"","TestFunctionDetail":{"Line":0,"Col":0}}]},{"FailureIndicator":"","SkippedIndicator":"","TestResults":[{"TestName":"TestDownload/Download_From_Shared_Folder_by_Lookup_Hash_Should_Work/Share_File_from_Another_Wallet","Package":"github.com/0chain/system_test/tests/cli_tests","ElapsedTime":5.42,"Output":["","    zboxcli_file_download_test.go:501: Test case [Share File from Another Wallet] scheduled at [11-22-2024 18:30:01] \n","    zboxcli_file_download_test.go:501: [WARN] Not running test case [Share File from Another Wallet] in parallel as it is a child test. Use t.Unwrap.run() then t.Parallel() if you wish to do this.\n","    system_test_framework.go:149: Test case [Share File from Another Wallet] start at [11-22-2024 18:30:01] \n","2024/11/22 18:30:01 Creating wallet for TestDownload-Download_From_Shared_Folder_by_Lookup_Hash_Should_Work-Share_File_from_Another_Wallet with walletIdx 518\n","File ./config/TestDownload-Download_From_Shared_Folder_by_Lookup_Hash_Should_Work-Share_File_from_Another_Wallet_wallet.json written successfully.\n","    zboxcli_create_allocation_test.go:446: Creating new allocation...\n","    zboxcli_file_upload_test.go:1027: Uploading file /tmp/xNCuSsmxrH_test.txt to allocation 5ecb275dcfb717d8ad90b3860969b32d28fa49f9517f1557e0ae153440091a2c with remotepath /dir/xNCuSsmxrH_test.txt\n","    zboxcli_file_upload_test.go:985: Uploading file...\n","    zboxcli_file_download_test.go:1275: Generating checksum for file [/tmp/xNCuSsmxrH_test.txt]...\n","    zboxcli_list_file_test.go:620: Sharing file/folder...\n","    zboxcli_file_download_test.go:501: Test case [Share File from Another Wallet] exit at [11-22-2024 18:30:06]\n","--- PASS: TestDownload/Download_From_Shared_Folder_by_Lookup_Hash_Should_Work/Share_File_from_Another_Wallet (5.42s)",""],"Passed":true,"Skipped":false,"TestFileName":"","TestFunctionDetail":{"Line":0,"Col":0}}]},{"FailureIndicator":"","SkippedIndicator":"","TestResults":[{"TestName":"TestDownload/Download_From_Shared_Folder_by_Remotepath_Should_Work","Package":"github.com/0chain/system_test/tests/cli_tests","ElapsedTime":20.62,"Output":["","    zboxcli_file_download_test.go:439: Test case [Download From Shared Folder by Remotepath Should Work] scheduled at [11-22-2024 18:29:40] \n","","","    system_test_framework.go:149: Test case [Download From Shared Folder by Remotepath Should Work] start at [11-22-2024 18:30:01] \n","    utils.go:166: Waiting 15s...\n","    zboxcli_file_download_test.go:1259: Downloading file...\n","    zboxcli_file_download_test.go:1275: Generating checksum for file [tmp/e4zl-BpCBj_test.txt]...\n","    zboxcli_file_download_test.go:439: Test case [Download From Shared Folder by Remotepath Should Work] exit at [11-22-2024 18:30:21]\n","--- PASS: TestDownload/Download_From_Shared_Folder_by_Remotepath_Should_Work (20.62s)",""],"Passed":true,"Skipped":false,"TestFileName":"","TestFunctionDetail":{"Line":0,"Col":0}}]},{"FailureIndicator":"","SkippedIndicator":"","TestResults":[{"TestName":"TestDownload/Download_From_Shared_Folder_by_Remotepath_Should_Work/Share_File_from_Another_Wallet","Package":"github.com/0chain/system_test/tests/cli_tests","ElapsedTime":5.53,"Output":["","    zboxcli_file_download_test.go:446: Test case [Share File from Another Wallet] scheduled at [11-22-2024 18:30:01] \n","    zboxcli_file_download_test.go:446: [WARN] Not running test case [Share File from Another Wallet] in parallel as it is a child test. Use t.Unwrap.run() then t.Parallel() if you wish to do this.\n","    system_test_framework.go:149: Test case [Share File from Another Wallet] start at [11-22-2024 18:30:01] \n","2024/11/22 18:30:01 Creating wallet for TestDownload-Download_From_Shared_Folder_by_Remotepath_Should_Work-Share_File_from_Another_Wallet with walletIdx 520\n","File ./config/TestDownload-Download_From_Shared_Folder_by_Remotepath_Should_Work-Share_File_from_Another_Wallet_wallet.json written successfully.\n","    zboxcli_create_allocation_test.go:446: Creating new allocation...\n","    zboxcli_file_upload_test.go:1027: Uploading file /tmp/e4zl-BpCBj_test.txt to allocation 47beb3b9bb8205130059a5bbcb521990b049110ead8c01725f81f792603de0c0 with remotepath /dir/e4zl-BpCBj_test.txt\n","    zboxcli_file_upload_test.go:985: Uploading file...\n","    zboxcli_file_download_test.go:1275: Generating checksum for file [/tmp/e4zl-BpCBj_test.txt]...\n","    zboxcli_list_file_test.go:620: Sharing file/folder...\n","    zboxcli_file_download_test.go:446: Test case [Share File from Another Wallet] exit at [11-22-2024 18:30:06]\n","--- PASS: TestDownload/Download_From_Shared_Folder_by_Remotepath_Should_Work/Share_File_from_Another_Wallet (5.53s)",""],"Passed":true,"Skipped":false,"TestFileName":"","TestFunctionDetail":{"Line":0,"Col":0}}]},{"FailureIndicator":"","SkippedIndicator":"","TestResults":[{"TestName":"TestDownload/Download_Moved_File_Should_Work","Package":"github.com/0chain/system_test/tests/cli_tests","ElapsedTime":30.49,"Output":["","    zboxcli_file_download_test.go:1203: Test case [Download Moved File Should Work] scheduled at [11-22-2024 18:29:40] \n","","","    system_test_framework.go:149: Test case [Download Moved File Should Work] start at [11-22-2024 18:30:01] \n","2024/11/22 18:30:01 Creating wallet for TestDownload-Download_Moved_File_Should_Work with walletIdx 522\n","File ./config/TestDownload-Download_Moved_File_Should_Work_wallet.json written successfully.\n","    zboxcli_create_allocation_test.go:446: Creating new allocation...\n","    zboxcli_file_upload_test.go:1027: Uploading file /tmp/uD1U-xOp5l_test.txt to allocation e2f70dd46d7c3f47eb76124dab1acd8268c9756f2dce3064d9d096f2bfec2302 with remotepath /uD1U-xOp5l_test.txt\n","    zboxcli_file_upload_test.go:985: Uploading file...\n","    zboxcli_file_download_test.go:1275: Generating checksum for file [/tmp/uD1U-xOp5l_test.txt]...\n","    zboxcli_file_move_test.go:921: Moving file...\n","    utils.go:166: Waiting 15s...\n","    zboxcli_file_download_test.go:1259: Downloading file...\n","    zboxcli_file_download_test.go:1275: Generating checksum for file [tmp/uD1U-xOp5l_test.txt]...\n","    zboxcli_file_download_test.go:1203: Test case [Download Moved File Should Work] exit at [11-22-2024 18:30:31]\n","--- PASS: TestDownload/Download_Moved_File_Should_Work (30.49s)",""],"Passed":true,"Skipped":false,"TestFileName":"","TestFunctionDetail":{"Line":0,"Col":0}}]},{"FailureIndicator":"","SkippedIndicator":"","TestResults":[{"TestName":"TestDownload/Download_Non-Existent_File_Should_Fail","Package":"github.com/0chain/system_test/tests/cli_tests","ElapsedTime":20.34,"Output":["","    zboxcli_file_download_test.go:1159: Test case [Download Non-Existent File Should Fail] scheduled at [11-22-2024 18:29:40] \n","","","    system_test_framework.go:149: Test case [Download Non-Existent File Should Fail] start at [11-22-2024 18:30:01] \n","2024/11/22 18:30:01 Creating wallet for TestDownload-Download_Non-Existent_File_Should_Fail with walletIdx 525\n","File ./config/TestDownload-Download_Non-Existent_File_Should_Fail_wallet.json written successfully.\n","    zboxcli_create_allocation_test.go:446: Creating new allocation...\n","    utils.go:166: Waiting 15s...\n","    zboxcli_file_download_test.go:1259: Downloading file...\n","    zboxcli_file_download_test.go:1159: Test case [Download Non-Existent File Should Fail] exit at [11-22-2024 18:30:21]\n","--- PASS: TestDownload/Download_Non-Existent_File_Should_Fail (20.34s)",""],"Passed":true,"Skipped":false,"TestFileName":"","TestFunctionDetail":{"Line":0,"Col":0}}]},{"FailureIndicator":"","SkippedIndicator":"","TestResults":[{"TestName":"TestDownload/Download_Shared_Encrypted_File_Should_Work","Package":"github.com/0chain/system_test/tests/cli_tests","ElapsedTime":35.81,"Output":["","    zboxcli_file_download_test.go:365: Test case [Download Shared Encrypted File Should Work] scheduled at [11-22-2024 18:29:40] \n","","","    system_test_framework.go:149: Test case [Download Shared Encrypted File Should Work] start at [11-22-2024 18:29:40] \n","2024/11/22 18:29:40 Creating wallet for TestDownload-Download_File_from_Nested_Directory_Should_Work with walletIdx 506\n","    zwalletcli_register_wallet_test.go:101: Getting wallet...\n","    utils.go:166: Waiting 15s...\n","    zboxcli_file_download_test.go:1259: Downloading file...\n","    utils.go:166: Waiting 15s...\n","    zboxcli_file_download_test.go:1259: Downloading file...\n","    zboxcli_file_download_test.go:365: Test case [Download Shared Encrypted File Should Work] exit at [11-22-2024 18:30:16]\n","--- PASS: TestDownload/Download_Shared_Encrypted_File_Should_Work (35.81s)",""],"Passed":true,"Skipped":false,"TestFileName":"","TestFunctionDetail":{"Line":0,"Col":0}}]},{"FailureIndicator":"","SkippedIndicator":"","TestResults":[{"TestName":"TestDownload/Download_Shared_Encrypted_File_Should_Work/Share_File_from_Another_Wallet","Package":"github.com/0chain/system_test/tests/cli_tests","ElapsedTime":5.58,"Output":["","    zboxcli_file_download_test.go:381: Test case [Share File from Another Wallet] scheduled at [11-22-2024 18:29:40] \n","    zboxcli_file_download_test.go:381: [WARN] Not running test case [Share File from Another Wallet] in parallel as it is a child test. Use t.Unwrap.run() then t.Parallel() if you wish to do this.\n","    system_test_framework.go:149: Test case [Share File from Another Wallet] start at [11-22-2024 18:29:40] \n","2024/11/22 18:29:40 Creating wallet for TestDownload-Download_Shared_Encrypted_File_Should_Work-Share_File_from_Another_Wallet with walletIdx 513\n","File ./config/TestDownload-Download_Shared_Encrypted_File_Should_Work-Share_File_from_Another_Wallet_wallet.json written successfully.\n","    zboxcli_create_allocation_test.go:446: Creating new allocation...\n","    zboxcli_file_upload_test.go:985: Uploading file...\n","    zboxcli_list_file_test.go:620: Sharing file/folder...\n","    zboxcli_file_download_test.go:381: Test case [Share File from Another Wallet] exit at [11-22-2024 18:29:46]\n","--- PASS: TestDownload/Download_Shared_Encrypted_File_Should_Work/Share_File_from_Another_Wallet (5.58s)",""],"Passed":true,"Skipped":false,"TestFileName":"","TestFunctionDetail":{"Line":0,"Col":0}}]},{"FailureIndicator":"","SkippedIndicator":"","TestResults":[{"TestName":"TestDownload/Download_Shared_File_Should_Work","Package":"github.com/0chain/system_test/tests/cli_tests","ElapsedTime":20.72,"Output":["","    zboxcli_file_download_test.go:270: Test case [Download Shared File Should Work] scheduled at [11-22-2024 18:29:40] \n","","","    system_test_framework.go:149: Test case [Download Shared File Should Work] start at [11-22-2024 18:29:40] \n","2024/11/22 18:29:46 Creating wallet for TestDownload-Download_Shared_File_Should_Work with walletIdx 515\n","File ./config/TestDownload-Download_Shared_File_Should_Work_wallet.json written successfully.\n","    utils.go:166: Waiting 15s...\n","    zboxcli_file_download_test.go:1259: Downloading file...\n","    zboxcli_file_download_test.go:1275: Generating checksum for file [tmp/qtXpUd45RL_test.txt]...\n","    zboxcli_file_download_test.go:270: Test case [Download Shared File Should Work] exit at [11-22-2024 18:30:01]\n","--- PASS: TestDownload/Download_Shared_File_Should_Work (20.72s)",""],"Passed":true,"Skipped":false,"TestFileName":"","TestFunctionDetail":{"Line":0,"Col":0}}]},{"FailureIndicator":"","SkippedIndicator":"","TestResults":[{"TestName":"TestDownload/Download_Shared_File_Should_Work/Share_File_from_Another_Wallet","Package":"github.com/0chain/system_test/tests/cli_tests","ElapsedTime":5.62,"Output":["","    zboxcli_file_download_test.go:277: Test case [Share File from Another Wallet] scheduled at [11-22-2024 18:29:40] \n","    zboxcli_file_download_test.go:277: [WARN] Not running test case [Share File from Another Wallet] in parallel as it is a child test. Use t.Unwrap.run() then t.Parallel() if you wish to do this.\n","2024/11/22 18:29:40 Creating wallet for TestDownload-Download_Entire_Directory_Should_Work_but_does_not_see_blobber-issues-588 with walletIdx 509\n","    system_test_framework.go:149: Test case [Share File from Another Wallet] start at [11-22-2024 18:29:40] \n","File ./config/TestDownload-Download_Entire_Directory_Should_Work_but_does_not_see_blobber-issues-588_wallet.json written successfully.\n","    zboxcli_create_allocation_test.go:446: Creating new allocation...\n","    zboxcli_file_upload_test.go:1027: Uploading file /tmp/qtXpUd45RL_test.txt to allocation be8fe74f9595d5baddc2854c40323c929e282a58c70b3d1ea77c26f939703048 with remotepath /qtXpUd45RL_test.txt\n","    zboxcli_file_upload_test.go:985: Uploading file...\n","    zboxcli_file_download_test.go:1275: Generating checksum for file [/tmp/qtXpUd45RL_test.txt]...\n","    zboxcli_list_file_test.go:620: Sharing file/folder...\n","    zboxcli_file_download_test.go:277: Test case [Share File from Another Wallet] exit at [11-22-2024 18:29:46]\n","--- PASS: TestDownload/Download_Shared_File_Should_Work/Share_File_from_Another_Wallet (5.62s)",""],"Passed":true,"Skipped":false,"TestFileName":"","TestFunctionDetail":{"Line":0,"Col":0}}]},{"FailureIndicator":"","SkippedIndicator":"","TestResults":[{"TestName":"TestDownload/Download_Shared_File_by_Paying_Should_Work","Package":"github.com/0chain/system_test/tests/cli_tests","ElapsedTime":20.61,"Output":["","    zboxcli_file_download_test.go:602: Test case [Download Shared File by Paying Should Work] scheduled at [11-22-2024 18:29:40] \n","","","2024/11/22 18:29:40 Creating wallet for TestDownload-Download_to_Non-Existent_Path_Should_Work with walletIdx 501\n","    system_test_framework.go:149: Test case [Download Shared File by Paying Should Work] start at [11-22-2024 18:29:40] \n","2024/11/22 18:29:46 Creating wallet for ./zbox_config.yaml with walletIdx 514\n","File ./config/./zbox_config.yaml_wallet.json written successfully.\n","    utils.go:166: Waiting 15s...\n","    zboxcli_file_download_test.go:1259: Downloading file...\n","    zboxcli_file_download_test.go:602: Test case [Download Shared File by Paying Should Work] exit at [11-22-2024 18:30:01]\n","--- PASS: TestDownload/Download_Shared_File_by_Paying_Should_Work (20.61s)",""],"Passed":true,"Skipped":false,"TestFileName":"","TestFunctionDetail":{"Line":0,"Col":0}}]},{"FailureIndicator":"","SkippedIndicator":"","TestResults":[{"TestName":"TestDownload/Download_Shared_File_by_Paying_Should_Work/Share_File_from_Another_Wallet","Package":"github.com/0chain/system_test/tests/cli_tests","ElapsedTime":5.55,"Output":["","File ./config/TestDownload-Download_File_from_Root_Directory_Should_Work_wallet.json written successfully.\n","2024/11/22 18:29:40 Creating wallet for TestDownload-Download_Shared_Encrypted_File_Should_Work_viewer with walletIdx 504\n","    zboxcli_file_download_test.go:609: Test case [Share File from Another Wallet] scheduled at [11-22-2024 18:29:40] \n","File ./config/TestDownload-Download_File_With_Only_startblock_Should_Work_wallet.json written successfully.\n","2024/11/22 18:29:40 Creating wallet for TestDownload-Download_File_Concurrently_Should_Work_from_two_Different_Directory with walletIdx 505\n","    zboxcli_file_download_test.go:609: [WARN] Not running test case [Share File from Another Wallet] in parallel as it is a child test. Use t.Unwrap.run() then t.Parallel() if you wish to do this.\n","2024/11/22 18:29:40 Creating wallet for TestDownload-Download_File_From_Shared_Folder_Should_Work_but_does_not_see_blobber-issues-588-Share_Entire_Folder_from_Another_Wallet with walletIdx 511\n","    system_test_framework.go:149: Test case [Share File from Another Wallet] start at [11-22-2024 18:29:40] \n","2024/11/22 18:29:40 Creating wallet for TestDownload-Download_Shared_File_by_Paying_Should_Work-Share_File_from_Another_Wallet with walletIdx 512\n","File ./config/TestDownload-Download_File_From_Shared_Folder_Should_Work_but_does_not_see_blobber-issues-588-Share_Entire_Folder_from_Another_Wallet_wallet.json written successfully.\n","    zboxcli_create_allocation_test.go:446: Creating new allocation...\n","    zboxcli_file_upload_test.go:1027: Uploading file /tmp/zVfspqIou1_test.txt to allocation f1c8fe0c5a296fa65dfbfc4cf1ba2f88948838442498b7ac2bd29cb40b25910f with remotepath /zVfspqIou1_test.txt\n","    zboxcli_file_upload_test.go:985: Uploading file...\n","    zboxcli_list_file_test.go:620: Sharing file/folder...\n","    zboxcli_file_download_test.go:609: Test case [Share File from Another Wallet] exit at [11-22-2024 18:29:46]\n","--- PASS: TestDownload/Download_Shared_File_by_Paying_Should_Work/Share_File_from_Another_Wallet (5.55s)",""],"Passed":true,"Skipped":false,"TestFileName":"","TestFunctionDetail":{"Line":0,"Col":0}}]},{"FailureIndicator":"","SkippedIndicator":"skipped","TestResults":[{"TestName":"TestDownload/Download_Shared_File_without_Paying_Should_Not_Work","Package":"github.com/0chain/system_test/tests/cli_tests","ElapsedTime":0,"Output":["","    zboxcli_file_download_test.go:553: Test case [Download Shared File without Paying Should Not Work] scheduled at [11-22-2024 18:29:40] \n","","","    system_test_framework.go:149: Test case [Download Shared File without Paying Should Not Work] start at [11-22-2024 18:30:01] \n","    zboxcli_file_download_test.go:554: \n","    zboxcli_file_download_test.go:553: Test case [Download Shared File without Paying Should Not Work] exit at [11-22-2024 18:30:01]\n","--- SKIP: TestDownload/Download_Shared_File_without_Paying_Should_Not_Work (0.00s)\n",""],"Passed":false,"Skipped":true,"TestFileName":"","TestFunctionDetail":{"Line":0,"Col":0}}]},{"FailureIndicator":"","SkippedIndicator":"","TestResults":[{"TestName":"TestDownload/Download_from_Allocation_without_other_Parameter_Should_Fail","Package":"github.com/0chain/system_test/tests/cli_tests","ElapsedTime":20.38,"Output":["","    zboxcli_file_download_test.go:1188: Test case [Download from Allocation without other Parameter Should Fail] scheduled at [11-22-2024 18:29:40] \n","","","    system_test_framework.go:149: Test case [Download from Allocation without other Parameter Should Fail] start at [11-22-2024 18:30:01] \n","2024/11/22 18:30:01 Creating wallet for TestDownload-Download_from_Allocation_without_other_Parameter_Should_Fail with walletIdx 523\n","File ./config/TestDownload-Download_from_Allocation_without_other_Parameter_Should_Fail_wallet.json written successfully.\n","    zboxcli_create_allocation_test.go:446: Creating new allocation...\n","    utils.go:166: Waiting 15s...\n","    zboxcli_file_download_test.go:1259: Downloading file...\n","    zboxcli_file_download_test.go:1188: Test case [Download from Allocation without other Parameter Should Fail] exit at [11-22-2024 18:30:21]\n","--- PASS: TestDownload/Download_from_Allocation_without_other_Parameter_Should_Fail (20.38s)",""],"Passed":true,"Skipped":false,"TestFileName":"","TestFunctionDetail":{"Line":0,"Col":0}}]},{"FailureIndicator":"","SkippedIndicator":"","TestResults":[{"TestName":"TestDownload/Download_to_Non-Existent_Path_Should_Work","Package":"github.com/0chain/system_test/tests/cli_tests","ElapsedTime":20.64,"Output":["","    zboxcli_file_download_test.go:736: Test case [Download to Non-Existent Path Should Work] scheduled at [11-22-2024 18:29:40] \n","","","    system_test_framework.go:149: Test case [Download to Non-Existent Path Should Work] start at [11-22-2024 18:29:40] \n","    zboxcli_create_allocation_test.go:446: Creating new allocation...\n","2024/11/22 18:29:40 Creating wallet for TestDownload-Download_Encrypted_File_Should_Work with walletIdx 507\n","2024/11/22 18:29:40 Creating wallet for TestDownload-Download_File_from_a_Directory_Should_Work with walletIdx 508\n","File ./config/TestDownload-Download_Encrypted_File_Should_Work_wallet.json written successfully.\n","    zboxcli_file_upload_test.go:1027: Uploading file /tmp/ggLK6goFrK_test.txt to allocation 299e2b830b0f14e2872c2c3c4bd61be591f0e505ab860f3658290c3f562236b3 with remotepath /ggLK6goFrK_test.txt\n","    zboxcli_file_upload_test.go:985: Uploading file...\n","    zboxcli_file_download_test.go:1275: Generating checksum for file [/tmp/ggLK6goFrK_test.txt]...\n","    utils.go:166: Waiting 15s...\n","    zboxcli_file_download_test.go:1259: Downloading file...\n","    zboxcli_file_download_test.go:1275: Generating checksum for file [tmp/tmp2/ggLK6goFrK_test.txt]...\n","    zboxcli_file_download_test.go:736: Test case [Download to Non-Existent Path Should Work] exit at [11-22-2024 18:30:01]\n","--- PASS: TestDownload/Download_to_Non-Existent_Path_Should_Work (20.64s)",""],"Passed":true,"Skipped":false,"TestFileName":"","TestFunctionDetail":{"Line":0,"Col":0}}]},{"FailureIndicator":"","SkippedIndicator":"","TestResults":[{"TestName":"TestDownload/Download_with_endblock_less_than_startblock_should_fail","Package":"github.com/0chain/system_test/tests/cli_tests","ElapsedTime":20.28,"Output":["","    zboxcli_file_download_test.go:980: Test case [Download with endblock less than startblock should fail] scheduled at [11-22-2024 18:29:40] \n","","","    system_test_framework.go:149: Test case [Download with endblock less than startblock should fail] start at [11-22-2024 18:30:21] \n","2024/11/22 18:30:21 Creating wallet for TestDownload-Download_with_endblock_less_than_startblock_should_fail with walletIdx 532\n","File ./config/TestDownload-Download_with_endblock_less_than_startblock_should_fail_wallet.json written successfully.\n","    zboxcli_create_allocation_test.go:446: Creating new allocation...\n","    zboxcli_file_upload_test.go:1027: Uploading file /tmp/dj8d71qjvl_test.txt to allocation 7c94751194013fc3c583dd59d20e5d348307a41c7f0af54b1346f624b7246f05 with remotepath /dj8d71qjvl_test.txt\n","    zboxcli_file_upload_test.go:985: Uploading file...\n","    utils.go:166: Waiting 15s...\n","    zboxcli_file_download_test.go:1259: Downloading file...\n","    zboxcli_file_download_test.go:980: Test case [Download with endblock less than startblock should fail] exit at [11-22-2024 18:30:41]\n","--- PASS: TestDownload/Download_with_endblock_less_than_startblock_should_fail (20.28s)",""],"Passed":true,"Skipped":false,"TestFileName":"","TestFunctionDetail":{"Line":0,"Col":0}}]},{"FailureIndicator":"","SkippedIndicator":"","TestResults":[{"TestName":"TestDownload/Download_with_negative_endblock_should_fail","Package":"github.com/0chain/system_test/tests/cli_tests","ElapsedTime":20.58,"Output":["","    zboxcli_file_download_test.go:1043: Test case [Download with negative endblock should fail] scheduled at [11-22-2024 18:29:40] \n","","","    system_test_framework.go:149: Test case [Download with negative endblock should fail] start at [11-22-2024 18:30:01] \n","2024/11/22 18:30:01 Creating wallet for TestDownload-Download_with_negative_endblock_should_fail with walletIdx 521\n","File ./config/TestDownload-Download_with_negative_endblock_should_fail_wallet.json written successfully.\n","    zboxcli_create_allocation_test.go:446: Creating new allocation...\n","    zboxcli_file_upload_test.go:1027: Uploading file /tmp/akZ9grpS0O_test.txt to allocation a5c05d41202334d11e9c5b3619b5da919220c13046e94214bdd4129756828bfc with remotepath /akZ9grpS0O_test.txt\n","    zboxcli_file_upload_test.go:985: Uploading file...\n","    utils.go:166: Waiting 15s...\n","    zboxcli_file_download_test.go:1259: Downloading file...\n","    zboxcli_file_download_test.go:1043: Test case [Download with negative endblock should fail] exit at [11-22-2024 18:30:21]\n","--- PASS: TestDownload/Download_with_negative_endblock_should_fail (20.58s)",""],"Passed":true,"Skipped":false,"TestFileName":"","TestFunctionDetail":{"Line":0,"Col":0}}]},{"FailureIndicator":"","SkippedIndicator":"","TestResults":[{"TestName":"TestDownload/Download_with_negative_startblock_should_fail","Package":"github.com/0chain/system_test/tests/cli_tests","ElapsedTime":24.45,"Output":["","    zboxcli_file_download_test.go:1013: Test case [Download with negative startblock should fail] scheduled at [11-22-2024 18:29:40] \n","","","    system_test_framework.go:149: Test case [Download with negative startblock should fail] start at [11-22-2024 18:30:21] \n","2024/11/22 18:30:21 Creating wallet for TestDownload-Download_with_negative_startblock_should_fail with walletIdx 531\n","File ./config/TestDownload-Download_with_negative_startblock_should_fail_wallet.json written successfully.\n","    zboxcli_create_allocation_test.go:446: Creating new allocation...\n","    zboxcli_file_upload_test.go:1027: Uploading file /tmp/f1-ep0EDSy_test.txt to allocation d4bae8727f2b1b7cb91e59a8a9f57c358ef7fe68f45af4a3ffbfb61f9cac6b7f with remotepath /f1-ep0EDSy_test.txt\n","    zboxcli_file_upload_test.go:985: Uploading file...\n","    utils.go:166: Waiting 15s...\n","    zboxcli_file_download_test.go:1259: Downloading file...\n","    utils.go:82: \u001b[33mCommand failed on attempt [1/3] due to error [exit status 1]. Output: [Error: start block should not be less than 1 -\u003cNEWLINE\u003e- Error in file operation: start block or end block or both cannot be negative.]\n","    utils.go:82: \u001b[33mCommand failed on attempt [2/3] due to error [exit status 1]. Output: [Error: start block should not be less than 1 -\u003cNEWLINE\u003e- Error in file operation: start block or end block or both cannot be negative.]\n","    utils.go:98: \u001b[31mCommand failed on final attempt [3/3] due to error [exit status 1]. Command String: [] Output: [Error: start block should not be less than 1 -\u003cNEWLINE\u003e- Error in file operation: start block or end block or both cannot be negative.]\n","    utils.go:101: \u001b[31mThe verbose output for the command is:\n","    utils.go:105: \u001b[31m0chain-core-sdk [INFO]   2024/11/22 18:30:45.933882 wallet_base.go:193: ******* Wallet SDK Version:v1.17.11-269-g7fd90660 ******* (SetLogFile)\n","    utils.go:105: \u001b[31m0box-sdk        [INFO]   2024/11/22 18:30:45.934151 sdk.go:95: ******* Storage SDK Version: v1.17.11-269-g7fd90660 *******\n","    utils.go:105: \u001b[31mError: start block should not be less than 1\n","    utils.go:105: \u001b[31m0box-sdk        [INFO]   2024/11/22 18:30:45.955519 allocation.go:471: Owner signing public key already exists: b043b710a097c42fe5128d2fd8f64fec384f05385d5536f191c4bd9ee870e883 generated: b043b710a097c42fe5128d2fd8f64fec384f05385d5536f191c4bd9ee870e883\n","    utils.go:105: \u001b[31m0box-sdk        \u001b[31m[ERROR]  2024/11/22 18:30:45.963447 downloadworker.go:1063: Download failed: start block or end block or both cannot be negative. remotefilepath: /f1-ep0EDSy_test.txt\u001b[0m\n","    utils.go:105: \u001b[31mError in file operation: start block or end block or both cannot be negative.\n","    zboxcli_file_download_test.go:1013: Test case [Download with negative startblock should fail] exit at [11-22-2024 18:30:45]\n","--- PASS: TestDownload/Download_with_negative_startblock_should_fail (24.45s)",""],"Passed":true,"Skipped":false,"TestFileName":"","TestFunctionDetail":{"Line":0,"Col":0}}]},{"FailureIndicator":"","SkippedIndicator":"","TestResults":[{"TestName":"TestDownload/Download_without_any_Parameter_Should_Fail","Package":"github.com/0chain/system_test/tests/cli_tests","ElapsedTime":15.04,"Output":["","    zboxcli_file_download_test.go:1178: Test case [Download without any Parameter Should Fail] scheduled at [11-22-2024 18:29:40] \n","","","    system_test_framework.go:149: Test case [Download without any Parameter Should Fail] start at [11-22-2024 18:30:01] \n","2024/11/22 18:30:01 Creating wallet for TestDownload-Download_without_any_Parameter_Should_Fail with walletIdx 524\n","File ./config/TestDownload-Download_without_any_Parameter_Should_Fail_wallet.json written successfully.\n","    utils.go:166: Waiting 15s...\n","    zboxcli_file_download_test.go:1259: Downloading file...\n","    zboxcli_file_download_test.go:1178: Test case [Download without any Parameter Should Fail] exit at [11-22-2024 18:30:16]\n","--- PASS: TestDownload/Download_without_any_Parameter_Should_Fail (15.04s)",""],"Passed":true,"Skipped":false,"TestFileName":"","TestFunctionDetail":{"Line":0,"Col":0}}]}]

    const report = window.GoTestReport({
                                         data: data,
                                         testResultsElem: document.getElementById('testResults'),
                                         testGroupListElem: document.getElementById('testGroupList')
                                       });


</script>
</body>
</html>
