<!DOCTYPE html>
<html lang="en">
<head>
    <meta charset="UTF-8">
    <title>0Chain Flaky system test suite [master/09546dc2] ran against [dev-3.devnet-0chain.net] at [2023-04-23_17.47.09]</title>
    <style type="text/css">
        body {
            font-family: sans-serif;
            background-color: #f3f3f3;
            border-top: 2px #dee6e8 solid;
            margin: 0;
        }

        div.pageHeader span.projectTitle {
            font-family: serif;
            font-size: 2em;
            padding-left: 56px;
            padding-top: 80px;
            display: block;
            color: #a5a5a5;
            text-shadow: 0 -1px 1px white;
        }

        div.pageHeader div.testStats {
            position: absolute;
            top: 7px;
            right: 52px;
            font-size: 0.8em;
            color: #a2a2a2;
        }

        div.pageHeader div.testStats span.indicator {
            font-size: 2em;
            position: relative;
            top: 5px;
            text-shadow: 0 1px 0 white;
        }

        div.pageHeader div.testStats span strong {
            margin-right: 16px;
        }

        div.pageHeader div.testStats span.total {
            border-right: 1px #afafaf dotted;
            background: #8298af;
        }

        div.pageHeader div.testStats span.passed {
            border-right: 1px #afafaf dotted;
            background: #6fca83;
        }

        div.pageHeader div.testStats span.skipped {
            background: #bababa;
        }

        div.pageHeader div.testStats span.failed {
            background: #ff7676;
        }

        div.pageHeader div.testStats span {
            margin-right: 1px;
            height: 55px;
            padding: 20px 8px 18px;
            color: white;
        }

        div.pageHeader .testGroupsTitle {
            margin: 16px 32px 8px 40px;
            font-size: 0.9em;
            color: darkgrey;
            display: inline-block;
        }

        div.pageHeader .testExecutionDate {
            display: inline-block;
            position: absolute;
            right: 10px;
            margin: 14px 32px 8px 40px;
            color: #9e9e9e;
            font-size: 0.9em;
        }

        .testReportContainer {
            padding: 0 32px 32px 32px;
        }

        .cardContainer {
            padding: 16px 16px 16px;
            box-shadow: 0 4px 4px #d4d4d4;
            background-color: white;
        }

        #testResults {
            display: flex;
            flex-wrap: wrap;
        }

        .testResultGroup {
            width: 24px;
            height: 24px;
            background-color: #43c143;
            margin-left: 1px;
            margin-bottom: 1px;
            box-sizing: border-box;
        }

        .testResultGroup.selected {
            border: 1px white solid;
            background-color: black !important;
        }

        .testResultGroup.skipped {
            border: 2px gray solid;
        }

        .testResultGroup.failed {
            background-color: red;
        }

        .cardContainer.testGroupList,
        .cardContainer.testDetail {
            margin-top: 16px;
            padding: 16px;
        }

        .cardContainer.testGroupList {
            color: #9c9c9c;
            padding: 0;
        }

        .cardContainer.testGroupList .testGroupRow {
            cursor: default;
            border-bottom: 1px #dadada dotted;
        }

        .cardContainer.testGroupList .testGroupRow span.testStatus {
            font-size: 1.2em;
            font-weight: bold;
            color: #139e13;
            pointer-events: none;
            display: inline-block;
            overflow: hidden;
            float: left;
            padding-top: 10px;
            padding-left: 20px;
            padding-right: 12px;
        }

        .cardContainer.testGroupList .testGroupRow span.testStatus.skipped {
            color: gray;
        }

        .cardContainer.testGroupList .testGroupRow span.testStatus.failed {
            color: red;
        }

        .cardContainer.testGroupList .testGroupRow span.testTitle {
            font-size: 0.9em;
            padding: 12px 0 10px;
            display: inline-block;
            pointer-events: none;
            color: #525252;
            text-overflow: ellipsis;
            overflow: hidden;
            width: calc(100% - 110px);
        }

        .cardContainer.testGroupList .testGroupRow span.testDuration {
            pointer-events: none;
        }

        .cardContainer.testGroupList .testGroupRow {
            position: relative;
            border-left: 4px #43c143 solid;
        }

        .cardContainer.testGroupList .testGroupRow.skipped {
            color: gray;
            border-left: 4px gray solid;
        }

        .cardContainer.testGroupList .testGroupRow.failed {
            color: red;
            border-left: 4px red solid;
        }

        .cardContainer.testGroupList .testGroupRow:hover {
            background-color: #fffaea;
            transition: 0.250s;
        }

        .cardContainer .testOutput {
            padding: 8px 16px 24px 16px;
        }

        .cardContainer .console {
            display: block;
            font-family: monospace;
            padding: 10px;
            background-color: #424242;
            color: #1aff00;
            border-bottom: 1px #1aff00 dotted;
            overflow: auto;
            font-size: 1.1em;
        }

        .cardContainer .testOutput .testDetail {
            border-bottom: 1px #d0d0d0 solid;
            padding: 16px;
            background-color: #e6e6e6;
            border-radius: 0 0 4px 4px;
            color: dimgrey;
            font-size: 0.8em;
        }

        .cardContainer .console.skipped{
            color: #d9d9d9;
        }

        .cardContainer .console.failed {
            color: #ffb2b2;
        }

        .cardContainer .testDuration {
            position: absolute;
            top: 5px;
            right: 8px;
            text-align: right;
            padding-right: 8px;
            box-sizing: border-box;
        }
    </style>
</head>
<body>
<div class="pageHeader">
    <span class="projectTitle">0Chain Flaky system test suite [master/09546dc2] ran against [dev-3.devnet-0chain.net] at [2023-04-23_17.47.09]</span>
    <div class="testStats">
        <span class="total"><span class="indicator">&boxbox;</span> Total: <strong>11</strong>Duration: <strong>1ms</strong>
        </span><span class="passed"><span class="indicator">&check;</span> Passed: <strong>3</strong>
        </span><span class="skipped"><span class="indicator">&dash;</span> Skipped: <strong>3</strong>
        </span><span class="failed"><span class="indicator">&cross;</span> Failed: <strong>5</strong>
        </span>
    </div>
    <span class="testGroupsTitle">Test Groups:</span>
    <span class="testExecutionDate">April 23, 2023 19:03:58</span>
</div>
<div class="testReportContainer">
    <div class="cardContainer">
        <div id="testResults">
            
                <div class="testResultGroup  skipped" id="0"></div>
            
                <div class="testResultGroup  " id="1"></div>
            
                <div class="testResultGroup  skipped" id="2"></div>
            
                <div class="testResultGroup  " id="3"></div>
            
                <div class="testResultGroup  " id="4"></div>
            
                <div class="testResultGroup failed " id="5"></div>
            
                <div class="testResultGroup failed " id="6"></div>
            
                <div class="testResultGroup  skipped" id="7"></div>
            
                <div class="testResultGroup failed " id="8"></div>
            
                <div class="testResultGroup failed " id="9"></div>
            
                <div class="testResultGroup failed " id="10"></div>
            
        </div>
    </div>
    <div class="cardContainer testGroupList" id="testGroupList"></div>
</div>
<script type="application/javascript">
    /**
 * @typedef TestStatus
 * @property {string} TestName
 * @property {string} Package
 * @property {number} ElapsedTime
 * @property {Array.<string>} Output
 * @property {boolean} Passed
 * @property {boolean} Skipped
 */
class TestStatus {}

/**
 * @typedef TestGroupData
 * @type {object}
 * @property {string} FailureIndicator
 * @property {string} SkippedIndicator
 * @property {Array.<TestStatus>}
 */
class TestGroupData {}

/**
 * @typedef TestResults
 * @type {Array.<TestGroupData>}
 */
class TestResults extends Array {}

/**
 * @typedef SelectedItems
 * @property {HTMLElement|EventTarget} testResults
 * @property {String} selectedTestGroupColor
 */
class SelectedItems {}

/**
 * @typedef GoTestReportElements
 * @property {TestResults} data
 * @property {HTMLElement} testResultsElem
 * @property {HTMLElement} testGroupListElem
 */
class GoTestReportElements {}


/**
 * Main entry point for GoTestReport.
 * @param {GoTestReportElements} elements
 * @returns {{testResultsClickHandler: testResultsClickHandler}}
 * @constructor
 */
window.GoTestReport = function (elements) {
  const /**@type {SelectedItems}*/ selectedItems = {
    testResults: null,
    selectedTestGroupColor: null
  }

  function addEventData(event) {
    if (event.data == null) {
      event.data = {target: event.target}
    }
    return event
  }


  const goTestReport = {
    /**
     * Invoked when a user clicks on one of the test group div elements.
     * @param {HTMLElement} target The element associated with the test group.
     * @param {boolean} shiftKey If pressed, all of test detail associated to the test group is shown.
     * @param {TestResults} data
     * @param {SelectedItems} selectedItems
     * @param {function(target: Element, data: TestResults)} testGroupListHandler
     */
    testResultsClickHandler: function (target,
                                       shiftKey,
                                       data,
                                       selectedItems,
                                       testGroupListHandler) {

      if (target.classList.contains('testResultGroup') === false) {
        return
      }
      if (selectedItems.testResults != null) {
        let testResultsElement = /**@type {HTMLElement}*/ selectedItems.testResults
        testResultsElement.classList.remove("selected")
        testResultsElement.style.backgroundColor = selectedItems.selectedTestGroupColor
      }
      const testGroupId = /**@type {number}*/ target.id
      if ((target.id === undefined)
        || (data[testGroupId] === undefined)
        || (data[testGroupId]['TestResults'] === undefined)) {
        return
      }
      const testResults = /**@type {TestResults}*/ data[testGroupId]['TestResults']
      let testGroupList = /**@type {string}*/ ''
      selectedItems.selectedTestGroupColor = getComputedStyle(target).getPropertyValue('background-color')
      selectedItems.testResults = target
      target.classList.add("selected")
      for (let i = 0; i < testResults.length; i++) {
        const testResult = /**@type {TestGroupData}*/ testResults[i]
        const testPassed = /**@type {boolean}*/ testResult.Passed
        const testSkipped = /**@type {boolean}*/ testResult.Skipped
        const testPassedStatus = /**@type {string}*/ (testPassed) ? '' : (testSkipped ? 'skipped' : 'failed')
        const testId = /**@type {string}*/ target.attributes['id'].value
        testGroupList += `<div class="testGroupRow ${testPassedStatus}" data-groupid="${testId}" data-index="${i}">
        <span class="testStatus ${testPassedStatus}">${(testPassed) ? '&check' : (testSkipped ? '&dash' : '&cross')};</span>
        <span class="testTitle">${testResult.TestName}</span>
        <span class="testDuration"><span>${testResult.ElapsedTime}s </span>⏱</span>
      </div>`
      }
      const testGroupListElem = elements.testGroupListElem
      testGroupListElem.innerHTML = ''
      testGroupListElem.innerHTML = testGroupList

      if (shiftKey) {
        testGroupListElem.querySelectorAll('.testGroupRow')
                         .forEach((elem) => testGroupListHandler(elem, data))
      } else if (testResults.length === 1) {
        testGroupListHandler(testGroupListElem.querySelector('.testGroupRow'), data)
      }
    },

    /**
     *
     * @param {Element} target
     * @param {TestResults} data
     */
    testGroupListHandler: function (target, data) {
      const attribs = target['attributes']
      if (attribs.hasOwnProperty('data-groupid')) {
        const groupId = /**@type {number}*/ attribs['data-groupid'].value
        const testIndex = /**@type {number}*/ attribs['data-index'].value
        const testStatus = /**@type {TestStatus}*/ data[groupId]['TestResults'][testIndex]
        const testOutputDiv = /**@type {HTMLDivElement}*/ target.querySelector('div.testOutput')

        if (testOutputDiv == null) {
          const testOutputDiv = document.createElement('div')
          testOutputDiv.classList.add('testOutput')
          const consolePre = document.createElement('pre')
          consolePre.classList.add('console')
          const testDetailDiv = document.createElement('div')
          testDetailDiv.classList.add('testDetail')
          const packageNameDiv = document.createElement('div')
          packageNameDiv.classList.add('package')
          packageNameDiv.innerHTML = `<strong>Package:</strong> ${testStatus.Package}`
          const testFileNameDiv = document.createElement('div')
          testFileNameDiv.classList.add('filename')
          if (testStatus.TestFileName.trim() === "") {
            testFileNameDiv.innerHTML = `<strong>Filename:</strong> n/a &nbsp;&nbsp;`
          } else {
            testFileNameDiv.innerHTML = `<strong>Filename:</strong> ${testStatus.TestFileName} &nbsp;&nbsp;`
            testFileNameDiv.innerHTML += `<strong>Line:</strong> ${testStatus.TestFunctionDetail.Line} `
            testFileNameDiv.innerHTML += `<strong>Col:</strong> ${testStatus.TestFunctionDetail.Col}`
          }
          testDetailDiv.insertAdjacentElement('beforeend', packageNameDiv)
          testDetailDiv.insertAdjacentElement('beforeend', testFileNameDiv)
          testOutputDiv.insertAdjacentElement('afterbegin', consolePre)
          testOutputDiv.insertAdjacentElement('beforeend', testDetailDiv)
          target.insertAdjacentElement('beforeend', testOutputDiv)

          if (testStatus.Passed) {
            consolePre.classList.remove('skipped')
            consolePre.classList.remove('failed')
          } else if (testStatus.Skipped) {
            consolePre.classList.add('skipped')
            consolePre.classList.remove('failed')
          } else {
            consolePre.classList.remove('skipped')
            consolePre.classList.add('failed')
          }
          consolePre.textContent = testStatus.Output.join('')
        } else {
          testOutputDiv.remove()
        }
      }
    }
  }

  //+------------------------+
  //|    setup DOM events    |
  //+------------------------+
  elements.testResultsElem
          .addEventListener('click', event =>
            goTestReport.testResultsClickHandler(/**@type {HTMLElement}*/ addEventData(event).data.target,
                                                 event.shiftKey,
                                                 elements.data,
                                                 selectedItems,
                                                 goTestReport.testGroupListHandler))

  elements.testGroupListElem
          .addEventListener('click', event =>
            goTestReport.testGroupListHandler(/**@type {Element}*/ event.target,
                                              elements.data))

  return goTestReport
}


    

    const data = [{"FailureIndicator":"","SkippedIndicator":"skipped","TestResults":[{"TestName":"Test___FlakyBrokenScenarios","Package":"github.com/0chain/system_test/tests/cli_tests","ElapsedTime":0,"Output":["","    flaky___broken_scenarios_test.go:30: \n","--- SKIP: Test___FlakyBrokenScenarios (0.00s)\n",""],"Passed":false,"Skipped":true,"TestFileName":"flaky___broken_scenarios_test.go","TestFunctionDetail":{"Line":27,"Col":1}}]},{"FailureIndicator":"","SkippedIndicator":"","TestResults":[{"TestName":"Test___FlakyFileCopy","Package":"github.com/0chain/system_test/tests/cli_tests","ElapsedTime":0,"Output":["","--- PASS: Test___FlakyFileCopy (0.00s)",""],"Passed":true,"Skipped":false,"TestFileName":"flaky___flaky_test.go","TestFunctionDetail":{"Line":408,"Col":1}}]},{"FailureIndicator":"","SkippedIndicator":"skipped","TestResults":[{"TestName":"Test___FlakyFileCopy/File_copy_-_Users_should_not_be_charged_for_moving_a_file_","Package":"github.com/0chain/system_test/tests/cli_tests","ElapsedTime":0,"Output":["","    flaky___flaky_test.go:411: Test case [File copy - Users should not be charged for moving a file ] scheduled at [04-23-2023 18:57:58] \n","","","    system_test_framework.go:92: Test case [File copy - Users should not be charged for moving a file ] start at [04-23-2023 18:57:58] \n","    flaky___flaky_test.go:412: Test calculations are flaky in  CLI\n","    flaky___flaky_test.go:411: Test case [File copy - Users should not be charged for moving a file ] exit at [04-23-2023 18:57:58]\n","--- SKIP: Test___FlakyFileCopy/File_copy_-_Users_should_not_be_charged_for_moving_a_file_ (0.00s)\n",""],"Passed":false,"Skipped":true,"TestFileName":"","TestFunctionDetail":{"Line":0,"Col":0}}]},{"FailureIndicator":"","SkippedIndicator":"","TestResults":[{"TestName":"Test___FlakyFileDelete","Package":"github.com/0chain/system_test/tests/cli_tests","ElapsedTime":0,"Output":["","--- PASS: Test___FlakyFileDelete (0.00s)",""],"Passed":true,"Skipped":false,"TestFileName":"flaky___flaky_test.go","TestFunctionDetail":{"Line":241,"Col":1}}]},{"FailureIndicator":"","SkippedIndicator":"","TestResults":[{"TestName":"Test___FlakyFileDelete/Delete_file_concurrently_in_existing_directory,_should_work","Package":"github.com/0chain/system_test/tests/cli_tests","ElapsedTime":90.33,"Output":["","    flaky___flaky_test.go:244: Test case [Delete file concurrently in existing directory, should work] scheduled at [04-23-2023 18:56:28] \n","","","    system_test_framework.go:92: Test case [Delete file concurrently in existing directory, should work] start at [04-23-2023 18:56:28] \n","    zwalletcli_register_wallet_test.go:128: Registering wallet...\n","    zboxcli_update_allocation_test.go:1004: Executing faucet...\n","    zwalletcli_register_wallet_test.go:143: faucet output: [No wallet in path  config/Test___FlakyFileDelete-Delete_file_concurrently_in_existing_directory,_should_work_wallet.json found. Creating wallet... ZCN wallet created!! Execute faucet smart contract success with txn :  3f0383864dbb0df6f414b28881847aa328bf2582857d9c7b5a6224e2dc3751c0]\n","    zboxcli_update_allocation_test.go:1004: Executing faucet...\n","    zboxcli_create_allocation_test.go:440: Creating new allocation...\n","    zboxcli_file_upload_test.go:808: Uploading file /tmp/9BFGXYiSSW_test.txt to allocation 2820a64cf2be0a2e861bcc5cbd36a71ea3c05e477957b4ec92e89122e907e84d with remotepath /9BFGXYiSSW_test.txt\n","    zboxcli_file_upload_test.go:766: Uploading file...\n","    zboxcli_file_upload_test.go:808: Uploading file /tmp/mqzXIcUrok_test.txt to allocation 2820a64cf2be0a2e861bcc5cbd36a71ea3c05e477957b4ec92e89122e907e84d with remotepath /mqzXIcUrok_test.txt\n","    zboxcli_file_upload_test.go:766: Uploading file...\n","    utils.go:67: \u001b[33mCommand failed on attempt [1/3] due to error [exit status 1]. Output: [0 / 256    0.00% 0 / 256    0.00% 0s -\u003cNEWLINE\u003e- Error in file operation: upload_failed: Upload failed. bad request: {\"code\":\"invalid_parameters\",\"error\":\"invalid_parameters: Invalid allocation id passed.verify_allocation: verifying allocation transaction error: duplicated key not allowed\"} -\u003cNEWLINE\u003e- Upload failed. upload_failed: Upload failed. bad request: {\"code\":\"invalid_parameters\",\"error\":\"invalid_parameters: Invalid allocation id passed.verify_allocation: verifying allocation transaction error: duplicated key not allowed\"}]\n","    zboxcli_file_delete_test.go:343: Deleting file...\n","    utils.go:63: \u001b[32mCommand passed on retry [2/3]. Output: [0 / 256    0.00% 256 / 256  100.00% 0s -\u003cNEWLINE\u003e- Status completed callback. Type = application/octet-stream. Name = mqzXIcUrok_test.txt]\n","    zboxcli_file_delete_test.go:343: Deleting file...\n","    utils.go:138: Waiting 10s...\n","    zboxcli_list_file_test.go:635: Listing individual file in allocation...\n","    utils.go:67: \u001b[33mCommand failed on attempt [1/3] due to error [exit status 1]. Output: [error from server list response: {\"code\":\"invalid_parameters\",\"error\":\"invalid_parameters: Invalid path record not found\"}]\n","    utils.go:67: \u001b[33mCommand failed on attempt [2/3] due to error [exit status 1]. Output: [error from server list response: {\"code\":\"invalid_parameters\",\"error\":\"invalid_parameters: Invalid path record not found\"}]\n","    utils.go:70: \u001b[31mCommand failed on final attempt [3/3] due to error [exit status 1]. Command String: [./zbox list --json  --allocation 2820a64cf2be0a2e861bcc5cbd36a71ea3c05e477957b4ec92e89122e907e84d --remotepath /mqzXIcUrok_test.txt --silent --wallet Test___FlakyFileDelete-Delete_file_concurrently_in_existing_directory,_should_work_wallet.json --configDir ./config --config ./zbox_config.yaml] Output: [error from server list response: {\"code\":\"invalid_parameters\",\"error\":\"invalid_parameters: Invalid path record not found\"}]\n","    utils.go:73: \u001b[31mThe verbose output for the command is:\n","    utils.go:77: \u001b[31m0chain-core-sdk [INFO]   2023/04/23 18:57:42.818842 wallet_base.go:310: ******* Wallet SDK Version:v1.8.13-45-g29b9769 ******* (SetLogFile)\n","    utils.go:77: \u001b[31m0box-sdk        [INFO]   2023/04/23 18:57:42.818884 sdk.go:78: ******* Storage SDK Version: v1.8.13-45-g29b9769 *******\n","    utils.go:77: \u001b[31m0chain-core-sdk [INFO]   2023/04/23 18:57:42.916060 transaction_base.go:139: ******* Wallet SDK Version:v1.8.13-45-g29b9769 ******* (InitZCNSDK)\n","    utils.go:77: \u001b[31m0box-sdk        [DEBUG]  2023/04/23 18:57:43.006944 networkworker.go:105: Get network result:{\"miners\":[\"https://dev-3.devnet-0chain.net/miner02\",\"https://dev-3.devnet-0chain.net/miner01\",\"https://dev-3.devnet-0chain.net/miner03\"],\"sharders\":[\"https://dev-3.devnet-0chain.net/sharder02\",\"https://dev-3.devnet-0chain.net/sharder01\"]}\n","    utils.go:77: \u001b[31m0box-sdk        [DEBUG]  2023/04/23 18:57:43.132382 listworker.go:111: List result:{\"code\":\"invalid_parameters\",\"error\":\"invalid_parameters: Invalid path record not found\"}\n","    utils.go:77: \u001b[31m0box-sdk        [DEBUG]  2023/04/23 18:57:43.133841 listworker.go:111: List result:{\"code\":\"invalid_parameters\",\"error\":\"invalid_parameters: Invalid path record not found\"}\n","    utils.go:77: \u001b[31m0box-sdk        [DEBUG]  2023/04/23 18:57:43.159223 listworker.go:111: List result:{\"code\":\"invalid_parameters\",\"error\":\"invalid_parameters: Invalid path record not found\"}\n","    utils.go:77: \u001b[31m0box-sdk        [DEBUG]  2023/04/23 18:57:43.160706 listworker.go:111: List result:{\"code\":\"invalid_parameters\",\"error\":\"invalid_parameters: Invalid path record not found\"}\n","    utils.go:77: \u001b[31merror from server list response: {\"code\":\"invalid_parameters\",\"error\":\"invalid_parameters: Invalid path record not found\"}\n","    utils.go:138: Waiting 10s...\n","    zboxcli_list_file_test.go:635: Listing individual file in allocation...\n","    utils.go:67: \u001b[33mCommand failed on attempt [1/3] due to error [exit status 1]. Output: [error from server list response: {\"code\":\"invalid_parameters\",\"error\":\"invalid_parameters: Invalid path record not found\"}]\n","    utils.go:67: \u001b[33mCommand failed on attempt [2/3] due to error [exit status 1]. Output: [error from server list response: {\"code\":\"invalid_parameters\",\"error\":\"invalid_parameters: Invalid path record not found\"}]\n","    utils.go:70: \u001b[31mCommand failed on final attempt [3/3] due to error [exit status 1]. Command String: [./zbox list --allocation 2820a64cf2be0a2e861bcc5cbd36a71ea3c05e477957b4ec92e89122e907e84d --remotepath /9BFGXYiSSW_test.txt --json --silent --wallet Test___FlakyFileDelete-Delete_file_concurrently_in_existing_directory,_should_work_wallet.json --configDir ./config --config ./zbox_config.yaml] Output: [error from server list response: {\"code\":\"invalid_parameters\",\"error\":\"invalid_parameters: Invalid path record not found\"}]\n","    utils.go:73: \u001b[31mThe verbose output for the command is:\n","    utils.go:77: \u001b[31m0chain-core-sdk [INFO]   2023/04/23 18:57:58.288336 wallet_base.go:310: ******* Wallet SDK Version:v1.8.13-45-g29b9769 ******* (SetLogFile)\n","    utils.go:77: \u001b[31m0box-sdk        [INFO]   2023/04/23 18:57:58.288378 sdk.go:78: ******* Storage SDK Version: v1.8.13-45-g29b9769 *******\n","    utils.go:77: \u001b[31m0chain-core-sdk [INFO]   2023/04/23 18:57:58.398630 transaction_base.go:139: ******* Wallet SDK Version:v1.8.13-45-g29b9769 ******* (InitZCNSDK)\n","    utils.go:77: \u001b[31m0box-sdk        [DEBUG]  2023/04/23 18:57:58.482581 networkworker.go:105: Get network result:{\"miners\":[\"https://dev-3.devnet-0chain.net/miner02\",\"https://dev-3.devnet-0chain.net/miner01\",\"https://dev-3.devnet-0chain.net/miner03\"],\"sharders\":[\"https://dev-3.devnet-0chain.net/sharder02\",\"https://dev-3.devnet-0chain.net/sharder01\"]}\n","    utils.go:77: \u001b[31m0box-sdk        [DEBUG]  2023/04/23 18:57:58.632206 listworker.go:111: List result:{\"code\":\"invalid_parameters\",\"error\":\"invalid_parameters: Invalid path record not found\"}\n","    utils.go:77: \u001b[31m0box-sdk        [DEBUG]  2023/04/23 18:57:58.632337 listworker.go:111: List result:{\"code\":\"invalid_parameters\",\"error\":\"invalid_parameters: Invalid path record not found\"}\n","    utils.go:77: \u001b[31m0box-sdk        [DEBUG]  2023/04/23 18:57:58.659598 listworker.go:111: List result:{\"code\":\"invalid_parameters\",\"error\":\"invalid_parameters: Invalid path record not found\"}\n","    utils.go:77: \u001b[31m0box-sdk        [DEBUG]  2023/04/23 18:57:58.659632 listworker.go:111: List result:{\"code\":\"invalid_parameters\",\"error\":\"invalid_parameters: Invalid path record not found\"}\n","    utils.go:77: \u001b[31merror from server list response: {\"code\":\"invalid_parameters\",\"error\":\"invalid_parameters: Invalid path record not found\"}\n","    flaky___flaky_test.go:244: Test case [Delete file concurrently in existing directory, should work] exit at [04-23-2023 18:57:58]\n","--- PASS: Test___FlakyFileDelete/Delete_file_concurrently_in_existing_directory,_should_work (90.33s)",""],"Passed":true,"Skipped":false,"TestFileName":"","TestFunctionDetail":{"Line":0,"Col":0}}]},{"FailureIndicator":"failed","SkippedIndicator":"","TestResults":[{"TestName":"Test___FlakyFileRename","Package":"github.com/0chain/system_test/tests/cli_tests","ElapsedTime":0,"Output":["","","",""],"Passed":false,"Skipped":false,"TestFileName":"flaky___flaky_test.go","TestFunctionDetail":{"Line":304,"Col":1}}]},{"FailureIndicator":"failed","SkippedIndicator":"","TestResults":[{"TestName":"Test___FlakyFileRename/Rename_and_delete_file_concurrently,_should_work","Package":"github.com/0chain/system_test/tests/cli_tests","ElapsedTime":360.03,"Output":["","    flaky___flaky_test.go:309: Test case [Rename and delete file concurrently, should work] scheduled at [04-23-2023 18:57:58] \n","","","    system_test_framework.go:92: Test case [Rename and delete file concurrently, should work] start at [04-23-2023 18:57:58] \n","    zwalletcli_register_wallet_test.go:128: Registering wallet...\n","    zboxcli_update_allocation_test.go:1004: Executing faucet...\n","    zwalletcli_register_wallet_test.go:143: faucet output: [No wallet in path  config/Test___FlakyFileRename-Rename_and_delete_file_concurrently,_should_work_wallet.json found. Creating wallet... ZCN wallet created!! Execute faucet smart contract success with txn :  7dc595c1fa85cdbe842f8b6345a124ee4e34609b0f57de917ea0cbea23db49cb]\n","    zboxcli_update_allocation_test.go:1004: Executing faucet...\n","    zboxcli_create_allocation_test.go:440: Creating new allocation...\n","    zboxcli_file_upload_test.go:808: Uploading file /tmp/o2S4KyvCAu_test.txt to allocation b7dfbb9288a97ca246188a7f3485dc76cc4bf391e6d5f215c87f556042622e14 with remotepath /o2S4KyvCAu_test.txt\n","    zboxcli_file_upload_test.go:766: Uploading file...\n","    zboxcli_file_upload_test.go:808: Uploading file /tmp/UHpxEuuf2G_test.txt to allocation b7dfbb9288a97ca246188a7f3485dc76cc4bf391e6d5f215c87f556042622e14 with remotepath /UHpxEuuf2G_test.txt\n","    zboxcli_file_upload_test.go:766: Uploading file...\n","    zboxcli_file_upload_test.go:808: Uploading file /tmp/k0C2K4qkDk_test.txt to allocation b7dfbb9288a97ca246188a7f3485dc76cc4bf391e6d5f215c87f556042622e14 with remotepath /k0C2K4qkDk_test.txt\n","    zboxcli_file_upload_test.go:766: Uploading file...\n","    zboxcli_file_upload_test.go:808: Uploading file /tmp/L8AOK5-R-T_test.txt to allocation b7dfbb9288a97ca246188a7f3485dc76cc4bf391e6d5f215c87f556042622e14 with remotepath /L8AOK5-R-T_test.txt\n","    zboxcli_file_upload_test.go:766: Uploading file...\n","    zboxcli_file_delete_test.go:343: Deleting file...\n","    zboxcli_common_user_functions_test.go:179: Renaming file...\n","    zboxcli_file_delete_test.go:343: Deleting file...\n","    zboxcli_common_user_functions_test.go:179: Renaming file...\n","    utils.go:67: \u001b[33mCommand failed on attempt [1/3] due to error [exit status 1]. Output: [Delete failed. Delete failed: lock_consensus_not_met: Required consensus 3 got 0]\n","    utils.go:67: \u001b[33mCommand failed on attempt [1/3] due to error [exit status 1]. Output: [rename failed: lock_consensus_not_met: Required consensus 3 got 2]\n","    utils.go:67: \u001b[33mCommand failed on attempt [1/3] due to error [exit status 1]. Output: [rename failed: lock_consensus_not_met: Required consensus 3 got 2]\n","    utils.go:67: \u001b[33mCommand failed on attempt [1/3] due to error [exit status 1]. Output: [Delete failed. Delete failed: lock_consensus_not_met: Required consensus 3 got 0]\n","    utils.go:63: \u001b[32mCommand passed on retry [2/3]. Output: [/UHpxEuuf2G_test.txt renamed]\n","    utils.go:67: \u001b[33mCommand failed on attempt [2/3] due to error [exit status 1]. Output: [rename failed: lock_consensus_not_met: Required consensus 3 got 0]\n","    utils.go:67: \u001b[33mCommand failed on attempt [2/3] due to error [exit status 1]. Output: [Delete failed. Delete failed: lock_consensus_not_met: Required consensus 3 got 0]\n","    utils.go:67: \u001b[33mCommand failed on attempt [2/3] due to error [exit status 1]. Output: [Delete failed. Delete failed: lock_consensus_not_met: Required consensus 3 got 0]\n","    utils.go:63: \u001b[32mCommand passed on retry [3/3]. Output: [/o2S4KyvCAu_test.txt renamed]\n","    flaky___flaky_test.go:309: Test case [Rename and delete file concurrently, should work] timed out after [6m0s]\n","    flaky___flaky_test.go:309: Test case [Rename and delete file concurrently, should work] exit at [04-23-2023 19:03:58]\n",""],"Passed":false,"Skipped":false,"TestFileName":"","TestFunctionDetail":{"Line":0,"Col":0}}]},{"FailureIndicator":"","SkippedIndicator":"skipped","TestResults":[{"TestName":"Test___FlakyScenariosCommonUserFunctions","Package":"github.com/0chain/system_test/tests/cli_tests","ElapsedTime":0,"Output":["","    flaky___flaky_test.go:25: \n","--- SKIP: Test___FlakyScenariosCommonUserFunctions (0.00s)\n",""],"Passed":false,"Skipped":true,"TestFileName":"flaky___flaky_test.go","TestFunctionDetail":{"Line":22,"Col":1}}]},{"FailureIndicator":"failed","SkippedIndicator":"","TestResults":[{"TestName":"Test___FlakyTransferAllocation","Package":"github.com/0chain/system_test/tests/cli_tests","ElapsedTime":0,"Output":["",""],"Passed":false,"Skipped":false,"TestFileName":"flaky___flaky_test.go","TestFunctionDetail":{"Line":90,"Col":1}}]},{"FailureIndicator":"failed","SkippedIndicator":"","TestResults":[{"TestName":"Test___FlakyTransferAllocation/transfer_allocation_accounting_test","Package":"github.com/0chain/system_test/tests/cli_tests","ElapsedTime":162.38,"Output":["","    flaky___flaky_test.go:93: Test case [transfer allocation accounting test] scheduled at [04-23-2023 18:53:45] \n","","","    system_test_framework.go:92: Test case [transfer allocation accounting test] start at [04-23-2023 18:53:45] \n","    zwalletcli_register_wallet_test.go:128: Registering wallet...\n","    zboxcli_update_allocation_test.go:1004: Executing faucet...\n","    zwalletcli_register_wallet_test.go:143: faucet output: [No wallet in path  config/Test___FlakyTransferAllocation-transfer_allocation_accounting_test_wallet.json found. Creating wallet... ZCN wallet created!! Execute faucet smart contract success with txn :  875e8d69332ed4bf7d2428bb202440a3d0208ab164d23b1246568965e401b9b5]\n","    zboxcli_update_allocation_test.go:1004: Executing faucet...\n","    zboxcli_create_allocation_test.go:440: Creating new allocation...\n","    zboxcli_file_upload_test.go:766: Uploading file...\n","    zwalletcli_register_wallet_test.go:128: Registering wallet...\n","    zboxcli_update_allocation_test.go:1004: Executing faucet...\n","    zwalletcli_register_wallet_test.go:143: faucet output: [No wallet in path  config/Test___FlakyTransferAllocation-transfer_allocation_accounting_test_NEW_OWNER_wallet.json found. Creating wallet... ZCN wallet created!! Execute faucet smart contract success with txn :  b229c9d9dd698e1c3d1f14efef03ef4334a0f7ee3cfe38e24294a575c37232d8]\n","    zboxcli_update_allocation_test.go:1004: Executing faucet...\n","    zwalletcli_register_wallet_test.go:220: Getting wallet...\n","    zboxcli_common_user_functions_test.go:227: Get Allocation...\n","    zboxcli_transfer_allocation_test.go:428: Transferring allocation ownership...\n","    utils.go:67: \u001b[33mCommand failed on attempt [1/3] due to error [exit status 1]. Output: [Error transferring allocation:[txn] too less sharders to confirm it: min_confirmation is 50%, but got 0/2 sharders -\u003cNEWLINE\u003e- https://dev-3.devnet-0chain.net/sharder01/v1/transaction/get/confirmation?hash=1faf8d35a38e8ac1d5fad58baada528dde9d6cf361e2dc1baa9f1e6c012e2615: [400] {\"code\":\"entity_not_found\",\"error\":\"entity_not_found: txn_summary not found with id = 1faf8d35a38e8ac1d5fad58baada528dde9d6cf361e2dc1baa9f1e6c012e2615\"} -\u003cNEWLINE\u003e- https://dev-3.devnet-0chain.net/sharder02/v1/transaction/get/confirmation?hash=1faf8d35a38e8ac1d5fad58baada528dde9d6cf361e2dc1baa9f1e6c012e2615: [400] {\"code\":\"entity_not_found\",\"error\":\"entity_not_found: txn_summary not found with id = 1faf8d35a38e8ac1d5fad58baada528dde9d6cf361e2dc1baa9f1e6c012e2615\"}]\n","    utils.go:67: \u001b[33mCommand failed on attempt [2/3] due to error [exit status 1]. Output: [Error transferring allocation:[txn] too less sharders to confirm it: min_confirmation is 50%, but got 0/2 sharders -\u003cNEWLINE\u003e- https://dev-3.devnet-0chain.net/sharder02/v1/transaction/get/confirmation?hash=40ee1be0853810c3626f109f0458e901bd0312fa070e13c9d5a89d59ff85a961: [400] {\"code\":\"entity_not_found\",\"error\":\"entity_not_found: txn_summary not found with id = 40ee1be0853810c3626f109f0458e901bd0312fa070e13c9d5a89d59ff85a961\"} -\u003cNEWLINE\u003e- https://dev-3.devnet-0chain.net/sharder01/v1/transaction/get/confirmation?hash=40ee1be0853810c3626f109f0458e901bd0312fa070e13c9d5a89d59ff85a961: [400] {\"code\":\"entity_not_found\",\"error\":\"entity_not_found: txn_summary not found with id = 40ee1be0853810c3626f109f0458e901bd0312fa070e13c9d5a89d59ff85a961\"}]\n","    utils.go:70: \u001b[31mCommand failed on final attempt [3/3] due to error [exit status 1]. Command String: [./zbox transferallocation --allocation 1e95802b33fbbee1c4220dd2f146f6a041ee4d9953b7b8bbb0cd9d096da1524d --new_owner_key dd26e841e73679da117001c52999499bb09cfb5f496350575cb4f57c7b778e19443780bc8e42b6c483ec23ea483805f5989fd42e7c8bb38515e3a1b1fee47981 --new_owner 687196e59f547ee0266247ebf12d163726d21ce01a344e559d0ec61f73445ea8 --silent --wallet Test___FlakyTransferAllocation-transfer_allocation_accounting_test_wallet.json --configDir ./config --config ./zbox_config.yaml] Output: [Error transferring allocation:[txn] too less sharders to confirm it: min_confirmation is 50%, but got 0/2 sharders -\u003cNEWLINE\u003e- https://dev-3.devnet-0chain.net/sharder01/v1/transaction/get/confirmation?hash=7b319bed8254d14cfa752736e13a3227daac45ab4ba0affb846a9b3a4ffa08f9: [400] {\"code\":\"entity_not_found\",\"error\":\"entity_not_found: txn_summary not found with id = 7b319bed8254d14cfa752736e13a3227daac45ab4ba0affb846a9b3a4ffa08f9\"} -\u003cNE","WLINE\u003e- https://dev-3.devnet-0chain.net/sharder02/v1/transaction/get/confirmation?hash=7b319bed8254d14cfa752736e13a3227daac45ab4ba0affb846a9b3a4ffa08f9: [400] {\"code\":\"entity_not_found\",\"error\":\"entity_not_found: txn_summary not found with id = 7b319bed8254d14cfa752736e13a3227daac45ab4ba0affb846a9b3a4ffa08f9\"}]\n","    utils.go:73: \u001b[31mThe verbose output for the command is:\n","    utils.go:77: \u001b[31m0chain-core-sdk [INFO]   2023/04/23 18:55:56.594881 wallet_base.go:310: ******* Wallet SDK Version:v1.8.13-45-g29b9769 ******* (SetLogFile)\n","    utils.go:77: \u001b[31m0box-sdk        [INFO]   2023/04/23 18:55:56.594923 sdk.go:78: ******* Storage SDK Version: v1.8.13-45-g29b9769 *******\n","    utils.go:77: \u001b[31m0chain-core-sdk [INFO]   2023/04/23 18:55:56.691266 transaction_base.go:139: ******* Wallet SDK Version:v1.8.13-45-g29b9769 ******* (InitZCNSDK)\n","    utils.go:77: \u001b[31m0box-sdk        [DEBUG]  2023/04/23 18:55:56.774095 networkworker.go:105: Get network result:{\"miners\":[\"https://dev-3.devnet-0chain.net/miner02\",\"https://dev-3.devnet-0chain.net/miner01\",\"https://dev-3.devnet-0chain.net/miner03\"],\"sharders\":[\"https://dev-3.devnet-0chain.net/sharder02\",\"https://dev-3.devnet-0chain.net/sharder01\"]}\n","    utils.go:77: \u001b[31m0box-sdk        [INFO]   2023/04/23 18:55:56.928380 sdk.go:1409: estimate txn fee{fee 18 10000000000  \u003cnil\u003e} {txn 23 0  0xc0001faa90}\n","    utils.go:77: \u001b[31m0box-sdk        \u001b[31m[ERROR]  2023/04/23 18:56:28.325273 sdk.go:1442: Error verifying the transaction[txn] too less sharders to confirm it: min_confirmation is 50%, but got 0/2 sharders\n","    utils.go:77: \u001b[31mhttps://dev-3.devnet-0chain.net/sharder01/v1/transaction/get/confirmation?hash=e30ea39b247be2d19c1422b41ccaaf735d6e3486601ddc697187779d8aef9a33: [400] {\"code\":\"entity_not_found\",\"error\":\"entity_not_found: txn_summary not found with id = e30ea39b247be2d19c1422b41ccaaf735d6e3486601ddc697187779d8aef9a33\"}\n","    utils.go:77: \u001b[31mhttps://dev-3.devnet-0chain.net/sharder02/v1/transaction/get/confirmation?hash=e30ea39b247be2d19c1422b41ccaaf735d6e3486601ddc697187779d8aef9a33: [400] {\"code\":\"entity_not_found\",\"error\":\"entity_not_found: txn_summary not found with id = e30ea39b247be2d19c1422b41ccaaf735d6e3486601ddc697187779d8aef9a33\"}\n","    utils.go:77: \u001b[31me30ea39b247be2d19c1422b41ccaaf735d6e3486601ddc697187779d8aef9a33\u001b[0m\n","    utils.go:77: \u001b[31mError transferring allocation:[txn] too less sharders to confirm it: min_confirmation is 50%, but got 0/2 sharders\n","    assertions.go:264: \n","        \tError Trace:\t/root/actions-runner3/_work/system_test/system_test/tests/cli_tests/flaky___flaky_test.go:133\n","        \t            \t\t\t\t/root/actions-runner3/_work/system_test/system_test/tests/cli_tests/system_test_framework.go:93\n","        \t            \t\t\t\t/root/actions-runner3/_work/system_test/system_test/tests/cli_tests/asm_amd64.s:1598\n","        \tError:      \tExpected nil, but got: \u0026exec.ExitError{ProcessState:(*os.ProcessState)(0xc0003e82d0), Stderr:[]uint8(nil)}\n","        \tTest:       \tTest___FlakyTransferAllocation/transfer_allocation_accounting_test\n","        \tMessages:   \tError transferring allocation:[txn] too less sharders to confirm it: min_confirmation is 50%, but got 0/2 sharders\n","        \t            \thttps://dev-3.devnet-0chain.net/sharder01/v1/transaction/get/confirmation?hash=7b319bed8254d14cfa752736e13a3227daac45ab4ba0affb846a9b3a4ffa08f9: [400] {\"code\":\"entity_not_found\",\"error\":\"entity_not_found: txn_summary not found with id = 7b319bed8254d14cfa752736e13a3227daac45ab4ba0affb846a9b3a4ffa08f9\"}\n","        \t            \thttps://dev-3.devnet-0chain.net/sharder02/v1/transaction/get/confirmation?hash=7b319bed8254d14cfa752736e13a3227daac45ab4ba0affb846a9b3a4ffa08f9: [400] {\"code\":\"entity_not_found\",\"error\":\"entity_not_found: txn_summary not found with id = 7b319bed8254d14cfa752736e13a3227daac45ab4ba0affb846a9b3a4ffa08f9\"}\n","    flaky___flaky_test.go:93: Test case [transfer allocation accounting test] exit at [04-23-2023 18:56:28]\n",""],"Passed":false,"Skipped":false,"TestFileName":"","TestFunctionDetail":{"Line":0,"Col":0}}]},{"FailureIndicator":"failed","SkippedIndicator":"","TestResults":[{"TestName":"Test___FlakyTransferAllocation/transfer_allocation_and_upload_file","Package":"github.com/0chain/system_test/tests/cli_tests","ElapsedTime":162.01,"Output":["","    flaky___flaky_test.go:175: Test case [transfer allocation and upload file] scheduled at [04-23-2023 18:53:45] \n","","","    system_test_framework.go:92: Test case [transfer allocation and upload file] start at [04-23-2023 18:53:45] \n","    zwalletcli_register_wallet_test.go:128: Registering wallet...\n","    zboxcli_update_allocation_test.go:1004: Executing faucet...\n","    zwalletcli_register_wallet_test.go:143: faucet output: [No wallet in path  config/Test___FlakyTransferAllocation-transfer_allocation_and_upload_file_wallet.json found. Creating wallet... ZCN wallet created!! Execute faucet smart contract success with txn :  7577dc45f3b9d4ecf2198b0ad89cce370277dc6faf47ef88c6f6890694c3af8c]\n","    zboxcli_update_allocation_test.go:1004: Executing faucet...\n","    zboxcli_create_allocation_test.go:440: Creating new allocation...\n","    zboxcli_file_upload_test.go:766: Uploading file...\n","    zwalletcli_register_wallet_test.go:128: Registering wallet...\n","    zboxcli_update_allocation_test.go:1004: Executing faucet...\n","    zwalletcli_register_wallet_test.go:143: faucet output: [No wallet in path  config/Test___FlakyTransferAllocation-transfer_allocation_and_upload_file_NEW_OWNER_wallet.json found. Creating wallet... ZCN wallet created!! Execute faucet smart contract success with txn :  af8d1310d9dd8829fef3cfd5759815b73700bd513a70e92dbed21293f07f1bd4]\n","    zboxcli_update_allocation_test.go:1004: Executing faucet...\n","    zwalletcli_register_wallet_test.go:220: Getting wallet...\n","    zboxcli_transfer_allocation_test.go:428: Transferring allocation ownership...\n","    utils.go:67: \u001b[33mCommand failed on attempt [1/3] due to error [exit status 1]. Output: [Error transferring allocation:[txn] too less sharders to confirm it: min_confirmation is 50%, but got 0/2 sharders -\u003cNEWLINE\u003e- https://dev-3.devnet-0chain.net/sharder02/v1/transaction/get/confirmation?hash=393df15b66f6e1eed5e355727e01ecf3806ff51f5f3cf47ec2d20f753a7416d5: [400] {\"code\":\"entity_not_found\",\"error\":\"entity_not_found: txn_summary not found with id = 393df15b66f6e1eed5e355727e01ecf3806ff51f5f3cf47ec2d20f753a7416d5\"} -\u003cNEWLINE\u003e- https://dev-3.devnet-0chain.net/sharder01/v1/transaction/get/confirmation?hash=393df15b66f6e1eed5e355727e01ecf3806ff51f5f3cf47ec2d20f753a7416d5: [400] {\"code\":\"entity_not_found\",\"error\":\"entity_not_found: txn_summary not found with id = 393df15b66f6e1eed5e355727e01ecf3806ff51f5f3cf47ec2d20f753a7416d5\"}]\n","    utils.go:67: \u001b[33mCommand failed on attempt [2/3] due to error [exit status 1]. Output: [Error transferring allocation:[txn] too less sharders to confirm it: min_confirmation is 50%, but got 0/2 sharders -\u003cNEWLINE\u003e- https://dev-3.devnet-0chain.net/sharder01/v1/transaction/get/confirmation?hash=ca4d8c05d1ad4d54b50a4afba3b95970d852e29f8055331ed5db830d769959d9: [400] {\"code\":\"entity_not_found\",\"error\":\"entity_not_found: txn_summary not found with id = ca4d8c05d1ad4d54b50a4afba3b95970d852e29f8055331ed5db830d769959d9\"} -\u003cNEWLINE\u003e- https://dev-3.devnet-0chain.net/sharder02/v1/transaction/get/confirmation?hash=ca4d8c05d1ad4d54b50a4afba3b95970d852e29f8055331ed5db830d769959d9: [400] {\"code\":\"entity_not_found\",\"error\":\"entity_not_found: txn_summary not found with id = ca4d8c05d1ad4d54b50a4afba3b95970d852e29f8055331ed5db830d769959d9\"}]\n","    utils.go:70: \u001b[31mCommand failed on final attempt [3/3] due to error [exit status 1]. Command String: [./zbox transferallocation --allocation 1128dc369f9c4ad9e8ef949d68c6fe4c8b7315fa29660d8e672902239fae8f51 --new_owner_key 1d663113eb89fc3cb738c243651bf03e2de73dc04fb503d6c53bea5f8c00e60fd9bbf826354c42ba240c4f84ff424758c05bbe308043793eda16d39faaeb509f --new_owner 57a2290ab5647ad7d335546895e252cd2b871f31e70e73546f0ce9d98a00c6ef --silent --wallet Test___FlakyTransferAllocation-transfer_allocation_and_upload_file_wallet.json --configDir ./config --config ./zbox_config.yaml] Output: [Error transferring allocation:[txn] too less sharders to confirm it: min_confirmation is 50%, but got 0/2 sharders -\u003cNEWLINE\u003e- https://dev-3.devnet-0chain.net/sharder02/v1/transaction/get/confirmation?hash=743c9e22039c2083bbf13d7cc02df63d5a4d607071cd9128d33c06ebb5e7a8f6: [400] {\"code\":\"entity_not_found\",\"error\":\"entity_not_found: txn_summary not found with id = 743c9e22039c2083bbf13d7cc02df63d5a4d607071cd9128d33c06ebb5e7a8f6\"} -\u003cNE","WLINE\u003e- https://dev-3.devnet-0chain.net/sharder01/v1/transaction/get/confirmation?hash=743c9e22039c2083bbf13d7cc02df63d5a4d607071cd9128d33c06ebb5e7a8f6: [400] {\"code\":\"entity_not_found\",\"error\":\"entity_not_found: txn_summary not found with id = 743c9e22039c2083bbf13d7cc02df63d5a4d607071cd9128d33c06ebb5e7a8f6\"}]\n","    utils.go:73: \u001b[31mThe verbose output for the command is:\n","    utils.go:77: \u001b[31m0chain-core-sdk [INFO]   2023/04/23 18:55:56.253914 wallet_base.go:310: ******* Wallet SDK Version:v1.8.13-45-g29b9769 ******* (SetLogFile)\n","    utils.go:77: \u001b[31m0box-sdk        [INFO]   2023/04/23 18:55:56.253960 sdk.go:78: ******* Storage SDK Version: v1.8.13-45-g29b9769 *******\n","    utils.go:77: \u001b[31m0chain-core-sdk [INFO]   2023/04/23 18:55:56.353273 transaction_base.go:139: ******* Wallet SDK Version:v1.8.13-45-g29b9769 ******* (InitZCNSDK)\n","    utils.go:77: \u001b[31m0box-sdk        [DEBUG]  2023/04/23 18:55:56.437544 networkworker.go:105: Get network result:{\"miners\":[\"https://dev-3.devnet-0chain.net/miner02\",\"https://dev-3.devnet-0chain.net/miner01\",\"https://dev-3.devnet-0chain.net/miner03\"],\"sharders\":[\"https://dev-3.devnet-0chain.net/sharder02\",\"https://dev-3.devnet-0chain.net/sharder01\"]}\n","    utils.go:77: \u001b[31m0box-sdk        [INFO]   2023/04/23 18:55:56.551373 sdk.go:1409: estimate txn fee{fee 18 10000000000  \u003cnil\u003e} {txn 23 0  0xc0002f9110}\n","    utils.go:77: \u001b[31m0box-sdk        \u001b[31m[ERROR]  2023/04/23 18:56:27.961530 sdk.go:1442: Error verifying the transaction[txn] too less sharders to confirm it: min_confirmation is 50%, but got 0/2 sharders\n","    utils.go:77: \u001b[31mhttps://dev-3.devnet-0chain.net/sharder01/v1/transaction/get/confirmation?hash=5c3ba2ee8a2306c3a046436dbe19ac43597f3a62b9945e19d7eccf80d7a5ac48: [400] {\"code\":\"entity_not_found\",\"error\":\"entity_not_found: txn_summary not found with id = 5c3ba2ee8a2306c3a046436dbe19ac43597f3a62b9945e19d7eccf80d7a5ac48\"}\n","    utils.go:77: \u001b[31mhttps://dev-3.devnet-0chain.net/sharder02/v1/transaction/get/confirmation?hash=5c3ba2ee8a2306c3a046436dbe19ac43597f3a62b9945e19d7eccf80d7a5ac48: [400] {\"code\":\"entity_not_found\",\"error\":\"entity_not_found: txn_summary not found with id = 5c3ba2ee8a2306c3a046436dbe19ac43597f3a62b9945e19d7eccf80d7a5ac48\"}\n","    utils.go:77: \u001b[31m5c3ba2ee8a2306c3a046436dbe19ac43597f3a62b9945e19d7eccf80d7a5ac48\u001b[0m\n","    utils.go:77: \u001b[31mError transferring allocation:[txn] too less sharders to confirm it: min_confirmation is 50%, but got 0/2 sharders\n","    assertions.go:264: \n","        \tError Trace:\t/root/actions-runner3/_work/system_test/system_test/tests/cli_tests/flaky___flaky_test.go:213\n","        \t            \t\t\t\t/root/actions-runner3/_work/system_test/system_test/tests/cli_tests/system_test_framework.go:93\n","        \t            \t\t\t\t/root/actions-runner3/_work/system_test/system_test/tests/cli_tests/asm_amd64.s:1598\n","        \tError:      \tExpected nil, but got: \u0026exec.ExitError{ProcessState:(*os.ProcessState)(0xc0003e8168), Stderr:[]uint8(nil)}\n","        \tTest:       \tTest___FlakyTransferAllocation/transfer_allocation_and_upload_file\n","        \tMessages:   \tError transferring allocation:[txn] too less sharders to confirm it: min_confirmation is 50%, but got 0/2 sharders\n","        \t            \thttps://dev-3.devnet-0chain.net/sharder02/v1/transaction/get/confirmation?hash=743c9e22039c2083bbf13d7cc02df63d5a4d607071cd9128d33c06ebb5e7a8f6: [400] {\"code\":\"entity_not_found\",\"error\":\"entity_not_found: txn_summary not found with id = 743c9e22039c2083bbf13d7cc02df63d5a4d607071cd9128d33c06ebb5e7a8f6\"}\n","        \t            \thttps://dev-3.devnet-0chain.net/sharder01/v1/transaction/get/confirmation?hash=743c9e22039c2083bbf13d7cc02df63d5a4d607071cd9128d33c06ebb5e7a8f6: [400] {\"code\":\"entity_not_found\",\"error\":\"entity_not_found: txn_summary not found with id = 743c9e22039c2083bbf13d7cc02df63d5a4d607071cd9128d33c06ebb5e7a8f6\"}\n","    flaky___flaky_test.go:175: Test case [transfer allocation and upload file] exit at [04-23-2023 18:56:27]\n",""],"Passed":false,"Skipped":false,"TestFileName":"","TestFunctionDetail":{"Line":0,"Col":0}}]}]

    const report = window.GoTestReport({
                                         data: data,
                                         testResultsElem: document.getElementById('testResults'),
                                         testGroupListElem: document.getElementById('testGroupList')
                                       });


</script>
</body>
</html>
