<!DOCTYPE html>
<html lang="en">
<head>
    <meta charset="UTF-8">
    <title>0Chain Flaky system test suite [master/ff6b5376] ran against [dev-1.devnet-0chain.net] at [2023-06-01_18.31.04]</title>
    <style type="text/css">
        body {
            font-family: sans-serif;
            background-color: #f3f3f3;
            border-top: 2px #dee6e8 solid;
            margin: 0;
        }

        div.pageHeader span.projectTitle {
            font-family: serif;
            font-size: 2em;
            padding-left: 56px;
            padding-top: 80px;
            display: block;
            color: #a5a5a5;
            text-shadow: 0 -1px 1px white;
        }

        div.pageHeader div.testStats {
            position: absolute;
            top: 7px;
            right: 52px;
            font-size: 0.8em;
            color: #a2a2a2;
        }

        div.pageHeader div.testStats span.indicator {
            font-size: 2em;
            position: relative;
            top: 5px;
            text-shadow: 0 1px 0 white;
        }

        div.pageHeader div.testStats span strong {
            margin-right: 16px;
        }

        div.pageHeader div.testStats span.total {
            border-right: 1px #afafaf dotted;
            background: #8298af;
        }

        div.pageHeader div.testStats span.passed {
            border-right: 1px #afafaf dotted;
            background: #6fca83;
        }

        div.pageHeader div.testStats span.skipped {
            background: #bababa;
        }

        div.pageHeader div.testStats span.failed {
            background: #ff7676;
        }

        div.pageHeader div.testStats span {
            margin-right: 1px;
            height: 55px;
            padding: 20px 8px 18px;
            color: white;
        }

        div.pageHeader .testGroupsTitle {
            margin: 16px 32px 8px 40px;
            font-size: 0.9em;
            color: darkgrey;
            display: inline-block;
        }

        div.pageHeader .testExecutionDate {
            display: inline-block;
            position: absolute;
            right: 10px;
            margin: 14px 32px 8px 40px;
            color: #9e9e9e;
            font-size: 0.9em;
        }

        .testReportContainer {
            padding: 0 32px 32px 32px;
        }

        .cardContainer {
            padding: 16px 16px 16px;
            box-shadow: 0 4px 4px #d4d4d4;
            background-color: white;
        }

        #testResults {
            display: flex;
            flex-wrap: wrap;
        }

        .testResultGroup {
            width: 24px;
            height: 24px;
            background-color: #43c143;
            margin-left: 1px;
            margin-bottom: 1px;
            box-sizing: border-box;
        }

        .testResultGroup.selected {
            border: 1px white solid;
            background-color: black !important;
        }

        .testResultGroup.skipped {
            border: 2px gray solid;
        }

        .testResultGroup.failed {
            background-color: red;
        }

        .cardContainer.testGroupList,
        .cardContainer.testDetail {
            margin-top: 16px;
            padding: 16px;
        }

        .cardContainer.testGroupList {
            color: #9c9c9c;
            padding: 0;
        }

        .cardContainer.testGroupList .testGroupRow {
            cursor: default;
            border-bottom: 1px #dadada dotted;
        }

        .cardContainer.testGroupList .testGroupRow span.testStatus {
            font-size: 1.2em;
            font-weight: bold;
            color: #139e13;
            pointer-events: none;
            display: inline-block;
            overflow: hidden;
            float: left;
            padding-top: 10px;
            padding-left: 20px;
            padding-right: 12px;
        }

        .cardContainer.testGroupList .testGroupRow span.testStatus.skipped {
            color: gray;
        }

        .cardContainer.testGroupList .testGroupRow span.testStatus.failed {
            color: red;
        }

        .cardContainer.testGroupList .testGroupRow span.testTitle {
            font-size: 0.9em;
            padding: 12px 0 10px;
            display: inline-block;
            pointer-events: none;
            color: #525252;
            text-overflow: ellipsis;
            overflow: hidden;
            width: calc(100% - 110px);
        }

        .cardContainer.testGroupList .testGroupRow span.testDuration {
            pointer-events: none;
        }

        .cardContainer.testGroupList .testGroupRow {
            position: relative;
            border-left: 4px #43c143 solid;
        }

        .cardContainer.testGroupList .testGroupRow.skipped {
            color: gray;
            border-left: 4px gray solid;
        }

        .cardContainer.testGroupList .testGroupRow.failed {
            color: red;
            border-left: 4px red solid;
        }

        .cardContainer.testGroupList .testGroupRow:hover {
            background-color: #fffaea;
            transition: 0.250s;
        }

        .cardContainer .testOutput {
            padding: 8px 16px 24px 16px;
        }

        .cardContainer .console {
            display: block;
            font-family: monospace;
            padding: 10px;
            background-color: #424242;
            color: #1aff00;
            border-bottom: 1px #1aff00 dotted;
            overflow: auto;
            font-size: 1.1em;
        }

        .cardContainer .testOutput .testDetail {
            border-bottom: 1px #d0d0d0 solid;
            padding: 16px;
            background-color: #e6e6e6;
            border-radius: 0 0 4px 4px;
            color: dimgrey;
            font-size: 0.8em;
        }

        .cardContainer .console.skipped{
            color: #d9d9d9;
        }

        .cardContainer .console.failed {
            color: #ffb2b2;
        }

        .cardContainer .testDuration {
            position: absolute;
            top: 5px;
            right: 8px;
            text-align: right;
            padding-right: 8px;
            box-sizing: border-box;
        }
    </style>
</head>
<body>
<div class="pageHeader">
    <span class="projectTitle">0Chain Flaky system test suite [master/ff6b5376] ran against [dev-1.devnet-0chain.net] at [2023-06-01_18.31.04]</span>
    <div class="testStats">
        <span class="total"><span class="indicator">&boxbox;</span> Total: <strong>11</strong>Duration: <strong>1ms</strong>
        </span><span class="passed"><span class="indicator">&check;</span> Passed: <strong>3</strong>
        </span><span class="skipped"><span class="indicator">&dash;</span> Skipped: <strong>3</strong>
        </span><span class="failed"><span class="indicator">&cross;</span> Failed: <strong>5</strong>
        </span>
    </div>
    <span class="testGroupsTitle">Test Groups:</span>
    <span class="testExecutionDate">June 1, 2023 18:37:32</span>
</div>
<div class="testReportContainer">
    <div class="cardContainer">
        <div id="testResults">
            
                <div class="testResultGroup  skipped" id="0"></div>
            
                <div class="testResultGroup  " id="1"></div>
            
                <div class="testResultGroup  skipped" id="2"></div>
            
                <div class="testResultGroup  " id="3"></div>
            
                <div class="testResultGroup  " id="4"></div>
            
                <div class="testResultGroup failed " id="5"></div>
            
                <div class="testResultGroup failed " id="6"></div>
            
                <div class="testResultGroup  skipped" id="7"></div>
            
                <div class="testResultGroup failed " id="8"></div>
            
                <div class="testResultGroup failed " id="9"></div>
            
                <div class="testResultGroup failed " id="10"></div>
            
        </div>
    </div>
    <div class="cardContainer testGroupList" id="testGroupList"></div>
</div>
<script type="application/javascript">
    /**
 * @typedef TestStatus
 * @property {string} TestName
 * @property {string} Package
 * @property {number} ElapsedTime
 * @property {Array.<string>} Output
 * @property {boolean} Passed
 * @property {boolean} Skipped
 */
class TestStatus {}

/**
 * @typedef TestGroupData
 * @type {object}
 * @property {string} FailureIndicator
 * @property {string} SkippedIndicator
 * @property {Array.<TestStatus>}
 */
class TestGroupData {}

/**
 * @typedef TestResults
 * @type {Array.<TestGroupData>}
 */
class TestResults extends Array {}

/**
 * @typedef SelectedItems
 * @property {HTMLElement|EventTarget} testResults
 * @property {String} selectedTestGroupColor
 */
class SelectedItems {}

/**
 * @typedef GoTestReportElements
 * @property {TestResults} data
 * @property {HTMLElement} testResultsElem
 * @property {HTMLElement} testGroupListElem
 */
class GoTestReportElements {}


/**
 * Main entry point for GoTestReport.
 * @param {GoTestReportElements} elements
 * @returns {{testResultsClickHandler: testResultsClickHandler}}
 * @constructor
 */
window.GoTestReport = function (elements) {
  const /**@type {SelectedItems}*/ selectedItems = {
    testResults: null,
    selectedTestGroupColor: null
  }

  function addEventData(event) {
    if (event.data == null) {
      event.data = {target: event.target}
    }
    return event
  }


  const goTestReport = {
    /**
     * Invoked when a user clicks on one of the test group div elements.
     * @param {HTMLElement} target The element associated with the test group.
     * @param {boolean} shiftKey If pressed, all of test detail associated to the test group is shown.
     * @param {TestResults} data
     * @param {SelectedItems} selectedItems
     * @param {function(target: Element, data: TestResults)} testGroupListHandler
     */
    testResultsClickHandler: function (target,
                                       shiftKey,
                                       data,
                                       selectedItems,
                                       testGroupListHandler) {

      if (target.classList.contains('testResultGroup') === false) {
        return
      }
      if (selectedItems.testResults != null) {
        let testResultsElement = /**@type {HTMLElement}*/ selectedItems.testResults
        testResultsElement.classList.remove("selected")
        testResultsElement.style.backgroundColor = selectedItems.selectedTestGroupColor
      }
      const testGroupId = /**@type {number}*/ target.id
      if ((target.id === undefined)
        || (data[testGroupId] === undefined)
        || (data[testGroupId]['TestResults'] === undefined)) {
        return
      }
      const testResults = /**@type {TestResults}*/ data[testGroupId]['TestResults']
      let testGroupList = /**@type {string}*/ ''
      selectedItems.selectedTestGroupColor = getComputedStyle(target).getPropertyValue('background-color')
      selectedItems.testResults = target
      target.classList.add("selected")
      for (let i = 0; i < testResults.length; i++) {
        const testResult = /**@type {TestGroupData}*/ testResults[i]
        const testPassed = /**@type {boolean}*/ testResult.Passed
        const testSkipped = /**@type {boolean}*/ testResult.Skipped
        const testPassedStatus = /**@type {string}*/ (testPassed) ? '' : (testSkipped ? 'skipped' : 'failed')
        const testId = /**@type {string}*/ target.attributes['id'].value
        testGroupList += `<div class="testGroupRow ${testPassedStatus}" data-groupid="${testId}" data-index="${i}">
        <span class="testStatus ${testPassedStatus}">${(testPassed) ? '&check' : (testSkipped ? '&dash' : '&cross')};</span>
        <span class="testTitle">${testResult.TestName}</span>
        <span class="testDuration"><span>${testResult.ElapsedTime}s </span>‚è±</span>
      </div>`
      }
      const testGroupListElem = elements.testGroupListElem
      testGroupListElem.innerHTML = ''
      testGroupListElem.innerHTML = testGroupList

      if (shiftKey) {
        testGroupListElem.querySelectorAll('.testGroupRow')
                         .forEach((elem) => testGroupListHandler(elem, data))
      } else if (testResults.length === 1) {
        testGroupListHandler(testGroupListElem.querySelector('.testGroupRow'), data)
      }
    },

    /**
     *
     * @param {Element} target
     * @param {TestResults} data
     */
    testGroupListHandler: function (target, data) {
      const attribs = target['attributes']
      if (attribs.hasOwnProperty('data-groupid')) {
        const groupId = /**@type {number}*/ attribs['data-groupid'].value
        const testIndex = /**@type {number}*/ attribs['data-index'].value
        const testStatus = /**@type {TestStatus}*/ data[groupId]['TestResults'][testIndex]
        const testOutputDiv = /**@type {HTMLDivElement}*/ target.querySelector('div.testOutput')

        if (testOutputDiv == null) {
          const testOutputDiv = document.createElement('div')
          testOutputDiv.classList.add('testOutput')
          const consolePre = document.createElement('pre')
          consolePre.classList.add('console')
          const testDetailDiv = document.createElement('div')
          testDetailDiv.classList.add('testDetail')
          const packageNameDiv = document.createElement('div')
          packageNameDiv.classList.add('package')
          packageNameDiv.innerHTML = `<strong>Package:</strong> ${testStatus.Package}`
          const testFileNameDiv = document.createElement('div')
          testFileNameDiv.classList.add('filename')
          if (testStatus.TestFileName.trim() === "") {
            testFileNameDiv.innerHTML = `<strong>Filename:</strong> n/a &nbsp;&nbsp;`
          } else {
            testFileNameDiv.innerHTML = `<strong>Filename:</strong> ${testStatus.TestFileName} &nbsp;&nbsp;`
            testFileNameDiv.innerHTML += `<strong>Line:</strong> ${testStatus.TestFunctionDetail.Line} `
            testFileNameDiv.innerHTML += `<strong>Col:</strong> ${testStatus.TestFunctionDetail.Col}`
          }
          testDetailDiv.insertAdjacentElement('beforeend', packageNameDiv)
          testDetailDiv.insertAdjacentElement('beforeend', testFileNameDiv)
          testOutputDiv.insertAdjacentElement('afterbegin', consolePre)
          testOutputDiv.insertAdjacentElement('beforeend', testDetailDiv)
          target.insertAdjacentElement('beforeend', testOutputDiv)

          if (testStatus.Passed) {
            consolePre.classList.remove('skipped')
            consolePre.classList.remove('failed')
          } else if (testStatus.Skipped) {
            consolePre.classList.add('skipped')
            consolePre.classList.remove('failed')
          } else {
            consolePre.classList.remove('skipped')
            consolePre.classList.add('failed')
          }
          consolePre.textContent = testStatus.Output.join('')
        } else {
          testOutputDiv.remove()
        }
      }
    }
  }

  //+------------------------+
  //|    setup DOM events    |
  //+------------------------+
  elements.testResultsElem
          .addEventListener('click', event =>
            goTestReport.testResultsClickHandler(/**@type {HTMLElement}*/ addEventData(event).data.target,
                                                 event.shiftKey,
                                                 elements.data,
                                                 selectedItems,
                                                 goTestReport.testGroupListHandler))

  elements.testGroupListElem
          .addEventListener('click', event =>
            goTestReport.testGroupListHandler(/**@type {Element}*/ event.target,
                                              elements.data))

  return goTestReport
}


    

    const data = [{"FailureIndicator":"","SkippedIndicator":"skipped","TestResults":[{"TestName":"Test___FlakyBrokenScenarios","Package":"github.com/0chain/system_test/tests/cli_tests","ElapsedTime":0,"Output":["","    flaky___broken_scenarios_test.go:30: \n","--- SKIP: Test___FlakyBrokenScenarios (0.00s)\n",""],"Passed":false,"Skipped":true,"TestFileName":"flaky___broken_scenarios_test.go","TestFunctionDetail":{"Line":27,"Col":1}}]},{"FailureIndicator":"","SkippedIndicator":"","TestResults":[{"TestName":"Test___FlakyFileCopy","Package":"github.com/0chain/system_test/tests/cli_tests","ElapsedTime":0,"Output":["","--- PASS: Test___FlakyFileCopy (0.00s)",""],"Passed":true,"Skipped":false,"TestFileName":"flaky___flaky_test.go","TestFunctionDetail":{"Line":411,"Col":1}}]},{"FailureIndicator":"","SkippedIndicator":"skipped","TestResults":[{"TestName":"Test___FlakyFileCopy/File_copy_-_Users_should_not_be_charged_for_moving_a_file_","Package":"github.com/0chain/system_test/tests/cli_tests","ElapsedTime":0,"Output":["","    flaky___flaky_test.go:415: Test case [File copy - Users should not be charged for moving a file ] scheduled at [06-01-2023 18:35:51] \n","","","    system_test_framework.go:149: Test case [File copy - Users should not be charged for moving a file ] start at [06-01-2023 18:35:51] \n","    flaky___flaky_test.go:416: Test calculations are flaky in  CLI\n","    flaky___flaky_test.go:415: Test case [File copy - Users should not be charged for moving a file ] exit at [06-01-2023 18:35:51]\n","--- SKIP: Test___FlakyFileCopy/File_copy_-_Users_should_not_be_charged_for_moving_a_file_ (0.00s)\n",""],"Passed":false,"Skipped":true,"TestFileName":"","TestFunctionDetail":{"Line":0,"Col":0}}]},{"FailureIndicator":"","SkippedIndicator":"","TestResults":[{"TestName":"Test___FlakyFileDelete","Package":"github.com/0chain/system_test/tests/cli_tests","ElapsedTime":0,"Output":["","--- PASS: Test___FlakyFileDelete (0.00s)",""],"Passed":true,"Skipped":false,"TestFileName":"flaky___flaky_test.go","TestFunctionDetail":{"Line":242,"Col":1}}]},{"FailureIndicator":"","SkippedIndicator":"","TestResults":[{"TestName":"Test___FlakyFileDelete/Delete_file_concurrently_in_existing_directory,_should_work","Package":"github.com/0chain/system_test/tests/cli_tests","ElapsedTime":98.33,"Output":["","    flaky___flaky_test.go:246: Test case [Delete file concurrently in existing directory, should work] scheduled at [06-01-2023 18:34:12] \n","","","    system_test_framework.go:149: Test case [Delete file concurrently in existing directory, should work] start at [06-01-2023 18:34:12] \n","    zwalletcli_register_wallet_test.go:123: creating wallet...\n","    zboxcli_update_allocation_test.go:1005: Executing faucet...\n","    zwalletcli_register_wallet_test.go:140: faucet output: [No wallet in path  config/Test___FlakyFileDelete-Delete_file_concurrently_in_existing_directory,_should_work_wallet.json found. Creating wallet... ZCN wallet created!! Execute faucet smart contract success with txn :  89854b96939d22a5fecb7f238d414f47d556583346bed1831ba19a03773d60b8]\n","    zboxcli_update_allocation_test.go:1005: Executing faucet...\n","    zboxcli_create_allocation_test.go:459: Creating new allocation...\n","    zboxcli_file_upload_test.go:959: Uploading file /tmp/8GtduI6l2C_test.txt to allocation 71c36be0b5c56f3cd465da980ac29f83da86be7c9d66139bdbc528c3251a6fc9 with remotepath /8GtduI6l2C_test.txt\n","    zboxcli_file_upload_test.go:917: Uploading file...\n","    zboxcli_file_upload_test.go:959: Uploading file /tmp/w5IFu-6864_test.txt to allocation 71c36be0b5c56f3cd465da980ac29f83da86be7c9d66139bdbc528c3251a6fc9 with remotepath /w5IFu-6864_test.txt\n","    zboxcli_file_upload_test.go:917: Uploading file...\n","    utils.go:67: \u001b[33mCommand failed on attempt [1/3] due to error [exit status 1]. Output: [0 / 256    0.00% 0 / 256    0.00% 0s -\u003cNEWLINE\u003e- Error in file operation: upload_failed: Upload failed. bad request: {\"code\":\"invalid_parameters\",\"error\":\"invalid_parameters: Invalid allocation id passed.verify_allocation: verifying allocation transaction error: ERROR: duplicate key value violates unique constraint \\\"allocations_pkey\\\" (SQLSTATE 23505)\"} -\u003cNEWLINE\u003e- Upload failed. upload_failed: Upload failed. bad request: {\"code\":\"invalid_parameters\",\"error\":\"invalid_parameters: Invalid allocation id passed.verify_allocation: verifying allocation transaction error: ERROR: duplicate key value violates unique constraint \\\"allocations_pkey\\\" (SQLSTATE 23505)\"}]\n","    utils.go:67: \u001b[33mCommand failed on attempt [1/3] due to error [exit status 1]. Output: [0 / 256    0.00% 0 / 256    0.00% 0s -\u003cNEWLINE\u003e- Error in file operation: upload_failed: Upload failed. bad request: {\"code\":\"invalid_parameters\",\"error\":\"invalid_parameters: Invalid allocation id passed.verify_allocation: verifying allocation transaction error: ERROR: duplicate key value violates unique constraint \\\"allocations_pkey\\\" (SQLSTATE 23505)\"} -\u003cNEWLINE\u003e- Upload failed. upload_failed: Upload failed. bad request: {\"code\":\"invalid_parameters\",\"error\":\"invalid_parameters: Invalid allocation id passed.verify_allocation: verifying allocation transaction error: ERROR: duplicate key value violates unique constraint \\\"allocations_pkey\\\" (SQLSTATE 23505)\"}]\n","    utils.go:63: \u001b[32mCommand passed on retry [2/3]. Output: [0 / 256    0.00% 256 / 256  100.00% 0s -\u003cNEWLINE\u003e- Status completed callback. Type = application/octet-stream. Name = w5IFu-6864_test.txt]\n","    zboxcli_file_delete_test.go:344: Deleting file...\n","    utils.go:63: \u001b[32mCommand passed on retry [2/3]. Output: [0 / 256    0.00% 256 / 256  100.00% 256 / 256  100.00% 10s -\u003cNEWLINE\u003e- Status completed callback. Type = application/octet-stream. Name = 8GtduI6l2C_test.txt]\n","    zboxcli_file_delete_test.go:344: Deleting file...\n","    utils.go:138: Waiting 10s...\n","    zboxcli_list_file_test.go:638: Listing individual file in allocation...\n","    utils.go:67: \u001b[33mCommand failed on attempt [1/3] due to error [exit status 1]. Output: [error from server list response: {\"code\":\"invalid_parameters\",\"error\":\"invalid_parameters: Invalid path record not found\"}]\n","    utils.go:67: \u001b[33mCommand failed on attempt [2/3] due to error [exit status 1]. Output: [error from server list response: {\"code\":\"invalid_parameters\",\"error\":\"invalid_parameters: Invalid path record not found\"}]\n","    utils.go:70: \u001b[31mCommand failed on final attempt [3/3] due to error [exit status 1]. Command String: [./zbox list --allocation 71c36be0b5c56f3cd465da980ac29f83da86be7c9d66139bdbc528c3251a6fc9 --remotepath /w5IFu-6864_test.txt --json --silent --wallet Test___FlakyFileDelete-Delete_file_concurrently_in_existing_directory,_should_work_wallet.json --configDir ./config --config ./zbox_config.yaml] Output: [error from server list response: {\"code\":\"invalid_parameters\",\"error\":\"invalid_parameters: Invalid path record not found\"}]\n","    utils.go:73: \u001b[31mThe verbose output for the command is:\n","    utils.go:77: \u001b[31m0chain-core-sdk [INFO]   2023/06/01 18:35:36.849971 wallet_base.go:310: ******* Wallet SDK Version:v1.8.16-38-g5ea0bf75 ******* (SetLogFile)\n","    utils.go:77: \u001b[31m0box-sdk        [INFO]   2023/06/01 18:35:36.850019 sdk.go:78: ******* Storage SDK Version: v1.8.16-38-g5ea0bf75 *******\n","    utils.go:77: \u001b[31m0chain-core-sdk [INFO]   2023/06/01 18:35:36.877097 transaction_base.go:139: ******* Wallet SDK Version:v1.8.16-38-g5ea0bf75 ******* (InitZCNSDK)\n","    utils.go:77: \u001b[31m0box-sdk        [DEBUG]  2023/06/01 18:35:36.886642 networkworker.go:105: Get network result:{\"miners\":[\"https://dev-1.devnet-0chain.net/miner01\",\"https://dev-1.devnet-0chain.net/miner03\",\"https://dev-1.devnet-0chain.net/miner02\"],\"sharders\":[\"https://dev-1.devnet-0chain.net/sharder02\",\"https://dev-1.devnet-0chain.net/sharder01\"]}\n","    utils.go:77: \u001b[31m0box-sdk        [DEBUG]  2023/06/01 18:35:37.007937 listworker.go:111: List result:{\"code\":\"invalid_parameters\",\"error\":\"invalid_parameters: Invalid path record not found\"}\n","    utils.go:77: \u001b[31m0box-sdk        [DEBUG]  2023/06/01 18:35:37.009737 listworker.go:111: List result:{\"code\":\"invalid_parameters\",\"error\":\"invalid_parameters: Invalid path record not found\"}\n","    utils.go:77: \u001b[31m0box-sdk        [DEBUG]  2023/06/01 18:35:37.010150 listworker.go:111: List result:{\"code\":\"invalid_parameters\",\"error\":\"invalid_parameters: Invalid path record not found\"}\n","    utils.go:77: \u001b[31merror from server list response: {\"code\":\"invalid_parameters\",\"error\":\"invalid_parameters: Invalid path record not found\"}\n","    utils.go:138: Waiting 10s...\n","    zboxcli_list_file_test.go:638: Listing individual file in allocation...\n","    utils.go:67: \u001b[33mCommand failed on attempt [1/3] due to error [exit status 1]. Output: [error from server list response: {\"code\":\"invalid_parameters\",\"error\":\"invalid_parameters: Invalid path record not found\"}]\n","    utils.go:67: \u001b[33mCommand failed on attempt [2/3] due to error [exit status 1]. Output: [error from server list response: {\"code\":\"invalid_parameters\",\"error\":\"invalid_parameters: Invalid path record not found\"}]\n","    utils.go:70: \u001b[31mCommand failed on final attempt [3/3] due to error [exit status 1]. Command String: [./zbox list --allocation 71c36be0b5c56f3cd465da980ac29f83da86be7c9d66139bdbc528c3251a6fc9 --remotepath /8GtduI6l2C_test.txt --json --silent --wallet Test___FlakyFileDelete-Delete_file_concurrently_in_existing_directory,_should_work_wallet.json --configDir ./config --config ./zbox_config.yaml] Output: [error from server list response: {\"code\":\"invalid_parameters\",\"error\":\"invalid_parameters: Invalid path record not found\"}]\n","    utils.go:73: \u001b[31mThe verbose output for the command is:\n","    utils.go:77: \u001b[31m0chain-core-sdk [INFO]   2023/06/01 18:35:51.272806 wallet_base.go:310: ******* Wallet SDK Version:v1.8.16-38-g5ea0bf75 ******* (SetLogFile)\n","    utils.go:77: \u001b[31m0box-sdk        [INFO]   2023/06/01 18:35:51.272873 sdk.go:78: ******* Storage SDK Version: v1.8.16-38-g5ea0bf75 *******\n","    utils.go:77: \u001b[31m0chain-core-sdk [INFO]   2023/06/01 18:35:51.296505 transaction_base.go:139: ******* Wallet SDK Version:v1.8.16-38-g5ea0bf75 ******* (InitZCNSDK)\n","    utils.go:77: \u001b[31m0box-sdk        [DEBUG]  2023/06/01 18:35:51.303269 networkworker.go:105: Get network result:{\"miners\":[\"https://dev-1.devnet-0chain.net/miner02\",\"https://dev-1.devnet-0chain.net/miner01\",\"https://dev-1.devnet-0chain.net/miner03\"],\"sharders\":[\"https://dev-1.devnet-0chain.net/sharder02\",\"https://dev-1.devnet-0chain.net/sharder01\"]}\n","    utils.go:77: \u001b[31m0box-sdk        [DEBUG]  2023/06/01 18:35:51.315176 listworker.go:111: List result:{\"code\":\"invalid_parameters\",\"error\":\"invalid_parameters: Invalid path record not found\"}\n","    utils.go:77: \u001b[31m0box-sdk        [DEBUG]  2023/06/01 18:35:51.315241 listworker.go:111: List result:{\"code\":\"invalid_parameters\",\"error\":\"invalid_parameters: Invalid path record not found\"}\n","    utils.go:77: \u001b[31m0box-sdk        [DEBUG]  2023/06/01 18:35:51.320258 listworker.go:111: List result:{\"code\":\"invalid_parameters\",\"error\":\"invalid_parameters: Invalid path record not found\"}\n","    utils.go:77: \u001b[31m0box-sdk        [DEBUG]  2023/06/01 18:35:51.320302 listworker.go:111: List result:{\"code\":\"invalid_parameters\",\"error\":\"invalid_parameters: Invalid path record not found\"}\n","    utils.go:77: \u001b[31merror from server list response: {\"code\":\"invalid_parameters\",\"error\":\"invalid_parameters: Invalid path record not found\"}\n","    flaky___flaky_test.go:246: Test case [Delete file concurrently in existing directory, should work] exit at [06-01-2023 18:35:51]\n","--- PASS: Test___FlakyFileDelete/Delete_file_concurrently_in_existing_directory,_should_work (98.33s)",""],"Passed":true,"Skipped":false,"TestFileName":"","TestFunctionDetail":{"Line":0,"Col":0}}]},{"FailureIndicator":"failed","SkippedIndicator":"","TestResults":[{"TestName":"Test___FlakyFileRename","Package":"github.com/0chain/system_test/tests/cli_tests","ElapsedTime":0,"Output":["","","",""],"Passed":false,"Skipped":false,"TestFileName":"flaky___flaky_test.go","TestFunctionDetail":{"Line":306,"Col":1}}]},{"FailureIndicator":"failed","SkippedIndicator":"","TestResults":[{"TestName":"Test___FlakyFileRename/Rename_and_delete_file_concurrently,_should_work","Package":"github.com/0chain/system_test/tests/cli_tests","ElapsedTime":100.54,"Output":["","    flaky___flaky_test.go:312: Test case [Rename and delete file concurrently, should work] scheduled at [06-01-2023 18:35:51] \n","","","    system_test_framework.go:149: Test case [Rename and delete file concurrently, should work] start at [06-01-2023 18:35:51] \n","    zwalletcli_register_wallet_test.go:123: creating wallet...\n","    zboxcli_update_allocation_test.go:1005: Executing faucet...\n","    zwalletcli_register_wallet_test.go:140: faucet output: [No wallet in path  config/Test___FlakyFileRename-Rename_and_delete_file_concurrently,_should_work_wallet.json found. Creating wallet... ZCN wallet created!! Execute faucet smart contract success with txn :  f7dd811e3c1ae6c197dee17f1aff49466b87aae0917dbdbb0de79a453bcc905c]\n","    zboxcli_update_allocation_test.go:1005: Executing faucet...\n","    zboxcli_create_allocation_test.go:459: Creating new allocation...\n","    zboxcli_file_upload_test.go:959: Uploading file /tmp/ZcFlb911sy_test.txt to allocation 0ed00a7c682670dd2d8735c96aa33e1f56b4957f7300ba4bddc782b52a20f521 with remotepath /ZcFlb911sy_test.txt\n","    zboxcli_file_upload_test.go:917: Uploading file...\n","    zboxcli_file_upload_test.go:959: Uploading file /tmp/RBZvQMXEkd_test.txt to allocation 0ed00a7c682670dd2d8735c96aa33e1f56b4957f7300ba4bddc782b52a20f521 with remotepath /RBZvQMXEkd_test.txt\n","    zboxcli_file_upload_test.go:917: Uploading file...\n","    zboxcli_file_upload_test.go:959: Uploading file /tmp/EaZITDRyLs_test.txt to allocation 0ed00a7c682670dd2d8735c96aa33e1f56b4957f7300ba4bddc782b52a20f521 with remotepath /EaZITDRyLs_test.txt\n","    zboxcli_file_upload_test.go:917: Uploading file...\n","    zboxcli_file_upload_test.go:959: Uploading file /tmp/AnLb7yrSqu_test.txt to allocation 0ed00a7c682670dd2d8735c96aa33e1f56b4957f7300ba4bddc782b52a20f521 with remotepath /AnLb7yrSqu_test.txt\n","    zboxcli_file_upload_test.go:917: Uploading file...\n","    zboxcli_file_delete_test.go:344: Deleting file...\n","    zboxcli_common_user_functions_test.go:180: Renaming file...\n","    zboxcli_file_delete_test.go:344: Deleting file...\n","    zboxcli_common_user_functions_test.go:180: Renaming file...\n","    utils.go:67: \u001b[33mCommand failed on attempt [1/3] due to error [exit status 1]. Output: [Delete failed. consensus_not_met: Consensus on commit not met. Required 3, got 2]\n","    utils.go:67: \u001b[33mCommand failed on attempt [1/3] due to error [exit status 1]. Output: [consensus_not_met: Required consensus 3 got 2. Error: commit_error: Got error response {\"error\":\"allocation_root_mismatch: Allocation root in the write marker does not match the calculated allocation root. Expected hash: 65cf39df8415ca28dc45c152aecdb6b79f920fff155e4a0ba5c3064dcc927dab\"} -\u003cNEWLINE\u003e- with status 400\tcommit_error: Got error response {\"error\":\"allocation_root_mismatch: Allocation root in the write marker does not match the calculated allocation root. Expected hash: af345690a710f1e42562591da524a42cec1cee5144cd3b1563c328c2c953abbd\"} -\u003cNEWLINE\u003e- with status 400]\n","    utils.go:67: \u001b[33mCommand failed on attempt [2/3] due to error [exit status 1]. Output: [rename_failed: Rename failed. ref not found: /RBZvQMXEkd_test.txt]\n","    utils.go:63: \u001b[32mCommand passed on retry [2/3]. Output: [/AnLb7yrSqu_test.txt deleted]\n","    utils.go:70: \u001b[31mCommand failed on final attempt [3/3] due to error [exit status 1]. Command String: [./zbox rename --allocation 0ed00a7c682670dd2d8735c96aa33e1f56b4957f7300ba4bddc782b52a20f521 --remotepath /RBZvQMXEkd_test.txt --destname u0Nf1mFqcc_test.txt --silent --wallet Test___FlakyFileRename-Rename_and_delete_file_concurrently,_should_work_wallet.json --configDir ./config --config ./zbox_config.yaml] Output: [rename_failed: Rename failed. ref not found: /RBZvQMXEkd_test.txt]\n","    utils.go:73: \u001b[31mThe verbose output for the command is:\n","    utils.go:77: \u001b[31m0chain-core-sdk [INFO]   2023/06/01 18:37:31.797686 wallet_base.go:310: ******* Wallet SDK Version:v1.8.16-38-g5ea0bf75 ******* (SetLogFile)\n","    utils.go:77: \u001b[31m0box-sdk        [INFO]   2023/06/01 18:37:31.797750 sdk.go:78: ******* Storage SDK Version: v1.8.16-38-g5ea0bf75 *******\n","    utils.go:77: \u001b[31m0chain-core-sdk [INFO]   2023/06/01 18:37:31.817059 transaction_base.go:139: ******* Wallet SDK Version:v1.8.16-38-g5ea0bf75 ******* (InitZCNSDK)\n","    utils.go:77: \u001b[31m0box-sdk        [DEBUG]  2023/06/01 18:37:31.825613 networkworker.go:105: Get network result:{\"miners\":[\"https://dev-1.devnet-0chain.net/miner01\",\"https://dev-1.devnet-0chain.net/miner03\",\"https://dev-1.devnet-0chain.net/miner02\"],\"sharders\":[\"https://dev-1.devnet-0chain.net/sharder02\",\"https://dev-1.devnet-0chain.net/sharder01\"]}\n","    utils.go:77: \u001b[31m0box-sdk        \u001b[31m[ERROR]  2023/06/01 18:37:31.842107 common.go:37: Object tree response : 404\u001b[0m\n","    utils.go:77: \u001b[31m0box-sdk        \u001b[31m[ERROR]  2023/06/01 18:37:31.842163 renameworker.go:175: ref not found: /RBZvQMXEkd_test.txt\u001b[0m\n","    utils.go:77: \u001b[31m0box-sdk        \u001b[31m[ERROR]  2023/06/01 18:37:31.848098 common.go:37: Object tree response : 404\u001b[0m\n","    utils.go:77: \u001b[31m0box-sdk        \u001b[31m[ERROR]  2023/06/01 18:37:31.848149 renameworker.go:175: ref not found: /RBZvQMXEkd_test.txt\u001b[0m\n","    utils.go:77: \u001b[31m0box-sdk        [INFO]   2023/06/01 18:37:31.848203 common.go:50: Object tree:{\"meta_data\":{\"actual_file_hash\":\"95c94ba3ae0159cab0f9529f86d4b842642f313411e335620e4ccf8e7cdb6cc0\",\"actual_file_hash_signature\":\"e894112d612c33b595539f7a89a1436072175120da878d595eaa4350deaad39a\",\"actual_file_size\":256,\"actual_thumbnail_hash\":\"\",\"actual_thumbnail_size\":0,\"allocation_id\":\"0ed00a7c682670dd2d8735c96aa33e1f56b4957f7300ba4bddc782b52a20f521\",\"chunk_size\":65536,\"created_at\":1685644563,\"custom_meta\":\"\",\"encrypted_key\":\"\",\"file_id\":\"aab9f608-0b15-5493-af18-61115ce0cbc1\",\"file_meta_hash\":\"d693722d58423ea8e52aef19b4d5a35d1224158187d24c86aa7dc5bac844d56a\",\"fixed_merkle_root\":\"08e0588f358e7991a9902952d99fc0b81e4cc94ff136214fa1d6a1b860c563e7\",\"hash\":\"5a1dfd7f5f8f354bbcd2e45ba7f6dbd3821b296ca9b2265d26986a3655484c07\",\"is_precommit\":false,\"lookup_hash\":\"adff381e89bf1809164497b4fa49a3b0a78e8f8bc886f2ab2a74694f9a17a463\",\"mimetype\":\"application/octet-stream\",\"name\":\"RBZvQMXEkd_test.txt\",\"num_of_blocks\":1,\"path\":\"/","RBZvQMXEkd_test.txt\",\"path_hash\":\"adff381e89bf1809164497b4fa49a3b0a78e8f8bc886f2ab2a74694f9a17a463\",\"prev_thumbnail_hash\":\"\",\"prev_validation_root\":\"b6b085dea76764b5a85bfc4d9fecd5d276b4c9165fb383ac4f841b766232cb9a\",\"size\":128,\"thumbnail_hash\":\"\",\"thumbnail_size\":0,\"type\":\"f\",\"updated_at\":1685644563,\"validation_root\":\"b6b085dea76764b5a85bfc4d9fecd5d276b4c9165fb383ac4f841b766232cb9a\",\"validation_root_signature\":\"b19233650ed8e414e3b3b91a1d6f34b5086ac12e958759acb6c4f44262284a1a\"},\"Ref\":{\"ID\":40,\"FileID\":\"aab9f608-0b15-5493-af18-61115ce0cbc1\",\"Type\":\"f\",\"AllocationID\":\"0ed00a7c682670dd2d8735c96aa33e1f56b4957f7300ba4bddc782b52a20f521\",\"LookupHash\":\"adff381e89bf1809164497b4fa49a3b0a78e8f8bc886f2ab2a74694f9a17a463\",\"Name\":\"RBZvQMXEkd_test.txt\",\"Path\":\"/RBZvQMXEkd_test.txt\",\"FileMetaHash\":\"d693722d58423ea8e52aef19b4d5a35d1224158187d24c86aa7dc5bac844d56a\",\"Hash\":\"5a1dfd7f5f8f354bbcd2e45ba7f6dbd3821b296ca9b2265d26986a3655484c07\",\"NumBlocks\":1,\"PathHash\":\"adff381e89bf1809164497b4fa49a3b0a78e8f8bc886f2ab2a74694f9a17a463\",","\"ParentPath\":\"/\",\"PathLevel\":2,\"CustomMeta\":\"\",\"ValidationRoot\":\"b6b085dea76764b5a85bfc4d9fecd5d276b4c9165fb383ac4f841b766232cb9a\",\"prev_validation_root\":\"b6b085dea76764b5a85bfc4d9fecd5d276b4c9165fb383ac4f841b766232cb9a\",\"validation_root_signature\":\"b19233650ed8e414e3b3b91a1d6f34b5086ac12e958759acb6c4f44262284a1a\",\"Size\":128,\"FixedMerkleRoot\":\"08e0588f358e7991a9902952d99fc0b81e4cc94ff136214fa1d6a1b860c563e7\",\"ActualFileSize\":256,\"actual_file_hash_signature\":\"e894112d612c33b595539f7a89a1436072175120da878d595eaa4350deaad39a\",\"ActualFileHash\":\"95c94ba3ae0159cab0f9529f86d4b842642f313411e335620e4ccf8e7cdb6cc0\",\"MimeType\":\"application/octet-stream\",\"AllocationRoot\":\"f728cadf8d79dbbb0bd928a15cf3739d0eeaa35c0b28a0d4c70dabc12192da36\",\"ThumbnailSize\":0,\"ThumbnailHash\":\"\",\"PrevThumbnailHash\":\"\",\"ActualThumbnailSize\":0,\"ActualThumbnailHash\":\"\",\"EncryptedKey\":\"\",\"Children\":null,\"CreatedAt\":1685644563,\"UpdatedAt\":1685644563,\"DeletedAt\":null,\"IsPrecommit\":false,\"ChunkSize\":65536,\"HashToBeComputed\":false},\"latest_write_marke","r\":{\"allocation_root\":\"8a13198445b394d0a5579013e1f790053c1a403fc7d2addde04144022705d07f\",\"prev_allocation_root\":\"23a614a8efa3cc7f3695e7e6f8a57bfcf10db76f84bfe8c9f888efcc72e5f7f2\",\"file_meta_root\":\"1aaf772213d094144225c1a4ddcbb7710bd4903c314f32818e65398f19c6c50c\",\"allocation_id\":\"0ed00a7c682670dd2d8735c96aa33e1f56b4957f7300ba4bddc782b52a20f521\",\"size\":-128,\"blobber_id\":\"5064a8e0ce29a8e92d43a93c6b8a0a786e89d53642df65ad721ebd6915d32671\",\"timestamp\":1685644613,\"client_id\":\"79ac2b456faca529d32531c9c872559fa9069ebd3cc4df20ce5a61b023d39c9e\",\"signature\":\"e9f3ed0da21f662b0135805aeb972a2a27f9a6d96b2185a3de3782a98792d71a\"}}\n","    utils.go:77: \u001b[31m0box-sdk        [INFO]   2023/06/01 18:37:31.853261 renameworker.go:126: https://dev-1.devnet-0chain.net/blobber02 /RBZvQMXEkd_test.txt renamed.\n","    utils.go:77: \u001b[31m0box-sdk        [INFO]   2023/06/01 18:37:31.854065 common.go:50: Object tree:{\"meta_data\":{\"actual_file_hash\":\"95c94ba3ae0159cab0f9529f86d4b842642f313411e335620e4ccf8e7cdb6cc0\",\"actual_file_hash_signature\":\"e894112d612c33b595539f7a89a1436072175120da878d595eaa4350deaad39a\",\"actual_file_size\":256,\"actual_thumbnail_hash\":\"\",\"actual_thumbnail_size\":0,\"allocation_id\":\"0ed00a7c682670dd2d8735c96aa33e1f56b4957f7300ba4bddc782b52a20f521\",\"chunk_size\":65536,\"created_at\":1685644563,\"custom_meta\":\"\",\"encrypted_key\":\"\",\"file_id\":\"aab9f608-0b15-5493-af18-61115ce0cbc1\",\"file_meta_hash\":\"d693722d58423ea8e52aef19b4d5a35d1224158187d24c86aa7dc5bac844d56a\",\"fixed_merkle_root\":\"64ce51a035f287e1938ddc2b1b289f4efea7c3a363d1efde9f4bf73be258b028\",\"hash\":\"bd3f77624dd24770b3e1b0d8d036d99f4a4d54d470be0421bf9190e7a46368ef\",\"is_precommit\":false,\"lookup_hash\":\"adff381e89bf1809164497b4fa49a3b0a78e8f8bc886f2ab2a74694f9a17a463\",\"mimetype\":\"application/octet-stream\",\"name\":\"RBZvQMXEkd_test.txt\",\"num_of_blocks\":1,\"path\":\"/","RBZvQMXEkd_test.txt\",\"path_hash\":\"adff381e89bf1809164497b4fa49a3b0a78e8f8bc886f2ab2a74694f9a17a463\",\"prev_thumbnail_hash\":\"\",\"prev_validation_root\":\"fe465ed212387d836d0b3f0fdd0dbae9e16938864825960918f9afe562e95c40\",\"size\":128,\"thumbnail_hash\":\"\",\"thumbnail_size\":0,\"type\":\"f\",\"updated_at\":1685644563,\"validation_root\":\"fe465ed212387d836d0b3f0fdd0dbae9e16938864825960918f9afe562e95c40\",\"validation_root_signature\":\"5fff1e68ec2d3706ff34c33bb7ae230243ffc058b1583774d00375b2a9ae761f\"},\"Ref\":{\"ID\":32,\"FileID\":\"aab9f608-0b15-5493-af18-61115ce0cbc1\",\"Type\":\"f\",\"AllocationID\":\"0ed00a7c682670dd2d8735c96aa33e1f56b4957f7300ba4bddc782b52a20f521\",\"LookupHash\":\"adff381e89bf1809164497b4fa49a3b0a78e8f8bc886f2ab2a74694f9a17a463\",\"Name\":\"RBZvQMXEkd_test.txt\",\"Path\":\"/RBZvQMXEkd_test.txt\",\"FileMetaHash\":\"d693722d58423ea8e52aef19b4d5a35d1224158187d24c86aa7dc5bac844d56a\",\"Hash\":\"bd3f77624dd24770b3e1b0d8d036d99f4a4d54d470be0421bf9190e7a46368ef\",\"NumBlocks\":1,\"PathHash\":\"adff381e89bf1809164497b4fa49a3b0a78e8f8bc886f2ab2a74694f9a17a463\",","\"ParentPath\":\"/\",\"PathLevel\":2,\"CustomMeta\":\"\",\"ValidationRoot\":\"fe465ed212387d836d0b3f0fdd0dbae9e16938864825960918f9afe562e95c40\",\"prev_validation_root\":\"fe465ed212387d836d0b3f0fdd0dbae9e16938864825960918f9afe562e95c40\",\"validation_root_signature\":\"5fff1e68ec2d3706ff34c33bb7ae230243ffc058b1583774d00375b2a9ae761f\",\"Size\":128,\"FixedMerkleRoot\":\"64ce51a035f287e1938ddc2b1b289f4efea7c3a363d1efde9f4bf73be258b028\",\"ActualFileSize\":256,\"actual_file_hash_signature\":\"e894112d612c33b595539f7a89a1436072175120da878d595eaa4350deaad39a\",\"ActualFileHash\":\"95c94ba3ae0159cab0f9529f86d4b842642f313411e335620e4ccf8e7cdb6cc0\",\"MimeType\":\"application/octet-stream\",\"AllocationRoot\":\"65114e48440280336cfc9bea33e98d0c460983ea202d8c2b0c971d6d76eeb0ec\",\"ThumbnailSize\":0,\"ThumbnailHash\":\"\",\"PrevThumbnailHash\":\"\",\"ActualThumbnailSize\":0,\"ActualThumbnailHash\":\"\",\"EncryptedKey\":\"\",\"Children\":null,\"CreatedAt\":1685644563,\"UpdatedAt\":1685644563,\"DeletedAt\":null,\"IsPrecommit\":false,\"ChunkSize\":65536,\"HashToBeComputed\":false},\"latest_write_marke","r\":{\"allocation_root\":\"16020c2ef4367638efcfaa94b1aa167b9998faa13572c9139b5ff71d1bfa64d7\",\"prev_allocation_root\":\"c2609a1570f378785a7c5dc31585be76e5b5c47d1f11694b9bacfed7ea4cc117\",\"file_meta_root\":\"1aaf772213d094144225c1a4ddcbb7710bd4903c314f32818e65398f19c6c50c\",\"allocation_id\":\"0ed00a7c682670dd2d8735c96aa33e1f56b4957f7300ba4bddc782b52a20f521\",\"size\":-128,\"blobber_id\":\"ff6424d80c49e57b7c2f0621b726f55efc6ca9ce327bdff89ef364adb8278b22\",\"timestamp\":1685644613,\"client_id\":\"79ac2b456faca529d32531c9c872559fa9069ebd3cc4df20ce5a61b023d39c9e\",\"signature\":\"5e702489b9b46229e03cf960936c4f9d1b5770d5846135384129b7f16847908b\"}}\n","    utils.go:77: \u001b[31m0box-sdk        [INFO]   2023/06/01 18:37:31.858687 renameworker.go:126: https://dev-1.devnet-0chain.net/blobber06 /RBZvQMXEkd_test.txt renamed.\n","    utils.go:77: \u001b[31mrename_failed: Rename failed. ref not found: /RBZvQMXEkd_test.txt\n","    assertions.go:264: \n","        \tError Trace:\t/root/actions-runner1/_work/system_test/system_test/tests/cli_tests/flaky___flaky_test.go:383\n","        \t            \t\t\t\t/root/actions-runner1/_work/system_test/system_test/tests/cli_tests/system_test_framework.go:150\n","        \t            \t\t\t\t/root/actions-runner1/_work/system_test/system_test/tests/cli_tests/asm_amd64.s:1598\n","        \tError:      \tExpected nil, but got: \u0026exec.ExitError{ProcessState:(*os.ProcessState)(0xc0000d0210), Stderr:[]uint8(nil)}\n","        \tTest:       \tTest___FlakyFileRename/Rename_and_delete_file_concurrently,_should_work\n","        \tMessages:   \trename_failed: Rename failed. ref not found: /RBZvQMXEkd_test.txt\n","    flaky___flaky_test.go:312: Test case [Rename and delete file concurrently, should work] exit at [06-01-2023 18:37:31]\n",""],"Passed":false,"Skipped":false,"TestFileName":"","TestFunctionDetail":{"Line":0,"Col":0}}]},{"FailureIndicator":"","SkippedIndicator":"skipped","TestResults":[{"TestName":"Test___FlakyScenariosCommonUserFunctions","Package":"github.com/0chain/system_test/tests/cli_tests","ElapsedTime":0,"Output":["","    flaky___flaky_test.go:25: \n","--- SKIP: Test___FlakyScenariosCommonUserFunctions (0.00s)\n",""],"Passed":false,"Skipped":true,"TestFileName":"flaky___flaky_test.go","TestFunctionDetail":{"Line":22,"Col":1}}]},{"FailureIndicator":"failed","SkippedIndicator":"","TestResults":[{"TestName":"Test___FlakyTransferAllocation","Package":"github.com/0chain/system_test/tests/cli_tests","ElapsedTime":0,"Output":["",""],"Passed":false,"Skipped":false,"TestFileName":"flaky___flaky_test.go","TestFunctionDetail":{"Line":90,"Col":1}}]},{"FailureIndicator":"failed","SkippedIndicator":"","TestResults":[{"TestName":"Test___FlakyTransferAllocation/transfer_allocation_accounting_test","Package":"github.com/0chain/system_test/tests/cli_tests","ElapsedTime":57.83,"Output":["","    flaky___flaky_test.go:94: Test case [transfer allocation accounting test] scheduled at [06-01-2023 18:32:15] \n","","","    system_test_framework.go:149: Test case [transfer allocation accounting test] start at [06-01-2023 18:32:15] \n","    zwalletcli_register_wallet_test.go:123: creating wallet...\n","    zboxcli_update_allocation_test.go:1005: Executing faucet...\n","    zwalletcli_register_wallet_test.go:140: faucet output: [No wallet in path  config/Test___FlakyTransferAllocation-transfer_allocation_accounting_test_wallet.json found. Creating wallet... ZCN wallet created!! Execute faucet smart contract success with txn :  b75013b7943533348d44090d7a5f576eb0e1e482542e55547880319a6a003e88]\n","    zboxcli_update_allocation_test.go:1005: Executing faucet...\n","    zboxcli_create_allocation_test.go:459: Creating new allocation...\n","    zboxcli_file_upload_test.go:917: Uploading file...\n","    zwalletcli_register_wallet_test.go:123: creating wallet...\n","    zboxcli_update_allocation_test.go:1005: Executing faucet...\n","    zwalletcli_register_wallet_test.go:140: faucet output: [No wallet in path  config/Test___FlakyTransferAllocation-transfer_allocation_accounting_test_NEW_OWNER_wallet.json found. Creating wallet... ZCN wallet created!! Execute faucet smart contract success with txn :  dc62cfd9d19f0709a7f214de17c7e5dc468e22bbbe0e03079032f6253f494ff4]\n","    zboxcli_update_allocation_test.go:1005: Executing faucet...\n","    zwalletcli_register_wallet_test.go:210: Getting wallet...\n","    zboxcli_common_user_functions_test.go:228: Get Allocation...\n","    zboxcli_transfer_allocation_test.go:428: Transferring allocation ownership...\n","    zboxcli_transfer_allocation_test.go:445: Polling for 5 minutes until allocation ownership changed...\n","    utils.go:138: Waiting 5s...\n","    zboxcli_create_dir_test.go:331: Listing all...\n","    utils.go:138: Waiting 5s...\n","    assertions.go:264: \n","        \tError Trace:\t/root/actions-runner1/_work/system_test/system_test/tests/cli_tests/flaky___flaky_test.go:145\n","        \t            \t\t\t\t/root/actions-runner1/_work/system_test/system_test/tests/cli_tests/system_test_framework.go:150\n","        \t            \t\t\t\t/root/actions-runner1/_work/system_test/system_test/tests/cli_tests/asm_amd64.s:1598\n","        \tError:      \tNot equal: \n","        \t            \texpected: 4.4\n","        \t            \tactual  : 1.98\n","        \tTest:       \tTest___FlakyTransferAllocation/transfer_allocation_accounting_test\n","    flaky___flaky_test.go:94: Test case [transfer allocation accounting test] exit at [06-01-2023 18:33:13]\n",""],"Passed":false,"Skipped":false,"TestFileName":"","TestFunctionDetail":{"Line":0,"Col":0}}]},{"FailureIndicator":"failed","SkippedIndicator":"","TestResults":[{"TestName":"Test___FlakyTransferAllocation/transfer_allocation_and_upload_file","Package":"github.com/0chain/system_test/tests/cli_tests","ElapsedTime":117.27,"Output":["","    flaky___flaky_test.go:176: Test case [transfer allocation and upload file] scheduled at [06-01-2023 18:32:15] \n","","","    system_test_framework.go:149: Test case [transfer allocation and upload file] start at [06-01-2023 18:32:15] \n","    zwalletcli_register_wallet_test.go:123: creating wallet...\n","    zboxcli_update_allocation_test.go:1005: Executing faucet...\n","    zwalletcli_register_wallet_test.go:140: faucet output: [No wallet in path  config/Test___FlakyTransferAllocation-transfer_allocation_and_upload_file_wallet.json found. Creating wallet... ZCN wallet created!! Execute faucet smart contract success with txn :  3903ea4488393926f2e411d4931f029b0e27533581b49ea8618cdea7e910a343]\n","    zboxcli_update_allocation_test.go:1005: Executing faucet...\n","    zboxcli_create_allocation_test.go:459: Creating new allocation...\n","    zboxcli_file_upload_test.go:917: Uploading file...\n","    zwalletcli_register_wallet_test.go:123: creating wallet...\n","    zboxcli_update_allocation_test.go:1005: Executing faucet...\n","    zwalletcli_register_wallet_test.go:140: faucet output: [No wallet in path  config/Test___FlakyTransferAllocation-transfer_allocation_and_upload_file_NEW_OWNER_wallet.json found. Creating wallet... ZCN wallet created!! Execute faucet smart contract success with txn :  6ae13d01a27fd38807ca4e1acaf42f7b5dd945395b08deb46766a763982b7997]\n","    zboxcli_update_allocation_test.go:1005: Executing faucet...\n","    zwalletcli_register_wallet_test.go:210: Getting wallet...\n","    zboxcli_transfer_allocation_test.go:428: Transferring allocation ownership...\n","    zboxcli_transfer_allocation_test.go:445: Polling for 5 minutes until allocation ownership changed...\n","    utils.go:138: Waiting 5s...\n","    zboxcli_create_dir_test.go:331: Listing all...\n","    zboxcli_wp_lock_unlock_test.go:348: Locking write tokens...\n","    zboxcli_file_upload_test.go:917: Uploading file...\n","    utils.go:67: \u001b[33mCommand failed on attempt [1/3] due to error [exit status 1]. Output: [0 / 256    0.00% 256 / 256  100.00% 0s -\u003cNEWLINE\u003e- Error in file operation: check_alloc_status_failed: signature verification failed for latest writemarker: write_marker_validation_failed: Write marker signature is not valid -\u003cNEWLINE\u003e- Upload failed. check_alloc_status_failed: signature verification failed for latest writemarker: write_marker_validation_failed: Write marker signature is not valid]\n","    utils.go:67: \u001b[33mCommand failed on attempt [2/3] due to error [exit status 1]. Output: [0 / 256    0.00% 256 / 256  100.00% 0s -\u003cNEWLINE\u003e- Error in file operation: check_alloc_status_failed: signature verification failed for latest writemarker: write_marker_validation_failed: Write marker signature is not valid -\u003cNEWLINE\u003e- Upload failed. check_alloc_status_failed: signature verification failed for latest writemarker: write_marker_validation_failed: Write marker signature is not valid]\n","    utils.go:70: \u001b[31mCommand failed on final attempt [3/3] due to error [exit status 1]. Command String: [./zbox upload --allocation 91514d56211097a94ef6a90710c07da0f9ae4342b96a98855fb2643dc89d9a2d --remotepath /new/child/6I7M3WKqIp_test.txt --localpath /tmp/6I7M3WKqIp_test.txt --silent --wallet Test___FlakyTransferAllocation-transfer_allocation_and_upload_file_NEW_OWNER_wallet.json --configDir ./config --config ./zbox_config.yaml] Output: [0 / 256    0.00% 256 / 256  100.00% 0s -\u003cNEWLINE\u003e- Error in file operation: check_alloc_status_failed: signature verification failed for latest writemarker: write_marker_validation_failed: Write marker signature is not valid -\u003cNEWLINE\u003e- Upload failed. check_alloc_status_failed: signature verification failed for latest writemarker: write_marker_validation_failed: Write marker signature is not valid]\n","    utils.go:73: \u001b[31mThe verbose output for the command is:\n","    utils.go:77: \u001b[31m0chain-core-sdk [INFO]   2023/06/01 18:34:12.888121 wallet_base.go:310: ******* Wallet SDK Version:v1.8.16-38-g5ea0bf75 ******* (SetLogFile)\n","    utils.go:77: \u001b[31m0box-sdk        [INFO]   2023/06/01 18:34:12.888183 sdk.go:78: ******* Storage SDK Version: v1.8.16-38-g5ea0bf75 *******\n","    utils.go:77: \u001b[31m0chain-core-sdk [INFO]   2023/06/01 18:34:12.909491 transaction_base.go:139: ******* Wallet SDK Version:v1.8.16-38-g5ea0bf75 ******* (InitZCNSDK)\n","    utils.go:77: \u001b[31m0box-sdk        [DEBUG]  2023/06/01 18:34:12.919458 networkworker.go:105: Get network result:{\"miners\":[\"https://dev-1.devnet-0chain.net/miner02\",\"https://dev-1.devnet-0chain.net/miner01\",\"https://dev-1.devnet-0chain.net/miner03\"],\"sharders\":[\"https://dev-1.devnet-0chain.net/sharder02\",\"https://dev-1.devnet-0chain.net/sharder01\"]}\n","    utils.go:77: \u001b[31m0 / 256    0.00%0box-sdk        [INFO]   2023/06/01 18:34:12.964590 chunked_upload.go:517: Completed the upload. Submitting for commit\n","    utils.go:77: \u001b[31m0box-sdk        [INFO]   2023/06/01 18:34:12.967470 writemarker_mutex.go:305: https://dev-1.devnet-0chain.net/blobber05FpeJb3QHTnubTyZjtTJuHX locked\n","    utils.go:77: \u001b[31m0box-sdk        [INFO]   2023/06/01 18:34:12.967549 writemarker_mutex.go:305: https://dev-1.devnet-0chain.net/blobber02FpeJb3QHTnubTyZjtTJuHX locked\n","    utils.go:77: \u001b[31m0box-sdk        [INFO]   2023/06/01 18:34:12.972266 writemarker_mutex.go:305: https://dev-1.devnet-0chain.net/blobber04FpeJb3QHTnubTyZjtTJuHX locked\n","    utils.go:77: \u001b[31m0box-sdk        [INFO]   2023/06/01 18:34:12.972326 writemarker_mutex.go:305: https://dev-1.devnet-0chain.net/blobber03FpeJb3QHTnubTyZjtTJuHX locked\n","    utils.go:77: \u001b[31m0box-sdk        \u001b[31m[ERROR]  2023/06/01 18:34:12.977862 rollback.go:226: error during getWritemarker{error 26 0  signature verification failed for latest writemarker: write_marker_validation_failed: Write marker signature is not valid}\u001b[0m\n","    utils.go:77: \u001b[31m0box-sdk        \u001b[31m[ERROR]  2023/06/01 18:34:12.977927 rollback.go:226: error during getWritemarker{error 26 0  signature verification failed for latest writemarker: write_marker_validation_failed: Write marker signature is not valid}\u001b[0m\n","    utils.go:77: \u001b[31m0box-sdk        \u001b[31m[ERROR]  2023/06/01 18:34:12.978324 rollback.go:226: error during getWritemarker{error 26 0  signature verification failed for latest writemarker: write_marker_validation_failed: Write marker signature is not valid}\u001b[0m\n","    utils.go:77: \u001b[31m0box-sdk        \u001b[31m[ERROR]  2023/06/01 18:34:12.981809 rollback.go:226: error during getWritemarker{error 26 0  signature verification failed for latest writemarker: write_marker_validation_failed: Write marker signature is not valid}\u001b[0m\n","    utils.go:77: \u001b[31m0box-sdk        \u001b[31m[ERROR]  2023/06/01 18:34:12.981844 chunked_upload.go:542: Error checking allocation statuscheck_alloc_status_failed: signature verification failed for latest writemarker: write_marker_validation_failed: Write marker signature is not valid\u001b[0m\n","    utils.go:77: \u001b[31m256 / 256  100.00% 0s\n","    utils.go:77: \u001b[31mError in file operation: check_alloc_status_failed: signature verification failed for latest writemarker: write_marker_validation_failed: Write marker signature is not valid\n","    utils.go:77: \u001b[31m0box-sdk        [INFO]   2023/06/01 18:34:12.984794 writemarker_mutex.go:122: https://dev-1.devnet-0chain.net/blobber05FpeJb3QHTnubTyZjtTJuHX unlocked\n","    utils.go:77: \u001b[31m0box-sdk        [INFO]   2023/06/01 18:34:12.984894 writemarker_mutex.go:122: https://dev-1.devnet-0chain.net/blobber04FpeJb3QHTnubTyZjtTJuHX unlocked\n","    utils.go:77: \u001b[31m0box-sdk        [INFO]   2023/06/01 18:34:12.986064 writemarker_mutex.go:122: https://dev-1.devnet-0chain.net/blobber02FpeJb3QHTnubTyZjtTJuHX unlocked\n","    utils.go:77: \u001b[31m0box-sdk        [INFO]   2023/06/01 18:34:12.986134 writemarker_mutex.go:122: https://dev-1.devnet-0chain.net/blobber03FpeJb3QHTnubTyZjtTJuHX unlocked\n","    utils.go:77: \u001b[31mUpload failed. check_alloc_status_failed: signature verification failed for latest writemarker: write_marker_validation_failed: Write marker signature is not valid\n","    assertions.go:264: \n","        \tError Trace:\t/root/actions-runner1/_work/system_test/system_test/tests/cli_tests/flaky___flaky_test.go:235\n","        \t            \t\t\t\t/root/actions-runner1/_work/system_test/system_test/tests/cli_tests/system_test_framework.go:150\n","        \t            \t\t\t\t/root/actions-runner1/_work/system_test/system_test/tests/cli_tests/asm_amd64.s:1598\n","        \tError:      \tExpected nil, but got: \u0026exec.ExitError{ProcessState:(*os.ProcessState)(0xc000013038), Stderr:[]uint8(nil)}\n","        \tTest:       \tTest___FlakyTransferAllocation/transfer_allocation_and_upload_file\n","        \tMessages:   \t0 / 256    0.00% 256 / 256  100.00% 0s\n","        \t            \tError in file operation: check_alloc_status_failed: signature verification failed for latest writemarker: write_marker_validation_failed: Write marker signature is not valid\n","        \t            \tUpload failed. check_alloc_status_failed: signature verification failed for latest writemarker: write_marker_validation_failed: Write marker signature is not valid\n","    flaky___flaky_test.go:176: Test case [transfer allocation and upload file] exit at [06-01-2023 18:34:12]\n",""],"Passed":false,"Skipped":false,"TestFileName":"","TestFunctionDetail":{"Line":0,"Col":0}}]}]

    const report = window.GoTestReport({
                                         data: data,
                                         testResultsElem: document.getElementById('testResults'),
                                         testGroupListElem: document.getElementById('testGroupList')
                                       });


</script>
</body>
</html>
