<!DOCTYPE html>
<html lang="en">
<head>
    <meta charset="UTF-8">
    <title>0Chain Flaky system test suite [updatealloc-fix/6840898a] ran against [dev-2.devnet-0chain.net] at [2023-01-03_19.21.40]</title>
    <style type="text/css">
        body {
            font-family: sans-serif;
            background-color: #f3f3f3;
            border-top: 2px #dee6e8 solid;
            margin: 0;
        }

        div.pageHeader span.projectTitle {
            font-family: serif;
            font-size: 2em;
            padding-left: 56px;
            padding-top: 80px;
            display: block;
            color: #a5a5a5;
            text-shadow: 0 -1px 1px white;
        }

        div.pageHeader div.testStats {
            position: absolute;
            top: 7px;
            right: 52px;
            font-size: 0.8em;
            color: #a2a2a2;
        }

        div.pageHeader div.testStats span.indicator {
            font-size: 2em;
            position: relative;
            top: 5px;
            text-shadow: 0 1px 0 white;
        }

        div.pageHeader div.testStats span strong {
            margin-right: 16px;
        }

        div.pageHeader div.testStats span.total {
            border-right: 1px #afafaf dotted;
            background: #8298af;
        }

        div.pageHeader div.testStats span.passed {
            border-right: 1px #afafaf dotted;
            background: #6fca83;
        }

        div.pageHeader div.testStats span.skipped {
            background: #bababa;
        }

        div.pageHeader div.testStats span.failed {
            background: #ff7676;
        }

        div.pageHeader div.testStats span {
            margin-right: 1px;
            height: 55px;
            padding: 20px 8px 18px;
            color: white;
        }

        div.pageHeader .testGroupsTitle {
            margin: 16px 32px 8px 40px;
            font-size: 0.9em;
            color: darkgrey;
            display: inline-block;
        }

        div.pageHeader .testExecutionDate {
            display: inline-block;
            position: absolute;
            right: 10px;
            margin: 14px 32px 8px 40px;
            color: #9e9e9e;
            font-size: 0.9em;
        }

        .testReportContainer {
            padding: 0 32px 32px 32px;
        }

        .cardContainer {
            padding: 16px 16px 16px;
            box-shadow: 0 4px 4px #d4d4d4;
            background-color: white;
        }

        #testResults {
            display: flex;
            flex-wrap: wrap;
        }

        .testResultGroup {
            width: 24px;
            height: 24px;
            background-color: #43c143;
            margin-left: 1px;
            margin-bottom: 1px;
            box-sizing: border-box;
        }

        .testResultGroup.selected {
            border: 1px white solid;
            background-color: black !important;
        }

        .testResultGroup.skipped {
            border: 2px gray solid;
        }

        .testResultGroup.failed {
            background-color: red;
        }

        .cardContainer.testGroupList,
        .cardContainer.testDetail {
            margin-top: 16px;
            padding: 16px;
        }

        .cardContainer.testGroupList {
            color: #9c9c9c;
            padding: 0;
        }

        .cardContainer.testGroupList .testGroupRow {
            cursor: default;
            border-bottom: 1px #dadada dotted;
        }

        .cardContainer.testGroupList .testGroupRow span.testStatus {
            font-size: 1.2em;
            font-weight: bold;
            color: #139e13;
            pointer-events: none;
            display: inline-block;
            overflow: hidden;
            float: left;
            padding-top: 10px;
            padding-left: 20px;
            padding-right: 12px;
        }

        .cardContainer.testGroupList .testGroupRow span.testStatus.skipped {
            color: gray;
        }

        .cardContainer.testGroupList .testGroupRow span.testStatus.failed {
            color: red;
        }

        .cardContainer.testGroupList .testGroupRow span.testTitle {
            font-size: 0.9em;
            padding: 12px 0 10px;
            display: inline-block;
            pointer-events: none;
            color: #525252;
            text-overflow: ellipsis;
            overflow: hidden;
            width: calc(100% - 110px);
        }

        .cardContainer.testGroupList .testGroupRow span.testDuration {
            pointer-events: none;
        }

        .cardContainer.testGroupList .testGroupRow {
            position: relative;
            border-left: 4px #43c143 solid;
        }

        .cardContainer.testGroupList .testGroupRow.skipped {
            color: gray;
            border-left: 4px gray solid;
        }

        .cardContainer.testGroupList .testGroupRow.failed {
            color: red;
            border-left: 4px red solid;
        }

        .cardContainer.testGroupList .testGroupRow:hover {
            background-color: #fffaea;
            transition: 0.250s;
        }

        .cardContainer .testOutput {
            padding: 8px 16px 24px 16px;
        }

        .cardContainer .console {
            display: block;
            font-family: monospace;
            padding: 10px;
            background-color: #424242;
            color: #1aff00;
            border-bottom: 1px #1aff00 dotted;
            overflow: auto;
            font-size: 1.1em;
        }

        .cardContainer .testOutput .testDetail {
            border-bottom: 1px #d0d0d0 solid;
            padding: 16px;
            background-color: #e6e6e6;
            border-radius: 0 0 4px 4px;
            color: dimgrey;
            font-size: 0.8em;
        }

        .cardContainer .console.skipped{
            color: #d9d9d9;
        }

        .cardContainer .console.failed {
            color: #ffb2b2;
        }

        .cardContainer .testDuration {
            position: absolute;
            top: 5px;
            right: 8px;
            text-align: right;
            padding-right: 8px;
            box-sizing: border-box;
        }
    </style>
</head>
<body>
<div class="pageHeader">
    <span class="projectTitle">0Chain Flaky system test suite [updatealloc-fix/6840898a] ran against [dev-2.devnet-0chain.net] at [2023-01-03_19.21.40]</span>
    <div class="testStats">
        <span class="total"><span class="indicator">&boxbox;</span> Total: <strong>11</strong>Duration: <strong>2ms</strong>
        </span><span class="passed"><span class="indicator">&check;</span> Passed: <strong>6</strong>
        </span><span class="skipped"><span class="indicator">&dash;</span> Skipped: <strong>3</strong>
        </span><span class="failed"><span class="indicator">&cross;</span> Failed: <strong>2</strong>
        </span>
    </div>
    <span class="testGroupsTitle">Test Groups:</span>
    <span class="testExecutionDate">January 3, 2023 20:39:37</span>
</div>
<div class="testReportContainer">
    <div class="cardContainer">
        <div id="testResults">
            
                <div class="testResultGroup  skipped" id="0"></div>
            
                <div class="testResultGroup  " id="1"></div>
            
                <div class="testResultGroup  skipped" id="2"></div>
            
                <div class="testResultGroup  " id="3"></div>
            
                <div class="testResultGroup  " id="4"></div>
            
                <div class="testResultGroup  " id="5"></div>
            
                <div class="testResultGroup  " id="6"></div>
            
                <div class="testResultGroup  skipped" id="7"></div>
            
                <div class="testResultGroup failed " id="8"></div>
            
                <div class="testResultGroup failed " id="9"></div>
            
                <div class="testResultGroup  " id="10"></div>
            
        </div>
    </div>
    <div class="cardContainer testGroupList" id="testGroupList"></div>
</div>
<script type="application/javascript">
    /**
 * @typedef TestStatus
 * @property {string} TestName
 * @property {string} Package
 * @property {number} ElapsedTime
 * @property {Array.<string>} Output
 * @property {boolean} Passed
 * @property {boolean} Skipped
 */
class TestStatus {}

/**
 * @typedef TestGroupData
 * @type {object}
 * @property {string} FailureIndicator
 * @property {string} SkippedIndicator
 * @property {Array.<TestStatus>}
 */
class TestGroupData {}

/**
 * @typedef TestResults
 * @type {Array.<TestGroupData>}
 */
class TestResults extends Array {}

/**
 * @typedef SelectedItems
 * @property {HTMLElement|EventTarget} testResults
 * @property {String} selectedTestGroupColor
 */
class SelectedItems {}

/**
 * @typedef GoTestReportElements
 * @property {TestResults} data
 * @property {HTMLElement} testResultsElem
 * @property {HTMLElement} testGroupListElem
 */
class GoTestReportElements {}


/**
 * Main entry point for GoTestReport.
 * @param {GoTestReportElements} elements
 * @returns {{testResultsClickHandler: testResultsClickHandler}}
 * @constructor
 */
window.GoTestReport = function (elements) {
  const /**@type {SelectedItems}*/ selectedItems = {
    testResults: null,
    selectedTestGroupColor: null
  }

  function addEventData(event) {
    if (event.data == null) {
      event.data = {target: event.target}
    }
    return event
  }


  const goTestReport = {
    /**
     * Invoked when a user clicks on one of the test group div elements.
     * @param {HTMLElement} target The element associated with the test group.
     * @param {boolean} shiftKey If pressed, all of test detail associated to the test group is shown.
     * @param {TestResults} data
     * @param {SelectedItems} selectedItems
     * @param {function(target: Element, data: TestResults)} testGroupListHandler
     */
    testResultsClickHandler: function (target,
                                       shiftKey,
                                       data,
                                       selectedItems,
                                       testGroupListHandler) {

      if (target.classList.contains('testResultGroup') === false) {
        return
      }
      if (selectedItems.testResults != null) {
        let testResultsElement = /**@type {HTMLElement}*/ selectedItems.testResults
        testResultsElement.classList.remove("selected")
        testResultsElement.style.backgroundColor = selectedItems.selectedTestGroupColor
      }
      const testGroupId = /**@type {number}*/ target.id
      if ((target.id === undefined)
        || (data[testGroupId] === undefined)
        || (data[testGroupId]['TestResults'] === undefined)) {
        return
      }
      const testResults = /**@type {TestResults}*/ data[testGroupId]['TestResults']
      let testGroupList = /**@type {string}*/ ''
      selectedItems.selectedTestGroupColor = getComputedStyle(target).getPropertyValue('background-color')
      selectedItems.testResults = target
      target.classList.add("selected")
      for (let i = 0; i < testResults.length; i++) {
        const testResult = /**@type {TestGroupData}*/ testResults[i]
        const testPassed = /**@type {boolean}*/ testResult.Passed
        const testSkipped = /**@type {boolean}*/ testResult.Skipped
        const testPassedStatus = /**@type {string}*/ (testPassed) ? '' : (testSkipped ? 'skipped' : 'failed')
        const testId = /**@type {string}*/ target.attributes['id'].value
        testGroupList += `<div class="testGroupRow ${testPassedStatus}" data-groupid="${testId}" data-index="${i}">
        <span class="testStatus ${testPassedStatus}">${(testPassed) ? '&check' : (testSkipped ? '&dash' : '&cross')};</span>
        <span class="testTitle">${testResult.TestName}</span>
        <span class="testDuration"><span>${testResult.ElapsedTime}s </span>‚è±</span>
      </div>`
      }
      const testGroupListElem = elements.testGroupListElem
      testGroupListElem.innerHTML = ''
      testGroupListElem.innerHTML = testGroupList

      if (shiftKey) {
        testGroupListElem.querySelectorAll('.testGroupRow')
                         .forEach((elem) => testGroupListHandler(elem, data))
      } else if (testResults.length === 1) {
        testGroupListHandler(testGroupListElem.querySelector('.testGroupRow'), data)
      }
    },

    /**
     *
     * @param {Element} target
     * @param {TestResults} data
     */
    testGroupListHandler: function (target, data) {
      const attribs = target['attributes']
      if (attribs.hasOwnProperty('data-groupid')) {
        const groupId = /**@type {number}*/ attribs['data-groupid'].value
        const testIndex = /**@type {number}*/ attribs['data-index'].value
        const testStatus = /**@type {TestStatus}*/ data[groupId]['TestResults'][testIndex]
        const testOutputDiv = /**@type {HTMLDivElement}*/ target.querySelector('div.testOutput')

        if (testOutputDiv == null) {
          const testOutputDiv = document.createElement('div')
          testOutputDiv.classList.add('testOutput')
          const consolePre = document.createElement('pre')
          consolePre.classList.add('console')
          const testDetailDiv = document.createElement('div')
          testDetailDiv.classList.add('testDetail')
          const packageNameDiv = document.createElement('div')
          packageNameDiv.classList.add('package')
          packageNameDiv.innerHTML = `<strong>Package:</strong> ${testStatus.Package}`
          const testFileNameDiv = document.createElement('div')
          testFileNameDiv.classList.add('filename')
          if (testStatus.TestFileName.trim() === "") {
            testFileNameDiv.innerHTML = `<strong>Filename:</strong> n/a &nbsp;&nbsp;`
          } else {
            testFileNameDiv.innerHTML = `<strong>Filename:</strong> ${testStatus.TestFileName} &nbsp;&nbsp;`
            testFileNameDiv.innerHTML += `<strong>Line:</strong> ${testStatus.TestFunctionDetail.Line} `
            testFileNameDiv.innerHTML += `<strong>Col:</strong> ${testStatus.TestFunctionDetail.Col}`
          }
          testDetailDiv.insertAdjacentElement('beforeend', packageNameDiv)
          testDetailDiv.insertAdjacentElement('beforeend', testFileNameDiv)
          testOutputDiv.insertAdjacentElement('afterbegin', consolePre)
          testOutputDiv.insertAdjacentElement('beforeend', testDetailDiv)
          target.insertAdjacentElement('beforeend', testOutputDiv)

          if (testStatus.Passed) {
            consolePre.classList.remove('skipped')
            consolePre.classList.remove('failed')
          } else if (testStatus.Skipped) {
            consolePre.classList.add('skipped')
            consolePre.classList.remove('failed')
          } else {
            consolePre.classList.remove('skipped')
            consolePre.classList.add('failed')
          }
          consolePre.textContent = testStatus.Output.join('')
        } else {
          testOutputDiv.remove()
        }
      }
    }
  }

  //+------------------------+
  //|    setup DOM events    |
  //+------------------------+
  elements.testResultsElem
          .addEventListener('click', event =>
            goTestReport.testResultsClickHandler(/**@type {HTMLElement}*/ addEventData(event).data.target,
                                                 event.shiftKey,
                                                 elements.data,
                                                 selectedItems,
                                                 goTestReport.testGroupListHandler))

  elements.testGroupListElem
          .addEventListener('click', event =>
            goTestReport.testGroupListHandler(/**@type {Element}*/ event.target,
                                              elements.data))

  return goTestReport
}


    

    const data = [{"FailureIndicator":"","SkippedIndicator":"skipped","TestResults":[{"TestName":"Test___FlakyBrokenScenarios","Package":"github.com/0chain/system_test/tests/cli_tests","ElapsedTime":0,"Output":["","    flaky___broken_scenarios_test.go:31: \n","--- SKIP: Test___FlakyBrokenScenarios (0.00s)\n",""],"Passed":false,"Skipped":true,"TestFileName":"flaky___broken_scenarios_test.go","TestFunctionDetail":{"Line":28,"Col":1}}]},{"FailureIndicator":"","SkippedIndicator":"","TestResults":[{"TestName":"Test___FlakyFileCopy","Package":"github.com/0chain/system_test/tests/cli_tests","ElapsedTime":0,"Output":["","--- PASS: Test___FlakyFileCopy (0.00s)",""],"Passed":true,"Skipped":false,"TestFileName":"flaky___flaky_test.go","TestFunctionDetail":{"Line":424,"Col":1}}]},{"FailureIndicator":"","SkippedIndicator":"skipped","TestResults":[{"TestName":"Test___FlakyFileCopy/File_copy_-_Users_should_not_be_charged_for_moving_a_file_","Package":"github.com/0chain/system_test/tests/cli_tests","ElapsedTime":0,"Output":["","    flaky___flaky_test.go:427: Test case [File copy - Users should not be charged for moving a file ] scheduled at [01-03-2023 20:34:08] \n","","","    system_test_framework.go:84: Test case [File copy - Users should not be charged for moving a file ] start at [01-03-2023 20:34:08] \n","    flaky___flaky_test.go:428: Test calculations are flaky in  CLI\n","    flaky___flaky_test.go:427: Test case [File copy - Users should not be charged for moving a file ] exit at [01-03-2023 20:34:08]\n","    --- SKIP: Test___FlakyFileCopy/File_copy_-_Users_should_not_be_charged_for_moving_a_file_ (0.00s)\n",""],"Passed":false,"Skipped":true,"TestFileName":"","TestFunctionDetail":{"Line":0,"Col":0}}]},{"FailureIndicator":"","SkippedIndicator":"","TestResults":[{"TestName":"Test___FlakyFileDelete","Package":"github.com/0chain/system_test/tests/cli_tests","ElapsedTime":0,"Output":["","--- PASS: Test___FlakyFileDelete (0.00s)",""],"Passed":true,"Skipped":false,"TestFileName":"flaky___flaky_test.go","TestFunctionDetail":{"Line":257,"Col":1}}]},{"FailureIndicator":"","SkippedIndicator":"","TestResults":[{"TestName":"Test___FlakyFileDelete/Delete_file_concurrently_in_existing_directory,_should_work","Package":"github.com/0chain/system_test/tests/cli_tests","ElapsedTime":86.16,"Output":["","    flaky___flaky_test.go:260: Test case [Delete file concurrently in existing directory, should work] scheduled at [01-03-2023 20:32:42] \n","","","    system_test_framework.go:84: Test case [Delete file concurrently in existing directory, should work] start at [01-03-2023 20:32:42] \n","    zwalletcli_register_wallet_test.go:107: Registering wallet...\n","    zboxcli_update_allocation_test.go:585: Executing faucet...\n","    zboxcli_create_allocation_test.go:258: Creating new allocation...\n","    zboxcli_file_upload_test.go:728: Uploading file...\n","    zboxcli_file_upload_test.go:728: Uploading file...\n","    utils.go:67: \u001b[33mCommand failed on attempt [1/3] due to error [exit status 1]. Output: [0 / 256    0.00% 0 / 256    0.00% 0s -\u003cNEWLINE\u003e- Error in file operation: consensus_not_met: Upload failed. Required consensus atleast 3, got 1 -\u003cNEWLINE\u003e- Upload failed. consensus_not_met: Upload failed. Required consensus atleast 3, got 1]\n","    zboxcli_collaborator_test.go:796: Deleting file...\n","    utils.go:63: \u001b[32mCommand passed on retry [2/3]. Output: [0 / 256    0.00% 256 / 256  100.00% 0s -\u003cNEWLINE\u003e- Status completed callback. Type = application/octet-stream. Name = kKq1qIJD9J_test.txt]\n","    zboxcli_collaborator_test.go:796: Deleting file...\n","    utils.go:138: Waiting 10s...\n","    zboxcli_list_file_test.go:632: Listing individual file in allocation...\n","    utils.go:67: \u001b[33mCommand failed on attempt [1/3] due to error [exit status 1]. Output: [error from server list response: {\"code\":\"invalid_parameters\",\"error\":\"invalid_parameters: Invalid path record not found\"}]\n","    utils.go:67: \u001b[33mCommand failed on attempt [2/3] due to error [exit status 1]. Output: [error from server list response: {\"code\":\"invalid_parameters\",\"error\":\"invalid_parameters: Invalid path record not found\"}]\n","    utils.go:70: \u001b[31mCommand failed on final attempt [3/3] due to error [exit status 1]. Command String: [./zbox list --remotepath /kKq1qIJD9J_test.txt --json  --allocation 70e9c30d65dffc7f6734697fa67fb2546a5294290b62f093c5e598acdd09ddc3 --silent --wallet Test___FlakyFileDelete-Delete_file_concurrently_in_existing_directory,_should_work_wallet.json --configDir ./config --config ./zbox_config.yaml] Output: [error from server list response: {\"code\":\"invalid_parameters\",\"error\":\"invalid_parameters: Invalid path record not found\"}]\n","    utils.go:73: \u001b[31mThe verbose output for the command is:\n","    utils.go:77: \u001b[31m0chain-core-sdk [INFO]   2023/01/03 20:33:52.602248 wallet_base.go:268: ******* Wallet SDK Version:v1.8.9-57-g7fbdcff ******* (SetLogFile)\n","    utils.go:77: \u001b[31m0box-sdk        [INFO]   2023/01/03 20:33:52.602283 sdk.go:73: ******* Storage SDK Version: v1.8.9-57-g7fbdcff *******\n","    utils.go:77: \u001b[31m0chain-core-sdk [INFO]   2023/01/03 20:33:52.694900 transaction_base.go:136: ******* Wallet SDK Version:v1.8.9-57-g7fbdcff ******* (InitZCNSDK)\n","    utils.go:77: \u001b[31m0box-sdk        [DEBUG]  2023/01/03 20:33:52.777953 networkworker.go:105: Get network result:{\"miners\":[\"https://dev-2.devnet-0chain.net/miner01\",\"https://dev-2.devnet-0chain.net/miner03\",\"https://dev-2.devnet-0chain.net/miner02\"],\"sharders\":[\"https://dev-2.devnet-0chain.net/sharder01\",\"https://dev-2.devnet-0chain.net/sharder02\"]}\n","    utils.go:77: \u001b[31m0box-sdk        [DEBUG]  2023/01/03 20:33:52.865485 listworker.go:111: List result:{\"code\":\"invalid_parameters\",\"error\":\"invalid_parameters: Invalid path record not found\"}\n","    utils.go:77: \u001b[31m0box-sdk        [DEBUG]  2023/01/03 20:33:52.865681 listworker.go:111: List result:{\"code\":\"invalid_parameters\",\"error\":\"invalid_parameters: Invalid path record not found\"}\n","    utils.go:77: \u001b[31m0box-sdk        [DEBUG]  2023/01/03 20:33:52.893050 listworker.go:111: List result:{\"code\":\"invalid_parameters\",\"error\":\"invalid_parameters: Invalid path record not found\"}\n","    utils.go:77: \u001b[31m0box-sdk        [DEBUG]  2023/01/03 20:33:52.893298 listworker.go:111: List result:{\"code\":\"invalid_parameters\",\"error\":\"invalid_parameters: Invalid path record not found\"}\n","    utils.go:77: \u001b[31merror from server list response: {\"code\":\"invalid_parameters\",\"error\":\"invalid_parameters: Invalid path record not found\"}\n","    utils.go:138: Waiting 10s...\n","    zboxcli_list_file_test.go:632: Listing individual file in allocation...\n","    utils.go:67: \u001b[33mCommand failed on attempt [1/3] due to error [exit status 1]. Output: [error from server list response: {\"code\":\"invalid_parameters\",\"error\":\"invalid_parameters: Invalid path record not found\"}]\n","    utils.go:67: \u001b[33mCommand failed on attempt [2/3] due to error [exit status 1]. Output: [error from server list response: {\"code\":\"invalid_parameters\",\"error\":\"invalid_parameters: Invalid path record not found\"}]\n","    utils.go:70: \u001b[31mCommand failed on final attempt [3/3] due to error [exit status 1]. Command String: [./zbox list --allocation 70e9c30d65dffc7f6734697fa67fb2546a5294290b62f093c5e598acdd09ddc3 --remotepath /rfKModgXJk_test.txt --json --silent --wallet Test___FlakyFileDelete-Delete_file_concurrently_in_existing_directory,_should_work_wallet.json --configDir ./config --config ./zbox_config.yaml] Output: [error from server list response: {\"code\":\"invalid_parameters\",\"error\":\"invalid_parameters: Invalid path record not found\"}]\n","    utils.go:73: \u001b[31mThe verbose output for the command is:\n","    utils.go:77: \u001b[31m0chain-core-sdk [INFO]   2023/01/03 20:34:07.878271 wallet_base.go:268: ******* Wallet SDK Version:v1.8.9-57-g7fbdcff ******* (SetLogFile)\n","    utils.go:77: \u001b[31m0box-sdk        [INFO]   2023/01/03 20:34:07.878306 sdk.go:73: ******* Storage SDK Version: v1.8.9-57-g7fbdcff *******\n","    utils.go:77: \u001b[31m0chain-core-sdk [INFO]   2023/01/03 20:34:07.979213 transaction_base.go:136: ******* Wallet SDK Version:v1.8.9-57-g7fbdcff ******* (InitZCNSDK)\n","    utils.go:77: \u001b[31m0box-sdk        [DEBUG]  2023/01/03 20:34:08.061768 networkworker.go:105: Get network result:{\"miners\":[\"https://dev-2.devnet-0chain.net/miner02\",\"https://dev-2.devnet-0chain.net/miner01\",\"https://dev-2.devnet-0chain.net/miner03\"],\"sharders\":[\"https://dev-2.devnet-0chain.net/sharder02\",\"https://dev-2.devnet-0chain.net/sharder01\"]}\n","    utils.go:77: \u001b[31m0box-sdk        [DEBUG]  2023/01/03 20:34:08.150879 listworker.go:111: List result:{\"code\":\"invalid_parameters\",\"error\":\"invalid_parameters: Invalid path record not found\"}\n","    utils.go:77: \u001b[31m0box-sdk        [DEBUG]  2023/01/03 20:34:08.151068 listworker.go:111: List result:{\"code\":\"invalid_parameters\",\"error\":\"invalid_parameters: Invalid path record not found\"}\n","    utils.go:77: \u001b[31m0box-sdk        [DEBUG]  2023/01/03 20:34:08.178798 listworker.go:111: List result:{\"code\":\"invalid_parameters\",\"error\":\"invalid_parameters: Invalid path record not found\"}\n","    utils.go:77: \u001b[31m0box-sdk        [DEBUG]  2023/01/03 20:34:08.181179 listworker.go:111: List result:{\"code\":\"invalid_parameters\",\"error\":\"invalid_parameters: Invalid path record not found\"}\n","    utils.go:77: \u001b[31merror from server list response: {\"code\":\"invalid_parameters\",\"error\":\"invalid_parameters: Invalid path record not found\"}\n","    flaky___flaky_test.go:260: Test case [Delete file concurrently in existing directory, should work] exit at [01-03-2023 20:34:08]\n","--- PASS: Test___FlakyFileDelete/Delete_file_concurrently_in_existing_directory,_should_work (86.16s)",""],"Passed":true,"Skipped":false,"TestFileName":"","TestFunctionDetail":{"Line":0,"Col":0}}]},{"FailureIndicator":"","SkippedIndicator":"","TestResults":[{"TestName":"Test___FlakyFileRename","Package":"github.com/0chain/system_test/tests/cli_tests","ElapsedTime":0,"Output":["","","","--- PASS: Test___FlakyFileRename (0.00s)",""],"Passed":true,"Skipped":false,"TestFileName":"flaky___flaky_test.go","TestFunctionDetail":{"Line":320,"Col":1}}]},{"FailureIndicator":"","SkippedIndicator":"","TestResults":[{"TestName":"Test___FlakyFileRename/Rename_and_delete_file_concurrently,_should_work","Package":"github.com/0chain/system_test/tests/cli_tests","ElapsedTime":328.96,"Output":["","    flaky___flaky_test.go:325: Test case [Rename and delete file concurrently, should work] scheduled at [01-03-2023 20:34:08] \n","","","    system_test_framework.go:84: Test case [Rename and delete file concurrently, should work] start at [01-03-2023 20:34:08] \n","    zwalletcli_register_wallet_test.go:107: Registering wallet...\n","    zboxcli_update_allocation_test.go:585: Executing faucet...\n","    zboxcli_create_allocation_test.go:258: Creating new allocation...\n","    zboxcli_file_upload_test.go:728: Uploading file...\n","    zboxcli_file_upload_test.go:728: Uploading file...\n","    zboxcli_file_upload_test.go:728: Uploading file...\n","    zboxcli_file_upload_test.go:728: Uploading file...\n","    zboxcli_collaborator_test.go:796: Deleting file...\n","    zboxcli_common_user_functions_test.go:167: Renaming file...\n","    zboxcli_collaborator_test.go:796: Deleting file...\n","    zboxcli_common_user_functions_test.go:167: Renaming file...\n","    utils.go:67: \u001b[33mCommand failed on attempt [1/3] due to error [exit status 1]. Output: [Delete failed. consensus_not_met: Consensus on commit not met. Required 3, got 0]\n","    utils.go:67: \u001b[33mCommand failed on attempt [1/3] due to error [exit status 1]. Output: [Delete failed. consensus_not_met: Consensus on commit not met. Required 3, got 0]\n","    utils.go:63: \u001b[32mCommand passed on retry [2/3]. Output: [/GpwrFj-Haw_test.txt deleted]\n","    utils.go:67: \u001b[33mCommand failed on attempt [2/3] due to error [exit status 1]. Output: [Delete failed. consensus_not_met: Consensus on commit not met. Required 3, got 0]\n","    utils.go:63: \u001b[32mCommand passed on retry [3/3]. Output: [/pugEHAmfy5_test.txt deleted]\n","    utils.go:138: Waiting 10s...\n","    zboxcli_list_file_test.go:632: Listing individual file in allocation...\n","    utils.go:67: \u001b[33mCommand failed on attempt [1/3] due to error [exit status 1]. Output: [error from server list response: {\"code\":\"invalid_parameters\",\"error\":\"invalid_parameters: Invalid path record not found\"}]\n","    utils.go:67: \u001b[33mCommand failed on attempt [2/3] due to error [exit status 1]. Output: [error from server list response: {\"code\":\"invalid_parameters\",\"error\":\"invalid_parameters: Invalid path record not found\"}]\n","    utils.go:70: \u001b[31mCommand failed on final attempt [3/3] due to error [exit status 1]. Command String: [./zbox list --allocation 00af4382427322c8cff24f51404f3f8ac7f8e305559736240b6b4aadc06b0659 --remotepath /GpwrFj-Haw_test.txt --json --silent --wallet Test___FlakyFileRename-Rename_and_delete_file_concurrently,_should_work_wallet.json --configDir ./config --config ./zbox_config.yaml] Output: [error from server list response: {\"code\":\"invalid_parameters\",\"error\":\"invalid_parameters: Invalid path record not found\"}]\n","    utils.go:73: \u001b[31mThe verbose output for the command is:\n","    utils.go:77: \u001b[31m0chain-core-sdk [INFO]   2023/01/03 20:39:21.551746 wallet_base.go:268: ******* Wallet SDK Version:v1.8.9-57-g7fbdcff ******* (SetLogFile)\n","    utils.go:77: \u001b[31m0box-sdk        [INFO]   2023/01/03 20:39:21.551780 sdk.go:73: ******* Storage SDK Version: v1.8.9-57-g7fbdcff *******\n","    utils.go:77: \u001b[31m0chain-core-sdk [INFO]   2023/01/03 20:39:21.645462 transaction_base.go:136: ******* Wallet SDK Version:v1.8.9-57-g7fbdcff ******* (InitZCNSDK)\n","    utils.go:77: \u001b[31m0box-sdk        [DEBUG]  2023/01/03 20:39:21.725300 networkworker.go:105: Get network result:{\"miners\":[\"https://dev-2.devnet-0chain.net/miner02\",\"https://dev-2.devnet-0chain.net/miner01\",\"https://dev-2.devnet-0chain.net/miner03\"],\"sharders\":[\"https://dev-2.devnet-0chain.net/sharder02\",\"https://dev-2.devnet-0chain.net/sharder01\"]}\n","    utils.go:77: \u001b[31m0box-sdk        [DEBUG]  2023/01/03 20:39:21.816817 listworker.go:111: List result:{\"code\":\"invalid_parameters\",\"error\":\"invalid_parameters: Invalid path record not found\"}\n","    utils.go:77: \u001b[31m0box-sdk        [DEBUG]  2023/01/03 20:39:21.817227 listworker.go:111: List result:{\"code\":\"invalid_parameters\",\"error\":\"invalid_parameters: Invalid path record not found\"}\n","    utils.go:77: \u001b[31m0box-sdk        [DEBUG]  2023/01/03 20:39:21.845909 listworker.go:111: List result:{\"code\":\"invalid_parameters\",\"error\":\"invalid_parameters: Invalid path record not found\"}\n","    utils.go:77: \u001b[31m0box-sdk        [DEBUG]  2023/01/03 20:39:21.850729 listworker.go:111: List result:{\"code\":\"invalid_parameters\",\"error\":\"invalid_parameters: Invalid path record not found\"}\n","    utils.go:77: \u001b[31merror from server list response: {\"code\":\"invalid_parameters\",\"error\":\"invalid_parameters: Invalid path record not found\"}\n","    utils.go:138: Waiting 10s...\n","    zboxcli_list_file_test.go:632: Listing individual file in allocation...\n","    utils.go:67: \u001b[33mCommand failed on attempt [1/3] due to error [exit status 1]. Output: [error from server list response: {\"code\":\"invalid_parameters\",\"error\":\"invalid_parameters: Invalid path record not found\"}]\n","    utils.go:67: \u001b[33mCommand failed on attempt [2/3] due to error [exit status 1]. Output: [error from server list response: {\"code\":\"invalid_parameters\",\"error\":\"invalid_parameters: Invalid path record not found\"}]\n","    utils.go:70: \u001b[31mCommand failed on final attempt [3/3] due to error [exit status 1]. Command String: [./zbox list --allocation 00af4382427322c8cff24f51404f3f8ac7f8e305559736240b6b4aadc06b0659 --remotepath /pugEHAmfy5_test.txt --json --silent --wallet Test___FlakyFileRename-Rename_and_delete_file_concurrently,_should_work_wallet.json --configDir ./config --config ./zbox_config.yaml] Output: [error from server list response: {\"code\":\"invalid_parameters\",\"error\":\"invalid_parameters: Invalid path record not found\"}]\n","    utils.go:73: \u001b[31mThe verbose output for the command is:\n","    utils.go:77: \u001b[31m0chain-core-sdk [INFO]   2023/01/03 20:39:36.851607 wallet_base.go:268: ******* Wallet SDK Version:v1.8.9-57-g7fbdcff ******* (SetLogFile)\n","    utils.go:77: \u001b[31m0box-sdk        [INFO]   2023/01/03 20:39:36.851641 sdk.go:73: ******* Storage SDK Version: v1.8.9-57-g7fbdcff *******\n","    utils.go:77: \u001b[31m0chain-core-sdk [INFO]   2023/01/03 20:39:36.944521 transaction_base.go:136: ******* Wallet SDK Version:v1.8.9-57-g7fbdcff ******* (InitZCNSDK)\n","    utils.go:77: \u001b[31m0box-sdk        [DEBUG]  2023/01/03 20:39:37.024468 networkworker.go:105: Get network result:{\"miners\":[\"https://dev-2.devnet-0chain.net/miner02\",\"https://dev-2.devnet-0chain.net/miner01\",\"https://dev-2.devnet-0chain.net/miner03\"],\"sharders\":[\"https://dev-2.devnet-0chain.net/sharder02\",\"https://dev-2.devnet-0chain.net/sharder01\"]}\n","    utils.go:77: \u001b[31m0box-sdk        [DEBUG]  2023/01/03 20:39:37.109706 listworker.go:111: List result:{\"code\":\"invalid_parameters\",\"error\":\"invalid_parameters: Invalid path record not found\"}\n","    utils.go:77: \u001b[31m0box-sdk        [DEBUG]  2023/01/03 20:39:37.114641 listworker.go:111: List result:{\"code\":\"invalid_parameters\",\"error\":\"invalid_parameters: Invalid path record not found\"}\n","    utils.go:77: \u001b[31m0box-sdk        [DEBUG]  2023/01/03 20:39:37.139784 listworker.go:111: List result:{\"code\":\"invalid_parameters\",\"error\":\"invalid_parameters: Invalid path record not found\"}\n","    utils.go:77: \u001b[31m0box-sdk        [DEBUG]  2023/01/03 20:39:37.143438 listworker.go:111: List result:{\"code\":\"invalid_parameters\",\"error\":\"invalid_parameters: Invalid path record not found\"}\n","    utils.go:77: \u001b[31merror from server list response: {\"code\":\"invalid_parameters\",\"error\":\"invalid_parameters: Invalid path record not found\"}\n","    flaky___flaky_test.go:325: Test case [Rename and delete file concurrently, should work] exit at [01-03-2023 20:39:37]\n","--- PASS: Test___FlakyFileRename/Rename_and_delete_file_concurrently,_should_work (328.96s)",""],"Passed":true,"Skipped":false,"TestFileName":"","TestFunctionDetail":{"Line":0,"Col":0}}]},{"FailureIndicator":"","SkippedIndicator":"skipped","TestResults":[{"TestName":"Test___FlakyScenariosCommonUserFunctions","Package":"github.com/0chain/system_test/tests/cli_tests","ElapsedTime":0,"Output":["","    flaky___flaky_test.go:25: \n","--- SKIP: Test___FlakyScenariosCommonUserFunctions (0.00s)\n",""],"Passed":false,"Skipped":true,"TestFileName":"flaky___flaky_test.go","TestFunctionDetail":{"Line":22,"Col":1}}]},{"FailureIndicator":"failed","SkippedIndicator":"","TestResults":[{"TestName":"Test___FlakyTransferAllocation","Package":"github.com/0chain/system_test/tests/cli_tests","ElapsedTime":0,"Output":["",""],"Passed":false,"Skipped":false,"TestFileName":"flaky___flaky_test.go","TestFunctionDetail":{"Line":90,"Col":1}}]},{"FailureIndicator":"failed","SkippedIndicator":"","TestResults":[{"TestName":"Test___FlakyTransferAllocation/transfer_allocation_accounting_test","Package":"github.com/0chain/system_test/tests/cli_tests","ElapsedTime":212.2,"Output":["","    flaky___flaky_test.go:93: Test case [transfer allocation accounting test] scheduled at [01-03-2023 20:29:09] \n","","","","    system_test_framework.go:84: Test case [transfer allocation accounting test] start at [01-03-2023 20:29:09] \n","    zwalletcli_register_wallet_test.go:107: Registering wallet...\n","","    zboxcli_update_allocation_test.go:585: Executing faucet...\n","","    zboxcli_create_allocation_test.go:258: Creating new allocation...\n","","    zboxcli_file_upload_test.go:728: Uploading file...\n","","    zwalletcli_register_wallet_test.go:107: Registering wallet...\n","","    zboxcli_update_allocation_test.go:585: Executing faucet...\n","    zwalletcli_register_wallet_test.go:166: Getting wallet...\n","    zboxcli_common_user_functions_test.go:215: Get Allocation...\n","    zboxcli_transfer_allocation_test.go:704: Transferring allocation ownership...\n","","    zboxcli_transfer_allocation_test.go:721: Polling for 5 minutes until allocation ownership changed...\n","    utils.go:138: Waiting 5s...\n","    zboxcli_create_dir_test.go:330: Listing all...\n","","    utils.go:67: \u001b[33mCommand failed on attempt [1/3] due to error [exit status 1]. Output: [error from server list response: {\"code\":\"invalid_parameters\",\"error\":\"invalid_parameters: Auth ticket is required\"}]\n","    utils.go:67: \u001b[33mCommand failed on attempt [2/3] due to error [exit status 1]. Output: [error from server list response: {\"code\":\"invalid_parameters\",\"error\":\"invalid_parameters: Auth ticket is required\"}]\n","    utils.go:70: \u001b[31mCommand failed on final attempt [3/3] due to error [exit status 1]. Command String: [./zbox list-all --silent --allocation 4f04da7c16f3ee312280a6b464e6d001ee3e1b3f541c489daabe417c14361f16 --wallet Test___FlakyTransferAllocation-transfer_allocation_accounting_test_NEW_OWNER_wallet.json --configDir ./config --config ./zbox_config.yaml] Output: [error from server list response: {\"code\":\"invalid_parameters\",\"error\":\"invalid_parameters: Auth ticket is required\"}]\n","    utils.go:73: \u001b[31mThe verbose output for the command is:\n","","    utils.go:77: \u001b[31m0chain-core-sdk [INFO]   2023/01/03 20:29:49.206542 wallet_base.go:268: ******* Wallet SDK Version:v1.8.9-57-g7fbdcff ******* (SetLogFile)\n","    utils.go:77: \u001b[31m0box-sdk        [INFO]   2023/01/03 20:29:49.206578 sdk.go:73: ******* Storage SDK Version: v1.8.9-57-g7fbdcff *******\n","    utils.go:77: \u001b[31m0chain-core-sdk [INFO]   2023/01/03 20:29:49.301115 transaction_base.go:136: ******* Wallet SDK Version:v1.8.9-57-g7fbdcff ******* (InitZCNSDK)\n","    utils.go:77: \u001b[31m0box-sdk        [DEBUG]  2023/01/03 20:29:49.382273 networkworker.go:105: Get network result:{\"miners\":[\"https://dev-2.devnet-0chain.net/miner03\",\"https://dev-2.devnet-0chain.net/miner02\",\"https://dev-2.devnet-0chain.net/miner01\"],\"sharders\":[\"https://dev-2.devnet-0chain.net/sharder01\",\"https://dev-2.devnet-0chain.net/sharder02\"]}\n","    utils.go:77: \u001b[31m0box-sdk        [DEBUG]  2023/01/03 20:29:49.467874 listworker.go:111: List result:{\"code\":\"invalid_parameters\",\"error\":\"invalid_parameters: Auth ticket is required\"}\n","    utils.go:77: \u001b[31m0box-sdk        [DEBUG]  2023/01/03 20:29:49.467925 listworker.go:111: List result:{\"code\":\"invalid_parameters\",\"error\":\"invalid_parameters: Auth ticket is required\"}\n","    utils.go:77: \u001b[31m0box-sdk        [DEBUG]  2023/01/03 20:29:49.495510 listworker.go:111: List result:{\"code\":\"invalid_parameters\",\"error\":\"invalid_parameters: Auth ticket is required\"}\n","    utils.go:77: \u001b[31m0box-sdk        [DEBUG]  2023/01/03 20:29:49.496283 listworker.go:111: List result:{\"code\":\"invalid_parameters\",\"error\":\"invalid_parameters: Auth ticket is required\"}\n","    utils.go:77: \u001b[31m0box-sdk        \u001b[31m[ERROR]  2023/01/03 20:29:49.496311 sync.go:82: error from server list response: {\"code\":\"invalid_parameters\",\"error\":\"invalid_parameters: Auth ticket is required\"}\n","    utils.go:77: \u001b[31m\u001b[0m\n","    utils.go:77: \u001b[31m0box-sdk        [DEBUG]  2023/01/03 20:29:49.496323 sync.go:89: Remote List: map[]\n","    utils.go:77: \u001b[31merror from server list response: {\"code\":\"invalid_parameters\",\"error\":\"invalid_parameters: Auth ticket is required\"}\n","    utils.go:138: Waiting 10s...\n","","    utils.go:138: Waiting 5s...\n","    zboxcli_create_dir_test.go:330: Listing all...\n","","    utils.go:138: Waiting 10s...\n","","    utils.go:138: Waiting 5s...\n","","    zboxcli_create_dir_test.go:330: Listing all...\n","    utils.go:138: Waiting 10s...\n","","    utils.go:138: Waiting 5s...\n","","    zboxcli_create_dir_test.go:330: Listing all...\n","    utils.go:138: Waiting 5s...\n","    utils.go:138: Waiting 2m0s...\n","","    zboxcli_upload_token_test.go:86: Getting upload cost...\n","    zboxcli_common_user_functions_test.go:215: Get Allocation...\n","    assertions.go:264: \n","        \tError Trace:\t/root/actions-runner2/_work/system_test/system_test/tests/cli_tests/flaky___flaky_test.go:175\n","        \t            \t\t\t\t/root/actions-runner2/_work/system_test/system_test/tests/cli_tests/system_test_framework.go:85\n","        \t            \t\t\t\t/root/actions-runner2/_work/system_test/system_test/tests/cli_tests/asm_amd64.s:1571\n","        \tError:      \tShould be true\n","        \tTest:       \tTest___FlakyTransferAllocation/transfer_allocation_accounting_test\n","    flaky___flaky_test.go:93: Test case [transfer allocation accounting test] exit at [01-03-2023 20:32:42]\n",""],"Passed":false,"Skipped":false,"TestFileName":"","TestFunctionDetail":{"Line":0,"Col":0}}]},{"FailureIndicator":"","SkippedIndicator":"","TestResults":[{"TestName":"Test___FlakyTransferAllocation/transfer_allocation_and_upload_file","Package":"github.com/0chain/system_test/tests/cli_tests","ElapsedTime":142.18,"Output":["","    flaky___flaky_test.go:179: Test case [transfer allocation and upload file] scheduled at [01-03-2023 20:29:09] \n","","","","    system_test_framework.go:84: Test case [transfer allocation and upload file] start at [01-03-2023 20:29:09] \n","    zwalletcli_register_wallet_test.go:107: Registering wallet...\n","","    zboxcli_update_allocation_test.go:585: Executing faucet...\n","","    zboxcli_create_allocation_test.go:258: Creating new allocation...\n","","    zwalletcli_register_wallet_test.go:166: Getting wallet...\n","    zboxcli_add_remove_curator_test.go:363: Adding curator...\n","","    zboxcli_file_upload_test.go:728: Uploading file...\n","    zwalletcli_register_wallet_test.go:107: Registering wallet...\n","","    zboxcli_update_allocation_test.go:585: Executing faucet...\n","    zwalletcli_register_wallet_test.go:166: Getting wallet...\n","    zboxcli_transfer_allocation_test.go:704: Transferring allocation ownership...\n","","    zboxcli_transfer_allocation_test.go:721: Polling for 5 minutes until allocation ownership changed...\n","    utils.go:138: Waiting 5s...\n","","    zboxcli_create_dir_test.go:330: Listing all...\n","","    utils.go:67: \u001b[33mCommand failed on attempt [1/3] due to error [exit status 1]. Output: [error from server list response: {\"code\":\"invalid_parameters\",\"error\":\"invalid_parameters: Auth ticket is required\"}]\n","    utils.go:67: \u001b[33mCommand failed on attempt [2/3] due to error [exit status 1]. Output: [error from server list response: {\"code\":\"invalid_parameters\",\"error\":\"invalid_parameters: Auth ticket is required\"}]\n","    utils.go:70: \u001b[31mCommand failed on final attempt [3/3] due to error [exit status 1]. Command String: [./zbox list-all --silent --allocation d215178623e71153f9937f982d1f5d8b2377a1d33f05c3a2d62e9242b6a49aa0 --wallet Test___FlakyTransferAllocation-transfer_allocation_and_upload_file_NEW_OWNER_wallet.json --configDir ./config --config ./zbox_config.yaml] Output: [error from server list response: {\"code\":\"invalid_parameters\",\"error\":\"invalid_parameters: Auth ticket is required\"}]\n","    utils.go:73: \u001b[31mThe verbose output for the command is:\n","    utils.go:77: \u001b[31m0chain-core-sdk [INFO]   2023/01/03 20:29:54.323513 wallet_base.go:268: ******* Wallet SDK Version:v1.8.9-57-g7fbdcff ******* (SetLogFile)\n","    utils.go:77: \u001b[31m0box-sdk        [INFO]   2023/01/03 20:29:54.323554 sdk.go:73: ******* Storage SDK Version: v1.8.9-57-g7fbdcff *******\n","    utils.go:77: \u001b[31m0chain-core-sdk [INFO]   2023/01/03 20:29:54.417552 transaction_base.go:136: ******* Wallet SDK Version:v1.8.9-57-g7fbdcff ******* (InitZCNSDK)\n","    utils.go:77: \u001b[31m0box-sdk        [DEBUG]  2023/01/03 20:29:54.496755 networkworker.go:105: Get network result:{\"miners\":[\"https://dev-2.devnet-0chain.net/miner02\",\"https://dev-2.devnet-0chain.net/miner01\",\"https://dev-2.devnet-0chain.net/miner03\"],\"sharders\":[\"https://dev-2.devnet-0chain.net/sharder01\",\"https://dev-2.devnet-0chain.net/sharder02\"]}\n","    utils.go:77: \u001b[31m0box-sdk        [DEBUG]  2023/01/03 20:29:54.584344 listworker.go:111: List result:{\"code\":\"invalid_parameters\",\"error\":\"invalid_parameters: Auth ticket is required\"}\n","    utils.go:77: \u001b[31m0box-sdk        [DEBUG]  2023/01/03 20:29:54.587631 listworker.go:111: List result:{\"code\":\"invalid_parameters\",\"error\":\"invalid_parameters: Auth ticket is required\"}\n","    utils.go:77: \u001b[31m0box-sdk        [DEBUG]  2023/01/03 20:29:54.611508 listworker.go:111: List result:{\"code\":\"invalid_parameters\",\"error\":\"invalid_parameters: Auth ticket is required\"}\n","    utils.go:77: \u001b[31m0box-sdk        [DEBUG]  2023/01/03 20:29:54.614789 listworker.go:111: List result:{\"code\":\"invalid_parameters\",\"error\":\"invalid_parameters: Auth ticket is required\"}\n","    utils.go:77: \u001b[31m0box-sdk        \u001b[31m[ERROR]  2023/01/03 20:29:54.614809 sync.go:82: error from server list response: {\"code\":\"invalid_parameters\",\"error\":\"invalid_parameters: Auth ticket is required\"}\n","    utils.go:77: \u001b[31m\u001b[0m\n","    utils.go:77: \u001b[31m0box-sdk        [DEBUG]  2023/01/03 20:29:54.614818 sync.go:89: Remote List: map[]\n","    utils.go:77: \u001b[31merror from server list response: {\"code\":\"invalid_parameters\",\"error\":\"invalid_parameters: Auth ticket is required\"}\n","    utils.go:138: Waiting 10s...\n","","    utils.go:138: Waiting 5s...\n","","    zboxcli_create_dir_test.go:330: Listing all...\n","    utils.go:67: \u001b[33mCommand failed on attempt [1/3] due to error [exit status 1]. Output: [error from server list response: {\"code\":\"invalid_parameters\",\"error\":\"invalid_parameters: Auth ticket is required\"}]\n","    utils.go:67: \u001b[33mCommand failed on attempt [2/3] due to error [exit status 1]. Output: [error from server list response: {\"code\":\"invalid_parameters\",\"error\":\"invalid_parameters: Auth ticket is required\"}]\n","    utils.go:70: \u001b[31mCommand failed on final attempt [3/3] due to error [exit status 1]. Command String: [./zbox list-all --silent --allocation d215178623e71153f9937f982d1f5d8b2377a1d33f05c3a2d62e9242b6a49aa0 --wallet Test___FlakyTransferAllocation-transfer_allocation_and_upload_file_NEW_OWNER_wallet.json --configDir ./config --config ./zbox_config.yaml] Output: [error from server list response: {\"code\":\"invalid_parameters\",\"error\":\"invalid_parameters: Auth ticket is required\"}]\n","    utils.go:73: \u001b[31mThe verbose output for the command is:\n","","    utils.go:77: \u001b[31m0chain-core-sdk [INFO]   2023/01/03 20:30:14.572521 wallet_base.go:268: ******* Wallet SDK Version:v1.8.9-57-g7fbdcff ******* (SetLogFile)\n","    utils.go:77: \u001b[31m0box-sdk        [INFO]   2023/01/03 20:30:14.572557 sdk.go:73: ******* Storage SDK Version: v1.8.9-57-g7fbdcff *******\n","    utils.go:77: \u001b[31m0chain-core-sdk [INFO]   2023/01/03 20:30:14.666768 transaction_base.go:136: ******* Wallet SDK Version:v1.8.9-57-g7fbdcff ******* (InitZCNSDK)\n","    utils.go:77: \u001b[31m0box-sdk        [DEBUG]  2023/01/03 20:30:14.748968 networkworker.go:105: Get network result:{\"miners\":[\"https://dev-2.devnet-0chain.net/miner02\",\"https://dev-2.devnet-0chain.net/miner01\",\"https://dev-2.devnet-0chain.net/miner03\"],\"sharders\":[\"https://dev-2.devnet-0chain.net/sharder02\",\"https://dev-2.devnet-0chain.net/sharder01\"]}\n","    utils.go:77: \u001b[31m0box-sdk        [DEBUG]  2023/01/03 20:30:14.835552 listworker.go:111: List result:{\"code\":\"invalid_parameters\",\"error\":\"invalid_parameters: Auth ticket is required\"}\n","    utils.go:77: \u001b[31m0box-sdk        [DEBUG]  2023/01/03 20:30:14.836094 listworker.go:111: List result:{\"code\":\"invalid_parameters\",\"error\":\"invalid_parameters: Auth ticket is required\"}\n","    utils.go:77: \u001b[31m0box-sdk        [DEBUG]  2023/01/03 20:30:14.863185 listworker.go:111: List result:{\"code\":\"invalid_parameters\",\"error\":\"invalid_parameters: Auth ticket is required\"}\n","    utils.go:77: \u001b[31m0box-sdk        [DEBUG]  2023/01/03 20:30:14.863207 listworker.go:111: List result:{\"code\":\"invalid_parameters\",\"error\":\"invalid_parameters: Auth ticket is required\"}\n","    utils.go:77: \u001b[31m0box-sdk        \u001b[31m[ERROR]  2023/01/03 20:30:14.863234 sync.go:82: error from server list response: {\"code\":\"invalid_parameters\",\"error\":\"invalid_parameters: Auth ticket is required\"}\n","    utils.go:77: \u001b[31m\u001b[0m\n","    utils.go:77: \u001b[31m0box-sdk        [DEBUG]  2023/01/03 20:30:14.863243 sync.go:89: Remote List: map[]\n","    utils.go:77: \u001b[31merror from server list response: {\"code\":\"invalid_parameters\",\"error\":\"invalid_parameters: Auth ticket is required\"}\n","    utils.go:138: Waiting 10s...\n","","    utils.go:138: Waiting 5s...\n","    zboxcli_create_dir_test.go:330: Listing all...\n","","    utils.go:67: \u001b[33mCommand failed on attempt [1/3] due to error [exit status 1]. Output: [error from server list response: {\"code\":\"invalid_parameters\",\"error\":\"invalid_parameters: Auth ticket is required\"}]\n","    utils.go:67: \u001b[33mCommand failed on attempt [2/3] due to error [exit status 1]. Output: [error from server list response: {\"code\":\"invalid_parameters\",\"error\":\"invalid_parameters: Auth ticket is required\"}]\n","    utils.go:70: \u001b[31mCommand failed on final attempt [3/3] due to error [exit status 1]. Command String: [./zbox list-all --silent --allocation d215178623e71153f9937f982d1f5d8b2377a1d33f05c3a2d62e9242b6a49aa0 --wallet Test___FlakyTransferAllocation-transfer_allocation_and_upload_file_NEW_OWNER_wallet.json --configDir ./config --config ./zbox_config.yaml] Output: [error from server list response: {\"code\":\"invalid_parameters\",\"error\":\"invalid_parameters: Auth ticket is required\"}]\n","    utils.go:73: \u001b[31mThe verbose output for the command is:\n","    utils.go:77: \u001b[31m0chain-core-sdk [INFO]   2023/01/03 20:30:34.861177 wallet_base.go:268: ******* Wallet SDK Version:v1.8.9-57-g7fbdcff ******* (SetLogFile)\n","    utils.go:77: \u001b[31m0box-sdk        [INFO]   2023/01/03 20:30:34.861210 sdk.go:73: ******* Storage SDK Version: v1.8.9-57-g7fbdcff *******\n","    utils.go:77: \u001b[31m0chain-core-sdk [INFO]   2023/01/03 20:30:34.958307 transaction_base.go:136: ******* Wallet SDK Version:v1.8.9-57-g7fbdcff ******* (InitZCNSDK)\n","    utils.go:77: \u001b[31m0box-sdk        [DEBUG]  2023/01/03 20:30:35.037675 networkworker.go:105: Get network result:{\"miners\":[\"https://dev-2.devnet-0chain.net/miner02\",\"https://dev-2.devnet-0chain.net/miner01\",\"https://dev-2.devnet-0chain.net/miner03\"],\"sharders\":[\"https://dev-2.devnet-0chain.net/sharder02\",\"https://dev-2.devnet-0chain.net/sharder01\"]}\n","    utils.go:77: \u001b[31m0box-sdk        [DEBUG]  2023/01/03 20:30:35.135813 listworker.go:111: List result:{\"code\":\"invalid_parameters\",\"error\":\"invalid_parameters: Auth ticket is required\"}\n","    utils.go:77: \u001b[31m0box-sdk        [DEBUG]  2023/01/03 20:30:35.136569 listworker.go:111: List result:{\"code\":\"invalid_parameters\",\"error\":\"invalid_parameters: Auth ticket is required\"}\n","    utils.go:77: \u001b[31m0box-sdk        [DEBUG]  2023/01/03 20:30:35.162725 listworker.go:111: List result:{\"code\":\"invalid_parameters\",\"error\":\"invalid_parameters: Auth ticket is required\"}\n","    utils.go:77: \u001b[31m0box-sdk        [DEBUG]  2023/01/03 20:30:35.163056 listworker.go:111: List result:{\"code\":\"invalid_parameters\",\"error\":\"invalid_parameters: Auth ticket is required\"}\n","    utils.go:77: \u001b[31m0box-sdk        \u001b[31m[ERROR]  2023/01/03 20:30:35.163086 sync.go:82: error from server list response: {\"code\":\"invalid_parameters\",\"error\":\"invalid_parameters: Auth ticket is required\"}\n","    utils.go:77: \u001b[31m\u001b[0m\n","    utils.go:77: \u001b[31m0box-sdk        [DEBUG]  2023/01/03 20:30:35.163099 sync.go:89: Remote List: map[]\n","    utils.go:77: \u001b[31merror from server list response: {\"code\":\"invalid_parameters\",\"error\":\"invalid_parameters: Auth ticket is required\"}\n","    utils.go:138: Waiting 10s...\n","","    utils.go:138: Waiting 5s...\n","    zboxcli_create_dir_test.go:330: Listing all...\n","    utils.go:67: \u001b[33mCommand failed on attempt [1/3] due to error [exit status 1]. Output: [error from server list response: {\"code\":\"invalid_parameters\",\"error\":\"invalid_parameters: Auth ticket is required\"}]\n","    utils.go:67: \u001b[33mCommand failed on attempt [2/3] due to error [exit status 1]. Output: [error from server list response: {\"code\":\"invalid_parameters\",\"error\":\"invalid_parameters: Auth ticket is required\"}]\n","    utils.go:70: \u001b[31mCommand failed on final attempt [3/3] due to error [exit status 1]. Command String: [./zbox list-all --silent --allocation d215178623e71153f9937f982d1f5d8b2377a1d33f05c3a2d62e9242b6a49aa0 --wallet Test___FlakyTransferAllocation-transfer_allocation_and_upload_file_NEW_OWNER_wallet.json --configDir ./config --config ./zbox_config.yaml] Output: [error from server list response: {\"code\":\"invalid_parameters\",\"error\":\"invalid_parameters: Auth ticket is required\"}]\n","    utils.go:73: \u001b[31mThe verbose output for the command is:\n","    utils.go:77: \u001b[31m0chain-core-sdk [INFO]   2023/01/03 20:30:55.117863 wallet_base.go:268: ******* Wallet SDK Version:v1.8.9-57-g7fbdcff ******* (SetLogFile)\n","    utils.go:77: \u001b[31m0box-sdk        [INFO]   2023/01/03 20:30:55.117897 sdk.go:73: ******* Storage SDK Version: v1.8.9-57-g7fbdcff *******\n","    utils.go:77: \u001b[31m0chain-core-sdk [INFO]   2023/01/03 20:30:55.210758 transaction_base.go:136: ******* Wallet SDK Version:v1.8.9-57-g7fbdcff ******* (InitZCNSDK)\n","    utils.go:77: \u001b[31m0box-sdk        [DEBUG]  2023/01/03 20:30:55.290122 networkworker.go:105: Get network result:{\"miners\":[\"https://dev-2.devnet-0chain.net/miner02\",\"https://dev-2.devnet-0chain.net/miner01\",\"https://dev-2.devnet-0chain.net/miner03\"],\"sharders\":[\"https://dev-2.devnet-0chain.net/sharder01\",\"https://dev-2.devnet-0chain.net/sharder02\"]}\n","    utils.go:77: \u001b[31m0box-sdk        [DEBUG]  2023/01/03 20:30:55.375956 listworker.go:111: List result:{\"code\":\"invalid_parameters\",\"error\":\"invalid_parameters: Auth ticket is required\"}\n","    utils.go:77: \u001b[31m0box-sdk        [DEBUG]  2023/01/03 20:30:55.379161 listworker.go:111: List result:{\"code\":\"invalid_parameters\",\"error\":\"invalid_parameters: Auth ticket is required\"}\n","    utils.go:77: \u001b[31m0box-sdk        [DEBUG]  2023/01/03 20:30:55.406737 listworker.go:111: List result:{\"code\":\"invalid_parameters\",\"error\":\"invalid_parameters: Auth ticket is required\"}\n","    utils.go:77: \u001b[31m0box-sdk        [DEBUG]  2023/01/03 20:30:55.408113 listworker.go:111: List result:{\"code\":\"invalid_parameters\",\"error\":\"invalid_parameters: Auth ticket is required\"}\n","    utils.go:77: \u001b[31m0box-sdk        \u001b[31m[ERROR]  2023/01/03 20:30:55.408137 sync.go:82: error from server list response: {\"code\":\"invalid_parameters\",\"error\":\"invalid_parameters: Auth ticket is required\"}\n","    utils.go:77: \u001b[31m\u001b[0m\n","    utils.go:77: \u001b[31m0box-sdk        [DEBUG]  2023/01/03 20:30:55.408152 sync.go:89: Remote List: map[]\n","    utils.go:77: \u001b[31merror from server list response: {\"code\":\"invalid_parameters\",\"error\":\"invalid_parameters: Auth ticket is required\"}\n","    utils.go:138: Waiting 10s...\n","    utils.go:138: Waiting 5s...\n","    zboxcli_create_dir_test.go:330: Listing all...\n","    utils.go:138: Waiting 10s...\n","    utils.go:138: Waiting 5s...\n","    zboxcli_create_dir_test.go:330: Listing all...\n","    zboxcli_wp_lock_unlock_test.go:367: Locking write tokens...\n","    zboxcli_file_upload_test.go:728: Uploading file...\n","    flaky___flaky_test.go:179: Test case [transfer allocation and upload file] exit at [01-03-2023 20:31:32]\n","--- PASS: Test___FlakyTransferAllocation/transfer_allocation_and_upload_file (142.18s)",""],"Passed":true,"Skipped":false,"TestFileName":"","TestFunctionDetail":{"Line":0,"Col":0}}]}]

    const report = window.GoTestReport({
                                         data: data,
                                         testResultsElem: document.getElementById('testResults'),
                                         testGroupListElem: document.getElementById('testGroupList')
                                       });


</script>
</body>
</html>
