<!DOCTYPE html>
<html lang="en">
<head>
    <meta charset="UTF-8">
    <title>0Chain S3 CLI System tests [fix_challenge/1daffd83] ran against [dev-2.devnet-0chain.net] at [2023-09-01_22.17.42]</title>
    <style type="text/css">
        body {
            font-family: sans-serif;
            background-color: #f3f3f3;
            border-top: 2px #dee6e8 solid;
            margin: 0;
        }

        div.pageHeader span.projectTitle {
            font-family: serif;
            font-size: 2em;
            padding-left: 56px;
            padding-top: 80px;
            display: block;
            color: #a5a5a5;
            text-shadow: 0 -1px 1px white;
        }

        div.pageHeader div.testStats {
            position: absolute;
            top: 7px;
            right: 52px;
            font-size: 0.8em;
            color: #a2a2a2;
        }

        div.pageHeader div.testStats span.indicator {
            font-size: 2em;
            position: relative;
            top: 5px;
            text-shadow: 0 1px 0 white;
        }

        div.pageHeader div.testStats span strong {
            margin-right: 16px;
        }

        div.pageHeader div.testStats span.total {
            border-right: 1px #afafaf dotted;
            background: #8298af;
        }

        div.pageHeader div.testStats span.passed {
            border-right: 1px #afafaf dotted;
            background: #6fca83;
        }

        div.pageHeader div.testStats span.skipped {
            background: #bababa;
        }

        div.pageHeader div.testStats span.failed {
            background: #ff7676;
        }

        div.pageHeader div.testStats span {
            margin-right: 1px;
            height: 55px;
            padding: 20px 8px 18px;
            color: white;
        }

        div.pageHeader .testGroupsTitle {
            margin: 16px 32px 8px 40px;
            font-size: 0.9em;
            color: darkgrey;
            display: inline-block;
        }

        div.pageHeader .testExecutionDate {
            display: inline-block;
            position: absolute;
            right: 10px;
            margin: 14px 32px 8px 40px;
            color: #9e9e9e;
            font-size: 0.9em;
        }

        .testReportContainer {
            padding: 0 32px 32px 32px;
        }

        .cardContainer {
            padding: 16px 16px 16px;
            box-shadow: 0 4px 4px #d4d4d4;
            background-color: white;
        }

        #testResults {
            display: flex;
            flex-wrap: wrap;
        }

        .testResultGroup {
            width: 24px;
            height: 24px;
            background-color: #43c143;
            margin-left: 1px;
            margin-bottom: 1px;
            box-sizing: border-box;
        }

        .testResultGroup.selected {
            border: 1px white solid;
            background-color: black !important;
        }

        .testResultGroup.skipped {
            border: 2px gray solid;
        }

        .testResultGroup.failed {
            background-color: red;
        }

        .cardContainer.testGroupList,
        .cardContainer.testDetail {
            margin-top: 16px;
            padding: 16px;
        }

        .cardContainer.testGroupList {
            color: #9c9c9c;
            padding: 0;
        }

        .cardContainer.testGroupList .testGroupRow {
            cursor: default;
            border-bottom: 1px #dadada dotted;
        }

        .cardContainer.testGroupList .testGroupRow span.testStatus {
            font-size: 1.2em;
            font-weight: bold;
            color: #139e13;
            pointer-events: none;
            display: inline-block;
            overflow: hidden;
            float: left;
            padding-top: 10px;
            padding-left: 20px;
            padding-right: 12px;
        }

        .cardContainer.testGroupList .testGroupRow span.testStatus.skipped {
            color: gray;
        }

        .cardContainer.testGroupList .testGroupRow span.testStatus.failed {
            color: red;
        }

        .cardContainer.testGroupList .testGroupRow span.testTitle {
            font-size: 0.9em;
            padding: 12px 0 10px;
            display: inline-block;
            pointer-events: none;
            color: #525252;
            text-overflow: ellipsis;
            overflow: hidden;
            width: calc(100% - 110px);
        }

        .cardContainer.testGroupList .testGroupRow span.testDuration {
            pointer-events: none;
        }

        .cardContainer.testGroupList .testGroupRow {
            position: relative;
            border-left: 4px #43c143 solid;
        }

        .cardContainer.testGroupList .testGroupRow.skipped {
            color: gray;
            border-left: 4px gray solid;
        }

        .cardContainer.testGroupList .testGroupRow.failed {
            color: red;
            border-left: 4px red solid;
        }

        .cardContainer.testGroupList .testGroupRow:hover {
            background-color: #fffaea;
            transition: 0.250s;
        }

        .cardContainer .testOutput {
            padding: 8px 16px 24px 16px;
        }

        .cardContainer .console {
            display: block;
            font-family: monospace;
            padding: 10px;
            background-color: #424242;
            color: #1aff00;
            border-bottom: 1px #1aff00 dotted;
            overflow: auto;
            font-size: 1.1em;
        }

        .cardContainer .testOutput .testDetail {
            border-bottom: 1px #d0d0d0 solid;
            padding: 16px;
            background-color: #e6e6e6;
            border-radius: 0 0 4px 4px;
            color: dimgrey;
            font-size: 0.8em;
        }

        .cardContainer .console.skipped{
            color: #d9d9d9;
        }

        .cardContainer .console.failed {
            color: #ffb2b2;
        }

        .cardContainer .testDuration {
            position: absolute;
            top: 5px;
            right: 8px;
            text-align: right;
            padding-right: 8px;
            box-sizing: border-box;
        }
    </style>
</head>
<body>
<div class="pageHeader">
    <span class="projectTitle">0Chain S3 CLI System tests [fix_challenge/1daffd83] ran against [dev-2.devnet-0chain.net] at [2023-09-01_22.17.42]</span>
    <div class="testStats">
        <span class="total"><span class="indicator">&boxbox;</span> Total: <strong>33</strong>Duration: <strong>6ms</strong>
        </span><span class="passed"><span class="indicator">&check;</span> Passed: <strong>0</strong>
        </span><span class="skipped"><span class="indicator">&dash;</span> Skipped: <strong>0</strong>
        </span><span class="failed"><span class="indicator">&cross;</span> Failed: <strong>33</strong>
        </span>
    </div>
    <span class="testGroupsTitle">Test Groups:</span>
    <span class="testExecutionDate">September 1, 2023 22:43:10</span>
</div>
<div class="testReportContainer">
    <div class="cardContainer">
        <div id="testResults">
            
                <div class="testResultGroup failed " id="0"></div>
            
                <div class="testResultGroup failed " id="1"></div>
            
                <div class="testResultGroup failed " id="2"></div>
            
                <div class="testResultGroup failed " id="3"></div>
            
                <div class="testResultGroup failed " id="4"></div>
            
                <div class="testResultGroup failed " id="5"></div>
            
                <div class="testResultGroup failed " id="6"></div>
            
                <div class="testResultGroup failed " id="7"></div>
            
                <div class="testResultGroup failed " id="8"></div>
            
                <div class="testResultGroup failed " id="9"></div>
            
                <div class="testResultGroup failed " id="10"></div>
            
                <div class="testResultGroup failed " id="11"></div>
            
                <div class="testResultGroup failed " id="12"></div>
            
                <div class="testResultGroup failed " id="13"></div>
            
                <div class="testResultGroup failed " id="14"></div>
            
                <div class="testResultGroup failed " id="15"></div>
            
                <div class="testResultGroup failed " id="16"></div>
            
                <div class="testResultGroup failed " id="17"></div>
            
                <div class="testResultGroup failed " id="18"></div>
            
                <div class="testResultGroup failed " id="19"></div>
            
                <div class="testResultGroup failed " id="20"></div>
            
                <div class="testResultGroup failed " id="21"></div>
            
                <div class="testResultGroup failed " id="22"></div>
            
                <div class="testResultGroup failed " id="23"></div>
            
                <div class="testResultGroup failed " id="24"></div>
            
                <div class="testResultGroup failed " id="25"></div>
            
                <div class="testResultGroup failed " id="26"></div>
            
                <div class="testResultGroup failed " id="27"></div>
            
                <div class="testResultGroup failed " id="28"></div>
            
                <div class="testResultGroup failed " id="29"></div>
            
                <div class="testResultGroup failed " id="30"></div>
            
                <div class="testResultGroup failed " id="31"></div>
            
                <div class="testResultGroup failed " id="32"></div>
            
        </div>
    </div>
    <div class="cardContainer testGroupList" id="testGroupList"></div>
</div>
<script type="application/javascript">
    /**
 * @typedef TestStatus
 * @property {string} TestName
 * @property {string} Package
 * @property {number} ElapsedTime
 * @property {Array.<string>} Output
 * @property {boolean} Passed
 * @property {boolean} Skipped
 */
class TestStatus {}

/**
 * @typedef TestGroupData
 * @type {object}
 * @property {string} FailureIndicator
 * @property {string} SkippedIndicator
 * @property {Array.<TestStatus>}
 */
class TestGroupData {}

/**
 * @typedef TestResults
 * @type {Array.<TestGroupData>}
 */
class TestResults extends Array {}

/**
 * @typedef SelectedItems
 * @property {HTMLElement|EventTarget} testResults
 * @property {String} selectedTestGroupColor
 */
class SelectedItems {}

/**
 * @typedef GoTestReportElements
 * @property {TestResults} data
 * @property {HTMLElement} testResultsElem
 * @property {HTMLElement} testGroupListElem
 */
class GoTestReportElements {}


/**
 * Main entry point for GoTestReport.
 * @param {GoTestReportElements} elements
 * @returns {{testResultsClickHandler: testResultsClickHandler}}
 * @constructor
 */
window.GoTestReport = function (elements) {
  const /**@type {SelectedItems}*/ selectedItems = {
    testResults: null,
    selectedTestGroupColor: null
  }

  function addEventData(event) {
    if (event.data == null) {
      event.data = {target: event.target}
    }
    return event
  }


  const goTestReport = {
    /**
     * Invoked when a user clicks on one of the test group div elements.
     * @param {HTMLElement} target The element associated with the test group.
     * @param {boolean} shiftKey If pressed, all of test detail associated to the test group is shown.
     * @param {TestResults} data
     * @param {SelectedItems} selectedItems
     * @param {function(target: Element, data: TestResults)} testGroupListHandler
     */
    testResultsClickHandler: function (target,
                                       shiftKey,
                                       data,
                                       selectedItems,
                                       testGroupListHandler) {

      if (target.classList.contains('testResultGroup') === false) {
        return
      }
      if (selectedItems.testResults != null) {
        let testResultsElement = /**@type {HTMLElement}*/ selectedItems.testResults
        testResultsElement.classList.remove("selected")
        testResultsElement.style.backgroundColor = selectedItems.selectedTestGroupColor
      }
      const testGroupId = /**@type {number}*/ target.id
      if ((target.id === undefined)
        || (data[testGroupId] === undefined)
        || (data[testGroupId]['TestResults'] === undefined)) {
        return
      }
      const testResults = /**@type {TestResults}*/ data[testGroupId]['TestResults']
      let testGroupList = /**@type {string}*/ ''
      selectedItems.selectedTestGroupColor = getComputedStyle(target).getPropertyValue('background-color')
      selectedItems.testResults = target
      target.classList.add("selected")
      for (let i = 0; i < testResults.length; i++) {
        const testResult = /**@type {TestGroupData}*/ testResults[i]
        const testPassed = /**@type {boolean}*/ testResult.Passed
        const testSkipped = /**@type {boolean}*/ testResult.Skipped
        const testPassedStatus = /**@type {string}*/ (testPassed) ? '' : (testSkipped ? 'skipped' : 'failed')
        const testId = /**@type {string}*/ target.attributes['id'].value
        testGroupList += `<div class="testGroupRow ${testPassedStatus}" data-groupid="${testId}" data-index="${i}">
        <span class="testStatus ${testPassedStatus}">${(testPassed) ? '&check' : (testSkipped ? '&dash' : '&cross')};</span>
        <span class="testTitle">${testResult.TestName}</span>
        <span class="testDuration"><span>${testResult.ElapsedTime}s </span>‚è±</span>
      </div>`
      }
      const testGroupListElem = elements.testGroupListElem
      testGroupListElem.innerHTML = ''
      testGroupListElem.innerHTML = testGroupList

      if (shiftKey) {
        testGroupListElem.querySelectorAll('.testGroupRow')
                         .forEach((elem) => testGroupListHandler(elem, data))
      } else if (testResults.length === 1) {
        testGroupListHandler(testGroupListElem.querySelector('.testGroupRow'), data)
      }
    },

    /**
     *
     * @param {Element} target
     * @param {TestResults} data
     */
    testGroupListHandler: function (target, data) {
      const attribs = target['attributes']
      if (attribs.hasOwnProperty('data-groupid')) {
        const groupId = /**@type {number}*/ attribs['data-groupid'].value
        const testIndex = /**@type {number}*/ attribs['data-index'].value
        const testStatus = /**@type {TestStatus}*/ data[groupId]['TestResults'][testIndex]
        const testOutputDiv = /**@type {HTMLDivElement}*/ target.querySelector('div.testOutput')

        if (testOutputDiv == null) {
          const testOutputDiv = document.createElement('div')
          testOutputDiv.classList.add('testOutput')
          const consolePre = document.createElement('pre')
          consolePre.classList.add('console')
          const testDetailDiv = document.createElement('div')
          testDetailDiv.classList.add('testDetail')
          const packageNameDiv = document.createElement('div')
          packageNameDiv.classList.add('package')
          packageNameDiv.innerHTML = `<strong>Package:</strong> ${testStatus.Package}`
          const testFileNameDiv = document.createElement('div')
          testFileNameDiv.classList.add('filename')
          if (testStatus.TestFileName.trim() === "") {
            testFileNameDiv.innerHTML = `<strong>Filename:</strong> n/a &nbsp;&nbsp;`
          } else {
            testFileNameDiv.innerHTML = `<strong>Filename:</strong> ${testStatus.TestFileName} &nbsp;&nbsp;`
            testFileNameDiv.innerHTML += `<strong>Line:</strong> ${testStatus.TestFunctionDetail.Line} `
            testFileNameDiv.innerHTML += `<strong>Col:</strong> ${testStatus.TestFunctionDetail.Col}`
          }
          testDetailDiv.insertAdjacentElement('beforeend', packageNameDiv)
          testDetailDiv.insertAdjacentElement('beforeend', testFileNameDiv)
          testOutputDiv.insertAdjacentElement('afterbegin', consolePre)
          testOutputDiv.insertAdjacentElement('beforeend', testDetailDiv)
          target.insertAdjacentElement('beforeend', testOutputDiv)

          if (testStatus.Passed) {
            consolePre.classList.remove('skipped')
            consolePre.classList.remove('failed')
          } else if (testStatus.Skipped) {
            consolePre.classList.add('skipped')
            consolePre.classList.remove('failed')
          } else {
            consolePre.classList.remove('skipped')
            consolePre.classList.add('failed')
          }
          consolePre.textContent = testStatus.Output.join('')
        } else {
          testOutputDiv.remove()
        }
      }
    }
  }

  //+------------------------+
  //|    setup DOM events    |
  //+------------------------+
  elements.testResultsElem
          .addEventListener('click', event =>
            goTestReport.testResultsClickHandler(/**@type {HTMLElement}*/ addEventData(event).data.target,
                                                 event.shiftKey,
                                                 elements.data,
                                                 selectedItems,
                                                 goTestReport.testGroupListHandler))

  elements.testGroupListElem
          .addEventListener('click', event =>
            goTestReport.testGroupListHandler(/**@type {Element}*/ event.target,
                                              elements.data))

  return goTestReport
}


    

    const data = [{"FailureIndicator":"failed","SkippedIndicator":"","TestResults":[{"TestName":"Test0S3Migration","Package":"github.com/0chain/system_test/tests/cli_tests","ElapsedTime":122.17,"Output":["",""],"Passed":false,"Skipped":false,"TestFileName":"0_s3mgrt_migrate_test.go","TestFunctionDetail":{"Line":14,"Col":1}}]},{"FailureIndicator":"failed","SkippedIndicator":"","TestResults":[{"TestName":"Test0S3Migration/Should_fail_when_access_and_secret_key_invalid","Package":"github.com/0chain/system_test/tests/cli_tests","ElapsedTime":10.17,"Output":["","    0_s3mgrt_migrate_test.go:209: Test case [Should fail when access and secret key invalid] scheduled at [09-01-2023 22:42:50] \n","    system_test_framework.go:149: Test case [Should fail when access and secret key invalid] start at [09-01-2023 22:42:50] \n","    zwalletcli_register_wallet_test.go:123: creating wallet...\n","    zboxcli_update_allocation_test.go:950: Executing faucet...\n","    utils.go:82: \u001b[33mCommand failed on attempt [1/3] due to error [exit status 1]. Output: [UpdateNetworkDetails: get_network_details_error: Unable to get http request with 503 Service Unavailable -\u003cNEWLINE\u003e- get_network_details_error: Unable to get http request with 503 Service Unavailable]\n","    utils.go:82: \u001b[33mCommand failed on attempt [2/3] due to error [exit status 1]. Output: [UpdateNetworkDetails: get_network_details_error: Unable to get http request with 503 Service Unavailable -\u003cNEWLINE\u003e- get_network_details_error: Unable to get http request with 503 Service Unavailable]\n","    utils.go:98: \u001b[31mCommand failed on final attempt [3/3] due to error [exit status 1]. Command String: [] Output: [UpdateNetworkDetails: get_network_details_error: Unable to get http request with 503 Service Unavailable -\u003cNEWLINE\u003e- get_network_details_error: Unable to get http request with 503 Service Unavailable]\n","    utils.go:101: \u001b[31mThe verbose output for the command is:\n","    utils.go:105: \u001b[31m0chain-core-sdk [INFO]   2023/09/01 22:43:00.219128 wallet_base.go:329: ******* Wallet SDK Version:v1.8.17-78-g80b63345 ******* (SetLogFile)\n","    utils.go:105: \u001b[31m0chain-core-sdk \u001b[31m[ERROR]  2023/09/01 22:43:00.243438 networkworker.go:52: Failed to update network details {error 26 0  get_network_details_error: Unable to get http request with 503 Service Unavailable}\u001b[0m\n","    utils.go:105: \u001b[31mUpdateNetworkDetails: get_network_details_error: Unable to get http request with 503 Service Unavailable\n","    utils.go:105: \u001b[31mget_network_details_error: Unable to get http request with 503 Service Unavailable\n","    zwalletcli_register_wallet_test.go:140: faucet output: [UpdateNetworkDetails: get_network_details_error: Unable to get http request with 503 Service Unavailable get_network_details_error: Unable to get http request with 503 Service Unavailable]\n","    assertions.go:333: \n","        \tError Trace:\t/root/actions-runner2/_work/system_test/system_test/tests/cli_tests/zboxcli_update_allocation_test.go:834\n","        \t            \t\t\t\t/root/actions-runner2/_work/system_test/system_test/tests/cli_tests/zboxcli_update_allocation_test.go:810\n","        \t            \t\t\t\t/root/actions-runner2/_work/system_test/system_test/tests/cli_tests/0_s3mgrt_migrate_test.go:211\n","        \t            \t\t\t\t/root/actions-runner2/_work/system_test/system_test/internal/api/util/test/system_test_framework.go:150\n","        \t            \t\t\t\t/usr/local/go/src/runtime/asm_amd64.s:1598\n","        \tError:      \tExpected nil, but got: \u0026exec.ExitError{ProcessState:(*os.ProcessState)(0xc000156dc8), Stderr:[]uint8(nil)}\n","        \tTest:       \tTest0S3Migration/Should_fail_when_access_and_secret_key_invalid\n","        \tMessages:   \tcreating wallet failed%!(EXTRA string=UpdateNetworkDetails: get_network_details_error: Unable to get http request with 503 Service Unavailable\n","        \t            \tget_network_details_error: Unable to get http request with 503 Service Unavailable)\n","    0_s3mgrt_migrate_test.go:209: Test case [Should fail when access and secret key invalid] exit at [09-01-2023 22:43:00]\n",""],"Passed":false,"Skipped":false,"TestFileName":"","TestFunctionDetail":{"Line":0,"Col":0}}]},{"FailureIndicator":"failed","SkippedIndicator":"","TestResults":[{"TestName":"Test0S3Migration/Should_fail_when_access_and_secret_key_missing","Package":"github.com/0chain/system_test/tests/cli_tests","ElapsedTime":10.18,"Output":["","    0_s3mgrt_migrate_test.go:228: Test case [Should fail when access and secret key missing] scheduled at [09-01-2023 22:43:00] \n","    system_test_framework.go:149: Test case [Should fail when access and secret key missing] start at [09-01-2023 22:43:00] \n","    zwalletcli_register_wallet_test.go:123: creating wallet...\n","    zboxcli_update_allocation_test.go:950: Executing faucet...\n","    utils.go:82: \u001b[33mCommand failed on attempt [1/3] due to error [exit status 1]. Output: [UpdateNetworkDetails: get_network_details_error: Unable to get http request with 503 Service Unavailable -\u003cNEWLINE\u003e- get_network_details_error: Unable to get http request with 503 Service Unavailable]\n","    utils.go:82: \u001b[33mCommand failed on attempt [2/3] due to error [exit status 1]. Output: [UpdateNetworkDetails: get_network_details_error: Unable to get http request with 503 Service Unavailable -\u003cNEWLINE\u003e- get_network_details_error: Unable to get http request with 503 Service Unavailable]\n","    utils.go:98: \u001b[31mCommand failed on final attempt [3/3] due to error [exit status 1]. Command String: [] Output: [UpdateNetworkDetails: get_network_details_error: Unable to get http request with 503 Service Unavailable -\u003cNEWLINE\u003e- get_network_details_error: Unable to get http request with 503 Service Unavailable]\n","    utils.go:101: \u001b[31mThe verbose output for the command is:\n","    utils.go:105: \u001b[31m0chain-core-sdk [INFO]   2023/09/01 22:43:10.401586 wallet_base.go:329: ******* Wallet SDK Version:v1.8.17-78-g80b63345 ******* (SetLogFile)\n","    utils.go:105: \u001b[31m0chain-core-sdk \u001b[31m[ERROR]  2023/09/01 22:43:10.422520 networkworker.go:52: Failed to update network details {error 26 0  get_network_details_error: Unable to get http request with 503 Service Unavailable}\u001b[0m\n","    utils.go:105: \u001b[31mUpdateNetworkDetails: get_network_details_error: Unable to get http request with 503 Service Unavailable\n","    utils.go:105: \u001b[31mget_network_details_error: Unable to get http request with 503 Service Unavailable\n","    zwalletcli_register_wallet_test.go:140: faucet output: [UpdateNetworkDetails: get_network_details_error: Unable to get http request with 503 Service Unavailable get_network_details_error: Unable to get http request with 503 Service Unavailable]\n","    assertions.go:333: \n","        \tError Trace:\t/root/actions-runner2/_work/system_test/system_test/tests/cli_tests/zboxcli_update_allocation_test.go:834\n","        \t            \t\t\t\t/root/actions-runner2/_work/system_test/system_test/tests/cli_tests/zboxcli_update_allocation_test.go:810\n","        \t            \t\t\t\t/root/actions-runner2/_work/system_test/system_test/tests/cli_tests/0_s3mgrt_migrate_test.go:230\n","        \t            \t\t\t\t/root/actions-runner2/_work/system_test/system_test/internal/api/util/test/system_test_framework.go:150\n","        \t            \t\t\t\t/usr/local/go/src/runtime/asm_amd64.s:1598\n","        \tError:      \tExpected nil, but got: \u0026exec.ExitError{ProcessState:(*os.ProcessState)(0xc000156de0), Stderr:[]uint8(nil)}\n","        \tTest:       \tTest0S3Migration/Should_fail_when_access_and_secret_key_missing\n","        \tMessages:   \tcreating wallet failed%!(EXTRA string=UpdateNetworkDetails: get_network_details_error: Unable to get http request with 503 Service Unavailable\n","        \t            \tget_network_details_error: Unable to get http request with 503 Service Unavailable)\n","    0_s3mgrt_migrate_test.go:228: Test case [Should fail when access and secret key missing] exit at [09-01-2023 22:43:10]\n",""],"Passed":false,"Skipped":false,"TestFileName":"","TestFunctionDetail":{"Line":0,"Col":0}}]},{"FailureIndicator":"failed","SkippedIndicator":"","TestResults":[{"TestName":"Test0S3Migration/Should_fail_when_access_key_invalid","Package":"github.com/0chain/system_test/tests/cli_tests","ElapsedTime":10.13,"Output":["","    0_s3mgrt_migrate_test.go:135: Test case [Should fail when access key invalid] scheduled at [09-01-2023 22:42:09] \n","    system_test_framework.go:149: Test case [Should fail when access key invalid] start at [09-01-2023 22:42:09] \n","    zwalletcli_register_wallet_test.go:123: creating wallet...\n","    zboxcli_update_allocation_test.go:950: Executing faucet...\n","    utils.go:82: \u001b[33mCommand failed on attempt [1/3] due to error [exit status 1]. Output: [UpdateNetworkDetails: get_network_details_error: Unable to get http request with 404 Not Found -\u003cNEWLINE\u003e- get_network_details_error: Unable to get http request with 404 Not Found]\n","    utils.go:82: \u001b[33mCommand failed on attempt [2/3] due to error [exit status 1]. Output: [UpdateNetworkDetails: get_network_details_error: Unable to get http request with 404 Not Found -\u003cNEWLINE\u003e- get_network_details_error: Unable to get http request with 404 Not Found]\n","    utils.go:98: \u001b[31mCommand failed on final attempt [3/3] due to error [exit status 1]. Command String: [] Output: [UpdateNetworkDetails: get_network_details_error: Unable to get http request with 404 Not Found -\u003cNEWLINE\u003e- get_network_details_error: Unable to get http request with 404 Not Found]\n","    utils.go:101: \u001b[31mThe verbose output for the command is:\n","    utils.go:105: \u001b[31m0chain-core-sdk [INFO]   2023/09/01 22:42:19.474027 wallet_base.go:329: ******* Wallet SDK Version:v1.8.17-78-g80b63345 ******* (SetLogFile)\n","    utils.go:105: \u001b[31m0chain-core-sdk \u001b[31m[ERROR]  2023/09/01 22:42:19.489952 networkworker.go:52: Failed to update network details {error 26 0  get_network_details_error: Unable to get http request with 404 Not Found}\u001b[0m\n","    utils.go:105: \u001b[31mUpdateNetworkDetails: get_network_details_error: Unable to get http request with 404 Not Found\n","    utils.go:105: \u001b[31mget_network_details_error: Unable to get http request with 404 Not Found\n","    zwalletcli_register_wallet_test.go:140: faucet output: [UpdateNetworkDetails: get_network_details_error: Unable to get http request with 404 Not Found get_network_details_error: Unable to get http request with 404 Not Found]\n","    assertions.go:333: \n","        \tError Trace:\t/root/actions-runner2/_work/system_test/system_test/tests/cli_tests/zboxcli_update_allocation_test.go:834\n","        \t            \t\t\t\t/root/actions-runner2/_work/system_test/system_test/tests/cli_tests/zboxcli_update_allocation_test.go:810\n","        \t            \t\t\t\t/root/actions-runner2/_work/system_test/system_test/tests/cli_tests/0_s3mgrt_migrate_test.go:137\n","        \t            \t\t\t\t/root/actions-runner2/_work/system_test/system_test/internal/api/util/test/system_test_framework.go:150\n","        \t            \t\t\t\t/usr/local/go/src/runtime/asm_amd64.s:1598\n","        \tError:      \tExpected nil, but got: \u0026exec.ExitError{ProcessState:(*os.ProcessState)(0xc000ad6330), Stderr:[]uint8(nil)}\n","        \tTest:       \tTest0S3Migration/Should_fail_when_access_key_invalid\n","        \tMessages:   \tcreating wallet failed%!(EXTRA string=UpdateNetworkDetails: get_network_details_error: Unable to get http request with 404 Not Found\n","        \t            \tget_network_details_error: Unable to get http request with 404 Not Found)\n","    0_s3mgrt_migrate_test.go:135: Test case [Should fail when access key invalid] exit at [09-01-2023 22:42:19]\n",""],"Passed":false,"Skipped":false,"TestFileName":"","TestFunctionDetail":{"Line":0,"Col":0}}]},{"FailureIndicator":"failed","SkippedIndicator":"","TestResults":[{"TestName":"Test0S3Migration/Should_fail_when_access_key_missing","Package":"github.com/0chain/system_test/tests/cli_tests","ElapsedTime":10.19,"Output":["","    0_s3mgrt_migrate_test.go:154: Test case [Should fail when access key missing] scheduled at [09-01-2023 22:42:19] \n","    system_test_framework.go:149: Test case [Should fail when access key missing] start at [09-01-2023 22:42:19] \n","    zwalletcli_register_wallet_test.go:123: creating wallet...\n","    zboxcli_update_allocation_test.go:950: Executing faucet...\n","    utils.go:82: \u001b[33mCommand failed on attempt [1/3] due to error [exit status 1]. Output: [UpdateNetworkDetails: get_network_details_error: Unable to get http request with 404 Not Found -\u003cNEWLINE\u003e- get_network_details_error: Unable to get http request with 404 Not Found]\n","    utils.go:82: \u001b[33mCommand failed on attempt [2/3] due to error [exit status 1]. Output: [UpdateNetworkDetails: get_network_details_error: Unable to get http request with 404 Not Found -\u003cNEWLINE\u003e- get_network_details_error: Unable to get http request with 404 Not Found]\n","    utils.go:98: \u001b[31mCommand failed on final attempt [3/3] due to error [exit status 1]. Command String: [] Output: [UpdateNetworkDetails: get_network_details_error: Unable to get http request with 404 Not Found -\u003cNEWLINE\u003e- get_network_details_error: Unable to get http request with 404 Not Found]\n","    utils.go:101: \u001b[31mThe verbose output for the command is:\n","    utils.go:105: \u001b[31m0chain-core-sdk [INFO]   2023/09/01 22:42:29.652836 wallet_base.go:329: ******* Wallet SDK Version:v1.8.17-78-g80b63345 ******* (SetLogFile)\n","    utils.go:105: \u001b[31m0chain-core-sdk \u001b[31m[ERROR]  2023/09/01 22:42:29.676861 networkworker.go:52: Failed to update network details {error 26 0  get_network_details_error: Unable to get http request with 404 Not Found}\u001b[0m\n","    utils.go:105: \u001b[31mUpdateNetworkDetails: get_network_details_error: Unable to get http request with 404 Not Found\n","    utils.go:105: \u001b[31mget_network_details_error: Unable to get http request with 404 Not Found\n","    zwalletcli_register_wallet_test.go:140: faucet output: [UpdateNetworkDetails: get_network_details_error: Unable to get http request with 404 Not Found get_network_details_error: Unable to get http request with 404 Not Found]\n","    assertions.go:333: \n","        \tError Trace:\t/root/actions-runner2/_work/system_test/system_test/tests/cli_tests/zboxcli_update_allocation_test.go:834\n","        \t            \t\t\t\t/root/actions-runner2/_work/system_test/system_test/tests/cli_tests/zboxcli_update_allocation_test.go:810\n","        \t            \t\t\t\t/root/actions-runner2/_work/system_test/system_test/tests/cli_tests/0_s3mgrt_migrate_test.go:156\n","        \t            \t\t\t\t/root/actions-runner2/_work/system_test/system_test/internal/api/util/test/system_test_framework.go:150\n","        \t            \t\t\t\t/usr/local/go/src/runtime/asm_amd64.s:1598\n","        \tError:      \tExpected nil, but got: \u0026exec.ExitError{ProcessState:(*os.ProcessState)(0xc0001565b8), Stderr:[]uint8(nil)}\n","        \tTest:       \tTest0S3Migration/Should_fail_when_access_key_missing\n","        \tMessages:   \tcreating wallet failed%!(EXTRA string=UpdateNetworkDetails: get_network_details_error: Unable to get http request with 404 Not Found\n","        \t            \tget_network_details_error: Unable to get http request with 404 Not Found)\n","    0_s3mgrt_migrate_test.go:154: Test case [Should fail when access key missing] exit at [09-01-2023 22:42:29]\n",""],"Passed":false,"Skipped":false,"TestFileName":"","TestFunctionDetail":{"Line":0,"Col":0}}]},{"FailureIndicator":"failed","SkippedIndicator":"","TestResults":[{"TestName":"Test0S3Migration/Should_fail_when_allocation_flag_missing","Package":"github.com/0chain/system_test/tests/cli_tests","ElapsedTime":10.17,"Output":["","    0_s3mgrt_migrate_test.go:117: Test case [Should fail when allocation flag missing] scheduled at [09-01-2023 22:41:59] \n","    system_test_framework.go:149: Test case [Should fail when allocation flag missing] start at [09-01-2023 22:41:59] \n","    zwalletcli_register_wallet_test.go:123: creating wallet...\n","    zboxcli_update_allocation_test.go:950: Executing faucet...\n","    utils.go:82: \u001b[33mCommand failed on attempt [1/3] due to error [exit status 1]. Output: [UpdateNetworkDetails: get_network_details_error: Unable to get http request with 404 Not Found -\u003cNEWLINE\u003e- get_network_details_error: Unable to get http request with 404 Not Found]\n","    utils.go:82: \u001b[33mCommand failed on attempt [2/3] due to error [exit status 1]. Output: [UpdateNetworkDetails: get_network_details_error: Unable to get http request with 404 Not Found -\u003cNEWLINE\u003e- get_network_details_error: Unable to get http request with 404 Not Found]\n","    utils.go:98: \u001b[31mCommand failed on final attempt [3/3] due to error [exit status 1]. Command String: [] Output: [UpdateNetworkDetails: get_network_details_error: Unable to get http request with 404 Not Found -\u003cNEWLINE\u003e- get_network_details_error: Unable to get http request with 404 Not Found]\n","    utils.go:101: \u001b[31mThe verbose output for the command is:\n","    utils.go:105: \u001b[31m0chain-core-sdk [INFO]   2023/09/01 22:42:09.334969 wallet_base.go:329: ******* Wallet SDK Version:v1.8.17-78-g80b63345 ******* (SetLogFile)\n","    utils.go:105: \u001b[31m0chain-core-sdk \u001b[31m[ERROR]  2023/09/01 22:42:09.358965 networkworker.go:52: Failed to update network details {error 26 0  get_network_details_error: Unable to get http request with 404 Not Found}\u001b[0m\n","    utils.go:105: \u001b[31mUpdateNetworkDetails: get_network_details_error: Unable to get http request with 404 Not Found\n","    utils.go:105: \u001b[31mget_network_details_error: Unable to get http request with 404 Not Found\n","    zwalletcli_register_wallet_test.go:140: faucet output: [UpdateNetworkDetails: get_network_details_error: Unable to get http request with 404 Not Found get_network_details_error: Unable to get http request with 404 Not Found]\n","    assertions.go:333: \n","        \tError Trace:\t/root/actions-runner2/_work/system_test/system_test/tests/cli_tests/zboxcli_update_allocation_test.go:834\n","        \t            \t\t\t\t/root/actions-runner2/_work/system_test/system_test/tests/cli_tests/zboxcli_update_allocation_test.go:810\n","        \t            \t\t\t\t/root/actions-runner2/_work/system_test/system_test/tests/cli_tests/0_s3mgrt_migrate_test.go:119\n","        \t            \t\t\t\t/root/actions-runner2/_work/system_test/system_test/internal/api/util/test/system_test_framework.go:150\n","        \t            \t\t\t\t/usr/local/go/src/runtime/asm_amd64.s:1598\n","        \tError:      \tExpected nil, but got: \u0026exec.ExitError{ProcessState:(*os.ProcessState)(0xc000b882b8), Stderr:[]uint8(nil)}\n","        \tTest:       \tTest0S3Migration/Should_fail_when_allocation_flag_missing\n","        \tMessages:   \tcreating wallet failed%!(EXTRA string=UpdateNetworkDetails: get_network_details_error: Unable to get http request with 404 Not Found\n","        \t            \tget_network_details_error: Unable to get http request with 404 Not Found)\n","    0_s3mgrt_migrate_test.go:117: Test case [Should fail when allocation flag missing] exit at [09-01-2023 22:42:09]\n",""],"Passed":false,"Skipped":false,"TestFileName":"","TestFunctionDetail":{"Line":0,"Col":0}}]},{"FailureIndicator":"failed","SkippedIndicator":"","TestResults":[{"TestName":"Test0S3Migration/Should_fail_when_bucket_does_not_exist","Package":"github.com/0chain/system_test/tests/cli_tests","ElapsedTime":10.17,"Output":["","    0_s3mgrt_migrate_test.go:80: Test case [Should fail when bucket does not exist] scheduled at [09-01-2023 22:41:38] \n","    system_test_framework.go:149: Test case [Should fail when bucket does not exist] start at [09-01-2023 22:41:38] \n","    zwalletcli_register_wallet_test.go:123: creating wallet...\n","    zboxcli_update_allocation_test.go:950: Executing faucet...\n","    utils.go:82: \u001b[33mCommand failed on attempt [1/3] due to error [exit status 1]. Output: [UpdateNetworkDetails: get_network_details_error: Unable to get http request with 404 Not Found -\u003cNEWLINE\u003e- get_network_details_error: Unable to get http request with 404 Not Found]\n","    utils.go:82: \u001b[33mCommand failed on attempt [2/3] due to error [exit status 1]. Output: [UpdateNetworkDetails: get_network_details_error: Unable to get http request with 404 Not Found -\u003cNEWLINE\u003e- get_network_details_error: Unable to get http request with 404 Not Found]\n","    utils.go:98: \u001b[31mCommand failed on final attempt [3/3] due to error [exit status 1]. Command String: [] Output: [UpdateNetworkDetails: get_network_details_error: Unable to get http request with 404 Not Found -\u003cNEWLINE\u003e- get_network_details_error: Unable to get http request with 404 Not Found]\n","    utils.go:101: \u001b[31mThe verbose output for the command is:\n","    utils.go:105: \u001b[31m0chain-core-sdk [INFO]   2023/09/01 22:41:48.972266 wallet_base.go:329: ******* Wallet SDK Version:v1.8.17-78-g80b63345 ******* (SetLogFile)\n","    utils.go:105: \u001b[31m0chain-core-sdk \u001b[31m[ERROR]  2023/09/01 22:41:48.996659 networkworker.go:52: Failed to update network details {error 26 0  get_network_details_error: Unable to get http request with 404 Not Found}\u001b[0m\n","    utils.go:105: \u001b[31mUpdateNetworkDetails: get_network_details_error: Unable to get http request with 404 Not Found\n","    utils.go:105: \u001b[31mget_network_details_error: Unable to get http request with 404 Not Found\n","    zwalletcli_register_wallet_test.go:140: faucet output: [UpdateNetworkDetails: get_network_details_error: Unable to get http request with 404 Not Found get_network_details_error: Unable to get http request with 404 Not Found]\n","    assertions.go:333: \n","        \tError Trace:\t/root/actions-runner2/_work/system_test/system_test/tests/cli_tests/zboxcli_update_allocation_test.go:834\n","        \t            \t\t\t\t/root/actions-runner2/_work/system_test/system_test/tests/cli_tests/zboxcli_update_allocation_test.go:810\n","        \t            \t\t\t\t/root/actions-runner2/_work/system_test/system_test/tests/cli_tests/0_s3mgrt_migrate_test.go:82\n","        \t            \t\t\t\t/root/actions-runner2/_work/system_test/system_test/internal/api/util/test/system_test_framework.go:150\n","        \t            \t\t\t\t/usr/local/go/src/runtime/asm_amd64.s:1598\n","        \tError:      \tExpected nil, but got: \u0026exec.ExitError{ProcessState:(*os.ProcessState)(0xc000b880c0), Stderr:[]uint8(nil)}\n","        \tTest:       \tTest0S3Migration/Should_fail_when_bucket_does_not_exist\n","        \tMessages:   \tcreating wallet failed%!(EXTRA string=UpdateNetworkDetails: get_network_details_error: Unable to get http request with 404 Not Found\n","        \t            \tget_network_details_error: Unable to get http request with 404 Not Found)\n","    0_s3mgrt_migrate_test.go:80: Test case [Should fail when bucket does not exist] exit at [09-01-2023 22:41:48]\n",""],"Passed":false,"Skipped":false,"TestFileName":"","TestFunctionDetail":{"Line":0,"Col":0}}]},{"FailureIndicator":"failed","SkippedIndicator":"","TestResults":[{"TestName":"Test0S3Migration/Should_fail_when_bucket_flag_missing","Package":"github.com/0chain/system_test/tests/cli_tests","ElapsedTime":10.19,"Output":["","    0_s3mgrt_migrate_test.go:99: Test case [Should fail when bucket flag missing] scheduled at [09-01-2023 22:41:48] \n","    system_test_framework.go:149: Test case [Should fail when bucket flag missing] start at [09-01-2023 22:41:48] \n","    zwalletcli_register_wallet_test.go:123: creating wallet...\n","    zboxcli_update_allocation_test.go:950: Executing faucet...\n","    utils.go:82: \u001b[33mCommand failed on attempt [1/3] due to error [exit status 1]. Output: [UpdateNetworkDetails: get_network_details_error: Unable to get http request with 404 Not Found -\u003cNEWLINE\u003e- get_network_details_error: Unable to get http request with 404 Not Found]\n","    utils.go:82: \u001b[33mCommand failed on attempt [2/3] due to error [exit status 1]. Output: [UpdateNetworkDetails: get_network_details_error: Unable to get http request with 404 Not Found -\u003cNEWLINE\u003e- get_network_details_error: Unable to get http request with 404 Not Found]\n","    utils.go:98: \u001b[31mCommand failed on final attempt [3/3] due to error [exit status 1]. Command String: [] Output: [UpdateNetworkDetails: get_network_details_error: Unable to get http request with 404 Not Found -\u003cNEWLINE\u003e- get_network_details_error: Unable to get http request with 404 Not Found]\n","    utils.go:101: \u001b[31mThe verbose output for the command is:\n","    utils.go:105: \u001b[31m0chain-core-sdk [INFO]   2023/09/01 22:41:59.161933 wallet_base.go:329: ******* Wallet SDK Version:v1.8.17-78-g80b63345 ******* (SetLogFile)\n","    utils.go:105: \u001b[31m0chain-core-sdk \u001b[31m[ERROR]  2023/09/01 22:41:59.184758 networkworker.go:52: Failed to update network details {error 26 0  get_network_details_error: Unable to get http request with 404 Not Found}\u001b[0m\n","    utils.go:105: \u001b[31mUpdateNetworkDetails: get_network_details_error: Unable to get http request with 404 Not Found\n","    utils.go:105: \u001b[31mget_network_details_error: Unable to get http request with 404 Not Found\n","    zwalletcli_register_wallet_test.go:140: faucet output: [UpdateNetworkDetails: get_network_details_error: Unable to get http request with 404 Not Found get_network_details_error: Unable to get http request with 404 Not Found]\n","    assertions.go:333: \n","        \tError Trace:\t/root/actions-runner2/_work/system_test/system_test/tests/cli_tests/zboxcli_update_allocation_test.go:834\n","        \t            \t\t\t\t/root/actions-runner2/_work/system_test/system_test/tests/cli_tests/zboxcli_update_allocation_test.go:810\n","        \t            \t\t\t\t/root/actions-runner2/_work/system_test/system_test/tests/cli_tests/0_s3mgrt_migrate_test.go:101\n","        \t            \t\t\t\t/root/actions-runner2/_work/system_test/system_test/internal/api/util/test/system_test_framework.go:150\n","        \t            \t\t\t\t/usr/local/go/src/runtime/asm_amd64.s:1598\n","        \tError:      \tExpected nil, but got: \u0026exec.ExitError{ProcessState:(*os.ProcessState)(0xc000ad60a8), Stderr:[]uint8(nil)}\n","        \tTest:       \tTest0S3Migration/Should_fail_when_bucket_flag_missing\n","        \tMessages:   \tcreating wallet failed%!(EXTRA string=UpdateNetworkDetails: get_network_details_error: Unable to get http request with 404 Not Found\n","        \t            \tget_network_details_error: Unable to get http request with 404 Not Found)\n","    0_s3mgrt_migrate_test.go:99: Test case [Should fail when bucket flag missing] exit at [09-01-2023 22:41:59]\n",""],"Passed":false,"Skipped":false,"TestFileName":"","TestFunctionDetail":{"Line":0,"Col":0}}]},{"FailureIndicator":"failed","SkippedIndicator":"","TestResults":[{"TestName":"Test0S3Migration/Should_fail_when_bucket_too_large_for_allocation","Package":"github.com/0chain/system_test/tests/cli_tests","ElapsedTime":10.19,"Output":["","    0_s3mgrt_migrate_test.go:61: Test case [Should fail when bucket too large for allocation] scheduled at [09-01-2023 22:41:28] \n","    system_test_framework.go:149: Test case [Should fail when bucket too large for allocation] start at [09-01-2023 22:41:28] \n","    zwalletcli_register_wallet_test.go:123: creating wallet...\n","    zboxcli_update_allocation_test.go:950: Executing faucet...\n","    utils.go:82: \u001b[33mCommand failed on attempt [1/3] due to error [exit status 1]. Output: [UpdateNetworkDetails: get_network_details_error: Unable to get http request with 404 Not Found -\u003cNEWLINE\u003e- get_network_details_error: Unable to get http request with 404 Not Found]\n","    utils.go:82: \u001b[33mCommand failed on attempt [2/3] due to error [exit status 1]. Output: [UpdateNetworkDetails: get_network_details_error: Unable to get http request with 404 Not Found -\u003cNEWLINE\u003e- get_network_details_error: Unable to get http request with 404 Not Found]\n","    utils.go:98: \u001b[31mCommand failed on final attempt [3/3] due to error [exit status 1]. Command String: [] Output: [UpdateNetworkDetails: get_network_details_error: Unable to get http request with 404 Not Found -\u003cNEWLINE\u003e- get_network_details_error: Unable to get http request with 404 Not Found]\n","    utils.go:101: \u001b[31mThe verbose output for the command is:\n","    utils.go:105: \u001b[31m0chain-core-sdk [INFO]   2023/09/01 22:41:38.798012 wallet_base.go:329: ******* Wallet SDK Version:v1.8.17-78-g80b63345 ******* (SetLogFile)\n","    utils.go:105: \u001b[31m0chain-core-sdk \u001b[31m[ERROR]  2023/09/01 22:41:38.822796 networkworker.go:52: Failed to update network details {error 26 0  get_network_details_error: Unable to get http request with 404 Not Found}\u001b[0m\n","    utils.go:105: \u001b[31mUpdateNetworkDetails: get_network_details_error: Unable to get http request with 404 Not Found\n","    utils.go:105: \u001b[31mget_network_details_error: Unable to get http request with 404 Not Found\n","    zwalletcli_register_wallet_test.go:140: faucet output: [UpdateNetworkDetails: get_network_details_error: Unable to get http request with 404 Not Found get_network_details_error: Unable to get http request with 404 Not Found]\n","    assertions.go:333: \n","        \tError Trace:\t/root/actions-runner2/_work/system_test/system_test/tests/cli_tests/zboxcli_update_allocation_test.go:834\n","        \t            \t\t\t\t/root/actions-runner2/_work/system_test/system_test/tests/cli_tests/zboxcli_update_allocation_test.go:810\n","        \t            \t\t\t\t/root/actions-runner2/_work/system_test/system_test/tests/cli_tests/0_s3mgrt_migrate_test.go:63\n","        \t            \t\t\t\t/root/actions-runner2/_work/system_test/system_test/internal/api/util/test/system_test_framework.go:150\n","        \t            \t\t\t\t/usr/local/go/src/runtime/asm_amd64.s:1598\n","        \tError:      \tExpected nil, but got: \u0026exec.ExitError{ProcessState:(*os.ProcessState)(0xc000ad6f48), Stderr:[]uint8(nil)}\n","        \tTest:       \tTest0S3Migration/Should_fail_when_bucket_too_large_for_allocation\n","        \tMessages:   \tcreating wallet failed%!(EXTRA string=UpdateNetworkDetails: get_network_details_error: Unable to get http request with 404 Not Found\n","        \t            \tget_network_details_error: Unable to get http request with 404 Not Found)\n","    0_s3mgrt_migrate_test.go:61: Test case [Should fail when bucket too large for allocation] exit at [09-01-2023 22:41:38]\n",""],"Passed":false,"Skipped":false,"TestFileName":"","TestFunctionDetail":{"Line":0,"Col":0}}]},{"FailureIndicator":"failed","SkippedIndicator":"","TestResults":[{"TestName":"Test0S3Migration/Should_fail_when_secret_key_invalid","Package":"github.com/0chain/system_test/tests/cli_tests","ElapsedTime":10.21,"Output":["","    0_s3mgrt_migrate_test.go:172: Test case [Should fail when secret key invalid] scheduled at [09-01-2023 22:42:29] \n","    system_test_framework.go:149: Test case [Should fail when secret key invalid] start at [09-01-2023 22:42:29] \n","    zwalletcli_register_wallet_test.go:123: creating wallet...\n","    zboxcli_update_allocation_test.go:950: Executing faucet...\n","    utils.go:82: \u001b[33mCommand failed on attempt [1/3] due to error [exit status 1]. Output: [UpdateNetworkDetails: get_network_details_error: Unable to get http request with 404 Not Found -\u003cNEWLINE\u003e- get_network_details_error: Unable to get http request with 404 Not Found]\n","    utils.go:82: \u001b[33mCommand failed on attempt [2/3] due to error [exit status 1]. Output: [UpdateNetworkDetails: get_network_details_error: Unable to get http request with 404 Not Found -\u003cNEWLINE\u003e- get_network_details_error: Unable to get http request with 404 Not Found]\n","    utils.go:98: \u001b[31mCommand failed on final attempt [3/3] due to error [exit status 1]. Command String: [] Output: [UpdateNetworkDetails: get_network_details_error: Unable to get http request with 404 Not Found -\u003cNEWLINE\u003e- get_network_details_error: Unable to get http request with 404 Not Found]\n","    utils.go:101: \u001b[31mThe verbose output for the command is:\n","    utils.go:105: \u001b[31m0chain-core-sdk [INFO]   2023/09/01 22:42:39.861591 wallet_base.go:329: ******* Wallet SDK Version:v1.8.17-78-g80b63345 ******* (SetLogFile)\n","    utils.go:105: \u001b[31m0chain-core-sdk \u001b[31m[ERROR]  2023/09/01 22:42:39.884074 networkworker.go:52: Failed to update network details {error 26 0  get_network_details_error: Unable to get http request with 404 Not Found}\u001b[0m\n","    utils.go:105: \u001b[31mUpdateNetworkDetails: get_network_details_error: Unable to get http request with 404 Not Found\n","    utils.go:105: \u001b[31mget_network_details_error: Unable to get http request with 404 Not Found\n","    zwalletcli_register_wallet_test.go:140: faucet output: [UpdateNetworkDetails: get_network_details_error: Unable to get http request with 404 Not Found get_network_details_error: Unable to get http request with 404 Not Found]\n","    assertions.go:333: \n","        \tError Trace:\t/root/actions-runner2/_work/system_test/system_test/tests/cli_tests/zboxcli_update_allocation_test.go:834\n","        \t            \t\t\t\t/root/actions-runner2/_work/system_test/system_test/tests/cli_tests/zboxcli_update_allocation_test.go:810\n","        \t            \t\t\t\t/root/actions-runner2/_work/system_test/system_test/tests/cli_tests/0_s3mgrt_migrate_test.go:174\n","        \t            \t\t\t\t/root/actions-runner2/_work/system_test/system_test/internal/api/util/test/system_test_framework.go:150\n","        \t            \t\t\t\t/usr/local/go/src/runtime/asm_amd64.s:1598\n","        \tError:      \tExpected nil, but got: \u0026exec.ExitError{ProcessState:(*os.ProcessState)(0xc000156a68), Stderr:[]uint8(nil)}\n","        \tTest:       \tTest0S3Migration/Should_fail_when_secret_key_invalid\n","        \tMessages:   \tcreating wallet failed%!(EXTRA string=UpdateNetworkDetails: get_network_details_error: Unable to get http request with 404 Not Found\n","        \t            \tget_network_details_error: Unable to get http request with 404 Not Found)\n","    0_s3mgrt_migrate_test.go:172: Test case [Should fail when secret key invalid] exit at [09-01-2023 22:42:39]\n",""],"Passed":false,"Skipped":false,"TestFileName":"","TestFunctionDetail":{"Line":0,"Col":0}}]},{"FailureIndicator":"failed","SkippedIndicator":"","TestResults":[{"TestName":"Test0S3Migration/Should_fail_when_secret_key_missing","Package":"github.com/0chain/system_test/tests/cli_tests","ElapsedTime":10.19,"Output":["","    0_s3mgrt_migrate_test.go:191: Test case [Should fail when secret key missing] scheduled at [09-01-2023 22:42:39] \n","    system_test_framework.go:149: Test case [Should fail when secret key missing] start at [09-01-2023 22:42:39] \n","    zwalletcli_register_wallet_test.go:123: creating wallet...\n","    zboxcli_update_allocation_test.go:950: Executing faucet...\n","    utils.go:82: \u001b[33mCommand failed on attempt [1/3] due to error [exit status 1]. Output: [UpdateNetworkDetails: get_network_details_error: Unable to get http request with 404 Not Found -\u003cNEWLINE\u003e- get_network_details_error: Unable to get http request with 404 Not Found]\n","    utils.go:82: \u001b[33mCommand failed on attempt [2/3] due to error [exit status 1]. Output: [UpdateNetworkDetails: get_network_details_error: Unable to get http request with 503 Service Unavailable -\u003cNEWLINE\u003e- get_network_details_error: Unable to get http request with 503 Service Unavailable]\n","    utils.go:98: \u001b[31mCommand failed on final attempt [3/3] due to error [exit status 1]. Command String: [] Output: [UpdateNetworkDetails: get_network_details_error: Unable to get http request with 503 Service Unavailable -\u003cNEWLINE\u003e- get_network_details_error: Unable to get http request with 503 Service Unavailable]\n","    utils.go:101: \u001b[31mThe verbose output for the command is:\n","    utils.go:105: \u001b[31m0chain-core-sdk [INFO]   2023/09/01 22:42:50.045126 wallet_base.go:329: ******* Wallet SDK Version:v1.8.17-78-g80b63345 ******* (SetLogFile)\n","    utils.go:105: \u001b[31m0chain-core-sdk \u001b[31m[ERROR]  2023/09/01 22:42:50.071515 networkworker.go:52: Failed to update network details {error 26 0  get_network_details_error: Unable to get http request with 503 Service Unavailable}\u001b[0m\n","    utils.go:105: \u001b[31mUpdateNetworkDetails: get_network_details_error: Unable to get http request with 503 Service Unavailable\n","    utils.go:105: \u001b[31mget_network_details_error: Unable to get http request with 503 Service Unavailable\n","    zwalletcli_register_wallet_test.go:140: faucet output: [UpdateNetworkDetails: get_network_details_error: Unable to get http request with 503 Service Unavailable get_network_details_error: Unable to get http request with 503 Service Unavailable]\n","    assertions.go:333: \n","        \tError Trace:\t/root/actions-runner2/_work/system_test/system_test/tests/cli_tests/zboxcli_update_allocation_test.go:834\n","        \t            \t\t\t\t/root/actions-runner2/_work/system_test/system_test/tests/cli_tests/zboxcli_update_allocation_test.go:810\n","        \t            \t\t\t\t/root/actions-runner2/_work/system_test/system_test/tests/cli_tests/0_s3mgrt_migrate_test.go:193\n","        \t            \t\t\t\t/root/actions-runner2/_work/system_test/system_test/internal/api/util/test/system_test_framework.go:150\n","        \t            \t\t\t\t/usr/local/go/src/runtime/asm_amd64.s:1598\n","        \tError:      \tExpected nil, but got: \u0026exec.ExitError{ProcessState:(*os.ProcessState)(0xc000b88b10), Stderr:[]uint8(nil)}\n","        \tTest:       \tTest0S3Migration/Should_fail_when_secret_key_missing\n","        \tMessages:   \tcreating wallet failed%!(EXTRA string=UpdateNetworkDetails: get_network_details_error: Unable to get http request with 503 Service Unavailable\n","        \t            \tget_network_details_error: Unable to get http request with 503 Service Unavailable)\n","    0_s3mgrt_migrate_test.go:191: Test case [Should fail when secret key missing] exit at [09-01-2023 22:42:50]\n",""],"Passed":false,"Skipped":false,"TestFileName":"","TestFunctionDetail":{"Line":0,"Col":0}}]},{"FailureIndicator":"failed","SkippedIndicator":"","TestResults":[{"TestName":"Test0S3Migration/Should_migrate_empty_bucket_successfully","Package":"github.com/0chain/system_test/tests/cli_tests","ElapsedTime":10.19,"Output":["","    0_s3mgrt_migrate_test.go:42: Test case [Should migrate empty bucket successfully] scheduled at [09-01-2023 22:41:18] \n","    system_test_framework.go:149: Test case [Should migrate empty bucket successfully] start at [09-01-2023 22:41:18] \n","    zwalletcli_register_wallet_test.go:123: creating wallet...\n","    zboxcli_update_allocation_test.go:950: Executing faucet...\n","    utils.go:82: \u001b[33mCommand failed on attempt [1/3] due to error [exit status 1]. Output: [UpdateNetworkDetails: get_network_details_error: Unable to get http request with 404 Not Found -\u003cNEWLINE\u003e- get_network_details_error: Unable to get http request with 404 Not Found]\n","    utils.go:82: \u001b[33mCommand failed on attempt [2/3] due to error [exit status 1]. Output: [UpdateNetworkDetails: get_network_details_error: Unable to get http request with 404 Not Found -\u003cNEWLINE\u003e- get_network_details_error: Unable to get http request with 404 Not Found]\n","    utils.go:98: \u001b[31mCommand failed on final attempt [3/3] due to error [exit status 1]. Command String: [] Output: [UpdateNetworkDetails: get_network_details_error: Unable to get http request with 404 Not Found -\u003cNEWLINE\u003e- get_network_details_error: Unable to get http request with 404 Not Found]\n","    utils.go:101: \u001b[31mThe verbose output for the command is:\n","    utils.go:105: \u001b[31m0chain-core-sdk [INFO]   2023/09/01 22:41:28.611160 wallet_base.go:329: ******* Wallet SDK Version:v1.8.17-78-g80b63345 ******* (SetLogFile)\n","    utils.go:105: \u001b[31m0chain-core-sdk \u001b[31m[ERROR]  2023/09/01 22:41:28.635806 networkworker.go:52: Failed to update network details {error 26 0  get_network_details_error: Unable to get http request with 404 Not Found}\u001b[0m\n","    utils.go:105: \u001b[31mUpdateNetworkDetails: get_network_details_error: Unable to get http request with 404 Not Found\n","    utils.go:105: \u001b[31mget_network_details_error: Unable to get http request with 404 Not Found\n","    zwalletcli_register_wallet_test.go:140: faucet output: [UpdateNetworkDetails: get_network_details_error: Unable to get http request with 404 Not Found get_network_details_error: Unable to get http request with 404 Not Found]\n","    assertions.go:333: \n","        \tError Trace:\t/root/actions-runner2/_work/system_test/system_test/tests/cli_tests/zboxcli_update_allocation_test.go:834\n","        \t            \t\t\t\t/root/actions-runner2/_work/system_test/system_test/tests/cli_tests/zboxcli_update_allocation_test.go:810\n","        \t            \t\t\t\t/root/actions-runner2/_work/system_test/system_test/tests/cli_tests/0_s3mgrt_migrate_test.go:44\n","        \t            \t\t\t\t/root/actions-runner2/_work/system_test/system_test/internal/api/util/test/system_test_framework.go:150\n","        \t            \t\t\t\t/usr/local/go/src/runtime/asm_amd64.s:1598\n","        \tError:      \tExpected nil, but got: \u0026exec.ExitError{ProcessState:(*os.ProcessState)(0xc000ad6c60), Stderr:[]uint8(nil)}\n","        \tTest:       \tTest0S3Migration/Should_migrate_empty_bucket_successfully\n","        \tMessages:   \tcreating wallet failed%!(EXTRA string=UpdateNetworkDetails: get_network_details_error: Unable to get http request with 404 Not Found\n","        \t            \tget_network_details_error: Unable to get http request with 404 Not Found)\n","    0_s3mgrt_migrate_test.go:42: Test case [Should migrate empty bucket successfully] exit at [09-01-2023 22:41:28]\n",""],"Passed":false,"Skipped":false,"TestFileName":"","TestFunctionDetail":{"Line":0,"Col":0}}]},{"FailureIndicator":"failed","SkippedIndicator":"","TestResults":[{"TestName":"Test0S3Migration/Should_migrate_existing_bucket_successfully","Package":"github.com/0chain/system_test/tests/cli_tests","ElapsedTime":10.19,"Output":["","    0_s3mgrt_migrate_test.go:23: Test case [Should migrate existing bucket successfully] scheduled at [09-01-2023 22:41:08] \n","    system_test_framework.go:149: Test case [Should migrate existing bucket successfully] start at [09-01-2023 22:41:08] \n","    zwalletcli_register_wallet_test.go:123: creating wallet...\n","    zboxcli_update_allocation_test.go:950: Executing faucet...\n","    utils.go:82: \u001b[33mCommand failed on attempt [1/3] due to error [exit status 1]. Output: [UpdateNetworkDetails: get_network_details_error: Unable to get http request with 404 Not Found -\u003cNEWLINE\u003e- get_network_details_error: Unable to get http request with 404 Not Found]\n","    utils.go:82: \u001b[33mCommand failed on attempt [2/3] due to error [exit status 1]. Output: [UpdateNetworkDetails: get_network_details_error: Unable to get http request with 404 Not Found -\u003cNEWLINE\u003e- get_network_details_error: Unable to get http request with 404 Not Found]\n","    utils.go:98: \u001b[31mCommand failed on final attempt [3/3] due to error [exit status 1]. Command String: [] Output: [UpdateNetworkDetails: get_network_details_error: Unable to get http request with 404 Not Found -\u003cNEWLINE\u003e- get_network_details_error: Unable to get http request with 404 Not Found]\n","    utils.go:101: \u001b[31mThe verbose output for the command is:\n","    utils.go:105: \u001b[31m0chain-core-sdk [INFO]   2023/09/01 22:41:18.416976 wallet_base.go:329: ******* Wallet SDK Version:v1.8.17-78-g80b63345 ******* (SetLogFile)\n","    utils.go:105: \u001b[31m0chain-core-sdk \u001b[31m[ERROR]  2023/09/01 22:41:18.444173 networkworker.go:52: Failed to update network details {error 26 0  get_network_details_error: Unable to get http request with 404 Not Found}\u001b[0m\n","    utils.go:105: \u001b[31mUpdateNetworkDetails: get_network_details_error: Unable to get http request with 404 Not Found\n","    utils.go:105: \u001b[31mget_network_details_error: Unable to get http request with 404 Not Found\n","    zwalletcli_register_wallet_test.go:140: faucet output: [UpdateNetworkDetails: get_network_details_error: Unable to get http request with 404 Not Found get_network_details_error: Unable to get http request with 404 Not Found]\n","    assertions.go:333: \n","        \tError Trace:\t/root/actions-runner2/_work/system_test/system_test/tests/cli_tests/zboxcli_update_allocation_test.go:834\n","        \t            \t\t\t\t/root/actions-runner2/_work/system_test/system_test/tests/cli_tests/zboxcli_update_allocation_test.go:810\n","        \t            \t\t\t\t/root/actions-runner2/_work/system_test/system_test/tests/cli_tests/0_s3mgrt_migrate_test.go:25\n","        \t            \t\t\t\t/root/actions-runner2/_work/system_test/system_test/internal/api/util/test/system_test_framework.go:150\n","        \t            \t\t\t\t/usr/local/go/src/runtime/asm_amd64.s:1598\n","        \tError:      \tExpected nil, but got: \u0026exec.ExitError{ProcessState:(*os.ProcessState)(0xc000157158), Stderr:[]uint8(nil)}\n","        \tTest:       \tTest0S3Migration/Should_migrate_existing_bucket_successfully\n","        \tMessages:   \tcreating wallet failed%!(EXTRA string=UpdateNetworkDetails: get_network_details_error: Unable to get http request with 404 Not Found\n","        \t            \tget_network_details_error: Unable to get http request with 404 Not Found)\n","    0_s3mgrt_migrate_test.go:23: Test case [Should migrate existing bucket successfully] exit at [09-01-2023 22:41:18]\n",""],"Passed":false,"Skipped":false,"TestFileName":"","TestFunctionDetail":{"Line":0,"Col":0}}]},{"FailureIndicator":"failed","SkippedIndicator":"","TestResults":[{"TestName":"Test0S3MigrationAlternate","Package":"github.com/0chain/system_test/tests/cli_tests","ElapsedTime":91.95,"Output":["","    system_test_framework.go:70: Test setup [Setup s3 bucket with relevant file] scheduled at [09-01-2023 22:39:36] \n","    system_test_framework.go:80: Test setup [Setup s3 bucket with relevant file] start at [09-01-2023 22:39:36] \n","    system_test_framework.go:93: Test setup [Setup s3 bucket with relevant file] exit at [09-01-2023 22:39:36]\n",""],"Passed":false,"Skipped":false,"TestFileName":"0_s3mgrt_migrate_alternate_test.go","TestFunctionDetail":{"Line":31,"Col":1}}]},{"FailureIndicator":"failed","SkippedIndicator":"","TestResults":[{"TestName":"Test0S3MigrationAlternate/Should_error_out_if_workdir_is_not_default_and_not_empty","Package":"github.com/0chain/system_test/tests/cli_tests","ElapsedTime":10.18,"Output":["","    0_s3mgrt_migrate_alternate_test.go:293: Test case [Should error out if workdir is not default and not empty] scheduled at [09-01-2023 22:40:58] \n","    system_test_framework.go:149: Test case [Should error out if workdir is not default and not empty] start at [09-01-2023 22:40:58] \n","    zwalletcli_register_wallet_test.go:123: creating wallet...\n","    zboxcli_update_allocation_test.go:950: Executing faucet...\n","    utils.go:82: \u001b[33mCommand failed on attempt [1/3] due to error [exit status 1]. Output: [UpdateNetworkDetails: get_network_details_error: Unable to get http request with 404 Not Found -\u003cNEWLINE\u003e- get_network_details_error: Unable to get http request with 404 Not Found]\n","    utils.go:82: \u001b[33mCommand failed on attempt [2/3] due to error [exit status 1]. Output: [UpdateNetworkDetails: get_network_details_error: Unable to get http request with 404 Not Found -\u003cNEWLINE\u003e- get_network_details_error: Unable to get http request with 404 Not Found]\n","    utils.go:98: \u001b[31mCommand failed on final attempt [3/3] due to error [exit status 1]. Command String: [] Output: [UpdateNetworkDetails: get_network_details_error: Unable to get http request with 404 Not Found -\u003cNEWLINE\u003e- get_network_details_error: Unable to get http request with 404 Not Found]\n","    utils.go:101: \u001b[31mThe verbose output for the command is:\n","    utils.go:105: \u001b[31m0chain-core-sdk [INFO]   2023/09/01 22:41:08.228684 wallet_base.go:329: ******* Wallet SDK Version:v1.8.17-78-g80b63345 ******* (SetLogFile)\n","    utils.go:105: \u001b[31m0chain-core-sdk \u001b[31m[ERROR]  2023/09/01 22:41:08.253026 networkworker.go:52: Failed to update network details {error 26 0  get_network_details_error: Unable to get http request with 404 Not Found}\u001b[0m\n","    utils.go:105: \u001b[31mUpdateNetworkDetails: get_network_details_error: Unable to get http request with 404 Not Found\n","    utils.go:105: \u001b[31mget_network_details_error: Unable to get http request with 404 Not Found\n","    zwalletcli_register_wallet_test.go:140: faucet output: [UpdateNetworkDetails: get_network_details_error: Unable to get http request with 404 Not Found get_network_details_error: Unable to get http request with 404 Not Found]\n","    assertions.go:333: \n","        \tError Trace:\t/root/actions-runner2/_work/system_test/system_test/tests/cli_tests/zboxcli_update_allocation_test.go:834\n","        \t            \t\t\t\t/root/actions-runner2/_work/system_test/system_test/tests/cli_tests/zboxcli_update_allocation_test.go:810\n","        \t            \t\t\t\t/root/actions-runner2/_work/system_test/system_test/tests/cli_tests/0_s3mgrt_migrate_alternate_test.go:295\n","        \t            \t\t\t\t/root/actions-runner2/_work/system_test/system_test/internal/api/util/test/system_test_framework.go:150\n","        \t            \t\t\t\t/usr/local/go/src/runtime/asm_amd64.s:1598\n","        \tError:      \tExpected nil, but got: \u0026exec.ExitError{ProcessState:(*os.ProcessState)(0xc000156de0), Stderr:[]uint8(nil)}\n","        \tTest:       \tTest0S3MigrationAlternate/Should_error_out_if_workdir_is_not_default_and_not_empty\n","        \tMessages:   \tcreating wallet failed%!(EXTRA string=UpdateNetworkDetails: get_network_details_error: Unable to get http request with 404 Not Found\n","        \t            \tget_network_details_error: Unable to get http request with 404 Not Found)\n","    0_s3mgrt_migrate_alternate_test.go:293: Test case [Should error out if workdir is not default and not empty] exit at [09-01-2023 22:41:08]\n",""],"Passed":false,"Skipped":false,"TestFileName":"","TestFunctionDetail":{"Line":0,"Col":0}}]},{"FailureIndicator":"failed","SkippedIndicator":"","TestResults":[{"TestName":"Test0S3MigrationAlternate/Should_migrate_as_copy_bucket_successfully","Package":"github.com/0chain/system_test/tests/cli_tests","ElapsedTime":10.18,"Output":["","    0_s3mgrt_migrate_alternate_test.go:114: Test case [Should migrate as copy bucket successfully] scheduled at [09-01-2023 22:39:56] \n","    system_test_framework.go:149: Test case [Should migrate as copy bucket successfully] start at [09-01-2023 22:39:56] \n","    zwalletcli_register_wallet_test.go:123: creating wallet...\n","    zboxcli_update_allocation_test.go:950: Executing faucet...\n","    utils.go:82: \u001b[33mCommand failed on attempt [1/3] due to error [exit status 1]. Output: [UpdateNetworkDetails: get_network_details_error: Unable to get http request with 404 Not Found -\u003cNEWLINE\u003e- get_network_details_error: Unable to get http request with 404 Not Found]\n","    utils.go:82: \u001b[33mCommand failed on attempt [2/3] due to error [exit status 1]. Output: [UpdateNetworkDetails: get_network_details_error: Unable to get http request with 404 Not Found -\u003cNEWLINE\u003e- get_network_details_error: Unable to get http request with 404 Not Found]\n","    utils.go:98: \u001b[31mCommand failed on final attempt [3/3] due to error [exit status 1]. Command String: [] Output: [UpdateNetworkDetails: get_network_details_error: Unable to get http request with 404 Not Found -\u003cNEWLINE\u003e- get_network_details_error: Unable to get http request with 404 Not Found]\n","    utils.go:101: \u001b[31mThe verbose output for the command is:\n","    utils.go:105: \u001b[31m0chain-core-sdk [INFO]   2023/09/01 22:40:07.072145 wallet_base.go:329: ******* Wallet SDK Version:v1.8.17-78-g80b63345 ******* (SetLogFile)\n","    utils.go:105: \u001b[31m0chain-core-sdk \u001b[31m[ERROR]  2023/09/01 22:40:07.091617 networkworker.go:52: Failed to update network details {error 26 0  get_network_details_error: Unable to get http request with 404 Not Found}\u001b[0m\n","    utils.go:105: \u001b[31mUpdateNetworkDetails: get_network_details_error: Unable to get http request with 404 Not Found\n","    utils.go:105: \u001b[31mget_network_details_error: Unable to get http request with 404 Not Found\n","    zwalletcli_register_wallet_test.go:140: faucet output: [UpdateNetworkDetails: get_network_details_error: Unable to get http request with 404 Not Found get_network_details_error: Unable to get http request with 404 Not Found]\n","    assertions.go:333: \n","        \tError Trace:\t/root/actions-runner2/_work/system_test/system_test/tests/cli_tests/zboxcli_update_allocation_test.go:834\n","        \t            \t\t\t\t/root/actions-runner2/_work/system_test/system_test/tests/cli_tests/zboxcli_update_allocation_test.go:810\n","        \t            \t\t\t\t/root/actions-runner2/_work/system_test/system_test/tests/cli_tests/0_s3mgrt_migrate_alternate_test.go:116\n","        \t            \t\t\t\t/root/actions-runner2/_work/system_test/system_test/internal/api/util/test/system_test_framework.go:150\n","        \t            \t\t\t\t/usr/local/go/src/runtime/asm_amd64.s:1598\n","        \tError:      \tExpected nil, but got: \u0026exec.ExitError{ProcessState:(*os.ProcessState)(0xc0001565b8), Stderr:[]uint8(nil)}\n","        \tTest:       \tTest0S3MigrationAlternate/Should_migrate_as_copy_bucket_successfully\n","        \tMessages:   \tcreating wallet failed%!(EXTRA string=UpdateNetworkDetails: get_network_details_error: Unable to get http request with 404 Not Found\n","        \t            \tget_network_details_error: Unable to get http request with 404 Not Found)\n","    0_s3mgrt_migrate_alternate_test.go:114: Test case [Should migrate as copy bucket successfully] exit at [09-01-2023 22:40:07]\n",""],"Passed":false,"Skipped":false,"TestFileName":"","TestFunctionDetail":{"Line":0,"Col":0}}]},{"FailureIndicator":"failed","SkippedIndicator":"","TestResults":[{"TestName":"Test0S3MigrationAlternate/Should_migrate_existing_bucket_successfully_with_encryption_on","Package":"github.com/0chain/system_test/tests/cli_tests","ElapsedTime":10.21,"Output":["","    0_s3mgrt_migrate_alternate_test.go:155: Test case [Should migrate existing bucket successfully with encryption on] scheduled at [09-01-2023 22:40:07] \n","    system_test_framework.go:149: Test case [Should migrate existing bucket successfully with encryption on] start at [09-01-2023 22:40:07] \n","    zwalletcli_register_wallet_test.go:123: creating wallet...\n","    zboxcli_update_allocation_test.go:950: Executing faucet...\n","    utils.go:82: \u001b[33mCommand failed on attempt [1/3] due to error [exit status 1]. Output: [UpdateNetworkDetails: get_network_details_error: Unable to get http request with 404 Not Found -\u003cNEWLINE\u003e- get_network_details_error: Unable to get http request with 404 Not Found]\n","    utils.go:82: \u001b[33mCommand failed on attempt [2/3] due to error [exit status 1]. Output: [UpdateNetworkDetails: get_network_details_error: Unable to get http request with 404 Not Found -\u003cNEWLINE\u003e- get_network_details_error: Unable to get http request with 404 Not Found]\n","    utils.go:98: \u001b[31mCommand failed on final attempt [3/3] due to error [exit status 1]. Command String: [] Output: [UpdateNetworkDetails: get_network_details_error: Unable to get http request with 404 Not Found -\u003cNEWLINE\u003e- get_network_details_error: Unable to get http request with 404 Not Found]\n","    utils.go:101: \u001b[31mThe verbose output for the command is:\n","    utils.go:105: \u001b[31m0chain-core-sdk [INFO]   2023/09/01 22:40:17.246266 wallet_base.go:329: ******* Wallet SDK Version:v1.8.17-78-g80b63345 ******* (SetLogFile)\n","    utils.go:105: \u001b[31m0chain-core-sdk \u001b[31m[ERROR]  2023/09/01 22:40:17.296717 networkworker.go:52: Failed to update network details {error 26 0  get_network_details_error: Unable to get http request with 404 Not Found}\u001b[0m\n","    utils.go:105: \u001b[31mUpdateNetworkDetails: get_network_details_error: Unable to get http request with 404 Not Found\n","    utils.go:105: \u001b[31mget_network_details_error: Unable to get http request with 404 Not Found\n","    zwalletcli_register_wallet_test.go:140: faucet output: [UpdateNetworkDetails: get_network_details_error: Unable to get http request with 404 Not Found get_network_details_error: Unable to get http request with 404 Not Found]\n","    assertions.go:333: \n","        \tError Trace:\t/root/actions-runner2/_work/system_test/system_test/tests/cli_tests/zboxcli_update_allocation_test.go:834\n","        \t            \t\t\t\t/root/actions-runner2/_work/system_test/system_test/tests/cli_tests/zboxcli_update_allocation_test.go:810\n","        \t            \t\t\t\t/root/actions-runner2/_work/system_test/system_test/tests/cli_tests/0_s3mgrt_migrate_alternate_test.go:157\n","        \t            \t\t\t\t/root/actions-runner2/_work/system_test/system_test/internal/api/util/test/system_test_framework.go:150\n","        \t            \t\t\t\t/usr/local/go/src/runtime/asm_amd64.s:1598\n","        \tError:      \tExpected nil, but got: \u0026exec.ExitError{ProcessState:(*os.ProcessState)(0xc0001565d0), Stderr:[]uint8(nil)}\n","        \tTest:       \tTest0S3MigrationAlternate/Should_migrate_existing_bucket_successfully_with_encryption_on\n","        \tMessages:   \tcreating wallet failed%!(EXTRA string=UpdateNetworkDetails: get_network_details_error: Unable to get http request with 404 Not Found\n","        \t            \tget_network_details_error: Unable to get http request with 404 Not Found)\n","    0_s3mgrt_migrate_alternate_test.go:155: Test case [Should migrate existing bucket successfully with encryption on] exit at [09-01-2023 22:40:17]\n",""],"Passed":false,"Skipped":false,"TestFileName":"","TestFunctionDetail":{"Line":0,"Col":0}}]},{"FailureIndicator":"failed","SkippedIndicator":"","TestResults":[{"TestName":"Test0S3MigrationAlternate/Should_migrate_existing_bucket_successfully_with_skip_0_and_replace_existing_file","Package":"github.com/0chain/system_test/tests/cli_tests","ElapsedTime":10.18,"Output":["","    0_s3mgrt_migrate_alternate_test.go:59: Test case [Should migrate existing bucket successfully with skip 0 and replace existing file] scheduled at [09-01-2023 22:39:36] \n","    system_test_framework.go:149: Test case [Should migrate existing bucket successfully with skip 0 and replace existing file] start at [09-01-2023 22:39:36] \n","    zwalletcli_register_wallet_test.go:123: creating wallet...\n","    zboxcli_update_allocation_test.go:950: Executing faucet...\n","    utils.go:82: \u001b[33mCommand failed on attempt [1/3] due to error [exit status 1]. Output: [UpdateNetworkDetails: get_network_details_error: Unable to get http request with 404 Not Found -\u003cNEWLINE\u003e- get_network_details_error: Unable to get http request with 404 Not Found]\n","    utils.go:82: \u001b[33mCommand failed on attempt [2/3] due to error [exit status 1]. Output: [UpdateNetworkDetails: get_network_details_error: Unable to get http request with 404 Not Found -\u003cNEWLINE\u003e- get_network_details_error: Unable to get http request with 404 Not Found]\n","    utils.go:98: \u001b[31mCommand failed on final attempt [3/3] due to error [exit status 1]. Command String: [] Output: [UpdateNetworkDetails: get_network_details_error: Unable to get http request with 404 Not Found -\u003cNEWLINE\u003e- get_network_details_error: Unable to get http request with 404 Not Found]\n","    utils.go:101: \u001b[31mThe verbose output for the command is:\n","    utils.go:105: \u001b[31m0chain-core-sdk [INFO]   2023/09/01 22:39:46.713631 wallet_base.go:329: ******* Wallet SDK Version:v1.8.17-78-g80b63345 ******* (SetLogFile)\n","    utils.go:105: \u001b[31m0chain-core-sdk \u001b[31m[ERROR]  2023/09/01 22:39:46.737270 networkworker.go:52: Failed to update network details {error 26 0  get_network_details_error: Unable to get http request with 404 Not Found}\u001b[0m\n","    utils.go:105: \u001b[31mUpdateNetworkDetails: get_network_details_error: Unable to get http request with 404 Not Found\n","    utils.go:105: \u001b[31mget_network_details_error: Unable to get http request with 404 Not Found\n","    zwalletcli_register_wallet_test.go:140: faucet output: [UpdateNetworkDetails: get_network_details_error: Unable to get http request with 404 Not Found get_network_details_error: Unable to get http request with 404 Not Found]\n","    assertions.go:333: \n","        \tError Trace:\t/root/actions-runner2/_work/system_test/system_test/tests/cli_tests/zboxcli_update_allocation_test.go:834\n","        \t            \t\t\t\t/root/actions-runner2/_work/system_test/system_test/tests/cli_tests/zboxcli_update_allocation_test.go:810\n","        \t            \t\t\t\t/root/actions-runner2/_work/system_test/system_test/tests/cli_tests/0_s3mgrt_migrate_alternate_test.go:61\n","        \t            \t\t\t\t/root/actions-runner2/_work/system_test/system_test/internal/api/util/test/system_test_framework.go:150\n","        \t            \t\t\t\t/usr/local/go/src/runtime/asm_amd64.s:1598\n","        \tError:      \tExpected nil, but got: \u0026exec.ExitError{ProcessState:(*os.ProcessState)(0xc000b897d0), Stderr:[]uint8(nil)}\n","        \tTest:       \tTest0S3MigrationAlternate/Should_migrate_existing_bucket_successfully_with_skip_0_and_replace_existing_file\n","        \tMessages:   \tcreating wallet failed%!(EXTRA string=UpdateNetworkDetails: get_network_details_error: Unable to get http request with 404 Not Found\n","        \t            \tget_network_details_error: Unable to get http request with 404 Not Found)\n","    0_s3mgrt_migrate_alternate_test.go:59: Test case [Should migrate existing bucket successfully with skip 0 and replace existing file] exit at [09-01-2023 22:39:46]\n",""],"Passed":false,"Skipped":false,"TestFileName":"","TestFunctionDetail":{"Line":0,"Col":0}}]},{"FailureIndicator":"failed","SkippedIndicator":"","TestResults":[{"TestName":"Test0S3MigrationAlternate/Should_migrate_existing_bucket_to_specified_path_successfully_with_encryption_on","Package":"github.com/0chain/system_test/tests/cli_tests","ElapsedTime":10.17,"Output":["","    0_s3mgrt_migrate_alternate_test.go:86: Test case [Should migrate existing bucket to specified path successfully with encryption on] scheduled at [09-01-2023 22:39:46] \n","    system_test_framework.go:149: Test case [Should migrate existing bucket to specified path successfully with encryption on] start at [09-01-2023 22:39:46] \n","    zwalletcli_register_wallet_test.go:123: creating wallet...\n","    zboxcli_update_allocation_test.go:950: Executing faucet...\n","    utils.go:82: \u001b[33mCommand failed on attempt [1/3] due to error [exit status 1]. Output: [UpdateNetworkDetails: get_network_details_error: Unable to get http request with 404 Not Found -\u003cNEWLINE\u003e- get_network_details_error: Unable to get http request with 404 Not Found]\n","    utils.go:82: \u001b[33mCommand failed on attempt [2/3] due to error [exit status 1]. Output: [UpdateNetworkDetails: get_network_details_error: Unable to get http request with 404 Not Found -\u003cNEWLINE\u003e- get_network_details_error: Unable to get http request with 404 Not Found]\n","    utils.go:98: \u001b[31mCommand failed on final attempt [3/3] due to error [exit status 1]. Command String: [] Output: [UpdateNetworkDetails: get_network_details_error: Unable to get http request with 404 Not Found -\u003cNEWLINE\u003e- get_network_details_error: Unable to get http request with 404 Not Found]\n","    utils.go:101: \u001b[31mThe verbose output for the command is:\n","    utils.go:105: \u001b[31m0chain-core-sdk [INFO]   2023/09/01 22:39:56.883553 wallet_base.go:329: ******* Wallet SDK Version:v1.8.17-78-g80b63345 ******* (SetLogFile)\n","    utils.go:105: \u001b[31m0chain-core-sdk \u001b[31m[ERROR]  2023/09/01 22:39:56.907818 networkworker.go:52: Failed to update network details {error 26 0  get_network_details_error: Unable to get http request with 404 Not Found}\u001b[0m\n","    utils.go:105: \u001b[31mUpdateNetworkDetails: get_network_details_error: Unable to get http request with 404 Not Found\n","    utils.go:105: \u001b[31mget_network_details_error: Unable to get http request with 404 Not Found\n","    zwalletcli_register_wallet_test.go:140: faucet output: [UpdateNetworkDetails: get_network_details_error: Unable to get http request with 404 Not Found get_network_details_error: Unable to get http request with 404 Not Found]\n","    assertions.go:333: \n","        \tError Trace:\t/root/actions-runner2/_work/system_test/system_test/tests/cli_tests/zboxcli_update_allocation_test.go:834\n","        \t            \t\t\t\t/root/actions-runner2/_work/system_test/system_test/tests/cli_tests/zboxcli_update_allocation_test.go:810\n","        \t            \t\t\t\t/root/actions-runner2/_work/system_test/system_test/tests/cli_tests/0_s3mgrt_migrate_alternate_test.go:88\n","        \t            \t\t\t\t/root/actions-runner2/_work/system_test/system_test/internal/api/util/test/system_test_framework.go:150\n","        \t            \t\t\t\t/usr/local/go/src/runtime/asm_amd64.s:1598\n","        \tError:      \tExpected nil, but got: \u0026exec.ExitError{ProcessState:(*os.ProcessState)(0xc000ad6000), Stderr:[]uint8(nil)}\n","        \tTest:       \tTest0S3MigrationAlternate/Should_migrate_existing_bucket_to_specified_path_successfully_with_encryption_on\n","        \tMessages:   \tcreating wallet failed%!(EXTRA string=UpdateNetworkDetails: get_network_details_error: Unable to get http request with 404 Not Found\n","        \t            \tget_network_details_error: Unable to get http request with 404 Not Found)\n","    0_s3mgrt_migrate_alternate_test.go:86: Test case [Should migrate existing bucket to specified path successfully with encryption on] exit at [09-01-2023 22:39:56]\n",""],"Passed":false,"Skipped":false,"TestFileName":"","TestFunctionDetail":{"Line":0,"Col":0}}]},{"FailureIndicator":"failed","SkippedIndicator":"","TestResults":[{"TestName":"Test0S3MigrationAlternate/Should_migrate_successfully_and_delete_the_s3_bucket_file_and_use_custom_workdir","Package":"github.com/0chain/system_test/tests/cli_tests","ElapsedTime":10.17,"Output":["","    0_s3mgrt_migrate_alternate_test.go:260: Test case [Should migrate successfully and delete the s3 bucket file and use custom workdir] scheduled at [09-01-2023 22:40:47] \n","    system_test_framework.go:149: Test case [Should migrate successfully and delete the s3 bucket file and use custom workdir] start at [09-01-2023 22:40:47] \n","    zwalletcli_register_wallet_test.go:123: creating wallet...\n","    zboxcli_update_allocation_test.go:950: Executing faucet...\n","    utils.go:82: \u001b[33mCommand failed on attempt [1/3] due to error [exit status 1]. Output: [UpdateNetworkDetails: get_network_details_error: Unable to get http request with 404 Not Found -\u003cNEWLINE\u003e- get_network_details_error: Unable to get http request with 404 Not Found]\n","    utils.go:82: \u001b[33mCommand failed on attempt [2/3] due to error [exit status 1]. Output: [UpdateNetworkDetails: get_network_details_error: Unable to get http request with 404 Not Found -\u003cNEWLINE\u003e- get_network_details_error: Unable to get http request with 404 Not Found]\n","    utils.go:98: \u001b[31mCommand failed on final attempt [3/3] due to error [exit status 1]. Command String: [] Output: [UpdateNetworkDetails: get_network_details_error: Unable to get http request with 404 Not Found -\u003cNEWLINE\u003e- get_network_details_error: Unable to get http request with 404 Not Found]\n","    utils.go:101: \u001b[31mThe verbose output for the command is:\n","    utils.go:105: \u001b[31m0chain-core-sdk [INFO]   2023/09/01 22:40:58.053865 wallet_base.go:329: ******* Wallet SDK Version:v1.8.17-78-g80b63345 ******* (SetLogFile)\n","    utils.go:105: \u001b[31m0chain-core-sdk \u001b[31m[ERROR]  2023/09/01 22:40:58.074488 networkworker.go:52: Failed to update network details {error 26 0  get_network_details_error: Unable to get http request with 404 Not Found}\u001b[0m\n","    utils.go:105: \u001b[31mUpdateNetworkDetails: get_network_details_error: Unable to get http request with 404 Not Found\n","    utils.go:105: \u001b[31mget_network_details_error: Unable to get http request with 404 Not Found\n","    zwalletcli_register_wallet_test.go:140: faucet output: [UpdateNetworkDetails: get_network_details_error: Unable to get http request with 404 Not Found get_network_details_error: Unable to get http request with 404 Not Found]\n","    assertions.go:333: \n","        \tError Trace:\t/root/actions-runner2/_work/system_test/system_test/tests/cli_tests/zboxcli_update_allocation_test.go:834\n","        \t            \t\t\t\t/root/actions-runner2/_work/system_test/system_test/tests/cli_tests/zboxcli_update_allocation_test.go:810\n","        \t            \t\t\t\t/root/actions-runner2/_work/system_test/system_test/tests/cli_tests/0_s3mgrt_migrate_alternate_test.go:262\n","        \t            \t\t\t\t/root/actions-runner2/_work/system_test/system_test/internal/api/util/test/system_test_framework.go:150\n","        \t            \t\t\t\t/usr/local/go/src/runtime/asm_amd64.s:1598\n","        \tError:      \tExpected nil, but got: \u0026exec.ExitError{ProcessState:(*os.ProcessState)(0xc000ad6b70), Stderr:[]uint8(nil)}\n","        \tTest:       \tTest0S3MigrationAlternate/Should_migrate_successfully_and_delete_the_s3_bucket_file_and_use_custom_workdir\n","        \tMessages:   \tcreating wallet failed%!(EXTRA string=UpdateNetworkDetails: get_network_details_error: Unable to get http request with 404 Not Found\n","        \t            \tget_network_details_error: Unable to get http request with 404 Not Found)\n","    0_s3mgrt_migrate_alternate_test.go:260: Test case [Should migrate successfully and delete the s3 bucket file and use custom workdir] exit at [09-01-2023 22:40:58]\n",""],"Passed":false,"Skipped":false,"TestFileName":"","TestFunctionDetail":{"Line":0,"Col":0}}]},{"FailureIndicator":"failed","SkippedIndicator":"","TestResults":[{"TestName":"Test0S3MigrationAlternate/Should_migrate_successfully_with_duplicate_files_with_skip_flag_==_2","Package":"github.com/0chain/system_test/tests/cli_tests","ElapsedTime":10.23,"Output":["","    0_s3mgrt_migrate_alternate_test.go:201: Test case [Should migrate successfully with duplicate files with skip flag == 2] scheduled at [09-01-2023 22:40:27] \n","    system_test_framework.go:149: Test case [Should migrate successfully with duplicate files with skip flag == 2] start at [09-01-2023 22:40:27] \n","    zwalletcli_register_wallet_test.go:123: creating wallet...\n","    zboxcli_update_allocation_test.go:950: Executing faucet...\n","    utils.go:82: \u001b[33mCommand failed on attempt [1/3] due to error [exit status 1]. Output: [UpdateNetworkDetails: get_network_details_error: Unable to get http request with 404 Not Found -\u003cNEWLINE\u003e- get_network_details_error: Unable to get http request with 404 Not Found]\n","    utils.go:82: \u001b[33mCommand failed on attempt [2/3] due to error [exit status 1]. Output: [UpdateNetworkDetails: get_network_details_error: Unable to get http request with 404 Not Found -\u003cNEWLINE\u003e- get_network_details_error: Unable to get http request with 404 Not Found]\n","    utils.go:98: \u001b[31mCommand failed on final attempt [3/3] due to error [exit status 1]. Command String: [] Output: [UpdateNetworkDetails: get_network_details_error: Unable to get http request with 404 Not Found -\u003cNEWLINE\u003e- get_network_details_error: Unable to get http request with 404 Not Found]\n","    utils.go:101: \u001b[31mThe verbose output for the command is:\n","    utils.go:105: \u001b[31m0chain-core-sdk [INFO]   2023/09/01 22:40:37.672380 wallet_base.go:329: ******* Wallet SDK Version:v1.8.17-78-g80b63345 ******* (SetLogFile)\n","    utils.go:105: \u001b[31m0chain-core-sdk \u001b[31m[ERROR]  2023/09/01 22:40:37.704649 networkworker.go:52: Failed to update network details {error 26 0  get_network_details_error: Unable to get http request with 404 Not Found}\u001b[0m\n","    utils.go:105: \u001b[31mUpdateNetworkDetails: get_network_details_error: Unable to get http request with 404 Not Found\n","    utils.go:105: \u001b[31mget_network_details_error: Unable to get http request with 404 Not Found\n","    zwalletcli_register_wallet_test.go:140: faucet output: [UpdateNetworkDetails: get_network_details_error: Unable to get http request with 404 Not Found get_network_details_error: Unable to get http request with 404 Not Found]\n","    assertions.go:333: \n","        \tError Trace:\t/root/actions-runner2/_work/system_test/system_test/tests/cli_tests/zboxcli_update_allocation_test.go:834\n","        \t            \t\t\t\t/root/actions-runner2/_work/system_test/system_test/tests/cli_tests/zboxcli_update_allocation_test.go:810\n","        \t            \t\t\t\t/root/actions-runner2/_work/system_test/system_test/tests/cli_tests/0_s3mgrt_migrate_alternate_test.go:203\n","        \t            \t\t\t\t/root/actions-runner2/_work/system_test/system_test/internal/api/util/test/system_test_framework.go:150\n","        \t            \t\t\t\t/usr/local/go/src/runtime/asm_amd64.s:1598\n","        \tError:      \tExpected nil, but got: \u0026exec.ExitError{ProcessState:(*os.ProcessState)(0xc000ad67c8), Stderr:[]uint8(nil)}\n","        \tTest:       \tTest0S3MigrationAlternate/Should_migrate_successfully_with_duplicate_files_with_skip_flag_==_2\n","        \tMessages:   \tcreating wallet failed%!(EXTRA string=UpdateNetworkDetails: get_network_details_error: Unable to get http request with 404 Not Found\n","        \t            \tget_network_details_error: Unable to get http request with 404 Not Found)\n","    0_s3mgrt_migrate_alternate_test.go:201: Test case [Should migrate successfully with duplicate files with skip flag == 2] exit at [09-01-2023 22:40:37]\n",""],"Passed":false,"Skipped":false,"TestFileName":"","TestFunctionDetail":{"Line":0,"Col":0}}]},{"FailureIndicator":"failed","SkippedIndicator":"","TestResults":[{"TestName":"Test0S3MigrationAlternate/Should_migrate_successfully_with_duplication_files__with_skip_flag_==_2_and_dup-suffix","Package":"github.com/0chain/system_test/tests/cli_tests","ElapsedTime":10.2,"Output":["","    0_s3mgrt_migrate_alternate_test.go:230: Test case [Should migrate successfully with duplication files  with skip flag == 2 and dup-suffix] scheduled at [09-01-2023 22:40:37] \n","    system_test_framework.go:149: Test case [Should migrate successfully with duplication files  with skip flag == 2 and dup-suffix] start at [09-01-2023 22:40:37] \n","    zwalletcli_register_wallet_test.go:123: creating wallet...\n","    zboxcli_update_allocation_test.go:950: Executing faucet...\n","    utils.go:82: \u001b[33mCommand failed on attempt [1/3] due to error [exit status 1]. Output: [UpdateNetworkDetails: get_network_details_error: Unable to get http request with 404 Not Found -\u003cNEWLINE\u003e- get_network_details_error: Unable to get http request with 404 Not Found]\n","    utils.go:82: \u001b[33mCommand failed on attempt [2/3] due to error [exit status 1]. Output: [UpdateNetworkDetails: get_network_details_error: Unable to get http request with 404 Not Found -\u003cNEWLINE\u003e- get_network_details_error: Unable to get http request with 404 Not Found]\n","    utils.go:98: \u001b[31mCommand failed on final attempt [3/3] due to error [exit status 1]. Command String: [] Output: [UpdateNetworkDetails: get_network_details_error: Unable to get http request with 404 Not Found -\u003cNEWLINE\u003e- get_network_details_error: Unable to get http request with 404 Not Found]\n","    utils.go:101: \u001b[31mThe verbose output for the command is:\n","    utils.go:105: \u001b[31m0chain-core-sdk [INFO]   2023/09/01 22:40:47.888512 wallet_base.go:329: ******* Wallet SDK Version:v1.8.17-78-g80b63345 ******* (SetLogFile)\n","    utils.go:105: \u001b[31m0chain-core-sdk \u001b[31m[ERROR]  2023/09/01 22:40:47.905242 networkworker.go:52: Failed to update network details {error 26 0  get_network_details_error: Unable to get http request with 404 Not Found}\u001b[0m\n","    utils.go:105: \u001b[31mUpdateNetworkDetails: get_network_details_error: Unable to get http request with 404 Not Found\n","    utils.go:105: \u001b[31mget_network_details_error: Unable to get http request with 404 Not Found\n","    zwalletcli_register_wallet_test.go:140: faucet output: [UpdateNetworkDetails: get_network_details_error: Unable to get http request with 404 Not Found get_network_details_error: Unable to get http request with 404 Not Found]\n","    assertions.go:333: \n","        \tError Trace:\t/root/actions-runner2/_work/system_test/system_test/tests/cli_tests/zboxcli_update_allocation_test.go:834\n","        \t            \t\t\t\t/root/actions-runner2/_work/system_test/system_test/tests/cli_tests/zboxcli_update_allocation_test.go:810\n","        \t            \t\t\t\t/root/actions-runner2/_work/system_test/system_test/tests/cli_tests/0_s3mgrt_migrate_alternate_test.go:232\n","        \t            \t\t\t\t/root/actions-runner2/_work/system_test/system_test/internal/api/util/test/system_test_framework.go:150\n","        \t            \t\t\t\t/usr/local/go/src/runtime/asm_amd64.s:1598\n","        \tError:      \tExpected nil, but got: \u0026exec.ExitError{ProcessState:(*os.ProcessState)(0xc000156a80), Stderr:[]uint8(nil)}\n","        \tTest:       \tTest0S3MigrationAlternate/Should_migrate_successfully_with_duplication_files__with_skip_flag_==_2_and_dup-suffix\n","        \tMessages:   \tcreating wallet failed%!(EXTRA string=UpdateNetworkDetails: get_network_details_error: Unable to get http request with 404 Not Found\n","        \t            \tget_network_details_error: Unable to get http request with 404 Not Found)\n","    0_s3mgrt_migrate_alternate_test.go:230: Test case [Should migrate successfully with duplication files  with skip flag == 2 and dup-suffix] exit at [09-01-2023 22:40:47]\n",""],"Passed":false,"Skipped":false,"TestFileName":"","TestFunctionDetail":{"Line":0,"Col":0}}]},{"FailureIndicator":"failed","SkippedIndicator":"","TestResults":[{"TestName":"Test0S3MigrationAlternate/Should_skip_migration_with_skip_flag_==_1_and_migartion_should_be_skipped","Package":"github.com/0chain/system_test/tests/cli_tests","ElapsedTime":10.18,"Output":["","    0_s3mgrt_migrate_alternate_test.go:181: Test case [Should skip migration with skip flag == 1 and migartion should be skipped] scheduled at [09-01-2023 22:40:17] \n","    system_test_framework.go:149: Test case [Should skip migration with skip flag == 1 and migartion should be skipped] start at [09-01-2023 22:40:17] \n","    zwalletcli_register_wallet_test.go:123: creating wallet...\n","    zboxcli_update_allocation_test.go:950: Executing faucet...\n","    utils.go:82: \u001b[33mCommand failed on attempt [1/3] due to error [exit status 1]. Output: [UpdateNetworkDetails: get_network_details_error: Unable to get http request with 404 Not Found -\u003cNEWLINE\u003e- get_network_details_error: Unable to get http request with 404 Not Found]\n","    utils.go:82: \u001b[33mCommand failed on attempt [2/3] due to error [exit status 1]. Output: [UpdateNetworkDetails: get_network_details_error: Unable to get http request with 404 Not Found -\u003cNEWLINE\u003e- get_network_details_error: Unable to get http request with 404 Not Found]\n","    utils.go:98: \u001b[31mCommand failed on final attempt [3/3] due to error [exit status 1]. Command String: [] Output: [UpdateNetworkDetails: get_network_details_error: Unable to get http request with 404 Not Found -\u003cNEWLINE\u003e- get_network_details_error: Unable to get http request with 404 Not Found]\n","    utils.go:101: \u001b[31mThe verbose output for the command is:\n","    utils.go:105: \u001b[31m0chain-core-sdk [INFO]   2023/09/01 22:40:27.451978 wallet_base.go:329: ******* Wallet SDK Version:v1.8.17-78-g80b63345 ******* (SetLogFile)\n","    utils.go:105: \u001b[31m0chain-core-sdk \u001b[31m[ERROR]  2023/09/01 22:40:27.475835 networkworker.go:52: Failed to update network details {error 26 0  get_network_details_error: Unable to get http request with 404 Not Found}\u001b[0m\n","    utils.go:105: \u001b[31mUpdateNetworkDetails: get_network_details_error: Unable to get http request with 404 Not Found\n","    utils.go:105: \u001b[31mget_network_details_error: Unable to get http request with 404 Not Found\n","    zwalletcli_register_wallet_test.go:140: faucet output: [UpdateNetworkDetails: get_network_details_error: Unable to get http request with 404 Not Found get_network_details_error: Unable to get http request with 404 Not Found]\n","    assertions.go:333: \n","        \tError Trace:\t/root/actions-runner2/_work/system_test/system_test/tests/cli_tests/zboxcli_update_allocation_test.go:834\n","        \t            \t\t\t\t/root/actions-runner2/_work/system_test/system_test/tests/cli_tests/zboxcli_update_allocation_test.go:810\n","        \t            \t\t\t\t/root/actions-runner2/_work/system_test/system_test/tests/cli_tests/0_s3mgrt_migrate_alternate_test.go:183\n","        \t            \t\t\t\t/root/actions-runner2/_work/system_test/system_test/internal/api/util/test/system_test_framework.go:150\n","        \t            \t\t\t\t/usr/local/go/src/runtime/asm_amd64.s:1598\n","        \tError:      \tExpected nil, but got: \u0026exec.ExitError{ProcessState:(*os.ProcessState)(0xc000156840), Stderr:[]uint8(nil)}\n","        \tTest:       \tTest0S3MigrationAlternate/Should_skip_migration_with_skip_flag_==_1_and_migartion_should_be_skipped\n","        \tMessages:   \tcreating wallet failed%!(EXTRA string=UpdateNetworkDetails: get_network_details_error: Unable to get http request with 404 Not Found\n","        \t            \tget_network_details_error: Unable to get http request with 404 Not Found)\n","    0_s3mgrt_migrate_alternate_test.go:181: Test case [Should skip migration with skip flag == 1 and migartion should be skipped] exit at [09-01-2023 22:40:27]\n",""],"Passed":false,"Skipped":false,"TestFileName":"","TestFunctionDetail":{"Line":0,"Col":0}}]},{"FailureIndicator":"failed","SkippedIndicator":"","TestResults":[{"TestName":"Test0S3MigrationAlternatePart2","Package":"github.com/0chain/system_test/tests/cli_tests","ElapsedTime":92.82,"Output":["","    system_test_framework.go:70: Test setup [Setup s3 bucket with relevant file] scheduled at [09-01-2023 22:38:03] \n","    system_test_framework.go:80: Test setup [Setup s3 bucket with relevant file] start at [09-01-2023 22:38:03] \n","    system_test_framework.go:93: Test setup [Setup s3 bucket with relevant file] exit at [09-01-2023 22:38:04]\n",""],"Passed":false,"Skipped":false,"TestFileName":"0_s3mgrt_migrate_alternate2_test.go","TestFunctionDetail":{"Line":22,"Col":1}}]},{"FailureIndicator":"failed","SkippedIndicator":"","TestResults":[{"TestName":"Test0S3MigrationAlternatePart2/Should_migrate_existing_bucket_successfully_with_concurrency==4_and_working_dir_current_dir","Package":"github.com/0chain/system_test/tests/cli_tests","ElapsedTime":10.19,"Output":["","    0_s3mgrt_migrate_alternate2_test.go:50: Test case [Should migrate existing bucket successfully with concurrency==4 and working dir current dir] scheduled at [09-01-2023 22:38:04] \n","    system_test_framework.go:149: Test case [Should migrate existing bucket successfully with concurrency==4 and working dir current dir] start at [09-01-2023 22:38:04] \n","    zwalletcli_register_wallet_test.go:123: creating wallet...\n","    zboxcli_update_allocation_test.go:950: Executing faucet...\n","    utils.go:82: \u001b[33mCommand failed on attempt [1/3] due to error [exit status 1]. Output: [UpdateNetworkDetails: get_network_details_error: Unable to get http request with 404 Not Found -\u003cNEWLINE\u003e- get_network_details_error: Unable to get http request with 404 Not Found]\n","    utils.go:82: \u001b[33mCommand failed on attempt [2/3] due to error [exit status 1]. Output: [UpdateNetworkDetails: get_network_details_error: Unable to get http request with 404 Not Found -\u003cNEWLINE\u003e- get_network_details_error: Unable to get http request with 404 Not Found]\n","    utils.go:98: \u001b[31mCommand failed on final attempt [3/3] due to error [exit status 1]. Command String: [] Output: [UpdateNetworkDetails: get_network_details_error: Unable to get http request with 404 Not Found -\u003cNEWLINE\u003e- get_network_details_error: Unable to get http request with 404 Not Found]\n","    utils.go:101: \u001b[31mThe verbose output for the command is:\n","    utils.go:105: \u001b[31m0chain-core-sdk [INFO]   2023/09/01 22:38:14.296918 wallet_base.go:329: ******* Wallet SDK Version:v1.8.17-78-g80b63345 ******* (SetLogFile)\n","    utils.go:105: \u001b[31m0chain-core-sdk \u001b[31m[ERROR]  2023/09/01 22:38:14.322280 networkworker.go:52: Failed to update network details {error 26 0  get_network_details_error: Unable to get http request with 404 Not Found}\u001b[0m\n","    utils.go:105: \u001b[31mUpdateNetworkDetails: get_network_details_error: Unable to get http request with 404 Not Found\n","    utils.go:105: \u001b[31mget_network_details_error: Unable to get http request with 404 Not Found\n","    zwalletcli_register_wallet_test.go:140: faucet output: [UpdateNetworkDetails: get_network_details_error: Unable to get http request with 404 Not Found get_network_details_error: Unable to get http request with 404 Not Found]\n","    assertions.go:333: \n","        \tError Trace:\t/root/actions-runner2/_work/system_test/system_test/tests/cli_tests/zboxcli_update_allocation_test.go:834\n","        \t            \t\t\t\t/root/actions-runner2/_work/system_test/system_test/tests/cli_tests/zboxcli_update_allocation_test.go:810\n","        \t            \t\t\t\t/root/actions-runner2/_work/system_test/system_test/tests/cli_tests/0_s3mgrt_migrate_alternate2_test.go:52\n","        \t            \t\t\t\t/root/actions-runner2/_work/system_test/system_test/internal/api/util/test/system_test_framework.go:150\n","        \t            \t\t\t\t/usr/local/go/src/runtime/asm_amd64.s:1598\n","        \tError:      \tExpected nil, but got: \u0026exec.ExitError{ProcessState:(*os.ProcessState)(0xc000ad6900), Stderr:[]uint8(nil)}\n","        \tTest:       \tTest0S3MigrationAlternatePart2/Should_migrate_existing_bucket_successfully_with_concurrency==4_and_working_dir_current_dir\n","        \tMessages:   \tcreating wallet failed%!(EXTRA string=UpdateNetworkDetails: get_network_details_error: Unable to get http request with 404 Not Found\n","        \t            \tget_network_details_error: Unable to get http request with 404 Not Found)\n","    0_s3mgrt_migrate_alternate2_test.go:50: Test case [Should migrate existing bucket successfully with concurrency==4 and working dir current dir] exit at [09-01-2023 22:38:14]\n",""],"Passed":false,"Skipped":false,"TestFileName":"","TestFunctionDetail":{"Line":0,"Col":0}}]},{"FailureIndicator":"failed","SkippedIndicator":"","TestResults":[{"TestName":"Test0S3MigrationAlternatePart2/Should_migrate_existing_bucket_successfully_with_files_staring_with_given_prefix","Package":"github.com/0chain/system_test/tests/cli_tests","ElapsedTime":10.15,"Output":["","    0_s3mgrt_migrate_alternate2_test.go:153: Test case [Should migrate existing bucket successfully with files staring with given prefix] scheduled at [09-01-2023 22:38:34] \n","    system_test_framework.go:149: Test case [Should migrate existing bucket successfully with files staring with given prefix] start at [09-01-2023 22:38:34] \n","    zwalletcli_register_wallet_test.go:123: creating wallet...\n","    zboxcli_update_allocation_test.go:950: Executing faucet...\n","    utils.go:82: \u001b[33mCommand failed on attempt [1/3] due to error [exit status 1]. Output: [UpdateNetworkDetails: get_network_details_error: Unable to get http request with 404 Not Found -\u003cNEWLINE\u003e- get_network_details_error: Unable to get http request with 404 Not Found]\n","    utils.go:82: \u001b[33mCommand failed on attempt [2/3] due to error [exit status 1]. Output: [UpdateNetworkDetails: get_network_details_error: Unable to get http request with 404 Not Found -\u003cNEWLINE\u003e- get_network_details_error: Unable to get http request with 404 Not Found]\n","    utils.go:98: \u001b[31mCommand failed on final attempt [3/3] due to error [exit status 1]. Command String: [] Output: [UpdateNetworkDetails: get_network_details_error: Unable to get http request with 404 Not Found -\u003cNEWLINE\u003e- get_network_details_error: Unable to get http request with 404 Not Found]\n","    utils.go:101: \u001b[31mThe verbose output for the command is:\n","    utils.go:105: \u001b[31m0chain-core-sdk [INFO]   2023/09/01 22:38:44.767845 wallet_base.go:329: ******* Wallet SDK Version:v1.8.17-78-g80b63345 ******* (SetLogFile)\n","    utils.go:105: \u001b[31m0chain-core-sdk \u001b[31m[ERROR]  2023/09/01 22:38:44.788346 networkworker.go:52: Failed to update network details {error 26 0  get_network_details_error: Unable to get http request with 404 Not Found}\u001b[0m\n","    utils.go:105: \u001b[31mUpdateNetworkDetails: get_network_details_error: Unable to get http request with 404 Not Found\n","    utils.go:105: \u001b[31mget_network_details_error: Unable to get http request with 404 Not Found\n","    zwalletcli_register_wallet_test.go:140: faucet output: [UpdateNetworkDetails: get_network_details_error: Unable to get http request with 404 Not Found get_network_details_error: Unable to get http request with 404 Not Found]\n","    assertions.go:333: \n","        \tError Trace:\t/root/actions-runner2/_work/system_test/system_test/tests/cli_tests/zboxcli_update_allocation_test.go:834\n","        \t            \t\t\t\t/root/actions-runner2/_work/system_test/system_test/tests/cli_tests/zboxcli_update_allocation_test.go:810\n","        \t            \t\t\t\t/root/actions-runner2/_work/system_test/system_test/tests/cli_tests/0_s3mgrt_migrate_alternate2_test.go:155\n","        \t            \t\t\t\t/root/actions-runner2/_work/system_test/system_test/internal/api/util/test/system_test_framework.go:150\n","        \t            \t\t\t\t/usr/local/go/src/runtime/asm_amd64.s:1598\n","        \tError:      \tExpected nil, but got: \u0026exec.ExitError{ProcessState:(*os.ProcessState)(0xc000b88978), Stderr:[]uint8(nil)}\n","        \tTest:       \tTest0S3MigrationAlternatePart2/Should_migrate_existing_bucket_successfully_with_files_staring_with_given_prefix\n","        \tMessages:   \tcreating wallet failed%!(EXTRA string=UpdateNetworkDetails: get_network_details_error: Unable to get http request with 404 Not Found\n","        \t            \tget_network_details_error: Unable to get http request with 404 Not Found)\n","    0_s3mgrt_migrate_alternate2_test.go:153: Test case [Should migrate existing bucket successfully with files staring with given prefix] exit at [09-01-2023 22:38:44]\n",""],"Passed":false,"Skipped":false,"TestFileName":"","TestFunctionDetail":{"Line":0,"Col":0}}]},{"FailureIndicator":"failed","SkippedIndicator":"","TestResults":[{"TestName":"Test0S3MigrationAlternatePart2/Should_migrate_existing_bucket_successfully_with_newer_than_prefix","Package":"github.com/0chain/system_test/tests/cli_tests","ElapsedTime":10.17,"Output":["","    0_s3mgrt_migrate_alternate2_test.go:82: Test case [Should migrate existing bucket successfully with newer than prefix] scheduled at [09-01-2023 22:38:14] \n","    system_test_framework.go:149: Test case [Should migrate existing bucket successfully with newer than prefix] start at [09-01-2023 22:38:14] \n","    zwalletcli_register_wallet_test.go:123: creating wallet...\n","    zboxcli_update_allocation_test.go:950: Executing faucet...\n","    utils.go:82: \u001b[33mCommand failed on attempt [1/3] due to error [exit status 1]. Output: [UpdateNetworkDetails: get_network_details_error: Unable to get http request with 404 Not Found -\u003cNEWLINE\u003e- get_network_details_error: Unable to get http request with 404 Not Found]\n","    utils.go:82: \u001b[33mCommand failed on attempt [2/3] due to error [exit status 1]. Output: [UpdateNetworkDetails: get_network_details_error: Unable to get http request with 404 Not Found -\u003cNEWLINE\u003e- get_network_details_error: Unable to get http request with 404 Not Found]\n","    utils.go:98: \u001b[31mCommand failed on final attempt [3/3] due to error [exit status 1]. Command String: [] Output: [UpdateNetworkDetails: get_network_details_error: Unable to get http request with 404 Not Found -\u003cNEWLINE\u003e- get_network_details_error: Unable to get http request with 404 Not Found]\n","    utils.go:101: \u001b[31mThe verbose output for the command is:\n","    utils.go:105: \u001b[31m0chain-core-sdk [INFO]   2023/09/01 22:38:24.473356 wallet_base.go:329: ******* Wallet SDK Version:v1.8.17-78-g80b63345 ******* (SetLogFile)\n","    utils.go:105: \u001b[31m0chain-core-sdk \u001b[31m[ERROR]  2023/09/01 22:38:24.488939 networkworker.go:52: Failed to update network details {error 26 0  get_network_details_error: Unable to get http request with 404 Not Found}\u001b[0m\n","    utils.go:105: \u001b[31mUpdateNetworkDetails: get_network_details_error: Unable to get http request with 404 Not Found\n","    utils.go:105: \u001b[31mget_network_details_error: Unable to get http request with 404 Not Found\n","    zwalletcli_register_wallet_test.go:140: faucet output: [UpdateNetworkDetails: get_network_details_error: Unable to get http request with 404 Not Found get_network_details_error: Unable to get http request with 404 Not Found]\n","    assertions.go:333: \n","        \tError Trace:\t/root/actions-runner2/_work/system_test/system_test/tests/cli_tests/zboxcli_update_allocation_test.go:834\n","        \t            \t\t\t\t/root/actions-runner2/_work/system_test/system_test/tests/cli_tests/zboxcli_update_allocation_test.go:810\n","        \t            \t\t\t\t/root/actions-runner2/_work/system_test/system_test/tests/cli_tests/0_s3mgrt_migrate_alternate2_test.go:84\n","        \t            \t\t\t\t/root/actions-runner2/_work/system_test/system_test/internal/api/util/test/system_test_framework.go:150\n","        \t            \t\t\t\t/usr/local/go/src/runtime/asm_amd64.s:1598\n","        \tError:      \tExpected nil, but got: \u0026exec.ExitError{ProcessState:(*os.ProcessState)(0xc000b88660), Stderr:[]uint8(nil)}\n","        \tTest:       \tTest0S3MigrationAlternatePart2/Should_migrate_existing_bucket_successfully_with_newer_than_prefix\n","        \tMessages:   \tcreating wallet failed%!(EXTRA string=UpdateNetworkDetails: get_network_details_error: Unable to get http request with 404 Not Found\n","        \t            \tget_network_details_error: Unable to get http request with 404 Not Found)\n","    0_s3mgrt_migrate_alternate2_test.go:82: Test case [Should migrate existing bucket successfully with newer than prefix] exit at [09-01-2023 22:38:24]\n",""],"Passed":false,"Skipped":false,"TestFileName":"","TestFunctionDetail":{"Line":0,"Col":0}}]},{"FailureIndicator":"failed","SkippedIndicator":"","TestResults":[{"TestName":"Test0S3MigrationAlternatePart2/Should_migrate_existing_bucket_successfully_with_older_than_prefix","Package":"github.com/0chain/system_test/tests/cli_tests","ElapsedTime":10.15,"Output":["","    0_s3mgrt_migrate_alternate2_test.go:116: Test case [Should migrate existing bucket successfully with older than prefix] scheduled at [09-01-2023 22:38:24] \n","    system_test_framework.go:149: Test case [Should migrate existing bucket successfully with older than prefix] start at [09-01-2023 22:38:24] \n","    zwalletcli_register_wallet_test.go:123: creating wallet...\n","    zboxcli_update_allocation_test.go:950: Executing faucet...\n","    utils.go:82: \u001b[33mCommand failed on attempt [1/3] due to error [exit status 1]. Output: [UpdateNetworkDetails: get_network_details_error: Unable to get http request with 404 Not Found -\u003cNEWLINE\u003e- get_network_details_error: Unable to get http request with 404 Not Found]\n","    utils.go:82: \u001b[33mCommand failed on attempt [2/3] due to error [exit status 1]. Output: [UpdateNetworkDetails: get_network_details_error: Unable to get http request with 404 Not Found -\u003cNEWLINE\u003e- get_network_details_error: Unable to get http request with 404 Not Found]\n","    utils.go:98: \u001b[31mCommand failed on final attempt [3/3] due to error [exit status 1]. Command String: [] Output: [UpdateNetworkDetails: get_network_details_error: Unable to get http request with 404 Not Found -\u003cNEWLINE\u003e- get_network_details_error: Unable to get http request with 404 Not Found]\n","    utils.go:101: \u001b[31mThe verbose output for the command is:\n","    utils.go:105: \u001b[31m0chain-core-sdk [INFO]   2023/09/01 22:38:34.622894 wallet_base.go:329: ******* Wallet SDK Version:v1.8.17-78-g80b63345 ******* (SetLogFile)\n","    utils.go:105: \u001b[31m0chain-core-sdk \u001b[31m[ERROR]  2023/09/01 22:38:34.638606 networkworker.go:52: Failed to update network details {error 26 0  get_network_details_error: Unable to get http request with 404 Not Found}\u001b[0m\n","    utils.go:105: \u001b[31mUpdateNetworkDetails: get_network_details_error: Unable to get http request with 404 Not Found\n","    utils.go:105: \u001b[31mget_network_details_error: Unable to get http request with 404 Not Found\n","    zwalletcli_register_wallet_test.go:140: faucet output: [UpdateNetworkDetails: get_network_details_error: Unable to get http request with 404 Not Found get_network_details_error: Unable to get http request with 404 Not Found]\n","    assertions.go:333: \n","        \tError Trace:\t/root/actions-runner2/_work/system_test/system_test/tests/cli_tests/zboxcli_update_allocation_test.go:834\n","        \t            \t\t\t\t/root/actions-runner2/_work/system_test/system_test/tests/cli_tests/zboxcli_update_allocation_test.go:810\n","        \t            \t\t\t\t/root/actions-runner2/_work/system_test/system_test/tests/cli_tests/0_s3mgrt_migrate_alternate2_test.go:118\n","        \t            \t\t\t\t/root/actions-runner2/_work/system_test/system_test/internal/api/util/test/system_test_framework.go:150\n","        \t            \t\t\t\t/usr/local/go/src/runtime/asm_amd64.s:1598\n","        \tError:      \tExpected nil, but got: \u0026exec.ExitError{ProcessState:(*os.ProcessState)(0xc000b88798), Stderr:[]uint8(nil)}\n","        \tTest:       \tTest0S3MigrationAlternatePart2/Should_migrate_existing_bucket_successfully_with_older_than_prefix\n","        \tMessages:   \tcreating wallet failed%!(EXTRA string=UpdateNetworkDetails: get_network_details_error: Unable to get http request with 404 Not Found\n","        \t            \tget_network_details_error: Unable to get http request with 404 Not Found)\n","    0_s3mgrt_migrate_alternate2_test.go:116: Test case [Should migrate existing bucket successfully with older than prefix] exit at [09-01-2023 22:38:34]\n",""],"Passed":false,"Skipped":false,"TestFileName":"","TestFunctionDetail":{"Line":0,"Col":0}}]},{"FailureIndicator":"failed","SkippedIndicator":"","TestResults":[{"TestName":"Test0S3MigrationAlternatePart2/Should_pass_concurrency_flag_is_set_to_20","Package":"github.com/0chain/system_test/tests/cli_tests","ElapsedTime":10.17,"Output":["","    0_s3mgrt_migrate_alternate2_test.go:285: Test case [Should pass concurrency flag is set to 20] scheduled at [09-01-2023 22:39:05] \n","    system_test_framework.go:149: Test case [Should pass concurrency flag is set to 20] start at [09-01-2023 22:39:05] \n","    zwalletcli_register_wallet_test.go:123: creating wallet...\n","    zboxcli_update_allocation_test.go:950: Executing faucet...\n","    utils.go:82: \u001b[33mCommand failed on attempt [1/3] due to error [exit status 1]. Output: [UpdateNetworkDetails: get_network_details_error: Unable to get http request with 404 Not Found -\u003cNEWLINE\u003e- get_network_details_error: Unable to get http request with 404 Not Found]\n","    utils.go:82: \u001b[33mCommand failed on attempt [2/3] due to error [exit status 1]. Output: [UpdateNetworkDetails: get_network_details_error: Unable to get http request with 404 Not Found -\u003cNEWLINE\u003e- get_network_details_error: Unable to get http request with 404 Not Found]\n","    utils.go:98: \u001b[31mCommand failed on final attempt [3/3] due to error [exit status 1]. Command String: [] Output: [UpdateNetworkDetails: get_network_details_error: Unable to get http request with 404 Not Found -\u003cNEWLINE\u003e- get_network_details_error: Unable to get http request with 404 Not Found]\n","    utils.go:101: \u001b[31mThe verbose output for the command is:\n","    utils.go:105: \u001b[31m0chain-core-sdk [INFO]   2023/09/01 22:39:15.287747 wallet_base.go:329: ******* Wallet SDK Version:v1.8.17-78-g80b63345 ******* (SetLogFile)\n","    utils.go:105: \u001b[31m0chain-core-sdk \u001b[31m[ERROR]  2023/09/01 22:39:15.311466 networkworker.go:52: Failed to update network details {error 26 0  get_network_details_error: Unable to get http request with 404 Not Found}\u001b[0m\n","    utils.go:105: \u001b[31mUpdateNetworkDetails: get_network_details_error: Unable to get http request with 404 Not Found\n","    utils.go:105: \u001b[31mget_network_details_error: Unable to get http request with 404 Not Found\n","    zwalletcli_register_wallet_test.go:140: faucet output: [UpdateNetworkDetails: get_network_details_error: Unable to get http request with 404 Not Found get_network_details_error: Unable to get http request with 404 Not Found]\n","    assertions.go:333: \n","        \tError Trace:\t/root/actions-runner2/_work/system_test/system_test/tests/cli_tests/zboxcli_update_allocation_test.go:834\n","        \t            \t\t\t\t/root/actions-runner2/_work/system_test/system_test/tests/cli_tests/zboxcli_update_allocation_test.go:810\n","        \t            \t\t\t\t/root/actions-runner2/_work/system_test/system_test/tests/cli_tests/0_s3mgrt_migrate_alternate2_test.go:287\n","        \t            \t\t\t\t/root/actions-runner2/_work/system_test/system_test/internal/api/util/test/system_test_framework.go:150\n","        \t            \t\t\t\t/usr/local/go/src/runtime/asm_amd64.s:1598\n","        \tError:      \tExpected nil, but got: \u0026exec.ExitError{ProcessState:(*os.ProcessState)(0xc000ad7290), Stderr:[]uint8(nil)}\n","        \tTest:       \tTest0S3MigrationAlternatePart2/Should_pass_concurrency_flag_is_set_to_20\n","        \tMessages:   \tcreating wallet failed%!(EXTRA string=UpdateNetworkDetails: get_network_details_error: Unable to get http request with 404 Not Found\n","        \t            \tget_network_details_error: Unable to get http request with 404 Not Found)\n","    0_s3mgrt_migrate_alternate2_test.go:285: Test case [Should pass concurrency flag is set to 20] exit at [09-01-2023 22:39:15]\n",""],"Passed":false,"Skipped":false,"TestFileName":"","TestFunctionDetail":{"Line":0,"Col":0}}]},{"FailureIndicator":"failed","SkippedIndicator":"","TestResults":[{"TestName":"Test0S3MigrationAlternatePart2/Should_pass_retry_flag_is_set_to_4","Package":"github.com/0chain/system_test/tests/cli_tests","ElapsedTime":10.19,"Output":["","    0_s3mgrt_migrate_alternate2_test.go:320: Test case [Should pass retry flag is set to 4] scheduled at [09-01-2023 22:39:15] \n","    system_test_framework.go:149: Test case [Should pass retry flag is set to 4] start at [09-01-2023 22:39:15] \n","    zwalletcli_register_wallet_test.go:123: creating wallet...\n","    zboxcli_update_allocation_test.go:950: Executing faucet...\n","    utils.go:82: \u001b[33mCommand failed on attempt [1/3] due to error [exit status 1]. Output: [UpdateNetworkDetails: get_network_details_error: Unable to get http request with 404 Not Found -\u003cNEWLINE\u003e- get_network_details_error: Unable to get http request with 404 Not Found]\n","    utils.go:82: \u001b[33mCommand failed on attempt [2/3] due to error [exit status 1]. Output: [UpdateNetworkDetails: get_network_details_error: Unable to get http request with 404 Not Found -\u003cNEWLINE\u003e- get_network_details_error: Unable to get http request with 404 Not Found]\n","    utils.go:98: \u001b[31mCommand failed on final attempt [3/3] due to error [exit status 1]. Command String: [] Output: [UpdateNetworkDetails: get_network_details_error: Unable to get http request with 404 Not Found -\u003cNEWLINE\u003e- get_network_details_error: Unable to get http request with 404 Not Found]\n","    utils.go:101: \u001b[31mThe verbose output for the command is:\n","    utils.go:105: \u001b[31m0chain-core-sdk [INFO]   2023/09/01 22:39:25.470488 wallet_base.go:329: ******* Wallet SDK Version:v1.8.17-78-g80b63345 ******* (SetLogFile)\n","    utils.go:105: \u001b[31m0chain-core-sdk \u001b[31m[ERROR]  2023/09/01 22:39:25.496631 networkworker.go:52: Failed to update network details {error 26 0  get_network_details_error: Unable to get http request with 404 Not Found}\u001b[0m\n","    utils.go:105: \u001b[31mUpdateNetworkDetails: get_network_details_error: Unable to get http request with 404 Not Found\n","    utils.go:105: \u001b[31mget_network_details_error: Unable to get http request with 404 Not Found\n","    zwalletcli_register_wallet_test.go:140: faucet output: [UpdateNetworkDetails: get_network_details_error: Unable to get http request with 404 Not Found get_network_details_error: Unable to get http request with 404 Not Found]\n","    assertions.go:333: \n","        \tError Trace:\t/root/actions-runner2/_work/system_test/system_test/tests/cli_tests/zboxcli_update_allocation_test.go:834\n","        \t            \t\t\t\t/root/actions-runner2/_work/system_test/system_test/tests/cli_tests/zboxcli_update_allocation_test.go:810\n","        \t            \t\t\t\t/root/actions-runner2/_work/system_test/system_test/tests/cli_tests/0_s3mgrt_migrate_alternate2_test.go:322\n","        \t            \t\t\t\t/root/actions-runner2/_work/system_test/system_test/internal/api/util/test/system_test_framework.go:150\n","        \t            \t\t\t\t/usr/local/go/src/runtime/asm_amd64.s:1598\n","        \tError:      \tExpected nil, but got: \u0026exec.ExitError{ProcessState:(*os.ProcessState)(0xc000b88d80), Stderr:[]uint8(nil)}\n","        \tTest:       \tTest0S3MigrationAlternatePart2/Should_pass_retry_flag_is_set_to_4\n","        \tMessages:   \tcreating wallet failed%!(EXTRA string=UpdateNetworkDetails: get_network_details_error: Unable to get http request with 404 Not Found\n","        \t            \tget_network_details_error: Unable to get http request with 404 Not Found)\n","    0_s3mgrt_migrate_alternate2_test.go:320: Test case [Should pass retry flag is set to 4] exit at [09-01-2023 22:39:25]\n",""],"Passed":false,"Skipped":false,"TestFileName":"","TestFunctionDetail":{"Line":0,"Col":0}}]},{"FailureIndicator":"failed","SkippedIndicator":"","TestResults":[{"TestName":"Test0S3MigrationAlternatePart2/Should_pass_when_access_key_and_secret_key_is_missing_but_aws-cred-path_path_is_given","Package":"github.com/0chain/system_test/tests/cli_tests","ElapsedTime":10.17,"Output":["","    0_s3mgrt_migrate_alternate2_test.go:237: Test case [Should pass when access key and secret key is missing but aws-cred-path path is given] scheduled at [09-01-2023 22:38:54] \n","    system_test_framework.go:149: Test case [Should pass when access key and secret key is missing but aws-cred-path path is given] start at [09-01-2023 22:38:54] \n","    zwalletcli_register_wallet_test.go:123: creating wallet...\n","    zboxcli_update_allocation_test.go:950: Executing faucet...\n","    utils.go:82: \u001b[33mCommand failed on attempt [1/3] due to error [exit status 1]. Output: [UpdateNetworkDetails: get_network_details_error: Unable to get http request with 404 Not Found -\u003cNEWLINE\u003e- get_network_details_error: Unable to get http request with 404 Not Found]\n","    utils.go:82: \u001b[33mCommand failed on attempt [2/3] due to error [exit status 1]. Output: [UpdateNetworkDetails: get_network_details_error: Unable to get http request with 404 Not Found -\u003cNEWLINE\u003e- get_network_details_error: Unable to get http request with 404 Not Found]\n","    utils.go:98: \u001b[31mCommand failed on final attempt [3/3] due to error [exit status 1]. Command String: [] Output: [UpdateNetworkDetails: get_network_details_error: Unable to get http request with 404 Not Found -\u003cNEWLINE\u003e- get_network_details_error: Unable to get http request with 404 Not Found]\n","    utils.go:101: \u001b[31mThe verbose output for the command is:\n","    utils.go:105: \u001b[31m0chain-core-sdk [INFO]   2023/09/01 22:39:05.116047 wallet_base.go:329: ******* Wallet SDK Version:v1.8.17-78-g80b63345 ******* (SetLogFile)\n","    utils.go:105: \u001b[31m0chain-core-sdk \u001b[31m[ERROR]  2023/09/01 22:39:05.137783 networkworker.go:52: Failed to update network details {error 26 0  get_network_details_error: Unable to get http request with 404 Not Found}\u001b[0m\n","    utils.go:105: \u001b[31mUpdateNetworkDetails: get_network_details_error: Unable to get http request with 404 Not Found\n","    utils.go:105: \u001b[31mget_network_details_error: Unable to get http request with 404 Not Found\n","    zwalletcli_register_wallet_test.go:140: faucet output: [UpdateNetworkDetails: get_network_details_error: Unable to get http request with 404 Not Found get_network_details_error: Unable to get http request with 404 Not Found]\n","    assertions.go:333: \n","        \tError Trace:\t/root/actions-runner2/_work/system_test/system_test/tests/cli_tests/zboxcli_update_allocation_test.go:834\n","        \t            \t\t\t\t/root/actions-runner2/_work/system_test/system_test/tests/cli_tests/zboxcli_update_allocation_test.go:810\n","        \t            \t\t\t\t/root/actions-runner2/_work/system_test/system_test/tests/cli_tests/0_s3mgrt_migrate_alternate2_test.go:239\n","        \t            \t\t\t\t/root/actions-runner2/_work/system_test/system_test/internal/api/util/test/system_test_framework.go:150\n","        \t            \t\t\t\t/usr/local/go/src/runtime/asm_amd64.s:1598\n","        \tError:      \tExpected nil, but got: \u0026exec.ExitError{ProcessState:(*os.ProcessState)(0xc000ad6f30), Stderr:[]uint8(nil)}\n","        \tTest:       \tTest0S3MigrationAlternatePart2/Should_pass_when_access_key_and_secret_key_is_missing_but_aws-cred-path_path_is_given\n","        \tMessages:   \tcreating wallet failed%!(EXTRA string=UpdateNetworkDetails: get_network_details_error: Unable to get http request with 404 Not Found\n","        \t            \tget_network_details_error: Unable to get http request with 404 Not Found)\n","    0_s3mgrt_migrate_alternate2_test.go:237: Test case [Should pass when access key and secret key is missing but aws-cred-path path is given] exit at [09-01-2023 22:39:05]\n",""],"Passed":false,"Skipped":false,"TestFileName":"","TestFunctionDetail":{"Line":0,"Col":0}}]},{"FailureIndicator":"failed","SkippedIndicator":"","TestResults":[{"TestName":"Test0S3MigrationAlternatePart2/Should_pass_when_allocation_flag_missing_but_allocation_path_is_given","Package":"github.com/0chain/system_test/tests/cli_tests","ElapsedTime":10.18,"Output":["","    0_s3mgrt_migrate_alternate2_test.go:197: Test case [Should pass when allocation flag missing but allocation path is given] scheduled at [09-01-2023 22:38:44] \n","    system_test_framework.go:149: Test case [Should pass when allocation flag missing but allocation path is given] start at [09-01-2023 22:38:44] \n","    zwalletcli_register_wallet_test.go:123: creating wallet...\n","    zboxcli_update_allocation_test.go:950: Executing faucet...\n","    utils.go:82: \u001b[33mCommand failed on attempt [1/3] due to error [exit status 1]. Output: [UpdateNetworkDetails: get_network_details_error: Unable to get http request with 404 Not Found -\u003cNEWLINE\u003e- get_network_details_error: Unable to get http request with 404 Not Found]\n","    utils.go:82: \u001b[33mCommand failed on attempt [2/3] due to error [exit status 1]. Output: [UpdateNetworkDetails: get_network_details_error: Unable to get http request with 404 Not Found -\u003cNEWLINE\u003e- get_network_details_error: Unable to get http request with 404 Not Found]\n","    utils.go:98: \u001b[31mCommand failed on final attempt [3/3] due to error [exit status 1]. Command String: [] Output: [UpdateNetworkDetails: get_network_details_error: Unable to get http request with 404 Not Found -\u003cNEWLINE\u003e- get_network_details_error: Unable to get http request with 404 Not Found]\n","    utils.go:101: \u001b[31mThe verbose output for the command is:\n","    utils.go:105: \u001b[31m0chain-core-sdk [INFO]   2023/09/01 22:38:54.939785 wallet_base.go:329: ******* Wallet SDK Version:v1.8.17-78-g80b63345 ******* (SetLogFile)\n","    utils.go:105: \u001b[31m0chain-core-sdk \u001b[31m[ERROR]  2023/09/01 22:38:54.964282 networkworker.go:52: Failed to update network details {error 26 0  get_network_details_error: Unable to get http request with 404 Not Found}\u001b[0m\n","    utils.go:105: \u001b[31mUpdateNetworkDetails: get_network_details_error: Unable to get http request with 404 Not Found\n","    utils.go:105: \u001b[31mget_network_details_error: Unable to get http request with 404 Not Found\n","    zwalletcli_register_wallet_test.go:140: faucet output: [UpdateNetworkDetails: get_network_details_error: Unable to get http request with 404 Not Found get_network_details_error: Unable to get http request with 404 Not Found]\n","    assertions.go:333: \n","        \tError Trace:\t/root/actions-runner2/_work/system_test/system_test/tests/cli_tests/zboxcli_update_allocation_test.go:834\n","        \t            \t\t\t\t/root/actions-runner2/_work/system_test/system_test/tests/cli_tests/zboxcli_update_allocation_test.go:810\n","        \t            \t\t\t\t/root/actions-runner2/_work/system_test/system_test/tests/cli_tests/0_s3mgrt_migrate_alternate2_test.go:199\n","        \t            \t\t\t\t/root/actions-runner2/_work/system_test/system_test/internal/api/util/test/system_test_framework.go:150\n","        \t            \t\t\t\t/usr/local/go/src/runtime/asm_amd64.s:1598\n","        \tError:      \tExpected nil, but got: \u0026exec.ExitError{ProcessState:(*os.ProcessState)(0xc000b88ac8), Stderr:[]uint8(nil)}\n","        \tTest:       \tTest0S3MigrationAlternatePart2/Should_pass_when_allocation_flag_missing_but_allocation_path_is_given\n","        \tMessages:   \tcreating wallet failed%!(EXTRA string=UpdateNetworkDetails: get_network_details_error: Unable to get http request with 404 Not Found\n","        \t            \tget_network_details_error: Unable to get http request with 404 Not Found)\n","    0_s3mgrt_migrate_alternate2_test.go:197: Test case [Should pass when allocation flag missing but allocation path is given] exit at [09-01-2023 22:38:54]\n",""],"Passed":false,"Skipped":false,"TestFileName":"","TestFunctionDetail":{"Line":0,"Col":0}}]},{"FailureIndicator":"failed","SkippedIndicator":"","TestResults":[{"TestName":"Test0S3MigrationAlternatePart2/Should_pass_when_filename_size_is_more_than_100_character_with_renamed_file_names","Package":"github.com/0chain/system_test/tests/cli_tests","ElapsedTime":10.81,"Output":["","    0_s3mgrt_migrate_alternate2_test.go:355: Test case [Should pass when filename size is more than 100 character with renamed file names] scheduled at [09-01-2023 22:39:25] \n","    system_test_framework.go:149: Test case [Should pass when filename size is more than 100 character with renamed file names] start at [09-01-2023 22:39:25] \n","    zwalletcli_register_wallet_test.go:123: creating wallet...\n","    zboxcli_update_allocation_test.go:950: Executing faucet...\n","    utils.go:82: \u001b[33mCommand failed on attempt [1/3] due to error [exit status 1]. Output: [UpdateNetworkDetails: get_network_details_error: Unable to get http request with 404 Not Found -\u003cNEWLINE\u003e- get_network_details_error: Unable to get http request with 404 Not Found]\n","    utils.go:82: \u001b[33mCommand failed on attempt [2/3] due to error [exit status 1]. Output: [UpdateNetworkDetails: get_network_details_error: Unable to get http request with 404 Not Found -\u003cNEWLINE\u003e- get_network_details_error: Unable to get http request with 404 Not Found]\n","    utils.go:98: \u001b[31mCommand failed on final attempt [3/3] due to error [exit status 1]. Command String: [] Output: [UpdateNetworkDetails: get_network_details_error: Unable to get http request with 404 Not Found -\u003cNEWLINE\u003e- get_network_details_error: Unable to get http request with 404 Not Found]\n","    utils.go:101: \u001b[31mThe verbose output for the command is:\n","    utils.go:105: \u001b[31m0chain-core-sdk [INFO]   2023/09/01 22:39:36.278939 wallet_base.go:329: ******* Wallet SDK Version:v1.8.17-78-g80b63345 ******* (SetLogFile)\n","    utils.go:105: \u001b[31m0chain-core-sdk \u001b[31m[ERROR]  2023/09/01 22:39:36.303705 networkworker.go:52: Failed to update network details {error 26 0  get_network_details_error: Unable to get http request with 404 Not Found}\u001b[0m\n","    utils.go:105: \u001b[31mUpdateNetworkDetails: get_network_details_error: Unable to get http request with 404 Not Found\n","    utils.go:105: \u001b[31mget_network_details_error: Unable to get http request with 404 Not Found\n","    zwalletcli_register_wallet_test.go:140: faucet output: [UpdateNetworkDetails: get_network_details_error: Unable to get http request with 404 Not Found get_network_details_error: Unable to get http request with 404 Not Found]\n","    assertions.go:333: \n","        \tError Trace:\t/root/actions-runner2/_work/system_test/system_test/tests/cli_tests/zboxcli_update_allocation_test.go:834\n","        \t            \t\t\t\t/root/actions-runner2/_work/system_test/system_test/tests/cli_tests/zboxcli_update_allocation_test.go:810\n","        \t            \t\t\t\t/root/actions-runner2/_work/system_test/system_test/tests/cli_tests/0_s3mgrt_migrate_alternate2_test.go:363\n","        \t            \t\t\t\t/root/actions-runner2/_work/system_test/system_test/internal/api/util/test/system_test_framework.go:150\n","        \t            \t\t\t\t/usr/local/go/src/runtime/asm_amd64.s:1598\n","        \tError:      \tExpected nil, but got: \u0026exec.ExitError{ProcessState:(*os.ProcessState)(0xc0005140d8), Stderr:[]uint8(nil)}\n","        \tTest:       \tTest0S3MigrationAlternatePart2/Should_pass_when_filename_size_is_more_than_100_character_with_renamed_file_names\n","        \tMessages:   \tcreating wallet failed%!(EXTRA string=UpdateNetworkDetails: get_network_details_error: Unable to get http request with 404 Not Found\n","        \t            \tget_network_details_error: Unable to get http request with 404 Not Found)\n","    0_s3mgrt_migrate_alternate2_test.go:355: Test case [Should pass when filename size is more than 100 character with renamed file names] exit at [09-01-2023 22:39:36]\n",""],"Passed":false,"Skipped":false,"TestFileName":"","TestFunctionDetail":{"Line":0,"Col":0}}]}]

    const report = window.GoTestReport({
                                         data: data,
                                         testResultsElem: document.getElementById('testResults'),
                                         testGroupListElem: document.getElementById('testGroupList')
                                       });


</script>
</body>
</html>
