<!DOCTYPE html>
<html lang="en">
<head>
    <meta charset="UTF-8">
    <title>Subset of 0Chain System test suite [add-download-coverage/9826c232] ran against [demo.0chain.net] at [2022-11-21_04.47.25]</title>
    <style type="text/css">
        body {
            font-family: sans-serif;
            background-color: #f3f3f3;
            border-top: 2px #dee6e8 solid;
            margin: 0;
        }

        div.pageHeader span.projectTitle {
            font-family: serif;
            font-size: 2em;
            padding-left: 56px;
            padding-top: 80px;
            display: block;
            color: #a5a5a5;
            text-shadow: 0 -1px 1px white;
        }

        div.pageHeader div.testStats {
            position: absolute;
            top: 7px;
            right: 52px;
            font-size: 0.8em;
            color: #a2a2a2;
        }

        div.pageHeader div.testStats span.indicator {
            font-size: 2em;
            position: relative;
            top: 5px;
            text-shadow: 0 1px 0 white;
        }

        div.pageHeader div.testStats span strong {
            margin-right: 16px;
        }

        div.pageHeader div.testStats span.total {
            border-right: 1px #afafaf dotted;
            background: #8298af;
        }

        div.pageHeader div.testStats span.passed {
            border-right: 1px #afafaf dotted;
            background: #6fca83;
        }

        div.pageHeader div.testStats span.skipped {
            background: #bababa;
        }

        div.pageHeader div.testStats span.failed {
            background: #ff7676;
        }

        div.pageHeader div.testStats span {
            margin-right: 1px;
            height: 55px;
            padding: 20px 8px 18px;
            color: white;
        }

        div.pageHeader .testGroupsTitle {
            margin: 16px 32px 8px 40px;
            font-size: 0.9em;
            color: darkgrey;
            display: inline-block;
        }

        div.pageHeader .testExecutionDate {
            display: inline-block;
            position: absolute;
            right: 10px;
            margin: 14px 32px 8px 40px;
            color: #9e9e9e;
            font-size: 0.9em;
        }

        .testReportContainer {
            padding: 0 32px 32px 32px;
        }

        .cardContainer {
            padding: 16px 16px 16px;
            box-shadow: 0 4px 4px #d4d4d4;
            background-color: white;
        }

        #testResults {
            display: flex;
            flex-wrap: wrap;
        }

        .testResultGroup {
            width: 24px;
            height: 24px;
            background-color: #43c143;
            margin-left: 1px;
            margin-bottom: 1px;
            box-sizing: border-box;
        }

        .testResultGroup.selected {
            border: 1px white solid;
            background-color: black !important;
        }

        .testResultGroup.skipped {
            border: 2px gray solid;
        }

        .testResultGroup.failed {
            background-color: red;
        }

        .cardContainer.testGroupList,
        .cardContainer.testDetail {
            margin-top: 16px;
            padding: 16px;
        }

        .cardContainer.testGroupList {
            color: #9c9c9c;
            padding: 0;
        }

        .cardContainer.testGroupList .testGroupRow {
            cursor: default;
            border-bottom: 1px #dadada dotted;
        }

        .cardContainer.testGroupList .testGroupRow span.testStatus {
            font-size: 1.2em;
            font-weight: bold;
            color: #139e13;
            pointer-events: none;
            display: inline-block;
            overflow: hidden;
            float: left;
            padding-top: 10px;
            padding-left: 20px;
            padding-right: 12px;
        }

        .cardContainer.testGroupList .testGroupRow span.testStatus.skipped {
            color: gray;
        }

        .cardContainer.testGroupList .testGroupRow span.testStatus.failed {
            color: red;
        }

        .cardContainer.testGroupList .testGroupRow span.testTitle {
            font-size: 0.9em;
            padding: 12px 0 10px;
            display: inline-block;
            pointer-events: none;
            color: #525252;
            text-overflow: ellipsis;
            overflow: hidden;
            width: calc(100% - 110px);
        }

        .cardContainer.testGroupList .testGroupRow span.testDuration {
            pointer-events: none;
        }

        .cardContainer.testGroupList .testGroupRow {
            position: relative;
            border-left: 4px #43c143 solid;
        }

        .cardContainer.testGroupList .testGroupRow.skipped {
            color: gray;
            border-left: 4px gray solid;
        }

        .cardContainer.testGroupList .testGroupRow.failed {
            color: red;
            border-left: 4px red solid;
        }

        .cardContainer.testGroupList .testGroupRow:hover {
            background-color: #fffaea;
            transition: 0.250s;
        }

        .cardContainer .testOutput {
            padding: 8px 16px 24px 16px;
        }

        .cardContainer .console {
            display: block;
            font-family: monospace;
            padding: 10px;
            background-color: #424242;
            color: #1aff00;
            border-bottom: 1px #1aff00 dotted;
            overflow: auto;
            font-size: 1.1em;
        }

        .cardContainer .testOutput .testDetail {
            border-bottom: 1px #d0d0d0 solid;
            padding: 16px;
            background-color: #e6e6e6;
            border-radius: 0 0 4px 4px;
            color: dimgrey;
            font-size: 0.8em;
        }

        .cardContainer .console.skipped{
            color: #d9d9d9;
        }

        .cardContainer .console.failed {
            color: #ffb2b2;
        }

        .cardContainer .testDuration {
            position: absolute;
            top: 5px;
            right: 8px;
            text-align: right;
            padding-right: 8px;
            box-sizing: border-box;
        }
    </style>
</head>
<body>
<div class="pageHeader">
    <span class="projectTitle">Subset of 0Chain System test suite [add-download-coverage/9826c232] ran against [demo.0chain.net] at [2022-11-21_04.47.25]</span>
    <div class="testStats">
        <span class="total"><span class="indicator">&boxbox;</span> Total: <strong>41</strong>Duration: <strong>12ms</strong>
        </span><span class="passed"><span class="indicator">&check;</span> Passed: <strong>20</strong>
        </span><span class="skipped"><span class="indicator">&dash;</span> Skipped: <strong>0</strong>
        </span><span class="failed"><span class="indicator">&cross;</span> Failed: <strong>21</strong>
        </span>
    </div>
    <span class="testGroupsTitle">Test Groups:</span>
    <span class="testExecutionDate">November 21, 2022 05:11:05</span>
</div>
<div class="testReportContainer">
    <div class="cardContainer">
        <div id="testResults">
            
                <div class="testResultGroup failed " id="0"></div>
            
                <div class="testResultGroup failed " id="1"></div>
            
                <div class="testResultGroup failed " id="2"></div>
            
                <div class="testResultGroup failed " id="3"></div>
            
                <div class="testResultGroup failed " id="4"></div>
            
                <div class="testResultGroup  " id="5"></div>
            
                <div class="testResultGroup  " id="6"></div>
            
                <div class="testResultGroup  " id="7"></div>
            
                <div class="testResultGroup failed " id="8"></div>
            
                <div class="testResultGroup failed " id="9"></div>
            
                <div class="testResultGroup  " id="10"></div>
            
                <div class="testResultGroup  " id="11"></div>
            
                <div class="testResultGroup failed " id="12"></div>
            
                <div class="testResultGroup  " id="13"></div>
            
                <div class="testResultGroup failed " id="14"></div>
            
                <div class="testResultGroup  " id="15"></div>
            
                <div class="testResultGroup failed " id="16"></div>
            
                <div class="testResultGroup  " id="17"></div>
            
                <div class="testResultGroup failed " id="18"></div>
            
                <div class="testResultGroup failed " id="19"></div>
            
                <div class="testResultGroup  " id="20"></div>
            
                <div class="testResultGroup failed " id="21"></div>
            
                <div class="testResultGroup failed " id="22"></div>
            
                <div class="testResultGroup  " id="23"></div>
            
                <div class="testResultGroup failed " id="24"></div>
            
                <div class="testResultGroup  " id="25"></div>
            
                <div class="testResultGroup failed " id="26"></div>
            
                <div class="testResultGroup failed " id="27"></div>
            
                <div class="testResultGroup  " id="28"></div>
            
                <div class="testResultGroup failed " id="29"></div>
            
                <div class="testResultGroup  " id="30"></div>
            
                <div class="testResultGroup  " id="31"></div>
            
                <div class="testResultGroup  " id="32"></div>
            
                <div class="testResultGroup  " id="33"></div>
            
                <div class="testResultGroup  " id="34"></div>
            
                <div class="testResultGroup  " id="35"></div>
            
                <div class="testResultGroup failed " id="36"></div>
            
                <div class="testResultGroup failed " id="37"></div>
            
                <div class="testResultGroup failed " id="38"></div>
            
                <div class="testResultGroup  " id="39"></div>
            
                <div class="testResultGroup  " id="40"></div>
            
        </div>
    </div>
    <div class="cardContainer testGroupList" id="testGroupList"></div>
</div>
<script type="application/javascript">
    /**
 * @typedef TestStatus
 * @property {string} TestName
 * @property {string} Package
 * @property {number} ElapsedTime
 * @property {Array.<string>} Output
 * @property {boolean} Passed
 * @property {boolean} Skipped
 */
class TestStatus {}

/**
 * @typedef TestGroupData
 * @type {object}
 * @property {string} FailureIndicator
 * @property {string} SkippedIndicator
 * @property {Array.<TestStatus>}
 */
class TestGroupData {}

/**
 * @typedef TestResults
 * @type {Array.<TestGroupData>}
 */
class TestResults extends Array {}

/**
 * @typedef SelectedItems
 * @property {HTMLElement|EventTarget} testResults
 * @property {String} selectedTestGroupColor
 */
class SelectedItems {}

/**
 * @typedef GoTestReportElements
 * @property {TestResults} data
 * @property {HTMLElement} testResultsElem
 * @property {HTMLElement} testGroupListElem
 */
class GoTestReportElements {}


/**
 * Main entry point for GoTestReport.
 * @param {GoTestReportElements} elements
 * @returns {{testResultsClickHandler: testResultsClickHandler}}
 * @constructor
 */
window.GoTestReport = function (elements) {
  const /**@type {SelectedItems}*/ selectedItems = {
    testResults: null,
    selectedTestGroupColor: null
  }

  function addEventData(event) {
    if (event.data == null) {
      event.data = {target: event.target}
    }
    return event
  }


  const goTestReport = {
    /**
     * Invoked when a user clicks on one of the test group div elements.
     * @param {HTMLElement} target The element associated with the test group.
     * @param {boolean} shiftKey If pressed, all of test detail associated to the test group is shown.
     * @param {TestResults} data
     * @param {SelectedItems} selectedItems
     * @param {function(target: Element, data: TestResults)} testGroupListHandler
     */
    testResultsClickHandler: function (target,
                                       shiftKey,
                                       data,
                                       selectedItems,
                                       testGroupListHandler) {

      if (target.classList.contains('testResultGroup') === false) {
        return
      }
      if (selectedItems.testResults != null) {
        let testResultsElement = /**@type {HTMLElement}*/ selectedItems.testResults
        testResultsElement.classList.remove("selected")
        testResultsElement.style.backgroundColor = selectedItems.selectedTestGroupColor
      }
      const testGroupId = /**@type {number}*/ target.id
      if ((target.id === undefined)
        || (data[testGroupId] === undefined)
        || (data[testGroupId]['TestResults'] === undefined)) {
        return
      }
      const testResults = /**@type {TestResults}*/ data[testGroupId]['TestResults']
      let testGroupList = /**@type {string}*/ ''
      selectedItems.selectedTestGroupColor = getComputedStyle(target).getPropertyValue('background-color')
      selectedItems.testResults = target
      target.classList.add("selected")
      for (let i = 0; i < testResults.length; i++) {
        const testResult = /**@type {TestGroupData}*/ testResults[i]
        const testPassed = /**@type {boolean}*/ testResult.Passed
        const testSkipped = /**@type {boolean}*/ testResult.Skipped
        const testPassedStatus = /**@type {string}*/ (testPassed) ? '' : (testSkipped ? 'skipped' : 'failed')
        const testId = /**@type {string}*/ target.attributes['id'].value
        testGroupList += `<div class="testGroupRow ${testPassedStatus}" data-groupid="${testId}" data-index="${i}">
        <span class="testStatus ${testPassedStatus}">${(testPassed) ? '&check' : (testSkipped ? '&dash' : '&cross')};</span>
        <span class="testTitle">${testResult.TestName}</span>
        <span class="testDuration"><span>${testResult.ElapsedTime}s </span>‚è±</span>
      </div>`
      }
      const testGroupListElem = elements.testGroupListElem
      testGroupListElem.innerHTML = ''
      testGroupListElem.innerHTML = testGroupList

      if (shiftKey) {
        testGroupListElem.querySelectorAll('.testGroupRow')
                         .forEach((elem) => testGroupListHandler(elem, data))
      } else if (testResults.length === 1) {
        testGroupListHandler(testGroupListElem.querySelector('.testGroupRow'), data)
      }
    },

    /**
     *
     * @param {Element} target
     * @param {TestResults} data
     */
    testGroupListHandler: function (target, data) {
      const attribs = target['attributes']
      if (attribs.hasOwnProperty('data-groupid')) {
        const groupId = /**@type {number}*/ attribs['data-groupid'].value
        const testIndex = /**@type {number}*/ attribs['data-index'].value
        const testStatus = /**@type {TestStatus}*/ data[groupId]['TestResults'][testIndex]
        const testOutputDiv = /**@type {HTMLDivElement}*/ target.querySelector('div.testOutput')

        if (testOutputDiv == null) {
          const testOutputDiv = document.createElement('div')
          testOutputDiv.classList.add('testOutput')
          const consolePre = document.createElement('pre')
          consolePre.classList.add('console')
          const testDetailDiv = document.createElement('div')
          testDetailDiv.classList.add('testDetail')
          const packageNameDiv = document.createElement('div')
          packageNameDiv.classList.add('package')
          packageNameDiv.innerHTML = `<strong>Package:</strong> ${testStatus.Package}`
          const testFileNameDiv = document.createElement('div')
          testFileNameDiv.classList.add('filename')
          if (testStatus.TestFileName.trim() === "") {
            testFileNameDiv.innerHTML = `<strong>Filename:</strong> n/a &nbsp;&nbsp;`
          } else {
            testFileNameDiv.innerHTML = `<strong>Filename:</strong> ${testStatus.TestFileName} &nbsp;&nbsp;`
            testFileNameDiv.innerHTML += `<strong>Line:</strong> ${testStatus.TestFunctionDetail.Line} `
            testFileNameDiv.innerHTML += `<strong>Col:</strong> ${testStatus.TestFunctionDetail.Col}`
          }
          testDetailDiv.insertAdjacentElement('beforeend', packageNameDiv)
          testDetailDiv.insertAdjacentElement('beforeend', testFileNameDiv)
          testOutputDiv.insertAdjacentElement('afterbegin', consolePre)
          testOutputDiv.insertAdjacentElement('beforeend', testDetailDiv)
          target.insertAdjacentElement('beforeend', testOutputDiv)

          if (testStatus.Passed) {
            consolePre.classList.remove('skipped')
            consolePre.classList.remove('failed')
          } else if (testStatus.Skipped) {
            consolePre.classList.add('skipped')
            consolePre.classList.remove('failed')
          } else {
            consolePre.classList.remove('skipped')
            consolePre.classList.add('failed')
          }
          consolePre.textContent = testStatus.Output.join('')
        } else {
          testOutputDiv.remove()
        }
      }
    }
  }

  //+------------------------+
  //|    setup DOM events    |
  //+------------------------+
  elements.testResultsElem
          .addEventListener('click', event =>
            goTestReport.testResultsClickHandler(/**@type {HTMLElement}*/ addEventData(event).data.target,
                                                 event.shiftKey,
                                                 elements.data,
                                                 selectedItems,
                                                 goTestReport.testGroupListHandler))

  elements.testGroupListElem
          .addEventListener('click', event =>
            goTestReport.testGroupListHandler(/**@type {Element}*/ event.target,
                                              elements.data))

  return goTestReport
}


    

    const data = [{"FailureIndicator":"failed","SkippedIndicator":"","TestResults":[{"TestName":"TestDownload","Package":"github.com/0chain/system_test/tests/cli_tests","ElapsedTime":0,"Output":["","","","","","","","","","","","","","","","","","","","","","","","","","","","","","","","","","","","","","","","","","","","","","","","","","","","","","","","","","","","","","","","","","","","","","","","","","","","","","","","","","","","","","","","","","","","","","","","","","","","","","","","","","","","","","","","","","","","","","","","","","","","","","","","","","","","","","","","","","","","","","","","","","","","","","","","","","","","","","","","","","","",""],"Passed":false,"Skipped":false,"TestFileName":"zboxcli_file_download_test.go","TestFunctionDetail":{"Line":21,"Col":1}}]},{"FailureIndicator":"failed","SkippedIndicator":"","TestResults":[{"TestName":"TestDownload/Download_Encrypted_File_Should_Work","Package":"github.com/0chain/system_test/tests/cli_tests","ElapsedTime":29.64,"Output":["","","","    zwalletcli_register_wallet_test.go:108: Registering wallet...\n","","    zboxcli_update_allocation_test.go:607: Executing faucet...\n","","    zboxcli_create_allocation_test.go:288: Creating new allocation...\n","","    zboxcli_download_token_test.go:124: Locking read tokens...\n","","    zboxcli_file_download_test.go:1389: Generating checksum for file [/tmp/2-sfWgbBP4_test.txt]...\n","    zboxcli_file_upload_test.go:774: Uploading file...\n","","    utils.go:152: Waiting 15s...\n","","    zboxcli_file_download_test.go:1373: Downloading file...\n","","    zboxcli_file_download_test.go:394: \n","        \tError Trace:\t/root/actions-runner3/_work/system_test/system_test/tests/cli_tests/zboxcli_file_download_test.go:394\n","        \tError:      \tNot equal: \n","        \t            \texpected: \"Status completed callback. Type = application/octet-stream. Name = 2-sfWgbBP4_test.txt\"\n","        \t            \tactual  : \"Status completed callback. Type = . Name = 2-sfWgbBP4_test.txt\"\n","        \t            \t\n","        \t            \tDiff:\n","        \t            \t--- Expected\n","        \t            \t+++ Actual\n","        \t            \t@@ -1 +1 @@\n","        \t            \t-Status completed callback. Type = application/octet-stream. Name = 2-sfWgbBP4_test.txt\n","        \t            \t+Status completed callback. Type = . Name = 2-sfWgbBP4_test.txt\n","        \tTest:       \tTestDownload/Download_Encrypted_File_Should_Work\n","","","","","    zwalletcli_register_wallet_test.go:108: Registering wallet...\n","    zboxcli_update_allocation_test.go:607: Executing faucet...\n","    zboxcli_create_allocation_test.go:288: Creating new allocation...\n","    zboxcli_download_token_test.go:124: Locking read tokens...\n","    zboxcli_file_download_test.go:1389: Generating checksum for file [/tmp/3I5INnDNMd_test.txt]...\n","    zboxcli_file_upload_test.go:774: Uploading file...\n","    utils.go:152: Waiting 15s...\n","    zboxcli_file_download_test.go:1373: Downloading file...\n","    zboxcli_file_download_test.go:394: \n","        \tError Trace:\t/root/actions-runner3/_work/system_test/system_test/tests/cli_tests/zboxcli_file_download_test.go:394\n","        \tError:      \tNot equal: \n","        \t            \texpected: \"Status completed callback. Type = application/octet-stream. Name = 3I5INnDNMd_test.txt\"\n","        \t            \tactual  : \"Status completed callback. Type = . Name = 3I5INnDNMd_test.txt\"\n","        \t            \t\n","        \t            \tDiff:\n","        \t            \t--- Expected\n","        \t            \t+++ Actual\n","        \t            \t@@ -1 +1 @@\n","        \t            \t-Status completed callback. Type = application/octet-stream. Name = 3I5INnDNMd_test.txt\n","        \t            \t+Status completed callback. Type = . Name = 3I5INnDNMd_test.txt\n","        \tTest:       \tTestDownload/Download_Encrypted_File_Should_Work\n","","","","","    zwalletcli_register_wallet_test.go:108: Registering wallet...\n","    zboxcli_update_allocation_test.go:607: Executing faucet...\n","    zboxcli_create_allocation_test.go:288: Creating new allocation...\n","    zboxcli_download_token_test.go:124: Locking read tokens...\n","    zboxcli_file_download_test.go:1389: Generating checksum for file [/tmp/YY4mWkoVVD_test.txt]...\n","    zboxcli_file_upload_test.go:774: Uploading file...\n","    utils.go:152: Waiting 15s...\n","    zboxcli_file_download_test.go:1373: Downloading file...\n","    zboxcli_file_download_test.go:394: \n","        \tError Trace:\t/root/actions-runner3/_work/system_test/system_test/tests/cli_tests/zboxcli_file_download_test.go:394\n","        \tError:      \tNot equal: \n","        \t            \texpected: \"Status completed callback. Type = application/octet-stream. Name = YY4mWkoVVD_test.txt\"\n","        \t            \tactual  : \"Status completed callback. Type = . Name = YY4mWkoVVD_test.txt\"\n","        \t            \t\n","        \t            \tDiff:\n","        \t            \t--- Expected\n","        \t            \t+++ Actual\n","        \t            \t@@ -1 +1 @@\n","        \t            \t-Status completed callback. Type = application/octet-stream. Name = YY4mWkoVVD_test.txt\n","        \t            \t+Status completed callback. Type = . Name = YY4mWkoVVD_test.txt\n","        \tTest:       \tTestDownload/Download_Encrypted_File_Should_Work\n",""],"Passed":false,"Skipped":false,"TestFileName":"","TestFunctionDetail":{"Line":0,"Col":0}}]},{"FailureIndicator":"failed","SkippedIndicator":"","TestResults":[{"TestName":"TestDownload/Download_Entire_Directory_Should_Work_but_does_not_see_blobber/issues/588","Package":"github.com/0chain/system_test/tests/cli_tests","ElapsedTime":29.38,"Output":["","","","    zwalletcli_register_wallet_test.go:108: Registering wallet...\n","","    zboxcli_update_allocation_test.go:607: Executing faucet...\n","","    zboxcli_create_allocation_test.go:288: Creating new allocation...\n","","    zboxcli_download_token_test.go:124: Locking read tokens...\n","","    zboxcli_file_upload_test.go:774: Uploading file...\n","","    utils.go:152: Waiting 15s...\n","","    zboxcli_file_download_test.go:1373: Downloading file...\n","","    zboxcli_file_download_test.go:237: \n","        \tError Trace:\t/root/actions-runner3/_work/system_test/system_test/tests/cli_tests/zboxcli_file_download_test.go:237\n","        \tError:      \tNot equal: \n","        \t            \texpected: \"Error in file operation: No minimum consensus for file meta data of file\"\n","        \t            \tactual  : \"Error in file operation: Error while getting file ref. Error: consensus_not_met: No minimum consensus for file meta data of file\"\n","        \t            \t\n","        \t            \tDiff:\n","        \t            \t--- Expected\n","        \t            \t+++ Actual\n","        \t            \t@@ -1 +1 @@\n","        \t            \t-Error in file operation: No minimum consensus for file meta data of file\n","        \t            \t+Error in file operation: Error while getting file ref. Error: consensus_not_met: No minimum consensus for file meta data of file\n","        \tTest:       \tTestDownload/Download_Entire_Directory_Should_Work_but_does_not_see_blobber/issues/588\n","","","","","    zwalletcli_register_wallet_test.go:108: Registering wallet...\n","    zboxcli_update_allocation_test.go:607: Executing faucet...\n","    zboxcli_create_allocation_test.go:288: Creating new allocation...\n","    zboxcli_download_token_test.go:124: Locking read tokens...\n","    zboxcli_file_upload_test.go:774: Uploading file...\n","    utils.go:152: Waiting 15s...\n","    zboxcli_file_download_test.go:1373: Downloading file...\n","    zboxcli_file_download_test.go:237: \n","        \tError Trace:\t/root/actions-runner3/_work/system_test/system_test/tests/cli_tests/zboxcli_file_download_test.go:237\n","        \tError:      \tNot equal: \n","        \t            \texpected: \"Error in file operation: No minimum consensus for file meta data of file\"\n","        \t            \tactual  : \"Error in file operation: Error while getting file ref. Error: consensus_not_met: No minimum consensus for file meta data of file\"\n","        \t            \t\n","        \t            \tDiff:\n","        \t            \t--- Expected\n","        \t            \t+++ Actual\n","        \t            \t@@ -1 +1 @@\n","        \t            \t-Error in file operation: No minimum consensus for file meta data of file\n","        \t            \t+Error in file operation: Error while getting file ref. Error: consensus_not_met: No minimum consensus for file meta data of file\n","        \tTest:       \tTestDownload/Download_Entire_Directory_Should_Work_but_does_not_see_blobber/issues/588\n","","","","","    zwalletcli_register_wallet_test.go:108: Registering wallet...\n","    zboxcli_update_allocation_test.go:607: Executing faucet...\n","    zboxcli_create_allocation_test.go:288: Creating new allocation...\n","    zboxcli_download_token_test.go:124: Locking read tokens...\n","    zboxcli_file_upload_test.go:774: Uploading file...\n","    utils.go:152: Waiting 15s...\n","    zboxcli_file_download_test.go:1373: Downloading file...\n","    zboxcli_file_download_test.go:237: \n","        \tError Trace:\t/root/actions-runner3/_work/system_test/system_test/tests/cli_tests/zboxcli_file_download_test.go:237\n","        \tError:      \tNot equal: \n","        \t            \texpected: \"Error in file operation: No minimum consensus for file meta data of file\"\n","        \t            \tactual  : \"Error in file operation: Error while getting file ref. Error: consensus_not_met: No minimum consensus for file meta data of file\"\n","        \t            \t\n","        \t            \tDiff:\n","        \t            \t--- Expected\n","        \t            \t+++ Actual\n","        \t            \t@@ -1 +1 @@\n","        \t            \t-Error in file operation: No minimum consensus for file meta data of file\n","        \t            \t+Error in file operation: Error while getting file ref. Error: consensus_not_met: No minimum consensus for file meta data of file\n","        \tTest:       \tTestDownload/Download_Entire_Directory_Should_Work_but_does_not_see_blobber/issues/588\n",""],"Passed":false,"Skipped":false,"TestFileName":"","TestFunctionDetail":{"Line":0,"Col":0}}]},{"FailureIndicator":"failed","SkippedIndicator":"","TestResults":[{"TestName":"TestDownload/Download_File_Concurrently_Should_Work_from_two_Different_Directory","Package":"github.com/0chain/system_test/tests/cli_tests","ElapsedTime":31.08,"Output":["","","","    zwalletcli_register_wallet_test.go:108: Registering wallet...\n","","    zboxcli_update_allocation_test.go:607: Executing faucet...\n","","    zboxcli_create_allocation_test.go:288: Creating new allocation...\n","","    zboxcli_download_token_test.go:124: Locking read tokens...\n","","    zboxcli_file_upload_test.go:774: Uploading file...\n","","    zboxcli_file_upload_test.go:774: Uploading file...\n","    zboxcli_file_download_test.go:1389: Generating checksum for file [/tmp/A3RtEOQaVD_test.txt]...\n","    zboxcli_file_download_test.go:1389: Generating checksum for file [/tmp/HqXCTaPNrx_test.txt]...\n","    utils.go:152: Waiting 15s...\n","    utils.go:152: Waiting 15s...\n","","    zboxcli_file_download_test.go:1373: Downloading file...\n","    zboxcli_file_download_test.go:1373: Downloading file...\n","    zboxcli_file_download_test.go:120: \n","        \tError Trace:\t/root/actions-runner3/_work/system_test/system_test/tests/cli_tests/zboxcli_file_download_test.go:120\n","        \tError:      \tNot equal: \n","        \t            \texpected: \"Status completed callback. Type = application/octet-stream. Name = A3RtEOQaVD_test.txt\"\n","        \t            \tactual  : \"Status completed callback. Type = . Name = A3RtEOQaVD_test.txt\"\n","        \t            \t\n","        \t            \tDiff:\n","        \t            \t--- Expected\n","        \t            \t+++ Actual\n","        \t            \t@@ -1 +1 @@\n","        \t            \t-Status completed callback. Type = application/octet-stream. Name = A3RtEOQaVD_test.txt\n","        \t            \t+Status completed callback. Type = . Name = A3RtEOQaVD_test.txt\n","        \tTest:       \tTestDownload/Download_File_Concurrently_Should_Work_from_two_Different_Directory\n","","","","","    zwalletcli_register_wallet_test.go:108: Registering wallet...\n","    zboxcli_update_allocation_test.go:607: Executing faucet...\n","    zboxcli_create_allocation_test.go:288: Creating new allocation...\n","    zboxcli_download_token_test.go:124: Locking read tokens...\n","    zboxcli_file_upload_test.go:774: Uploading file...\n","    zboxcli_file_upload_test.go:774: Uploading file...\n","    zboxcli_file_download_test.go:1389: Generating checksum for file [/tmp/2gl5xxk16O_test.txt]...\n","    zboxcli_file_download_test.go:1389: Generating checksum for file [/tmp/jCE804U0qf_test.txt]...\n","    utils.go:152: Waiting 15s...\n","    utils.go:152: Waiting 15s...\n","    zboxcli_file_download_test.go:1373: Downloading file...\n","    zboxcli_file_download_test.go:1373: Downloading file...\n","    zboxcli_file_download_test.go:120: \n","        \tError Trace:\t/root/actions-runner3/_work/system_test/system_test/tests/cli_tests/zboxcli_file_download_test.go:120\n","        \tError:      \tNot equal: \n","        \t            \texpected: \"Status completed callback. Type = application/octet-stream. Name = 2gl5xxk16O_test.txt\"\n","        \t            \tactual  : \"Status completed callback. Type = . Name = 2gl5xxk16O_test.txt\"\n","        \t            \t\n","        \t            \tDiff:\n","        \t            \t--- Expected\n","        \t            \t+++ Actual\n","        \t            \t@@ -1 +1 @@\n","        \t            \t-Status completed callback. Type = application/octet-stream. Name = 2gl5xxk16O_test.txt\n","        \t            \t+Status completed callback. Type = . Name = 2gl5xxk16O_test.txt\n","        \tTest:       \tTestDownload/Download_File_Concurrently_Should_Work_from_two_Different_Directory\n","","","","","    zwalletcli_register_wallet_test.go:108: Registering wallet...\n","    zboxcli_update_allocation_test.go:607: Executing faucet...\n","    zboxcli_create_allocation_test.go:288: Creating new allocation...\n","    zboxcli_download_token_test.go:124: Locking read tokens...\n","    zboxcli_file_upload_test.go:774: Uploading file...\n","    zboxcli_file_upload_test.go:774: Uploading file...\n","    zboxcli_file_download_test.go:1389: Generating checksum for file [/tmp/xpakhCymJx_test.txt]...\n","    zboxcli_file_download_test.go:1389: Generating checksum for file [/tmp/kQ8GVIA698_test.txt]...\n","    utils.go:152: Waiting 15s...\n","    utils.go:152: Waiting 15s...\n","    zboxcli_file_download_test.go:1373: Downloading file...\n","    zboxcli_file_download_test.go:1373: Downloading file...\n","    zboxcli_file_download_test.go:120: \n","        \tError Trace:\t/root/actions-runner3/_work/system_test/system_test/tests/cli_tests/zboxcli_file_download_test.go:120\n","        \tError:      \tNot equal: \n","        \t            \texpected: \"Status completed callback. Type = application/octet-stream. Name = xpakhCymJx_test.txt\"\n","        \t            \tactual  : \"Status completed callback. Type = . Name = xpakhCymJx_test.txt\"\n","        \t            \t\n","        \t            \tDiff:\n","        \t            \t--- Expected\n","        \t            \t+++ Actual\n","        \t            \t@@ -1 +1 @@\n","        \t            \t-Status completed callback. Type = application/octet-stream. Name = xpakhCymJx_test.txt\n","        \t            \t+Status completed callback. Type = . Name = xpakhCymJx_test.txt\n","        \tTest:       \tTestDownload/Download_File_Concurrently_Should_Work_from_two_Different_Directory\n",""],"Passed":false,"Skipped":false,"TestFileName":"","TestFunctionDetail":{"Line":0,"Col":0}}]},{"FailureIndicator":"failed","SkippedIndicator":"","TestResults":[{"TestName":"TestDownload/Download_File_From_Shared_Folder_Should_Work_but_does_not_see_blobber/issues/588","Package":"github.com/0chain/system_test/tests/cli_tests","ElapsedTime":33.13,"Output":["","","","","    zwalletcli_register_wallet_test.go:108: Registering wallet...\n","","    utils.go:152: Waiting 15s...\n","","    zboxcli_file_download_test.go:1373: Downloading file...\n","","    zboxcli_file_download_test.go:290: \n","        \tError Trace:\t/root/actions-runner3/_work/system_test/system_test/tests/cli_tests/zboxcli_file_download_test.go:290\n","        \tError:      \tNot equal: \n","        \t            \texpected: \"Error in file operation: No minimum consensus for file meta data of file\"\n","        \t            \tactual  : \"Error in file operation: Error while getting file ref. Error: consensus_not_met: No minimum consensus for file meta data of file\"\n","        \t            \t\n","        \t            \tDiff:\n","        \t            \t--- Expected\n","        \t            \t+++ Actual\n","        \t            \t@@ -1 +1 @@\n","        \t            \t-Error in file operation: No minimum consensus for file meta data of file\n","        \t            \t+Error in file operation: Error while getting file ref. Error: consensus_not_met: No minimum consensus for file meta data of file\n","        \tTest:       \tTestDownload/Download_File_From_Shared_Folder_Should_Work_but_does_not_see_blobber/issues/588\n","","","","","","    zwalletcli_register_wallet_test.go:108: Registering wallet...\n","    utils.go:152: Waiting 15s...\n","    zboxcli_file_download_test.go:1373: Downloading file...\n","    zboxcli_file_download_test.go:290: \n","        \tError Trace:\t/root/actions-runner3/_work/system_test/system_test/tests/cli_tests/zboxcli_file_download_test.go:290\n","        \tError:      \tNot equal: \n","        \t            \texpected: \"Error in file operation: No minimum consensus for file meta data of file\"\n","        \t            \tactual  : \"Error in file operation: Error while getting file ref. Error: consensus_not_met: No minimum consensus for file meta data of file\"\n","        \t            \t\n","        \t            \tDiff:\n","        \t            \t--- Expected\n","        \t            \t+++ Actual\n","        \t            \t@@ -1 +1 @@\n","        \t            \t-Error in file operation: No minimum consensus for file meta data of file\n","        \t            \t+Error in file operation: Error while getting file ref. Error: consensus_not_met: No minimum consensus for file meta data of file\n","        \tTest:       \tTestDownload/Download_File_From_Shared_Folder_Should_Work_but_does_not_see_blobber/issues/588\n","","","","","","    zwalletcli_register_wallet_test.go:108: Registering wallet...\n","    utils.go:152: Waiting 15s...\n","    zboxcli_file_download_test.go:1373: Downloading file...\n","    zboxcli_file_download_test.go:290: \n","        \tError Trace:\t/root/actions-runner3/_work/system_test/system_test/tests/cli_tests/zboxcli_file_download_test.go:290\n","        \tError:      \tNot equal: \n","        \t            \texpected: \"Error in file operation: No minimum consensus for file meta data of file\"\n","        \t            \tactual  : \"Error in file operation: Error while getting file ref. Error: consensus_not_met: No minimum consensus for file meta data of file\"\n","        \t            \t\n","        \t            \tDiff:\n","        \t            \t--- Expected\n","        \t            \t+++ Actual\n","        \t            \t@@ -1 +1 @@\n","        \t            \t-Error in file operation: No minimum consensus for file meta data of file\n","        \t            \t+Error in file operation: Error while getting file ref. Error: consensus_not_met: No minimum consensus for file meta data of file\n","        \tTest:       \tTestDownload/Download_File_From_Shared_Folder_Should_Work_but_does_not_see_blobber/issues/588\n",""],"Passed":false,"Skipped":false,"TestFileName":"","TestFunctionDetail":{"Line":0,"Col":0}}]},{"FailureIndicator":"","SkippedIndicator":"","TestResults":[{"TestName":"TestDownload/Download_File_From_Shared_Folder_Should_Work_but_does_not_see_blobber/issues/588/Share_Entire_Folder_from_Another_Wallet","Package":"github.com/0chain/system_test/tests/cli_tests","ElapsedTime":14.36,"Output":["","    zwalletcli_register_wallet_test.go:108: Registering wallet...\n","","    zboxcli_update_allocation_test.go:607: Executing faucet...\n","","    zboxcli_create_allocation_test.go:288: Creating new allocation...\n","","    zboxcli_download_token_test.go:124: Locking read tokens...\n","","    zboxcli_file_upload_test.go:774: Uploading file...\n","","    zboxcli_list_file_system_test.go:642: Sharing file/folder...\n","--- PASS: TestDownload/Download_File_From_Shared_Folder_Should_Work_but_does_not_see_blobber/issues/588/Share_Entire_Folder_from_Another_Wallet (14.67s)","","","    zwalletcli_register_wallet_test.go:108: Registering wallet...\n","    zboxcli_update_allocation_test.go:607: Executing faucet...\n","    zboxcli_create_allocation_test.go:288: Creating new allocation...\n","    zboxcli_download_token_test.go:124: Locking read tokens...\n","    zboxcli_file_upload_test.go:774: Uploading file...\n","    zboxcli_list_file_system_test.go:642: Sharing file/folder...\n","--- PASS: TestDownload/Download_File_From_Shared_Folder_Should_Work_but_does_not_see_blobber/issues/588/Share_Entire_Folder_from_Another_Wallet (14.46s)","","","    zwalletcli_register_wallet_test.go:108: Registering wallet...\n","    zboxcli_update_allocation_test.go:607: Executing faucet...\n","    zboxcli_create_allocation_test.go:288: Creating new allocation...\n","    zboxcli_download_token_test.go:124: Locking read tokens...\n","    zboxcli_file_upload_test.go:774: Uploading file...\n","    zboxcli_list_file_system_test.go:642: Sharing file/folder...\n","--- PASS: TestDownload/Download_File_From_Shared_Folder_Should_Work_but_does_not_see_blobber/issues/588/Share_Entire_Folder_from_Another_Wallet (14.36s)",""],"Passed":true,"Skipped":false,"TestFileName":"","TestFunctionDetail":{"Line":0,"Col":0}}]},{"FailureIndicator":"","SkippedIndicator":"","TestResults":[{"TestName":"TestDownload/Download_File_Thumbnail_Should_Work","Package":"github.com/0chain/system_test/tests/cli_tests","ElapsedTime":29.49,"Output":["","","","    zwalletcli_register_wallet_test.go:108: Registering wallet...\n","","    zboxcli_update_allocation_test.go:607: Executing faucet...\n","","    zboxcli_create_allocation_test.go:288: Creating new allocation...\n","","    zboxcli_download_token_test.go:124: Locking read tokens...\n","","    zboxcli_file_upload_test.go:774: Uploading file...\n","","    utils.go:152: Waiting 15s...\n","","    zboxcli_file_download_test.go:1373: Downloading file...\n","--- PASS: TestDownload/Download_File_Thumbnail_Should_Work (29.49s)",""],"Passed":true,"Skipped":false,"TestFileName":"","TestFunctionDetail":{"Line":0,"Col":0}}]},{"FailureIndicator":"","SkippedIndicator":"","TestResults":[{"TestName":"TestDownload/Download_File_With_Only_endblock_Should_Not_Work","Package":"github.com/0chain/system_test/tests/cli_tests","ElapsedTime":30.25,"Output":["","","","","    zwalletcli_register_wallet_test.go:108: Registering wallet...\n","","    zboxcli_update_allocation_test.go:607: Executing faucet...\n","","    zboxcli_create_allocation_test.go:288: Creating new allocation...\n","","    zboxcli_download_token_test.go:124: Locking read tokens...\n","","    zboxcli_file_upload_test.go:774: Uploading file...\n","","    utils.go:152: Waiting 15s...\n","","    zboxcli_file_download_test.go:1373: Downloading file...\n","--- PASS: TestDownload/Download_File_With_Only_endblock_Should_Not_Work (30.25s)",""],"Passed":true,"Skipped":false,"TestFileName":"","TestFunctionDetail":{"Line":0,"Col":0}}]},{"FailureIndicator":"failed","SkippedIndicator":"","TestResults":[{"TestName":"TestDownload/Download_File_With_Only_startblock_Should_Work","Package":"github.com/0chain/system_test/tests/cli_tests","ElapsedTime":30.6,"Output":["","","","    zwalletcli_register_wallet_test.go:108: Registering wallet...\n","","    zboxcli_update_allocation_test.go:607: Executing faucet...\n","","    zboxcli_create_allocation_test.go:288: Creating new allocation...\n","","    zboxcli_download_token_test.go:124: Locking read tokens...\n","","    zboxcli_file_upload_test.go:774: Uploading file...\n","","    zboxcli_file_stats_test.go:505: Getting file stats...\n","","    utils.go:152: Waiting 15s...\n","","    zboxcli_file_download_test.go:1373: Downloading file...\n","","    zboxcli_file_download_test.go:834: \n","        \tError Trace:\t/root/actions-runner3/_work/system_test/system_test/tests/cli_tests/zboxcli_file_download_test.go:834\n","        \tError:      \tNot equal: \n","        \t            \texpected: \"Status completed callback. Type = application/octet-stream. Name = AONwwkOhhN_test.txt\"\n","        \t            \tactual  : \"Status completed callback. Type = . Name = AONwwkOhhN_test.txt\"\n","        \t            \t\n","        \t            \tDiff:\n","        \t            \t--- Expected\n","        \t            \t+++ Actual\n","        \t            \t@@ -1 +1 @@\n","        \t            \t-Status completed callback. Type = application/octet-stream. Name = AONwwkOhhN_test.txt\n","        \t            \t+Status completed callback. Type = . Name = AONwwkOhhN_test.txt\n","        \tTest:       \tTestDownload/Download_File_With_Only_startblock_Should_Work\n","","","","","    zwalletcli_register_wallet_test.go:108: Registering wallet...\n","    zboxcli_update_allocation_test.go:607: Executing faucet...\n","    zboxcli_create_allocation_test.go:288: Creating new allocation...\n","    zboxcli_download_token_test.go:124: Locking read tokens...\n","    zboxcli_file_upload_test.go:774: Uploading file...\n","    zboxcli_file_stats_test.go:505: Getting file stats...\n","    utils.go:152: Waiting 15s...\n","    zboxcli_file_download_test.go:1373: Downloading file...\n","    zboxcli_file_download_test.go:834: \n","        \tError Trace:\t/root/actions-runner3/_work/system_test/system_test/tests/cli_tests/zboxcli_file_download_test.go:834\n","        \tError:      \tNot equal: \n","        \t            \texpected: \"Status completed callback. Type = application/octet-stream. Name = dyFNADwVGx_test.txt\"\n","        \t            \tactual  : \"Status completed callback. Type = . Name = dyFNADwVGx_test.txt\"\n","        \t            \t\n","        \t            \tDiff:\n","        \t            \t--- Expected\n","        \t            \t+++ Actual\n","        \t            \t@@ -1 +1 @@\n","        \t            \t-Status completed callback. Type = application/octet-stream. Name = dyFNADwVGx_test.txt\n","        \t            \t+Status completed callback. Type = . Name = dyFNADwVGx_test.txt\n","        \tTest:       \tTestDownload/Download_File_With_Only_startblock_Should_Work\n","","","","","    zwalletcli_register_wallet_test.go:108: Registering wallet...\n","    zboxcli_update_allocation_test.go:607: Executing faucet...\n","    zboxcli_create_allocation_test.go:288: Creating new allocation...\n","    zboxcli_download_token_test.go:124: Locking read tokens...\n","    zboxcli_file_upload_test.go:774: Uploading file...\n","    zboxcli_file_stats_test.go:505: Getting file stats...\n","    utils.go:152: Waiting 15s...\n","    zboxcli_file_download_test.go:1373: Downloading file...\n","    zboxcli_file_download_test.go:834: \n","        \tError Trace:\t/root/actions-runner3/_work/system_test/system_test/tests/cli_tests/zboxcli_file_download_test.go:834\n","        \tError:      \tNot equal: \n","        \t            \texpected: \"Status completed callback. Type = application/octet-stream. Name = GxC8kWfPX6_test.txt\"\n","        \t            \tactual  : \"Status completed callback. Type = . Name = GxC8kWfPX6_test.txt\"\n","        \t            \t\n","        \t            \tDiff:\n","        \t            \t--- Expected\n","        \t            \t+++ Actual\n","        \t            \t@@ -1 +1 @@\n","        \t            \t-Status completed callback. Type = application/octet-stream. Name = GxC8kWfPX6_test.txt\n","        \t            \t+Status completed callback. Type = . Name = GxC8kWfPX6_test.txt\n","        \tTest:       \tTestDownload/Download_File_With_Only_startblock_Should_Work\n",""],"Passed":false,"Skipped":false,"TestFileName":"","TestFunctionDetail":{"Line":0,"Col":0}}]},{"FailureIndicator":"failed","SkippedIndicator":"","TestResults":[{"TestName":"TestDownload/Download_File_With_blockspermarker_Flag_Should_Work","Package":"github.com/0chain/system_test/tests/cli_tests","ElapsedTime":29.45,"Output":["","","","","    zwalletcli_register_wallet_test.go:108: Registering wallet...\n","","    zboxcli_update_allocation_test.go:607: Executing faucet...\n","","    zboxcli_create_allocation_test.go:288: Creating new allocation...\n","","    zboxcli_download_token_test.go:124: Locking read tokens...\n","","    zboxcli_file_upload_test.go:774: Uploading file...\n","","    zboxcli_file_download_test.go:1389: Generating checksum for file [/tmp/FQLpsOmSAr_test.txt]...\n","    utils.go:152: Waiting 15s...\n","","    zboxcli_file_download_test.go:1373: Downloading file...\n","","    zboxcli_file_download_test.go:1142: \n","        \tError Trace:\t/root/actions-runner3/_work/system_test/system_test/tests/cli_tests/zboxcli_file_download_test.go:1142\n","        \tError:      \tNot equal: \n","        \t            \texpected: \"Status completed callback. Type = application/octet-stream. Name = FQLpsOmSAr_test.txt\"\n","        \t            \tactual  : \"Status completed callback. Type = . Name = FQLpsOmSAr_test.txt\"\n","        \t            \t\n","        \t            \tDiff:\n","        \t            \t--- Expected\n","        \t            \t+++ Actual\n","        \t            \t@@ -1 +1 @@\n","        \t            \t-Status completed callback. Type = application/octet-stream. Name = FQLpsOmSAr_test.txt\n","        \t            \t+Status completed callback. Type = . Name = FQLpsOmSAr_test.txt\n","        \tTest:       \tTestDownload/Download_File_With_blockspermarker_Flag_Should_Work\n","","","","","    zwalletcli_register_wallet_test.go:108: Registering wallet...\n","    zboxcli_update_allocation_test.go:607: Executing faucet...\n","    zboxcli_create_allocation_test.go:288: Creating new allocation...\n","    zboxcli_download_token_test.go:124: Locking read tokens...\n","    zboxcli_file_upload_test.go:774: Uploading file...\n","    zboxcli_file_download_test.go:1389: Generating checksum for file [/tmp/hB7TdX7TbJ_test.txt]...\n","    utils.go:152: Waiting 15s...\n","    zboxcli_file_download_test.go:1373: Downloading file...\n","    zboxcli_file_download_test.go:1142: \n","        \tError Trace:\t/root/actions-runner3/_work/system_test/system_test/tests/cli_tests/zboxcli_file_download_test.go:1142\n","        \tError:      \tNot equal: \n","        \t            \texpected: \"Status completed callback. Type = application/octet-stream. Name = hB7TdX7TbJ_test.txt\"\n","        \t            \tactual  : \"Status completed callback. Type = . Name = hB7TdX7TbJ_test.txt\"\n","        \t            \t\n","        \t            \tDiff:\n","        \t            \t--- Expected\n","        \t            \t+++ Actual\n","        \t            \t@@ -1 +1 @@\n","        \t            \t-Status completed callback. Type = application/octet-stream. Name = hB7TdX7TbJ_test.txt\n","        \t            \t+Status completed callback. Type = . Name = hB7TdX7TbJ_test.txt\n","        \tTest:       \tTestDownload/Download_File_With_blockspermarker_Flag_Should_Work\n","","","","","    zwalletcli_register_wallet_test.go:108: Registering wallet...\n","    zboxcli_update_allocation_test.go:607: Executing faucet...\n","    zboxcli_create_allocation_test.go:288: Creating new allocation...\n","    zboxcli_download_token_test.go:124: Locking read tokens...\n","    zboxcli_file_upload_test.go:774: Uploading file...\n","    zboxcli_file_download_test.go:1389: Generating checksum for file [/tmp/ceUwiL9icb_test.txt]...\n","    utils.go:152: Waiting 15s...\n","    zboxcli_file_download_test.go:1373: Downloading file...\n","    zboxcli_file_download_test.go:1142: \n","        \tError Trace:\t/root/actions-runner3/_work/system_test/system_test/tests/cli_tests/zboxcli_file_download_test.go:1142\n","        \tError:      \tNot equal: \n","        \t            \texpected: \"Status completed callback. Type = application/octet-stream. Name = ceUwiL9icb_test.txt\"\n","        \t            \tactual  : \"Status completed callback. Type = . Name = ceUwiL9icb_test.txt\"\n","        \t            \t\n","        \t            \tDiff:\n","        \t            \t--- Expected\n","        \t            \t+++ Actual\n","        \t            \t@@ -1 +1 @@\n","        \t            \t-Status completed callback. Type = application/octet-stream. Name = ceUwiL9icb_test.txt\n","        \t            \t+Status completed callback. Type = . Name = ceUwiL9icb_test.txt\n","        \tTest:       \tTestDownload/Download_File_With_blockspermarker_Flag_Should_Work\n",""],"Passed":false,"Skipped":false,"TestFileName":"","TestFunctionDetail":{"Line":0,"Col":0}}]},{"FailureIndicator":"","SkippedIndicator":"","TestResults":[{"TestName":"TestDownload/Download_File_With_endblock_greater_than_number_of_blocks_should_work","Package":"github.com/0chain/system_test/tests/cli_tests","ElapsedTime":29.42,"Output":["","","","    zwalletcli_register_wallet_test.go:108: Registering wallet...\n","","    zboxcli_update_allocation_test.go:607: Executing faucet...\n","","    zboxcli_create_allocation_test.go:288: Creating new allocation...\n","","    zboxcli_download_token_test.go:124: Locking read tokens...\n","","    zboxcli_file_upload_test.go:774: Uploading file...\n","","    utils.go:152: Waiting 15s...\n","","    zboxcli_file_download_test.go:1373: Downloading file...\n","--- PASS: TestDownload/Download_File_With_endblock_greater_than_number_of_blocks_should_work (29.42s)",""],"Passed":true,"Skipped":false,"TestFileName":"","TestFunctionDetail":{"Line":0,"Col":0}}]},{"FailureIndicator":"","SkippedIndicator":"","TestResults":[{"TestName":"TestDownload/Download_File_With_startblock_0_and_non-zero_endblock_should_fail","Package":"github.com/0chain/system_test/tests/cli_tests","ElapsedTime":35.59,"Output":["","","","    zwalletcli_register_wallet_test.go:108: Registering wallet...\n","","    zboxcli_update_allocation_test.go:607: Executing faucet...\n","","    zboxcli_create_allocation_test.go:288: Creating new allocation...\n","","    zboxcli_download_token_test.go:124: Locking read tokens...\n","","    zboxcli_file_upload_test.go:774: Uploading file...\n","","    utils.go:152: Waiting 15s...\n","","    zboxcli_file_download_test.go:1373: Downloading file...\n","","    utils.go:66: \u001b[33mCommand failed on attempt [1/3] due to error [exit status 1]. Output: [0 / 1310720    0.00% 0 / 1310720    0.00% 0s -\u003cNEWLINE\u003e- Error in file operation: Download failed for block 0. -\u003cNEWLINE\u003e- download_failed: 3 failed blobbers exceeded 2 remaining blobbers. Download errors: Error Unsuccessful download. Error: response_error: invalid parameter: X-Block-Num from https://demo.0chain.net/blobber05 Error Unsuccessful download. Error: response_error: invalid parameter: X-Block-Num from https://demo.0chain.net/blobber03 Error Unsuccessful download. Error: response_error: invalid parameter: X-Block-Num from https://demo.0chain.net/blobber01]\n","","    utils.go:66: \u001b[33mCommand failed on attempt [2/3] due to error [exit status 1]. Output: [0 / 1310720    0.00% 0 / 1310720    0.00% 0s -\u003cNEWLINE\u003e- Error in file operation: Download failed for block 0. -\u003cNEWLINE\u003e- download_failed: 3 failed blobbers exceeded 2 remaining blobbers. Download errors: Error Unsuccessful download. Error: response_error: invalid parameter: X-Block-Num from https://demo.0chain.net/blobber03 Error Unsuccessful download. Error: response_error: invalid parameter: X-Block-Num from https://demo.0chain.net/blobber05 Error Unsuccessful download. Error: response_error: invalid parameter: X-Block-Num from https://demo.0chain.net/blobber01]\n","","    utils.go:69: \u001b[31mCommand failed on final attempt [3/3] due to error [exit status 1]. Command String: [./zbox download --allocation 3e74c9d007fd22329a335eddc4b8ada04120477bc459af26ce401ceeadce3634 --remotepath /JAYU0n2jXW_test.txt --localpath tmp/ --startblock 0 --endblock 5 --silent --wallet TestDownload-Download_File_With_startblock_0_and_non-zero_endblock_should_fail_wallet.json --configDir ./config --config ./zbox_config.yaml] Output: [0 / 1310720    0.00% 0 / 1310720    0.00% 0s -\u003cNEWLINE\u003e- Error in file operation: Download failed for block 0. -\u003cNEWLINE\u003e- download_failed: 3 failed blobbers exceeded 2 remaining blobbers. Download errors: Error Unsuccessful download. Error: response_error: invalid parameter: X-Block-Num from https://demo.0chain.net/blobber03 Error Unsuccessful download. Error: response_error: invalid parameter: X-Block-Num from https://demo.0chain.net/blobber01 Error Unsuccessful download. Error: response_error: invalid parameter: X-Block-Num from https://demo.0chain.net/blobber05]\n","    utils.go:72: \u001b[31mThe verbose output for the command is:\n","","    utils.go:76: \u001b[31m0chain-core-sdk [INFO]   2022/11/21 04:48:06.850240 wallet_base.go:262: ******* Wallet SDK Version:v1.8.8-8-g3c6d3d6c ******* (SetLogFile)\n","    utils.go:76: \u001b[31m0box-sdk        [INFO]   2022/11/21 04:48:06.850275 sdk.go:73: ******* Storage SDK Version: v1.8.8-8-g3c6d3d6c *******\n","    utils.go:76: \u001b[31m0chain-core-sdk [INFO]   2022/11/21 04:48:06.944056 transaction_base.go:138: ******* Wallet SDK Version:v1.8.8-8-g3c6d3d6c ******* (InitZCNSDK)\n","    utils.go:76: \u001b[31m0box-sdk        [DEBUG]  2022/11/21 04:48:07.024086 networkworker.go:105: Get network result:{\"miners\":[\"https://demo.0chain.net/miner03\",\"https://demo.0chain.net/miner02\",\"https://demo.0chain.net/miner01\"],\"sharders\":[\"https://demo.0chain.net/sharder02\",\"https://demo.0chain.net/sharder01\"]}\n","    utils.go:76: \u001b[31m0box-sdk        [INFO]   2022/11/21 04:48:07.081520 allocation.go:247: received a download request for /JAYU0n2jXW_test.txt\n","    utils.go:76: \u001b[31m0box-sdk        [INFO]   2022/11/21 04:48:07.111377 filemetaworker.go:73: File Meta result:{\"actual_file_hash\":\"398c6892542f9d76e1802df15ac67c9eeebf33dc9bb3fc6f01d0667cfe06f2c8\",\"actual_file_size\":1310720,\"actual_thumbnail_hash\":\"\",\"actual_thumbnail_size\":0,\"allocation_id\":\"3e74c9d007fd22329a335eddc4b8ada04120477bc459af26ce401ceeadce3634\",\"chunk_size\":65536,\"collaborators\":[],\"commit_meta_txns\":[],\"content_hash\":\"671e1cc0da778c6aded4ff0f21c0fde2074f303d0cf860d46926d3c935e62b31\",\"created_at\":1669002466,\"custom_meta\":\"\",\"encrypted_key\":\"\",\"hash\":\"91ee6dbcab913c4a3f36875f7f8608e3cdea350758273ef7104e977f0d762254\",\"lookup_hash\":\"88a12474d93e44b14c32166cd53716931a55fccade55befbab7c41abb25eb20a\",\"merkle_root\":\"068306b5e07cea8a8b942c700f11e90afdfe2b999557d8aee735a096c4e899cf\",\"mimetype\":\"application/octet-stream\",\"name\":\"JAYU0n2jXW_test.txt\",\"num_of_blocks\":10,\"path\":\"/JAYU0n2jXW_test.txt\",\"path_hash\":\"88a12474d93e44b14c32166cd53716931a55fccade55befbab7c41abb25eb20a\",\"size\":655360,\"thumbnail_has","h\":\"\",\"thumbnail_size\":0,\"type\":\"f\",\"updated_at\":1669002466}\n","    utils.go:76: \u001b[31m0box-sdk        [DEBUG]  2022/11/21 04:48:07.111399 filemetaworker.go:74: File meta response status: 200 OK\n","    utils.go:76: \u001b[31m0box-sdk        [INFO]   2022/11/21 04:48:07.118135 filemetaworker.go:73: File Meta result:{\"actual_file_hash\":\"398c6892542f9d76e1802df15ac67c9eeebf33dc9bb3fc6f01d0667cfe06f2c8\",\"actual_file_size\":1310720,\"actual_thumbnail_hash\":\"\",\"actual_thumbnail_size\":0,\"allocation_id\":\"3e74c9d007fd22329a335eddc4b8ada04120477bc459af26ce401ceeadce3634\",\"chunk_size\":65536,\"collaborators\":[],\"commit_meta_txns\":[],\"content_hash\":\"b90a7fccc70644f9200493897de6b77b2ace9ee98a6d42abeeed8810ee635b80\",\"created_at\":1669002466,\"custom_meta\":\"\",\"encrypted_key\":\"\",\"hash\":\"918c26014ded3264fa1d85d7feab232f0a290fd4473ca983ee1bae5c55134494\",\"lookup_hash\":\"88a12474d93e44b14c32166cd53716931a55fccade55befbab7c41abb25eb20a\",\"merkle_root\":\"82804e456628eb714f95e66be86e73398e125a1c68f6eb61aa9d2f726ec45aa0\",\"mimetype\":\"application/octet-stream\",\"name\":\"JAYU0n2jXW_test.txt\",\"num_of_blocks\":10,\"path\":\"/JAYU0n2jXW_test.txt\",\"path_hash\":\"88a12474d93e44b14c32166cd53716931a55fccade55befbab7c41abb25eb20a\",\"size\":655360,\"thumbnail_has","h\":\"\",\"thumbnail_size\":0,\"type\":\"f\",\"updated_at\":1669002466}\n","    utils.go:76: \u001b[31m0box-sdk        [DEBUG]  2022/11/21 04:48:07.118150 filemetaworker.go:74: File meta response status: 200 OK\n","    utils.go:76: \u001b[31m0box-sdk        [INFO]   2022/11/21 04:48:07.141647 filemetaworker.go:73: File Meta result:{\"actual_file_hash\":\"398c6892542f9d76e1802df15ac67c9eeebf33dc9bb3fc6f01d0667cfe06f2c8\",\"actual_file_size\":1310720,\"actual_thumbnail_hash\":\"\",\"actual_thumbnail_size\":0,\"allocation_id\":\"3e74c9d007fd22329a335eddc4b8ada04120477bc459af26ce401ceeadce3634\",\"chunk_size\":65536,\"collaborators\":[],\"commit_meta_txns\":[],\"content_hash\":\"b4276c8bae9aa90b7ee8216a53e88be85272d5de3163b096e3b1be2a8e18b75c\",\"created_at\":1669002466,\"custom_meta\":\"\",\"encrypted_key\":\"\",\"hash\":\"6aaa9121251c490647a2f96e8439a6cfc1fd04f637042f260e72c14330066c0d\",\"lookup_hash\":\"88a12474d93e44b14c32166cd53716931a55fccade55befbab7c41abb25eb20a\",\"merkle_root\":\"9bcbfc15d8dbedb9893dddab5eb8efb9f1e5a342359bcc108ba6f8b66a6386d3\",\"mimetype\":\"application/octet-stream\",\"name\":\"JAYU0n2jXW_test.txt\",\"num_of_blocks\":10,\"path\":\"/JAYU0n2jXW_test.txt\",\"path_hash\":\"88a12474d93e44b14c32166cd53716931a55fccade55befbab7c41abb25eb20a\",\"size\":655360,\"thumbnail_has","h\":\"\",\"thumbnail_size\":0,\"type\":\"f\",\"updated_at\":1669002466}\n","    utils.go:76: \u001b[31m0box-sdk        [DEBUG]  2022/11/21 04:48:07.141664 filemetaworker.go:74: File meta response status: 200 OK\n","    utils.go:76: \u001b[31m0box-sdk        [INFO]   2022/11/21 04:48:07.147770 filemetaworker.go:73: File Meta result:{\"actual_file_hash\":\"398c6892542f9d76e1802df15ac67c9eeebf33dc9bb3fc6f01d0667cfe06f2c8\",\"actual_file_size\":1310720,\"actual_thumbnail_hash\":\"\",\"actual_thumbnail_size\":0,\"allocation_id\":\"3e74c9d007fd22329a335eddc4b8ada04120477bc459af26ce401ceeadce3634\",\"chunk_size\":65536,\"collaborators\":[],\"commit_meta_txns\":[],\"content_hash\":\"c781297457017ab32753458e3dbaa410163268955020d6a1a6a64e9455b0f016\",\"created_at\":1669002466,\"custom_meta\":\"\",\"encrypted_key\":\"\",\"hash\":\"a282b33c965bc7d8e1e8b1fe15c4254558a98908ad2e3327133346259fdedfb7\",\"lookup_hash\":\"88a12474d93e44b14c32166cd53716931a55fccade55befbab7c41abb25eb20a\",\"merkle_root\":\"e64de92a84e2e184bde93f09cd53877f5fe31aedb72ac1b95be588bd118d37e8\",\"mimetype\":\"application/octet-stream\",\"name\":\"JAYU0n2jXW_test.txt\",\"num_of_blocks\":10,\"path\":\"/JAYU0n2jXW_test.txt\",\"path_hash\":\"88a12474d93e44b14c32166cd53716931a55fccade55befbab7c41abb25eb20a\",\"size\":655360,\"thumbnail_has","h\":\"\",\"thumbnail_size\":0,\"type\":\"f\",\"updated_at\":1669002466}\n","    utils.go:76: \u001b[31m0box-sdk        [DEBUG]  2022/11/21 04:48:07.147785 filemetaworker.go:74: File meta response status: 200 OK\n","    utils.go:76: \u001b[31m0box-sdk        [INFO]   2022/11/21 04:48:07.147832 downloadworker.go:339: Downloading file with size: 1310720 from start block: -1 and end block: 5. Actual size per blobber: 655360\n","    utils.go:76: \u001b[31m0 / 1310720    0.00%0box-sdk        [INFO]   2022/11/21 04:48:07.148035 downloadworker.go:399: Downloading block 0 - 5\n","    utils.go:76: \u001b[31m0box-sdk        \u001b[31m[ERROR]  2022/11/21 04:48:07.229586 downloadworker.go:198: Unsuccessful download. Error: response_error: invalid parameter: X-Block-Num\u001b[0m\n","    utils.go:76: \u001b[31m0box-sdk        \u001b[31m[ERROR]  2022/11/21 04:48:07.229715 downloadworker.go:198: Unsuccessful download. Error: response_error: invalid parameter: X-Block-Num\u001b[0m\n","    utils.go:76: \u001b[31m0box-sdk        \u001b[31m[ERROR]  2022/11/21 04:48:07.229806 downloadworker.go:198: Unsuccessful download. Error: response_error: invalid parameter: X-Block-Num\u001b[0m\n","    utils.go:76: \u001b[31m0 / 1310720    0.00% 0s\n","    utils.go:76: \u001b[31mError in file operation: Download failed for block 0.\n","    utils.go:76: \u001b[31mdownload_failed: 3 failed blobbers exceeded 2 remaining blobbers. Download errors: Error Unsuccessful download. Error: response_error: invalid parameter: X-Block-Num from https://demo.0chain.net/blobber01 Error Unsuccessful download. Error: response_error: invalid parameter: X-Block-Num from https://demo.0chain.net/blobber05 Error Unsuccessful download. Error: response_error: invalid parameter: X-Block-Num from https://demo.0chain.net/blobber03\n","--- PASS: TestDownload/Download_File_With_startblock_0_and_non-zero_endblock_should_fail (35.59s)",""],"Passed":true,"Skipped":false,"TestFileName":"","TestFunctionDetail":{"Line":0,"Col":0}}]},{"FailureIndicator":"failed","SkippedIndicator":"","TestResults":[{"TestName":"TestDownload/Download_File_With_startblock_And_endblock_Should_Work","Package":"github.com/0chain/system_test/tests/cli_tests","ElapsedTime":30.79,"Output":["","","","    zwalletcli_register_wallet_test.go:108: Registering wallet...\n","","    zboxcli_update_allocation_test.go:607: Executing faucet...\n","","    zboxcli_create_allocation_test.go:288: Creating new allocation...\n","","    zboxcli_download_token_test.go:124: Locking read tokens...\n","","    zboxcli_file_upload_test.go:774: Uploading file...\n","","    zboxcli_file_stats_test.go:505: Getting file stats...\n","","    utils.go:152: Waiting 15s...\n","","    zboxcli_file_download_test.go:1373: Downloading file...\n","","    zboxcli_file_download_test.go:928: \n","        \tError Trace:\t/root/actions-runner3/_work/system_test/system_test/tests/cli_tests/zboxcli_file_download_test.go:928\n","        \tError:      \tNot equal: \n","        \t            \texpected: \"Status completed callback. Type = application/octet-stream. Name = iDMXevWcyr_test.txt\"\n","        \t            \tactual  : \"Status completed callback. Type = . Name = iDMXevWcyr_test.txt\"\n","        \t            \t\n","        \t            \tDiff:\n","        \t            \t--- Expected\n","        \t            \t+++ Actual\n","        \t            \t@@ -1 +1 @@\n","        \t            \t-Status completed callback. Type = application/octet-stream. Name = iDMXevWcyr_test.txt\n","        \t            \t+Status completed callback. Type = . Name = iDMXevWcyr_test.txt\n","        \tTest:       \tTestDownload/Download_File_With_startblock_And_endblock_Should_Work\n","","","","","    zwalletcli_register_wallet_test.go:108: Registering wallet...\n","    zboxcli_update_allocation_test.go:607: Executing faucet...\n","    zboxcli_create_allocation_test.go:288: Creating new allocation...\n","    zboxcli_download_token_test.go:124: Locking read tokens...\n","    zboxcli_file_upload_test.go:774: Uploading file...\n","    zboxcli_file_stats_test.go:505: Getting file stats...\n","    utils.go:152: Waiting 15s...\n","    zboxcli_file_download_test.go:1373: Downloading file...\n","    zboxcli_file_download_test.go:928: \n","        \tError Trace:\t/root/actions-runner3/_work/system_test/system_test/tests/cli_tests/zboxcli_file_download_test.go:928\n","        \tError:      \tNot equal: \n","        \t            \texpected: \"Status completed callback. Type = application/octet-stream. Name = 2BLZgYtLBh_test.txt\"\n","        \t            \tactual  : \"Status completed callback. Type = . Name = 2BLZgYtLBh_test.txt\"\n","        \t            \t\n","        \t            \tDiff:\n","        \t            \t--- Expected\n","        \t            \t+++ Actual\n","        \t            \t@@ -1 +1 @@\n","        \t            \t-Status completed callback. Type = application/octet-stream. Name = 2BLZgYtLBh_test.txt\n","        \t            \t+Status completed callback. Type = . Name = 2BLZgYtLBh_test.txt\n","        \tTest:       \tTestDownload/Download_File_With_startblock_And_endblock_Should_Work\n","","","","","    zwalletcli_register_wallet_test.go:108: Registering wallet...\n","    zboxcli_update_allocation_test.go:607: Executing faucet...\n","    zboxcli_create_allocation_test.go:288: Creating new allocation...\n","    zboxcli_download_token_test.go:124: Locking read tokens...\n","    zboxcli_file_upload_test.go:774: Uploading file...\n","    zboxcli_file_stats_test.go:505: Getting file stats...\n","    utils.go:152: Waiting 15s...\n","    zboxcli_file_download_test.go:1373: Downloading file...\n","    zboxcli_file_download_test.go:928: \n","        \tError Trace:\t/root/actions-runner3/_work/system_test/system_test/tests/cli_tests/zboxcli_file_download_test.go:928\n","        \tError:      \tNot equal: \n","        \t            \texpected: \"Status completed callback. Type = application/octet-stream. Name = eA34bvSpUT_test.txt\"\n","        \t            \tactual  : \"Status completed callback. Type = . Name = eA34bvSpUT_test.txt\"\n","        \t            \t\n","        \t            \tDiff:\n","        \t            \t--- Expected\n","        \t            \t+++ Actual\n","        \t            \t@@ -1 +1 @@\n","        \t            \t-Status completed callback. Type = application/octet-stream. Name = eA34bvSpUT_test.txt\n","        \t            \t+Status completed callback. Type = . Name = eA34bvSpUT_test.txt\n","        \tTest:       \tTestDownload/Download_File_With_startblock_And_endblock_Should_Work\n",""],"Passed":false,"Skipped":false,"TestFileName":"","TestFunctionDetail":{"Line":0,"Col":0}}]},{"FailureIndicator":"","SkippedIndicator":"","TestResults":[{"TestName":"TestDownload/Download_File_Without_read-lock_Should_Fail","Package":"github.com/0chain/system_test/tests/cli_tests","ElapsedTime":26.06,"Output":["","","","    zwalletcli_register_wallet_test.go:108: Registering wallet...\n","","    zboxcli_update_allocation_test.go:607: Executing faucet...\n","","    zboxcli_create_allocation_test.go:288: Creating new allocation...\n","","    zboxcli_file_upload_test.go:774: Uploading file...\n","    utils.go:152: Waiting 15s...\n","","    zboxcli_file_download_test.go:1373: Downloading file...\n","--- PASS: TestDownload/Download_File_Without_read-lock_Should_Fail (26.06s)",""],"Passed":true,"Skipped":false,"TestFileName":"","TestFunctionDetail":{"Line":0,"Col":0}}]},{"FailureIndicator":"failed","SkippedIndicator":"","TestResults":[{"TestName":"TestDownload/Download_File_from_Nested_Directory_Should_Work","Package":"github.com/0chain/system_test/tests/cli_tests","ElapsedTime":29.52,"Output":["","","","    zwalletcli_register_wallet_test.go:108: Registering wallet...\n","","    zboxcli_update_allocation_test.go:607: Executing faucet...\n","","    zboxcli_create_allocation_test.go:288: Creating new allocation...\n","","    zboxcli_download_token_test.go:124: Locking read tokens...\n","","    zboxcli_file_upload_test.go:774: Uploading file...\n","","    zboxcli_file_download_test.go:1389: Generating checksum for file [/tmp/pkIfMqO68Q_test.txt]...\n","","    utils.go:152: Waiting 15s...\n","","    zboxcli_file_download_test.go:1373: Downloading file...\n","","    zboxcli_file_download_test.go:205: \n","        \tError Trace:\t/root/actions-runner3/_work/system_test/system_test/tests/cli_tests/zboxcli_file_download_test.go:205\n","        \tError:      \tNot equal: \n","        \t            \texpected: \"Status completed callback. Type = application/octet-stream. Name = pkIfMqO68Q_test.txt\"\n","        \t            \tactual  : \"Status completed callback. Type = . Name = pkIfMqO68Q_test.txt\"\n","        \t            \t\n","        \t            \tDiff:\n","        \t            \t--- Expected\n","        \t            \t+++ Actual\n","        \t            \t@@ -1 +1 @@\n","        \t            \t-Status completed callback. Type = application/octet-stream. Name = pkIfMqO68Q_test.txt\n","        \t            \t+Status completed callback. Type = . Name = pkIfMqO68Q_test.txt\n","        \tTest:       \tTestDownload/Download_File_from_Nested_Directory_Should_Work\n","","","","","    zwalletcli_register_wallet_test.go:108: Registering wallet...\n","    zboxcli_update_allocation_test.go:607: Executing faucet...\n","    zboxcli_create_allocation_test.go:288: Creating new allocation...\n","    zboxcli_download_token_test.go:124: Locking read tokens...\n","    zboxcli_file_upload_test.go:774: Uploading file...\n","    zboxcli_file_download_test.go:1389: Generating checksum for file [/tmp/d3uBgjOSwU_test.txt]...\n","    utils.go:152: Waiting 15s...\n","    zboxcli_file_download_test.go:1373: Downloading file...\n","    zboxcli_file_download_test.go:205: \n","        \tError Trace:\t/root/actions-runner3/_work/system_test/system_test/tests/cli_tests/zboxcli_file_download_test.go:205\n","        \tError:      \tNot equal: \n","        \t            \texpected: \"Status completed callback. Type = application/octet-stream. Name = d3uBgjOSwU_test.txt\"\n","        \t            \tactual  : \"Status completed callback. Type = . Name = d3uBgjOSwU_test.txt\"\n","        \t            \t\n","        \t            \tDiff:\n","        \t            \t--- Expected\n","        \t            \t+++ Actual\n","        \t            \t@@ -1 +1 @@\n","        \t            \t-Status completed callback. Type = application/octet-stream. Name = d3uBgjOSwU_test.txt\n","        \t            \t+Status completed callback. Type = . Name = d3uBgjOSwU_test.txt\n","        \tTest:       \tTestDownload/Download_File_from_Nested_Directory_Should_Work\n","","","","","    zwalletcli_register_wallet_test.go:108: Registering wallet...\n","    zboxcli_update_allocation_test.go:607: Executing faucet...\n","    zboxcli_create_allocation_test.go:288: Creating new allocation...\n","    zboxcli_download_token_test.go:124: Locking read tokens...\n","    zboxcli_file_upload_test.go:774: Uploading file...\n","    zboxcli_file_download_test.go:1389: Generating checksum for file [/tmp/YfeRii64mA_test.txt]...\n","    utils.go:152: Waiting 15s...\n","    zboxcli_file_download_test.go:1373: Downloading file...\n","    zboxcli_file_download_test.go:205: \n","        \tError Trace:\t/root/actions-runner3/_work/system_test/system_test/tests/cli_tests/zboxcli_file_download_test.go:205\n","        \tError:      \tNot equal: \n","        \t            \texpected: \"Status completed callback. Type = application/octet-stream. Name = YfeRii64mA_test.txt\"\n","        \t            \tactual  : \"Status completed callback. Type = . Name = YfeRii64mA_test.txt\"\n","        \t            \t\n","        \t            \tDiff:\n","        \t            \t--- Expected\n","        \t            \t+++ Actual\n","        \t            \t@@ -1 +1 @@\n","        \t            \t-Status completed callback. Type = application/octet-stream. Name = YfeRii64mA_test.txt\n","        \t            \t+Status completed callback. Type = . Name = YfeRii64mA_test.txt\n","        \tTest:       \tTestDownload/Download_File_from_Nested_Directory_Should_Work\n",""],"Passed":false,"Skipped":false,"TestFileName":"","TestFunctionDetail":{"Line":0,"Col":0}}]},{"FailureIndicator":"","SkippedIndicator":"","TestResults":[{"TestName":"TestDownload/Download_File_from_Non-Existent_Allocation_Should_Fail","Package":"github.com/0chain/system_test/tests/cli_tests","ElapsedTime":18.66,"Output":["","","","","    zwalletcli_register_wallet_test.go:108: Registering wallet...\n","","    utils.go:152: Waiting 15s...\n","","    zboxcli_file_download_test.go:1373: Downloading file...\n","--- PASS: TestDownload/Download_File_from_Non-Existent_Allocation_Should_Fail (18.66s)",""],"Passed":true,"Skipped":false,"TestFileName":"","TestFunctionDetail":{"Line":0,"Col":0}}]},{"FailureIndicator":"failed","SkippedIndicator":"","TestResults":[{"TestName":"TestDownload/Download_File_from_Other's_Allocation_Should_Fail","Package":"github.com/0chain/system_test/tests/cli_tests","ElapsedTime":29.22,"Output":["","","","","    utils.go:152: Waiting 15s...\n","","    zboxcli_file_download_test.go:1373: Downloading file...\n","","    zboxcli_file_download_test.go:1197: \n","        \tError Trace:\t/root/actions-runner3/_work/system_test/system_test/tests/cli_tests/zboxcli_file_download_test.go:1197\n","        \tError:      \tNot equal: \n","        \t            \texpected: \"Error in file operation: No minimum consensus for file meta data of file\"\n","        \t            \tactual  : \"Error in file operation: Error while getting file ref. Error: consensus_not_met: No minimum consensus for file meta data of file\"\n","        \t            \t\n","        \t            \tDiff:\n","        \t            \t--- Expected\n","        \t            \t+++ Actual\n","        \t            \t@@ -1 +1 @@\n","        \t            \t-Error in file operation: No minimum consensus for file meta data of file\n","        \t            \t+Error in file operation: Error while getting file ref. Error: consensus_not_met: No minimum consensus for file meta data of file\n","        \tTest:       \tTestDownload/Download_File_from_Other's_Allocation_Should_Fail\n","","","","","","    utils.go:152: Waiting 15s...\n","    zboxcli_file_download_test.go:1373: Downloading file...\n","    zboxcli_file_download_test.go:1197: \n","        \tError Trace:\t/root/actions-runner3/_work/system_test/system_test/tests/cli_tests/zboxcli_file_download_test.go:1197\n","        \tError:      \tNot equal: \n","        \t            \texpected: \"Error in file operation: No minimum consensus for file meta data of file\"\n","        \t            \tactual  : \"Error in file operation: Error while getting file ref. Error: consensus_not_met: No minimum consensus for file meta data of file\"\n","        \t            \t\n","        \t            \tDiff:\n","        \t            \t--- Expected\n","        \t            \t+++ Actual\n","        \t            \t@@ -1 +1 @@\n","        \t            \t-Error in file operation: No minimum consensus for file meta data of file\n","        \t            \t+Error in file operation: Error while getting file ref. Error: consensus_not_met: No minimum consensus for file meta data of file\n","        \tTest:       \tTestDownload/Download_File_from_Other's_Allocation_Should_Fail\n","","","","","","    utils.go:152: Waiting 15s...\n","    zboxcli_file_download_test.go:1373: Downloading file...\n","    zboxcli_file_download_test.go:1197: \n","        \tError Trace:\t/root/actions-runner3/_work/system_test/system_test/tests/cli_tests/zboxcli_file_download_test.go:1197\n","        \tError:      \tNot equal: \n","        \t            \texpected: \"Error in file operation: No minimum consensus for file meta data of file\"\n","        \t            \tactual  : \"Error in file operation: Error while getting file ref. Error: consensus_not_met: No minimum consensus for file meta data of file\"\n","        \t            \t\n","        \t            \tDiff:\n","        \t            \t--- Expected\n","        \t            \t+++ Actual\n","        \t            \t@@ -1 +1 @@\n","        \t            \t-Error in file operation: No minimum consensus for file meta data of file\n","        \t            \t+Error in file operation: Error while getting file ref. Error: consensus_not_met: No minimum consensus for file meta data of file\n","        \tTest:       \tTestDownload/Download_File_from_Other's_Allocation_Should_Fail\n",""],"Passed":false,"Skipped":false,"TestFileName":"","TestFunctionDetail":{"Line":0,"Col":0}}]},{"FailureIndicator":"","SkippedIndicator":"","TestResults":[{"TestName":"TestDownload/Download_File_from_Other's_Allocation_Should_Fail/Get_Other_Allocation_ID","Package":"github.com/0chain/system_test/tests/cli_tests","ElapsedTime":10.72,"Output":["","    zwalletcli_register_wallet_test.go:108: Registering wallet...\n","","    zboxcli_update_allocation_test.go:607: Executing faucet...\n","","    zboxcli_create_allocation_test.go:288: Creating new allocation...\n","","    zboxcli_file_upload_test.go:774: Uploading file...\n","--- PASS: TestDownload/Download_File_from_Other's_Allocation_Should_Fail/Get_Other_Allocation_ID (10.83s)","","","    zwalletcli_register_wallet_test.go:108: Registering wallet...\n","    zboxcli_update_allocation_test.go:607: Executing faucet...\n","    zboxcli_create_allocation_test.go:288: Creating new allocation...\n","    zboxcli_file_upload_test.go:774: Uploading file...\n","--- PASS: TestDownload/Download_File_from_Other's_Allocation_Should_Fail/Get_Other_Allocation_ID (10.86s)","","","    zwalletcli_register_wallet_test.go:108: Registering wallet...\n","    zboxcli_update_allocation_test.go:607: Executing faucet...\n","    zboxcli_create_allocation_test.go:288: Creating new allocation...\n","    zboxcli_file_upload_test.go:774: Uploading file...\n","--- PASS: TestDownload/Download_File_from_Other's_Allocation_Should_Fail/Get_Other_Allocation_ID (10.72s)",""],"Passed":true,"Skipped":false,"TestFileName":"","TestFunctionDetail":{"Line":0,"Col":0}}]},{"FailureIndicator":"failed","SkippedIndicator":"","TestResults":[{"TestName":"TestDownload/Download_File_from_Root_Directory_Should_Work","Package":"github.com/0chain/system_test/tests/cli_tests","ElapsedTime":29.72,"Output":["","","","","    zwalletcli_register_wallet_test.go:108: Registering wallet...\n","","    zboxcli_update_allocation_test.go:607: Executing faucet...\n","","    zboxcli_create_allocation_test.go:288: Creating new allocation...\n","","    zboxcli_download_token_test.go:124: Locking read tokens...\n","","    zboxcli_file_upload_test.go:774: Uploading file...\n","","    zboxcli_file_download_test.go:1389: Generating checksum for file [/tmp/W2RgjKjpnI_test.txt]...\n","    utils.go:152: Waiting 15s...\n","","    zboxcli_file_download_test.go:1373: Downloading file...\n","","    zboxcli_file_download_test.go:60: \n","        \tError Trace:\t/root/actions-runner3/_work/system_test/system_test/tests/cli_tests/zboxcli_file_download_test.go:60\n","        \tError:      \tNot equal: \n","        \t            \texpected: \"Status completed callback. Type = application/octet-stream. Name = W2RgjKjpnI_test.txt\"\n","        \t            \tactual  : \"Status completed callback. Type = . Name = W2RgjKjpnI_test.txt\"\n","        \t            \t\n","        \t            \tDiff:\n","        \t            \t--- Expected\n","        \t            \t+++ Actual\n","        \t            \t@@ -1 +1 @@\n","        \t            \t-Status completed callback. Type = application/octet-stream. Name = W2RgjKjpnI_test.txt\n","        \t            \t+Status completed callback. Type = . Name = W2RgjKjpnI_test.txt\n","        \tTest:       \tTestDownload/Download_File_from_Root_Directory_Should_Work\n","","","","","    zwalletcli_register_wallet_test.go:108: Registering wallet...\n","    zboxcli_update_allocation_test.go:607: Executing faucet...\n","    zboxcli_create_allocation_test.go:288: Creating new allocation...\n","    zboxcli_download_token_test.go:124: Locking read tokens...\n","    zboxcli_file_upload_test.go:774: Uploading file...\n","    zboxcli_file_download_test.go:1389: Generating checksum for file [/tmp/qMtHyUDupF_test.txt]...\n","    utils.go:152: Waiting 15s...\n","    zboxcli_file_download_test.go:1373: Downloading file...\n","    zboxcli_file_download_test.go:60: \n","        \tError Trace:\t/root/actions-runner3/_work/system_test/system_test/tests/cli_tests/zboxcli_file_download_test.go:60\n","        \tError:      \tNot equal: \n","        \t            \texpected: \"Status completed callback. Type = application/octet-stream. Name = qMtHyUDupF_test.txt\"\n","        \t            \tactual  : \"Status completed callback. Type = . Name = qMtHyUDupF_test.txt\"\n","        \t            \t\n","        \t            \tDiff:\n","        \t            \t--- Expected\n","        \t            \t+++ Actual\n","        \t            \t@@ -1 +1 @@\n","        \t            \t-Status completed callback. Type = application/octet-stream. Name = qMtHyUDupF_test.txt\n","        \t            \t+Status completed callback. Type = . Name = qMtHyUDupF_test.txt\n","        \tTest:       \tTestDownload/Download_File_from_Root_Directory_Should_Work\n","","","","","    zwalletcli_register_wallet_test.go:108: Registering wallet...\n","    zboxcli_update_allocation_test.go:607: Executing faucet...\n","    zboxcli_create_allocation_test.go:288: Creating new allocation...\n","    zboxcli_download_token_test.go:124: Locking read tokens...\n","    zboxcli_file_upload_test.go:774: Uploading file...\n","    zboxcli_file_download_test.go:1389: Generating checksum for file [/tmp/JEMTAL2SV0_test.txt]...\n","    utils.go:152: Waiting 15s...\n","    zboxcli_file_download_test.go:1373: Downloading file...\n","    zboxcli_file_download_test.go:60: \n","        \tError Trace:\t/root/actions-runner3/_work/system_test/system_test/tests/cli_tests/zboxcli_file_download_test.go:60\n","        \tError:      \tNot equal: \n","        \t            \texpected: \"Status completed callback. Type = application/octet-stream. Name = JEMTAL2SV0_test.txt\"\n","        \t            \tactual  : \"Status completed callback. Type = . Name = JEMTAL2SV0_test.txt\"\n","        \t            \t\n","        \t            \tDiff:\n","        \t            \t--- Expected\n","        \t            \t+++ Actual\n","        \t            \t@@ -1 +1 @@\n","        \t            \t-Status completed callback. Type = application/octet-stream. Name = JEMTAL2SV0_test.txt\n","        \t            \t+Status completed callback. Type = . Name = JEMTAL2SV0_test.txt\n","        \tTest:       \tTestDownload/Download_File_from_Root_Directory_Should_Work\n",""],"Passed":false,"Skipped":false,"TestFileName":"","TestFunctionDetail":{"Line":0,"Col":0}}]},{"FailureIndicator":"failed","SkippedIndicator":"","TestResults":[{"TestName":"TestDownload/Download_File_from_a_Directory_Should_Work","Package":"github.com/0chain/system_test/tests/cli_tests","ElapsedTime":29.41,"Output":["","","","    zwalletcli_register_wallet_test.go:108: Registering wallet...\n","","    zboxcli_update_allocation_test.go:607: Executing faucet...\n","","    zboxcli_create_allocation_test.go:288: Creating new allocation...\n","","    zboxcli_download_token_test.go:124: Locking read tokens...\n","","    zboxcli_file_upload_test.go:774: Uploading file...\n","","    zboxcli_file_download_test.go:1389: Generating checksum for file [/tmp/fz0wBH795v_test.txt]...\n","","    utils.go:152: Waiting 15s...\n","","    zboxcli_file_download_test.go:1373: Downloading file...\n","","    zboxcli_file_download_test.go:168: \n","        \tError Trace:\t/root/actions-runner3/_work/system_test/system_test/tests/cli_tests/zboxcli_file_download_test.go:168\n","        \tError:      \tNot equal: \n","        \t            \texpected: \"Status completed callback. Type = application/octet-stream. Name = fz0wBH795v_test.txt\"\n","        \t            \tactual  : \"Status completed callback. Type = . Name = fz0wBH795v_test.txt\"\n","        \t            \t\n","        \t            \tDiff:\n","        \t            \t--- Expected\n","        \t            \t+++ Actual\n","        \t            \t@@ -1 +1 @@\n","        \t            \t-Status completed callback. Type = application/octet-stream. Name = fz0wBH795v_test.txt\n","        \t            \t+Status completed callback. Type = . Name = fz0wBH795v_test.txt\n","        \tTest:       \tTestDownload/Download_File_from_a_Directory_Should_Work\n","","","","","    zwalletcli_register_wallet_test.go:108: Registering wallet...\n","    zboxcli_update_allocation_test.go:607: Executing faucet...\n","    zboxcli_create_allocation_test.go:288: Creating new allocation...\n","    zboxcli_download_token_test.go:124: Locking read tokens...\n","    zboxcli_file_upload_test.go:774: Uploading file...\n","    zboxcli_file_download_test.go:1389: Generating checksum for file [/tmp/YySNNEKMR-_test.txt]...\n","    utils.go:152: Waiting 15s...\n","    zboxcli_file_download_test.go:1373: Downloading file...\n","    zboxcli_file_download_test.go:168: \n","        \tError Trace:\t/root/actions-runner3/_work/system_test/system_test/tests/cli_tests/zboxcli_file_download_test.go:168\n","        \tError:      \tNot equal: \n","        \t            \texpected: \"Status completed callback. Type = application/octet-stream. Name = YySNNEKMR-_test.txt\"\n","        \t            \tactual  : \"Status completed callback. Type = . Name = YySNNEKMR-_test.txt\"\n","        \t            \t\n","        \t            \tDiff:\n","        \t            \t--- Expected\n","        \t            \t+++ Actual\n","        \t            \t@@ -1 +1 @@\n","        \t            \t-Status completed callback. Type = application/octet-stream. Name = YySNNEKMR-_test.txt\n","        \t            \t+Status completed callback. Type = . Name = YySNNEKMR-_test.txt\n","        \tTest:       \tTestDownload/Download_File_from_a_Directory_Should_Work\n","","","","","    zwalletcli_register_wallet_test.go:108: Registering wallet...\n","    zboxcli_update_allocation_test.go:607: Executing faucet...\n","    zboxcli_create_allocation_test.go:288: Creating new allocation...\n","    zboxcli_download_token_test.go:124: Locking read tokens...\n","    zboxcli_file_upload_test.go:774: Uploading file...\n","    zboxcli_file_download_test.go:1389: Generating checksum for file [/tmp/Sebv62R0AD_test.txt]...\n","    utils.go:152: Waiting 15s...\n","    zboxcli_file_download_test.go:1373: Downloading file...\n","    zboxcli_file_download_test.go:168: \n","        \tError Trace:\t/root/actions-runner3/_work/system_test/system_test/tests/cli_tests/zboxcli_file_download_test.go:168\n","        \tError:      \tNot equal: \n","        \t            \texpected: \"Status completed callback. Type = application/octet-stream. Name = Sebv62R0AD_test.txt\"\n","        \t            \tactual  : \"Status completed callback. Type = . Name = Sebv62R0AD_test.txt\"\n","        \t            \t\n","        \t            \tDiff:\n","        \t            \t--- Expected\n","        \t            \t+++ Actual\n","        \t            \t@@ -1 +1 @@\n","        \t            \t-Status completed callback. Type = application/octet-stream. Name = Sebv62R0AD_test.txt\n","        \t            \t+Status completed callback. Type = . Name = Sebv62R0AD_test.txt\n","        \tTest:       \tTestDownload/Download_File_from_a_Directory_Should_Work\n",""],"Passed":false,"Skipped":false,"TestFileName":"","TestFunctionDetail":{"Line":0,"Col":0}}]},{"FailureIndicator":"","SkippedIndicator":"","TestResults":[{"TestName":"TestDownload/Download_File_to_Existing_File_Should_Fail","Package":"github.com/0chain/system_test/tests/cli_tests","ElapsedTime":29.57,"Output":["","","","","    zwalletcli_register_wallet_test.go:108: Registering wallet...\n","","    zboxcli_update_allocation_test.go:607: Executing faucet...\n","","    zboxcli_create_allocation_test.go:288: Creating new allocation...\n","","    zboxcli_download_token_test.go:124: Locking read tokens...\n","","    zboxcli_file_upload_test.go:774: Uploading file...\n","","    utils.go:152: Waiting 15s...\n","","    zboxcli_file_download_test.go:1373: Downloading file...\n","--- PASS: TestDownload/Download_File_to_Existing_File_Should_Fail (29.57s)",""],"Passed":true,"Skipped":false,"TestFileName":"","TestFunctionDetail":{"Line":0,"Col":0}}]},{"FailureIndicator":"failed","SkippedIndicator":"","TestResults":[{"TestName":"TestDownload/Download_File_using_Expired_Allocation_Should_Fail","Package":"github.com/0chain/system_test/tests/cli_tests","ElapsedTime":32.85,"Output":["","","","    zwalletcli_register_wallet_test.go:108: Registering wallet...\n","","    zboxcli_update_allocation_test.go:607: Executing faucet...\n","","    zboxcli_create_allocation_test.go:288: Creating new allocation...\n","","    zboxcli_download_token_test.go:124: Locking read tokens...\n","","    zboxcli_file_upload_test.go:774: Uploading file...\n","    zboxcli_update_allocation_test.go:571: Updating allocation...\n","","    utils.go:152: Waiting 15s...\n","","    zboxcli_file_download_test.go:1373: Downloading file...\n","    zboxcli_file_download_test.go:1312: \n","        \tError Trace:\t/root/actions-runner3/_work/system_test/system_test/tests/cli_tests/zboxcli_file_download_test.go:1312\n","        \tError:      \tNot equal: \n","        \t            \texpected: \"Error in file operation: No minimum consensus for file meta data of file\"\n","        \t            \tactual  : \"Error in file operation: Error while getting file ref. Error: consensus_not_met: No minimum consensus for file meta data of file\"\n","        \t            \t\n","        \t            \tDiff:\n","        \t            \t--- Expected\n","        \t            \t+++ Actual\n","        \t            \t@@ -1 +1 @@\n","        \t            \t-Error in file operation: No minimum consensus for file meta data of file\n","        \t            \t+Error in file operation: Error while getting file ref. Error: consensus_not_met: No minimum consensus for file meta data of file\n","        \tTest:       \tTestDownload/Download_File_using_Expired_Allocation_Should_Fail\n","","","","","    zwalletcli_register_wallet_test.go:108: Registering wallet...\n","    zboxcli_update_allocation_test.go:607: Executing faucet...\n","    zboxcli_create_allocation_test.go:288: Creating new allocation...\n","    zboxcli_download_token_test.go:124: Locking read tokens...\n","    zboxcli_file_upload_test.go:774: Uploading file...\n","    zboxcli_update_allocation_test.go:571: Updating allocation...\n","    utils.go:152: Waiting 15s...\n","    zboxcli_file_download_test.go:1373: Downloading file...\n","    zboxcli_file_download_test.go:1312: \n","        \tError Trace:\t/root/actions-runner3/_work/system_test/system_test/tests/cli_tests/zboxcli_file_download_test.go:1312\n","        \tError:      \tNot equal: \n","        \t            \texpected: \"Error in file operation: No minimum consensus for file meta data of file\"\n","        \t            \tactual  : \"Error in file operation: Error while getting file ref. Error: consensus_not_met: No minimum consensus for file meta data of file\"\n","        \t            \t\n","        \t            \tDiff:\n","        \t            \t--- Expected\n","        \t            \t+++ Actual\n","        \t            \t@@ -1 +1 @@\n","        \t            \t-Error in file operation: No minimum consensus for file meta data of file\n","        \t            \t+Error in file operation: Error while getting file ref. Error: consensus_not_met: No minimum consensus for file meta data of file\n","        \tTest:       \tTestDownload/Download_File_using_Expired_Allocation_Should_Fail\n","","","","","    zwalletcli_register_wallet_test.go:108: Registering wallet...\n","    zboxcli_update_allocation_test.go:607: Executing faucet...\n","    zboxcli_create_allocation_test.go:288: Creating new allocation...\n","    zboxcli_download_token_test.go:124: Locking read tokens...\n","    zboxcli_file_upload_test.go:774: Uploading file...\n","    zboxcli_update_allocation_test.go:571: Updating allocation...\n","    utils.go:152: Waiting 15s...\n","    zboxcli_file_download_test.go:1373: Downloading file...\n","    zboxcli_file_download_test.go:1312: \n","        \tError Trace:\t/root/actions-runner3/_work/system_test/system_test/tests/cli_tests/zboxcli_file_download_test.go:1312\n","        \tError:      \tNot equal: \n","        \t            \texpected: \"Error in file operation: No minimum consensus for file meta data of file\"\n","        \t            \tactual  : \"Error in file operation: Error while getting file ref. Error: consensus_not_met: No minimum consensus for file meta data of file\"\n","        \t            \t\n","        \t            \tDiff:\n","        \t            \t--- Expected\n","        \t            \t+++ Actual\n","        \t            \t@@ -1 +1 @@\n","        \t            \t-Error in file operation: No minimum consensus for file meta data of file\n","        \t            \t+Error in file operation: Error while getting file ref. Error: consensus_not_met: No minimum consensus for file meta data of file\n","        \tTest:       \tTestDownload/Download_File_using_Expired_Allocation_Should_Fail\n",""],"Passed":false,"Skipped":false,"TestFileName":"","TestFunctionDetail":{"Line":0,"Col":0}}]},{"FailureIndicator":"failed","SkippedIndicator":"","TestResults":[{"TestName":"TestDownload/Download_From_Shared_Folder_by_Lookup_Hash_Should_Work","Package":"github.com/0chain/system_test/tests/cli_tests","ElapsedTime":40.29,"Output":["","","","","    zwalletcli_register_wallet_test.go:108: Registering wallet...\n","","    zboxcli_update_allocation_test.go:607: Executing faucet...\n","","    zboxcli_download_token_test.go:124: Locking read tokens...\n","","    utils.go:152: Waiting 15s...\n","","    zboxcli_file_download_test.go:1373: Downloading file...\n","    zboxcli_file_download_test.go:597: \n","        \tError Trace:\t/root/actions-runner3/_work/system_test/system_test/tests/cli_tests/zboxcli_file_download_test.go:597\n","        \tError:      \tNot equal: \n","        \t            \texpected: \"Status completed callback. Type = application/octet-stream. Name = GfTszY3f5L_test.txt\"\n","        \t            \tactual  : \"Status completed callback. Type = . Name = GfTszY3f5L_test.txt\"\n","        \t            \t\n","        \t            \tDiff:\n","        \t            \t--- Expected\n","        \t            \t+++ Actual\n","        \t            \t@@ -1 +1 @@\n","        \t            \t-Status completed callback. Type = application/octet-stream. Name = GfTszY3f5L_test.txt\n","        \t            \t+Status completed callback. Type = . Name = GfTszY3f5L_test.txt\n","        \tTest:       \tTestDownload/Download_From_Shared_Folder_by_Lookup_Hash_Should_Work\n","","","","","","    zwalletcli_register_wallet_test.go:108: Registering wallet...\n","    zboxcli_update_allocation_test.go:607: Executing faucet...\n","    zboxcli_download_token_test.go:124: Locking read tokens...\n","    utils.go:152: Waiting 15s...\n","    zboxcli_file_download_test.go:1373: Downloading file...\n","    zboxcli_file_download_test.go:597: \n","        \tError Trace:\t/root/actions-runner3/_work/system_test/system_test/tests/cli_tests/zboxcli_file_download_test.go:597\n","        \tError:      \tNot equal: \n","        \t            \texpected: \"Status completed callback. Type = application/octet-stream. Name = CSl4eIbbsI_test.txt\"\n","        \t            \tactual  : \"Status completed callback. Type = . Name = CSl4eIbbsI_test.txt\"\n","        \t            \t\n","        \t            \tDiff:\n","        \t            \t--- Expected\n","        \t            \t+++ Actual\n","        \t            \t@@ -1 +1 @@\n","        \t            \t-Status completed callback. Type = application/octet-stream. Name = CSl4eIbbsI_test.txt\n","        \t            \t+Status completed callback. Type = . Name = CSl4eIbbsI_test.txt\n","        \tTest:       \tTestDownload/Download_From_Shared_Folder_by_Lookup_Hash_Should_Work\n","","","","","","    zwalletcli_register_wallet_test.go:108: Registering wallet...\n","    zboxcli_update_allocation_test.go:607: Executing faucet...\n","    zboxcli_download_token_test.go:124: Locking read tokens...\n","    utils.go:152: Waiting 15s...\n","    zboxcli_file_download_test.go:1373: Downloading file...\n","    zboxcli_file_download_test.go:597: \n","        \tError Trace:\t/root/actions-runner3/_work/system_test/system_test/tests/cli_tests/zboxcli_file_download_test.go:597\n","        \tError:      \tNot equal: \n","        \t            \texpected: \"Status completed callback. Type = application/octet-stream. Name = mG-M19sqgy_test.txt\"\n","        \t            \tactual  : \"Status completed callback. Type = . Name = mG-M19sqgy_test.txt\"\n","        \t            \t\n","        \t            \tDiff:\n","        \t            \t--- Expected\n","        \t            \t+++ Actual\n","        \t            \t@@ -1 +1 @@\n","        \t            \t-Status completed callback. Type = application/octet-stream. Name = mG-M19sqgy_test.txt\n","        \t            \t+Status completed callback. Type = . Name = mG-M19sqgy_test.txt\n","        \tTest:       \tTestDownload/Download_From_Shared_Folder_by_Lookup_Hash_Should_Work\n",""],"Passed":false,"Skipped":false,"TestFileName":"","TestFunctionDetail":{"Line":0,"Col":0}}]},{"FailureIndicator":"","SkippedIndicator":"","TestResults":[{"TestName":"TestDownload/Download_From_Shared_Folder_by_Lookup_Hash_Should_Work/Share_File_from_Another_Wallet","Package":"github.com/0chain/system_test/tests/cli_tests","ElapsedTime":14.7,"Output":["","    zwalletcli_register_wallet_test.go:108: Registering wallet...\n","","    zboxcli_update_allocation_test.go:607: Executing faucet...\n","","    zboxcli_create_allocation_test.go:288: Creating new allocation...\n","","    zboxcli_download_token_test.go:124: Locking read tokens...\n","","    zboxcli_file_upload_test.go:774: Uploading file...\n","","    zboxcli_file_download_test.go:1389: Generating checksum for file [/tmp/GfTszY3f5L_test.txt]...\n","","    zboxcli_list_file_system_test.go:642: Sharing file/folder...\n","--- PASS: TestDownload/Download_From_Shared_Folder_by_Lookup_Hash_Should_Work/Share_File_from_Another_Wallet (14.53s)","","","    zwalletcli_register_wallet_test.go:108: Registering wallet...\n","    zboxcli_update_allocation_test.go:607: Executing faucet...\n","    zboxcli_create_allocation_test.go:288: Creating new allocation...\n","    zboxcli_download_token_test.go:124: Locking read tokens...\n","    zboxcli_file_upload_test.go:774: Uploading file...\n","    zboxcli_file_download_test.go:1389: Generating checksum for file [/tmp/CSl4eIbbsI_test.txt]...\n","    zboxcli_list_file_system_test.go:642: Sharing file/folder...\n","--- PASS: TestDownload/Download_From_Shared_Folder_by_Lookup_Hash_Should_Work/Share_File_from_Another_Wallet (14.73s)","","","    zwalletcli_register_wallet_test.go:108: Registering wallet...\n","    zboxcli_update_allocation_test.go:607: Executing faucet...\n","    zboxcli_create_allocation_test.go:288: Creating new allocation...\n","    zboxcli_download_token_test.go:124: Locking read tokens...\n","    zboxcli_file_upload_test.go:774: Uploading file...\n","    zboxcli_file_download_test.go:1389: Generating checksum for file [/tmp/mG-M19sqgy_test.txt]...\n","    zboxcli_list_file_system_test.go:642: Sharing file/folder...\n","--- PASS: TestDownload/Download_From_Shared_Folder_by_Lookup_Hash_Should_Work/Share_File_from_Another_Wallet (14.70s)",""],"Passed":true,"Skipped":false,"TestFileName":"","TestFunctionDetail":{"Line":0,"Col":0}}]},{"FailureIndicator":"failed","SkippedIndicator":"","TestResults":[{"TestName":"TestDownload/Download_From_Shared_Folder_by_Remotepath_Should_Work","Package":"github.com/0chain/system_test/tests/cli_tests","ElapsedTime":40.02,"Output":["","","","","    zwalletcli_register_wallet_test.go:108: Registering wallet...\n","","    zboxcli_update_allocation_test.go:607: Executing faucet...\n","","    zboxcli_download_token_test.go:124: Locking read tokens...\n","","    utils.go:152: Waiting 15s...\n","","    zboxcli_file_download_test.go:1373: Downloading file...\n","    zboxcli_file_download_test.go:533: \n","        \tError Trace:\t/root/actions-runner3/_work/system_test/system_test/tests/cli_tests/zboxcli_file_download_test.go:533\n","        \tError:      \tNot equal: \n","        \t            \texpected: \"Status completed callback. Type = application/octet-stream. Name = IUZPzMDeoV_test.txt\"\n","        \t            \tactual  : \"Status completed callback. Type = . Name = IUZPzMDeoV_test.txt\"\n","        \t            \t\n","        \t            \tDiff:\n","        \t            \t--- Expected\n","        \t            \t+++ Actual\n","        \t            \t@@ -1 +1 @@\n","        \t            \t-Status completed callback. Type = application/octet-stream. Name = IUZPzMDeoV_test.txt\n","        \t            \t+Status completed callback. Type = . Name = IUZPzMDeoV_test.txt\n","        \tTest:       \tTestDownload/Download_From_Shared_Folder_by_Remotepath_Should_Work\n","","","","","","    zwalletcli_register_wallet_test.go:108: Registering wallet...\n","    zboxcli_update_allocation_test.go:607: Executing faucet...\n","    zboxcli_download_token_test.go:124: Locking read tokens...\n","    utils.go:152: Waiting 15s...\n","    zboxcli_file_download_test.go:1373: Downloading file...\n","    zboxcli_file_download_test.go:533: \n","        \tError Trace:\t/root/actions-runner3/_work/system_test/system_test/tests/cli_tests/zboxcli_file_download_test.go:533\n","        \tError:      \tNot equal: \n","        \t            \texpected: \"Status completed callback. Type = application/octet-stream. Name = mcabh8aU0o_test.txt\"\n","        \t            \tactual  : \"Status completed callback. Type = . Name = mcabh8aU0o_test.txt\"\n","        \t            \t\n","        \t            \tDiff:\n","        \t            \t--- Expected\n","        \t            \t+++ Actual\n","        \t            \t@@ -1 +1 @@\n","        \t            \t-Status completed callback. Type = application/octet-stream. Name = mcabh8aU0o_test.txt\n","        \t            \t+Status completed callback. Type = . Name = mcabh8aU0o_test.txt\n","        \tTest:       \tTestDownload/Download_From_Shared_Folder_by_Remotepath_Should_Work\n","","","","","","    zwalletcli_register_wallet_test.go:108: Registering wallet...\n","    zboxcli_update_allocation_test.go:607: Executing faucet...\n","    zboxcli_download_token_test.go:124: Locking read tokens...\n","    utils.go:152: Waiting 15s...\n","    zboxcli_file_download_test.go:1373: Downloading file...\n","    zboxcli_file_download_test.go:533: \n","        \tError Trace:\t/root/actions-runner3/_work/system_test/system_test/tests/cli_tests/zboxcli_file_download_test.go:533\n","        \tError:      \tNot equal: \n","        \t            \texpected: \"Status completed callback. Type = application/octet-stream. Name = sRD3Bjhuhn_test.txt\"\n","        \t            \tactual  : \"Status completed callback. Type = . Name = sRD3Bjhuhn_test.txt\"\n","        \t            \t\n","        \t            \tDiff:\n","        \t            \t--- Expected\n","        \t            \t+++ Actual\n","        \t            \t@@ -1 +1 @@\n","        \t            \t-Status completed callback. Type = application/octet-stream. Name = sRD3Bjhuhn_test.txt\n","        \t            \t+Status completed callback. Type = . Name = sRD3Bjhuhn_test.txt\n","        \tTest:       \tTestDownload/Download_From_Shared_Folder_by_Remotepath_Should_Work\n",""],"Passed":false,"Skipped":false,"TestFileName":"","TestFunctionDetail":{"Line":0,"Col":0}}]},{"FailureIndicator":"","SkippedIndicator":"","TestResults":[{"TestName":"TestDownload/Download_From_Shared_Folder_by_Remotepath_Should_Work/Share_File_from_Another_Wallet","Package":"github.com/0chain/system_test/tests/cli_tests","ElapsedTime":14.53,"Output":["","","    zwalletcli_register_wallet_test.go:108: Registering wallet...\n","","    zboxcli_update_allocation_test.go:607: Executing faucet...\n","","    zboxcli_create_allocation_test.go:288: Creating new allocation...\n","","    zboxcli_download_token_test.go:124: Locking read tokens...\n","","    zboxcli_file_upload_test.go:774: Uploading file...\n","","    zboxcli_file_download_test.go:1389: Generating checksum for file [/tmp/IUZPzMDeoV_test.txt]...\n","","    zboxcli_list_file_system_test.go:642: Sharing file/folder...\n","--- PASS: TestDownload/Download_From_Shared_Folder_by_Remotepath_Should_Work/Share_File_from_Another_Wallet (14.54s)","","","    zwalletcli_register_wallet_test.go:108: Registering wallet...\n","    zboxcli_update_allocation_test.go:607: Executing faucet...\n","    zboxcli_create_allocation_test.go:288: Creating new allocation...\n","    zboxcli_download_token_test.go:124: Locking read tokens...\n","    zboxcli_file_upload_test.go:774: Uploading file...\n","    zboxcli_file_download_test.go:1389: Generating checksum for file [/tmp/mcabh8aU0o_test.txt]...\n","    zboxcli_list_file_system_test.go:642: Sharing file/folder...\n","--- PASS: TestDownload/Download_From_Shared_Folder_by_Remotepath_Should_Work/Share_File_from_Another_Wallet (14.53s)","","","    zwalletcli_register_wallet_test.go:108: Registering wallet...\n","    zboxcli_update_allocation_test.go:607: Executing faucet...\n","    zboxcli_create_allocation_test.go:288: Creating new allocation...\n","    zboxcli_download_token_test.go:124: Locking read tokens...\n","    zboxcli_file_upload_test.go:774: Uploading file...\n","    zboxcli_file_download_test.go:1389: Generating checksum for file [/tmp/sRD3Bjhuhn_test.txt]...\n","    zboxcli_list_file_system_test.go:642: Sharing file/folder...\n","--- PASS: TestDownload/Download_From_Shared_Folder_by_Remotepath_Should_Work/Share_File_from_Another_Wallet (14.53s)",""],"Passed":true,"Skipped":false,"TestFileName":"","TestFunctionDetail":{"Line":0,"Col":0}}]},{"FailureIndicator":"failed","SkippedIndicator":"","TestResults":[{"TestName":"TestDownload/Download_Non-Existent_File_Should_Fail","Package":"github.com/0chain/system_test/tests/cli_tests","ElapsedTime":29.59,"Output":["","","","    zwalletcli_register_wallet_test.go:108: Registering wallet...\n","","    zboxcli_update_allocation_test.go:607: Executing faucet...\n","","    zboxcli_create_allocation_test.go:288: Creating new allocation...\n","    zboxcli_download_token_test.go:124: Locking read tokens...\n","","    utils.go:152: Waiting 15s...\n","","    zboxcli_file_download_test.go:1373: Downloading file...\n","","    zboxcli_file_download_test.go:1218: \n","        \tError Trace:\t/root/actions-runner3/_work/system_test/system_test/tests/cli_tests/zboxcli_file_download_test.go:1218\n","        \tError:      \tNot equal: \n","        \t            \texpected: \"Error in file operation: No minimum consensus for file meta data of file\"\n","        \t            \tactual  : \"Error in file operation: Error while getting file ref. Error: consensus_not_met: No minimum consensus for file meta data of file\"\n","        \t            \t\n","        \t            \tDiff:\n","        \t            \t--- Expected\n","        \t            \t+++ Actual\n","        \t            \t@@ -1 +1 @@\n","        \t            \t-Error in file operation: No minimum consensus for file meta data of file\n","        \t            \t+Error in file operation: Error while getting file ref. Error: consensus_not_met: No minimum consensus for file meta data of file\n","        \tTest:       \tTestDownload/Download_Non-Existent_File_Should_Fail\n","","","","","    zwalletcli_register_wallet_test.go:108: Registering wallet...\n","    zboxcli_update_allocation_test.go:607: Executing faucet...\n","    zboxcli_create_allocation_test.go:288: Creating new allocation...\n","    zboxcli_download_token_test.go:124: Locking read tokens...\n","    utils.go:152: Waiting 15s...\n","    zboxcli_file_download_test.go:1373: Downloading file...\n","    zboxcli_file_download_test.go:1218: \n","        \tError Trace:\t/root/actions-runner3/_work/system_test/system_test/tests/cli_tests/zboxcli_file_download_test.go:1218\n","        \tError:      \tNot equal: \n","        \t            \texpected: \"Error in file operation: No minimum consensus for file meta data of file\"\n","        \t            \tactual  : \"Error in file operation: Error while getting file ref. Error: consensus_not_met: No minimum consensus for file meta data of file\"\n","        \t            \t\n","        \t            \tDiff:\n","        \t            \t--- Expected\n","        \t            \t+++ Actual\n","        \t            \t@@ -1 +1 @@\n","        \t            \t-Error in file operation: No minimum consensus for file meta data of file\n","        \t            \t+Error in file operation: Error while getting file ref. Error: consensus_not_met: No minimum consensus for file meta data of file\n","        \tTest:       \tTestDownload/Download_Non-Existent_File_Should_Fail\n","","","","","    zwalletcli_register_wallet_test.go:108: Registering wallet...\n","    zboxcli_update_allocation_test.go:607: Executing faucet...\n","    zboxcli_create_allocation_test.go:288: Creating new allocation...\n","    zboxcli_download_token_test.go:124: Locking read tokens...\n","    utils.go:152: Waiting 15s...\n","    zboxcli_file_download_test.go:1373: Downloading file...\n","    zboxcli_file_download_test.go:1218: \n","        \tError Trace:\t/root/actions-runner3/_work/system_test/system_test/tests/cli_tests/zboxcli_file_download_test.go:1218\n","        \tError:      \tNot equal: \n","        \t            \texpected: \"Error in file operation: No minimum consensus for file meta data of file\"\n","        \t            \tactual  : \"Error in file operation: Error while getting file ref. Error: consensus_not_met: No minimum consensus for file meta data of file\"\n","        \t            \t\n","        \t            \tDiff:\n","        \t            \t--- Expected\n","        \t            \t+++ Actual\n","        \t            \t@@ -1 +1 @@\n","        \t            \t-Error in file operation: No minimum consensus for file meta data of file\n","        \t            \t+Error in file operation: Error while getting file ref. Error: consensus_not_met: No minimum consensus for file meta data of file\n","        \tTest:       \tTestDownload/Download_Non-Existent_File_Should_Fail\n",""],"Passed":false,"Skipped":false,"TestFileName":"","TestFunctionDetail":{"Line":0,"Col":0}}]},{"FailureIndicator":"failed","SkippedIndicator":"","TestResults":[{"TestName":"TestDownload/Download_Shared_Encrypted_File_Should_Work","Package":"github.com/0chain/system_test/tests/cli_tests","ElapsedTime":40.11,"Output":["","","","","    zwalletcli_register_wallet_test.go:108: Registering wallet...\n","","    zboxcli_update_allocation_test.go:607: Executing faucet...\n","","    zboxcli_download_token_test.go:124: Locking read tokens...\n","","    zwalletcli_register_wallet_test.go:167: Getting wallet...\n","","    utils.go:152: Waiting 15s...\n","","    zboxcli_file_download_test.go:1373: Downloading file...\n","    zboxcli_file_download_test.go:463: \n","        \tError Trace:\t/root/actions-runner3/_work/system_test/system_test/tests/cli_tests/zboxcli_file_download_test.go:463\n","        \tError:      \tNot equal: \n","        \t            \texpected: \"Status completed callback. Type = application/octet-stream. Name = bgHAE4vX7L_test.txt\"\n","        \t            \tactual  : \"Status completed callback. Type = . Name = bgHAE4vX7L_test.txt\"\n","        \t            \t\n","        \t            \tDiff:\n","        \t            \t--- Expected\n","        \t            \t+++ Actual\n","        \t            \t@@ -1 +1 @@\n","        \t            \t-Status completed callback. Type = application/octet-stream. Name = bgHAE4vX7L_test.txt\n","        \t            \t+Status completed callback. Type = . Name = bgHAE4vX7L_test.txt\n","        \tTest:       \tTestDownload/Download_Shared_Encrypted_File_Should_Work\n","","","","","    zwalletcli_register_wallet_test.go:108: Registering wallet...\n","    zboxcli_update_allocation_test.go:607: Executing faucet...\n","    zboxcli_download_token_test.go:124: Locking read tokens...\n","    zwalletcli_register_wallet_test.go:167: Getting wallet...\n","","    utils.go:152: Waiting 15s...\n","    zboxcli_file_download_test.go:1373: Downloading file...\n","    zboxcli_file_download_test.go:463: \n","        \tError Trace:\t/root/actions-runner3/_work/system_test/system_test/tests/cli_tests/zboxcli_file_download_test.go:463\n","        \tError:      \tNot equal: \n","        \t            \texpected: \"Status completed callback. Type = application/octet-stream. Name = eFBci6ZgMO_test.txt\"\n","        \t            \tactual  : \"Status completed callback. Type = . Name = eFBci6ZgMO_test.txt\"\n","        \t            \t\n","        \t            \tDiff:\n","        \t            \t--- Expected\n","        \t            \t+++ Actual\n","        \t            \t@@ -1 +1 @@\n","        \t            \t-Status completed callback. Type = application/octet-stream. Name = eFBci6ZgMO_test.txt\n","        \t            \t+Status completed callback. Type = . Name = eFBci6ZgMO_test.txt\n","        \tTest:       \tTestDownload/Download_Shared_Encrypted_File_Should_Work\n","","","","","    zwalletcli_register_wallet_test.go:108: Registering wallet...\n","    zboxcli_update_allocation_test.go:607: Executing faucet...\n","    zboxcli_download_token_test.go:124: Locking read tokens...\n","    zwalletcli_register_wallet_test.go:167: Getting wallet...\n","","    utils.go:152: Waiting 15s...\n","    zboxcli_file_download_test.go:1373: Downloading file...\n","    zboxcli_file_download_test.go:463: \n","        \tError Trace:\t/root/actions-runner3/_work/system_test/system_test/tests/cli_tests/zboxcli_file_download_test.go:463\n","        \tError:      \tNot equal: \n","        \t            \texpected: \"Status completed callback. Type = application/octet-stream. Name = NdO2xamcpe_test.txt\"\n","        \t            \tactual  : \"Status completed callback. Type = . Name = NdO2xamcpe_test.txt\"\n","        \t            \t\n","        \t            \tDiff:\n","        \t            \t--- Expected\n","        \t            \t+++ Actual\n","        \t            \t@@ -1 +1 @@\n","        \t            \t-Status completed callback. Type = application/octet-stream. Name = NdO2xamcpe_test.txt\n","        \t            \t+Status completed callback. Type = . Name = NdO2xamcpe_test.txt\n","        \tTest:       \tTestDownload/Download_Shared_Encrypted_File_Should_Work\n",""],"Passed":false,"Skipped":false,"TestFileName":"","TestFunctionDetail":{"Line":0,"Col":0}}]},{"FailureIndicator":"","SkippedIndicator":"","TestResults":[{"TestName":"TestDownload/Download_Shared_Encrypted_File_Should_Work/Share_File_from_Another_Wallet","Package":"github.com/0chain/system_test/tests/cli_tests","ElapsedTime":14.45,"Output":["","    zwalletcli_register_wallet_test.go:108: Registering wallet...\n","","    zboxcli_update_allocation_test.go:607: Executing faucet...\n","","    zboxcli_create_allocation_test.go:288: Creating new allocation...\n","","    zboxcli_download_token_test.go:124: Locking read tokens...\n","","    zboxcli_file_upload_test.go:774: Uploading file...\n","    zboxcli_list_file_system_test.go:642: Sharing file/folder...\n","--- PASS: TestDownload/Download_Shared_Encrypted_File_Should_Work/Share_File_from_Another_Wallet (14.52s)","","","    zwalletcli_register_wallet_test.go:108: Registering wallet...\n","    zboxcli_update_allocation_test.go:607: Executing faucet...\n","    zboxcli_create_allocation_test.go:288: Creating new allocation...\n","    zboxcli_download_token_test.go:124: Locking read tokens...\n","    zboxcli_file_upload_test.go:774: Uploading file...\n","    zboxcli_list_file_system_test.go:642: Sharing file/folder...\n","--- PASS: TestDownload/Download_Shared_Encrypted_File_Should_Work/Share_File_from_Another_Wallet (14.51s)","","","    zwalletcli_register_wallet_test.go:108: Registering wallet...\n","    zboxcli_update_allocation_test.go:607: Executing faucet...\n","    zboxcli_create_allocation_test.go:288: Creating new allocation...\n","    zboxcli_download_token_test.go:124: Locking read tokens...\n","    zboxcli_file_upload_test.go:774: Uploading file...\n","    zboxcli_list_file_system_test.go:642: Sharing file/folder...\n","--- PASS: TestDownload/Download_Shared_Encrypted_File_Should_Work/Share_File_from_Another_Wallet (14.45s)",""],"Passed":true,"Skipped":false,"TestFileName":"","TestFunctionDetail":{"Line":0,"Col":0}}]},{"FailureIndicator":"failed","SkippedIndicator":"","TestResults":[{"TestName":"TestDownload/Download_Shared_File_Should_Work","Package":"github.com/0chain/system_test/tests/cli_tests","ElapsedTime":40.06,"Output":["","","","","    zwalletcli_register_wallet_test.go:108: Registering wallet...\n","","    zboxcli_update_allocation_test.go:607: Executing faucet...\n","","    zboxcli_download_token_test.go:124: Locking read tokens...\n","","    utils.go:152: Waiting 15s...\n","","    zboxcli_file_download_test.go:1373: Downloading file...\n","","    zboxcli_file_download_test.go:347: \n","        \tError Trace:\t/root/actions-runner3/_work/system_test/system_test/tests/cli_tests/zboxcli_file_download_test.go:347\n","        \tError:      \tNot equal: \n","        \t            \texpected: \"Status completed callback. Type = application/octet-stream. Name = IusjcynT0B_test.txt\"\n","        \t            \tactual  : \"Status completed callback. Type = . Name = IusjcynT0B_test.txt\"\n","        \t            \t\n","        \t            \tDiff:\n","        \t            \t--- Expected\n","        \t            \t+++ Actual\n","        \t            \t@@ -1 +1 @@\n","        \t            \t-Status completed callback. Type = application/octet-stream. Name = IusjcynT0B_test.txt\n","        \t            \t+Status completed callback. Type = . Name = IusjcynT0B_test.txt\n","        \tTest:       \tTestDownload/Download_Shared_File_Should_Work\n","","","","","","    zwalletcli_register_wallet_test.go:108: Registering wallet...\n","    zboxcli_update_allocation_test.go:607: Executing faucet...\n","    zboxcli_download_token_test.go:124: Locking read tokens...\n","    utils.go:152: Waiting 15s...\n","    zboxcli_file_download_test.go:1373: Downloading file...\n","    zboxcli_file_download_test.go:347: \n","        \tError Trace:\t/root/actions-runner3/_work/system_test/system_test/tests/cli_tests/zboxcli_file_download_test.go:347\n","        \tError:      \tNot equal: \n","        \t            \texpected: \"Status completed callback. Type = application/octet-stream. Name = Fs-UqyPPwV_test.txt\"\n","        \t            \tactual  : \"Status completed callback. Type = . Name = Fs-UqyPPwV_test.txt\"\n","        \t            \t\n","        \t            \tDiff:\n","        \t            \t--- Expected\n","        \t            \t+++ Actual\n","        \t            \t@@ -1 +1 @@\n","        \t            \t-Status completed callback. Type = application/octet-stream. Name = Fs-UqyPPwV_test.txt\n","        \t            \t+Status completed callback. Type = . Name = Fs-UqyPPwV_test.txt\n","        \tTest:       \tTestDownload/Download_Shared_File_Should_Work\n","","","","","","    zwalletcli_register_wallet_test.go:108: Registering wallet...\n","    zboxcli_update_allocation_test.go:607: Executing faucet...\n","    zboxcli_download_token_test.go:124: Locking read tokens...\n","    utils.go:152: Waiting 15s...\n","    zboxcli_file_download_test.go:1373: Downloading file...\n","    zboxcli_file_download_test.go:347: \n","        \tError Trace:\t/root/actions-runner3/_work/system_test/system_test/tests/cli_tests/zboxcli_file_download_test.go:347\n","        \tError:      \tNot equal: \n","        \t            \texpected: \"Status completed callback. Type = application/octet-stream. Name = tq8unlD-t9_test.txt\"\n","        \t            \tactual  : \"Status completed callback. Type = . Name = tq8unlD-t9_test.txt\"\n","        \t            \t\n","        \t            \tDiff:\n","        \t            \t--- Expected\n","        \t            \t+++ Actual\n","        \t            \t@@ -1 +1 @@\n","        \t            \t-Status completed callback. Type = application/octet-stream. Name = tq8unlD-t9_test.txt\n","        \t            \t+Status completed callback. Type = . Name = tq8unlD-t9_test.txt\n","        \tTest:       \tTestDownload/Download_Shared_File_Should_Work\n",""],"Passed":false,"Skipped":false,"TestFileName":"","TestFunctionDetail":{"Line":0,"Col":0}}]},{"FailureIndicator":"","SkippedIndicator":"","TestResults":[{"TestName":"TestDownload/Download_Shared_File_Should_Work/Share_File_from_Another_Wallet","Package":"github.com/0chain/system_test/tests/cli_tests","ElapsedTime":14.49,"Output":["","    zwalletcli_register_wallet_test.go:108: Registering wallet...\n","","    zboxcli_update_allocation_test.go:607: Executing faucet...\n","","    zboxcli_create_allocation_test.go:288: Creating new allocation...\n","","    zboxcli_download_token_test.go:124: Locking read tokens...\n","","    zboxcli_file_upload_test.go:774: Uploading file...\n","","    zboxcli_file_download_test.go:1389: Generating checksum for file [/tmp/IusjcynT0B_test.txt]...\n","","    zboxcli_list_file_system_test.go:642: Sharing file/folder...\n","--- PASS: TestDownload/Download_Shared_File_Should_Work/Share_File_from_Another_Wallet (14.67s)","","","    zwalletcli_register_wallet_test.go:108: Registering wallet...\n","    zboxcli_update_allocation_test.go:607: Executing faucet...\n","    zboxcli_create_allocation_test.go:288: Creating new allocation...\n","    zboxcli_download_token_test.go:124: Locking read tokens...\n","    zboxcli_file_upload_test.go:774: Uploading file...\n","    zboxcli_file_download_test.go:1389: Generating checksum for file [/tmp/Fs-UqyPPwV_test.txt]...\n","    zboxcli_list_file_system_test.go:642: Sharing file/folder...\n","--- PASS: TestDownload/Download_Shared_File_Should_Work/Share_File_from_Another_Wallet (14.38s)","","","    zwalletcli_register_wallet_test.go:108: Registering wallet...\n","    zboxcli_update_allocation_test.go:607: Executing faucet...\n","    zboxcli_create_allocation_test.go:288: Creating new allocation...\n","    zboxcli_download_token_test.go:124: Locking read tokens...\n","    zboxcli_file_upload_test.go:774: Uploading file...\n","    zboxcli_file_download_test.go:1389: Generating checksum for file [/tmp/tq8unlD-t9_test.txt]...\n","    zboxcli_list_file_system_test.go:642: Sharing file/folder...\n","--- PASS: TestDownload/Download_Shared_File_Should_Work/Share_File_from_Another_Wallet (14.49s)",""],"Passed":true,"Skipped":false,"TestFileName":"","TestFunctionDetail":{"Line":0,"Col":0}}]},{"FailureIndicator":"","SkippedIndicator":"","TestResults":[{"TestName":"TestDownload/Download_Shared_File_by_Paying_Should_Work","Package":"github.com/0chain/system_test/tests/cli_tests","ElapsedTime":36.73,"Output":["","","","","    zwalletcli_register_wallet_test.go:108: Registering wallet...\n","","    zboxcli_update_allocation_test.go:607: Executing faucet...\n","","    zboxcli_download_token_test.go:124: Locking read tokens...\n","","    utils.go:152: Waiting 15s...\n","","    zboxcli_file_download_test.go:1373: Downloading file...\n","--- PASS: TestDownload/Download_Shared_File_by_Paying_Should_Work (36.73s)",""],"Passed":true,"Skipped":false,"TestFileName":"","TestFunctionDetail":{"Line":0,"Col":0}}]},{"FailureIndicator":"","SkippedIndicator":"","TestResults":[{"TestName":"TestDownload/Download_Shared_File_by_Paying_Should_Work/Share_File_from_Another_Wallet","Package":"github.com/0chain/system_test/tests/cli_tests","ElapsedTime":11.24,"Output":["","    zwalletcli_register_wallet_test.go:108: Registering wallet...\n","","    zboxcli_update_allocation_test.go:607: Executing faucet...\n","","    zboxcli_create_allocation_test.go:288: Creating new allocation...\n","","    zboxcli_file_upload_test.go:774: Uploading file...\n","","    zboxcli_list_file_system_test.go:642: Sharing file/folder...\n","--- PASS: TestDownload/Download_Shared_File_by_Paying_Should_Work/Share_File_from_Another_Wallet (11.24s)",""],"Passed":true,"Skipped":false,"TestFileName":"","TestFunctionDetail":{"Line":0,"Col":0}}]},{"FailureIndicator":"","SkippedIndicator":"","TestResults":[{"TestName":"TestDownload/Download_Shared_File_without_Paying_Should_Not_Work","Package":"github.com/0chain/system_test/tests/cli_tests","ElapsedTime":38.66,"Output":["","","","","    zwalletcli_register_wallet_test.go:108: Registering wallet...\n","","    utils.go:152: Waiting 15s...\n","","    zboxcli_file_download_test.go:1373: Downloading file...\n","    utils.go:66: \u001b[33mCommand failed on attempt [1/3] due to error [exit status 1]. Output: [0 / 10    0.00% 0 / 10    0.00% 0s -\u003cNEWLINE\u003e- Error in file operation: Download failed for block 1. -\u003cNEWLINE\u003e- download_failed: 3 failed blobbers exceeded 2 remaining blobbers. Download errors: Error Unsuccessful download. Error: response_error: download_file: pre-redeeming read marker: read_pre_redeem: not enough tokens in client's read pools associated with the allocation-\u003eblobber from https://demo.0chain.net/blobber04 Error Unsuccessful download. Error: response_error: download_file: pre-redeeming read marker: read_pre_redeem: not enough tokens in client's read pools associated with the allocation-\u003eblobber from https://demo.0chain.net/blobber02 Error Unsuccessful download. Error: response_error: download_file: pre-redeeming read marker: read_pre_redeem: not enough tokens in client's read pools associated with the allocation-\u003eblobber from https://demo.0chain.net/blobber05]\n","    utils.go:66: \u001b[33mCommand failed on attempt [2/3] due to error [exit status 1]. Output: [0 / 10    0.00% 0 / 10    0.00% 0s -\u003cNEWLINE\u003e- Error in file operation: Download failed for block 1. -\u003cNEWLINE\u003e- download_failed: 3 failed blobbers exceeded 2 remaining blobbers. Download errors: Error Unsuccessful download. Error: response_error: download_file: pre-redeeming read marker: read_pre_redeem: not enough tokens in client's read pools associated with the allocation-\u003eblobber from https://demo.0chain.net/blobber04 Error Unsuccessful download. Error: response_error: download_file: pre-redeeming read marker: read_pre_redeem: not enough tokens in client's read pools associated with the allocation-\u003eblobber from https://demo.0chain.net/blobber05 Error Unsuccessful download. Error: response_error: download_file: pre-redeeming read marker: read_pre_redeem: not enough tokens in client's read pools associated with the allocation-\u003eblobber from https://demo.0chain.net/blobber02]\n","    utils.go:69: \u001b[31mCommand failed on final attempt [3/3] due to error [exit status 1]. Command String: [./zbox download --authticket eyJjbGllbnRfaWQiOiIiLCJvd25lcl9pZCI6IjA1N2ExNjM1OTRjODk4MzM2YTJkNjMzNWViOTc1NzA0NmJiMmY5ZjA5MWE5NjU1NTUyMzVmYjQxOGIzNzhjZWQiLCJhbGxvY2F0aW9uX2lkIjoiYjQ3YWNhMTBhMzFmNjNkNGU1ZGM0YzU0ODkzOGRlNGUyMTU1Y2IzZjU2YmRkMWY1ZWVkM2RkN2M1YTlkNDQ0MyIsImZpbGVfcGF0aF9oYXNoIjoiNDVmMmQ1ZWY4MzllMGUzY2ZhMzZjYmQxMGE3MmEwM2FiOWU4NGU5NTdhYTllNjE5NzZjMDE5MDY1YjY0MGY1MCIsImFjdHVhbF9maWxlX2hhc2giOiJlNGMzZDllZjEwY2U4NDFmZjNjZWQzNjlhYWU2MDFjZDNkYjdhNmJkNGRmZjVkMTA0MmJjOTk3Yjg3MmQ2MWMzIiwiZmlsZV9uYW1lIjoiNmk5VnBOcmIzT190ZXN0LnR4dCIsInJlZmVyZW5jZV90eXBlIjoiZiIsImV4cGlyYXRpb24iOjAsInRpbWVzdGFtcCI6MTY2OTAwMjUyNSwiZW5jcnlwdGVkIjpmYWxzZSwic2lnbmF0dXJlIjoiZTg1OWNiZTM1MGJiNGNmMzE0MTQxNTc5YTM4ZThhMmFmMGJhMmE1YThiY2RiYzEzMjM3ODM1ZTQ1MmZlOGQxOSJ9 --localpath tmp/ --silent --wallet TestDownload-Download_Shared_File_without_Paying_Should_Not_Work_wallet.json --configDir ./config --config ./zbox_config.yaml] Output: [","0 / 10    0.00% 0 / 10    0.00% 0s -\u003cNEWLINE\u003e- Error in file operation: Download failed for block 1. -\u003cNEWLINE\u003e- download_failed: 3 failed blobbers exceeded 2 remaining blobbers. Download errors: Error Unsuccessful download. Error: response_error: download_file: pre-redeeming read marker: read_pre_redeem: not enough tokens in client's read pools associated with the allocation-\u003eblobber from https://demo.0chain.net/blobber02 Error Unsuccessful download. Error: response_error: download_file: pre-redeeming read marker: read_pre_redeem: not enough tokens in client's read pools associated with the allocation-\u003eblobber from https://demo.0chain.net/blobber05 Error Unsuccessful download. Error: response_error: download_file: pre-redeeming read marker: read_pre_redeem: not enough tokens in client's read pools associated with the allocation-\u003eblobber from https://demo.0chain.net/blobber04]\n","    utils.go:72: \u001b[31mThe verbose output for the command is:\n","    utils.go:76: \u001b[31m0chain-core-sdk [INFO]   2022/11/21 04:49:09.684173 wallet_base.go:262: ******* Wallet SDK Version:v1.8.8-8-g3c6d3d6c ******* (SetLogFile)\n","    utils.go:76: \u001b[31m0box-sdk        [INFO]   2022/11/21 04:49:09.684225 sdk.go:73: ******* Storage SDK Version: v1.8.8-8-g3c6d3d6c *******\n","    utils.go:76: \u001b[31m0chain-core-sdk [INFO]   2022/11/21 04:49:09.777960 transaction_base.go:138: ******* Wallet SDK Version:v1.8.8-8-g3c6d3d6c ******* (InitZCNSDK)\n","    utils.go:76: \u001b[31m0box-sdk        [DEBUG]  2022/11/21 04:49:09.857736 networkworker.go:105: Get network result:{\"miners\":[\"https://demo.0chain.net/miner03\",\"https://demo.0chain.net/miner02\",\"https://demo.0chain.net/miner01\"],\"sharders\":[\"https://demo.0chain.net/sharder02\",\"https://demo.0chain.net/sharder01\"]}\n","    utils.go:76: \u001b[31m0box-sdk        [INFO]   2022/11/21 04:49:09.916078 allocation.go:247: received a download request for\n","    utils.go:76: \u001b[31m0box-sdk        [INFO]   2022/11/21 04:49:09.945279 filemetaworker.go:73: File Meta result:{\"actual_file_hash\":\"e4c3d9ef10ce841ff3ced369aae601cd3db7a6bd4dff5d1042bc997b872d61c3\",\"actual_file_size\":10,\"actual_thumbnail_hash\":\"\",\"actual_thumbnail_size\":0,\"allocation_id\":\"b47aca10a31f63d4e5dc4c548938de4e2155cb3f56bdd1f5eed3dd7c5a9d4443\",\"chunk_size\":65536,\"collaborators\":[],\"commit_meta_txns\":[],\"content_hash\":\"038beaa8a6566e923fb24197c614e2ca5d7ec56d025b5412db59aaacf11964e3\",\"created_at\":1669002525,\"custom_meta\":\"\",\"encrypted_key\":\"\",\"hash\":\"da2e4819eebe4872445ecbeea7c7d26da34f2bec6d3d28ddb2f5883abaec8c9e\",\"lookup_hash\":\"45f2d5ef839e0e3cfa36cbd10a72a03ab9e84e957aa9e61976c019065b640f50\",\"merkle_root\":\"20ff886317c1f1b69f17209b0f60f5c5c626f398771fae663bae8888776e32d7\",\"mimetype\":\"application/octet-stream\",\"name\":\"6i9VpNrb3O_test.txt\",\"num_of_blocks\":1,\"path_hash\":\"45f2d5ef839e0e3cfa36cbd10a72a03ab9e84e957aa9e61976c019065b640f50\",\"size\":5,\"thumbnail_hash\":\"\",\"thumbnail_size\":0,\"type\":\"f\",\"upda","ted_at\":1669002525}\n","    utils.go:76: \u001b[31m0box-sdk        [DEBUG]  2022/11/21 04:49:09.945308 filemetaworker.go:74: File meta response status: 200 OK\n","    utils.go:76: \u001b[31m0box-sdk        [INFO]   2022/11/21 04:49:09.945312 filemetaworker.go:73: File Meta result:{\"actual_file_hash\":\"e4c3d9ef10ce841ff3ced369aae601cd3db7a6bd4dff5d1042bc997b872d61c3\",\"actual_file_size\":10,\"actual_thumbnail_hash\":\"\",\"actual_thumbnail_size\":0,\"allocation_id\":\"b47aca10a31f63d4e5dc4c548938de4e2155cb3f56bdd1f5eed3dd7c5a9d4443\",\"chunk_size\":65536,\"collaborators\":[],\"commit_meta_txns\":[],\"content_hash\":\"0d526a53470b5a9eb0997540374934c4ef9e0fc9ca70b4985eeb2fe96974129d\",\"created_at\":1669002525,\"custom_meta\":\"\",\"encrypted_key\":\"\",\"hash\":\"b76cf861ab2b7ccc70c4fcb2274ef1829ccccba7202676dea3b1c320ef93902f\",\"lookup_hash\":\"45f2d5ef839e0e3cfa36cbd10a72a03ab9e84e957aa9e61976c019065b640f50\",\"merkle_root\":\"a9c5b7d745e2f01b91da9af0d335b0e618331894bc138260540279993d0f1545\",\"mimetype\":\"application/octet-stream\",\"name\":\"6i9VpNrb3O_test.txt\",\"num_of_blocks\":1,\"path_hash\":\"45f2d5ef839e0e3cfa36cbd10a72a03ab9e84e957aa9e61976c019065b640f50\",\"size\":5,\"thumbnail_hash\":\"\",\"thumbnail_size\":0,\"type\":\"f\",\"upda","ted_at\":1669002525}\n","    utils.go:76: \u001b[31m0box-sdk        [DEBUG]  2022/11/21 04:49:09.945325 filemetaworker.go:74: File meta response status: 200 OK\n","    utils.go:76: \u001b[31m0box-sdk        [INFO]   2022/11/21 04:49:09.974071 filemetaworker.go:73: File Meta result:{\"actual_file_hash\":\"e4c3d9ef10ce841ff3ced369aae601cd3db7a6bd4dff5d1042bc997b872d61c3\",\"actual_file_size\":10,\"actual_thumbnail_hash\":\"\",\"actual_thumbnail_size\":0,\"allocation_id\":\"b47aca10a31f63d4e5dc4c548938de4e2155cb3f56bdd1f5eed3dd7c5a9d4443\",\"chunk_size\":65536,\"collaborators\":[],\"commit_meta_txns\":[],\"content_hash\":\"d5fbc5f789198e4e595b64137463f368fd442765dac9971dd1c67051df1d7247\",\"created_at\":1669002525,\"custom_meta\":\"\",\"encrypted_key\":\"\",\"hash\":\"9198fbcdd0bc972ea20be6825f73ce7ca8c23a8c11cc606c047a3ab7b8fe04b3\",\"lookup_hash\":\"45f2d5ef839e0e3cfa36cbd10a72a03ab9e84e957aa9e61976c019065b640f50\",\"merkle_root\":\"94554df733f6f178444d1e814f79df68f307463600466bf438bf8c55b44e548f\",\"mimetype\":\"application/octet-stream\",\"name\":\"6i9VpNrb3O_test.txt\",\"num_of_blocks\":1,\"path_hash\":\"45f2d5ef839e0e3cfa36cbd10a72a03ab9e84e957aa9e61976c019065b640f50\",\"size\":5,\"thumbnail_hash\":\"\",\"thumbnail_size\":0,\"type\":\"f\",\"upda","ted_at\":1669002525}\n","    utils.go:76: \u001b[31m0box-sdk        [DEBUG]  2022/11/21 04:49:09.974087 filemetaworker.go:74: File meta response status: 200 OK\n","    utils.go:76: \u001b[31m0box-sdk        [INFO]   2022/11/21 04:49:09.982611 filemetaworker.go:73: File Meta result:{\"actual_file_hash\":\"e4c3d9ef10ce841ff3ced369aae601cd3db7a6bd4dff5d1042bc997b872d61c3\",\"actual_file_size\":10,\"actual_thumbnail_hash\":\"\",\"actual_thumbnail_size\":0,\"allocation_id\":\"b47aca10a31f63d4e5dc4c548938de4e2155cb3f56bdd1f5eed3dd7c5a9d4443\",\"chunk_size\":65536,\"collaborators\":[],\"commit_meta_txns\":[],\"content_hash\":\"436aa9d89f0bbf4defa6d947c5f21a1fbfb48af9e513a1908188fadb21ca9f40\",\"created_at\":1669002525,\"custom_meta\":\"\",\"encrypted_key\":\"\",\"hash\":\"dcadd942c5189d1c70ac5b41bcdee1063fe5fca2dfed5b2b4fd4e5c8e33dab90\",\"lookup_hash\":\"45f2d5ef839e0e3cfa36cbd10a72a03ab9e84e957aa9e61976c019065b640f50\",\"merkle_root\":\"c2bbfc5bc3ec85a1ab0a49766056807d98dd56f536b39c98140cfeb070e39257\",\"mimetype\":\"application/octet-stream\",\"name\":\"6i9VpNrb3O_test.txt\",\"num_of_blocks\":1,\"path_hash\":\"45f2d5ef839e0e3cfa36cbd10a72a03ab9e84e957aa9e61976c019065b640f50\",\"size\":5,\"thumbnail_hash\":\"\",\"thumbnail_size\":0,\"type\":\"f\",\"upda","ted_at\":1669002525}\n","    utils.go:76: \u001b[31m0box-sdk        [DEBUG]  2022/11/21 04:49:09.982628 filemetaworker.go:74: File meta response status: 200 OK\n","    utils.go:76: \u001b[31m0box-sdk        [INFO]   2022/11/21 04:49:09.982668 downloadworker.go:339: Downloading file with size: 10 from start block: 0 and end block: 1. Actual size per blobber: 65536\n","    utils.go:76: \u001b[31m0 / 10    0.00%0box-sdk        [INFO]   2022/11/21 04:49:09.982862 downloadworker.go:399: Downloading block 1 - 1\n","    utils.go:76: \u001b[31m0box-sdk        \u001b[31m[ERROR]  2022/11/21 04:49:10.103967 downloadworker.go:198: Unsuccessful download. Error: response_error: download_file: pre-redeeming read marker: read_pre_redeem: not enough tokens in client's read pools associated with the allocation-\u003eblobber\u001b[0m\n","    utils.go:76: \u001b[31m0box-sdk        \u001b[31m[ERROR]  2022/11/21 04:49:10.103991 downloadworker.go:198: Unsuccessful download. Error: response_error: download_file: pre-redeeming read marker: read_pre_redeem: not enough tokens in client's read pools associated with the allocation-\u003eblobber\u001b[0m\n","    utils.go:76: \u001b[31m0box-sdk        \u001b[31m[ERROR]  2022/11/21 04:49:10.104292 downloadworker.go:198: Unsuccessful download. Error: response_error: download_file: pre-redeeming read marker: read_pre_redeem: not enough tokens in client's read pools associated with the allocation-\u003eblobber\u001b[0m\n","    utils.go:76: \u001b[31m0 / 10    0.00% 0s\n","    utils.go:76: \u001b[31mError in file operation: Download failed for block 1.\n","    utils.go:76: \u001b[31mdownload_failed: 3 failed blobbers exceeded 2 remaining blobbers. Download errors: Error Unsuccessful download. Error: response_error: download_file: pre-redeeming read marker: read_pre_redeem: not enough tokens in client's read pools associated with the allocation-\u003eblobber from https://demo.0chain.net/blobber02 Error Unsuccessful download. Error: response_error: download_file: pre-redeeming read marker: read_pre_redeem: not enough tokens in client's read pools associated with the allocation-\u003eblobber from https://demo.0chain.net/blobber04 Error Unsuccessful download. Error: response_error: download_file: pre-redeeming read marker: read_pre_redeem: not enough tokens in client's read pools associated with the allocation-\u003eblobber from https://demo.0chain.net/blobber05\n","--- PASS: TestDownload/Download_Shared_File_without_Paying_Should_Not_Work (38.66s)",""],"Passed":true,"Skipped":false,"TestFileName":"","TestFunctionDetail":{"Line":0,"Col":0}}]},{"FailureIndicator":"","SkippedIndicator":"","TestResults":[{"TestName":"TestDownload/Download_Shared_File_without_Paying_Should_Not_Work/Share_File_from_Another_Wallet","Package":"github.com/0chain/system_test/tests/cli_tests","ElapsedTime":14.54,"Output":["","","    zwalletcli_register_wallet_test.go:108: Registering wallet...\n","","    zboxcli_update_allocation_test.go:607: Executing faucet...\n","","    zboxcli_create_allocation_test.go:288: Creating new allocation...\n","","    zboxcli_download_token_test.go:124: Locking read tokens...\n","","    zboxcli_file_upload_test.go:774: Uploading file...\n","","    zboxcli_list_file_system_test.go:642: Sharing file/folder...\n","--- PASS: TestDownload/Download_Shared_File_without_Paying_Should_Not_Work/Share_File_from_Another_Wallet (14.54s)",""],"Passed":true,"Skipped":false,"TestFileName":"","TestFunctionDetail":{"Line":0,"Col":0}}]},{"FailureIndicator":"","SkippedIndicator":"","TestResults":[{"TestName":"TestDownload/Download_from_Allocation_without_other_Parameter_Should_Fail","Package":"github.com/0chain/system_test/tests/cli_tests","ElapsedTime":28.64,"Output":["","","","    zwalletcli_register_wallet_test.go:108: Registering wallet...\n","","    zboxcli_update_allocation_test.go:607: Executing faucet...\n","","    zboxcli_create_allocation_test.go:288: Creating new allocation...\n","","    zboxcli_download_token_test.go:124: Locking read tokens...\n","","    utils.go:152: Waiting 15s...\n","","    zboxcli_file_download_test.go:1373: Downloading file...\n","--- PASS: TestDownload/Download_from_Allocation_without_other_Parameter_Should_Fail (28.64s)",""],"Passed":true,"Skipped":false,"TestFileName":"","TestFunctionDetail":{"Line":0,"Col":0}}]},{"FailureIndicator":"failed","SkippedIndicator":"","TestResults":[{"TestName":"TestDownload/Download_to_Non-Existent_Path_Should_Work","Package":"github.com/0chain/system_test/tests/cli_tests","ElapsedTime":29.52,"Output":["","","","    zwalletcli_register_wallet_test.go:108: Registering wallet...\n","","    zboxcli_update_allocation_test.go:607: Executing faucet...\n","","    zboxcli_create_allocation_test.go:288: Creating new allocation...\n","","    zboxcli_download_token_test.go:124: Locking read tokens...\n","","    zboxcli_file_upload_test.go:774: Uploading file...\n","","    zboxcli_file_download_test.go:1389: Generating checksum for file [/tmp/vkMWHG3dVu_test.txt]...\n","","    utils.go:152: Waiting 15s...\n","","    zboxcli_file_download_test.go:1373: Downloading file...\n","","    zboxcli_file_download_test.go:778: \n","        \tError Trace:\t/root/actions-runner3/_work/system_test/system_test/tests/cli_tests/zboxcli_file_download_test.go:778\n","        \tError:      \tNot equal: \n","        \t            \texpected: \"Status completed callback. Type = application/octet-stream. Name = vkMWHG3dVu_test.txt\"\n","        \t            \tactual  : \"Status completed callback. Type = . Name = vkMWHG3dVu_test.txt\"\n","        \t            \t\n","        \t            \tDiff:\n","        \t            \t--- Expected\n","        \t            \t+++ Actual\n","        \t            \t@@ -1 +1 @@\n","        \t            \t-Status completed callback. Type = application/octet-stream. Name = vkMWHG3dVu_test.txt\n","        \t            \t+Status completed callback. Type = . Name = vkMWHG3dVu_test.txt\n","        \tTest:       \tTestDownload/Download_to_Non-Existent_Path_Should_Work\n","","","","","    zwalletcli_register_wallet_test.go:108: Registering wallet...\n","    zboxcli_update_allocation_test.go:607: Executing faucet...\n","    zboxcli_create_allocation_test.go:288: Creating new allocation...\n","    zboxcli_download_token_test.go:124: Locking read tokens...\n","    zboxcli_file_upload_test.go:774: Uploading file...\n","    zboxcli_file_download_test.go:1389: Generating checksum for file [/tmp/JTXzmA9qRT_test.txt]...\n","    utils.go:152: Waiting 15s...\n","    zboxcli_file_download_test.go:1373: Downloading file...\n","    zboxcli_file_download_test.go:778: \n","        \tError Trace:\t/root/actions-runner3/_work/system_test/system_test/tests/cli_tests/zboxcli_file_download_test.go:778\n","        \tError:      \tNot equal: \n","        \t            \texpected: \"Status completed callback. Type = application/octet-stream. Name = JTXzmA9qRT_test.txt\"\n","        \t            \tactual  : \"Status completed callback. Type = . Name = JTXzmA9qRT_test.txt\"\n","        \t            \t\n","        \t            \tDiff:\n","        \t            \t--- Expected\n","        \t            \t+++ Actual\n","        \t            \t@@ -1 +1 @@\n","        \t            \t-Status completed callback. Type = application/octet-stream. Name = JTXzmA9qRT_test.txt\n","        \t            \t+Status completed callback. Type = . Name = JTXzmA9qRT_test.txt\n","        \tTest:       \tTestDownload/Download_to_Non-Existent_Path_Should_Work\n","","","","","    zwalletcli_register_wallet_test.go:108: Registering wallet...\n","    zboxcli_update_allocation_test.go:607: Executing faucet...\n","    zboxcli_create_allocation_test.go:288: Creating new allocation...\n","    zboxcli_download_token_test.go:124: Locking read tokens...\n","    zboxcli_file_upload_test.go:774: Uploading file...\n","    zboxcli_file_download_test.go:1389: Generating checksum for file [/tmp/178fB4Wrq-_test.txt]...\n","    utils.go:152: Waiting 15s...\n","    zboxcli_file_download_test.go:1373: Downloading file...\n","    zboxcli_file_download_test.go:778: \n","        \tError Trace:\t/root/actions-runner3/_work/system_test/system_test/tests/cli_tests/zboxcli_file_download_test.go:778\n","        \tError:      \tNot equal: \n","        \t            \texpected: \"Status completed callback. Type = application/octet-stream. Name = 178fB4Wrq-_test.txt\"\n","        \t            \tactual  : \"Status completed callback. Type = . Name = 178fB4Wrq-_test.txt\"\n","        \t            \t\n","        \t            \tDiff:\n","        \t            \t--- Expected\n","        \t            \t+++ Actual\n","        \t            \t@@ -1 +1 @@\n","        \t            \t-Status completed callback. Type = application/octet-stream. Name = 178fB4Wrq-_test.txt\n","        \t            \t+Status completed callback. Type = . Name = 178fB4Wrq-_test.txt\n","        \tTest:       \tTestDownload/Download_to_Non-Existent_Path_Should_Work\n",""],"Passed":false,"Skipped":false,"TestFileName":"","TestFunctionDetail":{"Line":0,"Col":0}}]},{"FailureIndicator":"failed","SkippedIndicator":"","TestResults":[{"TestName":"TestDownload/Download_with_endblock_less_than_startblock_should_fail","Package":"github.com/0chain/system_test/tests/cli_tests","ElapsedTime":30.06,"Output":["","","","    zwalletcli_register_wallet_test.go:108: Registering wallet...\n","","    zboxcli_update_allocation_test.go:607: Executing faucet...\n","","    zboxcli_create_allocation_test.go:288: Creating new allocation...\n","","    zboxcli_download_token_test.go:124: Locking read tokens...\n","","    zboxcli_file_upload_test.go:774: Uploading file...\n","","    utils.go:152: Waiting 15s...\n","","    zboxcli_file_download_test.go:1373: Downloading file...\n","","    zboxcli_file_download_test.go:1037: \n","        \tError Trace:\t/root/actions-runner3/_work/system_test/system_test/tests/cli_tests/zboxcli_file_download_test.go:1037\n","        \tError:      \t\"[Error in file operation: Error while calculating shard params. Error: invalid_block_num: start block should be less than end block]\" should have 2 item(s), but has 1\n","        \tTest:       \tTestDownload/Download_with_endblock_less_than_startblock_should_fail\n","","","","","    zwalletcli_register_wallet_test.go:108: Registering wallet...\n","    zboxcli_update_allocation_test.go:607: Executing faucet...\n","    zboxcli_create_allocation_test.go:288: Creating new allocation...\n","    zboxcli_download_token_test.go:124: Locking read tokens...\n","    zboxcli_file_upload_test.go:774: Uploading file...\n","    utils.go:152: Waiting 15s...\n","    zboxcli_file_download_test.go:1373: Downloading file...\n","    zboxcli_file_download_test.go:1037: \n","        \tError Trace:\t/root/actions-runner3/_work/system_test/system_test/tests/cli_tests/zboxcli_file_download_test.go:1037\n","        \tError:      \t\"[Error in file operation: Error while calculating shard params. Error: invalid_block_num: start block should be less than end block]\" should have 2 item(s), but has 1\n","        \tTest:       \tTestDownload/Download_with_endblock_less_than_startblock_should_fail\n","","","","","    zwalletcli_register_wallet_test.go:108: Registering wallet...\n","    zboxcli_update_allocation_test.go:607: Executing faucet...\n","    zboxcli_create_allocation_test.go:288: Creating new allocation...\n","    zboxcli_download_token_test.go:124: Locking read tokens...\n","    zboxcli_file_upload_test.go:774: Uploading file...\n","    utils.go:152: Waiting 15s...\n","    zboxcli_file_download_test.go:1373: Downloading file...\n","    zboxcli_file_download_test.go:1037: \n","        \tError Trace:\t/root/actions-runner3/_work/system_test/system_test/tests/cli_tests/zboxcli_file_download_test.go:1037\n","        \tError:      \t\"[Error in file operation: Error while calculating shard params. Error: invalid_block_num: start block should be less than end block]\" should have 2 item(s), but has 1\n","        \tTest:       \tTestDownload/Download_with_endblock_less_than_startblock_should_fail\n",""],"Passed":false,"Skipped":false,"TestFileName":"","TestFunctionDetail":{"Line":0,"Col":0}}]},{"FailureIndicator":"failed","SkippedIndicator":"","TestResults":[{"TestName":"TestDownload/Download_with_negative_endblock_should_fail","Package":"github.com/0chain/system_test/tests/cli_tests","ElapsedTime":30.01,"Output":["","","","","    zwalletcli_register_wallet_test.go:108: Registering wallet...\n","","    zboxcli_update_allocation_test.go:607: Executing faucet...\n","","    zboxcli_create_allocation_test.go:288: Creating new allocation...\n","","    zboxcli_download_token_test.go:124: Locking read tokens...\n","","    zboxcli_file_upload_test.go:774: Uploading file...\n","","    utils.go:152: Waiting 15s...\n","","    zboxcli_file_download_test.go:1373: Downloading file...\n","","    zboxcli_file_download_test.go:1105: \n","        \tError Trace:\t/root/actions-runner3/_work/system_test/system_test/tests/cli_tests/zboxcli_file_download_test.go:1105\n","        \tError:      \t\"[Error in file operation: Error while calculating shard params. Error: invalid_block_num: start block should be less than end block]\" should have 2 item(s), but has 1\n","        \tTest:       \tTestDownload/Download_with_negative_endblock_should_fail\n","","","","","    zwalletcli_register_wallet_test.go:108: Registering wallet...\n","    zboxcli_update_allocation_test.go:607: Executing faucet...\n","    zboxcli_create_allocation_test.go:288: Creating new allocation...\n","    zboxcli_download_token_test.go:124: Locking read tokens...\n","    zboxcli_file_upload_test.go:774: Uploading file...\n","    utils.go:152: Waiting 15s...\n","    zboxcli_file_download_test.go:1373: Downloading file...\n","    zboxcli_file_download_test.go:1105: \n","        \tError Trace:\t/root/actions-runner3/_work/system_test/system_test/tests/cli_tests/zboxcli_file_download_test.go:1105\n","        \tError:      \t\"[Error in file operation: Error while calculating shard params. Error: invalid_block_num: start block should be less than end block]\" should have 2 item(s), but has 1\n","        \tTest:       \tTestDownload/Download_with_negative_endblock_should_fail\n","","","","","    zwalletcli_register_wallet_test.go:108: Registering wallet...\n","    zboxcli_update_allocation_test.go:607: Executing faucet...\n","    zboxcli_create_allocation_test.go:288: Creating new allocation...\n","    zboxcli_download_token_test.go:124: Locking read tokens...\n","    zboxcli_file_upload_test.go:774: Uploading file...\n","    utils.go:152: Waiting 15s...\n","    zboxcli_file_download_test.go:1373: Downloading file...\n","    zboxcli_file_download_test.go:1105: \n","        \tError Trace:\t/root/actions-runner3/_work/system_test/system_test/tests/cli_tests/zboxcli_file_download_test.go:1105\n","        \tError:      \t\"[Error in file operation: Error while calculating shard params. Error: invalid_block_num: start block should be less than end block]\" should have 2 item(s), but has 1\n","        \tTest:       \tTestDownload/Download_with_negative_endblock_should_fail\n",""],"Passed":false,"Skipped":false,"TestFileName":"","TestFunctionDetail":{"Line":0,"Col":0}}]},{"FailureIndicator":"","SkippedIndicator":"","TestResults":[{"TestName":"TestDownload/Download_with_negative_startblock_should_fail","Package":"github.com/0chain/system_test/tests/cli_tests","ElapsedTime":35.3,"Output":["","","","    zwalletcli_register_wallet_test.go:108: Registering wallet...\n","","    zboxcli_update_allocation_test.go:607: Executing faucet...\n","","    zboxcli_create_allocation_test.go:288: Creating new allocation...\n","","    zboxcli_download_token_test.go:124: Locking read tokens...\n","","    zboxcli_file_upload_test.go:774: Uploading file...\n","","    utils.go:152: Waiting 15s...\n","","    zboxcli_file_download_test.go:1373: Downloading file...\n","","    utils.go:66: \u001b[33mCommand failed on attempt [1/3] due to error [exit status 1]. Output: [0 / 1310720    0.00% 0 / 1310720    0.00% 0s -\u003cNEWLINE\u003e- Error in file operation: Download failed for block -6. -\u003cNEWLINE\u003e- download_failed: 3 failed blobbers exceeded 2 remaining blobbers. Download errors: Error Unsuccessful download. Error: response_error: invalid parameter: X-Block-Num from https://demo.0chain.net/blobber02 Error Unsuccessful download. Error: response_error: invalid parameter: X-Block-Num from https://demo.0chain.net/blobber01 Error Unsuccessful download. Error: response_error: invalid parameter: X-Block-Num from https://demo.0chain.net/blobber04]\n","","    utils.go:66: \u001b[33mCommand failed on attempt [2/3] due to error [exit status 1]. Output: [0 / 1310720    0.00% 0 / 1310720    0.00% 0s -\u003cNEWLINE\u003e- Error in file operation: Download failed for block -6. -\u003cNEWLINE\u003e- download_failed: 3 failed blobbers exceeded 2 remaining blobbers. Download errors: Error Unsuccessful download. Error: response_error: invalid parameter: X-Block-Num from https://demo.0chain.net/blobber04 Error Unsuccessful download. Error: response_error: invalid parameter: X-Block-Num from https://demo.0chain.net/blobber02 Error Unsuccessful download. Error: response_error: invalid parameter: X-Block-Num from https://demo.0chain.net/blobber01]\n","","    utils.go:69: \u001b[31mCommand failed on final attempt [3/3] due to error [exit status 1]. Command String: [./zbox download --allocation 649dfc56857875a382ce4276cd11e23fa4fba47be40899e03818644f4627df01 --remotepath /bKI-UmXdv-_test.txt --localpath tmp/ --startblock -6 --silent --wallet TestDownload-Download_with_negative_startblock_should_fail_wallet.json --configDir ./config --config ./zbox_config.yaml] Output: [0 / 1310720    0.00% 0 / 1310720    0.00% 0s -\u003cNEWLINE\u003e- Error in file operation: Download failed for block -6. -\u003cNEWLINE\u003e- download_failed: 3 failed blobbers exceeded 2 remaining blobbers. Download errors: Error Unsuccessful download. Error: response_error: invalid parameter: X-Block-Num from https://demo.0chain.net/blobber02 Error Unsuccessful download. Error: response_error: invalid parameter: X-Block-Num from https://demo.0chain.net/blobber04 Error Unsuccessful download. Error: response_error: invalid parameter: X-Block-Num from https://demo.0chain.net/blobber01]\n","    utils.go:72: \u001b[31mThe verbose output for the command is:\n","","    utils.go:76: \u001b[31m0chain-core-sdk [INFO]   2022/11/21 04:48:06.566502 wallet_base.go:262: ******* Wallet SDK Version:v1.8.8-8-g3c6d3d6c ******* (SetLogFile)\n","    utils.go:76: \u001b[31m0box-sdk        [INFO]   2022/11/21 04:48:06.566542 sdk.go:73: ******* Storage SDK Version: v1.8.8-8-g3c6d3d6c *******\n","    utils.go:76: \u001b[31m0chain-core-sdk [INFO]   2022/11/21 04:48:06.659311 transaction_base.go:138: ******* Wallet SDK Version:v1.8.8-8-g3c6d3d6c ******* (InitZCNSDK)\n","    utils.go:76: \u001b[31m0box-sdk        [DEBUG]  2022/11/21 04:48:06.739020 networkworker.go:105: Get network result:{\"miners\":[\"https://demo.0chain.net/miner03\",\"https://demo.0chain.net/miner02\",\"https://demo.0chain.net/miner01\"],\"sharders\":[\"https://demo.0chain.net/sharder02\",\"https://demo.0chain.net/sharder01\"]}\n","    utils.go:76: \u001b[31m0box-sdk        [INFO]   2022/11/21 04:48:06.797123 allocation.go:247: received a download request for /bKI-UmXdv-_test.txt\n","    utils.go:76: \u001b[31m0box-sdk        [INFO]   2022/11/21 04:48:06.827348 filemetaworker.go:73: File Meta result:{\"actual_file_hash\":\"d83a0996e5ee340fa0c26ef77a940cedc00ae0f27c7bdd9e106d6b1d32438e5f\",\"actual_file_size\":1310720,\"actual_thumbnail_hash\":\"\",\"actual_thumbnail_size\":0,\"allocation_id\":\"649dfc56857875a382ce4276cd11e23fa4fba47be40899e03818644f4627df01\",\"chunk_size\":65536,\"collaborators\":[],\"commit_meta_txns\":[],\"content_hash\":\"01f6cf36756bf6180ae451db4a443200cc9ab0737515a333ec7536e6c929ef5e\",\"created_at\":1669002466,\"custom_meta\":\"\",\"encrypted_key\":\"\",\"hash\":\"56e9aa47c9e9aff6e233fd6007522a6d28f3149a452d40e0752e33b930b3e122\",\"lookup_hash\":\"79399c5b9d9e10cd2f5fb36f2201cc6f44ddf99e12346c010bb8b51747f7c3c5\",\"merkle_root\":\"f2ced7c37a3c5a19336abbcc60540c8004ca3d18a92aaa56c3b4c36d59c9894b\",\"mimetype\":\"application/octet-stream\",\"name\":\"bKI-UmXdv-_test.txt\",\"num_of_blocks\":10,\"path\":\"/bKI-UmXdv-_test.txt\",\"path_hash\":\"79399c5b9d9e10cd2f5fb36f2201cc6f44ddf99e12346c010bb8b51747f7c3c5\",\"size\":655360,\"thumbnail_has","h\":\"\",\"thumbnail_size\":0,\"type\":\"f\",\"updated_at\":1669002466}\n","    utils.go:76: \u001b[31m0box-sdk        [DEBUG]  2022/11/21 04:48:06.827389 filemetaworker.go:74: File meta response status: 200 OK\n","    utils.go:76: \u001b[31m0box-sdk        [INFO]   2022/11/21 04:48:06.827621 filemetaworker.go:73: File Meta result:{\"actual_file_hash\":\"d83a0996e5ee340fa0c26ef77a940cedc00ae0f27c7bdd9e106d6b1d32438e5f\",\"actual_file_size\":1310720,\"actual_thumbnail_hash\":\"\",\"actual_thumbnail_size\":0,\"allocation_id\":\"649dfc56857875a382ce4276cd11e23fa4fba47be40899e03818644f4627df01\",\"chunk_size\":65536,\"collaborators\":[],\"commit_meta_txns\":[],\"content_hash\":\"2c6cdd861e752d30ec1d33f5694e84a3df144162397c4e25542535e591ec2576\",\"created_at\":1669002466,\"custom_meta\":\"\",\"encrypted_key\":\"\",\"hash\":\"aba5ff92034dc11fc0857e591e351b03c3be7bf13294c6d42904f79a1a22a5fd\",\"lookup_hash\":\"79399c5b9d9e10cd2f5fb36f2201cc6f44ddf99e12346c010bb8b51747f7c3c5\",\"merkle_root\":\"77bd18c63c674f9dc4367904d5a022f201829e66bd8a8f5e04308bcbd84495ab\",\"mimetype\":\"application/octet-stream\",\"name\":\"bKI-UmXdv-_test.txt\",\"num_of_blocks\":10,\"path\":\"/bKI-UmXdv-_test.txt\",\"path_hash\":\"79399c5b9d9e10cd2f5fb36f2201cc6f44ddf99e12346c010bb8b51747f7c3c5\",\"size\":655360,\"thumbnail_has","h\":\"\",\"thumbnail_size\":0,\"type\":\"f\",\"updated_at\":1669002466}\n","    utils.go:76: \u001b[31m0box-sdk        [DEBUG]  2022/11/21 04:48:06.827642 filemetaworker.go:74: File meta response status: 200 OK\n","    utils.go:76: \u001b[31m0box-sdk        [INFO]   2022/11/21 04:48:06.856897 filemetaworker.go:73: File Meta result:{\"actual_file_hash\":\"d83a0996e5ee340fa0c26ef77a940cedc00ae0f27c7bdd9e106d6b1d32438e5f\",\"actual_file_size\":1310720,\"actual_thumbnail_hash\":\"\",\"actual_thumbnail_size\":0,\"allocation_id\":\"649dfc56857875a382ce4276cd11e23fa4fba47be40899e03818644f4627df01\",\"chunk_size\":65536,\"collaborators\":[],\"commit_meta_txns\":[],\"content_hash\":\"33e4d6f41b13ae3d512a950c4e7010c95f09b79921a6b2ea96630d07950ee525\",\"created_at\":1669002466,\"custom_meta\":\"\",\"encrypted_key\":\"\",\"hash\":\"cf6d900bf2a8f9ada251323b51873f01c91224605a671906cd27bd15f59a6afe\",\"lookup_hash\":\"79399c5b9d9e10cd2f5fb36f2201cc6f44ddf99e12346c010bb8b51747f7c3c5\",\"merkle_root\":\"c146ffa77fdf542d3a1a78dae6d16db8fc1581bb3260b58ce927dc6d44c6e5dc\",\"mimetype\":\"application/octet-stream\",\"name\":\"bKI-UmXdv-_test.txt\",\"num_of_blocks\":10,\"path\":\"/bKI-UmXdv-_test.txt\",\"path_hash\":\"79399c5b9d9e10cd2f5fb36f2201cc6f44ddf99e12346c010bb8b51747f7c3c5\",\"size\":655360,\"thumbnail_has","h\":\"\",\"thumbnail_size\":0,\"type\":\"f\",\"updated_at\":1669002466}\n","    utils.go:76: \u001b[31m0box-sdk        [DEBUG]  2022/11/21 04:48:06.856919 filemetaworker.go:74: File meta response status: 200 OK\n","    utils.go:76: \u001b[31m0box-sdk        [INFO]   2022/11/21 04:48:06.856979 filemetaworker.go:73: File Meta result:{\"actual_file_hash\":\"d83a0996e5ee340fa0c26ef77a940cedc00ae0f27c7bdd9e106d6b1d32438e5f\",\"actual_file_size\":1310720,\"actual_thumbnail_hash\":\"\",\"actual_thumbnail_size\":0,\"allocation_id\":\"649dfc56857875a382ce4276cd11e23fa4fba47be40899e03818644f4627df01\",\"chunk_size\":65536,\"collaborators\":[],\"commit_meta_txns\":[],\"content_hash\":\"c60b91e1f7479df0d4c5d44fc954f2ca0b754be4e4b6942b938cf5ef02fe2f9b\",\"created_at\":1669002466,\"custom_meta\":\"\",\"encrypted_key\":\"\",\"hash\":\"aa3de1f07d963ce7bf4f08bab020cc22ad06d970a04aa1de6cdb3cad96cfe8b2\",\"lookup_hash\":\"79399c5b9d9e10cd2f5fb36f2201cc6f44ddf99e12346c010bb8b51747f7c3c5\",\"merkle_root\":\"827d83bae432615e99cab9d571f10740410dc7ad5edf378810155d8fc21dde05\",\"mimetype\":\"application/octet-stream\",\"name\":\"bKI-UmXdv-_test.txt\",\"num_of_blocks\":10,\"path\":\"/bKI-UmXdv-_test.txt\",\"path_hash\":\"79399c5b9d9e10cd2f5fb36f2201cc6f44ddf99e12346c010bb8b51747f7c3c5\",\"size\":655360,\"thumbnail_has","h\":\"\",\"thumbnail_size\":0,\"type\":\"f\",\"updated_at\":1669002466}\n","    utils.go:76: \u001b[31m0box-sdk        [DEBUG]  2022/11/21 04:48:06.857000 filemetaworker.go:74: File meta response status: 200 OK\n","    utils.go:76: \u001b[31m0box-sdk        [INFO]   2022/11/21 04:48:06.857038 downloadworker.go:339: Downloading file with size: 1310720 from start block: -7 and end block: 10. Actual size per blobber: 655360\n","    utils.go:76: \u001b[31m0 / 1310720    0.00%0box-sdk        [INFO]   2022/11/21 04:48:06.857228 downloadworker.go:399: Downloading block -6 - 3\n","    utils.go:76: \u001b[31m0box-sdk        \u001b[31m[ERROR]  2022/11/21 04:48:06.942207 downloadworker.go:198: Unsuccessful download. Error: response_error: invalid parameter: X-Block-Num\u001b[0m\n","    utils.go:76: \u001b[31m0box-sdk        \u001b[31m[ERROR]  2022/11/21 04:48:06.942337 downloadworker.go:198: Unsuccessful download. Error: response_error: invalid parameter: X-Block-Num\u001b[0m\n","    utils.go:76: \u001b[31m0box-sdk        \u001b[31m[ERROR]  2022/11/21 04:48:06.942504 downloadworker.go:198: Unsuccessful download. Error: response_error: invalid parameter: X-Block-Num\u001b[0m\n","    utils.go:76: \u001b[31m0 / 1310720    0.00% 0s\n","    utils.go:76: \u001b[31mError in file operation: Download failed for block -6.\n","    utils.go:76: \u001b[31mdownload_failed: 3 failed blobbers exceeded 2 remaining blobbers. Download errors: Error Unsuccessful download. Error: response_error: invalid parameter: X-Block-Num from https://demo.0chain.net/blobber01 Error Unsuccessful download. Error: response_error: invalid parameter: X-Block-Num from https://demo.0chain.net/blobber02 Error Unsuccessful download. Error: response_error: invalid parameter: X-Block-Num from https://demo.0chain.net/blobber04\n","--- PASS: TestDownload/Download_with_negative_startblock_should_fail (35.30s)",""],"Passed":true,"Skipped":false,"TestFileName":"","TestFunctionDetail":{"Line":0,"Col":0}}]},{"FailureIndicator":"","SkippedIndicator":"","TestResults":[{"TestName":"TestDownload/Download_without_any_Parameter_Should_Fail","Package":"github.com/0chain/system_test/tests/cli_tests","ElapsedTime":18.67,"Output":["","","","    zwalletcli_register_wallet_test.go:108: Registering wallet...\n","","    utils.go:152: Waiting 15s...\n","","    zboxcli_file_download_test.go:1373: Downloading file...\n","--- PASS: TestDownload/Download_without_any_Parameter_Should_Fail (18.67s)",""],"Passed":true,"Skipped":false,"TestFileName":"","TestFunctionDetail":{"Line":0,"Col":0}}]}]

    const report = window.GoTestReport({
                                         data: data,
                                         testResultsElem: document.getElementById('testResults'),
                                         testGroupListElem: document.getElementById('testGroupList')
                                       });


</script>
</body>
</html>
