<!DOCTYPE html>
<html lang="en">
<head>
    <meta charset="UTF-8">
    <title>0Chain Flaky system test suite [add_transaction-tests/457210e0] ran against [dev-6.devnet-0chain.net] at [2023-06-29_14.49.46]</title>
    <style type="text/css">
        body {
            font-family: sans-serif;
            background-color: #f3f3f3;
            border-top: 2px #dee6e8 solid;
            margin: 0;
        }

        div.pageHeader span.projectTitle {
            font-family: serif;
            font-size: 2em;
            padding-left: 56px;
            padding-top: 80px;
            display: block;
            color: #a5a5a5;
            text-shadow: 0 -1px 1px white;
        }

        div.pageHeader div.testStats {
            position: absolute;
            top: 7px;
            right: 52px;
            font-size: 0.8em;
            color: #a2a2a2;
        }

        div.pageHeader div.testStats span.indicator {
            font-size: 2em;
            position: relative;
            top: 5px;
            text-shadow: 0 1px 0 white;
        }

        div.pageHeader div.testStats span strong {
            margin-right: 16px;
        }

        div.pageHeader div.testStats span.total {
            border-right: 1px #afafaf dotted;
            background: #8298af;
        }

        div.pageHeader div.testStats span.passed {
            border-right: 1px #afafaf dotted;
            background: #6fca83;
        }

        div.pageHeader div.testStats span.skipped {
            background: #bababa;
        }

        div.pageHeader div.testStats span.failed {
            background: #ff7676;
        }

        div.pageHeader div.testStats span {
            margin-right: 1px;
            height: 55px;
            padding: 20px 8px 18px;
            color: white;
        }

        div.pageHeader .testGroupsTitle {
            margin: 16px 32px 8px 40px;
            font-size: 0.9em;
            color: darkgrey;
            display: inline-block;
        }

        div.pageHeader .testExecutionDate {
            display: inline-block;
            position: absolute;
            right: 10px;
            margin: 14px 32px 8px 40px;
            color: #9e9e9e;
            font-size: 0.9em;
        }

        .testReportContainer {
            padding: 0 32px 32px 32px;
        }

        .cardContainer {
            padding: 16px 16px 16px;
            box-shadow: 0 4px 4px #d4d4d4;
            background-color: white;
        }

        #testResults {
            display: flex;
            flex-wrap: wrap;
        }

        .testResultGroup {
            width: 24px;
            height: 24px;
            background-color: #43c143;
            margin-left: 1px;
            margin-bottom: 1px;
            box-sizing: border-box;
        }

        .testResultGroup.selected {
            border: 1px white solid;
            background-color: black !important;
        }

        .testResultGroup.skipped {
            border: 2px gray solid;
        }

        .testResultGroup.failed {
            background-color: red;
        }

        .cardContainer.testGroupList,
        .cardContainer.testDetail {
            margin-top: 16px;
            padding: 16px;
        }

        .cardContainer.testGroupList {
            color: #9c9c9c;
            padding: 0;
        }

        .cardContainer.testGroupList .testGroupRow {
            cursor: default;
            border-bottom: 1px #dadada dotted;
        }

        .cardContainer.testGroupList .testGroupRow span.testStatus {
            font-size: 1.2em;
            font-weight: bold;
            color: #139e13;
            pointer-events: none;
            display: inline-block;
            overflow: hidden;
            float: left;
            padding-top: 10px;
            padding-left: 20px;
            padding-right: 12px;
        }

        .cardContainer.testGroupList .testGroupRow span.testStatus.skipped {
            color: gray;
        }

        .cardContainer.testGroupList .testGroupRow span.testStatus.failed {
            color: red;
        }

        .cardContainer.testGroupList .testGroupRow span.testTitle {
            font-size: 0.9em;
            padding: 12px 0 10px;
            display: inline-block;
            pointer-events: none;
            color: #525252;
            text-overflow: ellipsis;
            overflow: hidden;
            width: calc(100% - 110px);
        }

        .cardContainer.testGroupList .testGroupRow span.testDuration {
            pointer-events: none;
        }

        .cardContainer.testGroupList .testGroupRow {
            position: relative;
            border-left: 4px #43c143 solid;
        }

        .cardContainer.testGroupList .testGroupRow.skipped {
            color: gray;
            border-left: 4px gray solid;
        }

        .cardContainer.testGroupList .testGroupRow.failed {
            color: red;
            border-left: 4px red solid;
        }

        .cardContainer.testGroupList .testGroupRow:hover {
            background-color: #fffaea;
            transition: 0.250s;
        }

        .cardContainer .testOutput {
            padding: 8px 16px 24px 16px;
        }

        .cardContainer .console {
            display: block;
            font-family: monospace;
            padding: 10px;
            background-color: #424242;
            color: #1aff00;
            border-bottom: 1px #1aff00 dotted;
            overflow: auto;
            font-size: 1.1em;
        }

        .cardContainer .testOutput .testDetail {
            border-bottom: 1px #d0d0d0 solid;
            padding: 16px;
            background-color: #e6e6e6;
            border-radius: 0 0 4px 4px;
            color: dimgrey;
            font-size: 0.8em;
        }

        .cardContainer .console.skipped{
            color: #d9d9d9;
        }

        .cardContainer .console.failed {
            color: #ffb2b2;
        }

        .cardContainer .testDuration {
            position: absolute;
            top: 5px;
            right: 8px;
            text-align: right;
            padding-right: 8px;
            box-sizing: border-box;
        }
    </style>
</head>
<body>
<div class="pageHeader">
    <span class="projectTitle">0Chain Flaky system test suite [add_transaction-tests/457210e0] ran against [dev-6.devnet-0chain.net] at [2023-06-29_14.49.46]</span>
    <div class="testStats">
        <span class="total"><span class="indicator">&boxbox;</span> Total: <strong>11</strong>Duration: <strong>1ms</strong>
        </span><span class="passed"><span class="indicator">&check;</span> Passed: <strong>5</strong>
        </span><span class="skipped"><span class="indicator">&dash;</span> Skipped: <strong>3</strong>
        </span><span class="failed"><span class="indicator">&cross;</span> Failed: <strong>3</strong>
        </span>
    </div>
    <span class="testGroupsTitle">Test Groups:</span>
    <span class="testExecutionDate">June 29, 2023 16:01:05</span>
</div>
<div class="testReportContainer">
    <div class="cardContainer">
        <div id="testResults">
            
                <div class="testResultGroup  skipped" id="0"></div>
            
                <div class="testResultGroup  " id="1"></div>
            
                <div class="testResultGroup  skipped" id="2"></div>
            
                <div class="testResultGroup  " id="3"></div>
            
                <div class="testResultGroup  " id="4"></div>
            
                <div class="testResultGroup  " id="5"></div>
            
                <div class="testResultGroup  " id="6"></div>
            
                <div class="testResultGroup  skipped" id="7"></div>
            
                <div class="testResultGroup failed " id="8"></div>
            
                <div class="testResultGroup failed " id="9"></div>
            
                <div class="testResultGroup failed " id="10"></div>
            
        </div>
    </div>
    <div class="cardContainer testGroupList" id="testGroupList"></div>
</div>
<script type="application/javascript">
    /**
 * @typedef TestStatus
 * @property {string} TestName
 * @property {string} Package
 * @property {number} ElapsedTime
 * @property {Array.<string>} Output
 * @property {boolean} Passed
 * @property {boolean} Skipped
 */
class TestStatus {}

/**
 * @typedef TestGroupData
 * @type {object}
 * @property {string} FailureIndicator
 * @property {string} SkippedIndicator
 * @property {Array.<TestStatus>}
 */
class TestGroupData {}

/**
 * @typedef TestResults
 * @type {Array.<TestGroupData>}
 */
class TestResults extends Array {}

/**
 * @typedef SelectedItems
 * @property {HTMLElement|EventTarget} testResults
 * @property {String} selectedTestGroupColor
 */
class SelectedItems {}

/**
 * @typedef GoTestReportElements
 * @property {TestResults} data
 * @property {HTMLElement} testResultsElem
 * @property {HTMLElement} testGroupListElem
 */
class GoTestReportElements {}


/**
 * Main entry point for GoTestReport.
 * @param {GoTestReportElements} elements
 * @returns {{testResultsClickHandler: testResultsClickHandler}}
 * @constructor
 */
window.GoTestReport = function (elements) {
  const /**@type {SelectedItems}*/ selectedItems = {
    testResults: null,
    selectedTestGroupColor: null
  }

  function addEventData(event) {
    if (event.data == null) {
      event.data = {target: event.target}
    }
    return event
  }


  const goTestReport = {
    /**
     * Invoked when a user clicks on one of the test group div elements.
     * @param {HTMLElement} target The element associated with the test group.
     * @param {boolean} shiftKey If pressed, all of test detail associated to the test group is shown.
     * @param {TestResults} data
     * @param {SelectedItems} selectedItems
     * @param {function(target: Element, data: TestResults)} testGroupListHandler
     */
    testResultsClickHandler: function (target,
                                       shiftKey,
                                       data,
                                       selectedItems,
                                       testGroupListHandler) {

      if (target.classList.contains('testResultGroup') === false) {
        return
      }
      if (selectedItems.testResults != null) {
        let testResultsElement = /**@type {HTMLElement}*/ selectedItems.testResults
        testResultsElement.classList.remove("selected")
        testResultsElement.style.backgroundColor = selectedItems.selectedTestGroupColor
      }
      const testGroupId = /**@type {number}*/ target.id
      if ((target.id === undefined)
        || (data[testGroupId] === undefined)
        || (data[testGroupId]['TestResults'] === undefined)) {
        return
      }
      const testResults = /**@type {TestResults}*/ data[testGroupId]['TestResults']
      let testGroupList = /**@type {string}*/ ''
      selectedItems.selectedTestGroupColor = getComputedStyle(target).getPropertyValue('background-color')
      selectedItems.testResults = target
      target.classList.add("selected")
      for (let i = 0; i < testResults.length; i++) {
        const testResult = /**@type {TestGroupData}*/ testResults[i]
        const testPassed = /**@type {boolean}*/ testResult.Passed
        const testSkipped = /**@type {boolean}*/ testResult.Skipped
        const testPassedStatus = /**@type {string}*/ (testPassed) ? '' : (testSkipped ? 'skipped' : 'failed')
        const testId = /**@type {string}*/ target.attributes['id'].value
        testGroupList += `<div class="testGroupRow ${testPassedStatus}" data-groupid="${testId}" data-index="${i}">
        <span class="testStatus ${testPassedStatus}">${(testPassed) ? '&check' : (testSkipped ? '&dash' : '&cross')};</span>
        <span class="testTitle">${testResult.TestName}</span>
        <span class="testDuration"><span>${testResult.ElapsedTime}s </span>⏱</span>
      </div>`
      }
      const testGroupListElem = elements.testGroupListElem
      testGroupListElem.innerHTML = ''
      testGroupListElem.innerHTML = testGroupList

      if (shiftKey) {
        testGroupListElem.querySelectorAll('.testGroupRow')
                         .forEach((elem) => testGroupListHandler(elem, data))
      } else if (testResults.length === 1) {
        testGroupListHandler(testGroupListElem.querySelector('.testGroupRow'), data)
      }
    },

    /**
     *
     * @param {Element} target
     * @param {TestResults} data
     */
    testGroupListHandler: function (target, data) {
      const attribs = target['attributes']
      if (attribs.hasOwnProperty('data-groupid')) {
        const groupId = /**@type {number}*/ attribs['data-groupid'].value
        const testIndex = /**@type {number}*/ attribs['data-index'].value
        const testStatus = /**@type {TestStatus}*/ data[groupId]['TestResults'][testIndex]
        const testOutputDiv = /**@type {HTMLDivElement}*/ target.querySelector('div.testOutput')

        if (testOutputDiv == null) {
          const testOutputDiv = document.createElement('div')
          testOutputDiv.classList.add('testOutput')
          const consolePre = document.createElement('pre')
          consolePre.classList.add('console')
          const testDetailDiv = document.createElement('div')
          testDetailDiv.classList.add('testDetail')
          const packageNameDiv = document.createElement('div')
          packageNameDiv.classList.add('package')
          packageNameDiv.innerHTML = `<strong>Package:</strong> ${testStatus.Package}`
          const testFileNameDiv = document.createElement('div')
          testFileNameDiv.classList.add('filename')
          if (testStatus.TestFileName.trim() === "") {
            testFileNameDiv.innerHTML = `<strong>Filename:</strong> n/a &nbsp;&nbsp;`
          } else {
            testFileNameDiv.innerHTML = `<strong>Filename:</strong> ${testStatus.TestFileName} &nbsp;&nbsp;`
            testFileNameDiv.innerHTML += `<strong>Line:</strong> ${testStatus.TestFunctionDetail.Line} `
            testFileNameDiv.innerHTML += `<strong>Col:</strong> ${testStatus.TestFunctionDetail.Col}`
          }
          testDetailDiv.insertAdjacentElement('beforeend', packageNameDiv)
          testDetailDiv.insertAdjacentElement('beforeend', testFileNameDiv)
          testOutputDiv.insertAdjacentElement('afterbegin', consolePre)
          testOutputDiv.insertAdjacentElement('beforeend', testDetailDiv)
          target.insertAdjacentElement('beforeend', testOutputDiv)

          if (testStatus.Passed) {
            consolePre.classList.remove('skipped')
            consolePre.classList.remove('failed')
          } else if (testStatus.Skipped) {
            consolePre.classList.add('skipped')
            consolePre.classList.remove('failed')
          } else {
            consolePre.classList.remove('skipped')
            consolePre.classList.add('failed')
          }
          consolePre.textContent = testStatus.Output.join('')
        } else {
          testOutputDiv.remove()
        }
      }
    }
  }

  //+------------------------+
  //|    setup DOM events    |
  //+------------------------+
  elements.testResultsElem
          .addEventListener('click', event =>
            goTestReport.testResultsClickHandler(/**@type {HTMLElement}*/ addEventData(event).data.target,
                                                 event.shiftKey,
                                                 elements.data,
                                                 selectedItems,
                                                 goTestReport.testGroupListHandler))

  elements.testGroupListElem
          .addEventListener('click', event =>
            goTestReport.testGroupListHandler(/**@type {Element}*/ event.target,
                                              elements.data))

  return goTestReport
}


    

    const data = [{"FailureIndicator":"","SkippedIndicator":"skipped","TestResults":[{"TestName":"Test___FlakyBrokenScenarios","Package":"github.com/0chain/system_test/tests/cli_tests","ElapsedTime":0,"Output":["","    flaky___broken_scenarios_test.go:30: \n","--- SKIP: Test___FlakyBrokenScenarios (0.00s)\n",""],"Passed":false,"Skipped":true,"TestFileName":"flaky___broken_scenarios_test.go","TestFunctionDetail":{"Line":27,"Col":1}}]},{"FailureIndicator":"","SkippedIndicator":"","TestResults":[{"TestName":"Test___FlakyFileCopy","Package":"github.com/0chain/system_test/tests/cli_tests","ElapsedTime":0,"Output":["","--- PASS: Test___FlakyFileCopy (0.00s)",""],"Passed":true,"Skipped":false,"TestFileName":"flaky___flaky_test.go","TestFunctionDetail":{"Line":411,"Col":1}}]},{"FailureIndicator":"","SkippedIndicator":"skipped","TestResults":[{"TestName":"Test___FlakyFileCopy/File_copy_-_Users_should_not_be_charged_for_moving_a_file_","Package":"github.com/0chain/system_test/tests/cli_tests","ElapsedTime":0,"Output":["","    flaky___flaky_test.go:415: Test case [File copy - Users should not be charged for moving a file ] scheduled at [06-29-2023 15:59:16] \n","","","    system_test_framework.go:149: Test case [File copy - Users should not be charged for moving a file ] start at [06-29-2023 15:59:16] \n","    flaky___flaky_test.go:416: Test calculations are flaky in  CLI\n","    flaky___flaky_test.go:415: Test case [File copy - Users should not be charged for moving a file ] exit at [06-29-2023 15:59:16]\n","--- SKIP: Test___FlakyFileCopy/File_copy_-_Users_should_not_be_charged_for_moving_a_file_ (0.00s)\n",""],"Passed":false,"Skipped":true,"TestFileName":"","TestFunctionDetail":{"Line":0,"Col":0}}]},{"FailureIndicator":"","SkippedIndicator":"","TestResults":[{"TestName":"Test___FlakyFileDelete","Package":"github.com/0chain/system_test/tests/cli_tests","ElapsedTime":0,"Output":["","--- PASS: Test___FlakyFileDelete (0.00s)",""],"Passed":true,"Skipped":false,"TestFileName":"flaky___flaky_test.go","TestFunctionDetail":{"Line":242,"Col":1}}]},{"FailureIndicator":"","SkippedIndicator":"","TestResults":[{"TestName":"Test___FlakyFileDelete/Delete_file_concurrently_in_existing_directory,_should_work","Package":"github.com/0chain/system_test/tests/cli_tests","ElapsedTime":84.41,"Output":["","    flaky___flaky_test.go:246: Test case [Delete file concurrently in existing directory, should work] scheduled at [06-29-2023 15:57:51] \n","","","    system_test_framework.go:149: Test case [Delete file concurrently in existing directory, should work] start at [06-29-2023 15:57:51] \n","    zwalletcli_register_wallet_test.go:123: creating wallet...\n","    zboxcli_update_allocation_test.go:1105: Executing faucet...\n","    zwalletcli_register_wallet_test.go:140: faucet output: [No wallet in path  config/Test___FlakyFileDelete-Delete_file_concurrently_in_existing_directory,_should_work_wallet.json found. Creating wallet... ZCN wallet created!! Execute faucet smart contract success with txn :  b3518ed0a47fa1bb1f163177711819326db98fe590e66304f5971282e4d65b0a]\n","    zboxcli_update_allocation_test.go:1105: Executing faucet...\n","    zboxcli_create_allocation_test.go:459: Creating new allocation...\n","    zboxcli_file_upload_test.go:959: Uploading file /tmp/UCKKL4F62y_test.txt to allocation 5c18522f82e6c0d95cac414dc086d16bad429b57fe02634646b410fa86079aac with remotepath /UCKKL4F62y_test.txt\n","    zboxcli_file_upload_test.go:917: Uploading file...\n","    zboxcli_file_upload_test.go:959: Uploading file /tmp/uFckIIkCaS_test.txt to allocation 5c18522f82e6c0d95cac414dc086d16bad429b57fe02634646b410fa86079aac with remotepath /uFckIIkCaS_test.txt\n","    zboxcli_file_upload_test.go:917: Uploading file...\n","    utils.go:67: \u001b[33mCommand failed on attempt [1/3] due to error [exit status 1]. Output: [0 / 256    0.00% 0 / 256    0.00% 0s -\u003cNEWLINE\u003e- Error in file operation: upload_failed: Upload failed. bad request: {\"code\":\"invalid_parameters\",\"error\":\"invalid_parameters: Invalid allocation id passed.verify_allocation: verifying allocation transaction error: ERROR: duplicate key value violates unique constraint \\\"allocations_pkey\\\" (SQLSTATE 23505)\"} -\u003cNEWLINE\u003e- Upload failed. upload_failed: Upload failed. bad request: {\"code\":\"invalid_parameters\",\"error\":\"invalid_parameters: Invalid allocation id passed.verify_allocation: verifying allocation transaction error: ERROR: duplicate key value violates unique constraint \\\"allocations_pkey\\\" (SQLSTATE 23505)\"}]\n","    zboxcli_file_delete_test.go:344: Deleting file...\n","    utils.go:63: \u001b[32mCommand passed on retry [2/3]. Output: [0 / 256    0.00% 256 / 256  100.00% 0s -\u003cNEWLINE\u003e- Status completed callback. Type = application/octet-stream. Name = UCKKL4F62y_test.txt]\n","    zboxcli_file_delete_test.go:344: Deleting file...\n","    utils.go:138: Waiting 10s...\n","    zboxcli_list_file_test.go:638: Listing individual file in allocation...\n","    utils.go:67: \u001b[33mCommand failed on attempt [1/3] due to error [exit status 1]. Output: [error from server list response: {\"code\":\"invalid_parameters\",\"error\":\"invalid_parameters: Invalid path record not found\"}]\n","    utils.go:67: \u001b[33mCommand failed on attempt [2/3] due to error [exit status 1]. Output: [error from server list response: {\"code\":\"invalid_parameters\",\"error\":\"invalid_parameters: Invalid path record not found\"}]\n","    utils.go:70: \u001b[31mCommand failed on final attempt [3/3] due to error [exit status 1]. Command String: [./zbox list --allocation 5c18522f82e6c0d95cac414dc086d16bad429b57fe02634646b410fa86079aac --remotepath /uFckIIkCaS_test.txt --json --silent --wallet Test___FlakyFileDelete-Delete_file_concurrently_in_existing_directory,_should_work_wallet.json --configDir ./config --config ./zbox_config.yaml] Output: [error from server list response: {\"code\":\"invalid_parameters\",\"error\":\"invalid_parameters: Invalid path record not found\"}]\n","    utils.go:73: \u001b[31mThe verbose output for the command is:\n","    utils.go:77: \u001b[31m0chain-core-sdk [INFO]   2023/06/29 15:59:01.837693 wallet_base.go:327: ******* Wallet SDK Version:v1.8.16-58-g520bdba8 ******* (SetLogFile)\n","    utils.go:77: \u001b[31m0box-sdk        [INFO]   2023/06/29 15:59:01.837733 sdk.go:78: ******* Storage SDK Version: v1.8.16-58-g520bdba8 *******\n","    utils.go:77: \u001b[31m0chain-core-sdk [INFO]   2023/06/29 15:59:01.853410 transaction_base.go:139: ******* Wallet SDK Version:v1.8.16-58-g520bdba8 ******* (InitZCNSDK)\n","    utils.go:77: \u001b[31m0box-sdk        [DEBUG]  2023/06/29 15:59:01.859408 networkworker.go:105: Get network result:{\"miners\":[\"https://dev-6.devnet-0chain.net/miner03\",\"https://dev-6.devnet-0chain.net/miner02\",\"https://dev-6.devnet-0chain.net/miner01\"],\"sharders\":[\"https://dev-6.devnet-0chain.net/sharder02\",\"https://dev-6.devnet-0chain.net/sharder01\"]}\n","    utils.go:77: \u001b[31m0box-sdk        [DEBUG]  2023/06/29 15:59:01.879374 listworker.go:111: List result:{\"code\":\"invalid_parameters\",\"error\":\"invalid_parameters: Invalid path record not found\"}\n","    utils.go:77: \u001b[31m0box-sdk        [DEBUG]  2023/06/29 15:59:01.880240 listworker.go:111: List result:{\"code\":\"invalid_parameters\",\"error\":\"invalid_parameters: Invalid path record not found\"}\n","    utils.go:77: \u001b[31m0box-sdk        [DEBUG]  2023/06/29 15:59:01.883653 listworker.go:111: List result:{\"code\":\"invalid_parameters\",\"error\":\"invalid_parameters: Invalid path record not found\"}\n","    utils.go:77: \u001b[31m0box-sdk        [DEBUG]  2023/06/29 15:59:01.884893 listworker.go:111: List result:{\"code\":\"invalid_parameters\",\"error\":\"invalid_parameters: Invalid path record not found\"}\n","    utils.go:77: \u001b[31merror from server list response: {\"code\":\"invalid_parameters\",\"error\":\"invalid_parameters: Invalid path record not found\"}\n","    utils.go:138: Waiting 10s...\n","    zboxcli_list_file_test.go:638: Listing individual file in allocation...\n","    utils.go:67: \u001b[33mCommand failed on attempt [1/3] due to error [exit status 1]. Output: [error from server list response: {\"code\":\"invalid_parameters\",\"error\":\"invalid_parameters: Invalid path record not found\"}]\n","    utils.go:67: \u001b[33mCommand failed on attempt [2/3] due to error [exit status 1]. Output: [error from server list response: {\"code\":\"invalid_parameters\",\"error\":\"invalid_parameters: Invalid path record not found\"}]\n","    utils.go:70: \u001b[31mCommand failed on final attempt [3/3] due to error [exit status 1]. Command String: [./zbox list --allocation 5c18522f82e6c0d95cac414dc086d16bad429b57fe02634646b410fa86079aac --remotepath /UCKKL4F62y_test.txt --json --silent --wallet Test___FlakyFileDelete-Delete_file_concurrently_in_existing_directory,_should_work_wallet.json --configDir ./config --config ./zbox_config.yaml] Output: [error from server list response: {\"code\":\"invalid_parameters\",\"error\":\"invalid_parameters: Invalid path record not found\"}]\n","    utils.go:73: \u001b[31mThe verbose output for the command is:\n","    utils.go:77: \u001b[31m0chain-core-sdk [INFO]   2023/06/29 15:59:16.286620 wallet_base.go:327: ******* Wallet SDK Version:v1.8.16-58-g520bdba8 ******* (SetLogFile)\n","    utils.go:77: \u001b[31m0box-sdk        [INFO]   2023/06/29 15:59:16.286674 sdk.go:78: ******* Storage SDK Version: v1.8.16-58-g520bdba8 *******\n","    utils.go:77: \u001b[31m0chain-core-sdk [INFO]   2023/06/29 15:59:16.312414 transaction_base.go:139: ******* Wallet SDK Version:v1.8.16-58-g520bdba8 ******* (InitZCNSDK)\n","    utils.go:77: \u001b[31m0box-sdk        [DEBUG]  2023/06/29 15:59:16.319206 networkworker.go:105: Get network result:{\"miners\":[\"https://dev-6.devnet-0chain.net/miner02\",\"https://dev-6.devnet-0chain.net/miner01\",\"https://dev-6.devnet-0chain.net/miner03\"],\"sharders\":[\"https://dev-6.devnet-0chain.net/sharder02\",\"https://dev-6.devnet-0chain.net/sharder01\"]}\n","    utils.go:77: \u001b[31m0box-sdk        [DEBUG]  2023/06/29 15:59:16.330421 listworker.go:111: List result:{\"code\":\"invalid_parameters\",\"error\":\"invalid_parameters: Invalid path record not found\"}\n","    utils.go:77: \u001b[31m0box-sdk        [DEBUG]  2023/06/29 15:59:16.330882 listworker.go:111: List result:{\"code\":\"invalid_parameters\",\"error\":\"invalid_parameters: Invalid path record not found\"}\n","    utils.go:77: \u001b[31m0box-sdk        [DEBUG]  2023/06/29 15:59:16.333534 listworker.go:111: List result:{\"code\":\"invalid_parameters\",\"error\":\"invalid_parameters: Invalid path record not found\"}\n","    utils.go:77: \u001b[31m0box-sdk        [DEBUG]  2023/06/29 15:59:16.333543 listworker.go:111: List result:{\"code\":\"invalid_parameters\",\"error\":\"invalid_parameters: Invalid path record not found\"}\n","    utils.go:77: \u001b[31merror from server list response: {\"code\":\"invalid_parameters\",\"error\":\"invalid_parameters: Invalid path record not found\"}\n","    flaky___flaky_test.go:246: Test case [Delete file concurrently in existing directory, should work] exit at [06-29-2023 15:59:16]\n","--- PASS: Test___FlakyFileDelete/Delete_file_concurrently_in_existing_directory,_should_work (84.41s)",""],"Passed":true,"Skipped":false,"TestFileName":"","TestFunctionDetail":{"Line":0,"Col":0}}]},{"FailureIndicator":"","SkippedIndicator":"","TestResults":[{"TestName":"Test___FlakyFileRename","Package":"github.com/0chain/system_test/tests/cli_tests","ElapsedTime":0,"Output":["","","","--- PASS: Test___FlakyFileRename (0.00s)",""],"Passed":true,"Skipped":false,"TestFileName":"flaky___flaky_test.go","TestFunctionDetail":{"Line":306,"Col":1}}]},{"FailureIndicator":"","SkippedIndicator":"","TestResults":[{"TestName":"Test___FlakyFileRename/Rename_and_delete_file_concurrently,_should_work","Package":"github.com/0chain/system_test/tests/cli_tests","ElapsedTime":108.63,"Output":["","    flaky___flaky_test.go:312: Test case [Rename and delete file concurrently, should work] scheduled at [06-29-2023 15:59:16] \n","","","    system_test_framework.go:149: Test case [Rename and delete file concurrently, should work] start at [06-29-2023 15:59:16] \n","    zwalletcli_register_wallet_test.go:123: creating wallet...\n","    zboxcli_update_allocation_test.go:1105: Executing faucet...\n","    zwalletcli_register_wallet_test.go:140: faucet output: [No wallet in path  config/Test___FlakyFileRename-Rename_and_delete_file_concurrently,_should_work_wallet.json found. Creating wallet... ZCN wallet created!! Execute faucet smart contract success with txn :  a1fea286d1672de5e9398579bdced75bd42c295b53245c45bafaf10d0053fcaf]\n","    zboxcli_update_allocation_test.go:1105: Executing faucet...\n","    zboxcli_create_allocation_test.go:459: Creating new allocation...\n","    zboxcli_file_upload_test.go:959: Uploading file /tmp/j4uW8FGdJo_test.txt to allocation 4ea63c7fd1f793db7758f9a92337497e30bb0828bce59f1f4ff39ad5f24e7924 with remotepath /j4uW8FGdJo_test.txt\n","    zboxcli_file_upload_test.go:917: Uploading file...\n","    zboxcli_file_upload_test.go:959: Uploading file /tmp/mv8tEWM7vT_test.txt to allocation 4ea63c7fd1f793db7758f9a92337497e30bb0828bce59f1f4ff39ad5f24e7924 with remotepath /mv8tEWM7vT_test.txt\n","    zboxcli_file_upload_test.go:917: Uploading file...\n","    zboxcli_file_upload_test.go:959: Uploading file /tmp/MV-RB2O0R5_test.txt to allocation 4ea63c7fd1f793db7758f9a92337497e30bb0828bce59f1f4ff39ad5f24e7924 with remotepath /MV-RB2O0R5_test.txt\n","    zboxcli_file_upload_test.go:917: Uploading file...\n","    zboxcli_file_upload_test.go:959: Uploading file /tmp/10WHYFwpsG_test.txt to allocation 4ea63c7fd1f793db7758f9a92337497e30bb0828bce59f1f4ff39ad5f24e7924 with remotepath /10WHYFwpsG_test.txt\n","    zboxcli_file_upload_test.go:917: Uploading file...\n","    zboxcli_common_user_functions_test.go:180: Renaming file...\n","    zboxcli_file_delete_test.go:344: Deleting file...\n","    zboxcli_file_delete_test.go:344: Deleting file...\n","    zboxcli_common_user_functions_test.go:180: Renaming file...\n","    utils.go:67: \u001b[33mCommand failed on attempt [1/3] due to error [exit status 1]. Output: [consensus_not_met: Required consensus 3 got 0. Error: commit_error: Got error response {\"error\":\"allocation_root_mismatch: Allocation root in the write marker does not match the calculated allocation root. Expected hash: b8823abfdf20455723ff13e7079f642272cbde1c527e90b4c7618b21606b6ec7\"} -\u003cNEWLINE\u003e- with status 400\tcommit_error: Got error response {\"error\":\"write_marker_verification_failed: Verification of write marker failed: invalid_write_marker: Invalid write marker. Prev Allocation root does not match the allocation root on record\"} -\u003cNEWLINE\u003e- with status 400\tcommit_error: Got error response {\"error\":\"allocation_root_mismatch: Allocation root in the write marker does not match the calculated allocation root. Expected hash: 74fdd617752a51886724ef134bd784ce8a76e1db82e60456f895296f9f8187b4\"} -\u003cNEWLINE\u003e- with status 400\tcommit_error: Got error response {\"error\":\"allocation_root_mismatch: Allocation root in the write m","arker does not match the calculated allocation root. Expected hash: 3dd94a7cd53e08a42e5c57d6313ba24de189f7178b5ee349de7a9da48bf378c2\"} -\u003cNEWLINE\u003e- with status 400]\n","    utils.go:63: \u001b[32mCommand passed on retry [2/3]. Output: [/j4uW8FGdJo_test.txt renamed]\n","    utils.go:138: Waiting 10s...\n","    zboxcli_list_file_test.go:638: Listing individual file in allocation...\n","    utils.go:67: \u001b[33mCommand failed on attempt [1/3] due to error [exit status 1]. Output: [error from server list response: {\"code\":\"invalid_parameters\",\"error\":\"invalid_parameters: Invalid path record not found\"}]\n","    utils.go:67: \u001b[33mCommand failed on attempt [2/3] due to error [exit status 1]. Output: [error from server list response: {\"code\":\"invalid_parameters\",\"error\":\"invalid_parameters: Invalid path record not found\"}]\n","    utils.go:70: \u001b[31mCommand failed on final attempt [3/3] due to error [exit status 1]. Command String: [./zbox list --allocation 4ea63c7fd1f793db7758f9a92337497e30bb0828bce59f1f4ff39ad5f24e7924 --remotepath /MV-RB2O0R5_test.txt --json --silent --wallet Test___FlakyFileRename-Rename_and_delete_file_concurrently,_should_work_wallet.json --configDir ./config --config ./zbox_config.yaml] Output: [error from server list response: {\"code\":\"invalid_parameters\",\"error\":\"invalid_parameters: Invalid path record not found\"}]\n","    utils.go:73: \u001b[31mThe verbose output for the command is:\n","    utils.go:77: \u001b[31m0chain-core-sdk [INFO]   2023/06/29 16:00:50.686085 wallet_base.go:327: ******* Wallet SDK Version:v1.8.16-58-g520bdba8 ******* (SetLogFile)\n","    utils.go:77: \u001b[31m0box-sdk        [INFO]   2023/06/29 16:00:50.686128 sdk.go:78: ******* Storage SDK Version: v1.8.16-58-g520bdba8 *******\n","    utils.go:77: \u001b[31m0chain-core-sdk [INFO]   2023/06/29 16:00:50.702520 transaction_base.go:139: ******* Wallet SDK Version:v1.8.16-58-g520bdba8 ******* (InitZCNSDK)\n","    utils.go:77: \u001b[31m0box-sdk        [DEBUG]  2023/06/29 16:00:50.709435 networkworker.go:105: Get network result:{\"miners\":[\"https://dev-6.devnet-0chain.net/miner03\",\"https://dev-6.devnet-0chain.net/miner02\",\"https://dev-6.devnet-0chain.net/miner01\"],\"sharders\":[\"https://dev-6.devnet-0chain.net/sharder02\",\"https://dev-6.devnet-0chain.net/sharder01\"]}\n","    utils.go:77: \u001b[31m0box-sdk        [DEBUG]  2023/06/29 16:00:50.719574 listworker.go:111: List result:{\"code\":\"invalid_parameters\",\"error\":\"invalid_parameters: Invalid path record not found\"}\n","    utils.go:77: \u001b[31m0box-sdk        [DEBUG]  2023/06/29 16:00:50.720007 listworker.go:111: List result:{\"code\":\"invalid_parameters\",\"error\":\"invalid_parameters: Invalid path record not found\"}\n","    utils.go:77: \u001b[31m0box-sdk        [DEBUG]  2023/06/29 16:00:50.722510 listworker.go:111: List result:{\"code\":\"invalid_parameters\",\"error\":\"invalid_parameters: Invalid path record not found\"}\n","    utils.go:77: \u001b[31m0box-sdk        [DEBUG]  2023/06/29 16:00:50.722672 listworker.go:111: List result:{\"code\":\"invalid_parameters\",\"error\":\"invalid_parameters: Invalid path record not found\"}\n","    utils.go:77: \u001b[31merror from server list response: {\"code\":\"invalid_parameters\",\"error\":\"invalid_parameters: Invalid path record not found\"}\n","    utils.go:138: Waiting 10s...\n","    zboxcli_list_file_test.go:638: Listing individual file in allocation...\n","    utils.go:67: \u001b[33mCommand failed on attempt [1/3] due to error [exit status 1]. Output: [error from server list response: {\"code\":\"invalid_parameters\",\"error\":\"invalid_parameters: Invalid path record not found\"}]\n","    utils.go:67: \u001b[33mCommand failed on attempt [2/3] due to error [exit status 1]. Output: [error from server list response: {\"code\":\"invalid_parameters\",\"error\":\"invalid_parameters: Invalid path record not found\"}]\n","    utils.go:70: \u001b[31mCommand failed on final attempt [3/3] due to error [exit status 1]. Command String: [./zbox list --json  --allocation 4ea63c7fd1f793db7758f9a92337497e30bb0828bce59f1f4ff39ad5f24e7924 --remotepath /10WHYFwpsG_test.txt --silent --wallet Test___FlakyFileRename-Rename_and_delete_file_concurrently,_should_work_wallet.json --configDir ./config --config ./zbox_config.yaml] Output: [error from server list response: {\"code\":\"invalid_parameters\",\"error\":\"invalid_parameters: Invalid path record not found\"}]\n","    utils.go:73: \u001b[31mThe verbose output for the command is:\n","    utils.go:77: \u001b[31m0chain-core-sdk [INFO]   2023/06/29 16:01:04.924999 wallet_base.go:327: ******* Wallet SDK Version:v1.8.16-58-g520bdba8 ******* (SetLogFile)\n","    utils.go:77: \u001b[31m0box-sdk        [INFO]   2023/06/29 16:01:04.925039 sdk.go:78: ******* Storage SDK Version: v1.8.16-58-g520bdba8 *******\n","    utils.go:77: \u001b[31m0chain-core-sdk [INFO]   2023/06/29 16:01:04.940424 transaction_base.go:139: ******* Wallet SDK Version:v1.8.16-58-g520bdba8 ******* (InitZCNSDK)\n","    utils.go:77: \u001b[31m0box-sdk        [DEBUG]  2023/06/29 16:01:04.946524 networkworker.go:105: Get network result:{\"miners\":[\"https://dev-6.devnet-0chain.net/miner02\",\"https://dev-6.devnet-0chain.net/miner01\",\"https://dev-6.devnet-0chain.net/miner03\"],\"sharders\":[\"https://dev-6.devnet-0chain.net/sharder02\",\"https://dev-6.devnet-0chain.net/sharder01\"]}\n","    utils.go:77: \u001b[31m0box-sdk        [DEBUG]  2023/06/29 16:01:04.956938 listworker.go:111: List result:{\"code\":\"invalid_parameters\",\"error\":\"invalid_parameters: Invalid path record not found\"}\n","    utils.go:77: \u001b[31m0box-sdk        [DEBUG]  2023/06/29 16:01:04.960887 listworker.go:111: List result:{\"code\":\"invalid_parameters\",\"error\":\"invalid_parameters: Invalid path record not found\"}\n","    utils.go:77: \u001b[31m0box-sdk        [DEBUG]  2023/06/29 16:01:04.960889 listworker.go:111: List result:{\"code\":\"invalid_parameters\",\"error\":\"invalid_parameters: Invalid path record not found\"}\n","    utils.go:77: \u001b[31m0box-sdk        [DEBUG]  2023/06/29 16:01:04.962954 listworker.go:111: List result:{\"code\":\"invalid_parameters\",\"error\":\"invalid_parameters: Invalid path record not found\"}\n","    utils.go:77: \u001b[31merror from server list response: {\"code\":\"invalid_parameters\",\"error\":\"invalid_parameters: Invalid path record not found\"}\n","    flaky___flaky_test.go:312: Test case [Rename and delete file concurrently, should work] exit at [06-29-2023 16:01:04]\n","--- PASS: Test___FlakyFileRename/Rename_and_delete_file_concurrently,_should_work (108.63s)",""],"Passed":true,"Skipped":false,"TestFileName":"","TestFunctionDetail":{"Line":0,"Col":0}}]},{"FailureIndicator":"","SkippedIndicator":"skipped","TestResults":[{"TestName":"Test___FlakyScenariosCommonUserFunctions","Package":"github.com/0chain/system_test/tests/cli_tests","ElapsedTime":0,"Output":["","    flaky___flaky_test.go:25: \n","--- SKIP: Test___FlakyScenariosCommonUserFunctions (0.00s)\n",""],"Passed":false,"Skipped":true,"TestFileName":"flaky___flaky_test.go","TestFunctionDetail":{"Line":22,"Col":1}}]},{"FailureIndicator":"failed","SkippedIndicator":"","TestResults":[{"TestName":"Test___FlakyTransferAllocation","Package":"github.com/0chain/system_test/tests/cli_tests","ElapsedTime":0,"Output":["",""],"Passed":false,"Skipped":false,"TestFileName":"flaky___flaky_test.go","TestFunctionDetail":{"Line":90,"Col":1}}]},{"FailureIndicator":"failed","SkippedIndicator":"","TestResults":[{"TestName":"Test___FlakyTransferAllocation/transfer_allocation_accounting_test","Package":"github.com/0chain/system_test/tests/cli_tests","ElapsedTime":34.75,"Output":["","    flaky___flaky_test.go:94: Test case [transfer allocation accounting test] scheduled at [06-29-2023 15:55:55] \n","","","    system_test_framework.go:149: Test case [transfer allocation accounting test] start at [06-29-2023 15:55:55] \n","    zwalletcli_register_wallet_test.go:123: creating wallet...\n","    zboxcli_update_allocation_test.go:1105: Executing faucet...\n","    zwalletcli_register_wallet_test.go:140: faucet output: [No wallet in path  config/Test___FlakyTransferAllocation-transfer_allocation_accounting_test_wallet.json found. Creating wallet... ZCN wallet created!! Execute faucet smart contract success with txn :  a675cc940b11f34461c07532285e6874d1041f8f3183d83326d93fed6b1768af]\n","    zboxcli_update_allocation_test.go:1105: Executing faucet...\n","    zboxcli_create_allocation_test.go:459: Creating new allocation...\n","    zboxcli_file_upload_test.go:917: Uploading file...\n","    zwalletcli_register_wallet_test.go:123: creating wallet...\n","    zboxcli_update_allocation_test.go:1105: Executing faucet...\n","    zwalletcli_register_wallet_test.go:140: faucet output: [No wallet in path  config/Test___FlakyTransferAllocation-transfer_allocation_accounting_test_NEW_OWNER_wallet.json found. Creating wallet... ZCN wallet created!! Execute faucet smart contract success with txn :  0847b6270a631ffc78e696d531983c791624784676b468252eba5a92c2980399]\n","    zboxcli_update_allocation_test.go:1105: Executing faucet...\n","    zwalletcli_register_wallet_test.go:210: Getting wallet...\n","    zboxcli_common_user_functions_test.go:228: Get Allocation...\n","    zboxcli_transfer_allocation_test.go:428: Transferring allocation ownership...\n","    zboxcli_transfer_allocation_test.go:445: Polling for 5 minutes until allocation ownership changed...\n","    utils.go:138: Waiting 5s...\n","    zboxcli_create_dir_test.go:331: Listing all...\n","    utils.go:138: Waiting 5s...\n","    assertions.go:264: \n","        \tError Trace:\t/root/actions-runner6/_work/system_test/system_test/tests/cli_tests/flaky___flaky_test.go:145\n","        \t            \t\t\t\t/root/actions-runner6/_work/system_test/system_test/tests/cli_tests/system_test_framework.go:150\n","        \t            \t\t\t\t/root/actions-runner6/_work/system_test/system_test/tests/cli_tests/asm_amd64.s:1598\n","        \tError:      \tNot equal: \n","        \t            \texpected: 4.4\n","        \t            \tactual  : 1.98\n","        \tTest:       \tTest___FlakyTransferAllocation/transfer_allocation_accounting_test\n","    flaky___flaky_test.go:94: Test case [transfer allocation accounting test] exit at [06-29-2023 15:56:30]\n",""],"Passed":false,"Skipped":false,"TestFileName":"","TestFunctionDetail":{"Line":0,"Col":0}}]},{"FailureIndicator":"failed","SkippedIndicator":"","TestResults":[{"TestName":"Test___FlakyTransferAllocation/transfer_allocation_and_upload_file","Package":"github.com/0chain/system_test/tests/cli_tests","ElapsedTime":115.96,"Output":["","    flaky___flaky_test.go:176: Test case [transfer allocation and upload file] scheduled at [06-29-2023 15:55:55] \n","","","    system_test_framework.go:149: Test case [transfer allocation and upload file] start at [06-29-2023 15:55:55] \n","    zwalletcli_register_wallet_test.go:123: creating wallet...\n","    zboxcli_update_allocation_test.go:1105: Executing faucet...\n","    zwalletcli_register_wallet_test.go:140: faucet output: [No wallet in path  config/Test___FlakyTransferAllocation-transfer_allocation_and_upload_file_wallet.json found. Creating wallet... ZCN wallet created!! Execute faucet smart contract success with txn :  fe40497ebdb4063a8cd6697714097cd75960da73dfa4a7df84f05f960f792ec1]\n","    zboxcli_update_allocation_test.go:1105: Executing faucet...\n","    zboxcli_create_allocation_test.go:459: Creating new allocation...\n","    zboxcli_file_upload_test.go:917: Uploading file...\n","    zwalletcli_register_wallet_test.go:123: creating wallet...\n","    zboxcli_update_allocation_test.go:1105: Executing faucet...\n","    zwalletcli_register_wallet_test.go:140: faucet output: [No wallet in path  config/Test___FlakyTransferAllocation-transfer_allocation_and_upload_file_NEW_OWNER_wallet.json found. Creating wallet... ZCN wallet created!! Execute faucet smart contract success with txn :  e4f0ca704c80a1b34c0c593192b536fbe97b3e5d385c6e5d6e225ef5133fdd22]\n","    zboxcli_update_allocation_test.go:1105: Executing faucet...\n","    zwalletcli_register_wallet_test.go:210: Getting wallet...\n","    zboxcli_transfer_allocation_test.go:428: Transferring allocation ownership...\n","    zboxcli_transfer_allocation_test.go:445: Polling for 5 minutes until allocation ownership changed...\n","    utils.go:138: Waiting 5s...\n","    zboxcli_create_dir_test.go:331: Listing all...\n","    zboxcli_wp_lock_unlock_test.go:348: Locking write tokens...\n","    zboxcli_file_upload_test.go:917: Uploading file...\n","    utils.go:67: \u001b[33mCommand failed on attempt [1/3] due to error [exit status 1]. Output: [0 / 256    0.00% 256 / 256  100.00% 0s -\u003cNEWLINE\u003e- Error in file operation: check_alloc_status_failed: signature verification failed for latest writemarker: write_marker_validation_failed: Write marker signature is not valid -\u003cNEWLINE\u003e- Upload failed. check_alloc_status_failed: signature verification failed for latest writemarker: write_marker_validation_failed: Write marker signature is not valid]\n","    utils.go:67: \u001b[33mCommand failed on attempt [2/3] due to error [exit status 1]. Output: [0 / 256    0.00% 256 / 256  100.00% 0s -\u003cNEWLINE\u003e- Error in file operation: check_alloc_status_failed: signature verification failed for latest writemarker: write_marker_validation_failed: Write marker signature is not valid -\u003cNEWLINE\u003e- Upload failed. check_alloc_status_failed: signature verification failed for latest writemarker: write_marker_validation_failed: Write marker signature is not valid]\n","    utils.go:70: \u001b[31mCommand failed on final attempt [3/3] due to error [exit status 1]. Command String: [./zbox upload --allocation b8e50d925647d8a98521b45bba780289a2397184b578d242f6027894b099b9e2 --remotepath /new/child/CZn-DO2uLv_test.txt --localpath /tmp/CZn-DO2uLv_test.txt --silent --wallet Test___FlakyTransferAllocation-transfer_allocation_and_upload_file_NEW_OWNER_wallet.json --configDir ./config --config ./zbox_config.yaml] Output: [0 / 256    0.00% 256 / 256  100.00% 0s -\u003cNEWLINE\u003e- Error in file operation: check_alloc_status_failed: signature verification failed for latest writemarker: write_marker_validation_failed: Write marker signature is not valid -\u003cNEWLINE\u003e- Upload failed. check_alloc_status_failed: signature verification failed for latest writemarker: write_marker_validation_failed: Write marker signature is not valid]\n","    utils.go:73: \u001b[31mThe verbose output for the command is:\n","    utils.go:77: \u001b[31m0chain-core-sdk [INFO]   2023/06/29 15:57:51.763388 wallet_base.go:327: ******* Wallet SDK Version:v1.8.16-58-g520bdba8 ******* (SetLogFile)\n","    utils.go:77: \u001b[31m0box-sdk        [INFO]   2023/06/29 15:57:51.763426 sdk.go:78: ******* Storage SDK Version: v1.8.16-58-g520bdba8 *******\n","    utils.go:77: \u001b[31m0chain-core-sdk [INFO]   2023/06/29 15:57:51.781043 transaction_base.go:139: ******* Wallet SDK Version:v1.8.16-58-g520bdba8 ******* (InitZCNSDK)\n","    utils.go:77: \u001b[31m0box-sdk        [DEBUG]  2023/06/29 15:57:51.787991 networkworker.go:105: Get network result:{\"miners\":[\"https://dev-6.devnet-0chain.net/miner02\",\"https://dev-6.devnet-0chain.net/miner01\",\"https://dev-6.devnet-0chain.net/miner03\"],\"sharders\":[\"https://dev-6.devnet-0chain.net/sharder02\",\"https://dev-6.devnet-0chain.net/sharder01\"]}\n","    utils.go:77: \u001b[31m0 / 256    0.00%0box-sdk        [INFO]   2023/06/29 15:57:51.906224 chunked_upload.go:518: Completed the upload. Submitting for commit\n","    utils.go:77: \u001b[31m0box-sdk        [INFO]   2023/06/29 15:57:51.909263 writemarker_mutex.go:305: https://dev-6.devnet-0chain.net/blobber06ccegBYce9T9cHKcdAzfs79 locked\n","    utils.go:77: \u001b[31m0box-sdk        [INFO]   2023/06/29 15:57:51.909283 writemarker_mutex.go:305: https://dev-6.devnet-0chain.net/blobber04ccegBYce9T9cHKcdAzfs79 locked\n","    utils.go:77: \u001b[31m0box-sdk        [INFO]   2023/06/29 15:57:51.909294 writemarker_mutex.go:305: https://dev-6.devnet-0chain.net/blobber01ccegBYce9T9cHKcdAzfs79 locked\n","    utils.go:77: \u001b[31m0box-sdk        [INFO]   2023/06/29 15:57:51.910060 writemarker_mutex.go:305: https://dev-6.devnet-0chain.net/blobber02ccegBYce9T9cHKcdAzfs79 locked\n","    utils.go:77: \u001b[31m0box-sdk        \u001b[31m[ERROR]  2023/06/29 15:57:51.915418 rollback.go:226: error during getWritemarker{error 26 0  signature verification failed for latest writemarker: write_marker_validation_failed: Write marker signature is not valid}\u001b[0m\n","    utils.go:77: \u001b[31m0box-sdk        \u001b[31m[ERROR]  2023/06/29 15:57:51.917314 rollback.go:226: error during getWritemarker{error 26 0  signature verification failed for latest writemarker: write_marker_validation_failed: Write marker signature is not valid}\u001b[0m\n","    utils.go:77: \u001b[31m0box-sdk        \u001b[31m[ERROR]  2023/06/29 15:57:51.917627 rollback.go:226: error during getWritemarker{error 26 0  signature verification failed for latest writemarker: write_marker_validation_failed: Write marker signature is not valid}\u001b[0m\n","    utils.go:77: \u001b[31m0box-sdk        \u001b[31m[ERROR]  2023/06/29 15:57:51.919077 rollback.go:226: error during getWritemarker{error 26 0  signature verification failed for latest writemarker: write_marker_validation_failed: Write marker signature is not valid}\u001b[0m\n","    utils.go:77: \u001b[31m0box-sdk        \u001b[31m[ERROR]  2023/06/29 15:57:51.919106 chunked_upload.go:543: Error checking allocation statuscheck_alloc_status_failed: signature verification failed for latest writemarker: write_marker_validation_failed: Write marker signature is not valid\u001b[0m\n","    utils.go:77: \u001b[31m256 / 256  100.00% 0s\n","    utils.go:77: \u001b[31mError in file operation: check_alloc_status_failed: signature verification failed for latest writemarker: write_marker_validation_failed: Write marker signature is not valid\n","    utils.go:77: \u001b[31m0box-sdk        [INFO]   2023/06/29 15:57:51.922656 writemarker_mutex.go:122: https://dev-6.devnet-0chain.net/blobber04ccegBYce9T9cHKcdAzfs79 unlocked\n","    utils.go:77: \u001b[31m0box-sdk        [INFO]   2023/06/29 15:57:51.922699 writemarker_mutex.go:122: https://dev-6.devnet-0chain.net/blobber01ccegBYce9T9cHKcdAzfs79 unlocked\n","    utils.go:77: \u001b[31m0box-sdk        [INFO]   2023/06/29 15:57:51.922703 writemarker_mutex.go:122: https://dev-6.devnet-0chain.net/blobber02ccegBYce9T9cHKcdAzfs79 unlocked\n","    utils.go:77: \u001b[31m0box-sdk        [INFO]   2023/06/29 15:57:51.923691 writemarker_mutex.go:122: https://dev-6.devnet-0chain.net/blobber06ccegBYce9T9cHKcdAzfs79 unlocked\n","    utils.go:77: \u001b[31mUpload failed. check_alloc_status_failed: signature verification failed for latest writemarker: write_marker_validation_failed: Write marker signature is not valid\n","    assertions.go:264: \n","        \tError Trace:\t/root/actions-runner6/_work/system_test/system_test/tests/cli_tests/flaky___flaky_test.go:235\n","        \t            \t\t\t\t/root/actions-runner6/_work/system_test/system_test/tests/cli_tests/system_test_framework.go:150\n","        \t            \t\t\t\t/root/actions-runner6/_work/system_test/system_test/tests/cli_tests/asm_amd64.s:1598\n","        \tError:      \tExpected nil, but got: \u0026exec.ExitError{ProcessState:(*os.ProcessState)(0xc00068e7f8), Stderr:[]uint8(nil)}\n","        \tTest:       \tTest___FlakyTransferAllocation/transfer_allocation_and_upload_file\n","        \tMessages:   \t0 / 256    0.00% 256 / 256  100.00% 0s\n","        \t            \tError in file operation: check_alloc_status_failed: signature verification failed for latest writemarker: write_marker_validation_failed: Write marker signature is not valid\n","        \t            \tUpload failed. check_alloc_status_failed: signature verification failed for latest writemarker: write_marker_validation_failed: Write marker signature is not valid\n","    flaky___flaky_test.go:176: Test case [transfer allocation and upload file] exit at [06-29-2023 15:57:51]\n",""],"Passed":false,"Skipped":false,"TestFileName":"","TestFunctionDetail":{"Line":0,"Col":0}}]}]

    const report = window.GoTestReport({
                                         data: data,
                                         testResultsElem: document.getElementById('testResults'),
                                         testGroupListElem: document.getElementById('testGroupList')
                                       });


</script>
</body>
</html>
