<!DOCTYPE html>
<html lang="en">
<head>
    <meta charset="UTF-8">
    <title>0Chain System test suite: Challenge tests [optimise_rewards-tests/768f6c72] ran against [dev-8.devnet-0chain.net] at [2024-02-11_22.32.23]</title>
    <style type="text/css">
        body {
            font-family: sans-serif;
            background-color: #f3f3f3;
            border-top: 2px #dee6e8 solid;
            margin: 0;
        }

        div.pageHeader span.projectTitle {
            font-family: serif;
            font-size: 2em;
            padding-left: 56px;
            padding-top: 80px;
            display: block;
            color: #a5a5a5;
            text-shadow: 0 -1px 1px white;
        }

        div.pageHeader div.testStats {
            position: absolute;
            top: 7px;
            right: 52px;
            font-size: 0.8em;
            color: #a2a2a2;
        }

        div.pageHeader div.testStats span.indicator {
            font-size: 2em;
            position: relative;
            top: 5px;
            text-shadow: 0 1px 0 white;
        }

        div.pageHeader div.testStats span strong {
            margin-right: 16px;
        }

        div.pageHeader div.testStats span.total {
            border-right: 1px #afafaf dotted;
            background: #8298af;
        }

        div.pageHeader div.testStats span.passed {
            border-right: 1px #afafaf dotted;
            background: #6fca83;
        }

        div.pageHeader div.testStats span.skipped {
            background: #bababa;
        }

        div.pageHeader div.testStats span.failed {
            background: #ff7676;
        }

        div.pageHeader div.testStats span {
            margin-right: 1px;
            height: 55px;
            padding: 20px 8px 18px;
            color: white;
        }

        div.pageHeader .testGroupsTitle {
            margin: 16px 32px 8px 40px;
            font-size: 0.9em;
            color: darkgrey;
            display: inline-block;
        }

        div.pageHeader .testExecutionDate {
            display: inline-block;
            position: absolute;
            right: 10px;
            margin: 14px 32px 8px 40px;
            color: #9e9e9e;
            font-size: 0.9em;
        }

        .testReportContainer {
            padding: 0 32px 32px 32px;
        }

        .cardContainer {
            padding: 16px 16px 16px;
            box-shadow: 0 4px 4px #d4d4d4;
            background-color: white;
        }

        #testResults {
            display: flex;
            flex-wrap: wrap;
        }

        .testResultGroup {
            width: 24px;
            height: 24px;
            background-color: #43c143;
            margin-left: 1px;
            margin-bottom: 1px;
            box-sizing: border-box;
        }

        .testResultGroup.selected {
            border: 1px white solid;
            background-color: black !important;
        }

        .testResultGroup.skipped {
            border: 2px gray solid;
        }

        .testResultGroup.failed {
            background-color: red;
        }

        .cardContainer.testGroupList,
        .cardContainer.testDetail {
            margin-top: 16px;
            padding: 16px;
        }

        .cardContainer.testGroupList {
            color: #9c9c9c;
            padding: 0;
        }

        .cardContainer.testGroupList .testGroupRow {
            cursor: default;
            border-bottom: 1px #dadada dotted;
        }

        .cardContainer.testGroupList .testGroupRow span.testStatus {
            font-size: 1.2em;
            font-weight: bold;
            color: #139e13;
            pointer-events: none;
            display: inline-block;
            overflow: hidden;
            float: left;
            padding-top: 10px;
            padding-left: 20px;
            padding-right: 12px;
        }

        .cardContainer.testGroupList .testGroupRow span.testStatus.skipped {
            color: gray;
        }

        .cardContainer.testGroupList .testGroupRow span.testStatus.failed {
            color: red;
        }

        .cardContainer.testGroupList .testGroupRow span.testTitle {
            font-size: 0.9em;
            padding: 12px 0 10px;
            display: inline-block;
            pointer-events: none;
            color: #525252;
            text-overflow: ellipsis;
            overflow: hidden;
            width: calc(100% - 110px);
        }

        .cardContainer.testGroupList .testGroupRow span.testDuration {
            pointer-events: none;
        }

        .cardContainer.testGroupList .testGroupRow {
            position: relative;
            border-left: 4px #43c143 solid;
        }

        .cardContainer.testGroupList .testGroupRow.skipped {
            color: gray;
            border-left: 4px gray solid;
        }

        .cardContainer.testGroupList .testGroupRow.failed {
            color: red;
            border-left: 4px red solid;
        }

        .cardContainer.testGroupList .testGroupRow:hover {
            background-color: #fffaea;
            transition: 0.250s;
        }

        .cardContainer .testOutput {
            padding: 8px 16px 24px 16px;
        }

        .cardContainer .console {
            display: block;
            font-family: monospace;
            padding: 10px;
            background-color: #424242;
            color: #1aff00;
            border-bottom: 1px #1aff00 dotted;
            overflow: auto;
            font-size: 1.1em;
        }

        .cardContainer .testOutput .testDetail {
            border-bottom: 1px #d0d0d0 solid;
            padding: 16px;
            background-color: #e6e6e6;
            border-radius: 0 0 4px 4px;
            color: dimgrey;
            font-size: 0.8em;
        }

        .cardContainer .console.skipped{
            color: #d9d9d9;
        }

        .cardContainer .console.failed {
            color: #ffb2b2;
        }

        .cardContainer .testDuration {
            position: absolute;
            top: 5px;
            right: 8px;
            text-align: right;
            padding-right: 8px;
            box-sizing: border-box;
        }
    </style>
</head>
<body>
<div class="pageHeader">
    <span class="projectTitle">0Chain System test suite: Challenge tests [optimise_rewards-tests/768f6c72] ran against [dev-8.devnet-0chain.net] at [2024-02-11_22.32.23]</span>
    <div class="testStats">
        <span class="total"><span class="indicator">&boxbox;</span> Total: <strong>9</strong>Duration: <strong>2ms</strong>
        </span><span class="passed"><span class="indicator">&check;</span> Passed: <strong>6</strong>
        </span><span class="skipped"><span class="indicator">&dash;</span> Skipped: <strong>0</strong>
        </span><span class="failed"><span class="indicator">&cross;</span> Failed: <strong>3</strong>
        </span>
    </div>
    <span class="testGroupsTitle">Test Groups:</span>
    <span class="testExecutionDate">February 11, 2024 23:39:22</span>
</div>
<div class="testReportContainer">
    <div class="cardContainer">
        <div id="testResults">
            
                <div class="testResultGroup failed " id="0"></div>
            
                <div class="testResultGroup  " id="1"></div>
            
                <div class="testResultGroup  " id="2"></div>
            
                <div class="testResultGroup  " id="3"></div>
            
                <div class="testResultGroup  " id="4"></div>
            
                <div class="testResultGroup failed " id="5"></div>
            
                <div class="testResultGroup  " id="6"></div>
            
                <div class="testResultGroup failed " id="7"></div>
            
                <div class="testResultGroup  " id="8"></div>
            
        </div>
    </div>
    <div class="cardContainer testGroupList" id="testGroupList"></div>
</div>
<script type="application/javascript">
    /**
 * @typedef TestStatus
 * @property {string} TestName
 * @property {string} Package
 * @property {number} ElapsedTime
 * @property {Array.<string>} Output
 * @property {boolean} Passed
 * @property {boolean} Skipped
 */
class TestStatus {}

/**
 * @typedef TestGroupData
 * @type {object}
 * @property {string} FailureIndicator
 * @property {string} SkippedIndicator
 * @property {Array.<TestStatus>}
 */
class TestGroupData {}

/**
 * @typedef TestResults
 * @type {Array.<TestGroupData>}
 */
class TestResults extends Array {}

/**
 * @typedef SelectedItems
 * @property {HTMLElement|EventTarget} testResults
 * @property {String} selectedTestGroupColor
 */
class SelectedItems {}

/**
 * @typedef GoTestReportElements
 * @property {TestResults} data
 * @property {HTMLElement} testResultsElem
 * @property {HTMLElement} testGroupListElem
 */
class GoTestReportElements {}


/**
 * Main entry point for GoTestReport.
 * @param {GoTestReportElements} elements
 * @returns {{testResultsClickHandler: testResultsClickHandler}}
 * @constructor
 */
window.GoTestReport = function (elements) {
  const /**@type {SelectedItems}*/ selectedItems = {
    testResults: null,
    selectedTestGroupColor: null
  }

  function addEventData(event) {
    if (event.data == null) {
      event.data = {target: event.target}
    }
    return event
  }


  const goTestReport = {
    /**
     * Invoked when a user clicks on one of the test group div elements.
     * @param {HTMLElement} target The element associated with the test group.
     * @param {boolean} shiftKey If pressed, all of test detail associated to the test group is shown.
     * @param {TestResults} data
     * @param {SelectedItems} selectedItems
     * @param {function(target: Element, data: TestResults)} testGroupListHandler
     */
    testResultsClickHandler: function (target,
                                       shiftKey,
                                       data,
                                       selectedItems,
                                       testGroupListHandler) {

      if (target.classList.contains('testResultGroup') === false) {
        return
      }
      if (selectedItems.testResults != null) {
        let testResultsElement = /**@type {HTMLElement}*/ selectedItems.testResults
        testResultsElement.classList.remove("selected")
        testResultsElement.style.backgroundColor = selectedItems.selectedTestGroupColor
      }
      const testGroupId = /**@type {number}*/ target.id
      if ((target.id === undefined)
        || (data[testGroupId] === undefined)
        || (data[testGroupId]['TestResults'] === undefined)) {
        return
      }
      const testResults = /**@type {TestResults}*/ data[testGroupId]['TestResults']
      let testGroupList = /**@type {string}*/ ''
      selectedItems.selectedTestGroupColor = getComputedStyle(target).getPropertyValue('background-color')
      selectedItems.testResults = target
      target.classList.add("selected")
      for (let i = 0; i < testResults.length; i++) {
        const testResult = /**@type {TestGroupData}*/ testResults[i]
        const testPassed = /**@type {boolean}*/ testResult.Passed
        const testSkipped = /**@type {boolean}*/ testResult.Skipped
        const testPassedStatus = /**@type {string}*/ (testPassed) ? '' : (testSkipped ? 'skipped' : 'failed')
        const testId = /**@type {string}*/ target.attributes['id'].value
        testGroupList += `<div class="testGroupRow ${testPassedStatus}" data-groupid="${testId}" data-index="${i}">
        <span class="testStatus ${testPassedStatus}">${(testPassed) ? '&check' : (testSkipped ? '&dash' : '&cross')};</span>
        <span class="testTitle">${testResult.TestName}</span>
        <span class="testDuration"><span>${testResult.ElapsedTime}s </span>‚è±</span>
      </div>`
      }
      const testGroupListElem = elements.testGroupListElem
      testGroupListElem.innerHTML = ''
      testGroupListElem.innerHTML = testGroupList

      if (shiftKey) {
        testGroupListElem.querySelectorAll('.testGroupRow')
                         .forEach((elem) => testGroupListHandler(elem, data))
      } else if (testResults.length === 1) {
        testGroupListHandler(testGroupListElem.querySelector('.testGroupRow'), data)
      }
    },

    /**
     *
     * @param {Element} target
     * @param {TestResults} data
     */
    testGroupListHandler: function (target, data) {
      const attribs = target['attributes']
      if (attribs.hasOwnProperty('data-groupid')) {
        const groupId = /**@type {number}*/ attribs['data-groupid'].value
        const testIndex = /**@type {number}*/ attribs['data-index'].value
        const testStatus = /**@type {TestStatus}*/ data[groupId]['TestResults'][testIndex]
        const testOutputDiv = /**@type {HTMLDivElement}*/ target.querySelector('div.testOutput')

        if (testOutputDiv == null) {
          const testOutputDiv = document.createElement('div')
          testOutputDiv.classList.add('testOutput')
          const consolePre = document.createElement('pre')
          consolePre.classList.add('console')
          const testDetailDiv = document.createElement('div')
          testDetailDiv.classList.add('testDetail')
          const packageNameDiv = document.createElement('div')
          packageNameDiv.classList.add('package')
          packageNameDiv.innerHTML = `<strong>Package:</strong> ${testStatus.Package}`
          const testFileNameDiv = document.createElement('div')
          testFileNameDiv.classList.add('filename')
          if (testStatus.TestFileName.trim() === "") {
            testFileNameDiv.innerHTML = `<strong>Filename:</strong> n/a &nbsp;&nbsp;`
          } else {
            testFileNameDiv.innerHTML = `<strong>Filename:</strong> ${testStatus.TestFileName} &nbsp;&nbsp;`
            testFileNameDiv.innerHTML += `<strong>Line:</strong> ${testStatus.TestFunctionDetail.Line} `
            testFileNameDiv.innerHTML += `<strong>Col:</strong> ${testStatus.TestFunctionDetail.Col}`
          }
          testDetailDiv.insertAdjacentElement('beforeend', packageNameDiv)
          testDetailDiv.insertAdjacentElement('beforeend', testFileNameDiv)
          testOutputDiv.insertAdjacentElement('afterbegin', consolePre)
          testOutputDiv.insertAdjacentElement('beforeend', testDetailDiv)
          target.insertAdjacentElement('beforeend', testOutputDiv)

          if (testStatus.Passed) {
            consolePre.classList.remove('skipped')
            consolePre.classList.remove('failed')
          } else if (testStatus.Skipped) {
            consolePre.classList.add('skipped')
            consolePre.classList.remove('failed')
          } else {
            consolePre.classList.remove('skipped')
            consolePre.classList.add('failed')
          }
          consolePre.textContent = testStatus.Output.join('')
        } else {
          testOutputDiv.remove()
        }
      }
    }
  }

  //+------------------------+
  //|    setup DOM events    |
  //+------------------------+
  elements.testResultsElem
          .addEventListener('click', event =>
            goTestReport.testResultsClickHandler(/**@type {HTMLElement}*/ addEventData(event).data.target,
                                                 event.shiftKey,
                                                 elements.data,
                                                 selectedItems,
                                                 goTestReport.testGroupListHandler))

  elements.testGroupListElem
          .addEventListener('click', event =>
            goTestReport.testGroupListHandler(/**@type {Element}*/ event.target,
                                              elements.data))

  return goTestReport
}


    

    const data = [{"FailureIndicator":"failed","SkippedIndicator":"","TestResults":[{"TestName":"TestProtocolChallenge","Package":"github.com/0chain/system_test/tests/cli_tests","ElapsedTime":0.11,"Output":["","    system_test_framework.go:70: Test setup [Get list of sharders and blobbers] scheduled at [02-11-2024 23:33:44] \n","    system_test_framework.go:80: Test setup [Get list of sharders and blobbers] start at [02-11-2024 23:33:44] \n","2024/02/11 23:33:44 Creating wallet for TestProtocolChallenge with walletIdx 501\n","File ./config/TestProtocolChallenge_wallet.json written successfully.\n","    miner_block_rewards_test.go:478: list sharder nodes...\n","    zboxcli_stake_unstake_token_test.go:262: Requesting blobber list...\n","    system_test_framework.go:93: Test setup [Get list of sharders and blobbers] exit at [02-11-2024 23:33:44]\n","","","    system_test_framework.go:70: Test setup [Get list of sharders and blobbers] scheduled at [02-11-2024 23:35:56] \n","    system_test_framework.go:80: Test setup [Get list of sharders and blobbers] start at [02-11-2024 23:35:56] \n","2024/02/11 23:35:56 Creating wallet for TestProtocolChallenge with walletIdx 501\n","File ./config/TestProtocolChallenge_wallet.json written successfully.\n","    miner_block_rewards_test.go:478: list sharder nodes...\n","    zboxcli_stake_unstake_token_test.go:262: Requesting blobber list...\n","    system_test_framework.go:93: Test setup [Get list of sharders and blobbers] exit at [02-11-2024 23:35:56]\n","","","    system_test_framework.go:70: Test setup [Get list of sharders and blobbers] scheduled at [02-11-2024 23:38:08] \n","    system_test_framework.go:80: Test setup [Get list of sharders and blobbers] start at [02-11-2024 23:38:08] \n","2024/02/11 23:38:08 Creating wallet for TestProtocolChallenge with walletIdx 501\n","File ./config/TestProtocolChallenge_wallet.json written successfully.\n","    miner_block_rewards_test.go:478: list sharder nodes...\n","    zboxcli_stake_unstake_token_test.go:262: Requesting blobber list...\n","    system_test_framework.go:93: Test setup [Get list of sharders and blobbers] exit at [02-11-2024 23:38:09]\n","","","    system_test_framework.go:70: Test setup [Get list of sharders and blobbers] scheduled at [02-11-2024 23:38:10] \n","    system_test_framework.go:80: Test setup [Get list of sharders and blobbers] start at [02-11-2024 23:38:10] \n","2024/02/11 23:38:10 Creating wallet for TestProtocolChallenge with walletIdx 501\n","File ./config/TestProtocolChallenge_wallet.json written successfully.\n","    miner_block_rewards_test.go:478: list sharder nodes...\n","    zboxcli_stake_unstake_token_test.go:262: Requesting blobber list...\n","    system_test_framework.go:93: Test setup [Get list of sharders and blobbers] exit at [02-11-2024 23:38:10]\n","","","    system_test_framework.go:70: Test setup [Get list of sharders and blobbers] scheduled at [02-11-2024 23:39:21] \n","    system_test_framework.go:80: Test setup [Get list of sharders and blobbers] start at [02-11-2024 23:39:21] \n","2024/02/11 23:39:21 Creating wallet for TestProtocolChallenge with walletIdx 501\n","File ./config/TestProtocolChallenge_wallet.json written successfully.\n","    miner_block_rewards_test.go:478: list sharder nodes...\n","    zboxcli_stake_unstake_token_test.go:262: Requesting blobber list...\n","    system_test_framework.go:93: Test setup [Get list of sharders and blobbers] exit at [02-11-2024 23:39:21]\n",""],"Passed":false,"Skipped":false,"TestFileName":"0_challenge_protocol_test.go","TestFunctionDetail":{"Line":22,"Col":1}}]},{"FailureIndicator":"","SkippedIndicator":"","TestResults":[{"TestName":"TestProtocolChallenge/Added_blobber_in_an_allocation_should_also_be_challenged_for_this_blobber_allocation","Package":"github.com/0chain/system_test/tests/cli_tests","ElapsedTime":0.09,"Output":["","    0_challenge_protocol_test.go:139: Test case [Added blobber in an allocation should also be challenged for this blobber allocation] scheduled at [02-11-2024 23:33:44] \n","","","    system_test_framework.go:149: Test case [Added blobber in an allocation should also be challenged for this blobber allocation] start at [02-11-2024 23:33:44] \n","    0_challenge_protocol_test.go:283: Challenges count: map[failed:0 open:0 passed:1130 total:1130]\n","    0_challenge_protocol_test.go:139: Test case [Added blobber in an allocation should also be challenged for this blobber allocation] exit at [02-11-2024 23:33:44]\n","--- PASS: TestProtocolChallenge/Added_blobber_in_an_allocation_should_also_be_challenged_for_this_blobber_allocation (0.09s)",""],"Passed":true,"Skipped":false,"TestFileName":"","TestFunctionDetail":{"Line":0,"Col":0}}]},{"FailureIndicator":"","SkippedIndicator":"","TestResults":[{"TestName":"TestProtocolChallenge/Allocation_with_writes_and_deletes_should_not_get_challenges","Package":"github.com/0chain/system_test/tests/cli_tests","ElapsedTime":0.02,"Output":["","    0_challenge_protocol_test.go:113: Test case [Allocation with writes and deletes should not get challenges] scheduled at [02-11-2024 23:33:44] \n","","","    system_test_framework.go:149: Test case [Allocation with writes and deletes should not get challenges] start at [02-11-2024 23:33:44] \n","    0_challenge_protocol_test.go:283: Challenges count: map[failed:0 open:0 passed:12 total:12]\n","    0_challenge_protocol_test.go:113: Test case [Allocation with writes and deletes should not get challenges] exit at [02-11-2024 23:33:44]\n","--- PASS: TestProtocolChallenge/Allocation_with_writes_and_deletes_should_not_get_challenges (0.02s)",""],"Passed":true,"Skipped":false,"TestFileName":"","TestFunctionDetail":{"Line":0,"Col":0}}]},{"FailureIndicator":"","SkippedIndicator":"","TestResults":[{"TestName":"TestProtocolChallenge/Allocation_with_writes_should_get_challenges","Package":"github.com/0chain/system_test/tests/cli_tests","ElapsedTime":0.02,"Output":["","    0_challenge_protocol_test.go:99: Test case [Allocation with writes should get challenges] scheduled at [02-11-2024 23:33:44] \n","","","    system_test_framework.go:149: Test case [Allocation with writes should get challenges] start at [02-11-2024 23:33:44] \n","    0_challenge_protocol_test.go:283: Challenges count: map[failed:0 open:0 passed:6625 total:6625]\n","    0_challenge_protocol_test.go:99: Test case [Allocation with writes should get challenges] exit at [02-11-2024 23:33:44]\n","--- PASS: TestProtocolChallenge/Allocation_with_writes_should_get_challenges (0.02s)",""],"Passed":true,"Skipped":false,"TestFileName":"","TestFunctionDetail":{"Line":0,"Col":0}}]},{"FailureIndicator":"","SkippedIndicator":"","TestResults":[{"TestName":"TestProtocolChallenge/Canceled_allocation_should_no_more_get_any_challenges","Package":"github.com/0chain/system_test/tests/cli_tests","ElapsedTime":0.02,"Output":["","    0_challenge_protocol_test.go:189: Test case [Canceled allocation should no more get any challenges] scheduled at [02-11-2024 23:33:44] \n","","","    system_test_framework.go:149: Test case [Canceled allocation should no more get any challenges] start at [02-11-2024 23:33:44] \n","    0_challenge_protocol_test.go:283: Challenges count: map[failed:0 open:0 passed:2 total:2]\n","    0_challenge_protocol_test.go:189: Test case [Canceled allocation should no more get any challenges] exit at [02-11-2024 23:33:44]\n","--- PASS: TestProtocolChallenge/Canceled_allocation_should_no_more_get_any_challenges (0.02s)",""],"Passed":true,"Skipped":false,"TestFileName":"","TestFunctionDetail":{"Line":0,"Col":0}}]},{"FailureIndicator":"failed","SkippedIndicator":"","TestResults":[{"TestName":"TestProtocolChallenge/Challenges_success_rate_and_blobber_distribution_should_be_good","Package":"github.com/0chain/system_test/tests/cli_tests","ElapsedTime":0.04,"Output":["","    0_challenge_protocol_test.go:202: Test case [Challenges success rate and blobber distribution should be good] scheduled at [02-11-2024 23:33:44] \n","","","    system_test_framework.go:149: Test case [Challenges success rate and blobber distribution should be good] start at [02-11-2024 23:33:44] \n","2024/02/11 23:33:44 Creating wallet for TestProtocolChallenge-Number_of_challenges_between_2_blocks_should_be_equal_to_the_number_of_blocks_after_challenge_generation_gap_-given_that_we_have_active_allocations- with walletIdx 502\n","    0_challenge_protocol_test.go:283: Challenges count: map[failed:0 open:69 passed:16956 total:17025]\n","    0_challenge_protocol_test.go:213: Total weight :  1e+07\n","    0_challenge_protocol_test.go:234: Expected Counts :  map[3812b813bdbba23d548442add2e49d24edd1a178ba0e8daf878599270a2be0ae:4206 45d0de870ee7cd36f83fd633c9989b9e640f0b386c639aa6c178923f3e968fc1:4154 48592ae54bcd3f6e4f36f6e94b95247afb1addcf4704a87967f6e5f25bcb625e:4341 5064a8e0ce29a8e92d43a93c6b8a0a786e89d53642df65ad721ebd6915d32671:4324]\n","    0_challenge_protocol_test.go:283: Challenges count: map[failed:0 open:0 passed:2247 total:2247]\n","    0_challenge_protocol_test.go:243: Blobber weight :  0  Expected Challenges :  0  Blobber Challenges :  2247\n","    assertions.go:333: \n","        \tError Trace:\t/root/actions-runner8/_work/system_test/system_test/tests/cli_tests/0_challenge_protocol_test.go:245\n","        \t            \t\t\t\t/root/actions-runner8/_work/system_test/system_test/internal/api/util/test/system_test_framework.go:150\n","        \t            \t\t\t\t/root/actions-runner8/_work/_tool/go/1.20.12/x64/src/runtime/asm_amd64.s:1598\n","        \tError:      \tRelative error is too high: 0.25 (expected)\n","        \t            \t        \u003c 1 (actual)\n","        \tTest:       \tTestProtocolChallenge/Challenges_success_rate_and_blobber_distribution_should_be_good\n","        \tMessages:   \tblobber distribution should within tolerance\n","    0_challenge_protocol_test.go:202: Test case [Challenges success rate and blobber distribution should be good] exit at [02-11-2024 23:33:45]\n","","","    0_challenge_protocol_test.go:202: Test case [Challenges success rate and blobber distribution should be good] scheduled at [02-11-2024 23:38:09] \n","","","    system_test_framework.go:149: Test case [Challenges success rate and blobber distribution should be good] start at [02-11-2024 23:38:09] \n","    0_challenge_protocol_test.go:283: Challenges count: map[failed:0 open:69 passed:16956 total:17025]\n","    0_challenge_protocol_test.go:213: Total weight :  1e+07\n","    0_challenge_protocol_test.go:234: Expected Counts :  map[3812b813bdbba23d548442add2e49d24edd1a178ba0e8daf878599270a2be0ae:4278 45d0de870ee7cd36f83fd633c9989b9e640f0b386c639aa6c178923f3e968fc1:4247 48592ae54bcd3f6e4f36f6e94b95247afb1addcf4704a87967f6e5f25bcb625e:4251 5064a8e0ce29a8e92d43a93c6b8a0a786e89d53642df65ad721ebd6915d32671:4249]\n","    0_challenge_protocol_test.go:283: Challenges count: map[failed:0 open:0 passed:2247 total:2247]\n","    0_challenge_protocol_test.go:243: Blobber weight :  0  Expected Challenges :  0  Blobber Challenges :  2247\n","    assertions.go:333: \n","        \tError Trace:\t/root/actions-runner8/_work/system_test/system_test/tests/cli_tests/0_challenge_protocol_test.go:245\n","        \t            \t\t\t\t/root/actions-runner8/_work/system_test/system_test/internal/api/util/test/system_test_framework.go:150\n","        \t            \t\t\t\t/root/actions-runner8/_work/_tool/go/1.20.12/x64/src/runtime/asm_amd64.s:1598\n","        \tError:      \tRelative error is too high: 0.25 (expected)\n","        \t            \t        \u003c 1 (actual)\n","        \tTest:       \tTestProtocolChallenge/Challenges_success_rate_and_blobber_distribution_should_be_good\n","        \tMessages:   \tblobber distribution should within tolerance\n","    0_challenge_protocol_test.go:202: Test case [Challenges success rate and blobber distribution should be good] exit at [02-11-2024 23:38:09]\n","","","    0_challenge_protocol_test.go:202: Test case [Challenges success rate and blobber distribution should be good] scheduled at [02-11-2024 23:39:21] \n","","","    system_test_framework.go:149: Test case [Challenges success rate and blobber distribution should be good] start at [02-11-2024 23:39:21] \n","    0_challenge_protocol_test.go:283: Challenges count: map[failed:0 open:69 passed:16956 total:17025]\n","    0_challenge_protocol_test.go:213: Total weight :  1e+07\n","    0_challenge_protocol_test.go:234: Expected Counts :  map[3812b813bdbba23d548442add2e49d24edd1a178ba0e8daf878599270a2be0ae:4370 45d0de870ee7cd36f83fd633c9989b9e640f0b386c639aa6c178923f3e968fc1:4184 48592ae54bcd3f6e4f36f6e94b95247afb1addcf4704a87967f6e5f25bcb625e:4255 5064a8e0ce29a8e92d43a93c6b8a0a786e89d53642df65ad721ebd6915d32671:4216]\n","    0_challenge_protocol_test.go:283: Challenges count: map[failed:0 open:0 passed:2247 total:2247]\n","    0_challenge_protocol_test.go:243: Blobber weight :  0  Expected Challenges :  0  Blobber Challenges :  2247\n","    assertions.go:333: \n","        \tError Trace:\t/root/actions-runner8/_work/system_test/system_test/tests/cli_tests/0_challenge_protocol_test.go:245\n","        \t            \t\t\t\t/root/actions-runner8/_work/system_test/system_test/internal/api/util/test/system_test_framework.go:150\n","        \t            \t\t\t\t/root/actions-runner8/_work/_tool/go/1.20.12/x64/src/runtime/asm_amd64.s:1598\n","        \tError:      \tRelative error is too high: 0.25 (expected)\n","        \t            \t        \u003c 1 (actual)\n","        \tTest:       \tTestProtocolChallenge/Challenges_success_rate_and_blobber_distribution_should_be_good\n","        \tMessages:   \tblobber distribution should within tolerance\n","    0_challenge_protocol_test.go:202: Test case [Challenges success rate and blobber distribution should be good] exit at [02-11-2024 23:39:21]\n",""],"Passed":false,"Skipped":false,"TestFileName":"","TestFunctionDetail":{"Line":0,"Col":0}}]},{"FailureIndicator":"","SkippedIndicator":"","TestResults":[{"TestName":"TestProtocolChallenge/Empty_Allocation_should_not_get_challenges","Package":"github.com/0chain/system_test/tests/cli_tests","ElapsedTime":0.02,"Output":["","    0_challenge_protocol_test.go:126: Test case [Empty Allocation should not get challenges] scheduled at [02-11-2024 23:33:44] \n","","","    system_test_framework.go:149: Test case [Empty Allocation should not get challenges] start at [02-11-2024 23:33:44] \n","    0_challenge_protocol_test.go:283: Challenges count: map[failed:0 open:0 passed:0 total:0]\n","    0_challenge_protocol_test.go:126: Test case [Empty Allocation should not get challenges] exit at [02-11-2024 23:33:44]\n","--- PASS: TestProtocolChallenge/Empty_Allocation_should_not_get_challenges (0.02s)",""],"Passed":true,"Skipped":false,"TestFileName":"","TestFunctionDetail":{"Line":0,"Col":0}}]},{"FailureIndicator":"failed","SkippedIndicator":"","TestResults":[{"TestName":"TestProtocolChallenge/Number_of_challenges_between_2_blocks_should_be_equal_to_the_number_of_blocks_after_challenge_generation_gap_(given_that_we_have_active_allocations)","Package":"github.com/0chain/system_test/tests/cli_tests","ElapsedTime":70.66,"Output":["","    0_challenge_protocol_test.go:60: Test case [Number of challenges between 2 blocks should be equal to the number of blocks after challenge_generation_gap (given that we have active allocations)] scheduled at [02-11-2024 23:33:44] \n","","","    system_test_framework.go:149: Test case [Number of challenges between 2 blocks should be equal to the number of blocks after challenge_generation_gap (given that we have active allocations)] start at [02-11-2024 23:33:44] \n","    zboxcli_create_allocation_test.go:444: Creating new allocation...\n","    utils.go:82: \u001b[33mCommand failed on attempt [1/3] due to error [exit status 1]. Output: [Error creating allocation: [txn] too less sharders to confirm it: min_confirmation is 50%, but got 0/2 sharders -\u003cNEWLINE\u003e- https://dev-8.devnet-0chain.net/sharder02/v1/transaction/get/confirmation?hash=7cbc1881a4d5905711f2c83be0c0488f54a2f7c0bcc4cb0fc1beba09de749471: [400] {\"error\":\"unexpected end of JSON input\"} -\u003cNEWLINE\u003e- https://dev-8.devnet-0chain.net/sharder01/v1/transaction/get/confirmation?hash=7cbc1881a4d5905711f2c83be0c0488f54a2f7c0bcc4cb0fc1beba09de749471: [400] {\"error\":\"unexpected end of JSON input\"}]\n","    utils.go:82: \u001b[33mCommand failed on attempt [2/3] due to error [exit status 1]. Output: [Error creating allocation: [txn] too less sharders to confirm it: min_confirmation is 50%, but got 0/2 sharders -\u003cNEWLINE\u003e- https://dev-8.devnet-0chain.net/sharder01/v1/transaction/get/confirmation?hash=19acececd696d83f0ed0ce3a85a66260b1b0e9b7219634e9719949d87259999f: [400] {\"error\":\"unexpected end of JSON input\"} -\u003cNEWLINE\u003e- https://dev-8.devnet-0chain.net/sharder02/v1/transaction/get/confirmation?hash=19acececd696d83f0ed0ce3a85a66260b1b0e9b7219634e9719949d87259999f: [400] {\"error\":\"unexpected end of JSON input\"}]\n","    utils.go:98: \u001b[31mCommand failed on final attempt [3/3] due to error [exit status 1]. Command String: [] Output: [Error creating allocation: [txn] too less sharders to confirm it: min_confirmation is 50%, but got 0/2 sharders -\u003cNEWLINE\u003e- https://dev-8.devnet-0chain.net/sharder01/v1/transaction/get/confirmation?hash=482bd53a696832fb01980be058e7ad6925ff1cb82e50eaafc3f214ad38b0a11e: [400] {\"error\":\"unexpected end of JSON input\"} -\u003cNEWLINE\u003e- https://dev-8.devnet-0chain.net/sharder02/v1/transaction/get/confirmation?hash=482bd53a696832fb01980be058e7ad6925ff1cb82e50eaafc3f214ad38b0a11e: [400] {\"error\":\"unexpected end of JSON input\"}]\n","    utils.go:101: \u001b[31mThe verbose output for the command is:\n","    utils.go:105: \u001b[31m0chain-core-sdk [INFO]   2024/02/11 23:35:25.632003 wallet_base.go:331: ******* Wallet SDK Version:v1.11.5-4-ga759a908 ******* (SetLogFile)\n","    utils.go:105: \u001b[31m0box-sdk        [INFO]   2024/02/11 23:35:25.632103 sdk.go:88: ******* Storage SDK Version: v1.11.5-4-ga759a908 *******\n","    utils.go:105: \u001b[31m0chain-core-sdk [INFO]   2024/02/11 23:35:25.656399 transaction_base.go:143: ******* Wallet SDK Version:v1.11.5-4-ga759a908 ******* (InitZCNSDK)\n","    utils.go:105: \u001b[31m0box-sdk        [DEBUG]  2024/02/11 23:35:25.665486 networkworker.go:119: Get network result:{\"miners\":[\"https://dev-8.devnet-0chain.net/miner02\",\"https://dev-8.devnet-0chain.net/miner01\",\"https://dev-8.devnet-0chain.net/miner03\"],\"sharders\":[\"https://dev-8.devnet-0chain.net/sharder02\",\"https://dev-8.devnet-0chain.net/sharder01\"]}\n","    utils.go:105: \u001b[31m0box-sdk        [INFO]   2024/02/11 23:35:25.684232 node.go:194: Query from https://dev-8.devnet-0chain.net/sharder01/v1/client/get/balance?client_id=d0071ba16e1e3dbc1a32883f975dad6e403f3d5747343feb548cad35e46b3dca\n","    utils.go:105: \u001b[31m0box-sdk        [INFO]   2024/02/11 23:35:25.684240 node.go:194: Query from https://dev-8.devnet-0chain.net/sharder02/v1/client/get/balance?client_id=d0071ba16e1e3dbc1a32883f975dad6e403f3d5747343feb548cad35e46b3dca\n","    utils.go:105: \u001b[31m0box-sdk        [DEBUG]  2024/02/11 23:35:25.686209 node.go:147: https://dev-8.devnet-0chain.net/sharder02/v1/client/get/balance?client_id=d0071ba16e1e3dbc1a32883f975dad6e403f3d5747343feb548cad35e46b3dca200 OK\n","    utils.go:105: \u001b[31m0box-sdk        [DEBUG]  2024/02/11 23:35:25.686258 node.go:152: {\"txn\":\"0000000000000000000000000000000000000000000000000000000000000000\",\"round\":0,\"balance\":680000000000000,\"nonce\":1}\n","    utils.go:105: \u001b[31m0box-sdk        [DEBUG]  2024/02/11 23:35:25.686300 node.go:147: https://dev-8.devnet-0chain.net/sharder01/v1/client/get/balance?client_id=d0071ba16e1e3dbc1a32883f975dad6e403f3d5747343feb548cad35e46b3dca200 OK\n","    utils.go:105: \u001b[31m0box-sdk        [DEBUG]  2024/02/11 23:35:25.686314 node.go:152: {\"txn\":\"0000000000000000000000000000000000000000000000000000000000000000\",\"round\":0,\"balance\":680000000000000,\"nonce\":1}\n","    utils.go:105: \u001b[31m0box-sdk        [INFO]   2024/02/11 23:35:25.686729 sdk.go:1514: executing transaction 'new_allocation_request' with hash 489212b8abef64ce732ff4063d2275cf238c26529e8300fbded5fbb3145485d3\n","    utils.go:105: \u001b[31m0box-sdk        [INFO]   2024/02/11 23:35:25.686744 sdk.go:1515: estimated txn fee: 100000000\n","    utils.go:105: \u001b[31m0box-sdk        \u001b[31m[ERROR]  2024/02/11 23:35:55.839532 sdk.go:1542: Error verifying the transaction[txn] too less sharders to confirm it: min_confirmation is 50%, but got 0/2 sharders\n","    utils.go:105: \u001b[31mhttps://dev-8.devnet-0chain.net/sharder01/v1/transaction/get/confirmation?hash=489212b8abef64ce732ff4063d2275cf238c26529e8300fbded5fbb3145485d3: [400] {\"error\":\"unexpected end of JSON input\"}\n","    utils.go:105: \u001b[31mhttps://dev-8.devnet-0chain.net/sharder02/v1/transaction/get/confirmation?hash=489212b8abef64ce732ff4063d2275cf238c26529e8300fbded5fbb3145485d3: [400] {\"error\":\"unexpected end of JSON input\"}\n","    utils.go:105: \u001b[31m489212b8abef64ce732ff4063d2275cf238c26529e8300fbded5fbb3145485d3\u001b[0m\n","    utils.go:105: \u001b[31mError creating allocation: [txn] too less sharders to confirm it: min_confirmation is 50%, but got 0/2 sharders\n","    assertions.go:333: \n","        \tError Trace:\t/root/actions-runner8/_work/system_test/system_test/tests/cli_tests/zboxcli_update_allocation_test.go:817\n","        \t            \t\t\t\t/root/actions-runner8/_work/system_test/system_test/tests/cli_tests/zboxcli_update_allocation_test.go:799\n","        \t            \t\t\t\t/root/actions-runner8/_work/system_test/system_test/tests/cli_tests/zboxcli_file_download_test.go:1317\n","        \t            \t\t\t\t/root/actions-runner8/_work/system_test/system_test/tests/cli_tests/0_challenge_protocol_test.go:61\n","        \t            \t\t\t\t/root/actions-runner8/_work/system_test/system_test/internal/api/util/test/system_test_framework.go:150\n","        \t            \t\t\t\t/root/actions-runner8/_work/_tool/go/1.20.12/x64/src/runtime/asm_amd64.s:1598\n","        \tError:      \tReceived unexpected error:\n","        \t            \texit status 1\n","        \tTest:       \tTestProtocolChallenge/Number_of_challenges_between_2_blocks_should_be_equal_to_the_number_of_blocks_after_challenge_generation_gap_(given_that_we_have_active_allocations)\n","        \tMessages:   \tcreate new allocation failed%!(EXTRA string=Error creating allocation: [txn] too less sharders to confirm it: min_confirmation is 50%, but got 0/2 sharders\n","        \t            \thttps://dev-8.devnet-0chain.net/sharder01/v1/transaction/get/confirmation?hash=482bd53a696832fb01980be058e7ad6925ff1cb82e50eaafc3f214ad38b0a11e: [400] {\"error\":\"unexpected end of JSON input\"}\n","        \t            \thttps://dev-8.devnet-0chain.net/sharder02/v1/transaction/get/confirmation?hash=482bd53a696832fb01980be058e7ad6925ff1cb82e50eaafc3f214ad38b0a11e: [400] {\"error\":\"unexpected end of JSON input\"})\n","    0_challenge_protocol_test.go:60: Test case [Number of challenges between 2 blocks should be equal to the number of blocks after challenge_generation_gap (given that we have active allocations)] exit at [02-11-2024 23:35:55]\n","","","    0_challenge_protocol_test.go:60: Test case [Number of challenges between 2 blocks should be equal to the number of blocks after challenge_generation_gap (given that we have active allocations)] scheduled at [02-11-2024 23:35:56] \n","","","    system_test_framework.go:149: Test case [Number of challenges between 2 blocks should be equal to the number of blocks after challenge_generation_gap (given that we have active allocations)] start at [02-11-2024 23:35:56] \n","2024/02/11 23:35:56 Creating wallet for TestProtocolChallenge-Number_of_challenges_between_2_blocks_should_be_equal_to_the_number_of_blocks_after_challenge_generation_gap_-given_that_we_have_active_allocations- with walletIdx 502\n","File ./config/TestProtocolChallenge-Number_of_challenges_between_2_blocks_should_be_equal_to_the_number_of_blocks_after_challenge_generation_gap_-given_that_we_have_active_allocations-_wallet.json written successfully.\n","    zboxcli_create_allocation_test.go:444: Creating new allocation...\n","    utils.go:82: \u001b[33mCommand failed on attempt [1/3] due to error [exit status 1]. Output: [Error creating allocation: [txn] too less sharders to confirm it: min_confirmation is 50%, but got 0/2 sharders -\u003cNEWLINE\u003e- https://dev-8.devnet-0chain.net/sharder01/v1/transaction/get/confirmation?hash=4b941fe88497e20e5ea7d0a2fc62b7903acd437e613686cd2fa52cf7c25499a3: [400] {\"error\":\"unexpected end of JSON input\"} -\u003cNEWLINE\u003e- https://dev-8.devnet-0chain.net/sharder02/v1/transaction/get/confirmation?hash=4b941fe88497e20e5ea7d0a2fc62b7903acd437e613686cd2fa52cf7c25499a3: [400] {\"error\":\"unexpected end of JSON input\"}]\n","    utils.go:82: \u001b[33mCommand failed on attempt [2/3] due to error [exit status 1]. Output: [Error creating allocation: [txn] too less sharders to confirm it: min_confirmation is 50%, but got 0/2 sharders -\u003cNEWLINE\u003e- https://dev-8.devnet-0chain.net/sharder01/v1/transaction/get/confirmation?hash=c4e3c0250c21458b113c5912be4f46244ed596ccce618728844d83a93c1e97ef: [400] {\"error\":\"unexpected end of JSON input\"} -\u003cNEWLINE\u003e- https://dev-8.devnet-0chain.net/sharder02/v1/transaction/get/confirmation?hash=c4e3c0250c21458b113c5912be4f46244ed596ccce618728844d83a93c1e97ef: [400] {\"error\":\"unexpected end of JSON input\"}]\n","    utils.go:98: \u001b[31mCommand failed on final attempt [3/3] due to error [exit status 1]. Command String: [] Output: [Error creating allocation: [txn] too less sharders to confirm it: min_confirmation is 50%, but got 0/2 sharders -\u003cNEWLINE\u003e- https://dev-8.devnet-0chain.net/sharder02/v1/transaction/get/confirmation?hash=d85fe6e095d4927779a0d00c25cd672f0fdcbeffbe18f081e68e71bea444a01f: [400] {\"error\":\"unexpected end of JSON input\"} -\u003cNEWLINE\u003e- https://dev-8.devnet-0chain.net/sharder01/v1/transaction/get/confirmation?hash=d85fe6e095d4927779a0d00c25cd672f0fdcbeffbe18f081e68e71bea444a01f: [400] {\"error\":\"unexpected end of JSON input\"}]\n","    utils.go:101: \u001b[31mThe verbose output for the command is:\n","    utils.go:105: \u001b[31m0chain-core-sdk [INFO]   2024/02/11 23:37:37.711930 wallet_base.go:331: ******* Wallet SDK Version:v1.11.5-4-ga759a908 ******* (SetLogFile)\n","    utils.go:105: \u001b[31m0box-sdk        [INFO]   2024/02/11 23:37:37.712023 sdk.go:88: ******* Storage SDK Version: v1.11.5-4-ga759a908 *******\n","    utils.go:105: \u001b[31m0chain-core-sdk [INFO]   2024/02/11 23:37:37.736138 transaction_base.go:143: ******* Wallet SDK Version:v1.11.5-4-ga759a908 ******* (InitZCNSDK)\n","    utils.go:105: \u001b[31m0box-sdk        [DEBUG]  2024/02/11 23:37:37.745136 networkworker.go:119: Get network result:{\"miners\":[\"https://dev-8.devnet-0chain.net/miner02\",\"https://dev-8.devnet-0chain.net/miner01\",\"https://dev-8.devnet-0chain.net/miner03\"],\"sharders\":[\"https://dev-8.devnet-0chain.net/sharder02\",\"https://dev-8.devnet-0chain.net/sharder01\"]}\n","    utils.go:105: \u001b[31m0box-sdk        [INFO]   2024/02/11 23:37:37.761616 node.go:194: Query from https://dev-8.devnet-0chain.net/sharder02/v1/client/get/balance?client_id=d0071ba16e1e3dbc1a32883f975dad6e403f3d5747343feb548cad35e46b3dca\n","    utils.go:105: \u001b[31m0box-sdk        [INFO]   2024/02/11 23:37:37.761623 node.go:194: Query from https://dev-8.devnet-0chain.net/sharder01/v1/client/get/balance?client_id=d0071ba16e1e3dbc1a32883f975dad6e403f3d5747343feb548cad35e46b3dca\n","    utils.go:105: \u001b[31m0box-sdk        [DEBUG]  2024/02/11 23:37:37.763349 node.go:147: https://dev-8.devnet-0chain.net/sharder02/v1/client/get/balance?client_id=d0071ba16e1e3dbc1a32883f975dad6e403f3d5747343feb548cad35e46b3dca200 OK\n","    utils.go:105: \u001b[31m0box-sdk        [DEBUG]  2024/02/11 23:37:37.763370 node.go:152: {\"txn\":\"0000000000000000000000000000000000000000000000000000000000000000\",\"round\":0,\"balance\":680000000000000,\"nonce\":1}\n","    utils.go:105: \u001b[31m0box-sdk        [DEBUG]  2024/02/11 23:37:37.763401 node.go:147: https://dev-8.devnet-0chain.net/sharder01/v1/client/get/balance?client_id=d0071ba16e1e3dbc1a32883f975dad6e403f3d5747343feb548cad35e46b3dca200 OK\n","    utils.go:105: \u001b[31m0box-sdk        [DEBUG]  2024/02/11 23:37:37.763407 node.go:152: {\"txn\":\"0000000000000000000000000000000000000000000000000000000000000000\",\"round\":0,\"balance\":680000000000000,\"nonce\":1}\n","    utils.go:105: \u001b[31m0box-sdk        [INFO]   2024/02/11 23:37:37.763652 sdk.go:1514: executing transaction 'new_allocation_request' with hash ad447dee2c2ae7192efe7d29089cd2152046fb250e83a3a6b611c4fd6f4ead65\n","    utils.go:105: \u001b[31m0box-sdk        [INFO]   2024/02/11 23:37:37.763664 sdk.go:1515: estimated txn fee: 100000000\n","    utils.go:105: \u001b[31m0box-sdk        \u001b[31m[ERROR]  2024/02/11 23:38:07.911217 sdk.go:1542: Error verifying the transaction[txn] too less sharders to confirm it: min_confirmation is 50%, but got 0/2 sharders\n","    utils.go:105: \u001b[31mhttps://dev-8.devnet-0chain.net/sharder02/v1/transaction/get/confirmation?hash=ad447dee2c2ae7192efe7d29089cd2152046fb250e83a3a6b611c4fd6f4ead65: [400] {\"error\":\"unexpected end of JSON input\"}\n","    utils.go:105: \u001b[31mhttps://dev-8.devnet-0chain.net/sharder01/v1/transaction/get/confirmation?hash=ad447dee2c2ae7192efe7d29089cd2152046fb250e83a3a6b611c4fd6f4ead65: [400] {\"error\":\"unexpected end of JSON input\"}\n","    utils.go:105: \u001b[31mad447dee2c2ae7192efe7d29089cd2152046fb250e83a3a6b611c4fd6f4ead65\u001b[0m\n","    utils.go:105: \u001b[31mError creating allocation: [txn] too less sharders to confirm it: min_confirmation is 50%, but got 0/2 sharders\n","    assertions.go:333: \n","        \tError Trace:\t/root/actions-runner8/_work/system_test/system_test/tests/cli_tests/zboxcli_update_allocation_test.go:817\n","        \t            \t\t\t\t/root/actions-runner8/_work/system_test/system_test/tests/cli_tests/zboxcli_update_allocation_test.go:799\n","        \t            \t\t\t\t/root/actions-runner8/_work/system_test/system_test/tests/cli_tests/zboxcli_file_download_test.go:1317\n","        \t            \t\t\t\t/root/actions-runner8/_work/system_test/system_test/tests/cli_tests/0_challenge_protocol_test.go:61\n","        \t            \t\t\t\t/root/actions-runner8/_work/system_test/system_test/internal/api/util/test/system_test_framework.go:150\n","        \t            \t\t\t\t/root/actions-runner8/_work/_tool/go/1.20.12/x64/src/runtime/asm_amd64.s:1598\n","        \tError:      \tReceived unexpected error:\n","        \t            \texit status 1\n","        \tTest:       \tTestProtocolChallenge/Number_of_challenges_between_2_blocks_should_be_equal_to_the_number_of_blocks_after_challenge_generation_gap_(given_that_we_have_active_allocations)\n","        \tMessages:   \tcreate new allocation failed%!(EXTRA string=Error creating allocation: [txn] too less sharders to confirm it: min_confirmation is 50%, but got 0/2 sharders\n","        \t            \thttps://dev-8.devnet-0chain.net/sharder02/v1/transaction/get/confirmation?hash=d85fe6e095d4927779a0d00c25cd672f0fdcbeffbe18f081e68e71bea444a01f: [400] {\"error\":\"unexpected end of JSON input\"}\n","        \t            \thttps://dev-8.devnet-0chain.net/sharder01/v1/transaction/get/confirmation?hash=d85fe6e095d4927779a0d00c25cd672f0fdcbeffbe18f081e68e71bea444a01f: [400] {\"error\":\"unexpected end of JSON input\"})\n","    0_challenge_protocol_test.go:60: Test case [Number of challenges between 2 blocks should be equal to the number of blocks after challenge_generation_gap (given that we have active allocations)] exit at [02-11-2024 23:38:07]\n","","","    0_challenge_protocol_test.go:60: Test case [Number of challenges between 2 blocks should be equal to the number of blocks after challenge_generation_gap (given that we have active allocations)] scheduled at [02-11-2024 23:38:10] \n","","","    system_test_framework.go:149: Test case [Number of challenges between 2 blocks should be equal to the number of blocks after challenge_generation_gap (given that we have active allocations)] start at [02-11-2024 23:38:10] \n","2024/02/11 23:38:10 Creating wallet for TestProtocolChallenge-Number_of_challenges_between_2_blocks_should_be_equal_to_the_number_of_blocks_after_challenge_generation_gap_-given_that_we_have_active_allocations- with walletIdx 502\n","File ./config/TestProtocolChallenge-Number_of_challenges_between_2_blocks_should_be_equal_to_the_number_of_blocks_after_challenge_generation_gap_-given_that_we_have_active_allocations-_wallet.json written successfully.\n","    zboxcli_create_allocation_test.go:444: Creating new allocation...\n","    utils.go:82: \u001b[33mCommand failed on attempt [1/3] due to error [exit status 1]. Output: [Error creating allocation: transaction_send_error: transaction_send_error: \u003chtml\u003e -\u003cNEWLINE\u003e- \u003chead\u003e\u003ctitle\u003e503 Service Temporarily Unavailable\u003c/title\u003e\u003c/head\u003e -\u003cNEWLINE\u003e- \u003cbody\u003e -\u003cNEWLINE\u003e- \u003ccenter\u003e\u003ch1\u003e503 Service Temporarily Unavailable\u003c/h1\u003e\u003c/center\u003e -\u003cNEWLINE\u003e- \u003chr\u003e\u003ccenter\u003enginx\u003c/center\u003e -\u003cNEWLINE\u003e- \u003c/body\u003e -\u003cNEWLINE\u003e- \u003c/html\u003e]\n","    utils.go:82: \u001b[33mCommand failed on attempt [2/3] due to error [exit status 1]. Output: [Error creating allocation: transaction_send_error: transaction_send_error: \u003chtml\u003e -\u003cNEWLINE\u003e- \u003chead\u003e\u003ctitle\u003e503 Service Temporarily Unavailable\u003c/title\u003e\u003c/head\u003e -\u003cNEWLINE\u003e- \u003cbody\u003e -\u003cNEWLINE\u003e- \u003ccenter\u003e\u003ch1\u003e503 Service Temporarily Unavailable\u003c/h1\u003e\u003c/center\u003e -\u003cNEWLINE\u003e- \u003chr\u003e\u003ccenter\u003enginx\u003c/center\u003e -\u003cNEWLINE\u003e- \u003c/body\u003e -\u003cNEWLINE\u003e- \u003c/html\u003e]\n","    utils.go:98: \u001b[31mCommand failed on final attempt [3/3] due to error [exit status 1]. Command String: [] Output: [Error creating allocation: [txn] too less sharders to confirm it: min_confirmation is 50%, but got 0/2 sharders -\u003cNEWLINE\u003e- https://dev-8.devnet-0chain.net/sharder02/v1/transaction/get/confirmation?hash=6bb7bff840459944956848ae370f565cb30090f2da1132f29467a1fd14d5510b: [400] {\"error\":\"unexpected end of JSON input\"} -\u003cNEWLINE\u003e- https://dev-8.devnet-0chain.net/sharder01/v1/transaction/get/confirmation?hash=6bb7bff840459944956848ae370f565cb30090f2da1132f29467a1fd14d5510b: [400] {\"error\":\"unexpected end of JSON input\"}]\n","    utils.go:101: \u001b[31mThe verbose output for the command is:\n","    utils.go:105: \u001b[31m0chain-core-sdk [INFO]   2024/02/11 23:38:50.572302 wallet_base.go:331: ******* Wallet SDK Version:v1.11.5-4-ga759a908 ******* (SetLogFile)\n","    utils.go:105: \u001b[31m0box-sdk        [INFO]   2024/02/11 23:38:50.572387 sdk.go:88: ******* Storage SDK Version: v1.11.5-4-ga759a908 *******\n","    utils.go:105: \u001b[31m0chain-core-sdk [INFO]   2024/02/11 23:38:50.595832 transaction_base.go:143: ******* Wallet SDK Version:v1.11.5-4-ga759a908 ******* (InitZCNSDK)\n","    utils.go:105: \u001b[31m0box-sdk        [DEBUG]  2024/02/11 23:38:50.603787 networkworker.go:119: Get network result:{\"miners\":[\"https://dev-8.devnet-0chain.net/miner01\",\"https://dev-8.devnet-0chain.net/miner03\",\"https://dev-8.devnet-0chain.net/miner02\"],\"sharders\":[\"https://dev-8.devnet-0chain.net/sharder02\",\"https://dev-8.devnet-0chain.net/sharder01\"]}\n","    utils.go:105: \u001b[31m0box-sdk        [INFO]   2024/02/11 23:38:50.621368 node.go:194: Query from https://dev-8.devnet-0chain.net/sharder02/v1/client/get/balance?client_id=d0071ba16e1e3dbc1a32883f975dad6e403f3d5747343feb548cad35e46b3dca\n","    utils.go:105: \u001b[31m0box-sdk        [INFO]   2024/02/11 23:38:50.621365 node.go:194: Query from https://dev-8.devnet-0chain.net/sharder01/v1/client/get/balance?client_id=d0071ba16e1e3dbc1a32883f975dad6e403f3d5747343feb548cad35e46b3dca\n","    utils.go:105: \u001b[31m0box-sdk        [DEBUG]  2024/02/11 23:38:50.622779 node.go:147: https://dev-8.devnet-0chain.net/sharder02/v1/client/get/balance?client_id=d0071ba16e1e3dbc1a32883f975dad6e403f3d5747343feb548cad35e46b3dca200 OK\n","    utils.go:105: \u001b[31m0box-sdk        [DEBUG]  2024/02/11 23:38:50.622798 node.go:152: {\"txn\":\"0000000000000000000000000000000000000000000000000000000000000000\",\"round\":0,\"balance\":680000000000000,\"nonce\":1}\n","    utils.go:105: \u001b[31m0box-sdk        [DEBUG]  2024/02/11 23:38:50.623211 node.go:147: https://dev-8.devnet-0chain.net/sharder01/v1/client/get/balance?client_id=d0071ba16e1e3dbc1a32883f975dad6e403f3d5747343feb548cad35e46b3dca200 OK\n","    utils.go:105: \u001b[31m0box-sdk        [DEBUG]  2024/02/11 23:38:50.623228 node.go:152: {\"txn\":\"0000000000000000000000000000000000000000000000000000000000000000\",\"round\":0,\"balance\":680000000000000,\"nonce\":1}\n","    utils.go:105: \u001b[31m0box-sdk        [INFO]   2024/02/11 23:38:50.623491 sdk.go:1514: executing transaction 'new_allocation_request' with hash 3cf202ef339f82127e497d28d5345a3d9429d12bf7eadbf12623584cc0601c26\n","    utils.go:105: \u001b[31m0box-sdk        [INFO]   2024/02/11 23:38:50.623514 sdk.go:1515: estimated txn fee: 100000000\n","    utils.go:105: \u001b[31m0box-sdk        \u001b[31m[ERROR]  2024/02/11 23:39:20.774870 sdk.go:1542: Error verifying the transaction[txn] too less sharders to confirm it: min_confirmation is 50%, but got 0/2 sharders\n","    utils.go:105: \u001b[31mhttps://dev-8.devnet-0chain.net/sharder01/v1/transaction/get/confirmation?hash=3cf202ef339f82127e497d28d5345a3d9429d12bf7eadbf12623584cc0601c26: [400] {\"error\":\"unexpected end of JSON input\"}\n","    utils.go:105: \u001b[31mhttps://dev-8.devnet-0chain.net/sharder02/v1/transaction/get/confirmation?hash=3cf202ef339f82127e497d28d5345a3d9429d12bf7eadbf12623584cc0601c26: [400] {\"error\":\"unexpected end of JSON input\"}\n","    utils.go:105: \u001b[31m3cf202ef339f82127e497d28d5345a3d9429d12bf7eadbf12623584cc0601c26\u001b[0m\n","    utils.go:105: \u001b[31mError creating allocation: [txn] too less sharders to confirm it: min_confirmation is 50%, but got 0/2 sharders\n","    assertions.go:333: \n","        \tError Trace:\t/root/actions-runner8/_work/system_test/system_test/tests/cli_tests/zboxcli_update_allocation_test.go:817\n","        \t            \t\t\t\t/root/actions-runner8/_work/system_test/system_test/tests/cli_tests/zboxcli_update_allocation_test.go:799\n","        \t            \t\t\t\t/root/actions-runner8/_work/system_test/system_test/tests/cli_tests/zboxcli_file_download_test.go:1317\n","        \t            \t\t\t\t/root/actions-runner8/_work/system_test/system_test/tests/cli_tests/0_challenge_protocol_test.go:61\n","        \t            \t\t\t\t/root/actions-runner8/_work/system_test/system_test/internal/api/util/test/system_test_framework.go:150\n","        \t            \t\t\t\t/root/actions-runner8/_work/_tool/go/1.20.12/x64/src/runtime/asm_amd64.s:1598\n","        \tError:      \tReceived unexpected error:\n","        \t            \texit status 1\n","        \tTest:       \tTestProtocolChallenge/Number_of_challenges_between_2_blocks_should_be_equal_to_the_number_of_blocks_after_challenge_generation_gap_(given_that_we_have_active_allocations)\n","        \tMessages:   \tcreate new allocation failed%!(EXTRA string=Error creating allocation: [txn] too less sharders to confirm it: min_confirmation is 50%, but got 0/2 sharders\n","        \t            \thttps://dev-8.devnet-0chain.net/sharder02/v1/transaction/get/confirmation?hash=6bb7bff840459944956848ae370f565cb30090f2da1132f29467a1fd14d5510b: [400] {\"error\":\"unexpected end of JSON input\"}\n","        \t            \thttps://dev-8.devnet-0chain.net/sharder01/v1/transaction/get/confirmation?hash=6bb7bff840459944956848ae370f565cb30090f2da1132f29467a1fd14d5510b: [400] {\"error\":\"unexpected end of JSON input\"})\n","    0_challenge_protocol_test.go:60: Test case [Number of challenges between 2 blocks should be equal to the number of blocks after challenge_generation_gap (given that we have active allocations)] exit at [02-11-2024 23:39:20]\n",""],"Passed":false,"Skipped":false,"TestFileName":"","TestFunctionDetail":{"Line":0,"Col":0}}]},{"FailureIndicator":"","SkippedIndicator":"","TestResults":[{"TestName":"TestProtocolChallenge/Replaced_blobber_in_an_allocation_should_not_be_challenged_for_this_blobber_allocation","Package":"github.com/0chain/system_test/tests/cli_tests","ElapsedTime":0.11,"Output":["","    0_challenge_protocol_test.go:158: Test case [Replaced blobber in an allocation should not be challenged for this blobber allocation] scheduled at [02-11-2024 23:33:44] \n","","","    system_test_framework.go:149: Test case [Replaced blobber in an allocation should not be challenged for this blobber allocation] start at [02-11-2024 23:33:44] \n","File ./config/TestProtocolChallenge-Number_of_challenges_between_2_blocks_should_be_equal_to_the_number_of_blocks_after_challenge_generation_gap_-given_that_we_have_active_allocations-_wallet.json written successfully.\n","    0_challenge_protocol_test.go:283: Challenges count: map[failed:0 open:31 passed:1138 total:1169]\n","    0_challenge_protocol_test.go:283: Challenges count: map[failed:0 open:0 passed:0 total:0]\n","    0_challenge_protocol_test.go:158: Test case [Replaced blobber in an allocation should not be challenged for this blobber allocation] exit at [02-11-2024 23:33:45]\n","--- PASS: TestProtocolChallenge/Replaced_blobber_in_an_allocation_should_not_be_challenged_for_this_blobber_allocation (0.11s)",""],"Passed":true,"Skipped":false,"TestFileName":"","TestFunctionDetail":{"Line":0,"Col":0}}]}]

    const report = window.GoTestReport({
                                         data: data,
                                         testResultsElem: document.getElementById('testResults'),
                                         testGroupListElem: document.getElementById('testGroupList')
                                       });


</script>
</body>
</html>
