<!DOCTYPE html>
<html lang="en">
<head>
    <meta charset="UTF-8">
    <title>Subset of 0Chain System test suite [tokenomics_suite/8bf096b8] ran against [dev-1.devnet-0chain.net] at [2023-06-18_09.12.41]</title>
    <style type="text/css">
        body {
            font-family: sans-serif;
            background-color: #f3f3f3;
            border-top: 2px #dee6e8 solid;
            margin: 0;
        }

        div.pageHeader span.projectTitle {
            font-family: serif;
            font-size: 2em;
            padding-left: 56px;
            padding-top: 80px;
            display: block;
            color: #a5a5a5;
            text-shadow: 0 -1px 1px white;
        }

        div.pageHeader div.testStats {
            position: absolute;
            top: 7px;
            right: 52px;
            font-size: 0.8em;
            color: #a2a2a2;
        }

        div.pageHeader div.testStats span.indicator {
            font-size: 2em;
            position: relative;
            top: 5px;
            text-shadow: 0 1px 0 white;
        }

        div.pageHeader div.testStats span strong {
            margin-right: 16px;
        }

        div.pageHeader div.testStats span.total {
            border-right: 1px #afafaf dotted;
            background: #8298af;
        }

        div.pageHeader div.testStats span.passed {
            border-right: 1px #afafaf dotted;
            background: #6fca83;
        }

        div.pageHeader div.testStats span.skipped {
            background: #bababa;
        }

        div.pageHeader div.testStats span.failed {
            background: #ff7676;
        }

        div.pageHeader div.testStats span {
            margin-right: 1px;
            height: 55px;
            padding: 20px 8px 18px;
            color: white;
        }

        div.pageHeader .testGroupsTitle {
            margin: 16px 32px 8px 40px;
            font-size: 0.9em;
            color: darkgrey;
            display: inline-block;
        }

        div.pageHeader .testExecutionDate {
            display: inline-block;
            position: absolute;
            right: 10px;
            margin: 14px 32px 8px 40px;
            color: #9e9e9e;
            font-size: 0.9em;
        }

        .testReportContainer {
            padding: 0 32px 32px 32px;
        }

        .cardContainer {
            padding: 16px 16px 16px;
            box-shadow: 0 4px 4px #d4d4d4;
            background-color: white;
        }

        #testResults {
            display: flex;
            flex-wrap: wrap;
        }

        .testResultGroup {
            width: 24px;
            height: 24px;
            background-color: #43c143;
            margin-left: 1px;
            margin-bottom: 1px;
            box-sizing: border-box;
        }

        .testResultGroup.selected {
            border: 1px white solid;
            background-color: black !important;
        }

        .testResultGroup.skipped {
            border: 2px gray solid;
        }

        .testResultGroup.failed {
            background-color: red;
        }

        .cardContainer.testGroupList,
        .cardContainer.testDetail {
            margin-top: 16px;
            padding: 16px;
        }

        .cardContainer.testGroupList {
            color: #9c9c9c;
            padding: 0;
        }

        .cardContainer.testGroupList .testGroupRow {
            cursor: default;
            border-bottom: 1px #dadada dotted;
        }

        .cardContainer.testGroupList .testGroupRow span.testStatus {
            font-size: 1.2em;
            font-weight: bold;
            color: #139e13;
            pointer-events: none;
            display: inline-block;
            overflow: hidden;
            float: left;
            padding-top: 10px;
            padding-left: 20px;
            padding-right: 12px;
        }

        .cardContainer.testGroupList .testGroupRow span.testStatus.skipped {
            color: gray;
        }

        .cardContainer.testGroupList .testGroupRow span.testStatus.failed {
            color: red;
        }

        .cardContainer.testGroupList .testGroupRow span.testTitle {
            font-size: 0.9em;
            padding: 12px 0 10px;
            display: inline-block;
            pointer-events: none;
            color: #525252;
            text-overflow: ellipsis;
            overflow: hidden;
            width: calc(100% - 110px);
        }

        .cardContainer.testGroupList .testGroupRow span.testDuration {
            pointer-events: none;
        }

        .cardContainer.testGroupList .testGroupRow {
            position: relative;
            border-left: 4px #43c143 solid;
        }

        .cardContainer.testGroupList .testGroupRow.skipped {
            color: gray;
            border-left: 4px gray solid;
        }

        .cardContainer.testGroupList .testGroupRow.failed {
            color: red;
            border-left: 4px red solid;
        }

        .cardContainer.testGroupList .testGroupRow:hover {
            background-color: #fffaea;
            transition: 0.250s;
        }

        .cardContainer .testOutput {
            padding: 8px 16px 24px 16px;
        }

        .cardContainer .console {
            display: block;
            font-family: monospace;
            padding: 10px;
            background-color: #424242;
            color: #1aff00;
            border-bottom: 1px #1aff00 dotted;
            overflow: auto;
            font-size: 1.1em;
        }

        .cardContainer .testOutput .testDetail {
            border-bottom: 1px #d0d0d0 solid;
            padding: 16px;
            background-color: #e6e6e6;
            border-radius: 0 0 4px 4px;
            color: dimgrey;
            font-size: 0.8em;
        }

        .cardContainer .console.skipped{
            color: #d9d9d9;
        }

        .cardContainer .console.failed {
            color: #ffb2b2;
        }

        .cardContainer .testDuration {
            position: absolute;
            top: 5px;
            right: 8px;
            text-align: right;
            padding-right: 8px;
            box-sizing: border-box;
        }
    </style>
</head>
<body>
<div class="pageHeader">
    <span class="projectTitle">Subset of 0Chain System test suite [tokenomics_suite/8bf096b8] ran against [dev-1.devnet-0chain.net] at [2023-06-18_09.12.41]</span>
    <div class="testStats">
        <span class="total"><span class="indicator">&boxbox;</span> Total: <strong>3</strong>Duration: <strong>3ms</strong>
        </span><span class="passed"><span class="indicator">&check;</span> Passed: <strong>0</strong>
        </span><span class="skipped"><span class="indicator">&dash;</span> Skipped: <strong>0</strong>
        </span><span class="failed"><span class="indicator">&cross;</span> Failed: <strong>3</strong>
        </span>
    </div>
    <span class="testGroupsTitle">Test Groups:</span>
    <span class="testExecutionDate">June 18, 2023 09:30:25</span>
</div>
<div class="testReportContainer">
    <div class="cardContainer">
        <div id="testResults">
            
                <div class="testResultGroup failed " id="0"></div>
            
                <div class="testResultGroup failed " id="1"></div>
            
                <div class="testResultGroup failed " id="2"></div>
            
        </div>
    </div>
    <div class="cardContainer testGroupList" id="testGroupList"></div>
</div>
<script type="application/javascript">
    /**
 * @typedef TestStatus
 * @property {string} TestName
 * @property {string} Package
 * @property {number} ElapsedTime
 * @property {Array.<string>} Output
 * @property {boolean} Passed
 * @property {boolean} Skipped
 */
class TestStatus {}

/**
 * @typedef TestGroupData
 * @type {object}
 * @property {string} FailureIndicator
 * @property {string} SkippedIndicator
 * @property {Array.<TestStatus>}
 */
class TestGroupData {}

/**
 * @typedef TestResults
 * @type {Array.<TestGroupData>}
 */
class TestResults extends Array {}

/**
 * @typedef SelectedItems
 * @property {HTMLElement|EventTarget} testResults
 * @property {String} selectedTestGroupColor
 */
class SelectedItems {}

/**
 * @typedef GoTestReportElements
 * @property {TestResults} data
 * @property {HTMLElement} testResultsElem
 * @property {HTMLElement} testGroupListElem
 */
class GoTestReportElements {}


/**
 * Main entry point for GoTestReport.
 * @param {GoTestReportElements} elements
 * @returns {{testResultsClickHandler: testResultsClickHandler}}
 * @constructor
 */
window.GoTestReport = function (elements) {
  const /**@type {SelectedItems}*/ selectedItems = {
    testResults: null,
    selectedTestGroupColor: null
  }

  function addEventData(event) {
    if (event.data == null) {
      event.data = {target: event.target}
    }
    return event
  }


  const goTestReport = {
    /**
     * Invoked when a user clicks on one of the test group div elements.
     * @param {HTMLElement} target The element associated with the test group.
     * @param {boolean} shiftKey If pressed, all of test detail associated to the test group is shown.
     * @param {TestResults} data
     * @param {SelectedItems} selectedItems
     * @param {function(target: Element, data: TestResults)} testGroupListHandler
     */
    testResultsClickHandler: function (target,
                                       shiftKey,
                                       data,
                                       selectedItems,
                                       testGroupListHandler) {

      if (target.classList.contains('testResultGroup') === false) {
        return
      }
      if (selectedItems.testResults != null) {
        let testResultsElement = /**@type {HTMLElement}*/ selectedItems.testResults
        testResultsElement.classList.remove("selected")
        testResultsElement.style.backgroundColor = selectedItems.selectedTestGroupColor
      }
      const testGroupId = /**@type {number}*/ target.id
      if ((target.id === undefined)
        || (data[testGroupId] === undefined)
        || (data[testGroupId]['TestResults'] === undefined)) {
        return
      }
      const testResults = /**@type {TestResults}*/ data[testGroupId]['TestResults']
      let testGroupList = /**@type {string}*/ ''
      selectedItems.selectedTestGroupColor = getComputedStyle(target).getPropertyValue('background-color')
      selectedItems.testResults = target
      target.classList.add("selected")
      for (let i = 0; i < testResults.length; i++) {
        const testResult = /**@type {TestGroupData}*/ testResults[i]
        const testPassed = /**@type {boolean}*/ testResult.Passed
        const testSkipped = /**@type {boolean}*/ testResult.Skipped
        const testPassedStatus = /**@type {string}*/ (testPassed) ? '' : (testSkipped ? 'skipped' : 'failed')
        const testId = /**@type {string}*/ target.attributes['id'].value
        testGroupList += `<div class="testGroupRow ${testPassedStatus}" data-groupid="${testId}" data-index="${i}">
        <span class="testStatus ${testPassedStatus}">${(testPassed) ? '&check' : (testSkipped ? '&dash' : '&cross')};</span>
        <span class="testTitle">${testResult.TestName}</span>
        <span class="testDuration"><span>${testResult.ElapsedTime}s </span>‚è±</span>
      </div>`
      }
      const testGroupListElem = elements.testGroupListElem
      testGroupListElem.innerHTML = ''
      testGroupListElem.innerHTML = testGroupList

      if (shiftKey) {
        testGroupListElem.querySelectorAll('.testGroupRow')
                         .forEach((elem) => testGroupListHandler(elem, data))
      } else if (testResults.length === 1) {
        testGroupListHandler(testGroupListElem.querySelector('.testGroupRow'), data)
      }
    },

    /**
     *
     * @param {Element} target
     * @param {TestResults} data
     */
    testGroupListHandler: function (target, data) {
      const attribs = target['attributes']
      if (attribs.hasOwnProperty('data-groupid')) {
        const groupId = /**@type {number}*/ attribs['data-groupid'].value
        const testIndex = /**@type {number}*/ attribs['data-index'].value
        const testStatus = /**@type {TestStatus}*/ data[groupId]['TestResults'][testIndex]
        const testOutputDiv = /**@type {HTMLDivElement}*/ target.querySelector('div.testOutput')

        if (testOutputDiv == null) {
          const testOutputDiv = document.createElement('div')
          testOutputDiv.classList.add('testOutput')
          const consolePre = document.createElement('pre')
          consolePre.classList.add('console')
          const testDetailDiv = document.createElement('div')
          testDetailDiv.classList.add('testDetail')
          const packageNameDiv = document.createElement('div')
          packageNameDiv.classList.add('package')
          packageNameDiv.innerHTML = `<strong>Package:</strong> ${testStatus.Package}`
          const testFileNameDiv = document.createElement('div')
          testFileNameDiv.classList.add('filename')
          if (testStatus.TestFileName.trim() === "") {
            testFileNameDiv.innerHTML = `<strong>Filename:</strong> n/a &nbsp;&nbsp;`
          } else {
            testFileNameDiv.innerHTML = `<strong>Filename:</strong> ${testStatus.TestFileName} &nbsp;&nbsp;`
            testFileNameDiv.innerHTML += `<strong>Line:</strong> ${testStatus.TestFunctionDetail.Line} `
            testFileNameDiv.innerHTML += `<strong>Col:</strong> ${testStatus.TestFunctionDetail.Col}`
          }
          testDetailDiv.insertAdjacentElement('beforeend', packageNameDiv)
          testDetailDiv.insertAdjacentElement('beforeend', testFileNameDiv)
          testOutputDiv.insertAdjacentElement('afterbegin', consolePre)
          testOutputDiv.insertAdjacentElement('beforeend', testDetailDiv)
          target.insertAdjacentElement('beforeend', testOutputDiv)

          if (testStatus.Passed) {
            consolePre.classList.remove('skipped')
            consolePre.classList.remove('failed')
          } else if (testStatus.Skipped) {
            consolePre.classList.add('skipped')
            consolePre.classList.remove('failed')
          } else {
            consolePre.classList.remove('skipped')
            consolePre.classList.add('failed')
          }
          consolePre.textContent = testStatus.Output.join('')
        } else {
          testOutputDiv.remove()
        }
      }
    }
  }

  //+------------------------+
  //|    setup DOM events    |
  //+------------------------+
  elements.testResultsElem
          .addEventListener('click', event =>
            goTestReport.testResultsClickHandler(/**@type {HTMLElement}*/ addEventData(event).data.target,
                                                 event.shiftKey,
                                                 elements.data,
                                                 selectedItems,
                                                 goTestReport.testGroupListHandler))

  elements.testGroupListElem
          .addEventListener('click', event =>
            goTestReport.testGroupListHandler(/**@type {Element}*/ event.target,
                                              elements.data))

  return goTestReport
}


    

    const data = [{"FailureIndicator":"failed","SkippedIndicator":"","TestResults":[{"TestName":"TestBlobberReadReward","Package":"github.com/0chain/system_test/tests/tokenomics_tests","ElapsedTime":112.6,"Output":["","    wallet.go:71: creating wallet...\n","    wallet.go:25: Executing faucet...\n","    wallet.go:88: faucet output: [No wallet in path  config/TestBlobberReadReward_wallet.json found. Creating wallet... ZCN wallet created!! Execute faucet smart contract success with txn :  21cfb14531c24993bbc40b3ebf347d6f0838841c8b9f3d32e6d8f140dc40b004]\n","    blobbers.go:11: Requesting blobber list...\n","    blobbers.go:16: Requesting validator list...\n","","","    wallet.go:71: creating wallet...\n","    wallet.go:25: Executing faucet...\n","    wallet.go:88: faucet output: [No wallet in path  config/TestBlobberReadReward_wallet.json found. Creating wallet... ZCN wallet created!! Execute faucet smart contract success with txn :  eb0be3b3cbfd7ea2a6914d402a5fb7d8b22f88fe4a6b19bece1bc7a62e12ee3d]\n","    blobbers.go:11: Requesting blobber list...\n","    blobbers.go:16: Requesting validator list...\n","","","    wallet.go:71: creating wallet...\n","    wallet.go:25: Executing faucet...\n","    wallet.go:88: faucet output: [No wallet in path  config/TestBlobberReadReward_wallet.json found. Creating wallet... ZCN wallet created!! Execute faucet smart contract success with txn :  4f9a32f4caac4a1a3f0e492a93abad248db347bf98d524d99991d2116604f907]\n","    blobbers.go:11: Requesting blobber list...\n","    blobbers.go:16: Requesting validator list...\n","","","    wallet.go:71: creating wallet...\n","    wallet.go:25: Executing faucet...\n","    wallet.go:88: faucet output: [No wallet in path  config/TestBlobberReadReward_wallet.json found. Creating wallet... ZCN wallet created!! Execute faucet smart contract success with txn :  ceea0d3cec330392aa5b660609ac13043deebd21f06e1fef778c8109bd7d9752]\n","    blobbers.go:11: Requesting blobber list...\n","    blobbers.go:16: Requesting validator list...\n","","","    wallet.go:71: creating wallet...\n","    wallet.go:25: Executing faucet...\n","    wallet.go:88: faucet output: [No wallet in path  config/TestBlobberReadReward_wallet.json found. Creating wallet... ZCN wallet created!! Execute faucet smart contract success with txn :  5943e7374494cf49dec7c11910ef2f56a737a2b657401f9de8088628de3ca84b]\n","    blobbers.go:11: Requesting blobber list...\n","    blobbers.go:16: Requesting validator list...\n",""],"Passed":false,"Skipped":false,"TestFileName":"blobber_read_test.go","TestFunctionDetail":{"Line":20,"Col":1}}]},{"FailureIndicator":"failed","SkippedIndicator":"","TestResults":[{"TestName":"TestBlobberReadReward/download_one_time,_equal_from_both_blobbers","Package":"github.com/0chain/system_test/tests/tokenomics_tests","ElapsedTime":233.18,"Output":["","    blobber_read_test.go:57: Test case [download one time, equal from both blobbers] scheduled at [06-18-2023 09:12:51] \n","    system_test_framework.go:149: Test case [download one time, equal from both blobbers] start at [06-18-2023 09:12:51] \n","    wallet.go:25: Executing faucet...\n","    blobber_challenge_reward_test.go:559: Staking tokens for blobber:  5064a8e0ce29a8e92d43a93c6b8a0a786e89d53642df65ad721ebd6915d32671\n","    wallet.go:181: Staking tokens...\n","    wallet.go:25: Executing faucet...\n","    blobber_challenge_reward_test.go:559: Staking tokens for blobber:  76a781712267e84136f84853040fd95c03c62c9a9444a94b9ce74b5d30d6340d\n","    wallet.go:181: Staking tokens...\n","    wallet.go:25: Executing faucet...\n","    wallet.go:181: Staking tokens...\n","    wallet.go:25: Executing faucet...\n","    wallet.go:181: Staking tokens...\n","    wallet.go:71: creating wallet...\n","    wallet.go:25: Executing faucet...\n","    wallet.go:88: faucet output: [No wallet in path  config/TestBlobberReadReward-download_one_time,_equal_from_both_blobbers_wallet.json found. Creating wallet... ZCN wallet created!! Execute faucet smart contract success with txn :  15053d1a1724d71a2051441892c8cf4e68d1998aa3d88508ee261a9b7a383425]\n","    allocation.go:91: Creating new allocation... map[data:1 expire:10m lock:0.5 parity:1 size:524288000]\n","    wallet.go:71: creating wallet...\n","    wallet.go:25: Executing faucet...\n","    wallet.go:88: faucet output: [Execute faucet smart contract success with txn :  c95c3b3662f841231ae4da1e9b1f1477faabcf86b7de38dd0247ce81ed6f7e64]\n","    wallet.go:25: Executing faucet...\n","    allocation.go:163: Creating new allocation...\n","    allocation.go:58: Locking read tokens...\n","    allocation.go:307: Uploading file...\n","    utils.go:138: Waiting 15s...\n","    allocation.go:117: Downloading file...\n","    sharders.go:43: getting sharder url...\n","    sharders.go:65: list sharder nodes...\n","    blobber_read_test.go:239: Allocation challenge rewards url:  http://dev-1.devnet-0chain.net:31102/v1/screst/6dba10422e368813802877a85039d3985d96760ed844092319743fb3a76712d7/read-rewards?allocation_id=480af2ed6ab945df9d8dc7c8a242678af15ece0f467b73f6dc3aeabb45940e2b\n","    blobber_read_test.go:117: downloadCost 9.765625e+06\n","    blobber_read_test.go:118: blobber1DownloadRewards 488281\n","    blobber_read_test.go:119: blobber2DownloadRewards 488281\n","    blobber_read_test.go:120: blobber1Delegate1DownloadRewards 4394531\n","    blobber_read_test.go:121: blobber2Delegate1DownloadRewards 4394531\n","    blobber_read_test.go:122: blobber1TotalDownloadRewards 4882812\n","    blobber_read_test.go:123: blobber2TotalDownloadRewards 4882812\n","    blobber_read_test.go:124: totalDownloadRewards 9765624\n","    allocation.go:488: Get Allocation...\n","    allocation.go:188: Canceling allocation...\n","    utils.go:67: \u001b[33mCommand failed on attempt [1/3] due to error [exit status 1]. Output: [Error canceling allocation:[txn] too less sharders to confirm it: min_confirmation is 50%, but got 0/2 sharders -\u003cNEWLINE\u003e- https://dev-1.devnet-0chain.net/sharder01/v1/transaction/get/confirmation?hash=e459f4c82330a1a462c9fe0a43a9959f217bca80cb6aef92118397fa7869d79d: [400] {\"error\":\"unexpected end of JSON input\"} -\u003cNEWLINE\u003e- https://dev-1.devnet-0chain.net/sharder02/v1/transaction/get/confirmation?hash=e459f4c82330a1a462c9fe0a43a9959f217bca80cb6aef92118397fa7869d79d: [400] {\"error\":\"unexpected end of JSON input\"}]\n","    utils.go:67: \u001b[33mCommand failed on attempt [2/3] due to error [exit status 1]. Output: [Error canceling allocation:[txn] too less sharders to confirm it: min_confirmation is 50%, but got 0/2 sharders -\u003cNEWLINE\u003e- https://dev-1.devnet-0chain.net/sharder02/v1/transaction/get/confirmation?hash=66af5fe7d91c19ba25f4eefcb746c7be8ba422872b0e4f2b921d23a5ec71604b: [400] {\"error\":\"unexpected end of JSON input\"} -\u003cNEWLINE\u003e- https://dev-1.devnet-0chain.net/sharder01/v1/transaction/get/confirmation?hash=66af5fe7d91c19ba25f4eefcb746c7be8ba422872b0e4f2b921d23a5ec71604b: [400] {\"error\":\"unexpected end of JSON input\"}]\n","    utils.go:70: \u001b[31mCommand failed on final attempt [3/3] due to error [exit status 1]. Command String: [./zbox alloc-cancel --allocation 480af2ed6ab945df9d8dc7c8a242678af15ece0f467b73f6dc3aeabb45940e2b --silent --wallet TestBlobberReadReward-download_one_time,_equal_from_both_blobbers_wallet.json --configDir ./config --config ./zbox_config.yaml] Output: [Error canceling allocation:[txn] too less sharders to confirm it: min_confirmation is 50%, but got 0/2 sharders -\u003cNEWLINE\u003e- https://dev-1.devnet-0chain.net/sharder02/v1/transaction/get/confirmation?hash=48a4282699996006e1d5a4836c0285597c45c8e72da82c40937db3f29941e13d: [400] {\"error\":\"unexpected end of JSON input\"} -\u003cNEWLINE\u003e- https://dev-1.devnet-0chain.net/sharder01/v1/transaction/get/confirmation?hash=48a4282699996006e1d5a4836c0285597c45c8e72da82c40937db3f29941e13d: [400] {\"error\":\"unexpected end of JSON input\"}]\n","    utils.go:73: \u001b[31mThe verbose output for the command is:\n","    utils.go:77: \u001b[31m0chain-core-sdk [INFO]   2023/06/18 09:16:15.275963 wallet_base.go:310: ******* Wallet SDK Version:v1.8.16-38-g5ea0bf75 ******* (SetLogFile)\n","    utils.go:77: \u001b[31m0box-sdk        [INFO]   2023/06/18 09:16:15.276045 sdk.go:78: ******* Storage SDK Version: v1.8.16-38-g5ea0bf75 *******\n","    utils.go:77: \u001b[31m0chain-core-sdk [INFO]   2023/06/18 09:16:15.301617 transaction_base.go:139: ******* Wallet SDK Version:v1.8.16-38-g5ea0bf75 ******* (InitZCNSDK)\n","    utils.go:77: \u001b[31m0box-sdk        [DEBUG]  2023/06/18 09:16:15.314356 networkworker.go:105: Get network result:{\"miners\":[\"https://dev-1.devnet-0chain.net/miner02\",\"https://dev-1.devnet-0chain.net/miner01\",\"https://dev-1.devnet-0chain.net/miner03\"],\"sharders\":[\"https://dev-1.devnet-0chain.net/sharder02\",\"https://dev-1.devnet-0chain.net/sharder01\"]}\n","    utils.go:77: \u001b[31m0box-sdk        [INFO]   2023/06/18 09:16:15.326008 sdk.go:1431: executing transaction 'cancel_allocation' with hash 6b10520e910648fafc9682b1ae1b7d52904088c1165b5414b8567c12f8abb646\n","    utils.go:77: \u001b[31m0box-sdk        [INFO]   2023/06/18 09:16:15.326053 sdk.go:1432: estimated txn fee: 100000000\n","    utils.go:77: \u001b[31m0box-sdk        \u001b[31m[ERROR]  2023/06/18 09:16:45.512835 sdk.go:1453: Error verifying the transaction[txn] too less sharders to confirm it: min_confirmation is 50%, but got 0/2 sharders\n","    utils.go:77: \u001b[31mhttps://dev-1.devnet-0chain.net/sharder02/v1/transaction/get/confirmation?hash=6b10520e910648fafc9682b1ae1b7d52904088c1165b5414b8567c12f8abb646: [400] {\"error\":\"unexpected end of JSON input\"}\n","    utils.go:77: \u001b[31mhttps://dev-1.devnet-0chain.net/sharder01/v1/transaction/get/confirmation?hash=6b10520e910648fafc9682b1ae1b7d52904088c1165b5414b8567c12f8abb646: [400] {\"error\":\"unexpected end of JSON input\"}\n","    utils.go:77: \u001b[31m6b10520e910648fafc9682b1ae1b7d52904088c1165b5414b8567c12f8abb646\u001b[0m\n","    utils.go:77: \u001b[31mError canceling allocation:[txn] too less sharders to confirm it: min_confirmation is 50%, but got 0/2 sharders\n","    assertions.go:264: \n","        \tError Trace:\t/root/actions-runner1/_work/system_test/system_test/tests/tokenomics_tests/blobber_challenge_reward_test.go:697\n","        \t            \t\t\t\t/root/actions-runner1/_work/system_test/system_test/tests/tokenomics_tests/blobber_read_test.go:131\n","        \t            \t\t\t\t/root/actions-runner1/_work/system_test/system_test/tests/tokenomics_tests/system_test_framework.go:150\n","        \t            \t\t\t\t/root/actions-runner1/_work/system_test/system_test/tests/tokenomics_tests/asm_amd64.s:1598\n","        \tError:      \tExpected nil, but got: \u0026exec.ExitError{ProcessState:(*os.ProcessState)(0xc0005c8000), Stderr:[]uint8(nil)}\n","        \tTest:       \tTestBlobberReadReward/download_one_time,_equal_from_both_blobbers\n","        \tMessages:   \tError canceling allocation\n","    blobber_read_test.go:57: Test case [download one time, equal from both blobbers] exit at [06-18-2023 09:16:45]\n","","","    blobber_read_test.go:57: Test case [download one time, equal from both blobbers] scheduled at [06-18-2023 09:18:38] \n","    system_test_framework.go:149: Test case [download one time, equal from both blobbers] start at [06-18-2023 09:18:38] \n","    wallet.go:25: Executing faucet...\n","    blobber_challenge_reward_test.go:559: Staking tokens for blobber:  5064a8e0ce29a8e92d43a93c6b8a0a786e89d53642df65ad721ebd6915d32671\n","    wallet.go:181: Staking tokens...\n","    wallet.go:25: Executing faucet...\n","    blobber_challenge_reward_test.go:559: Staking tokens for blobber:  76a781712267e84136f84853040fd95c03c62c9a9444a94b9ce74b5d30d6340d\n","    wallet.go:181: Staking tokens...\n","    wallet.go:25: Executing faucet...\n","    wallet.go:181: Staking tokens...\n","    wallet.go:25: Executing faucet...\n","    wallet.go:181: Staking tokens...\n","    wallet.go:71: creating wallet...\n","    wallet.go:25: Executing faucet...\n","    wallet.go:88: faucet output: [No wallet in path  config/TestBlobberReadReward-download_one_time,_equal_from_both_blobbers_wallet.json found. Creating wallet... ZCN wallet created!! Execute faucet smart contract success with txn :  d04f0c2ae121f249942af92d62a385f1e318c47fae6747677327e6031e64ae70]\n","    allocation.go:91: Creating new allocation... map[data:1 expire:10m lock:0.5 parity:1 size:524288000]\n","    wallet.go:71: creating wallet...\n","    wallet.go:25: Executing faucet...\n","    wallet.go:88: faucet output: [Execute faucet smart contract success with txn :  75441513929a1e73b1ff25d57f22031b9ce2821f55d55dc794cb7d4369262bb4]\n","    wallet.go:25: Executing faucet...\n","    allocation.go:163: Creating new allocation...\n","    allocation.go:58: Locking read tokens...\n","    allocation.go:307: Uploading file...\n","    utils.go:138: Waiting 15s...\n","    allocation.go:117: Downloading file...\n","    sharders.go:43: getting sharder url...\n","    sharders.go:65: list sharder nodes...\n","    blobber_read_test.go:239: Allocation challenge rewards url:  http://dev-1.devnet-0chain.net:31102/v1/screst/6dba10422e368813802877a85039d3985d96760ed844092319743fb3a76712d7/read-rewards?allocation_id=f34e14e895960fd8dc5e0e185bdc85f633dd344429ef5d5b79f51e8aad3a9e6a\n","    blobber_read_test.go:117: downloadCost 9.765625e+06\n","    blobber_read_test.go:118: blobber1DownloadRewards 488281\n","    blobber_read_test.go:119: blobber2DownloadRewards 488281\n","    blobber_read_test.go:120: blobber1Delegate1DownloadRewards 4394531\n","    blobber_read_test.go:121: blobber2Delegate1DownloadRewards 4394531\n","    blobber_read_test.go:122: blobber1TotalDownloadRewards 4882812\n","    blobber_read_test.go:123: blobber2TotalDownloadRewards 4882812\n","    blobber_read_test.go:124: totalDownloadRewards 9765624\n","    allocation.go:488: Get Allocation...\n","    allocation.go:188: Canceling allocation...\n","    utils.go:67: \u001b[33mCommand failed on attempt [1/3] due to error [exit status 1]. Output: [Error canceling allocation:[txn] too less sharders to confirm it: min_confirmation is 50%, but got 0/2 sharders -\u003cNEWLINE\u003e- https://dev-1.devnet-0chain.net/sharder01/v1/transaction/get/confirmation?hash=660dd9e2a43509c269105027360332d0574f04cc64211d2b455da01b9d314d90: [400] {\"error\":\"unexpected end of JSON input\"} -\u003cNEWLINE\u003e- https://dev-1.devnet-0chain.net/sharder02/v1/transaction/get/confirmation?hash=660dd9e2a43509c269105027360332d0574f04cc64211d2b455da01b9d314d90: [400] {\"error\":\"unexpected end of JSON input\"}]\n","    utils.go:67: \u001b[33mCommand failed on attempt [2/3] due to error [exit status 1]. Output: [Error canceling allocation:[txn] too less sharders to confirm it: min_confirmation is 50%, but got 0/2 sharders -\u003cNEWLINE\u003e- https://dev-1.devnet-0chain.net/sharder02/v1/transaction/get/confirmation?hash=b9eef3881f7f6dc909b49d5359517622eb059d8a786f8b6247dae1cc04250c02: [400] {\"error\":\"unexpected end of JSON input\"} -\u003cNEWLINE\u003e- https://dev-1.devnet-0chain.net/sharder01/v1/transaction/get/confirmation?hash=b9eef3881f7f6dc909b49d5359517622eb059d8a786f8b6247dae1cc04250c02: [400] {\"error\":\"unexpected end of JSON input\"}]\n","    utils.go:70: \u001b[31mCommand failed on final attempt [3/3] due to error [exit status 1]. Command String: [./zbox alloc-cancel --allocation f34e14e895960fd8dc5e0e185bdc85f633dd344429ef5d5b79f51e8aad3a9e6a --silent --wallet TestBlobberReadReward-download_one_time,_equal_from_both_blobbers_wallet.json --configDir ./config --config ./zbox_config.yaml] Output: [Error canceling allocation:[txn] too less sharders to confirm it: min_confirmation is 50%, but got 0/2 sharders -\u003cNEWLINE\u003e- https://dev-1.devnet-0chain.net/sharder02/v1/transaction/get/confirmation?hash=034b9c199cfbe55ea5a311c7fe0f1eee88045e781ad7f79a06d9402b034b2726: [400] {\"error\":\"unexpected end of JSON input\"} -\u003cNEWLINE\u003e- https://dev-1.devnet-0chain.net/sharder01/v1/transaction/get/confirmation?hash=034b9c199cfbe55ea5a311c7fe0f1eee88045e781ad7f79a06d9402b034b2726: [400] {\"error\":\"unexpected end of JSON input\"}]\n","    utils.go:73: \u001b[31mThe verbose output for the command is:\n","    utils.go:77: \u001b[31m0chain-core-sdk [INFO]   2023/06/18 09:22:02.825420 wallet_base.go:310: ******* Wallet SDK Version:v1.8.16-38-g5ea0bf75 ******* (SetLogFile)\n","    utils.go:77: \u001b[31m0box-sdk        [INFO]   2023/06/18 09:22:02.825491 sdk.go:78: ******* Storage SDK Version: v1.8.16-38-g5ea0bf75 *******\n","    utils.go:77: \u001b[31m0chain-core-sdk [INFO]   2023/06/18 09:22:02.849730 transaction_base.go:139: ******* Wallet SDK Version:v1.8.16-38-g5ea0bf75 ******* (InitZCNSDK)\n","    utils.go:77: \u001b[31m0box-sdk        [DEBUG]  2023/06/18 09:22:02.861167 networkworker.go:105: Get network result:{\"miners\":[\"https://dev-1.devnet-0chain.net/miner02\",\"https://dev-1.devnet-0chain.net/miner01\",\"https://dev-1.devnet-0chain.net/miner03\"],\"sharders\":[\"https://dev-1.devnet-0chain.net/sharder02\",\"https://dev-1.devnet-0chain.net/sharder01\"]}\n","    utils.go:77: \u001b[31m0box-sdk        [INFO]   2023/06/18 09:22:02.876701 sdk.go:1431: executing transaction 'cancel_allocation' with hash b6a6ebf3744d1c197335e6fad83871c4b492fa03f2ed8c14a6bfed09c34f3249\n","    utils.go:77: \u001b[31m0box-sdk        [INFO]   2023/06/18 09:22:02.876751 sdk.go:1432: estimated txn fee: 100000000\n","    utils.go:77: \u001b[31m0box-sdk        \u001b[31m[ERROR]  2023/06/18 09:22:33.059358 sdk.go:1453: Error verifying the transaction[txn] too less sharders to confirm it: min_confirmation is 50%, but got 0/2 sharders\n","    utils.go:77: \u001b[31mhttps://dev-1.devnet-0chain.net/sharder02/v1/transaction/get/confirmation?hash=b6a6ebf3744d1c197335e6fad83871c4b492fa03f2ed8c14a6bfed09c34f3249: [400] {\"error\":\"unexpected end of JSON input\"}\n","    utils.go:77: \u001b[31mhttps://dev-1.devnet-0chain.net/sharder01/v1/transaction/get/confirmation?hash=b6a6ebf3744d1c197335e6fad83871c4b492fa03f2ed8c14a6bfed09c34f3249: [400] {\"error\":\"unexpected end of JSON input\"}\n","    utils.go:77: \u001b[31mb6a6ebf3744d1c197335e6fad83871c4b492fa03f2ed8c14a6bfed09c34f3249\u001b[0m\n","    utils.go:77: \u001b[31mError canceling allocation:[txn] too less sharders to confirm it: min_confirmation is 50%, but got 0/2 sharders\n","    assertions.go:264: \n","        \tError Trace:\t/root/actions-runner1/_work/system_test/system_test/tests/tokenomics_tests/blobber_challenge_reward_test.go:697\n","        \t            \t\t\t\t/root/actions-runner1/_work/system_test/system_test/tests/tokenomics_tests/blobber_read_test.go:131\n","        \t            \t\t\t\t/root/actions-runner1/_work/system_test/system_test/tests/tokenomics_tests/system_test_framework.go:150\n","        \t            \t\t\t\t/root/actions-runner1/_work/system_test/system_test/tests/tokenomics_tests/asm_amd64.s:1598\n","        \tError:      \tExpected nil, but got: \u0026exec.ExitError{ProcessState:(*os.ProcessState)(0xc00049c000), Stderr:[]uint8(nil)}\n","        \tTest:       \tTestBlobberReadReward/download_one_time,_equal_from_both_blobbers\n","        \tMessages:   \tError canceling allocation\n","    blobber_read_test.go:57: Test case [download one time, equal from both blobbers] exit at [06-18-2023 09:22:33]\n","","","    blobber_read_test.go:57: Test case [download one time, equal from both blobbers] scheduled at [06-18-2023 09:24:37] \n","    system_test_framework.go:149: Test case [download one time, equal from both blobbers] start at [06-18-2023 09:24:37] \n","    wallet.go:25: Executing faucet...\n","    blobber_challenge_reward_test.go:559: Staking tokens for blobber:  5064a8e0ce29a8e92d43a93c6b8a0a786e89d53642df65ad721ebd6915d32671\n","    wallet.go:181: Staking tokens...\n","    wallet.go:25: Executing faucet...\n","    blobber_challenge_reward_test.go:559: Staking tokens for blobber:  76a781712267e84136f84853040fd95c03c62c9a9444a94b9ce74b5d30d6340d\n","    wallet.go:181: Staking tokens...\n","    wallet.go:25: Executing faucet...\n","    wallet.go:181: Staking tokens...\n","    wallet.go:25: Executing faucet...\n","    wallet.go:181: Staking tokens...\n","    wallet.go:71: creating wallet...\n","    wallet.go:25: Executing faucet...\n","    wallet.go:88: faucet output: [No wallet in path  config/TestBlobberReadReward-download_one_time,_equal_from_both_blobbers_wallet.json found. Creating wallet... ZCN wallet created!! Execute faucet smart contract success with txn :  b57bed375529031e7db1b400be04648658f6bd5d5cb4961b1508420c28422ddd]\n","    allocation.go:91: Creating new allocation... map[data:1 expire:10m lock:0.5 parity:1 size:524288000]\n","    wallet.go:71: creating wallet...\n","    wallet.go:25: Executing faucet...\n","    wallet.go:88: faucet output: [Execute faucet smart contract success with txn :  1719eff2100a1e29c3757ec29be78afc254854609398927b78256a2361e7579a]\n","    wallet.go:25: Executing faucet...\n","    allocation.go:163: Creating new allocation...\n","    allocation.go:58: Locking read tokens...\n","    allocation.go:307: Uploading file...\n","    utils.go:138: Waiting 15s...\n","    allocation.go:117: Downloading file...\n","    sharders.go:43: getting sharder url...\n","    sharders.go:65: list sharder nodes...\n","    blobber_read_test.go:239: Allocation challenge rewards url:  http://dev-1.devnet-0chain.net:31102/v1/screst/6dba10422e368813802877a85039d3985d96760ed844092319743fb3a76712d7/read-rewards?allocation_id=c70de8f65d884d819c71b5e0869453b1daf3689a173610642a6d75b5e96be5f3\n","    blobber_read_test.go:117: downloadCost 9.765625e+06\n","    blobber_read_test.go:118: blobber1DownloadRewards 488281\n","    blobber_read_test.go:119: blobber2DownloadRewards 488281\n","    blobber_read_test.go:120: blobber1Delegate1DownloadRewards 4394531\n","    blobber_read_test.go:121: blobber2Delegate1DownloadRewards 4394531\n","    blobber_read_test.go:122: blobber1TotalDownloadRewards 4882812\n","    blobber_read_test.go:123: blobber2TotalDownloadRewards 4882812\n","    blobber_read_test.go:124: totalDownloadRewards 9765624\n","    allocation.go:488: Get Allocation...\n","    allocation.go:188: Canceling allocation...\n","    utils.go:67: \u001b[33mCommand failed on attempt [1/3] due to error [exit status 1]. Output: [Error canceling allocation:[txn] too less sharders to confirm it: min_confirmation is 50%, but got 0/2 sharders -\u003cNEWLINE\u003e- https://dev-1.devnet-0chain.net/sharder01/v1/transaction/get/confirmation?hash=a16385e3f47f170baebac59e58259b28b3a479de608e84c298de542e7fe5fc51: [400] {\"error\":\"unexpected end of JSON input\"} -\u003cNEWLINE\u003e- https://dev-1.devnet-0chain.net/sharder02/v1/transaction/get/confirmation?hash=a16385e3f47f170baebac59e58259b28b3a479de608e84c298de542e7fe5fc51: [400] {\"error\":\"unexpected end of JSON input\"}]\n","    utils.go:67: \u001b[33mCommand failed on attempt [2/3] due to error [exit status 1]. Output: [Error canceling allocation:[txn] too less sharders to confirm it: min_confirmation is 50%, but got 0/2 sharders -\u003cNEWLINE\u003e- https://dev-1.devnet-0chain.net/sharder02/v1/transaction/get/confirmation?hash=25a99df90a36a590853aa6a32e3b09f42abdfacef61a5810f094a650a6144ebc: [400] {\"error\":\"unexpected end of JSON input\"} -\u003cNEWLINE\u003e- https://dev-1.devnet-0chain.net/sharder01/v1/transaction/get/confirmation?hash=25a99df90a36a590853aa6a32e3b09f42abdfacef61a5810f094a650a6144ebc: [400] {\"error\":\"unexpected end of JSON input\"}]\n","    utils.go:70: \u001b[31mCommand failed on final attempt [3/3] due to error [exit status 1]. Command String: [./zbox alloc-cancel --allocation c70de8f65d884d819c71b5e0869453b1daf3689a173610642a6d75b5e96be5f3 --silent --wallet TestBlobberReadReward-download_one_time,_equal_from_both_blobbers_wallet.json --configDir ./config --config ./zbox_config.yaml] Output: [Error canceling allocation:[txn] too less sharders to confirm it: min_confirmation is 50%, but got 0/2 sharders -\u003cNEWLINE\u003e- https://dev-1.devnet-0chain.net/sharder01/v1/transaction/get/confirmation?hash=30b4bd0108a7f4df70e75c70b181d2db79765f19f4a81201288662e81401ca46: [400] {\"error\":\"unexpected end of JSON input\"} -\u003cNEWLINE\u003e- https://dev-1.devnet-0chain.net/sharder02/v1/transaction/get/confirmation?hash=30b4bd0108a7f4df70e75c70b181d2db79765f19f4a81201288662e81401ca46: [400] {\"error\":\"unexpected end of JSON input\"}]\n","    utils.go:73: \u001b[31mThe verbose output for the command is:\n","    utils.go:77: \u001b[31m0chain-core-sdk [INFO]   2023/06/18 09:28:00.329789 wallet_base.go:310: ******* Wallet SDK Version:v1.8.16-38-g5ea0bf75 ******* (SetLogFile)\n","    utils.go:77: \u001b[31m0box-sdk        [INFO]   2023/06/18 09:28:00.329852 sdk.go:78: ******* Storage SDK Version: v1.8.16-38-g5ea0bf75 *******\n","    utils.go:77: \u001b[31m0chain-core-sdk [INFO]   2023/06/18 09:28:00.353536 transaction_base.go:139: ******* Wallet SDK Version:v1.8.16-38-g5ea0bf75 ******* (InitZCNSDK)\n","    utils.go:77: \u001b[31m0box-sdk        [DEBUG]  2023/06/18 09:28:00.363341 networkworker.go:105: Get network result:{\"miners\":[\"https://dev-1.devnet-0chain.net/miner02\",\"https://dev-1.devnet-0chain.net/miner01\",\"https://dev-1.devnet-0chain.net/miner03\"],\"sharders\":[\"https://dev-1.devnet-0chain.net/sharder02\",\"https://dev-1.devnet-0chain.net/sharder01\"]}\n","    utils.go:77: \u001b[31m0box-sdk        [INFO]   2023/06/18 09:28:00.368086 sdk.go:1431: executing transaction 'cancel_allocation' with hash e0afe9861394ecf4932ae5c2a1781a032927b8d399314faf3e1c80932655a3c7\n","    utils.go:77: \u001b[31m0box-sdk        [INFO]   2023/06/18 09:28:00.368118 sdk.go:1432: estimated txn fee: 100000000\n","    utils.go:77: \u001b[31m0box-sdk        \u001b[31m[ERROR]  2023/06/18 09:28:30.557002 sdk.go:1453: Error verifying the transaction[txn] too less sharders to confirm it: min_confirmation is 50%, but got 0/2 sharders\n","    utils.go:77: \u001b[31mhttps://dev-1.devnet-0chain.net/sharder01/v1/transaction/get/confirmation?hash=e0afe9861394ecf4932ae5c2a1781a032927b8d399314faf3e1c80932655a3c7: [400] {\"error\":\"unexpected end of JSON input\"}\n","    utils.go:77: \u001b[31mhttps://dev-1.devnet-0chain.net/sharder02/v1/transaction/get/confirmation?hash=e0afe9861394ecf4932ae5c2a1781a032927b8d399314faf3e1c80932655a3c7: [400] {\"error\":\"unexpected end of JSON input\"}\n","    utils.go:77: \u001b[31me0afe9861394ecf4932ae5c2a1781a032927b8d399314faf3e1c80932655a3c7\u001b[0m\n","    utils.go:77: \u001b[31mError canceling allocation:[txn] too less sharders to confirm it: min_confirmation is 50%, but got 0/2 sharders\n","    assertions.go:264: \n","        \tError Trace:\t/root/actions-runner1/_work/system_test/system_test/tests/tokenomics_tests/blobber_challenge_reward_test.go:697\n","        \t            \t\t\t\t/root/actions-runner1/_work/system_test/system_test/tests/tokenomics_tests/blobber_read_test.go:131\n","        \t            \t\t\t\t/root/actions-runner1/_work/system_test/system_test/tests/tokenomics_tests/system_test_framework.go:150\n","        \t            \t\t\t\t/root/actions-runner1/_work/system_test/system_test/tests/tokenomics_tests/asm_amd64.s:1598\n","        \tError:      \tExpected nil, but got: \u0026exec.ExitError{ProcessState:(*os.ProcessState)(0xc0004c0000), Stderr:[]uint8(nil)}\n","        \tTest:       \tTestBlobberReadReward/download_one_time,_equal_from_both_blobbers\n","        \tMessages:   \tError canceling allocation\n","    blobber_read_test.go:57: Test case [download one time, equal from both blobbers] exit at [06-18-2023 09:28:30]\n",""],"Passed":false,"Skipped":false,"TestFileName":"","TestFunctionDetail":{"Line":0,"Col":0}}]},{"FailureIndicator":"failed","SkippedIndicator":"","TestResults":[{"TestName":"TestBlobberReadReward/download_several_times_and_checking_if_downloading_fails_after_allocation_expiry","Package":"github.com/0chain/system_test/tests/tokenomics_tests","ElapsedTime":109.42,"Output":["","    blobber_read_test.go:134: Test case [download several times and checking if downloading fails after allocation expiry] scheduled at [06-18-2023 09:16:45] \n","    system_test_framework.go:149: Test case [download several times and checking if downloading fails after allocation expiry] start at [06-18-2023 09:16:45] \n","    wallet.go:25: Executing faucet...\n","    blobber_challenge_reward_test.go:559: Staking tokens for blobber:  5064a8e0ce29a8e92d43a93c6b8a0a786e89d53642df65ad721ebd6915d32671\n","    wallet.go:181: Staking tokens...\n","    wallet.go:25: Executing faucet...\n","    blobber_challenge_reward_test.go:559: Staking tokens for blobber:  76a781712267e84136f84853040fd95c03c62c9a9444a94b9ce74b5d30d6340d\n","    wallet.go:181: Staking tokens...\n","    wallet.go:25: Executing faucet...\n","    wallet.go:181: Staking tokens...\n","    wallet.go:25: Executing faucet...\n","    wallet.go:181: Staking tokens...\n","    wallet.go:71: creating wallet...\n","    wallet.go:25: Executing faucet...\n","    wallet.go:88: faucet output: [No wallet in path  config/TestBlobberReadReward-download_several_times_and_checking_if_downloading_fails_after_allocation_expiry_wallet.json found. Creating wallet... ZCN wallet created!! Execute faucet smart contract success with txn :  4b1d577f36ac3556ef70f9bea0487dda870239488b60ff5881b38bbc41216c2a]\n","    allocation.go:91: Creating new allocation... map[data:1 expire:10m lock:0.5 parity:1 size:524288000]\n","    wallet.go:71: creating wallet...\n","    wallet.go:25: Executing faucet...\n","    wallet.go:88: faucet output: [Execute faucet smart contract success with txn :  4acda146a13db1a4f496d4f2d1205507d3ba396e2ebbd92904c43cdd081b4e72]\n","    wallet.go:25: Executing faucet...\n","    allocation.go:163: Creating new allocation...\n","    allocation.go:58: Locking read tokens...\n","    allocation.go:307: Uploading file...\n","    utils.go:138: Waiting 15s...\n","    allocation.go:117: Downloading file...\n","    sharders.go:43: getting sharder url...\n","    sharders.go:65: list sharder nodes...\n","    blobber_read_test.go:239: Allocation challenge rewards url:  http://dev-1.devnet-0chain.net:31102/v1/screst/6dba10422e368813802877a85039d3985d96760ed844092319743fb3a76712d7/read-rewards?allocation_id=6c9a8af97ac553b6b10dd0ed49403d0d2907796a38bab7aeaea7d8f78c4ac01c\n","    blobber_read_test.go:196: downloadCost 1.953125e+07\n","    blobber_read_test.go:197: blobber1DownloadRewards 488281\n","    blobber_read_test.go:198: blobber2DownloadRewards 488281\n","    blobber_read_test.go:199: blobber1Delegate1DownloadRewards 4394531\n","    blobber_read_test.go:200: blobber2Delegate1DownloadRewards 4394531\n","    blobber_read_test.go:201: blobber1TotalDownloadRewards 4882812\n","    blobber_read_test.go:202: blobber2TotalDownloadRewards 4882812\n","    blobber_read_test.go:203: totalDownloadRewards 9765624\n","    assertions.go:264: \n","        \tError Trace:\t/root/actions-runner1/_work/system_test/system_test/tests/tokenomics_tests/blobber_read_test.go:205\n","        \t            \t\t\t\t/root/actions-runner1/_work/system_test/system_test/tests/tokenomics_tests/system_test_framework.go:150\n","        \t            \t\t\t\t/root/actions-runner1/_work/system_test/system_test/tests/tokenomics_tests/asm_amd64.s:1598\n","        \tError:      \tRelative error is too high: 0.05 (expected)\n","        \t            \t        \u003c 0.5000000512 (actual)\n","        \tTest:       \tTestBlobberReadReward/download_several_times_and_checking_if_downloading_fails_after_allocation_expiry\n","        \tMessages:   \tDownload cost and total download rewards are not equal\n","    blobber_read_test.go:134: Test case [download several times and checking if downloading fails after allocation expiry] exit at [06-18-2023 09:18:33]\n","","","    blobber_read_test.go:134: Test case [download several times and checking if downloading fails after allocation expiry] scheduled at [06-18-2023 09:22:39] \n","    system_test_framework.go:149: Test case [download several times and checking if downloading fails after allocation expiry] start at [06-18-2023 09:22:39] \n","    wallet.go:25: Executing faucet...\n","    blobber_challenge_reward_test.go:559: Staking tokens for blobber:  5064a8e0ce29a8e92d43a93c6b8a0a786e89d53642df65ad721ebd6915d32671\n","    wallet.go:181: Staking tokens...\n","    wallet.go:25: Executing faucet...\n","    blobber_challenge_reward_test.go:559: Staking tokens for blobber:  76a781712267e84136f84853040fd95c03c62c9a9444a94b9ce74b5d30d6340d\n","    wallet.go:181: Staking tokens...\n","    wallet.go:25: Executing faucet...\n","    wallet.go:181: Staking tokens...\n","    wallet.go:25: Executing faucet...\n","    wallet.go:181: Staking tokens...\n","    wallet.go:71: creating wallet...\n","    wallet.go:25: Executing faucet...\n","    wallet.go:88: faucet output: [No wallet in path  config/TestBlobberReadReward-download_several_times_and_checking_if_downloading_fails_after_allocation_expiry_wallet.json found. Creating wallet... ZCN wallet created!! Execute faucet smart contract success with txn :  12845bc52ffeb654fbbd5be28cf393accdce449789713780d1325f609a217143]\n","    allocation.go:91: Creating new allocation... map[data:1 expire:10m lock:0.5 parity:1 size:524288000]\n","    wallet.go:71: creating wallet...\n","    wallet.go:25: Executing faucet...\n","    wallet.go:88: faucet output: [Execute faucet smart contract success with txn :  ccd87fc321235cc4f9628383877f1cec783ecfaf0c42954d353264c441929b23]\n","    wallet.go:25: Executing faucet...\n","    allocation.go:163: Creating new allocation...\n","    allocation.go:58: Locking read tokens...\n","    allocation.go:307: Uploading file...\n","    utils.go:138: Waiting 15s...\n","    allocation.go:117: Downloading file...\n","    sharders.go:43: getting sharder url...\n","    sharders.go:65: list sharder nodes...\n","    blobber_read_test.go:239: Allocation challenge rewards url:  http://dev-1.devnet-0chain.net:31101/v1/screst/6dba10422e368813802877a85039d3985d96760ed844092319743fb3a76712d7/read-rewards?allocation_id=a39ad01ee8f6d08304580af7005bf5ebaee7d838f86974d704e722516c65dbc4\n","    blobber_read_test.go:196: downloadCost 1.953125e+07\n","    blobber_read_test.go:197: blobber1DownloadRewards 488281\n","    blobber_read_test.go:198: blobber2DownloadRewards 488281\n","    blobber_read_test.go:199: blobber1Delegate1DownloadRewards 4394531\n","    blobber_read_test.go:200: blobber2Delegate1DownloadRewards 4394531\n","    blobber_read_test.go:201: blobber1TotalDownloadRewards 4882812\n","    blobber_read_test.go:202: blobber2TotalDownloadRewards 4882812\n","    blobber_read_test.go:203: totalDownloadRewards 9765624\n","    assertions.go:264: \n","        \tError Trace:\t/root/actions-runner1/_work/system_test/system_test/tests/tokenomics_tests/blobber_read_test.go:205\n","        \t            \t\t\t\t/root/actions-runner1/_work/system_test/system_test/tests/tokenomics_tests/system_test_framework.go:150\n","        \t            \t\t\t\t/root/actions-runner1/_work/system_test/system_test/tests/tokenomics_tests/asm_amd64.s:1598\n","        \tError:      \tRelative error is too high: 0.05 (expected)\n","        \t            \t        \u003c 0.5000000512 (actual)\n","        \tTest:       \tTestBlobberReadReward/download_several_times_and_checking_if_downloading_fails_after_allocation_expiry\n","        \tMessages:   \tDownload cost and total download rewards are not equal\n","    blobber_read_test.go:134: Test case [download several times and checking if downloading fails after allocation expiry] exit at [06-18-2023 09:24:32]\n","","","    blobber_read_test.go:134: Test case [download several times and checking if downloading fails after allocation expiry] scheduled at [06-18-2023 09:28:35] \n","    system_test_framework.go:149: Test case [download several times and checking if downloading fails after allocation expiry] start at [06-18-2023 09:28:35] \n","    wallet.go:25: Executing faucet...\n","    blobber_challenge_reward_test.go:559: Staking tokens for blobber:  5064a8e0ce29a8e92d43a93c6b8a0a786e89d53642df65ad721ebd6915d32671\n","    wallet.go:181: Staking tokens...\n","    wallet.go:25: Executing faucet...\n","    blobber_challenge_reward_test.go:559: Staking tokens for blobber:  76a781712267e84136f84853040fd95c03c62c9a9444a94b9ce74b5d30d6340d\n","    wallet.go:181: Staking tokens...\n","    wallet.go:25: Executing faucet...\n","    wallet.go:181: Staking tokens...\n","    wallet.go:25: Executing faucet...\n","    wallet.go:181: Staking tokens...\n","    wallet.go:71: creating wallet...\n","    wallet.go:25: Executing faucet...\n","    wallet.go:88: faucet output: [No wallet in path  config/TestBlobberReadReward-download_several_times_and_checking_if_downloading_fails_after_allocation_expiry_wallet.json found. Creating wallet... ZCN wallet created!! Execute faucet smart contract success with txn :  03245fbf6854eb6b41ea62d27cedac8d49dc22647974c8f8ac846ad37c0b3863]\n","    allocation.go:91: Creating new allocation... map[data:1 expire:10m lock:0.5 parity:1 size:524288000]\n","    wallet.go:71: creating wallet...\n","    wallet.go:25: Executing faucet...\n","    wallet.go:88: faucet output: [Execute faucet smart contract success with txn :  419668aa9dca162203efcd643c74e7b1964e28947bcdf1fbfccaf67548ce43d5]\n","    wallet.go:25: Executing faucet...\n","    allocation.go:163: Creating new allocation...\n","    allocation.go:58: Locking read tokens...\n","    allocation.go:307: Uploading file...\n","    utils.go:138: Waiting 15s...\n","    allocation.go:117: Downloading file...\n","    sharders.go:43: getting sharder url...\n","    sharders.go:65: list sharder nodes...\n","    blobber_read_test.go:239: Allocation challenge rewards url:  http://dev-1.devnet-0chain.net:31102/v1/screst/6dba10422e368813802877a85039d3985d96760ed844092319743fb3a76712d7/read-rewards?allocation_id=2ebb3904e94d59eebf308cb7bc6532196649bdfa702e222ace7ea6aa17e6c921\n","    blobber_read_test.go:196: downloadCost 1.953125e+07\n","    blobber_read_test.go:197: blobber1DownloadRewards 488281\n","    blobber_read_test.go:198: blobber2DownloadRewards 488281\n","    blobber_read_test.go:199: blobber1Delegate1DownloadRewards 4394531\n","    blobber_read_test.go:200: blobber2Delegate1DownloadRewards 4394531\n","    blobber_read_test.go:201: blobber1TotalDownloadRewards 4882812\n","    blobber_read_test.go:202: blobber2TotalDownloadRewards 4882812\n","    blobber_read_test.go:203: totalDownloadRewards 9765624\n","    assertions.go:264: \n","        \tError Trace:\t/root/actions-runner1/_work/system_test/system_test/tests/tokenomics_tests/blobber_read_test.go:205\n","        \t            \t\t\t\t/root/actions-runner1/_work/system_test/system_test/tests/tokenomics_tests/system_test_framework.go:150\n","        \t            \t\t\t\t/root/actions-runner1/_work/system_test/system_test/tests/tokenomics_tests/asm_amd64.s:1598\n","        \tError:      \tRelative error is too high: 0.05 (expected)\n","        \t            \t        \u003c 0.5000000512 (actual)\n","        \tTest:       \tTestBlobberReadReward/download_several_times_and_checking_if_downloading_fails_after_allocation_expiry\n","        \tMessages:   \tDownload cost and total download rewards are not equal\n","    blobber_read_test.go:134: Test case [download several times and checking if downloading fails after allocation expiry] exit at [06-18-2023 09:30:25]\n",""],"Passed":false,"Skipped":false,"TestFileName":"","TestFunctionDetail":{"Line":0,"Col":0}}]}]

    const report = window.GoTestReport({
                                         data: data,
                                         testResultsElem: document.getElementById('testResults'),
                                         testGroupListElem: document.getElementById('testGroupList')
                                       });


</script>
</body>
</html>
