<!DOCTYPE html>
<html lang="en">
<head>
    <meta charset="UTF-8">
    <title>Subset of 0Chain System test suite [two-commit-testing/4fd9668e] ran against [dev-1.devnet-0chain.net] at [2023-04-30_12.51.00]</title>
    <style type="text/css">
        body {
            font-family: sans-serif;
            background-color: #f3f3f3;
            border-top: 2px #dee6e8 solid;
            margin: 0;
        }

        div.pageHeader span.projectTitle {
            font-family: serif;
            font-size: 2em;
            padding-left: 56px;
            padding-top: 80px;
            display: block;
            color: #a5a5a5;
            text-shadow: 0 -1px 1px white;
        }

        div.pageHeader div.testStats {
            position: absolute;
            top: 7px;
            right: 52px;
            font-size: 0.8em;
            color: #a2a2a2;
        }

        div.pageHeader div.testStats span.indicator {
            font-size: 2em;
            position: relative;
            top: 5px;
            text-shadow: 0 1px 0 white;
        }

        div.pageHeader div.testStats span strong {
            margin-right: 16px;
        }

        div.pageHeader div.testStats span.total {
            border-right: 1px #afafaf dotted;
            background: #8298af;
        }

        div.pageHeader div.testStats span.passed {
            border-right: 1px #afafaf dotted;
            background: #6fca83;
        }

        div.pageHeader div.testStats span.skipped {
            background: #bababa;
        }

        div.pageHeader div.testStats span.failed {
            background: #ff7676;
        }

        div.pageHeader div.testStats span {
            margin-right: 1px;
            height: 55px;
            padding: 20px 8px 18px;
            color: white;
        }

        div.pageHeader .testGroupsTitle {
            margin: 16px 32px 8px 40px;
            font-size: 0.9em;
            color: darkgrey;
            display: inline-block;
        }

        div.pageHeader .testExecutionDate {
            display: inline-block;
            position: absolute;
            right: 10px;
            margin: 14px 32px 8px 40px;
            color: #9e9e9e;
            font-size: 0.9em;
        }

        .testReportContainer {
            padding: 0 32px 32px 32px;
        }

        .cardContainer {
            padding: 16px 16px 16px;
            box-shadow: 0 4px 4px #d4d4d4;
            background-color: white;
        }

        #testResults {
            display: flex;
            flex-wrap: wrap;
        }

        .testResultGroup {
            width: 24px;
            height: 24px;
            background-color: #43c143;
            margin-left: 1px;
            margin-bottom: 1px;
            box-sizing: border-box;
        }

        .testResultGroup.selected {
            border: 1px white solid;
            background-color: black !important;
        }

        .testResultGroup.skipped {
            border: 2px gray solid;
        }

        .testResultGroup.failed {
            background-color: red;
        }

        .cardContainer.testGroupList,
        .cardContainer.testDetail {
            margin-top: 16px;
            padding: 16px;
        }

        .cardContainer.testGroupList {
            color: #9c9c9c;
            padding: 0;
        }

        .cardContainer.testGroupList .testGroupRow {
            cursor: default;
            border-bottom: 1px #dadada dotted;
        }

        .cardContainer.testGroupList .testGroupRow span.testStatus {
            font-size: 1.2em;
            font-weight: bold;
            color: #139e13;
            pointer-events: none;
            display: inline-block;
            overflow: hidden;
            float: left;
            padding-top: 10px;
            padding-left: 20px;
            padding-right: 12px;
        }

        .cardContainer.testGroupList .testGroupRow span.testStatus.skipped {
            color: gray;
        }

        .cardContainer.testGroupList .testGroupRow span.testStatus.failed {
            color: red;
        }

        .cardContainer.testGroupList .testGroupRow span.testTitle {
            font-size: 0.9em;
            padding: 12px 0 10px;
            display: inline-block;
            pointer-events: none;
            color: #525252;
            text-overflow: ellipsis;
            overflow: hidden;
            width: calc(100% - 110px);
        }

        .cardContainer.testGroupList .testGroupRow span.testDuration {
            pointer-events: none;
        }

        .cardContainer.testGroupList .testGroupRow {
            position: relative;
            border-left: 4px #43c143 solid;
        }

        .cardContainer.testGroupList .testGroupRow.skipped {
            color: gray;
            border-left: 4px gray solid;
        }

        .cardContainer.testGroupList .testGroupRow.failed {
            color: red;
            border-left: 4px red solid;
        }

        .cardContainer.testGroupList .testGroupRow:hover {
            background-color: #fffaea;
            transition: 0.250s;
        }

        .cardContainer .testOutput {
            padding: 8px 16px 24px 16px;
        }

        .cardContainer .console {
            display: block;
            font-family: monospace;
            padding: 10px;
            background-color: #424242;
            color: #1aff00;
            border-bottom: 1px #1aff00 dotted;
            overflow: auto;
            font-size: 1.1em;
        }

        .cardContainer .testOutput .testDetail {
            border-bottom: 1px #d0d0d0 solid;
            padding: 16px;
            background-color: #e6e6e6;
            border-radius: 0 0 4px 4px;
            color: dimgrey;
            font-size: 0.8em;
        }

        .cardContainer .console.skipped{
            color: #d9d9d9;
        }

        .cardContainer .console.failed {
            color: #ffb2b2;
        }

        .cardContainer .testDuration {
            position: absolute;
            top: 5px;
            right: 8px;
            text-align: right;
            padding-right: 8px;
            box-sizing: border-box;
        }
    </style>
</head>
<body>
<div class="pageHeader">
    <span class="projectTitle">Subset of 0Chain System test suite [two-commit-testing/4fd9668e] ran against [dev-1.devnet-0chain.net] at [2023-04-30_12.51.00]</span>
    <div class="testStats">
        <span class="total"><span class="indicator">&boxbox;</span> Total: <strong>16</strong>Duration: <strong>1ms</strong>
        </span><span class="passed"><span class="indicator">&check;</span> Passed: <strong>16</strong>
        </span><span class="skipped"><span class="indicator">&dash;</span> Skipped: <strong>0</strong>
        </span><span class="failed"><span class="indicator">&cross;</span> Failed: <strong>0</strong>
        </span>
    </div>
    <span class="testGroupsTitle">Test Groups:</span>
    <span class="testExecutionDate">April 30, 2023 12:53:22</span>
</div>
<div class="testReportContainer">
    <div class="cardContainer">
        <div id="testResults">
            
                <div class="testResultGroup  " id="0"></div>
            
                <div class="testResultGroup  " id="1"></div>
            
                <div class="testResultGroup  " id="2"></div>
            
                <div class="testResultGroup  " id="3"></div>
            
                <div class="testResultGroup  " id="4"></div>
            
                <div class="testResultGroup  " id="5"></div>
            
                <div class="testResultGroup  " id="6"></div>
            
                <div class="testResultGroup  " id="7"></div>
            
                <div class="testResultGroup  " id="8"></div>
            
                <div class="testResultGroup  " id="9"></div>
            
                <div class="testResultGroup  " id="10"></div>
            
                <div class="testResultGroup  " id="11"></div>
            
                <div class="testResultGroup  " id="12"></div>
            
                <div class="testResultGroup  " id="13"></div>
            
                <div class="testResultGroup  " id="14"></div>
            
                <div class="testResultGroup  " id="15"></div>
            
        </div>
    </div>
    <div class="cardContainer testGroupList" id="testGroupList"></div>
</div>
<script type="application/javascript">
    /**
 * @typedef TestStatus
 * @property {string} TestName
 * @property {string} Package
 * @property {number} ElapsedTime
 * @property {Array.<string>} Output
 * @property {boolean} Passed
 * @property {boolean} Skipped
 */
class TestStatus {}

/**
 * @typedef TestGroupData
 * @type {object}
 * @property {string} FailureIndicator
 * @property {string} SkippedIndicator
 * @property {Array.<TestStatus>}
 */
class TestGroupData {}

/**
 * @typedef TestResults
 * @type {Array.<TestGroupData>}
 */
class TestResults extends Array {}

/**
 * @typedef SelectedItems
 * @property {HTMLElement|EventTarget} testResults
 * @property {String} selectedTestGroupColor
 */
class SelectedItems {}

/**
 * @typedef GoTestReportElements
 * @property {TestResults} data
 * @property {HTMLElement} testResultsElem
 * @property {HTMLElement} testGroupListElem
 */
class GoTestReportElements {}


/**
 * Main entry point for GoTestReport.
 * @param {GoTestReportElements} elements
 * @returns {{testResultsClickHandler: testResultsClickHandler}}
 * @constructor
 */
window.GoTestReport = function (elements) {
  const /**@type {SelectedItems}*/ selectedItems = {
    testResults: null,
    selectedTestGroupColor: null
  }

  function addEventData(event) {
    if (event.data == null) {
      event.data = {target: event.target}
    }
    return event
  }


  const goTestReport = {
    /**
     * Invoked when a user clicks on one of the test group div elements.
     * @param {HTMLElement} target The element associated with the test group.
     * @param {boolean} shiftKey If pressed, all of test detail associated to the test group is shown.
     * @param {TestResults} data
     * @param {SelectedItems} selectedItems
     * @param {function(target: Element, data: TestResults)} testGroupListHandler
     */
    testResultsClickHandler: function (target,
                                       shiftKey,
                                       data,
                                       selectedItems,
                                       testGroupListHandler) {

      if (target.classList.contains('testResultGroup') === false) {
        return
      }
      if (selectedItems.testResults != null) {
        let testResultsElement = /**@type {HTMLElement}*/ selectedItems.testResults
        testResultsElement.classList.remove("selected")
        testResultsElement.style.backgroundColor = selectedItems.selectedTestGroupColor
      }
      const testGroupId = /**@type {number}*/ target.id
      if ((target.id === undefined)
        || (data[testGroupId] === undefined)
        || (data[testGroupId]['TestResults'] === undefined)) {
        return
      }
      const testResults = /**@type {TestResults}*/ data[testGroupId]['TestResults']
      let testGroupList = /**@type {string}*/ ''
      selectedItems.selectedTestGroupColor = getComputedStyle(target).getPropertyValue('background-color')
      selectedItems.testResults = target
      target.classList.add("selected")
      for (let i = 0; i < testResults.length; i++) {
        const testResult = /**@type {TestGroupData}*/ testResults[i]
        const testPassed = /**@type {boolean}*/ testResult.Passed
        const testSkipped = /**@type {boolean}*/ testResult.Skipped
        const testPassedStatus = /**@type {string}*/ (testPassed) ? '' : (testSkipped ? 'skipped' : 'failed')
        const testId = /**@type {string}*/ target.attributes['id'].value
        testGroupList += `<div class="testGroupRow ${testPassedStatus}" data-groupid="${testId}" data-index="${i}">
        <span class="testStatus ${testPassedStatus}">${(testPassed) ? '&check' : (testSkipped ? '&dash' : '&cross')};</span>
        <span class="testTitle">${testResult.TestName}</span>
        <span class="testDuration"><span>${testResult.ElapsedTime}s </span>‚è±</span>
      </div>`
      }
      const testGroupListElem = elements.testGroupListElem
      testGroupListElem.innerHTML = ''
      testGroupListElem.innerHTML = testGroupList

      if (shiftKey) {
        testGroupListElem.querySelectorAll('.testGroupRow')
                         .forEach((elem) => testGroupListHandler(elem, data))
      } else if (testResults.length === 1) {
        testGroupListHandler(testGroupListElem.querySelector('.testGroupRow'), data)
      }
    },

    /**
     *
     * @param {Element} target
     * @param {TestResults} data
     */
    testGroupListHandler: function (target, data) {
      const attribs = target['attributes']
      if (attribs.hasOwnProperty('data-groupid')) {
        const groupId = /**@type {number}*/ attribs['data-groupid'].value
        const testIndex = /**@type {number}*/ attribs['data-index'].value
        const testStatus = /**@type {TestStatus}*/ data[groupId]['TestResults'][testIndex]
        const testOutputDiv = /**@type {HTMLDivElement}*/ target.querySelector('div.testOutput')

        if (testOutputDiv == null) {
          const testOutputDiv = document.createElement('div')
          testOutputDiv.classList.add('testOutput')
          const consolePre = document.createElement('pre')
          consolePre.classList.add('console')
          const testDetailDiv = document.createElement('div')
          testDetailDiv.classList.add('testDetail')
          const packageNameDiv = document.createElement('div')
          packageNameDiv.classList.add('package')
          packageNameDiv.innerHTML = `<strong>Package:</strong> ${testStatus.Package}`
          const testFileNameDiv = document.createElement('div')
          testFileNameDiv.classList.add('filename')
          if (testStatus.TestFileName.trim() === "") {
            testFileNameDiv.innerHTML = `<strong>Filename:</strong> n/a &nbsp;&nbsp;`
          } else {
            testFileNameDiv.innerHTML = `<strong>Filename:</strong> ${testStatus.TestFileName} &nbsp;&nbsp;`
            testFileNameDiv.innerHTML += `<strong>Line:</strong> ${testStatus.TestFunctionDetail.Line} `
            testFileNameDiv.innerHTML += `<strong>Col:</strong> ${testStatus.TestFunctionDetail.Col}`
          }
          testDetailDiv.insertAdjacentElement('beforeend', packageNameDiv)
          testDetailDiv.insertAdjacentElement('beforeend', testFileNameDiv)
          testOutputDiv.insertAdjacentElement('afterbegin', consolePre)
          testOutputDiv.insertAdjacentElement('beforeend', testDetailDiv)
          target.insertAdjacentElement('beforeend', testOutputDiv)

          if (testStatus.Passed) {
            consolePre.classList.remove('skipped')
            consolePre.classList.remove('failed')
          } else if (testStatus.Skipped) {
            consolePre.classList.add('skipped')
            consolePre.classList.remove('failed')
          } else {
            consolePre.classList.remove('skipped')
            consolePre.classList.add('failed')
          }
          consolePre.textContent = testStatus.Output.join('')
        } else {
          testOutputDiv.remove()
        }
      }
    }
  }

  //+------------------------+
  //|    setup DOM events    |
  //+------------------------+
  elements.testResultsElem
          .addEventListener('click', event =>
            goTestReport.testResultsClickHandler(/**@type {HTMLElement}*/ addEventData(event).data.target,
                                                 event.shiftKey,
                                                 elements.data,
                                                 selectedItems,
                                                 goTestReport.testGroupListHandler))

  elements.testGroupListElem
          .addEventListener('click', event =>
            goTestReport.testGroupListHandler(/**@type {Element}*/ event.target,
                                              elements.data))

  return goTestReport
}


    

    const data = [{"FailureIndicator":"","SkippedIndicator":"","TestResults":[{"TestName":"TestCreateDir","Package":"github.com/0chain/system_test/tests/cli_tests","ElapsedTime":0,"Output":["","","","","","","","--- PASS: TestCreateDir (0.00s)","","","","","--- PASS: TestCreateDir (0.00s)",""],"Passed":true,"Skipped":false,"TestFileName":"zboxcli_create_dir_test.go","TestFunctionDetail":{"Line":16,"Col":1}}]},{"FailureIndicator":"","SkippedIndicator":"","TestResults":[{"TestName":"TestCreateDir/create_attempt_with_101-char_dirname","Package":"github.com/0chain/system_test/tests/cli_tests","ElapsedTime":16.7,"Output":["","    zboxcli_create_dir_test.go:97: Test case [create attempt with 101-char dirname] scheduled at [04-30-2023 12:52:24] \n","","","    system_test_framework.go:92: Test case [create attempt with 101-char dirname] start at [04-30-2023 12:52:24] \n","    zwalletcli_register_wallet_test.go:122: creating wallet...\n","    zboxcli_update_allocation_test.go:1004: Executing faucet...\n","    zwalletcli_register_wallet_test.go:139: faucet output: [No wallet in path  config/TestCreateDir-create_attempt_with_101-char_dirname_wallet.json found. Creating wallet... ZCN wallet created!! Execute faucet smart contract success with txn :  320844fb328ef286e0a8933d889586725aec344e37009e2ff101c53d8d48e2bd]\n","    zboxcli_update_allocation_test.go:1004: Executing faucet...\n","    zboxcli_create_allocation_test.go:440: Creating new allocation...\n","    utils.go:138: Waiting 5s...\n","    zboxcli_create_dir_test.go:330: Listing all...\n","    zboxcli_create_dir_test.go:97: Test case [create attempt with 101-char dirname] exit at [04-30-2023 12:52:41]\n","--- PASS: TestCreateDir/create_attempt_with_101-char_dirname (16.70s)",""],"Passed":true,"Skipped":false,"TestFileName":"","TestFunctionDetail":{"Line":0,"Col":0}}]},{"FailureIndicator":"","SkippedIndicator":"","TestResults":[{"TestName":"TestCreateDir/create_attempt_with_empty_allocation","Package":"github.com/0chain/system_test/tests/cli_tests","ElapsedTime":6.23,"Output":["","    zboxcli_create_dir_test.go:258: Test case [create attempt with empty allocation] scheduled at [04-30-2023 12:52:24] \n","","","    system_test_framework.go:92: Test case [create attempt with empty allocation] start at [04-30-2023 12:52:24] \n","    zwalletcli_register_wallet_test.go:122: creating wallet...\n","    zboxcli_update_allocation_test.go:1004: Executing faucet...\n","    zwalletcli_register_wallet_test.go:139: faucet output: [No wallet in path  config/TestCreateDir-create_attempt_with_empty_allocation_wallet.json found. Creating wallet... ZCN wallet created!! Execute faucet smart contract success with txn :  799bdb7f228c8f1c4d54767aa3f68c3acb892606c79305d53f40f5fd697359d6]\n","    zboxcli_update_allocation_test.go:1004: Executing faucet...\n","    zboxcli_create_dir_test.go:258: Test case [create attempt with empty allocation] exit at [04-30-2023 12:52:30]\n","--- PASS: TestCreateDir/create_attempt_with_empty_allocation (6.23s)",""],"Passed":true,"Skipped":false,"TestFileName":"","TestFunctionDetail":{"Line":0,"Col":0}}]},{"FailureIndicator":"","SkippedIndicator":"","TestResults":[{"TestName":"TestCreateDir/create_attempt_with_empty_dirname_param","Package":"github.com/0chain/system_test/tests/cli_tests","ElapsedTime":11.3,"Output":["","    zboxcli_create_dir_test.go:232: Test case [create attempt with empty dirname param] scheduled at [04-30-2023 12:52:24] \n","","","    system_test_framework.go:92: Test case [create attempt with empty dirname param] start at [04-30-2023 12:52:30] \n","    zwalletcli_register_wallet_test.go:122: creating wallet...\n","    zboxcli_update_allocation_test.go:1004: Executing faucet...\n","    zwalletcli_register_wallet_test.go:139: faucet output: [No wallet in path  config/TestCreateDir-create_attempt_with_empty_dirname_param_wallet.json found. Creating wallet... ZCN wallet created!! Execute faucet smart contract success with txn :  5454dd03d8b09322c547b08e7f3717d0bdac29948428d79a7b99e45a7859c60c]\n","    zboxcli_update_allocation_test.go:1004: Executing faucet...\n","    zboxcli_create_allocation_test.go:440: Creating new allocation...\n","    zboxcli_create_dir_test.go:232: Test case [create attempt with empty dirname param] exit at [04-30-2023 12:52:42]\n","--- PASS: TestCreateDir/create_attempt_with_empty_dirname_param (11.30s)",""],"Passed":true,"Skipped":false,"TestFileName":"","TestFunctionDetail":{"Line":0,"Col":0}}]},{"FailureIndicator":"","SkippedIndicator":"","TestResults":[{"TestName":"TestCreateDir/create_attempt_with_invalid_allocation","Package":"github.com/0chain/system_test/tests/cli_tests","ElapsedTime":6.26,"Output":["","    zboxcli_create_dir_test.go:274: Test case [create attempt with invalid allocation] scheduled at [04-30-2023 12:52:24] \n","","","    system_test_framework.go:92: Test case [create attempt with invalid allocation] start at [04-30-2023 12:52:24] \n","    zwalletcli_register_wallet_test.go:122: creating wallet...\n","    zboxcli_update_allocation_test.go:1004: Executing faucet...\n","    zwalletcli_register_wallet_test.go:139: faucet output: [No wallet in path  config/TestCreateDir-create_attempt_with_invalid_allocation_wallet.json found. Creating wallet... ZCN wallet created!! Execute faucet smart contract success with txn :  ea91e2d07c0dc6b69e8d36685ed6f10990cbed67addca1f4ac19afb7bcb906aa]\n","    zboxcli_update_allocation_test.go:1004: Executing faucet...\n","    zboxcli_create_dir_test.go:274: Test case [create attempt with invalid allocation] exit at [04-30-2023 12:52:30]\n","--- PASS: TestCreateDir/create_attempt_with_invalid_allocation (6.26s)",""],"Passed":true,"Skipped":false,"TestFileName":"","TestFunctionDetail":{"Line":0,"Col":0}}]},{"FailureIndicator":"","SkippedIndicator":"","TestResults":[{"TestName":"TestCreateDir/create_attempt_with_missing_allocation","Package":"github.com/0chain/system_test/tests/cli_tests","ElapsedTime":6.18,"Output":["","    zboxcli_create_dir_test.go:243: Test case [create attempt with missing allocation] scheduled at [04-30-2023 12:52:24] \n","","","    system_test_framework.go:92: Test case [create attempt with missing allocation] start at [04-30-2023 12:52:30] \n","    zwalletcli_register_wallet_test.go:122: creating wallet...\n","    zboxcli_update_allocation_test.go:1004: Executing faucet...\n","    zwalletcli_register_wallet_test.go:139: faucet output: [No wallet in path  config/TestCreateDir-create_attempt_with_missing_allocation_wallet.json found. Creating wallet... ZCN wallet created!! Execute faucet smart contract success with txn :  8893f9871cb6f412191426b14e7ccd75786860179311e7ea4ca3b635d58da6b8]\n","    zboxcli_update_allocation_test.go:1004: Executing faucet...\n","    zboxcli_create_dir_test.go:243: Test case [create attempt with missing allocation] exit at [04-30-2023 12:52:37]\n","--- PASS: TestCreateDir/create_attempt_with_missing_allocation (6.18s)",""],"Passed":true,"Skipped":false,"TestFileName":"","TestFunctionDetail":{"Line":0,"Col":0}}]},{"FailureIndicator":"","SkippedIndicator":"","TestResults":[{"TestName":"TestCreateDir/create_attempt_with_missing_dirname_param","Package":"github.com/0chain/system_test/tests/cli_tests","ElapsedTime":11.26,"Output":["","    zboxcli_create_dir_test.go:221: Test case [create attempt with missing dirname param] scheduled at [04-30-2023 12:52:24] \n","","","    system_test_framework.go:92: Test case [create attempt with missing dirname param] start at [04-30-2023 12:52:35] \n","    zwalletcli_register_wallet_test.go:122: creating wallet...\n","    zboxcli_update_allocation_test.go:1004: Executing faucet...\n","    zwalletcli_register_wallet_test.go:139: faucet output: [No wallet in path  config/TestCreateDir-create_attempt_with_missing_dirname_param_wallet.json found. Creating wallet... ZCN wallet created!! Execute faucet smart contract success with txn :  3a5bc4bb9b9f240a76ed0695d00cfe21fe0d5421cbd8a290285989573cc98dff]\n","    zboxcli_update_allocation_test.go:1004: Executing faucet...\n","    zboxcli_create_allocation_test.go:440: Creating new allocation...\n","    zboxcli_create_dir_test.go:221: Test case [create attempt with missing dirname param] exit at [04-30-2023 12:52:47]\n","--- PASS: TestCreateDir/create_attempt_with_missing_dirname_param (11.26s)",""],"Passed":true,"Skipped":false,"TestFileName":"","TestFunctionDetail":{"Line":0,"Col":0}}]},{"FailureIndicator":"","SkippedIndicator":"","TestResults":[{"TestName":"TestCreateDir/create_attempt_with_someone_else's_allocation","Package":"github.com/0chain/system_test/tests/cli_tests","ElapsedTime":14.49,"Output":["","    zboxcli_create_dir_test.go:288: Test case [create attempt with someone else's allocation] scheduled at [04-30-2023 12:52:24] \n","","","    system_test_framework.go:92: Test case [create attempt with someone else's allocation] start at [04-30-2023 12:52:24] \n","    zwalletcli_register_wallet_test.go:122: creating wallet...\n","    zboxcli_update_allocation_test.go:1004: Executing faucet...\n","    zwalletcli_register_wallet_test.go:139: faucet output: [No wallet in path  config/TestCreateDir-create_attempt_with_someone_else's_allocation_wallet.json found. Creating wallet... ZCN wallet created!! Execute faucet smart contract success with txn :  1c245e85970662a002c67f78599b640c4486678deeb64cf0a80fa86ede2cd203]\n","    zboxcli_update_allocation_test.go:1004: Executing faucet...\n","    zboxcli_create_allocation_test.go:440: Creating new allocation...\n","    zwalletcli_register_wallet_test.go:122: creating wallet...\n","    zboxcli_update_allocation_test.go:1004: Executing faucet...\n","    zwalletcli_register_wallet_test.go:139: faucet output: [No wallet in path  config/TestCreateDir-create_attempt_with_someone_else's_allocation_NON_OWNER_wallet.json found. Creating wallet... ZCN wallet created!! Execute faucet smart contract success with txn :  f0c48d8b65fedfdaf5f5604ad0dc7d3b694097ecd7165464d82a73c9c5edd998]\n","    zboxcli_create_dir_test.go:288: Test case [create attempt with someone else's allocation] exit at [04-30-2023 12:52:39]\n","--- PASS: TestCreateDir/create_attempt_with_someone_else's_allocation (14.49s)",""],"Passed":true,"Skipped":false,"TestFileName":"","TestFunctionDetail":{"Line":0,"Col":0}}]},{"FailureIndicator":"","SkippedIndicator":"","TestResults":[{"TestName":"TestCreateDir/create_dir_with_existing_dirname_should_work","Package":"github.com/0chain/system_test/tests/cli_tests","ElapsedTime":13.86,"Output":["","    zboxcli_create_dir_test.go:124: Test case [create dir with existing dirname should work] scheduled at [04-30-2023 12:52:24] \n","","","    system_test_framework.go:92: Test case [create dir with existing dirname should work] start at [04-30-2023 12:52:24] \n","    zwalletcli_register_wallet_test.go:122: creating wallet...\n","    zboxcli_update_allocation_test.go:1004: Executing faucet...\n","    zwalletcli_register_wallet_test.go:139: faucet output: [No wallet in path  config/TestCreateDir-create_dir_with_existing_dirname_should_work_wallet.json found. Creating wallet... ZCN wallet created!! Execute faucet smart contract success with txn :  7e0aff13845c1f1cc0671f51016730b1cdc4b1e0f9bb3bb263bcc04ad4b139a8]\n","    zboxcli_update_allocation_test.go:1004: Executing faucet...\n","    zboxcli_create_allocation_test.go:440: Creating new allocation...\n","    utils.go:67: \u001b[33mCommand failed on attempt [1/3] due to error [exit status 1]. Output: [CreateDir failed:  consensus_not_met: directory creation failed due consensus not met]\n","    utils.go:63: \u001b[32mCommand passed on retry [2/3]. Output: [/existingdir directory created]\n","    zboxcli_create_dir_test.go:124: Test case [create dir with existing dirname should work] exit at [04-30-2023 12:52:38]\n","--- PASS: TestCreateDir/create_dir_with_existing_dirname_should_work (13.86s)",""],"Passed":true,"Skipped":false,"TestFileName":"","TestFunctionDetail":{"Line":0,"Col":0}}]},{"FailureIndicator":"","SkippedIndicator":"","TestResults":[{"TestName":"TestCreateDir/create_dir_with_no_leading_slash_should_not_work","Package":"github.com/0chain/system_test/tests/cli_tests","ElapsedTime":11.33,"Output":["","    zboxcli_create_dir_test.go:139: Test case [create dir with no leading slash should not work] scheduled at [04-30-2023 12:52:24] \n","","","    system_test_framework.go:92: Test case [create dir with no leading slash should not work] start at [04-30-2023 12:52:24] \n","    zwalletcli_register_wallet_test.go:122: creating wallet...\n","    zboxcli_update_allocation_test.go:1004: Executing faucet...\n","    zwalletcli_register_wallet_test.go:139: faucet output: [No wallet in path  config/TestCreateDir-create_dir_with_no_leading_slash_should_not_work_wallet.json found. Creating wallet... ZCN wallet created!! Execute faucet smart contract success with txn :  7fab18e35d1864679cfe6c3ee1fdd8e4037d47e638bab411bc140a40311c60b9]\n","    zboxcli_update_allocation_test.go:1004: Executing faucet...\n","    zboxcli_create_allocation_test.go:440: Creating new allocation...\n","    zboxcli_create_dir_test.go:139: Test case [create dir with no leading slash should not work] exit at [04-30-2023 12:52:35]\n","--- PASS: TestCreateDir/create_dir_with_no_leading_slash_should_not_work (11.33s)",""],"Passed":true,"Skipped":false,"TestFileName":"","TestFunctionDetail":{"Line":0,"Col":0}}]},{"FailureIndicator":"","SkippedIndicator":"","TestResults":[{"TestName":"TestCreateDir/create_nested_dir","Package":"github.com/0chain/system_test/tests/cli_tests","ElapsedTime":21.09,"Output":["","    zboxcli_create_dir_test.go:43: Test case [create nested dir] scheduled at [04-30-2023 12:52:24] \n","","","    system_test_framework.go:92: Test case [create nested dir] start at [04-30-2023 12:52:24] \n","    zwalletcli_register_wallet_test.go:122: creating wallet...\n","    zboxcli_update_allocation_test.go:1004: Executing faucet...\n","    zwalletcli_register_wallet_test.go:139: faucet output: [No wallet in path  config/TestCreateDir-create_nested_dir_wallet.json found. Creating wallet... ZCN wallet created!! Execute faucet smart contract success with txn :  7be9c02e072faa1f5cc72db646fc02ab4320ff6169b6dddcd2963d15f15dbddd]\n","    zboxcli_update_allocation_test.go:1004: Executing faucet...\n","    zboxcli_create_allocation_test.go:440: Creating new allocation...\n","    utils.go:67: \u001b[33mCommand failed on attempt [1/3] due to error [exit status 1]. Output: [CreateDir failed:  consensus_not_met: directory creation failed due consensus not met]\n","    utils.go:67: \u001b[33mCommand failed on attempt [2/3] due to error [exit status 1]. Output: [CreateDir failed:  consensus_not_met: directory creation failed due consensus not met]\n","    utils.go:63: \u001b[32mCommand passed on retry [3/3]. Output: [/parent directory created]\n","    utils.go:138: Waiting 5s...\n","    zboxcli_create_dir_test.go:330: Listing all...\n","    zboxcli_create_dir_test.go:43: Test case [create nested dir] exit at [04-30-2023 12:52:45]\n","--- PASS: TestCreateDir/create_nested_dir (21.09s)",""],"Passed":true,"Skipped":false,"TestFileName":"","TestFunctionDetail":{"Line":0,"Col":0}}]},{"FailureIndicator":"","SkippedIndicator":"","TestResults":[{"TestName":"TestCreateDir/create_root_dir","Package":"github.com/0chain/system_test/tests/cli_tests","ElapsedTime":16.69,"Output":["","    zboxcli_create_dir_test.go:21: Test case [create root dir] scheduled at [04-30-2023 12:52:24] \n","","","    system_test_framework.go:92: Test case [create root dir] start at [04-30-2023 12:52:24] \n","    zwalletcli_register_wallet_test.go:122: creating wallet...\n","    zboxcli_update_allocation_test.go:1004: Executing faucet...\n","    zwalletcli_register_wallet_test.go:139: faucet output: [No wallet in path  config/TestCreateDir-create_root_dir_wallet.json found. Creating wallet... ZCN wallet created!! Execute faucet smart contract success with txn :  1ebe4f77cc136137ea46d6c3311960bfdd8a713413d63b7f5810043c3bb3c17c]\n","    zboxcli_update_allocation_test.go:1004: Executing faucet...\n","    zboxcli_create_allocation_test.go:440: Creating new allocation...\n","    utils.go:138: Waiting 5s...\n","    zboxcli_create_dir_test.go:330: Listing all...\n","    zboxcli_create_dir_test.go:21: Test case [create root dir] exit at [04-30-2023 12:52:41]\n","--- PASS: TestCreateDir/create_root_dir (16.69s)",""],"Passed":true,"Skipped":false,"TestFileName":"","TestFunctionDetail":{"Line":0,"Col":0}}]},{"FailureIndicator":"","SkippedIndicator":"","TestResults":[{"TestName":"TestCreateDir/create_with_100-char_dir","Package":"github.com/0chain/system_test/tests/cli_tests","ElapsedTime":16.67,"Output":["","    zboxcli_create_dir_test.go:71: Test case [create with 100-char dir] scheduled at [04-30-2023 12:52:24] \n","","","    system_test_framework.go:92: Test case [create with 100-char dir] start at [04-30-2023 12:52:24] \n","    zwalletcli_register_wallet_test.go:122: creating wallet...\n","    zboxcli_update_allocation_test.go:1004: Executing faucet...\n","    zwalletcli_register_wallet_test.go:139: faucet output: [No wallet in path  config/TestCreateDir-create_with_100-char_dir_wallet.json found. Creating wallet... ZCN wallet created!! Execute faucet smart contract success with txn :  e11278f2987f90bdb2b971a3c77b7ff7b5e7c40012793852d0028ded8d2af4a0]\n","    zboxcli_update_allocation_test.go:1004: Executing faucet...\n","    zboxcli_create_allocation_test.go:440: Creating new allocation...\n","    utils.go:138: Waiting 5s...\n","    zboxcli_create_dir_test.go:330: Listing all...\n","    zboxcli_create_dir_test.go:71: Test case [create with 100-char dir] exit at [04-30-2023 12:52:41]\n","--- PASS: TestCreateDir/create_with_100-char_dir (16.67s)",""],"Passed":true,"Skipped":false,"TestFileName":"","TestFunctionDetail":{"Line":0,"Col":0}}]},{"FailureIndicator":"","SkippedIndicator":"","TestResults":[{"TestName":"TestCreateDir/create_with_dir_containing_special_characters","Package":"github.com/0chain/system_test/tests/cli_tests","ElapsedTime":16.44,"Output":["","    zboxcli_create_dir_test.go:199: Test case [create with dir containing special characters] scheduled at [04-30-2023 12:52:24] \n","","","    system_test_framework.go:92: Test case [create with dir containing special characters] start at [04-30-2023 12:52:24] \n","    zwalletcli_register_wallet_test.go:122: creating wallet...\n","    zboxcli_update_allocation_test.go:1004: Executing faucet...\n","    zwalletcli_register_wallet_test.go:139: faucet output: [No wallet in path  config/TestCreateDir-create_with_dir_containing_special_characters_wallet.json found. Creating wallet... ZCN wallet created!! Execute faucet smart contract success with txn :  ebcff1fc07236a508e074f6f08e4f6da5d7060c098b99570c84e8d78e012d871]\n","    zboxcli_update_allocation_test.go:1004: Executing faucet...\n","    zboxcli_create_allocation_test.go:440: Creating new allocation...\n","    utils.go:67: \u001b[33mCommand failed on attempt [1/3] due to error [exit status 1]. Output: [CreateDir failed:  consensus_not_met: directory creation failed due consensus not met]\n","    utils.go:67: \u001b[33mCommand failed on attempt [2/3] due to error [exit status 1]. Output: [CreateDir failed:  consensus_not_met: directory creation failed due consensus not met]\n","    utils.go:70: \u001b[31mCommand failed on final attempt [3/3] due to error [exit status 1]. Command String: [./zbox createdir --silent --wallet TestCreateDir-create_with_dir_containing_special_characters_wallet.json --configDir ./config --config ./zbox_config.yaml --allocation \"4b2925c8ad9efdf98e13db4d4104c0ca5152c153dda7f733985abfab24a8d115\" --dirname \"/abc!@#$%^\u0026*()\u003c\u003e{}[]:;'?,.\"] Output: [CreateDir failed:  consensus_not_met: directory creation failed due consensus not met]\n","    utils.go:73: \u001b[31mThe verbose output for the command is:\n","    utils.go:77: \u001b[31m0chain-core-sdk [INFO]   2023/04/30 12:52:40.687915 wallet_base.go:310: ******* Wallet SDK Version:v1.8.13-45-g29b9769 ******* (SetLogFile)\n","    utils.go:77: \u001b[31m0box-sdk        [INFO]   2023/04/30 12:52:40.687958 sdk.go:78: ******* Storage SDK Version: v1.8.13-45-g29b9769 *******\n","    utils.go:77: \u001b[31m0chain-core-sdk [INFO]   2023/04/30 12:52:40.703517 transaction_base.go:139: ******* Wallet SDK Version:v1.8.13-45-g29b9769 ******* (InitZCNSDK)\n","    utils.go:77: \u001b[31m0box-sdk        [DEBUG]  2023/04/30 12:52:40.711738 networkworker.go:105: Get network result:{\"miners\":[\"https://dev-1.devnet-0chain.net/miner02\",\"https://dev-1.devnet-0chain.net/miner01\",\"https://dev-1.devnet-0chain.net/miner03\"],\"sharders\":[\"https://dev-1.devnet-0chain.net/sharder02\",\"https://dev-1.devnet-0chain.net/sharder01\"]}\n","    utils.go:77: \u001b[31m0box-sdk        [INFO]   2023/04/30 12:52:40.724439 dirworker.go:44: Start creating dir for blobbers\n","    utils.go:77: \u001b[31m0box-sdk        [INFO]   2023/04/30 12:52:40.731967 dirworker.go:196: Successfully created directory /abc!@#$%^\u0026*()\u003c\u003e{}[]:;'?,.\n","    utils.go:77: \u001b[31m0box-sdk        \u001b[31m[ERROR]  2023/04/30 12:52:40.732020 dirworker.go:223: https://dev-1.devnet-0chain.net/blobber05 Response: {\"code\":\"directory_exists\",\"error\":\"directory_exists: Directory already exists`\"}\n","    utils.go:77: \u001b[31m\u001b[0m\n","    utils.go:77: \u001b[31m0box-sdk        [INFO]   2023/04/30 12:52:40.736013 dirworker.go:196: Successfully created directory /abc!@#$%^\u0026*()\u003c\u003e{}[]:;'?,.\n","    utils.go:77: \u001b[31m0box-sdk        [INFO]   2023/04/30 12:52:40.737453 dirworker.go:196: Successfully created directory /abc!@#$%^\u0026*()\u003c\u003e{}[]:;'?,.\n","    utils.go:77: \u001b[31m0box-sdk        [INFO]   2023/04/30 12:52:40.746556 writemarker_mutex.go:309: https://dev-1.devnet-0chain.net/blobber06EzqeEEuzxUVV3rDdDr66gD locked\n","    utils.go:77: \u001b[31m0box-sdk        [INFO]   2023/04/30 12:52:40.748813 writemarker_mutex.go:309: https://dev-1.devnet-0chain.net/blobber01EzqeEEuzxUVV3rDdDr66gD locked\n","    utils.go:77: \u001b[31m0box-sdk        [INFO]   2023/04/30 12:52:40.749066 writemarker_mutex.go:309: https://dev-1.devnet-0chain.net/blobber03EzqeEEuzxUVV3rDdDr66gD locked\n","    utils.go:77: \u001b[31m0box-sdk        [INFO]   2023/04/30 12:52:40.749271 commitworker.go:92: received a commit request\n","    utils.go:77: \u001b[31m0box-sdk        [INFO]   2023/04/30 12:52:40.749283 commitworker.go:92: received a commit request\n","    utils.go:77: \u001b[31m0box-sdk        [INFO]   2023/04/30 12:52:40.749275 commitworker.go:92: received a commit request\n","    utils.go:77: \u001b[31m0box-sdk        [INFO]   2023/04/30 12:52:40.753732 commitworker.go:233: Committing to blobber.https://dev-1.devnet-0chain.net/blobber01\n","    utils.go:77: \u001b[31m0box-sdk        [INFO]   2023/04/30 12:52:40.753864 commitworker.go:233: Committing to blobber.https://dev-1.devnet-0chain.net/blobber06\n","    utils.go:77: \u001b[31m0box-sdk        [INFO]   2023/04/30 12:52:40.753864 commitworker.go:233: Committing to blobber.https://dev-1.devnet-0chain.net/blobber03\n","    utils.go:77: \u001b[31m0box-sdk        \u001b[31m[ERROR]  2023/04/30 12:52:40.758220 commitworker.go:243: Commit response: 400\u001b[0m\n","    utils.go:77: \u001b[31m0box-sdk        \u001b[31m[ERROR]  2023/04/30 12:52:40.758249 commitworker.go:252: https://dev-1.devnet-0chain.net/blobber06 Commit response:{\"error\":\"write_marker_verification_failed: Verification of write marker failed: write_marker_validation_failed: Duplicate write marker. Validation failed\"}\n","    utils.go:77: \u001b[31m0box-sdk        \u001b[31m[ERROR]  2023/04/30 12:52:40.758654 commitworker.go:243: Commit response: 400\u001b[0m\n","    utils.go:77: \u001b[31m0box-sdk        \u001b[31m[ERROR]  2023/04/30 12:52:40.758671 commitworker.go:243: Commit response: 400\u001b[0m\n","    utils.go:77: \u001b[31m0box-sdk        \u001b[31m[ERROR]  2023/04/30 12:52:40.758709 commitworker.go:252: https://dev-1.devnet-0chain.net/blobber03 Commit response:{\"error\":\"write_marker_verification_failed: Verification of write marker failed: write_marker_validation_failed: Duplicate write marker. Validation failed\"}\n","    utils.go:77: \u001b[31m0box-sdk        \u001b[31m[ERROR]  2023/04/30 12:52:40.758716 commitworker.go:252: https://dev-1.devnet-0chain.net/blobber01 Commit response:{\"error\":\"write_marker_verification_failed: Verification of write marker failed: write_marker_validation_failed: Duplicate write marker. Validation failed\"}\n","    utils.go:77: \u001b[31m0box-sdk        [INFO]   2023/04/30 12:52:40.758732 dirworker.go:134: Commit failedhttps://dev-1.devnet-0chain.net/blobber03commit_error: {\"error\":\"write_marker_verification_failed: Verification of write marker failed: write_marker_validation_failed: Duplicate write marker. Validation failed\"}\n","    utils.go:77: \u001b[31m0box-sdk        [INFO]   2023/04/30 12:52:40.758740 dirworker.go:134: Commit failedhttps://dev-1.devnet-0chain.net/blobber01commit_error: {\"error\":\"write_marker_verification_failed: Verification of write marker failed: write_marker_validation_failed: Duplicate write marker. Validation failed\"}\n","    utils.go:77: \u001b[31m0box-sdk        [INFO]   2023/04/30 12:52:40.758756 dirworker.go:134: Commit failedhttps://dev-1.devnet-0chain.net/blobber06commit_error: {\"error\":\"write_marker_verification_failed: Verification of write marker failed: write_marker_validation_failed: Duplicate write marker. Validation failed\"}\n","    utils.go:77: \u001b[31m0box-sdk        [INFO]   2023/04/30 12:52:40.760872 writemarker_mutex.go:122: https://dev-1.devnet-0chain.net/blobber03EzqeEEuzxUVV3rDdDr66gD unlocked\n","    utils.go:77: \u001b[31m0box-sdk        [INFO]   2023/04/30 12:52:40.760894 writemarker_mutex.go:122: https://dev-1.devnet-0chain.net/blobber01EzqeEEuzxUVV3rDdDr66gD unlocked\n","    utils.go:77: \u001b[31m0box-sdk        [INFO]   2023/04/30 12:52:40.760935 writemarker_mutex.go:122: https://dev-1.devnet-0chain.net/blobber06EzqeEEuzxUVV3rDdDr66gD unlocked\n","    utils.go:77: \u001b[31mCreateDir failed:  consensus_not_met: directory creation failed due consensus not met\n","    assertions.go:264: \n","        \tError Trace:\t/root/actions-runner1/_work/system_test/system_test/tests/cli_tests/zboxcli_create_dir_test.go:204\n","        \t            \t\t\t\t/root/actions-runner1/_work/system_test/system_test/tests/cli_tests/system_test_framework.go:93\n","        \t            \t\t\t\t/root/actions-runner1/_work/system_test/system_test/tests/cli_tests/asm_amd64.s:1598\n","        \tError:      \tExpected nil, but got: \u0026exec.ExitError{ProcessState:(*os.ProcessState)(0xc0006003d8), Stderr:[]uint8(nil)}\n","        \tTest:       \tTestCreateDir/create_with_dir_containing_special_characters\n","        \tMessages:   \tUnexpected create dir failure CreateDir failed:  consensus_not_met: directory creation failed due consensus not met\n","    zboxcli_create_dir_test.go:199: Test case [create with dir containing special characters] exit at [04-30-2023 12:52:40]\n","","","    zboxcli_create_dir_test.go:199: Test case [create with dir containing special characters] scheduled at [04-30-2023 12:52:48] \n","","","    system_test_framework.go:92: Test case [create with dir containing special characters] start at [04-30-2023 12:52:48] \n","    zwalletcli_register_wallet_test.go:122: creating wallet...\n","    zboxcli_update_allocation_test.go:1004: Executing faucet...\n","    zwalletcli_register_wallet_test.go:139: faucet output: [No wallet in path  config/TestCreateDir-create_with_dir_containing_special_characters_wallet.json found. Creating wallet... ZCN wallet created!! Execute faucet smart contract success with txn :  03cf86499dcbc02eea75021c88311eeace4479fe3caec1e5f895c283847c08fd]\n","    zboxcli_update_allocation_test.go:1004: Executing faucet...\n","    zboxcli_create_allocation_test.go:440: Creating new allocation...\n","    utils.go:138: Waiting 5s...\n","    zboxcli_create_dir_test.go:330: Listing all...\n","    zboxcli_create_dir_test.go:199: Test case [create with dir containing special characters] exit at [04-30-2023 12:53:04]\n","--- PASS: TestCreateDir/create_with_dir_containing_special_characters (16.44s)",""],"Passed":true,"Skipped":false,"TestFileName":"","TestFunctionDetail":{"Line":0,"Col":0}}]},{"FailureIndicator":"","SkippedIndicator":"","TestResults":[{"TestName":"TestCreateDir/create_with_existing_dir_but_different_case","Package":"github.com/0chain/system_test/tests/cli_tests","ElapsedTime":16.53,"Output":["","    zboxcli_create_dir_test.go:149: Test case [create with existing dir but different case] scheduled at [04-30-2023 12:52:24] \n","","","    system_test_framework.go:92: Test case [create with existing dir but different case] start at [04-30-2023 12:52:24] \n","    zwalletcli_register_wallet_test.go:122: creating wallet...\n","    zboxcli_update_allocation_test.go:1004: Executing faucet...\n","    zwalletcli_register_wallet_test.go:139: faucet output: [No wallet in path  config/TestCreateDir-create_with_existing_dir_but_different_case_wallet.json found. Creating wallet... ZCN wallet created!! Execute faucet smart contract success with txn :  629a08390ed64abe4e1ab0b1f81e9464b43b8a8df55d8257dae08b361bf35ea8]\n","    zboxcli_update_allocation_test.go:1004: Executing faucet...\n","    zboxcli_create_allocation_test.go:440: Creating new allocation...\n","    utils.go:67: \u001b[33mCommand failed on attempt [1/3] due to error [exit status 1]. Output: [CreateDir failed:  consensus_not_met: directory creation failed due consensus not met]\n","    utils.go:67: \u001b[33mCommand failed on attempt [2/3] due to error [exit status 1]. Output: [CreateDir failed:  consensus_not_met: directory creation failed due consensus not met]\n","    utils.go:63: \u001b[32mCommand passed on retry [3/3]. Output: [/existingdir directory created]\n","    utils.go:67: \u001b[33mCommand failed on attempt [1/3] due to error [exit status 1]. Output: [CreateDir failed:  consensus_not_met: directory creation failed due consensus not met]\n","    utils.go:67: \u001b[33mCommand failed on attempt [2/3] due to error [exit status 1]. Output: [CreateDir failed:  consensus_not_met: directory creation failed due consensus not met]\n","    utils.go:70: \u001b[31mCommand failed on final attempt [3/3] due to error [exit status 1]. Command String: [./zbox createdir --silent --wallet TestCreateDir-create_with_existing_dir_but_different_case_wallet.json --configDir ./config --config ./zbox_config.yaml --allocation \"15e5388e83b85498de094cf2e4ca5088261dd38d08ed0e56beeb19a814ce3e9d\" --dirname \"/existingDir\"] Output: [CreateDir failed:  consensus_not_met: directory creation failed due consensus not met]\n","    utils.go:73: \u001b[31mThe verbose output for the command is:\n","    utils.go:77: \u001b[31m0chain-core-sdk [INFO]   2023/04/30 12:52:44.868537 wallet_base.go:310: ******* Wallet SDK Version:v1.8.13-45-g29b9769 ******* (SetLogFile)\n","    utils.go:77: \u001b[31m0box-sdk        [INFO]   2023/04/30 12:52:44.868578 sdk.go:78: ******* Storage SDK Version: v1.8.13-45-g29b9769 *******\n","    utils.go:77: \u001b[31m0chain-core-sdk [INFO]   2023/04/30 12:52:44.888085 transaction_base.go:139: ******* Wallet SDK Version:v1.8.13-45-g29b9769 ******* (InitZCNSDK)\n","    utils.go:77: \u001b[31m0box-sdk        [DEBUG]  2023/04/30 12:52:44.893727 networkworker.go:105: Get network result:{\"miners\":[\"https://dev-1.devnet-0chain.net/miner02\",\"https://dev-1.devnet-0chain.net/miner01\",\"https://dev-1.devnet-0chain.net/miner03\"],\"sharders\":[\"https://dev-1.devnet-0chain.net/sharder02\",\"https://dev-1.devnet-0chain.net/sharder01\"]}\n","    utils.go:77: \u001b[31m0box-sdk        [INFO]   2023/04/30 12:52:44.900317 dirworker.go:44: Start creating dir for blobbers\n","    utils.go:77: \u001b[31m0box-sdk        [INFO]   2023/04/30 12:52:44.907672 dirworker.go:196: Successfully created directory /existingDir\n","    utils.go:77: \u001b[31m0box-sdk        \u001b[31m[ERROR]  2023/04/30 12:52:44.908913 dirworker.go:223: https://dev-1.devnet-0chain.net/blobber01 Response: {\"code\":\"directory_exists\",\"error\":\"directory_exists: Directory already exists`\"}\n","    utils.go:77: \u001b[31m\u001b[0m\n","    utils.go:77: \u001b[31m0box-sdk        \u001b[31m[ERROR]  2023/04/30 12:52:44.911251 dirworker.go:223: https://dev-1.devnet-0chain.net/blobber02 Response: {\"code\":\"directory_exists\",\"error\":\"directory_exists: Directory already exists`\"}\n","    utils.go:77: \u001b[31m0box-sdk        [INFO]   2023/04/30 12:52:44.915381 dirworker.go:196: Successfully created directory /existingDir\n","    utils.go:77: \u001b[31m0box-sdk        [INFO]   2023/04/30 12:52:44.922615 writemarker_mutex.go:309: https://dev-1.devnet-0chain.net/blobber03xtVP8SP6yZwCpymUFFWTSb locked\n","    utils.go:77: \u001b[31m0box-sdk        [INFO]   2023/04/30 12:52:44.925036 writemarker_mutex.go:309: https://dev-1.devnet-0chain.net/blobber04xtVP8SP6yZwCpymUFFWTSb locked\n","    utils.go:77: \u001b[31m0box-sdk        [INFO]   2023/04/30 12:52:44.925266 commitworker.go:92: received a commit request\n","    utils.go:77: \u001b[31m0box-sdk        [INFO]   2023/04/30 12:52:44.925267 commitworker.go:92: received a commit request\n","    utils.go:77: \u001b[31m0box-sdk        \u001b[31m[ERROR]  2023/04/30 12:52:44.928970 commitworker.go:111: Ref path response : 400\u001b[0m\n","    utils.go:77: \u001b[31m0box-sdk        \u001b[31m[ERROR]  2023/04/30 12:52:44.929452 commitworker.go:111: Ref path response : 400\u001b[0m\n","    utils.go:77: \u001b[31m0box-sdk        [INFO]   2023/04/30 12:52:44.929525 dirworker.go:134: Commit failedhttps://dev-1.devnet-0chain.net/blobber04400: Reference path error response: Status: 400 - {\"code\":\"latest_write_marker_read_error\",\"error\":\"latest_write_marker_read_error: Error reading the latest write marker for allocation.record not found\"}\n","    utils.go:77: \u001b[31m0box-sdk        [INFO]   2023/04/30 12:52:44.929535 dirworker.go:134: Commit failedhttps://dev-1.devnet-0chain.net/blobber03400: Reference path error response: Status: 400 - {\"code\":\"latest_write_marker_read_error\",\"error\":\"latest_write_marker_read_error: Error reading the latest write marker for allocation.record not found\"}\n","    utils.go:77: \u001b[31m0box-sdk        [INFO]   2023/04/30 12:52:44.931707 writemarker_mutex.go:122: https://dev-1.devnet-0chain.net/blobber04xtVP8SP6yZwCpymUFFWTSb unlocked\n","    utils.go:77: \u001b[31m0box-sdk        [INFO]   2023/04/30 12:52:44.932367 writemarker_mutex.go:122: https://dev-1.devnet-0chain.net/blobber03xtVP8SP6yZwCpymUFFWTSb unlocked\n","    utils.go:77: \u001b[31mCreateDir failed:  consensus_not_met: directory creation failed due consensus not met\n","    assertions.go:264: \n","        \tError Trace:\t/root/actions-runner1/_work/system_test/system_test/tests/cli_tests/zboxcli_create_dir_test.go:160\n","        \t            \t\t\t\t/root/actions-runner1/_work/system_test/system_test/tests/cli_tests/system_test_framework.go:93\n","        \t            \t\t\t\t/root/actions-runner1/_work/system_test/system_test/tests/cli_tests/asm_amd64.s:1598\n","        \tError:      \tExpected nil, but got: \u0026exec.ExitError{ProcessState:(*os.ProcessState)(0xc0005940f0), Stderr:[]uint8(nil)}\n","        \tTest:       \tTestCreateDir/create_with_existing_dir_but_different_case\n","        \tMessages:   \tUnexpected create dir failure CreateDir failed:  consensus_not_met: directory creation failed due consensus not met\n","    zboxcli_create_dir_test.go:149: Test case [create with existing dir but different case] exit at [04-30-2023 12:52:44]\n","","","    zboxcli_create_dir_test.go:149: Test case [create with existing dir but different case] scheduled at [04-30-2023 12:53:05] \n","","","    system_test_framework.go:92: Test case [create with existing dir but different case] start at [04-30-2023 12:53:05] \n","    zwalletcli_register_wallet_test.go:122: creating wallet...\n","    zboxcli_update_allocation_test.go:1004: Executing faucet...\n","    zwalletcli_register_wallet_test.go:139: faucet output: [No wallet in path  config/TestCreateDir-create_with_existing_dir_but_different_case_wallet.json found. Creating wallet... ZCN wallet created!! Execute faucet smart contract success with txn :  01774bee45b926f718c33843be1970fc82a1396c8d12f5a11e2ab98c4569ce90]\n","    zboxcli_update_allocation_test.go:1004: Executing faucet...\n","    zboxcli_create_allocation_test.go:440: Creating new allocation...\n","    utils.go:138: Waiting 5s...\n","    zboxcli_create_dir_test.go:330: Listing all...\n","    zboxcli_create_dir_test.go:149: Test case [create with existing dir but different case] exit at [04-30-2023 12:53:21]\n","--- PASS: TestCreateDir/create_with_existing_dir_but_different_case (16.53s)",""],"Passed":true,"Skipped":false,"TestFileName":"","TestFunctionDetail":{"Line":0,"Col":0}}]},{"FailureIndicator":"","SkippedIndicator":"","TestResults":[{"TestName":"TestCreateDir/create_with_non-existent_parent_dir","Package":"github.com/0chain/system_test/tests/cli_tests","ElapsedTime":16.72,"Output":["","    zboxcli_create_dir_test.go:177: Test case [create with non-existent parent dir] scheduled at [04-30-2023 12:52:24] \n","","","    system_test_framework.go:92: Test case [create with non-existent parent dir] start at [04-30-2023 12:52:24] \n","    zwalletcli_register_wallet_test.go:122: creating wallet...\n","    zboxcli_update_allocation_test.go:1004: Executing faucet...\n","    zwalletcli_register_wallet_test.go:139: faucet output: [No wallet in path  config/TestCreateDir-create_with_non-existent_parent_dir_wallet.json found. Creating wallet... ZCN wallet created!! Execute faucet smart contract success with txn :  e66adf31d7a200d3d418b9eb1844997fec20ee12b9a550c22cb368458cab6b57]\n","    zboxcli_update_allocation_test.go:1004: Executing faucet...\n","    zboxcli_create_allocation_test.go:440: Creating new allocation...\n","    utils.go:138: Waiting 5s...\n","    zboxcli_create_dir_test.go:330: Listing all...\n","    zboxcli_create_dir_test.go:177: Test case [create with non-existent parent dir] exit at [04-30-2023 12:52:41]\n","--- PASS: TestCreateDir/create_with_non-existent_parent_dir (16.72s)",""],"Passed":true,"Skipped":false,"TestFileName":"","TestFunctionDetail":{"Line":0,"Col":0}}]}]

    const report = window.GoTestReport({
                                         data: data,
                                         testResultsElem: document.getElementById('testResults'),
                                         testGroupListElem: document.getElementById('testGroupList')
                                       });


</script>
</body>
</html>
