<!DOCTYPE html>
<html lang="en">
<head>
    <meta charset="UTF-8">
    <title>0Chain Flaky system test suite [fix_alloc-update/98c83201] ran against [dev-4.devnet-0chain.net] at [2022-04-04_02.45.14]</title>
    <style type="text/css">
        body {
            font-family: sans-serif;
            background-color: #f3f3f3;
            border-top: 2px #dee6e8 solid;
            margin: 0;
        }

        div.pageHeader span.projectTitle {
            font-family: serif;
            font-size: 2em;
            padding-left: 56px;
            padding-top: 80px;
            display: block;
            color: #a5a5a5;
            text-shadow: 0 -1px 1px white;
        }

        div.pageHeader div.testStats {
            position: absolute;
            top: 7px;
            right: 52px;
            font-size: 0.8em;
            color: #a2a2a2;
        }

        div.pageHeader div.testStats span.indicator {
            font-size: 2em;
            position: relative;
            top: 5px;
            text-shadow: 0 1px 0 white;
        }

        div.pageHeader div.testStats span strong {
            margin-right: 16px;
        }

        div.pageHeader div.testStats span.total {
            border-right: 1px #afafaf dotted;
            background: #8298af;
        }

        div.pageHeader div.testStats span.passed {
            border-right: 1px #afafaf dotted;
            background: #6fca83;
        }

        div.pageHeader div.testStats span.skipped {
            background: #bababa;
        }

        div.pageHeader div.testStats span.failed {
            background: #ff7676;
        }

        div.pageHeader div.testStats span {
            margin-right: 1px;
            height: 55px;
            padding: 20px 8px 18px;
            color: white;
        }

        div.pageHeader .testGroupsTitle {
            margin: 16px 32px 8px 40px;
            font-size: 0.9em;
            color: darkgrey;
            display: inline-block;
        }

        div.pageHeader .testExecutionDate {
            display: inline-block;
            position: absolute;
            right: 10px;
            margin: 14px 32px 8px 40px;
            color: #9e9e9e;
            font-size: 0.9em;
        }

        .testReportContainer {
            padding: 0 32px 32px 32px;
        }

        .cardContainer {
            padding: 16px 16px 16px;
            box-shadow: 0 4px 4px #d4d4d4;
            background-color: white;
        }

        #testResults {
            display: flex;
            flex-wrap: wrap;
        }

        .testResultGroup {
            width: 24px;
            height: 24px;
            background-color: #43c143;
            margin-left: 1px;
            margin-bottom: 1px;
            box-sizing: border-box;
        }

        .testResultGroup.selected {
            border: 1px white solid;
            background-color: black !important;
        }

        .testResultGroup.skipped {
            border: 2px gray solid;
        }

        .testResultGroup.failed {
            background-color: red;
        }

        .cardContainer.testGroupList,
        .cardContainer.testDetail {
            margin-top: 16px;
            padding: 16px;
        }

        .cardContainer.testGroupList {
            color: #9c9c9c;
            padding: 0;
        }

        .cardContainer.testGroupList .testGroupRow {
            cursor: default;
            border-bottom: 1px #dadada dotted;
        }

        .cardContainer.testGroupList .testGroupRow span.testStatus {
            font-size: 1.2em;
            font-weight: bold;
            color: #139e13;
            pointer-events: none;
            display: inline-block;
            overflow: hidden;
            float: left;
            padding-top: 10px;
            padding-left: 20px;
            padding-right: 12px;
        }

        .cardContainer.testGroupList .testGroupRow span.testStatus.skipped {
            color: gray;
        }

        .cardContainer.testGroupList .testGroupRow span.testStatus.failed {
            color: red;
        }

        .cardContainer.testGroupList .testGroupRow span.testTitle {
            font-size: 0.9em;
            padding: 12px 0 10px;
            display: inline-block;
            pointer-events: none;
            color: #525252;
            text-overflow: ellipsis;
            overflow: hidden;
            width: calc(100% - 110px);
        }

        .cardContainer.testGroupList .testGroupRow span.testDuration {
            pointer-events: none;
        }

        .cardContainer.testGroupList .testGroupRow {
            position: relative;
            border-left: 4px #43c143 solid;
        }

        .cardContainer.testGroupList .testGroupRow.skipped {
            color: gray;
            border-left: 4px gray solid;
        }

        .cardContainer.testGroupList .testGroupRow.failed {
            color: red;
            border-left: 4px red solid;
        }

        .cardContainer.testGroupList .testGroupRow:hover {
            background-color: #fffaea;
            transition: 0.250s;
        }

        .cardContainer .testOutput {
            padding: 8px 16px 24px 16px;
        }

        .cardContainer .console {
            display: block;
            font-family: monospace;
            padding: 10px;
            background-color: #424242;
            color: #1aff00;
            border-bottom: 1px #1aff00 dotted;
            overflow: auto;
            font-size: 1.1em;
        }

        .cardContainer .testOutput .testDetail {
            border-bottom: 1px #d0d0d0 solid;
            padding: 16px;
            background-color: #e6e6e6;
            border-radius: 0 0 4px 4px;
            color: dimgrey;
            font-size: 0.8em;
        }

        .cardContainer .console.skipped{
            color: #d9d9d9;
        }

        .cardContainer .console.failed {
            color: #ffb2b2;
        }

        .cardContainer .testDuration {
            position: absolute;
            top: 5px;
            right: 8px;
            text-align: right;
            padding-right: 8px;
            box-sizing: border-box;
        }
    </style>
</head>
<body>
<div class="pageHeader">
    <span class="projectTitle">0Chain Flaky system test suite [fix_alloc-update/98c83201] ran against [dev-4.devnet-0chain.net] at [2022-04-04_02.45.14]</span>
    <div class="testStats">
        <span class="total"><span class="indicator">&boxbox;</span> Total: <strong>27</strong>Duration: <strong>3ms</strong>
        </span><span class="passed"><span class="indicator">&check;</span> Passed: <strong>12</strong>
        </span><span class="skipped"><span class="indicator">&dash;</span> Skipped: <strong>0</strong>
        </span><span class="failed"><span class="indicator">&cross;</span> Failed: <strong>15</strong>
        </span>
    </div>
    <span class="testGroupsTitle">Test Groups:</span>
    <span class="testExecutionDate">April 4, 2022 03:26:42</span>
</div>
<div class="testReportContainer">
    <div class="cardContainer">
        <div id="testResults">
            
                <div class="testResultGroup failed " id="0"></div>
            
                <div class="testResultGroup failed " id="1"></div>
            
                <div class="testResultGroup failed " id="2"></div>
            
                <div class="testResultGroup failed " id="3"></div>
            
                <div class="testResultGroup failed " id="4"></div>
            
                <div class="testResultGroup failed " id="5"></div>
            
                <div class="testResultGroup failed " id="6"></div>
            
                <div class="testResultGroup failed " id="7"></div>
            
                <div class="testResultGroup failed " id="8"></div>
            
                <div class="testResultGroup failed " id="9"></div>
            
                <div class="testResultGroup  " id="10"></div>
            
                <div class="testResultGroup  " id="11"></div>
            
                <div class="testResultGroup  " id="12"></div>
            
                <div class="testResultGroup failed " id="13"></div>
            
                <div class="testResultGroup  " id="14"></div>
            
                <div class="testResultGroup  " id="15"></div>
            
                <div class="testResultGroup  " id="16"></div>
            
                <div class="testResultGroup  " id="17"></div>
            
                <div class="testResultGroup  " id="18"></div>
            
                <div class="testResultGroup  " id="19"></div>
            
                <div class="testResultGroup  " id="20"></div>
            
                <div class="testResultGroup failed " id="21"></div>
            
                <div class="testResultGroup failed " id="22"></div>
            
                <div class="testResultGroup failed " id="23"></div>
            
                <div class="testResultGroup  " id="24"></div>
            
                <div class="testResultGroup failed " id="25"></div>
            
                <div class="testResultGroup  " id="26"></div>
            
        </div>
    </div>
    <div class="cardContainer testGroupList" id="testGroupList"></div>
</div>
<script type="application/javascript">
    /**
 * @typedef TestStatus
 * @property {string} TestName
 * @property {string} Package
 * @property {number} ElapsedTime
 * @property {Array.<string>} Output
 * @property {boolean} Passed
 * @property {boolean} Skipped
 */
class TestStatus {}

/**
 * @typedef TestGroupData
 * @type {object}
 * @property {string} FailureIndicator
 * @property {string} SkippedIndicator
 * @property {Array.<TestStatus>}
 */
class TestGroupData {}

/**
 * @typedef TestResults
 * @type {Array.<TestGroupData>}
 */
class TestResults extends Array {}

/**
 * @typedef SelectedItems
 * @property {HTMLElement|EventTarget} testResults
 * @property {String} selectedTestGroupColor
 */
class SelectedItems {}

/**
 * @typedef GoTestReportElements
 * @property {TestResults} data
 * @property {HTMLElement} testResultsElem
 * @property {HTMLElement} testGroupListElem
 */
class GoTestReportElements {}


/**
 * Main entry point for GoTestReport.
 * @param {GoTestReportElements} elements
 * @returns {{testResultsClickHandler: testResultsClickHandler}}
 * @constructor
 */
window.GoTestReport = function (elements) {
  const /**@type {SelectedItems}*/ selectedItems = {
    testResults: null,
    selectedTestGroupColor: null
  }

  function addEventData(event) {
    if (event.data == null) {
      event.data = {target: event.target}
    }
    return event
  }


  const goTestReport = {
    /**
     * Invoked when a user clicks on one of the test group div elements.
     * @param {HTMLElement} target The element associated with the test group.
     * @param {boolean} shiftKey If pressed, all of test detail associated to the test group is shown.
     * @param {TestResults} data
     * @param {SelectedItems} selectedItems
     * @param {function(target: Element, data: TestResults)} testGroupListHandler
     */
    testResultsClickHandler: function (target,
                                       shiftKey,
                                       data,
                                       selectedItems,
                                       testGroupListHandler) {

      if (target.classList.contains('testResultGroup') === false) {
        return
      }
      if (selectedItems.testResults != null) {
        let testResultsElement = /**@type {HTMLElement}*/ selectedItems.testResults
        testResultsElement.classList.remove("selected")
        testResultsElement.style.backgroundColor = selectedItems.selectedTestGroupColor
      }
      const testGroupId = /**@type {number}*/ target.id
      if ((target.id === undefined)
        || (data[testGroupId] === undefined)
        || (data[testGroupId]['TestResults'] === undefined)) {
        return
      }
      const testResults = /**@type {TestResults}*/ data[testGroupId]['TestResults']
      let testGroupList = /**@type {string}*/ ''
      selectedItems.selectedTestGroupColor = getComputedStyle(target).getPropertyValue('background-color')
      selectedItems.testResults = target
      target.classList.add("selected")
      for (let i = 0; i < testResults.length; i++) {
        const testResult = /**@type {TestGroupData}*/ testResults[i]
        const testPassed = /**@type {boolean}*/ testResult.Passed
        const testSkipped = /**@type {boolean}*/ testResult.Skipped
        const testPassedStatus = /**@type {string}*/ (testPassed) ? '' : (testSkipped ? 'skipped' : 'failed')
        const testId = /**@type {string}*/ target.attributes['id'].value
        testGroupList += `<div class="testGroupRow ${testPassedStatus}" data-groupid="${testId}" data-index="${i}">
        <span class="testStatus ${testPassedStatus}">${(testPassed) ? '&check' : (testSkipped ? '&dash' : '&cross')};</span>
        <span class="testTitle">${testResult.TestName}</span>
        <span class="testDuration"><span>${testResult.ElapsedTime}s </span>‚è±</span>
      </div>`
      }
      const testGroupListElem = elements.testGroupListElem
      testGroupListElem.innerHTML = ''
      testGroupListElem.innerHTML = testGroupList

      if (shiftKey) {
        testGroupListElem.querySelectorAll('.testGroupRow')
                         .forEach((elem) => testGroupListHandler(elem, data))
      } else if (testResults.length === 1) {
        testGroupListHandler(testGroupListElem.querySelector('.testGroupRow'), data)
      }
    },

    /**
     *
     * @param {Element} target
     * @param {TestResults} data
     */
    testGroupListHandler: function (target, data) {
      const attribs = target['attributes']
      if (attribs.hasOwnProperty('data-groupid')) {
        const groupId = /**@type {number}*/ attribs['data-groupid'].value
        const testIndex = /**@type {number}*/ attribs['data-index'].value
        const testStatus = /**@type {TestStatus}*/ data[groupId]['TestResults'][testIndex]
        const testOutputDiv = /**@type {HTMLDivElement}*/ target.querySelector('div.testOutput')

        if (testOutputDiv == null) {
          const testOutputDiv = document.createElement('div')
          testOutputDiv.classList.add('testOutput')
          const consolePre = document.createElement('pre')
          consolePre.classList.add('console')
          const testDetailDiv = document.createElement('div')
          testDetailDiv.classList.add('testDetail')
          const packageNameDiv = document.createElement('div')
          packageNameDiv.classList.add('package')
          packageNameDiv.innerHTML = `<strong>Package:</strong> ${testStatus.Package}`
          const testFileNameDiv = document.createElement('div')
          testFileNameDiv.classList.add('filename')
          if (testStatus.TestFileName.trim() === "") {
            testFileNameDiv.innerHTML = `<strong>Filename:</strong> n/a &nbsp;&nbsp;`
          } else {
            testFileNameDiv.innerHTML = `<strong>Filename:</strong> ${testStatus.TestFileName} &nbsp;&nbsp;`
            testFileNameDiv.innerHTML += `<strong>Line:</strong> ${testStatus.TestFunctionDetail.Line} `
            testFileNameDiv.innerHTML += `<strong>Col:</strong> ${testStatus.TestFunctionDetail.Col}`
          }
          testDetailDiv.insertAdjacentElement('beforeend', packageNameDiv)
          testDetailDiv.insertAdjacentElement('beforeend', testFileNameDiv)
          testOutputDiv.insertAdjacentElement('afterbegin', consolePre)
          testOutputDiv.insertAdjacentElement('beforeend', testDetailDiv)
          target.insertAdjacentElement('beforeend', testOutputDiv)

          if (testStatus.Passed) {
            consolePre.classList.remove('skipped')
            consolePre.classList.remove('failed')
          } else if (testStatus.Skipped) {
            consolePre.classList.add('skipped')
            consolePre.classList.remove('failed')
          } else {
            consolePre.classList.remove('skipped')
            consolePre.classList.add('failed')
          }
          consolePre.textContent = testStatus.Output.join('')
        } else {
          testOutputDiv.remove()
        }
      }
    }
  }

  //+------------------------+
  //|    setup DOM events    |
  //+------------------------+
  elements.testResultsElem
          .addEventListener('click', event =>
            goTestReport.testResultsClickHandler(/**@type {HTMLElement}*/ addEventData(event).data.target,
                                                 event.shiftKey,
                                                 elements.data,
                                                 selectedItems,
                                                 goTestReport.testGroupListHandler))

  elements.testGroupListElem
          .addEventListener('click', event =>
            goTestReport.testGroupListHandler(/**@type {Element}*/ event.target,
                                              elements.data))

  return goTestReport
}


    

    const data = [{"FailureIndicator":"failed","SkippedIndicator":"","TestResults":[{"TestName":"Test___FlakyBrokenScenarios","Package":"github.com/0chain/system_test/tests/cli_tests","ElapsedTime":197.31,"Output":["","","",""],"Passed":false,"Skipped":false,"TestFileName":"flaky___broken_scenarios_test.go","TestFunctionDetail":{"Line":27,"Col":1}}]},{"FailureIndicator":"failed","SkippedIndicator":"","TestResults":[{"TestName":"Test___FlakyBrokenScenarios/Add_Collaborator___file_owner_must_pay_for_collaborators'_reads","Package":"github.com/0chain/system_test/tests/cli_tests","ElapsedTime":104.24,"Output":["","","","","    zwalletcli_register_wallet_test.go:91: Registering wallet...\n","","    zwalletcli_register_wallet_test.go:111: Getting wallet...\n","    zwalletcli_register_wallet_test.go:91: Registering wallet...\n","","    zboxcli_update_allocation_test.go:559: Executing faucet...\n","","    zboxcli_create_allocation_test.go:262: Creating new allocation...\n","","    zboxcli_upload_test.go:791: Uploading file...\n","    zboxcli_download_token_test.go:269: Getting download cost...\n","","    zboxcli_collaborator_system_test.go:809: Adding collaborator...\n","    utils.go:133: Waiting 5s...\n","","    zboxcli_file_meta_test.go:408: Getting file metadata...\n","    zboxcli_download_token_test.go:255: Locking read tokens...\n","    utils.go:133: Waiting 30s...\n","","    zboxcli_download_token_test.go:246: Getting read pool info...\n","    utils.go:133: Waiting 15s...\n","","    zboxcli_download_test.go:1448: Downloading file...\n","    utils.go:133: Waiting 5s...\n","","    utils.go:133: Waiting 30s...\n","","    zboxcli_download_token_test.go:246: Getting read pool info...\n","    flaky___broken_scenarios_test.go:418: \n","        \tError Trace:\tflaky___broken_scenarios_test.go:418\n","        \tError:      \tRelative error is too high: 1e-06 (expected)\n","        \t            \t        \u003c 0.0003020796202759193 (actual)\n","        \tTest:       \tTest___FlakyBrokenScenarios/Add_Collaborator___file_owner_must_pay_for_collaborators'_reads\n","        \tMessages:   \tRead Pool balance must be equal to (initial balace-download cost)\n","    zboxcli_cancel_allocation_test.go:106: Canceling allocation...\n",""],"Passed":false,"Skipped":false,"TestFileName":"","TestFunctionDetail":{"Line":0,"Col":0}}]},{"FailureIndicator":"failed","SkippedIndicator":"","TestResults":[{"TestName":"Test___FlakyBrokenScenarios/Sync_path_to_non-empty_allocation_-_exclude_a_path_should_work","Package":"github.com/0chain/system_test/tests/cli_tests","ElapsedTime":18.06,"Output":["","","","    zwalletcli_register_wallet_test.go:91: Registering wallet...\n","","    zboxcli_update_allocation_test.go:559: Executing faucet...\n","","    zboxcli_create_allocation_test.go:262: Creating new allocation...\n","","    zboxcli_sync_test.go:842: Syncing folder...\n","","    utils.go:133: Waiting 5s...\n","","    zboxcli_create_dir_test.go:381: Listing all...\n","","    zboxcli_sync_test.go:864: Get Differences...\n","","    flaky___broken_scenarios_test.go:304: \n","        \tError Trace:\tflaky___broken_scenarios_test.go:304\n","        \tError:      \t\"[]\" should have 2 item(s), but has 0\n","        \tTest:       \tTest___FlakyBrokenScenarios/Sync_path_to_non-empty_allocation_-_exclude_a_path_should_work\n","        \tMessages:   \tSince we added a file and we updated 2 files (1 excluded) we expect 2 differences but we got 0\n","    zboxcli_cancel_allocation_test.go:106: Canceling allocation...\n",""],"Passed":false,"Skipped":false,"TestFileName":"","TestFunctionDetail":{"Line":0,"Col":0}}]},{"FailureIndicator":"failed","SkippedIndicator":"","TestResults":[{"TestName":"Test___FlakyBrokenScenarios/Sync_path_to_non-empty_allocation_-_locally_updated_files_(in_root)_must_be_updated_in_allocation","Package":"github.com/0chain/system_test/tests/cli_tests","ElapsedTime":17.8,"Output":["","","","","    zwalletcli_register_wallet_test.go:91: Registering wallet...\n","","    zboxcli_update_allocation_test.go:559: Executing faucet...\n","","    zboxcli_create_allocation_test.go:262: Creating new allocation...\n","","    zboxcli_sync_test.go:842: Syncing folder...\n","","    utils.go:133: Waiting 5s...\n","","    zboxcli_create_dir_test.go:381: Listing all...\n","    zboxcli_sync_test.go:864: Get Differences...\n","    flaky___broken_scenarios_test.go:90: \n","        \tError Trace:\tflaky___broken_scenarios_test.go:90\n","        \tError:      \t\"[]\" should have 1 item(s), but has 0\n","        \tTest:       \tTest___FlakyBrokenScenarios/Sync_path_to_non-empty_allocation_-_locally_updated_files_(in_root)_must_be_updated_in_allocation\n","        \tMessages:   \twe updated a file, we except 1 change but we got 0%!(EXTRA []climodel.FileDiff=[])\n","    zboxcli_cancel_allocation_test.go:106: Canceling allocation...\n",""],"Passed":false,"Skipped":false,"TestFileName":"","TestFunctionDetail":{"Line":0,"Col":0}}]},{"FailureIndicator":"failed","SkippedIndicator":"","TestResults":[{"TestName":"Test___FlakyBrokenScenarios/Sync_path_to_non-empty_allocation_-_locally_updated_files_(in_sub_folder)_must_be_updated_in_allocation","Package":"github.com/0chain/system_test/tests/cli_tests","ElapsedTime":17.99,"Output":["","","","    zwalletcli_register_wallet_test.go:91: Registering wallet...\n","","    zboxcli_update_allocation_test.go:559: Executing faucet...\n","","    zboxcli_create_allocation_test.go:262: Creating new allocation...\n","","    zboxcli_sync_test.go:842: Syncing folder...\n","","    utils.go:133: Waiting 5s...\n","","    zboxcli_create_dir_test.go:381: Listing all...\n","","    zboxcli_sync_test.go:864: Get Differences...\n","","    flaky___broken_scenarios_test.go:189: \n","        \tError Trace:\tflaky___broken_scenarios_test.go:189\n","        \tError:      \t\"[]\" should have 2 item(s), but has 0\n","        \tTest:       \tTest___FlakyBrokenScenarios/Sync_path_to_non-empty_allocation_-_locally_updated_files_(in_sub_folder)_must_be_updated_in_allocation\n","        \tMessages:   \tSince we updated 2 files we expect 2 differences but we got 0%!(EXTRA []climodel.FileDiff=[])\n","    zboxcli_cancel_allocation_test.go:106: Canceling allocation...\n",""],"Passed":false,"Skipped":false,"TestFileName":"","TestFunctionDetail":{"Line":0,"Col":0}}]},{"FailureIndicator":"failed","SkippedIndicator":"","TestResults":[{"TestName":"Test___FlakyBrokenScenarios/Tokens_should_move_from_write_pool_balance_to_challenge_pool_acc._to_expected_upload_cost","Package":"github.com/0chain/system_test/tests/cli_tests","ElapsedTime":9.78,"Output":["","","","","    zwalletcli_register_wallet_test.go:91: Registering wallet...\n","","    zboxcli_update_allocation_test.go:559: Executing faucet...\n","","    zboxcli_create_allocation_test.go:262: Creating new allocation...\n","","    zboxcli_upload_token_test.go:107: Getting write pool info...\n","","    zboxcli_upload_token_test.go:118: Getting upload cost...\n","","    zboxcli_upload_test.go:791: Uploading file...\n","","    zboxcli_upload_token_test.go:107: Getting write pool info...\n","    zboxcli_upload_token_test.go:126: Getting challenge pool info...\n","    flaky___broken_scenarios_test.go:522: Blobber [0] write pool has decreased by [0] tokens after upload\n","    flaky___broken_scenarios_test.go:522: Blobber [1] write pool has decreased by [0] tokens after upload\n","    flaky___broken_scenarios_test.go:522: Blobber [2] write pool has decreased by [0] tokens after upload\n","    flaky___broken_scenarios_test.go:522: Blobber [3] write pool has decreased by [0] tokens after upload\n","    flaky___broken_scenarios_test.go:526: \n","        \tError Trace:\tflaky___broken_scenarios_test.go:526\n","        \tError:      \tRelative error is too high: 0.1 (expected)\n","        \t            \t        \u003c 1 (actual)\n","        \tTest:       \tTest___FlakyBrokenScenarios/Tokens_should_move_from_write_pool_balance_to_challenge_pool_acc._to_expected_upload_cost\n","        \tMessages:   \texpected write pool balance to decrease by [2.1833333333333333e-10] but has actually decreased by [0]\n",""],"Passed":false,"Skipped":false,"TestFileName":"","TestFunctionDetail":{"Line":0,"Col":0}}]},{"FailureIndicator":"failed","SkippedIndicator":"","TestResults":[{"TestName":"Test___FlakyBrokenScenarios/delete_existing_file_in_root_directory_with_commit_should_work","Package":"github.com/0chain/system_test/tests/cli_tests","ElapsedTime":15.79,"Output":["","","","","    zwalletcli_register_wallet_test.go:91: Registering wallet...\n","","    zboxcli_update_allocation_test.go:559: Executing faucet...\n","","    zboxcli_create_allocation_test.go:262: Creating new allocation...\n","","    zboxcli_upload_test.go:791: Uploading file...\n","","    zboxcli_collaborator_system_test.go:845: Deleting file...\n","","    flaky___broken_scenarios_test.go:637: \n","        \tError Trace:\tflaky___broken_scenarios_test.go:637\n","        \tError:      \tExpected value not to be nil.\n","        \tTest:       \tTest___FlakyBrokenScenarios/delete_existing_file_in_root_directory_with_commit_should_work\n","        \tMessages:   \t/TkyxhaqY8N_test.txt deleted\n","        \t            \tCommiting changes to blockchain ...\n","        \t            \tCommit Metadata successful, Response : {\"TxnID\":\"1125e06a6854c3ec203e547565c8f6e00cd5d3514f0f34dc24f542f41f6e2319\",\"MetaData\":{\"Name\":\"TkyxhaqY8N_test.txt\",\"Type\":\"f\",\"Path\":\"/TkyxhaqY8N_test.txt\",\"LookupHash\":\"24c8f1a38bd81110dbb48199eafe70be987293d923e0d2057edc8da28f5308c4\",\"Hash\":\"bb523c4c5ef324b3fcf05276c31c44bf212f9d9ad5b9c59bd22790791859631c\",\"MimeType\":\"application/octet-stream\",\"Size\":1024,\"ActualFileSize\":512,\"ActualNumBlocks\":1,\"EncryptedKey\":\"\",\"CommitMetaTxns\":[],\"Collaborators\":[],\"Attributes\":{}}}\n","    zboxcli_cancel_allocation_test.go:106: Canceling allocation...\n",""],"Passed":false,"Skipped":false,"TestFileName":"","TestFunctionDetail":{"Line":0,"Col":0}}]},{"FailureIndicator":"failed","SkippedIndicator":"","TestResults":[{"TestName":"Test___FlakyBrokenScenarios/update_blobber_read_price_should_work","Package":"github.com/0chain/system_test/tests/cli_tests","ElapsedTime":114.22,"Output":["","    zwalletcli_register_wallet_test.go:91: Registering wallet...\n","    zwalletcli_register_wallet_test.go:91: Registering wallet...\n","","    zboxcli_stake_unstake_token_test.go:288: Requesting blobber list...\n","","    zboxcli_blobber_config_update_test.go:471: Updating blobber info...\n","","    utils.go:62: \u001b[33mCommand failed on attempt [1/3] due to error [exit status 1]. Output: [update_blobber_settings_failed: invalid blobber terms: read_price is greater than max_read_price allowed]\n","","    utils.go:62: \u001b[33mCommand failed on attempt [2/3] due to error [exit status 1]. Output: [update_blobber_settings_failed: invalid blobber terms: read_price is greater than max_read_price allowed]\n","","    utils.go:65: \u001b[31mCommand failed on final attempt [3/3] due to error [exit status 1]. Command String: [./zbox bl-update --blobber_id 12c1d0fb529487227ae9e180d0aea61e852be307174fab6e495b4083b5d3b815 --read_price 164893510 --silent --wallet wallets/blobber_owner_wallet.json --configDir ./config --config ./zbox_config.yaml] Output: [update_blobber_settings_failed: invalid blobber terms: read_price is greater than max_read_price allowed]\n","    utils.go:68: \u001b[31mThe verbose output for the command is:\n","    utils.go:72: \u001b[31m0chain-core-sdk [INFO]   2022/04/04 03:21:00.725093 wallet.go:292: ******* Wallet SDK Version:v1.7.2-2-g3237f5c-dirty ******* (SetLogFile)\n","    utils.go:72: \u001b[31m0box-sdk        [INFO]   2022/04/04 03:21:00.725125 sdk.go:73: ******* Storage SDK Version: v1.7.2-2-g3237f5c-dirty *******\n","    utils.go:72: \u001b[31m0chain-core-sdk [INFO]   2022/04/04 03:21:00.744173 wallet.go:410: ******* Wallet SDK Version:v1.7.2-2-g3237f5c-dirty ******* (InitZCNSDK)\n","    utils.go:72: \u001b[31m0box-sdk        [DEBUG]  2022/04/04 03:21:00.749508 networkworker.go:103: Get network result:{\"miners\":[\"https://dev-4.devnet-0chain.net/miner02\",\"https://dev-4.devnet-0chain.net/miner01\",\"https://dev-4.devnet-0chain.net/miner03\"],\"sharders\":[\"https://dev-4.devnet-0chain.net/sharder02\",\"https://dev-4.devnet-0chain.net/sharder01\"]}\n","    utils.go:72: \u001b[31mupdate_blobber_settings_failed: invalid blobber terms: read_price is greater than max_read_price allowed\n","    flaky___broken_scenarios_test.go:559: \n","        \tError Trace:\tflaky___broken_scenarios_test.go:559\n","        \tError:      \t\"[update_blobber_settings_failed: invalid blobber terms: read_price is greater than max_read_price allowed]\" should have 3 item(s), but has 1\n","        \tTest:       \tTest___FlakyBrokenScenarios/update_blobber_read_price_should_work\n","    zboxcli_blobber_config_update_test.go:471: Updating blobber info...\n","    utils.go:62: \u001b[33mCommand failed on attempt [1/3] due to error [exit status 1]. Output: [update_blobber_settings_failed: invalid blobber terms: read_price is greater than max_read_price allowed]\n","","    utils.go:62: \u001b[33mCommand failed on attempt [2/3] due to error [exit status 1]. Output: [update_blobber_settings_failed: invalid blobber terms: read_price is greater than max_read_price allowed]\n","","    utils.go:65: \u001b[31mCommand failed on final attempt [3/3] due to error [exit status 1]. Command String: [./zbox bl-update --blobber_id 12c1d0fb529487227ae9e180d0aea61e852be307174fab6e495b4083b5d3b815 --read_price 164893511 --silent --wallet wallets/blobber_owner_wallet.json --configDir ./config --config ./zbox_config.yaml] Output: [update_blobber_settings_failed: invalid blobber terms: read_price is greater than max_read_price allowed]\n","    utils.go:68: \u001b[31mThe verbose output for the command is:\n","","    utils.go:72: \u001b[31m0chain-core-sdk [INFO]   2022/04/04 03:21:16.984822 wallet.go:292: ******* Wallet SDK Version:v1.7.2-2-g3237f5c-dirty ******* (SetLogFile)\n","    utils.go:72: \u001b[31m0box-sdk        [INFO]   2022/04/04 03:21:16.984848 sdk.go:73: ******* Storage SDK Version: v1.7.2-2-g3237f5c-dirty *******\n","    utils.go:72: \u001b[31m0chain-core-sdk [INFO]   2022/04/04 03:21:17.004170 wallet.go:410: ******* Wallet SDK Version:v1.7.2-2-g3237f5c-dirty ******* (InitZCNSDK)\n","    utils.go:72: \u001b[31m0box-sdk        [DEBUG]  2022/04/04 03:21:17.009570 networkworker.go:103: Get network result:{\"miners\":[\"https://dev-4.devnet-0chain.net/miner02\",\"https://dev-4.devnet-0chain.net/miner01\",\"https://dev-4.devnet-0chain.net/miner03\"],\"sharders\":[\"https://dev-4.devnet-0chain.net/sharder02\",\"https://dev-4.devnet-0chain.net/sharder01\"]}\n","    utils.go:72: \u001b[31m0box-sdk        \u001b[31m[ERROR]  2022/04/04 03:22:05.337984 sdk.go:1147: Error verifying the transaction[txn] too less sharders to confirm it: min_confirmation is 50%, but got 0/2 sharders\n","    utils.go:72: \u001b[31mhttps://dev-4.devnet-0chain.net/sharder01/v1/transaction/get/confirmation?hash=c87541e97c48467cd608e55d2c167da5efaeb1e8c8a85f6ae2602d8b00b8f9ee: [400] {\"code\":\"entity_not_found\",\"error\":\"entity_not_found: txn_summary not found with id = c87541e97c48467cd608e55d2c167da5efaeb1e8c8a85f6ae2602d8b00b8f9ee\"}\n","    utils.go:72: \u001b[31mhttps://dev-4.devnet-0chain.net/sharder02/v1/transaction/get/confirmation?hash=c87541e97c48467cd608e55d2c167da5efaeb1e8c8a85f6ae2602d8b00b8f9ee: [400] {\"code\":\"entity_not_found\",\"error\":\"entity_not_found: txn_summary not found with id = c87541e97c48467cd608e55d2c167da5efaeb1e8c8a85f6ae2602d8b00b8f9ee\"}\n","    utils.go:72: \u001b[31mc87541e97c48467cd608e55d2c167da5efaeb1e8c8a85f6ae2602d8b00b8f9ee\u001b[0m\n","    utils.go:72: \u001b[31m[txn] too less sharders to confirm it: min_confirmation is 50%, but got 0/2 sharders\n","    flaky___broken_scenarios_test.go:550: \n","        \tError Trace:\tflaky___broken_scenarios_test.go:550\n","        \t            \t\t\t\tpanic.go:642\n","        \t            \t\t\t\ttesting.go:756\n","        \t            \t\t\t\tflaky___broken_scenarios_test.go:559\n","        \tError:      \tExpected nil, but got: \u0026exec.ExitError{ProcessState:(*os.ProcessState)(0xc00000e0f0), Stderr:[]uint8(nil)}\n","        \tTest:       \tTest___FlakyBrokenScenarios/update_blobber_read_price_should_work\n","        \tMessages:   \tupdate_blobber_settings_failed: invalid blobber terms: read_price is greater than max_read_price allowed\n",""],"Passed":false,"Skipped":false,"TestFileName":"","TestFunctionDetail":{"Line":0,"Col":0}}]},{"FailureIndicator":"failed","SkippedIndicator":"","TestResults":[{"TestName":"Test___FlakyBrokenScenarios/update_blobber_write_price_should_work","Package":"github.com/0chain/system_test/tests/cli_tests","ElapsedTime":83.09,"Output":["","    zwalletcli_register_wallet_test.go:91: Registering wallet...\n","","    utils.go:62: \u001b[33mCommand failed on attempt [1/3] due to error [exit status 1]. Output: [ZCN wallet created -\u003cNEWLINE\u003e- Creating related read pool for storage smart-contract... -\u003cNEWLINE\u003e- Failed to create read pool: [txn] too less sharders to confirm it: min_confirmation is 50%, but got 0/2 sharders -\u003cNEWLINE\u003e- https://dev-4.devnet-0chain.net/sharder01/v1/transaction/get/confirmation?hash=c2e2abbee3ea89398d851b76ce32efb7ba6430b7059422bad9e2d73d9e207838: [400] {\"code\":\"entity_not_found\",\"error\":\"entity_not_found: txn_summary not found with id = c2e2abbee3ea89398d851b76ce32efb7ba6430b7059422bad9e2d73d9e207838\"} -\u003cNEWLINE\u003e- https://dev-4.devnet-0chain.net/sharder02/v1/transaction/get/confirmation?hash=c2e2abbee3ea89398d851b76ce32efb7ba6430b7059422bad9e2d73d9e207838: [400] {\"code\":\"entity_not_found\",\"error\":\"entity_not_found: txn_summary not found with id = c2e2abbee3ea89398d851b76ce32efb7ba6430b7059422bad9e2d73d9e207838\"}]\n","","    utils.go:58: \u001b[32mCommand passed on retry [2/3]. Output: [Wallet registered]\n","    zwalletcli_register_wallet_test.go:91: Registering wallet...\n","    zboxcli_stake_unstake_token_test.go:288: Requesting blobber list...\n","    zboxcli_blobber_config_update_test.go:471: Updating blobber info...\n","","    utils.go:62: \u001b[33mCommand failed on attempt [1/3] due to error [exit status 1]. Output: [update_blobber_settings_failed: invalid blobber terms: write_price is greater than max_write_price allowed]\n","","    utils.go:62: \u001b[33mCommand failed on attempt [2/3] due to error [exit status 1]. Output: [update_blobber_settings_failed: invalid blobber terms: write_price is greater than max_write_price allowed]\n","","    utils.go:65: \u001b[31mCommand failed on final attempt [3/3] due to error [exit status 1]. Command String: [./zbox bl-update --blobber_id 12c1d0fb529487227ae9e180d0aea61e852be307174fab6e495b4083b5d3b815 --write_price 164893510 --silent --wallet wallets/blobber_owner_wallet.json --configDir ./config --config ./zbox_config.yaml] Output: [update_blobber_settings_failed: invalid blobber terms: write_price is greater than max_write_price allowed]\n","    utils.go:68: \u001b[31mThe verbose output for the command is:\n","","    utils.go:72: \u001b[31m0chain-core-sdk [INFO]   2022/04/04 03:23:09.084737 wallet.go:292: ******* Wallet SDK Version:v1.7.2-2-g3237f5c-dirty ******* (SetLogFile)\n","    utils.go:72: \u001b[31m0box-sdk        [INFO]   2022/04/04 03:23:09.084763 sdk.go:73: ******* Storage SDK Version: v1.7.2-2-g3237f5c-dirty *******\n","    utils.go:72: \u001b[31m0chain-core-sdk [INFO]   2022/04/04 03:23:09.109801 wallet.go:410: ******* Wallet SDK Version:v1.7.2-2-g3237f5c-dirty ******* (InitZCNSDK)\n","    utils.go:72: \u001b[31m0box-sdk        [DEBUG]  2022/04/04 03:23:09.117850 networkworker.go:103: Get network result:{\"miners\":[\"https://dev-4.devnet-0chain.net/miner02\",\"https://dev-4.devnet-0chain.net/miner01\",\"https://dev-4.devnet-0chain.net/miner03\"],\"sharders\":[\"https://dev-4.devnet-0chain.net/sharder02\",\"https://dev-4.devnet-0chain.net/sharder01\"]}\n","    utils.go:72: \u001b[31mupdate_blobber_settings_failed: invalid blobber terms: write_price is greater than max_write_price allowed\n","    flaky___broken_scenarios_test.go:603: \n","        \tError Trace:\tflaky___broken_scenarios_test.go:603\n","        \tError:      \t\"[update_blobber_settings_failed: invalid blobber terms: write_price is greater than max_write_price allowed]\" should have 3 item(s), but has 1\n","        \tTest:       \tTest___FlakyBrokenScenarios/update_blobber_write_price_should_work\n","    zboxcli_blobber_config_update_test.go:471: Updating blobber info...\n","    utils.go:62: \u001b[33mCommand failed on attempt [1/3] due to error [exit status 1]. Output: [update_blobber_settings_failed: invalid blobber terms: write_price is greater than max_write_price allowed]\n","","    utils.go:62: \u001b[33mCommand failed on attempt [2/3] due to error [exit status 1]. Output: [update_blobber_settings_failed: invalid blobber terms: write_price is greater than max_write_price allowed]\n","","    utils.go:65: \u001b[31mCommand failed on final attempt [3/3] due to error [exit status 1]. Command String: [./zbox bl-update --blobber_id 12c1d0fb529487227ae9e180d0aea61e852be307174fab6e495b4083b5d3b815 --write_price 164893511 --silent --wallet wallets/blobber_owner_wallet.json --configDir ./config --config ./zbox_config.yaml] Output: [update_blobber_settings_failed: invalid blobber terms: write_price is greater than max_write_price allowed]\n","    utils.go:68: \u001b[31mThe verbose output for the command is:\n","","    utils.go:72: \u001b[31m0chain-core-sdk [INFO]   2022/04/04 03:23:25.350082 wallet.go:292: ******* Wallet SDK Version:v1.7.2-2-g3237f5c-dirty ******* (SetLogFile)\n","    utils.go:72: \u001b[31m0box-sdk        [INFO]   2022/04/04 03:23:25.350110 sdk.go:73: ******* Storage SDK Version: v1.7.2-2-g3237f5c-dirty *******\n","    utils.go:72: \u001b[31m0chain-core-sdk [INFO]   2022/04/04 03:23:25.370531 wallet.go:410: ******* Wallet SDK Version:v1.7.2-2-g3237f5c-dirty ******* (InitZCNSDK)\n","    utils.go:72: \u001b[31m0box-sdk        [DEBUG]  2022/04/04 03:23:25.375965 networkworker.go:103: Get network result:{\"miners\":[\"https://dev-4.devnet-0chain.net/miner02\",\"https://dev-4.devnet-0chain.net/miner01\",\"https://dev-4.devnet-0chain.net/miner03\"],\"sharders\":[\"https://dev-4.devnet-0chain.net/sharder02\",\"https://dev-4.devnet-0chain.net/sharder01\"]}\n","    utils.go:72: \u001b[31mupdate_blobber_settings_failed: invalid blobber terms: write_price is greater than max_write_price allowed\n","    flaky___broken_scenarios_test.go:594: \n","        \tError Trace:\tflaky___broken_scenarios_test.go:594\n","        \t            \t\t\t\tpanic.go:642\n","        \t            \t\t\t\ttesting.go:756\n","        \t            \t\t\t\tflaky___broken_scenarios_test.go:603\n","        \tError:      \tExpected nil, but got: \u0026exec.ExitError{ProcessState:(*os.ProcessState)(0xc000256228), Stderr:[]uint8(nil)}\n","        \tTest:       \tTest___FlakyBrokenScenarios/update_blobber_write_price_should_work\n","        \tMessages:   \tupdate_blobber_settings_failed: invalid blobber terms: write_price is greater than max_write_price allowed\n",""],"Passed":false,"Skipped":false,"TestFileName":"","TestFunctionDetail":{"Line":0,"Col":0}}]},{"FailureIndicator":"failed","SkippedIndicator":"","TestResults":[{"TestName":"Test___FlakyScenariosCommonUserFunctions","Package":"github.com/0chain/system_test/tests/cli_tests","ElapsedTime":0,"Output":["",""],"Passed":false,"Skipped":false,"TestFileName":"flaky___flaky_test.go","TestFunctionDetail":{"Line":23,"Col":1}}]},{"FailureIndicator":"","SkippedIndicator":"","TestResults":[{"TestName":"Test___FlakyScenariosCommonUserFunctions/File_Rename_-_Users_should_not_be_charged_for_renaming_a_file","Package":"github.com/0chain/system_test/tests/cli_tests","ElapsedTime":73.39,"Output":["","","","    zwalletcli_register_wallet_test.go:91: Registering wallet...\n","","    zboxcli_update_allocation_test.go:559: Executing faucet...\n","","    zboxcli_create_allocation_test.go:262: Creating new allocation...\n","","    zboxcli_upload_test.go:791: Uploading file...\n","","    utils.go:133: Waiting 30s...\n","","    zboxcli_upload_token_test.go:107: Getting write pool info...\n","    zboxcli_common_user_functions_test.go:167: Renaming file...\n","","    utils.go:133: Waiting 30s...\n","","    zboxcli_upload_token_test.go:107: Getting write pool info...\n","    flaky___flaky_test.go:134: Initital blobber[0] balance: [1250034909], final balance: [1250034909]\n","    flaky___flaky_test.go:134: Initital blobber[1] balance: [1249804047], final balance: [1249804047]\n","    flaky___flaky_test.go:134: Initital blobber[2] balance: [1250034909], final balance: [1250034909]\n","    flaky___flaky_test.go:134: Initital blobber[3] balance: [1249804047], final balance: [1249804047]\n","    zboxcli_cancel_allocation_test.go:106: Canceling allocation...\n","--- PASS: Test___FlakyScenariosCommonUserFunctions/File_Rename_-_Users_should_not_be_charged_for_renaming_a_file (73.39s)",""],"Passed":true,"Skipped":false,"TestFileName":"","TestFunctionDetail":{"Line":0,"Col":0}}]},{"FailureIndicator":"","SkippedIndicator":"","TestResults":[{"TestName":"Test___FlakyScenariosCommonUserFunctions/File_Update_with_a_different_size_-_Blobbers_should_be_paid_for_the_extra_file_size","Package":"github.com/0chain/system_test/tests/cli_tests","ElapsedTime":133.6,"Output":["","","","    zwalletcli_register_wallet_test.go:91: Registering wallet...\n","","    zboxcli_update_allocation_test.go:559: Executing faucet...\n","","    zboxcli_create_allocation_test.go:262: Creating new allocation...\n","","    zboxcli_upload_test.go:791: Uploading file...\n","","    zboxcli_upload_token_test.go:118: Getting upload cost...\n","    utils.go:133: Waiting 1m0s...\n","","    zboxcli_upload_token_test.go:107: Getting write pool info...\n","    flaky___flaky_test.go:253: Write pool Balance after upload expected to be [0.5] but was [0.4999838958]\n","    zboxcli_common_user_functions_test.go:188: Updating file...\n","","    utils.go:133: Waiting 1m0s...\n","","    zboxcli_upload_token_test.go:107: Getting write pool info...\n","    flaky___flaky_test.go:276: Write pool Balance after upload expected to be [0.49998389575] but was [0.4999838958]\n","    flaky___flaky_test.go:291: Blobber [0] write pool has decreased by [4.026299999987382e-06] tokens after upload when it was expected to decrease by [4.0260625e-06]\n","    flaky___flaky_test.go:291: Blobber [1] write pool has decreased by [4.025599999998852e-06] tokens after upload when it was expected to decrease by [4.0260625e-06]\n","    flaky___flaky_test.go:291: Blobber [2] write pool has decreased by [4.025599999998852e-06] tokens after upload when it was expected to decrease by [4.0260625e-06]\n","    flaky___flaky_test.go:291: Blobber [3] write pool has decreased by [4.026299999987382e-06] tokens after upload when it was expected to decrease by [4.0260625e-06]\n","    zboxcli_cancel_allocation_test.go:106: Canceling allocation...\n","--- PASS: Test___FlakyScenariosCommonUserFunctions/File_Update_with_a_different_size_-_Blobbers_should_be_paid_for_the_extra_file_size (133.60s)",""],"Passed":true,"Skipped":false,"TestFileName":"","TestFunctionDetail":{"Line":0,"Col":0}}]},{"FailureIndicator":"","SkippedIndicator":"","TestResults":[{"TestName":"Test___FlakyScenariosCommonUserFunctions/File_Update_with_same_size_-_Users_should_not_be_charged,_blobber_should_not_be_paid","Package":"github.com/0chain/system_test/tests/cli_tests","ElapsedTime":73.61,"Output":["","","","","    zwalletcli_register_wallet_test.go:91: Registering wallet...\n","","    zboxcli_update_allocation_test.go:559: Executing faucet...\n","","    zboxcli_create_allocation_test.go:262: Creating new allocation...\n","","    zboxcli_upload_test.go:791: Uploading file...\n","","    utils.go:133: Waiting 30s...\n","","    zboxcli_upload_token_test.go:107: Getting write pool info...\n","","    zboxcli_common_user_functions_test.go:188: Updating file...\n","","    utils.go:133: Waiting 30s...\n","","    zboxcli_upload_token_test.go:107: Getting write pool info...\n","    flaky___flaky_test.go:194: Initital blobber[0] balance: [1249804047], final balance: [1249804047]\n","    flaky___flaky_test.go:194: Initital blobber[1] balance: [1250034909], final balance: [1250034909]\n","    flaky___flaky_test.go:194: Initital blobber[2] balance: [1249804047], final balance: [1249804047]\n","    flaky___flaky_test.go:194: Initital blobber[3] balance: [1250034909], final balance: [1250034909]\n","    zboxcli_cancel_allocation_test.go:106: Canceling allocation...\n","--- PASS: Test___FlakyScenariosCommonUserFunctions/File_Update_with_same_size_-_Users_should_not_be_charged,_blobber_should_not_be_paid (73.61s)",""],"Passed":true,"Skipped":false,"TestFileName":"","TestFunctionDetail":{"Line":0,"Col":0}}]},{"FailureIndicator":"failed","SkippedIndicator":"","TestResults":[{"TestName":"Test___FlakyScenariosCommonUserFunctions/File_move_-_Users_should_not_be_charged_for_moving_a_file_","Package":"github.com/0chain/system_test/tests/cli_tests","ElapsedTime":30.4,"Output":["","","","","    zwalletcli_register_wallet_test.go:91: Registering wallet...\n","","    zboxcli_update_allocation_test.go:559: Executing faucet...\n","","    zboxcli_create_allocation_test.go:262: Creating new allocation...\n","","    zboxcli_upload_test.go:791: Uploading file...\n","","    utils.go:133: Waiting 10s...\n","","    zboxcli_upload_token_test.go:107: Getting write pool info...\n","    zboxcli_file_move_test.go:566: Moving file...\n","    utils.go:133: Waiting 10s...\n","    zboxcli_upload_token_test.go:107: Getting write pool info...\n","    flaky___flaky_test.go:72: \n","        \tError Trace:\tflaky___flaky_test.go:72\n","        \tError:      \tNot equal: \n","        \t            \texpected: 4999758428\n","        \t            \tactual  : 4999436330\n","        \tTest:       \tTest___FlakyScenariosCommonUserFunctions/File_move_-_Users_should_not_be_charged_for_moving_a_file_\n","        \tMessages:   \tWrite pool balance expected to be unchanged\n",""],"Passed":false,"Skipped":false,"TestFileName":"","TestFunctionDetail":{"Line":0,"Col":0}}]},{"FailureIndicator":"","SkippedIndicator":"","TestResults":[{"TestName":"Test___FlakyScenariosCreateAllocationFreeStorage","Package":"github.com/0chain/system_test/tests/cli_tests","ElapsedTime":212.89,"Output":["","    zwalletcli_register_wallet_test.go:91: Registering wallet...\n","    zwalletcli_register_wallet_test.go:91: Registering wallet...\n","    zwalletcli_register_wallet_test.go:91: Registering wallet...\n","    utils.go:133: Waiting 5s...\n","    zwalletcli_storage_update_config_test.go:114: Retrieving storage config...\n","    zwalletcli_storage_update_config_test.go:126: Updating storage config...\n","    zwalletcli_register_wallet_test.go:133: Verifying transaction...\n","","","","    zwalletcli_storage_update_config_test.go:126: Updating storage config...\n","--- PASS: Test___FlakyScenariosCreateAllocationFreeStorage (212.89s)",""],"Passed":true,"Skipped":false,"TestFileName":"flaky___flaky_test.go","TestFunctionDetail":{"Line":502,"Col":1}}]},{"FailureIndicator":"","SkippedIndicator":"","TestResults":[{"TestName":"Test___FlakyScenariosCreateAllocationFreeStorage/Create_free_storage_from_marker_with_accounting","Package":"github.com/0chain/system_test/tests/cli_tests","ElapsedTime":161.46,"Output":["","    zwalletcli_register_wallet_test.go:91: Registering wallet...\n","","    zwalletcli_register_wallet_test.go:111: Getting wallet...\n","","    zboxcli_create_allocation_test.go:262: Creating new allocation...\n","","    utils.go:62: \u001b[33mCommand failed on attempt [1/3] due to error [exit status 1]. Output: [Error creating free allocation: free_allocation_failed: marker verification failed: marker timestamped in the future: 1649035214]\n","","    utils.go:62: \u001b[33mCommand failed on attempt [2/3] due to error [exit status 1]. Output: [Error creating free allocation: [txn] too less sharders to confirm it: min_confirmation is 50%, but got 0/2 sharders -\u003cNEWLINE\u003e- https://dev-4.devnet-0chain.net/sharder02/v1/transaction/get/confirmation?hash=c15ed1cd2580ac1854e9f93724e5a55deeec34e179b6ed4acc1240ed83e25d98: [400] {\"code\":\"entity_not_found\",\"error\":\"entity_not_found: txn_summary not found with id = c15ed1cd2580ac1854e9f93724e5a55deeec34e179b6ed4acc1240ed83e25d98\"} -\u003cNEWLINE\u003e- https://dev-4.devnet-0chain.net/sharder01/v1/transaction/get/confirmation?hash=c15ed1cd2580ac1854e9f93724e5a55deeec34e179b6ed4acc1240ed83e25d98: [400] {\"code\":\"entity_not_found\",\"error\":\"entity_not_found: txn_summary not found with id = c15ed1cd2580ac1854e9f93724e5a55deeec34e179b6ed4acc1240ed83e25d98\"}]\n","","    utils.go:65: \u001b[31mCommand failed on final attempt [3/3] due to error [exit status 1]. Command String: [./zbox newallocation --free_storage ./config/Test___FlakyScenariosCreateAllocationFreeStorage-Create_free_storage_from_marker_with_accounting_MARKER.json --silent --wallet Test___FlakyScenariosCreateAllocationFreeStorage-Create_free_storage_from_marker_with_accounting_wallet.json --configDir ./config --config ./zbox_config.yaml --allocationFileName Test___FlakyScenariosCreateAllocationFreeStorage-Create_free_storage_from_marker_with_accounting_allocation.txt] Output: [Error creating free allocation: [txn] too less sharders to confirm it: min_confirmation is 50%, but got 0/2 sharders -\u003cNEWLINE\u003e- https://dev-4.devnet-0chain.net/sharder02/v1/transaction/get/confirmation?hash=a5a3206faed0258241f0a5da055a47c0815313d26ee5d42bbe97e340f36dfe5e: [400] {\"code\":\"entity_not_found\",\"error\":\"entity_not_found: txn_summary not found with id = a5a3206faed0258241f0a5da055a47c0815313d26ee5d42bbe97e340f36dfe5e\"} -\u003cNEWLINE\u003e-"," https://dev-4.devnet-0chain.net/sharder01/v1/transaction/get/confirmation?hash=a5a3206faed0258241f0a5da055a47c0815313d26ee5d42bbe97e340f36dfe5e: [400] {\"code\":\"entity_not_found\",\"error\":\"entity_not_found: txn_summary not found with id = a5a3206faed0258241f0a5da055a47c0815313d26ee5d42bbe97e340f36dfe5e\"}]\n","    utils.go:68: \u001b[31mThe verbose output for the command is:\n","","    utils.go:72: \u001b[31m0chain-core-sdk [INFO]   2022/04/04 03:22:04.226381 wallet.go:292: ******* Wallet SDK Version:v1.7.2-2-g3237f5c-dirty ******* (SetLogFile)\n","    utils.go:72: \u001b[31m0box-sdk        [INFO]   2022/04/04 03:22:04.226868 sdk.go:73: ******* Storage SDK Version: v1.7.2-2-g3237f5c-dirty *******\n","    utils.go:72: \u001b[31m0chain-core-sdk [INFO]   2022/04/04 03:22:04.246228 wallet.go:410: ******* Wallet SDK Version:v1.7.2-2-g3237f5c-dirty ******* (InitZCNSDK)\n","    utils.go:72: \u001b[31m0box-sdk        [DEBUG]  2022/04/04 03:22:04.252131 networkworker.go:103: Get network result:{\"miners\":[\"https://dev-4.devnet-0chain.net/miner02\",\"https://dev-4.devnet-0chain.net/miner01\",\"https://dev-4.devnet-0chain.net/miner03\"],\"sharders\":[\"https://dev-4.devnet-0chain.net/sharder02\",\"https://dev-4.devnet-0chain.net/sharder01\"]}\n","    utils.go:72: \u001b[31m0box-sdk        \u001b[31m[ERROR]  2022/04/04 03:22:52.573883 sdk.go:1147: Error verifying the transaction[txn] too less sharders to confirm it: min_confirmation is 50%, but got 0/2 sharders\n","    utils.go:72: \u001b[31mhttps://dev-4.devnet-0chain.net/sharder02/v1/transaction/get/confirmation?hash=a35b1f918b454b272e12f2cca7fa93232c8e673a4a9f6aaa5c43da9c011f17d7: [400] {\"code\":\"entity_not_found\",\"error\":\"entity_not_found: txn_summary not found with id = a35b1f918b454b272e12f2cca7fa93232c8e673a4a9f6aaa5c43da9c011f17d7\"}\n","    utils.go:72: \u001b[31mhttps://dev-4.devnet-0chain.net/sharder01/v1/transaction/get/confirmation?hash=a35b1f918b454b272e12f2cca7fa93232c8e673a4a9f6aaa5c43da9c011f17d7: [400] {\"code\":\"entity_not_found\",\"error\":\"entity_not_found: txn_summary not found with id = a35b1f918b454b272e12f2cca7fa93232c8e673a4a9f6aaa5c43da9c011f17d7\"}\n","    utils.go:72: \u001b[31ma35b1f918b454b272e12f2cca7fa93232c8e673a4a9f6aaa5c43da9c011f17d7\u001b[0m\n","    utils.go:72: \u001b[31mError creating free allocation: [txn] too less sharders to confirm it: min_confirmation is 50%, but got 0/2 sharders\n","--- PASS: Test___FlakyScenariosCreateAllocationFreeStorage/Create_free_storage_from_marker_with_accounting (161.46s)",""],"Passed":true,"Skipped":false,"TestFileName":"","TestFunctionDetail":{"Line":0,"Col":0}}]},{"FailureIndicator":"","SkippedIndicator":"","TestResults":[{"TestName":"Test___FlakyScenariosCreateAllocationFreeStorage/Create_free_storage_with_invalid_marker_contents_should_fail","Package":"github.com/0chain/system_test/tests/cli_tests","ElapsedTime":6.14,"Output":["","    zwalletcli_register_wallet_test.go:91: Registering wallet...\n","--- PASS: Test___FlakyScenariosCreateAllocationFreeStorage/Create_free_storage_with_invalid_marker_contents_should_fail (6.14s)",""],"Passed":true,"Skipped":false,"TestFileName":"","TestFunctionDetail":{"Line":0,"Col":0}}]},{"FailureIndicator":"","SkippedIndicator":"","TestResults":[{"TestName":"Test___FlakyScenariosCreateAllocationFreeStorage/Create_free_storage_with_invalid_marker_signature_should_fail","Package":"github.com/0chain/system_test/tests/cli_tests","ElapsedTime":6.3,"Output":["","    zwalletcli_register_wallet_test.go:91: Registering wallet...\n","","    zwalletcli_register_wallet_test.go:111: Getting wallet...\n","--- PASS: Test___FlakyScenariosCreateAllocationFreeStorage/Create_free_storage_with_invalid_marker_signature_should_fail (6.30s)",""],"Passed":true,"Skipped":false,"TestFileName":"","TestFunctionDetail":{"Line":0,"Col":0}}]},{"FailureIndicator":"","SkippedIndicator":"","TestResults":[{"TestName":"Test___FlakyScenariosCreateAllocationFreeStorage/Create_free_storage_with_malformed_marker_should_fail","Package":"github.com/0chain/system_test/tests/cli_tests","ElapsedTime":3.11,"Output":["","    zwalletcli_register_wallet_test.go:91: Registering wallet...\n","--- PASS: Test___FlakyScenariosCreateAllocationFreeStorage/Create_free_storage_with_malformed_marker_should_fail (3.11s)",""],"Passed":true,"Skipped":false,"TestFileName":"","TestFunctionDetail":{"Line":0,"Col":0}}]},{"FailureIndicator":"","SkippedIndicator":"","TestResults":[{"TestName":"Test___FlakyScenariosCreateAllocationFreeStorage/Create_free_storage_with_tokens_exceeding_assigner's_individual_limit_should_fail","Package":"github.com/0chain/system_test/tests/cli_tests","ElapsedTime":6.18,"Output":["","    zwalletcli_register_wallet_test.go:91: Registering wallet...\n","","    zwalletcli_register_wallet_test.go:111: Getting wallet...\n","--- PASS: Test___FlakyScenariosCreateAllocationFreeStorage/Create_free_storage_with_tokens_exceeding_assigner's_individual_limit_should_fail (6.18s)",""],"Passed":true,"Skipped":false,"TestFileName":"","TestFunctionDetail":{"Line":0,"Col":0}}]},{"FailureIndicator":"","SkippedIndicator":"","TestResults":[{"TestName":"Test___FlakyScenariosCreateAllocationFreeStorage/Create_free_storage_with_wrong_recipient_wallet_should_fail","Package":"github.com/0chain/system_test/tests/cli_tests","ElapsedTime":9.25,"Output":["","    zwalletcli_register_wallet_test.go:91: Registering wallet...\n","","    zwalletcli_register_wallet_test.go:111: Getting wallet...\n","    zwalletcli_register_wallet_test.go:91: Registering wallet...\n","--- PASS: Test___FlakyScenariosCreateAllocationFreeStorage/Create_free_storage_with_wrong_recipient_wallet_should_fail (9.25s)",""],"Passed":true,"Skipped":false,"TestFileName":"","TestFunctionDetail":{"Line":0,"Col":0}}]},{"FailureIndicator":"failed","SkippedIndicator":"","TestResults":[{"TestName":"Test___FlakyScenariosTransferAllocation","Package":"github.com/0chain/system_test/tests/cli_tests","ElapsedTime":0,"Output":["","","",""],"Passed":false,"Skipped":false,"TestFileName":"flaky___flaky_test.go","TestFunctionDetail":{"Line":301,"Col":1}}]},{"FailureIndicator":"failed","SkippedIndicator":"","TestResults":[{"TestName":"Test___FlakyScenariosTransferAllocation/transfer_allocation_accounting_test","Package":"github.com/0chain/system_test/tests/cli_tests","ElapsedTime":391.02,"Output":["","","","    zwalletcli_register_wallet_test.go:91: Registering wallet...\n","","    zboxcli_update_allocation_test.go:559: Executing faucet...\n","","    zboxcli_create_allocation_test.go:262: Creating new allocation...\n","","    zwalletcli_register_wallet_test.go:111: Getting wallet...\n","    zboxcli_add_remove_curator_test.go:371: Adding curator...\n","","    zboxcli_upload_test.go:791: Uploading file...\n","    zwalletcli_register_wallet_test.go:91: Registering wallet...\n","","    utils.go:62: \u001b[33mCommand failed on attempt [1/3] due to error [exit status 1]. Output: [ZCN wallet created -\u003cNEWLINE\u003e- Creating related read pool for storage smart-contract... -\u003cNEWLINE\u003e- Failed to create read pool: [txn] too less sharders to confirm it: min_confirmation is 50%, but got 0/2 sharders -\u003cNEWLINE\u003e- https://dev-4.devnet-0chain.net/sharder01/v1/transaction/get/confirmation?hash=0cb9b710697db048f375867ae52e6c6a9835f1f8795339bb4d74dd12479a44d5: [400] {\"code\":\"entity_not_found\",\"error\":\"entity_not_found: txn_summary not found with id = 0cb9b710697db048f375867ae52e6c6a9835f1f8795339bb4d74dd12479a44d5\"} -\u003cNEWLINE\u003e- https://dev-4.devnet-0chain.net/sharder02/v1/transaction/get/confirmation?hash=0cb9b710697db048f375867ae52e6c6a9835f1f8795339bb4d74dd12479a44d5: [400] {\"code\":\"entity_not_found\",\"error\":\"entity_not_found: txn_summary not found with id = 0cb9b710697db048f375867ae52e6c6a9835f1f8795339bb4d74dd12479a44d5\"}]\n","    utils.go:58: \u001b[32mCommand passed on retry [2/3]. Output: [Wallet registered]\n","    zboxcli_update_allocation_test.go:559: Executing faucet...\n","","    zwalletcli_register_wallet_test.go:111: Getting wallet...\n","    zboxcli_upload_token_test.go:107: Getting write pool info...\n","    zboxcli_transfer_allocation_test.go:900: Transferring allocation ownership...\n","","    utils.go:62: \u001b[33mCommand failed on attempt [1/3] due to error [exit status 1]. Output: [Error adding curator:[txn] too less sharders to confirm it: min_confirmation is 50%, but got 0/2 sharders -\u003cNEWLINE\u003e- https://dev-4.devnet-0chain.net/sharder02/v1/transaction/get/confirmation?hash=fc7f00dc651eac8c660f228b7db8960564e28a8b4d9f5e21d29c45d09ce782a3: [400] {\"code\":\"entity_not_found\",\"error\":\"entity_not_found: txn_summary not found with id = fc7f00dc651eac8c660f228b7db8960564e28a8b4d9f5e21d29c45d09ce782a3\"} -\u003cNEWLINE\u003e- https://dev-4.devnet-0chain.net/sharder01/v1/transaction/get/confirmation?hash=fc7f00dc651eac8c660f228b7db8960564e28a8b4d9f5e21d29c45d09ce782a3: [400] {\"code\":\"entity_not_found\",\"error\":\"entity_not_found: txn_summary not found with id = fc7f00dc651eac8c660f228b7db8960564e28a8b4d9f5e21d29c45d09ce782a3\"}]\n","","    utils.go:62: \u001b[33mCommand failed on attempt [2/3] due to error [exit status 1]. Output: [Error adding curator:[txn] too less sharders to confirm it: min_confirmation is 50%, but got 0/2 sharders -\u003cNEWLINE\u003e- https://dev-4.devnet-0chain.net/sharder02/v1/transaction/get/confirmation?hash=51afafcfec2b693a8261782cd30df8bd8c674a02f56b20cc928752c04d0470ee: [400] {\"code\":\"entity_not_found\",\"error\":\"entity_not_found: txn_summary not found with id = 51afafcfec2b693a8261782cd30df8bd8c674a02f56b20cc928752c04d0470ee\"} -\u003cNEWLINE\u003e- https://dev-4.devnet-0chain.net/sharder01/v1/transaction/get/confirmation?hash=51afafcfec2b693a8261782cd30df8bd8c674a02f56b20cc928752c04d0470ee: [400] {\"code\":\"entity_not_found\",\"error\":\"entity_not_found: txn_summary not found with id = 51afafcfec2b693a8261782cd30df8bd8c674a02f56b20cc928752c04d0470ee\"}]\n","","    utils.go:58: \u001b[32mCommand passed on retry [3/3]. Output: [transferred ownership of allocation 5103fd361afc5dab22d5fedf6fe248a331c6080c477287beea22f6f3cd8174b3 to 6c30173fb8ad38256c0aa1a2c06025265bf6b15aedbc770de519b4419f686dc0]\n","    zboxcli_transfer_allocation_test.go:917: Polling for 5 minutes until allocation ownership changed...\n","    utils.go:133: Waiting 5s...\n","","    zboxcli_create_dir_test.go:381: Listing all...\n","    utils.go:133: Waiting 10s...\n","","    utils.go:133: Waiting 5s...\n","","    zboxcli_create_dir_test.go:381: Listing all...\n","    utils.go:133: Waiting 10s...\n","","    utils.go:133: Waiting 5s...\n","","    zboxcli_create_dir_test.go:381: Listing all...\n","    utils.go:133: Waiting 10s...\n","","    utils.go:133: Waiting 5s...\n","","    zboxcli_create_dir_test.go:381: Listing all...\n","    utils.go:133: Waiting 10s...\n","    utils.go:133: Waiting 5s...\n","    zboxcli_create_dir_test.go:381: Listing all...\n","    utils.go:133: Waiting 10s...\n","    utils.go:133: Waiting 5s...\n","","    zboxcli_create_dir_test.go:381: Listing all...\n","    utils.go:133: Waiting 10s...\n","    utils.go:133: Waiting 5s...\n","","    zboxcli_create_dir_test.go:381: Listing all...\n","    utils.go:133: Waiting 5s...\n","","    utils.go:133: Waiting 2m0s...\n","","    zboxcli_upload_token_test.go:107: Getting write pool info...\n","    flaky___flaky_test.go:409: \n","        \tError Trace:\tflaky___flaky_test.go:409\n","        \tError:      \tNot equal: \n","        \t            \texpected: 0\n","        \t            \tactual  : 42\n","        \tTest:       \tTest___FlakyScenariosTransferAllocation/transfer_allocation_accounting_test\n",""],"Passed":false,"Skipped":false,"TestFileName":"","TestFunctionDetail":{"Line":0,"Col":0}}]},{"FailureIndicator":"failed","SkippedIndicator":"","TestResults":[{"TestName":"Test___FlakyScenariosUpdateScSettings","Package":"github.com/0chain/system_test/tests/cli_tests","ElapsedTime":22.38,"Output":["",""],"Passed":false,"Skipped":false,"TestFileName":"flaky___flaky_test.go","TestFunctionDetail":{"Line":416,"Col":1}}]},{"FailureIndicator":"","SkippedIndicator":"","TestResults":[{"TestName":"Test___FlakyScenariosUpdateScSettings/should_allow_update_of_max_read_price","Package":"github.com/0chain/system_test/tests/cli_tests","ElapsedTime":22.38,"Output":["","    zwalletcli_register_wallet_test.go:91: Registering wallet...\n","    zwalletcli_register_wallet_test.go:91: Registering wallet...\n","    utils.go:133: Waiting 5s...\n","    zwalletcli_storage_update_config_test.go:114: Retrieving storage config...\n","    zwalletcli_storage_update_config_test.go:126: Updating storage config...\n","    utils.go:133: Waiting 5s...\n","    zwalletcli_storage_update_config_test.go:114: Retrieving storage config...\n","    zboxcli_update_allocation_test.go:559: Executing faucet...\n","    zwalletcli_storage_update_config_test.go:126: Updating storage config...\n","--- PASS: Test___FlakyScenariosUpdateScSettings/should_allow_update_of_max_read_price (22.38s)",""],"Passed":true,"Skipped":false,"TestFileName":"","TestFunctionDetail":{"Line":0,"Col":0}}]},{"FailureIndicator":"failed","SkippedIndicator":"","TestResults":[{"TestName":"Test___FlakyScenariosUpdateScSettings/update_max_read_price_to_invalid_value_should_fail","Package":"github.com/0chain/system_test/tests/cli_tests","ElapsedTime":6.19,"Output":["","","","    zwalletcli_register_wallet_test.go:91: Registering wallet...\n","    zwalletcli_register_wallet_test.go:91: Registering wallet...\n","    zwalletcli_storage_update_config_test.go:126: Updating storage config...\n","    flaky___flaky_test.go:439: \n","        \tError Trace:\tflaky___flaky_test.go:439\n","        \tError:      \tExpected value not to be nil.\n","        \tTest:       \tTest___FlakyScenariosUpdateScSettings/update_max_read_price_to_invalid_value_should_fail\n","        \tMessages:   \tstoragesc smart contract settings updated\n","        \t            \tHash: 7e0693174df725a5ca82e8a46869ef0ccf447a3bb22d7161d6c90075d1cfa9d5\n",""],"Passed":false,"Skipped":false,"TestFileName":"","TestFunctionDetail":{"Line":0,"Col":0}}]},{"FailureIndicator":"","SkippedIndicator":"","TestResults":[{"TestName":"Test___FlakyUnhealthyBlobberScenarios","Package":"github.com/0chain/system_test/tests/cli_tests","ElapsedTime":0,"Output":["","--- PASS: Test___FlakyUnhealthyBlobberScenarios (0.00s)",""],"Passed":true,"Skipped":false,"TestFileName":"flaky___unhealthy_blobber_test.go","TestFunctionDetail":{"Line":10,"Col":1}}]}]

    const report = window.GoTestReport({
                                         data: data,
                                         testResultsElem: document.getElementById('testResults'),
                                         testGroupListElem: document.getElementById('testGroupList')
                                       });


</script>
</body>
</html>
