<!DOCTYPE html>
<html lang="en">
<head>
    <meta charset="UTF-8">
    <title>Subset of 0Chain System test suite [two-commit-testing/4e5a757b] ran against [dev-5.devnet-0chain.net] at [2023-04-26_09.53.36]</title>
    <style type="text/css">
        body {
            font-family: sans-serif;
            background-color: #f3f3f3;
            border-top: 2px #dee6e8 solid;
            margin: 0;
        }

        div.pageHeader span.projectTitle {
            font-family: serif;
            font-size: 2em;
            padding-left: 56px;
            padding-top: 80px;
            display: block;
            color: #a5a5a5;
            text-shadow: 0 -1px 1px white;
        }

        div.pageHeader div.testStats {
            position: absolute;
            top: 7px;
            right: 52px;
            font-size: 0.8em;
            color: #a2a2a2;
        }

        div.pageHeader div.testStats span.indicator {
            font-size: 2em;
            position: relative;
            top: 5px;
            text-shadow: 0 1px 0 white;
        }

        div.pageHeader div.testStats span strong {
            margin-right: 16px;
        }

        div.pageHeader div.testStats span.total {
            border-right: 1px #afafaf dotted;
            background: #8298af;
        }

        div.pageHeader div.testStats span.passed {
            border-right: 1px #afafaf dotted;
            background: #6fca83;
        }

        div.pageHeader div.testStats span.skipped {
            background: #bababa;
        }

        div.pageHeader div.testStats span.failed {
            background: #ff7676;
        }

        div.pageHeader div.testStats span {
            margin-right: 1px;
            height: 55px;
            padding: 20px 8px 18px;
            color: white;
        }

        div.pageHeader .testGroupsTitle {
            margin: 16px 32px 8px 40px;
            font-size: 0.9em;
            color: darkgrey;
            display: inline-block;
        }

        div.pageHeader .testExecutionDate {
            display: inline-block;
            position: absolute;
            right: 10px;
            margin: 14px 32px 8px 40px;
            color: #9e9e9e;
            font-size: 0.9em;
        }

        .testReportContainer {
            padding: 0 32px 32px 32px;
        }

        .cardContainer {
            padding: 16px 16px 16px;
            box-shadow: 0 4px 4px #d4d4d4;
            background-color: white;
        }

        #testResults {
            display: flex;
            flex-wrap: wrap;
        }

        .testResultGroup {
            width: 24px;
            height: 24px;
            background-color: #43c143;
            margin-left: 1px;
            margin-bottom: 1px;
            box-sizing: border-box;
        }

        .testResultGroup.selected {
            border: 1px white solid;
            background-color: black !important;
        }

        .testResultGroup.skipped {
            border: 2px gray solid;
        }

        .testResultGroup.failed {
            background-color: red;
        }

        .cardContainer.testGroupList,
        .cardContainer.testDetail {
            margin-top: 16px;
            padding: 16px;
        }

        .cardContainer.testGroupList {
            color: #9c9c9c;
            padding: 0;
        }

        .cardContainer.testGroupList .testGroupRow {
            cursor: default;
            border-bottom: 1px #dadada dotted;
        }

        .cardContainer.testGroupList .testGroupRow span.testStatus {
            font-size: 1.2em;
            font-weight: bold;
            color: #139e13;
            pointer-events: none;
            display: inline-block;
            overflow: hidden;
            float: left;
            padding-top: 10px;
            padding-left: 20px;
            padding-right: 12px;
        }

        .cardContainer.testGroupList .testGroupRow span.testStatus.skipped {
            color: gray;
        }

        .cardContainer.testGroupList .testGroupRow span.testStatus.failed {
            color: red;
        }

        .cardContainer.testGroupList .testGroupRow span.testTitle {
            font-size: 0.9em;
            padding: 12px 0 10px;
            display: inline-block;
            pointer-events: none;
            color: #525252;
            text-overflow: ellipsis;
            overflow: hidden;
            width: calc(100% - 110px);
        }

        .cardContainer.testGroupList .testGroupRow span.testDuration {
            pointer-events: none;
        }

        .cardContainer.testGroupList .testGroupRow {
            position: relative;
            border-left: 4px #43c143 solid;
        }

        .cardContainer.testGroupList .testGroupRow.skipped {
            color: gray;
            border-left: 4px gray solid;
        }

        .cardContainer.testGroupList .testGroupRow.failed {
            color: red;
            border-left: 4px red solid;
        }

        .cardContainer.testGroupList .testGroupRow:hover {
            background-color: #fffaea;
            transition: 0.250s;
        }

        .cardContainer .testOutput {
            padding: 8px 16px 24px 16px;
        }

        .cardContainer .console {
            display: block;
            font-family: monospace;
            padding: 10px;
            background-color: #424242;
            color: #1aff00;
            border-bottom: 1px #1aff00 dotted;
            overflow: auto;
            font-size: 1.1em;
        }

        .cardContainer .testOutput .testDetail {
            border-bottom: 1px #d0d0d0 solid;
            padding: 16px;
            background-color: #e6e6e6;
            border-radius: 0 0 4px 4px;
            color: dimgrey;
            font-size: 0.8em;
        }

        .cardContainer .console.skipped{
            color: #d9d9d9;
        }

        .cardContainer .console.failed {
            color: #ffb2b2;
        }

        .cardContainer .testDuration {
            position: absolute;
            top: 5px;
            right: 8px;
            text-align: right;
            padding-right: 8px;
            box-sizing: border-box;
        }
    </style>
</head>
<body>
<div class="pageHeader">
    <span class="projectTitle">Subset of 0Chain System test suite [two-commit-testing/4e5a757b] ran against [dev-5.devnet-0chain.net] at [2023-04-26_09.53.36]</span>
    <div class="testStats">
        <span class="total"><span class="indicator">&boxbox;</span> Total: <strong>55</strong>Duration: <strong>8ms</strong>
        </span><span class="passed"><span class="indicator">&check;</span> Passed: <strong>48</strong>
        </span><span class="skipped"><span class="indicator">&dash;</span> Skipped: <strong>3</strong>
        </span><span class="failed"><span class="indicator">&cross;</span> Failed: <strong>4</strong>
        </span>
    </div>
    <span class="testGroupsTitle">Test Groups:</span>
    <span class="testExecutionDate">April 26, 2023 10:04:48</span>
</div>
<div class="testReportContainer">
    <div class="cardContainer">
        <div id="testResults">
            
                <div class="testResultGroup  " id="0"></div>
            
                <div class="testResultGroup  skipped" id="1"></div>
            
                <div class="testResultGroup  skipped" id="2"></div>
            
                <div class="testResultGroup  skipped" id="3"></div>
            
                <div class="testResultGroup  " id="4"></div>
            
                <div class="testResultGroup failed " id="5"></div>
            
                <div class="testResultGroup  " id="6"></div>
            
                <div class="testResultGroup  " id="7"></div>
            
                <div class="testResultGroup  " id="8"></div>
            
                <div class="testResultGroup  " id="9"></div>
            
                <div class="testResultGroup  " id="10"></div>
            
                <div class="testResultGroup  " id="11"></div>
            
                <div class="testResultGroup  " id="12"></div>
            
                <div class="testResultGroup  " id="13"></div>
            
                <div class="testResultGroup  " id="14"></div>
            
                <div class="testResultGroup  " id="15"></div>
            
                <div class="testResultGroup  " id="16"></div>
            
                <div class="testResultGroup  " id="17"></div>
            
                <div class="testResultGroup  " id="18"></div>
            
                <div class="testResultGroup  " id="19"></div>
            
                <div class="testResultGroup  " id="20"></div>
            
                <div class="testResultGroup  " id="21"></div>
            
                <div class="testResultGroup  " id="22"></div>
            
                <div class="testResultGroup  " id="23"></div>
            
                <div class="testResultGroup  " id="24"></div>
            
                <div class="testResultGroup  " id="25"></div>
            
                <div class="testResultGroup  " id="26"></div>
            
                <div class="testResultGroup  " id="27"></div>
            
                <div class="testResultGroup  " id="28"></div>
            
                <div class="testResultGroup  " id="29"></div>
            
                <div class="testResultGroup  " id="30"></div>
            
                <div class="testResultGroup  " id="31"></div>
            
                <div class="testResultGroup failed " id="32"></div>
            
                <div class="testResultGroup  " id="33"></div>
            
                <div class="testResultGroup  " id="34"></div>
            
                <div class="testResultGroup  " id="35"></div>
            
                <div class="testResultGroup  " id="36"></div>
            
                <div class="testResultGroup  " id="37"></div>
            
                <div class="testResultGroup  " id="38"></div>
            
                <div class="testResultGroup  " id="39"></div>
            
                <div class="testResultGroup  " id="40"></div>
            
                <div class="testResultGroup  " id="41"></div>
            
                <div class="testResultGroup  " id="42"></div>
            
                <div class="testResultGroup  " id="43"></div>
            
                <div class="testResultGroup  " id="44"></div>
            
                <div class="testResultGroup  " id="45"></div>
            
                <div class="testResultGroup  " id="46"></div>
            
                <div class="testResultGroup  " id="47"></div>
            
                <div class="testResultGroup failed " id="48"></div>
            
                <div class="testResultGroup failed " id="49"></div>
            
                <div class="testResultGroup  " id="50"></div>
            
                <div class="testResultGroup  " id="51"></div>
            
                <div class="testResultGroup  " id="52"></div>
            
                <div class="testResultGroup  " id="53"></div>
            
                <div class="testResultGroup  " id="54"></div>
            
        </div>
    </div>
    <div class="cardContainer testGroupList" id="testGroupList"></div>
</div>
<script type="application/javascript">
    /**
 * @typedef TestStatus
 * @property {string} TestName
 * @property {string} Package
 * @property {number} ElapsedTime
 * @property {Array.<string>} Output
 * @property {boolean} Passed
 * @property {boolean} Skipped
 */
class TestStatus {}

/**
 * @typedef TestGroupData
 * @type {object}
 * @property {string} FailureIndicator
 * @property {string} SkippedIndicator
 * @property {Array.<TestStatus>}
 */
class TestGroupData {}

/**
 * @typedef TestResults
 * @type {Array.<TestGroupData>}
 */
class TestResults extends Array {}

/**
 * @typedef SelectedItems
 * @property {HTMLElement|EventTarget} testResults
 * @property {String} selectedTestGroupColor
 */
class SelectedItems {}

/**
 * @typedef GoTestReportElements
 * @property {TestResults} data
 * @property {HTMLElement} testResultsElem
 * @property {HTMLElement} testGroupListElem
 */
class GoTestReportElements {}


/**
 * Main entry point for GoTestReport.
 * @param {GoTestReportElements} elements
 * @returns {{testResultsClickHandler: testResultsClickHandler}}
 * @constructor
 */
window.GoTestReport = function (elements) {
  const /**@type {SelectedItems}*/ selectedItems = {
    testResults: null,
    selectedTestGroupColor: null
  }

  function addEventData(event) {
    if (event.data == null) {
      event.data = {target: event.target}
    }
    return event
  }


  const goTestReport = {
    /**
     * Invoked when a user clicks on one of the test group div elements.
     * @param {HTMLElement} target The element associated with the test group.
     * @param {boolean} shiftKey If pressed, all of test detail associated to the test group is shown.
     * @param {TestResults} data
     * @param {SelectedItems} selectedItems
     * @param {function(target: Element, data: TestResults)} testGroupListHandler
     */
    testResultsClickHandler: function (target,
                                       shiftKey,
                                       data,
                                       selectedItems,
                                       testGroupListHandler) {

      if (target.classList.contains('testResultGroup') === false) {
        return
      }
      if (selectedItems.testResults != null) {
        let testResultsElement = /**@type {HTMLElement}*/ selectedItems.testResults
        testResultsElement.classList.remove("selected")
        testResultsElement.style.backgroundColor = selectedItems.selectedTestGroupColor
      }
      const testGroupId = /**@type {number}*/ target.id
      if ((target.id === undefined)
        || (data[testGroupId] === undefined)
        || (data[testGroupId]['TestResults'] === undefined)) {
        return
      }
      const testResults = /**@type {TestResults}*/ data[testGroupId]['TestResults']
      let testGroupList = /**@type {string}*/ ''
      selectedItems.selectedTestGroupColor = getComputedStyle(target).getPropertyValue('background-color')
      selectedItems.testResults = target
      target.classList.add("selected")
      for (let i = 0; i < testResults.length; i++) {
        const testResult = /**@type {TestGroupData}*/ testResults[i]
        const testPassed = /**@type {boolean}*/ testResult.Passed
        const testSkipped = /**@type {boolean}*/ testResult.Skipped
        const testPassedStatus = /**@type {string}*/ (testPassed) ? '' : (testSkipped ? 'skipped' : 'failed')
        const testId = /**@type {string}*/ target.attributes['id'].value
        testGroupList += `<div class="testGroupRow ${testPassedStatus}" data-groupid="${testId}" data-index="${i}">
        <span class="testStatus ${testPassedStatus}">${(testPassed) ? '&check' : (testSkipped ? '&dash' : '&cross')};</span>
        <span class="testTitle">${testResult.TestName}</span>
        <span class="testDuration"><span>${testResult.ElapsedTime}s </span>‚è±</span>
      </div>`
      }
      const testGroupListElem = elements.testGroupListElem
      testGroupListElem.innerHTML = ''
      testGroupListElem.innerHTML = testGroupList

      if (shiftKey) {
        testGroupListElem.querySelectorAll('.testGroupRow')
                         .forEach((elem) => testGroupListHandler(elem, data))
      } else if (testResults.length === 1) {
        testGroupListHandler(testGroupListElem.querySelector('.testGroupRow'), data)
      }
    },

    /**
     *
     * @param {Element} target
     * @param {TestResults} data
     */
    testGroupListHandler: function (target, data) {
      const attribs = target['attributes']
      if (attribs.hasOwnProperty('data-groupid')) {
        const groupId = /**@type {number}*/ attribs['data-groupid'].value
        const testIndex = /**@type {number}*/ attribs['data-index'].value
        const testStatus = /**@type {TestStatus}*/ data[groupId]['TestResults'][testIndex]
        const testOutputDiv = /**@type {HTMLDivElement}*/ target.querySelector('div.testOutput')

        if (testOutputDiv == null) {
          const testOutputDiv = document.createElement('div')
          testOutputDiv.classList.add('testOutput')
          const consolePre = document.createElement('pre')
          consolePre.classList.add('console')
          const testDetailDiv = document.createElement('div')
          testDetailDiv.classList.add('testDetail')
          const packageNameDiv = document.createElement('div')
          packageNameDiv.classList.add('package')
          packageNameDiv.innerHTML = `<strong>Package:</strong> ${testStatus.Package}`
          const testFileNameDiv = document.createElement('div')
          testFileNameDiv.classList.add('filename')
          if (testStatus.TestFileName.trim() === "") {
            testFileNameDiv.innerHTML = `<strong>Filename:</strong> n/a &nbsp;&nbsp;`
          } else {
            testFileNameDiv.innerHTML = `<strong>Filename:</strong> ${testStatus.TestFileName} &nbsp;&nbsp;`
            testFileNameDiv.innerHTML += `<strong>Line:</strong> ${testStatus.TestFunctionDetail.Line} `
            testFileNameDiv.innerHTML += `<strong>Col:</strong> ${testStatus.TestFunctionDetail.Col}`
          }
          testDetailDiv.insertAdjacentElement('beforeend', packageNameDiv)
          testDetailDiv.insertAdjacentElement('beforeend', testFileNameDiv)
          testOutputDiv.insertAdjacentElement('afterbegin', consolePre)
          testOutputDiv.insertAdjacentElement('beforeend', testDetailDiv)
          target.insertAdjacentElement('beforeend', testOutputDiv)

          if (testStatus.Passed) {
            consolePre.classList.remove('skipped')
            consolePre.classList.remove('failed')
          } else if (testStatus.Skipped) {
            consolePre.classList.add('skipped')
            consolePre.classList.remove('failed')
          } else {
            consolePre.classList.remove('skipped')
            consolePre.classList.add('failed')
          }
          consolePre.textContent = testStatus.Output.join('')
        } else {
          testOutputDiv.remove()
        }
      }
    }
  }

  //+------------------------+
  //|    setup DOM events    |
  //+------------------------+
  elements.testResultsElem
          .addEventListener('click', event =>
            goTestReport.testResultsClickHandler(/**@type {HTMLElement}*/ addEventData(event).data.target,
                                                 event.shiftKey,
                                                 elements.data,
                                                 selectedItems,
                                                 goTestReport.testGroupListHandler))

  elements.testGroupListElem
          .addEventListener('click', event =>
            goTestReport.testGroupListHandler(/**@type {Element}*/ event.target,
                                              elements.data))

  return goTestReport
}


    

    const data = [{"FailureIndicator":"","SkippedIndicator":"","TestResults":[{"TestName":"TestBlobberCollectRewards","Package":"github.com/0chain/system_test/tests/cli_tests","ElapsedTime":0,"Output":["","","","--- PASS: TestBlobberCollectRewards (0.00s)",""],"Passed":true,"Skipped":false,"TestFileName":"zboxcli_collect_rewards_test.go","TestFunctionDetail":{"Line":21,"Col":1}}]},{"FailureIndicator":"","SkippedIndicator":"skipped","TestResults":[{"TestName":"TestBlobberCollectRewards/Test_collect_reward_with_invalid_blobber_id_should_fail","Package":"github.com/0chain/system_test/tests/cli_tests","ElapsedTime":0,"Output":["","    zboxcli_collect_rewards_test.go:116: Test case [Test collect reward with invalid blobber id should fail] scheduled at [04-26-2023 09:54:56] \n","","","    system_test_framework.go:92: Test case [Test collect reward with invalid blobber id should fail] start at [04-26-2023 09:54:56] \n","    zboxcli_collect_rewards_test.go:117: piers\n","    zboxcli_collect_rewards_test.go:116: Test case [Test collect reward with invalid blobber id should fail] exit at [04-26-2023 09:54:56]\n","--- SKIP: TestBlobberCollectRewards/Test_collect_reward_with_invalid_blobber_id_should_fail (0.00s)\n",""],"Passed":false,"Skipped":true,"TestFileName":"","TestFunctionDetail":{"Line":0,"Col":0}}]},{"FailureIndicator":"","SkippedIndicator":"skipped","TestResults":[{"TestName":"TestBlobberCollectRewards/Test_collect_reward_with_invalid_provider_type_should_fail","Package":"github.com/0chain/system_test/tests/cli_tests","ElapsedTime":0,"Output":["","    zboxcli_collect_rewards_test.go:153: Test case [Test collect reward with invalid provider type should fail] scheduled at [04-26-2023 09:54:56] \n","","","    system_test_framework.go:92: Test case [Test collect reward with invalid provider type should fail] start at [04-26-2023 09:54:56] \n","    zboxcli_collect_rewards_test.go:154: piers\n","    zboxcli_collect_rewards_test.go:153: Test case [Test collect reward with invalid provider type should fail] exit at [04-26-2023 09:54:56]\n","--- SKIP: TestBlobberCollectRewards/Test_collect_reward_with_invalid_provider_type_should_fail (0.00s)\n",""],"Passed":false,"Skipped":true,"TestFileName":"","TestFunctionDetail":{"Line":0,"Col":0}}]},{"FailureIndicator":"","SkippedIndicator":"skipped","TestResults":[{"TestName":"TestBlobberCollectRewards/Test_collect_reward_with_no_provider_id_or_type_should_fail","Package":"github.com/0chain/system_test/tests/cli_tests","ElapsedTime":0,"Output":["","    zboxcli_collect_rewards_test.go:190: Test case [Test collect reward with no provider id or type should fail] scheduled at [04-26-2023 09:54:56] \n","","","    system_test_framework.go:92: Test case [Test collect reward with no provider id or type should fail] start at [04-26-2023 09:54:56] \n","    zboxcli_collect_rewards_test.go:191: piers\n","    zboxcli_collect_rewards_test.go:190: Test case [Test collect reward with no provider id or type should fail] exit at [04-26-2023 09:54:56]\n","--- SKIP: TestBlobberCollectRewards/Test_collect_reward_with_no_provider_id_or_type_should_fail (0.00s)\n",""],"Passed":false,"Skipped":true,"TestFileName":"","TestFunctionDetail":{"Line":0,"Col":0}}]},{"FailureIndicator":"","SkippedIndicator":"","TestResults":[{"TestName":"TestBlobberCollectRewards/Test_collect_reward_with_valid_pool_and_blobber_id_should_pass","Package":"github.com/0chain/system_test/tests/cli_tests","ElapsedTime":83.36,"Output":["","    zboxcli_collect_rewards_test.go:30: Test case [Test collect reward with valid pool and blobber id should pass] scheduled at [04-26-2023 09:54:56] \n","","","    system_test_framework.go:92: Test case [Test collect reward with valid pool and blobber id should pass] start at [04-26-2023 09:54:56] \n","    zwalletcli_register_wallet_test.go:128: Registering wallet...\n","    zboxcli_update_allocation_test.go:1004: Executing faucet...\n","    zwalletcli_register_wallet_test.go:143: faucet output: [No wallet in path  config/TestBlobberCollectRewards-Test_collect_reward_with_valid_pool_and_blobber_id_should_pass_wallet.json found. Creating wallet... ZCN wallet created!! Execute faucet smart contract success with txn :  b02e0ac959c3627e8089979e6e254e79abe850d01f82fd162794d9e4f38c2bba]\n","    zwalletcli_register_wallet_test.go:220: Getting wallet...\n","    zboxcli_update_allocation_test.go:1004: Executing faucet...\n","    zwalletcli_register_wallet_test.go:128: Registering wallet...\n","    zboxcli_update_allocation_test.go:1004: Executing faucet...\n","    zwalletcli_register_wallet_test.go:143: faucet output: [Execute faucet smart contract success with txn :  349ccd3e1545cc26873cd21c860bb754678b4c99d8eb50296baebb974750236b]\n","    zboxcli_update_allocation_test.go:1004: Executing faucet...\n","    zboxcli_create_allocation_test.go:440: Creating new allocation...\n","    zboxcli_download_token_test.go:132: Locking read tokens...\n","    zboxcli_common_user_functions_test.go:227: Get Allocation...\n","    zboxcli_stake_unstake_token_test.go:284: Staking tokens...\n","    zboxcli_file_upload_test.go:808: Uploading file /tmp/PLGKu1ww7D_test.txt to allocation 06d03961b955ed258fa089a8642842d7b552e420cf4af3d337e4423387f93772 with remotepath /PLGKu1ww7D_test.txt\n","    zboxcli_file_upload_test.go:766: Uploading file...\n","    utils.go:138: Waiting 15s...\n","    zboxcli_file_download_test.go:1408: Downloading file...\n","    utils.go:138: Waiting 30s...\n","    zboxcli_stake_unstake_token_test.go:294: Fetching stake pool info...\n","    zboxcli_collect_rewards_test.go:100: reward tokens: 195007\n","    miner_block_rewards_test.go:484: list sharder nodes...\n","    miner_block_rewards_test.go:498: Getting balance for 6bd61b4a0a14f2c285d919afd60624a9db5facec7747ae9f93cb774a1fa28714...\n","    zboxcli_collect_rewards_test.go:388: collecting rewards...\n","    miner_block_rewards_test.go:484: list sharder nodes...\n","    miner_block_rewards_test.go:498: Getting balance for 6bd61b4a0a14f2c285d919afd60624a9db5facec7747ae9f93cb774a1fa28714...\n","    zboxcli_collect_rewards_test.go:30: Test case [Test collect reward with valid pool and blobber id should pass] exit at [04-26-2023 09:56:19]\n","--- PASS: TestBlobberCollectRewards/Test_collect_reward_with_valid_pool_and_blobber_id_should_pass (83.36s)",""],"Passed":true,"Skipped":false,"TestFileName":"","TestFunctionDetail":{"Line":0,"Col":0}}]},{"FailureIndicator":"failed","SkippedIndicator":"","TestResults":[{"TestName":"TestDownload","Package":"github.com/0chain/system_test/tests/cli_tests","ElapsedTime":0,"Output":["","","","","","","","","","","",""],"Passed":false,"Skipped":false,"TestFileName":"zboxcli_file_download_test.go","TestFunctionDetail":{"Line":25,"Col":1}}]},{"FailureIndicator":"","SkippedIndicator":"","TestResults":[{"TestName":"TestDownload/Download_Encrypted_File_Should_Work","Package":"github.com/0chain/system_test/tests/cli_tests","ElapsedTime":37.04,"Output":["","    zboxcli_file_download_test.go:330: Test case [Download Encrypted File Should Work] scheduled at [04-26-2023 09:54:56] \n","","","    system_test_framework.go:92: Test case [Download Encrypted File Should Work] start at [04-26-2023 09:54:56] \n","    zwalletcli_register_wallet_test.go:128: Registering wallet...\n","    zboxcli_update_allocation_test.go:1004: Executing faucet...\n","    zwalletcli_register_wallet_test.go:143: faucet output: [No wallet in path  config/TestDownload-Download_Encrypted_File_Should_Work_wallet.json found. Creating wallet... ZCN wallet created!! Execute faucet smart contract success with txn :  4cec503848f1407c820788fe66b2a5c2c7ea96817c4f6664c7f6efe603d73ae2]\n","    zboxcli_update_allocation_test.go:1004: Executing faucet...\n","    zboxcli_create_allocation_test.go:440: Creating new allocation...\n","    zboxcli_download_token_test.go:132: Locking read tokens...\n","    zboxcli_file_download_test.go:1424: Generating checksum for file [/tmp/bwrcpEHvDB_test.txt]...\n","    zboxcli_file_upload_test.go:766: Uploading file...\n","    utils.go:138: Waiting 15s...\n","    zboxcli_file_download_test.go:1408: Downloading file...\n","    zboxcli_file_download_test.go:1424: Generating checksum for file [/tmp/bwrcpEHvDB_test.txt]...\n","    zboxcli_file_download_test.go:330: Test case [Download Encrypted File Should Work] exit at [04-26-2023 09:55:33]\n","--- PASS: TestDownload/Download_Encrypted_File_Should_Work (37.04s)",""],"Passed":true,"Skipped":false,"TestFileName":"","TestFunctionDetail":{"Line":0,"Col":0}}]},{"FailureIndicator":"","SkippedIndicator":"","TestResults":[{"TestName":"TestDownload/Download_Encrypted_File_Thumbnail_Should_Work","Package":"github.com/0chain/system_test/tests/cli_tests","ElapsedTime":36.7,"Output":["","    zboxcli_file_download_test.go:699: Test case [Download Encrypted File Thumbnail Should Work] scheduled at [04-26-2023 09:54:56] \n","","","    system_test_framework.go:92: Test case [Download Encrypted File Thumbnail Should Work] start at [04-26-2023 09:55:49] \n","    zwalletcli_register_wallet_test.go:128: Registering wallet...\n","    zboxcli_update_allocation_test.go:1004: Executing faucet...\n","    zwalletcli_register_wallet_test.go:143: faucet output: [No wallet in path  config/TestDownload-Download_Encrypted_File_Thumbnail_Should_Work_wallet.json found. Creating wallet... ZCN wallet created!! Execute faucet smart contract success with txn :  17798172e8b4945a79239be112b1db14b4a5714b157b2cc2bee052e8fc8ad5fb]\n","    zboxcli_update_allocation_test.go:1004: Executing faucet...\n","    zboxcli_create_allocation_test.go:440: Creating new allocation...\n","    zboxcli_download_token_test.go:132: Locking read tokens...\n","    zboxcli_file_upload_test.go:766: Uploading file...\n","    utils.go:138: Waiting 15s...\n","    zboxcli_file_download_test.go:1408: Downloading file...\n","    zboxcli_file_download_test.go:699: Test case [Download Encrypted File Thumbnail Should Work] exit at [04-26-2023 09:56:26]\n","--- PASS: TestDownload/Download_Encrypted_File_Thumbnail_Should_Work (36.70s)",""],"Passed":true,"Skipped":false,"TestFileName":"","TestFunctionDetail":{"Line":0,"Col":0}}]},{"FailureIndicator":"","SkippedIndicator":"","TestResults":[{"TestName":"TestDownload/Download_Entire_Directory_Should_Work_but_does_not_see_blobber/issues/588","Package":"github.com/0chain/system_test/tests/cli_tests","ElapsedTime":36.8,"Output":["","    zboxcli_file_download_test.go:196: Test case [Download Entire Directory Should Work but does not see blobber/issues/588] scheduled at [04-26-2023 09:54:56] \n","","","    system_test_framework.go:92: Test case [Download Entire Directory Should Work but does not see blobber/issues/588] start at [04-26-2023 09:55:04] \n","    zwalletcli_register_wallet_test.go:128: Registering wallet...\n","    zboxcli_update_allocation_test.go:1004: Executing faucet...\n","    zwalletcli_register_wallet_test.go:143: faucet output: [No wallet in path  config/TestDownload-Download_Entire_Directory_Should_Work_but_does_not_see_blobber-issues-588_wallet.json found. Creating wallet... ZCN wallet created!! Execute faucet smart contract success with txn :  2092cec7033f73a3a9d87e55261ee658a24574da0a9ec055a5b7c5c073d0a3f4]\n","    zboxcli_update_allocation_test.go:1004: Executing faucet...\n","    zboxcli_create_allocation_test.go:440: Creating new allocation...\n","    zboxcli_download_token_test.go:132: Locking read tokens...\n","    zboxcli_file_upload_test.go:808: Uploading file /tmp/1xaZPAHsqB_test.txt to allocation 8c3b2b8f16ba05ec3a0201df3000edf9c238f0a566c94af0dc4e4da9cd65d6fd with remotepath /nested/dir/1xaZPAHsqB_test.txt\n","    zboxcli_file_upload_test.go:766: Uploading file...\n","    utils.go:138: Waiting 15s...\n","    zboxcli_file_download_test.go:1408: Downloading file...\n","    zboxcli_file_download_test.go:196: Test case [Download Entire Directory Should Work but does not see blobber/issues/588] exit at [04-26-2023 09:55:41]\n","--- PASS: TestDownload/Download_Entire_Directory_Should_Work_but_does_not_see_blobber/issues/588 (36.80s)",""],"Passed":true,"Skipped":false,"TestFileName":"","TestFunctionDetail":{"Line":0,"Col":0}}]},{"FailureIndicator":"","SkippedIndicator":"","TestResults":[{"TestName":"TestDownload/Download_File_Concurrently_Should_Work_from_two_Different_Directory","Package":"github.com/0chain/system_test/tests/cli_tests","ElapsedTime":38.04,"Output":["","    zboxcli_file_download_test.go:68: Test case [Download File Concurrently Should Work from two Different Directory] scheduled at [04-26-2023 09:54:56] \n","","","    system_test_framework.go:92: Test case [Download File Concurrently Should Work from two Different Directory] start at [04-26-2023 09:55:33] \n","    zwalletcli_register_wallet_test.go:128: Registering wallet...\n","    zboxcli_update_allocation_test.go:1004: Executing faucet...\n","    zwalletcli_register_wallet_test.go:143: faucet output: [No wallet in path  config/TestDownload-Download_File_Concurrently_Should_Work_from_two_Different_Directory_wallet.json found. Creating wallet... ZCN wallet created!! Execute faucet smart contract success with txn :  7555b9081c9ad2e00ed920018fe9636e95180d41fa5cc7434febe093592493c3]\n","    zboxcli_update_allocation_test.go:1004: Executing faucet...\n","    zboxcli_create_allocation_test.go:440: Creating new allocation...\n","    zboxcli_download_token_test.go:132: Locking read tokens...\n","    zboxcli_file_upload_test.go:808: Uploading file /tmp/wscvY4m8kL_test.txt to allocation 4c647355339168dc06e02e131f3fef17217f80022ae5a5c96370804406e24e88 with remotepath /dir1/wscvY4m8kL_test.txt\n","    zboxcli_file_upload_test.go:766: Uploading file...\n","    zboxcli_file_upload_test.go:808: Uploading file /tmp/xJrBDjjITA_test.txt to allocation 4c647355339168dc06e02e131f3fef17217f80022ae5a5c96370804406e24e88 with remotepath /dir2/xJrBDjjITA_test.txt\n","    zboxcli_file_upload_test.go:766: Uploading file...\n","    zboxcli_file_download_test.go:1424: Generating checksum for file [/tmp/wscvY4m8kL_test.txt]...\n","    zboxcli_file_download_test.go:1424: Generating checksum for file [/tmp/xJrBDjjITA_test.txt]...\n","    utils.go:138: Waiting 15s...\n","    utils.go:138: Waiting 15s...\n","    zboxcli_file_download_test.go:1408: Downloading file...\n","    zboxcli_file_download_test.go:1408: Downloading file...\n","    zboxcli_file_download_test.go:1424: Generating checksum for file [tmp/wscvY4m8kL_test.txt]...\n","    zboxcli_file_download_test.go:1424: Generating checksum for file [tmp/xJrBDjjITA_test.txt]...\n","    zboxcli_file_download_test.go:68: Test case [Download File Concurrently Should Work from two Different Directory] exit at [04-26-2023 09:56:11]\n","--- PASS: TestDownload/Download_File_Concurrently_Should_Work_from_two_Different_Directory (38.04s)",""],"Passed":true,"Skipped":false,"TestFileName":"","TestFunctionDetail":{"Line":0,"Col":0}}]},{"FailureIndicator":"","SkippedIndicator":"","TestResults":[{"TestName":"TestDownload/Download_File_From_Shared_Folder_Should_Work_but_does_not_see_blobber/issues/588","Package":"github.com/0chain/system_test/tests/cli_tests","ElapsedTime":45.29,"Output":["","    zboxcli_file_download_test.go:223: Test case [Download File From Shared Folder Should Work but does not see blobber/issues/588] scheduled at [04-26-2023 09:54:56] \n","","","    system_test_framework.go:92: Test case [Download File From Shared Folder Should Work but does not see blobber/issues/588] start at [04-26-2023 09:54:56] \n","    zwalletcli_register_wallet_test.go:128: Registering wallet...\n","    zboxcli_update_allocation_test.go:1004: Executing faucet...\n","    zwalletcli_register_wallet_test.go:143: faucet output: [No wallet in path  config/TestDownload-Download_File_From_Shared_Folder_Should_Work_but_does_not_see_blobber-issues-588_wallet.json found. Creating wallet... ZCN wallet created!! Execute faucet smart contract success with txn :  62afda2aa5fbf547089e479bd804b000107a87d2845094853bba4713ba0c2bd4]\n","    utils.go:138: Waiting 15s...\n","    zboxcli_file_download_test.go:1408: Downloading file...\n","    zboxcli_file_download_test.go:223: Test case [Download File From Shared Folder Should Work but does not see blobber/issues/588] exit at [04-26-2023 09:55:41]\n","--- PASS: TestDownload/Download_File_From_Shared_Folder_Should_Work_but_does_not_see_blobber/issues/588 (45.29s)",""],"Passed":true,"Skipped":false,"TestFileName":"","TestFunctionDetail":{"Line":0,"Col":0}}]},{"FailureIndicator":"","SkippedIndicator":"","TestResults":[{"TestName":"TestDownload/Download_File_From_Shared_Folder_Should_Work_but_does_not_see_blobber/issues/588/Share_Entire_Folder_from_Another_Wallet","Package":"github.com/0chain/system_test/tests/cli_tests","ElapsedTime":22.04,"Output":["","    zboxcli_file_download_test.go:230: Test case [Share Entire Folder from Another Wallet] scheduled at [04-26-2023 09:54:56] \n","    zboxcli_file_download_test.go:230: [WARN] Not running test case [Share Entire Folder from Another Wallet] in parallel as it is a child test. Use t.Unwrap.run() then t.Parallel() if you wish to do this.\n","    system_test_framework.go:92: Test case [Share Entire Folder from Another Wallet] start at [04-26-2023 09:54:56] \n","    zwalletcli_register_wallet_test.go:128: Registering wallet...\n","    zboxcli_update_allocation_test.go:1004: Executing faucet...\n","    zwalletcli_register_wallet_test.go:143: faucet output: [No wallet in path  config/TestDownload-Download_File_From_Shared_Folder_Should_Work_but_does_not_see_blobber-issues-588-Share_Entire_Folder_from_Another_Wallet_wallet.json found. Creating wallet... ZCN wallet created!! Execute faucet smart contract success with txn :  8b73f545cedccab80078bba768c68feca76e3607d186672e88678bdede75f67d]\n","    zboxcli_update_allocation_test.go:1004: Executing faucet...\n","    zboxcli_create_allocation_test.go:440: Creating new allocation...\n","    zboxcli_download_token_test.go:132: Locking read tokens...\n","    zboxcli_file_upload_test.go:808: Uploading file /tmp/Gs9MD3chKA_test.txt to allocation 5cbee2f74a658a4fc2393e03cd3a718a203d2be7b46ee953869e0726a0ea4c34 with remotepath /Gs9MD3chKA_test.txt\n","    zboxcli_file_upload_test.go:766: Uploading file...\n","    zboxcli_list_file_test.go:619: Sharing file/folder...\n","    zboxcli_file_download_test.go:230: Test case [Share Entire Folder from Another Wallet] exit at [04-26-2023 09:55:18]\n","--- PASS: TestDownload/Download_File_From_Shared_Folder_Should_Work_but_does_not_see_blobber/issues/588/Share_Entire_Folder_from_Another_Wallet (22.04s)",""],"Passed":true,"Skipped":false,"TestFileName":"","TestFunctionDetail":{"Line":0,"Col":0}}]},{"FailureIndicator":"","SkippedIndicator":"","TestResults":[{"TestName":"TestDownload/Download_File_Thumbnail_Should_Work","Package":"github.com/0chain/system_test/tests/cli_tests","ElapsedTime":36.66,"Output":["","    zboxcli_file_download_test.go:655: Test case [Download File Thumbnail Should Work] scheduled at [04-26-2023 09:54:56] \n","","","    system_test_framework.go:92: Test case [Download File Thumbnail Should Work] start at [04-26-2023 09:55:49] \n","    zwalletcli_register_wallet_test.go:128: Registering wallet...\n","    zboxcli_update_allocation_test.go:1004: Executing faucet...\n","    zwalletcli_register_wallet_test.go:143: faucet output: [No wallet in path  config/TestDownload-Download_File_Thumbnail_Should_Work_wallet.json found. Creating wallet... ZCN wallet created!! Execute faucet smart contract success with txn :  c2c38ad074723dd0aacd10bcc937dabcf5d9bceb21a0cb5f35b1c60a87f18902]\n","    zboxcli_update_allocation_test.go:1004: Executing faucet...\n","    zboxcli_create_allocation_test.go:440: Creating new allocation...\n","    zboxcli_download_token_test.go:132: Locking read tokens...\n","    zboxcli_file_upload_test.go:766: Uploading file...\n","    utils.go:138: Waiting 15s...\n","    zboxcli_file_download_test.go:1408: Downloading file...\n","    zboxcli_file_download_test.go:655: Test case [Download File Thumbnail Should Work] exit at [04-26-2023 09:56:26]\n","--- PASS: TestDownload/Download_File_Thumbnail_Should_Work (36.66s)",""],"Passed":true,"Skipped":false,"TestFileName":"","TestFunctionDetail":{"Line":0,"Col":0}}]},{"FailureIndicator":"","SkippedIndicator":"","TestResults":[{"TestName":"TestDownload/Download_File_With_Only_endblock_Should_Work","Package":"github.com/0chain/system_test/tests/cli_tests","ElapsedTime":37.17,"Output":["","    zboxcli_file_download_test.go:830: Test case [Download File With Only endblock Should Work] scheduled at [04-26-2023 09:54:56] \n","","","    system_test_framework.go:92: Test case [Download File With Only endblock Should Work] start at [04-26-2023 09:54:56] \n","    zwalletcli_register_wallet_test.go:128: Registering wallet...\n","    zboxcli_update_allocation_test.go:1004: Executing faucet...\n","    zwalletcli_register_wallet_test.go:143: faucet output: [No wallet in path  config/TestDownload-Download_File_With_Only_endblock_Should_Work_wallet.json found. Creating wallet... ZCN wallet created!! Execute faucet smart contract success with txn :  a22718736b54cc76345ce81ff289fd653766402af7be791f9391afa2d042b033]\n","    zboxcli_update_allocation_test.go:1004: Executing faucet...\n","    zboxcli_create_allocation_test.go:440: Creating new allocation...\n","    zboxcli_download_token_test.go:132: Locking read tokens...\n","    zboxcli_file_upload_test.go:808: Uploading file /tmp/cYxiddsF7M_test.txt to allocation aaf9ad54f4fa5da7b01b814faf004cc4f6b77bbfb9f7d0115cdac5948fc895fd with remotepath /cYxiddsF7M_test.txt\n","    zboxcli_file_upload_test.go:766: Uploading file...\n","    utils.go:138: Waiting 15s...\n","    zboxcli_file_download_test.go:1408: Downloading file...\n","    zboxcli_file_download_test.go:830: Test case [Download File With Only endblock Should Work] exit at [04-26-2023 09:55:33]\n","--- PASS: TestDownload/Download_File_With_Only_endblock_Should_Work (37.17s)",""],"Passed":true,"Skipped":false,"TestFileName":"","TestFunctionDetail":{"Line":0,"Col":0}}]},{"FailureIndicator":"","SkippedIndicator":"","TestResults":[{"TestName":"TestDownload/Download_File_With_Only_startblock_Should_Work","Package":"github.com/0chain/system_test/tests/cli_tests","ElapsedTime":37.02,"Output":["","    zboxcli_file_download_test.go:777: Test case [Download File With Only startblock Should Work] scheduled at [04-26-2023 09:54:56] \n","","","    system_test_framework.go:92: Test case [Download File With Only startblock Should Work] start at [04-26-2023 09:55:17] \n","    zwalletcli_register_wallet_test.go:128: Registering wallet...\n","    zboxcli_update_allocation_test.go:1004: Executing faucet...\n","    zwalletcli_register_wallet_test.go:143: faucet output: [No wallet in path  config/TestDownload-Download_File_With_Only_startblock_Should_Work_wallet.json found. Creating wallet... ZCN wallet created!! Execute faucet smart contract success with txn :  aef3928e8113c4bda5406f71222644419510fdae03b3dcd4477b11ac85abe825]\n","    zboxcli_update_allocation_test.go:1004: Executing faucet...\n","    zboxcli_create_allocation_test.go:440: Creating new allocation...\n","    zboxcli_download_token_test.go:132: Locking read tokens...\n","    zboxcli_file_upload_test.go:808: Uploading file /tmp/7pLQSaMHde_test.txt to allocation fd6603ca7df7f02c9e89fe373ae703f9f12d905d9c9d766527d30dbf8f878a07 with remotepath /7pLQSaMHde_test.txt\n","    zboxcli_file_upload_test.go:766: Uploading file...\n","    zboxcli_file_stats_test.go:490: Getting file stats...\n","    utils.go:138: Waiting 15s...\n","    zboxcli_file_download_test.go:1408: Downloading file...\n","    zboxcli_file_download_test.go:777: Test case [Download File With Only startblock Should Work] exit at [04-26-2023 09:55:54]\n","--- PASS: TestDownload/Download_File_With_Only_startblock_Should_Work (37.02s)",""],"Passed":true,"Skipped":false,"TestFileName":"","TestFunctionDetail":{"Line":0,"Col":0}}]},{"FailureIndicator":"","SkippedIndicator":"","TestResults":[{"TestName":"TestDownload/Download_File_With_blockspermarker_Flag_Should_Work","Package":"github.com/0chain/system_test/tests/cli_tests","ElapsedTime":36.75,"Output":["","    zboxcli_file_download_test.go:1080: Test case [Download File With blockspermarker Flag Should Work] scheduled at [04-26-2023 09:54:56] \n","","","    system_test_framework.go:92: Test case [Download File With blockspermarker Flag Should Work] start at [04-26-2023 09:56:20] \n","    zwalletcli_register_wallet_test.go:128: Registering wallet...\n","    zboxcli_update_allocation_test.go:1004: Executing faucet...\n","    zwalletcli_register_wallet_test.go:143: faucet output: [No wallet in path  config/TestDownload-Download_File_With_blockspermarker_Flag_Should_Work_wallet.json found. Creating wallet... ZCN wallet created!! Execute faucet smart contract success with txn :  6079c048d2c88ccfffe162fe90309309d1061452814c7edfe23f406a4e78412e]\n","    zboxcli_update_allocation_test.go:1004: Executing faucet...\n","    zboxcli_create_allocation_test.go:440: Creating new allocation...\n","    zboxcli_download_token_test.go:132: Locking read tokens...\n","    zboxcli_file_upload_test.go:808: Uploading file /tmp/UQFIEwSbLN_test.txt to allocation 71e31006541719473ca122f3ada41b832e04aa5e09a86222b4a669bbee2e42bf with remotepath /UQFIEwSbLN_test.txt\n","    zboxcli_file_upload_test.go:766: Uploading file...\n","    zboxcli_file_download_test.go:1424: Generating checksum for file [/tmp/UQFIEwSbLN_test.txt]...\n","    utils.go:138: Waiting 15s...\n","    zboxcli_file_download_test.go:1408: Downloading file...\n","    zboxcli_file_download_test.go:1424: Generating checksum for file [tmp/UQFIEwSbLN_test.txt]...\n","    zboxcli_file_download_test.go:1080: Test case [Download File With blockspermarker Flag Should Work] exit at [04-26-2023 09:56:57]\n","--- PASS: TestDownload/Download_File_With_blockspermarker_Flag_Should_Work (36.75s)",""],"Passed":true,"Skipped":false,"TestFileName":"","TestFunctionDetail":{"Line":0,"Col":0}}]},{"FailureIndicator":"","SkippedIndicator":"","TestResults":[{"TestName":"TestDownload/Download_File_With_endblock_greater_than_number_of_blocks_should_work","Package":"github.com/0chain/system_test/tests/cli_tests","ElapsedTime":36.8,"Output":["","    zboxcli_file_download_test.go:950: Test case [Download File With endblock greater than number of blocks should work] scheduled at [04-26-2023 09:54:56] \n","","","    system_test_framework.go:92: Test case [Download File With endblock greater than number of blocks should work] start at [04-26-2023 09:56:30] \n","    zwalletcli_register_wallet_test.go:128: Registering wallet...\n","    zboxcli_update_allocation_test.go:1004: Executing faucet...\n","    zwalletcli_register_wallet_test.go:143: faucet output: [No wallet in path  config/TestDownload-Download_File_With_endblock_greater_than_number_of_blocks_should_work_wallet.json found. Creating wallet... ZCN wallet created!! Execute faucet smart contract success with txn :  1e273822112d656f7a814c0dd016f5c39e686bec78597d97df9a751b2fe9f0a3]\n","    zboxcli_update_allocation_test.go:1004: Executing faucet...\n","    zboxcli_create_allocation_test.go:440: Creating new allocation...\n","    zboxcli_download_token_test.go:132: Locking read tokens...\n","    zboxcli_file_upload_test.go:808: Uploading file /tmp/vQOeDrqs6c_test.txt to allocation f3192610081e2d39885065a1eb6a22042a18810bc7a57f7e2ba00a413804a223 with remotepath /vQOeDrqs6c_test.txt\n","    zboxcli_file_upload_test.go:766: Uploading file...\n","    utils.go:138: Waiting 15s...\n","    zboxcli_file_download_test.go:1408: Downloading file...\n","    zboxcli_file_download_test.go:950: Test case [Download File With endblock greater than number of blocks should work] exit at [04-26-2023 09:57:07]\n","--- PASS: TestDownload/Download_File_With_endblock_greater_than_number_of_blocks_should_work (36.80s)",""],"Passed":true,"Skipped":false,"TestFileName":"","TestFunctionDetail":{"Line":0,"Col":0}}]},{"FailureIndicator":"","SkippedIndicator":"","TestResults":[{"TestName":"TestDownload/Download_File_With_startblock_0_and_non-zero_endblock_should_fail","Package":"github.com/0chain/system_test/tests/cli_tests","ElapsedTime":41.17,"Output":["","    zboxcli_file_download_test.go:917: Test case [Download File With startblock 0 and non-zero endblock should fail] scheduled at [04-26-2023 09:54:56] \n","","","    system_test_framework.go:92: Test case [Download File With startblock 0 and non-zero endblock should fail] start at [04-26-2023 09:56:46] \n","    zwalletcli_register_wallet_test.go:128: Registering wallet...\n","    zboxcli_update_allocation_test.go:1004: Executing faucet...\n","    zwalletcli_register_wallet_test.go:143: faucet output: [No wallet in path  config/TestDownload-Download_File_With_startblock_0_and_non-zero_endblock_should_fail_wallet.json found. Creating wallet... ZCN wallet created!! Execute faucet smart contract success with txn :  4fcd61e360cdd6e26cbe26c0fa370362be87338d898648b4b4d2d775581ae169]\n","    zboxcli_update_allocation_test.go:1004: Executing faucet...\n","    zboxcli_create_allocation_test.go:440: Creating new allocation...\n","    zboxcli_download_token_test.go:132: Locking read tokens...\n","    zboxcli_file_upload_test.go:808: Uploading file /tmp/CzFbxVFyIR_test.txt to allocation 755cfdce9c49ee8c1db24d43524f60a4bca5618a9fdc4e0f781873e946fcb039 with remotepath /CzFbxVFyIR_test.txt\n","    zboxcli_file_upload_test.go:766: Uploading file...\n","    utils.go:138: Waiting 15s...\n","    zboxcli_file_download_test.go:1408: Downloading file...\n","    utils.go:67: \u001b[33mCommand failed on attempt [1/3] due to error [exit status 1]. Output: [Error: start block should not be less than 1 -\u003cNEWLINE\u003e- Error in file operation: start block or end block or both cannot be negative.]\n","    utils.go:67: \u001b[33mCommand failed on attempt [2/3] due to error [exit status 1]. Output: [Error: start block should not be less than 1 -\u003cNEWLINE\u003e- Error in file operation: start block or end block or both cannot be negative.]\n","    utils.go:70: \u001b[31mCommand failed on final attempt [3/3] due to error [exit status 1]. Command String: [./zbox download --endblock 5 --allocation 755cfdce9c49ee8c1db24d43524f60a4bca5618a9fdc4e0f781873e946fcb039 --remotepath /CzFbxVFyIR_test.txt --localpath tmp/ --startblock 0 --silent --wallet TestDownload-Download_File_With_startblock_0_and_non-zero_endblock_should_fail_wallet.json --configDir ./config --config ./zbox_config.yaml] Output: [Error: start block should not be less than 1 -\u003cNEWLINE\u003e- Error in file operation: start block or end block or both cannot be negative.]\n","    utils.go:73: \u001b[31mThe verbose output for the command is:\n","    utils.go:77: \u001b[31m0chain-core-sdk [INFO]   2023/04/26 09:57:27.877260 wallet_base.go:311: ******* Wallet SDK Version:v1.8.13-45-g29b9769 ******* (SetLogFile)\n","    utils.go:77: \u001b[31m0box-sdk        [INFO]   2023/04/26 09:57:27.877295 sdk.go:78: ******* Storage SDK Version: v1.8.13-45-g29b9769 *******\n","    utils.go:77: \u001b[31m0chain-core-sdk [INFO]   2023/04/26 09:57:27.897329 transaction_base.go:139: ******* Wallet SDK Version:v1.8.13-45-g29b9769 ******* (InitZCNSDK)\n","    utils.go:77: \u001b[31m0box-sdk        [DEBUG]  2023/04/26 09:57:27.905796 networkworker.go:105: Get network result:{\"miners\":[\"https://dev-5.devnet-0chain.net/miner02\",\"https://dev-5.devnet-0chain.net/miner01\",\"https://dev-5.devnet-0chain.net/miner03\"],\"sharders\":[\"https://dev-5.devnet-0chain.net/sharder02\",\"https://dev-5.devnet-0chain.net/sharder01\"]}\n","    utils.go:77: \u001b[31mError: start block should not be less than 1\n","    utils.go:77: \u001b[31m0box-sdk        [INFO]   2023/04/26 09:57:27.926779 allocation.go:282: received a download request for /CzFbxVFyIR_test.txt\n","    utils.go:77: \u001b[31mError in file operation: start block or end block or both cannot be negative.\n","    zboxcli_file_download_test.go:917: Test case [Download File With startblock 0 and non-zero endblock should fail] exit at [04-26-2023 09:57:27]\n","--- PASS: TestDownload/Download_File_With_startblock_0_and_non-zero_endblock_should_fail (41.17s)",""],"Passed":true,"Skipped":false,"TestFileName":"","TestFunctionDetail":{"Line":0,"Col":0}}]},{"FailureIndicator":"","SkippedIndicator":"","TestResults":[{"TestName":"TestDownload/Download_File_With_startblock_And_endblock_Should_Work","Package":"github.com/0chain/system_test/tests/cli_tests","ElapsedTime":36.97,"Output":["","    zboxcli_file_download_test.go:861: Test case [Download File With startblock And endblock Should Work] scheduled at [04-26-2023 09:54:56] \n","","","    system_test_framework.go:92: Test case [Download File With startblock And endblock Should Work] start at [04-26-2023 09:56:52] \n","    zwalletcli_register_wallet_test.go:128: Registering wallet...\n","    zboxcli_update_allocation_test.go:1004: Executing faucet...\n","    zwalletcli_register_wallet_test.go:143: faucet output: [No wallet in path  config/TestDownload-Download_File_With_startblock_And_endblock_Should_Work_wallet.json found. Creating wallet... ZCN wallet created!! Execute faucet smart contract success with txn :  bc756199ca1af2914b3406dafa8b8b148d0bb0edd45a0f00c0c2c62d7eadc4c8]\n","    zboxcli_update_allocation_test.go:1004: Executing faucet...\n","    zboxcli_create_allocation_test.go:440: Creating new allocation...\n","    zboxcli_download_token_test.go:132: Locking read tokens...\n","    zboxcli_file_upload_test.go:808: Uploading file /tmp/oNNZQGthVk_test.txt to allocation 58fc188073ae34918d7fc7c6b5654846a018f40ee26c948fd66f05992233de4b with remotepath /oNNZQGthVk_test.txt\n","    zboxcli_file_upload_test.go:766: Uploading file...\n","    zboxcli_file_stats_test.go:490: Getting file stats...\n","    utils.go:138: Waiting 15s...\n","    zboxcli_file_download_test.go:1408: Downloading file...\n","    zboxcli_file_download_test.go:861: Test case [Download File With startblock And endblock Should Work] exit at [04-26-2023 09:57:29]\n","--- PASS: TestDownload/Download_File_With_startblock_And_endblock_Should_Work (36.97s)",""],"Passed":true,"Skipped":false,"TestFileName":"","TestFunctionDetail":{"Line":0,"Col":0}}]},{"FailureIndicator":"","SkippedIndicator":"","TestResults":[{"TestName":"TestDownload/Download_File_Without_read-lock_Should_Fail","Package":"github.com/0chain/system_test/tests/cli_tests","ElapsedTime":31.59,"Output":["","    zboxcli_file_download_test.go:1210: Test case [Download File Without read-lock Should Fail] scheduled at [04-26-2023 09:54:56] \n","","","    system_test_framework.go:92: Test case [Download File Without read-lock Should Fail] start at [04-26-2023 09:56:26] \n","    zwalletcli_register_wallet_test.go:128: Registering wallet...\n","    zboxcli_update_allocation_test.go:1004: Executing faucet...\n","    zwalletcli_register_wallet_test.go:143: faucet output: [No wallet in path  config/TestDownload-Download_File_Without_read-lock_Should_Fail_wallet.json found. Creating wallet... ZCN wallet created!! Execute faucet smart contract success with txn :  16a5a7a74134ef119bec03849b7894e951de11a81f88bd0947a9fe37ec64fbdd]\n","    zboxcli_update_allocation_test.go:1004: Executing faucet...\n","    zboxcli_create_allocation_test.go:440: Creating new allocation...\n","    zboxcli_file_upload_test.go:808: Uploading file /tmp/AOw5rw6sQN_test.txt to allocation d0d964dced47f98a60575e6ddf170a025c680eebe693edccdfb6b4ea7a36b3f7 with remotepath /AOw5rw6sQN_test.txt\n","    zboxcli_file_upload_test.go:766: Uploading file...\n","    utils.go:138: Waiting 15s...\n","    zboxcli_file_download_test.go:1408: Downloading file...\n","    zboxcli_file_download_test.go:1210: Test case [Download File Without read-lock Should Fail] exit at [04-26-2023 09:56:57]\n","--- PASS: TestDownload/Download_File_Without_read-lock_Should_Fail (31.59s)",""],"Passed":true,"Skipped":false,"TestFileName":"","TestFunctionDetail":{"Line":0,"Col":0}}]},{"FailureIndicator":"","SkippedIndicator":"","TestResults":[{"TestName":"TestDownload/Download_File_from_Nested_Directory_Should_Work","Package":"github.com/0chain/system_test/tests/cli_tests","ElapsedTime":36.79,"Output":["","    zboxcli_file_download_test.go:162: Test case [Download File from Nested Directory Should Work] scheduled at [04-26-2023 09:54:56] \n","","","    system_test_framework.go:92: Test case [Download File from Nested Directory Should Work] start at [04-26-2023 09:55:12] \n","    zwalletcli_register_wallet_test.go:128: Registering wallet...\n","    zboxcli_update_allocation_test.go:1004: Executing faucet...\n","    zwalletcli_register_wallet_test.go:143: faucet output: [No wallet in path  config/TestDownload-Download_File_from_Nested_Directory_Should_Work_wallet.json found. Creating wallet... ZCN wallet created!! Execute faucet smart contract success with txn :  6b955aa64a6458090dbe78c74b295c1cefcb3ce3ccb0b1ced0f7ee6748031518]\n","    zboxcli_update_allocation_test.go:1004: Executing faucet...\n","    zboxcli_create_allocation_test.go:440: Creating new allocation...\n","    zboxcli_download_token_test.go:132: Locking read tokens...\n","    zboxcli_file_upload_test.go:808: Uploading file /tmp/ZIxvFGrVw7_test.txt to allocation 7ab503bcf11f73344880a85b8a864736ed2c217efb1b940c74c9c7e843cce6d8 with remotepath /nested/dir/ZIxvFGrVw7_test.txt\n","    zboxcli_file_upload_test.go:766: Uploading file...\n","    zboxcli_file_download_test.go:1424: Generating checksum for file [/tmp/ZIxvFGrVw7_test.txt]...\n","    utils.go:138: Waiting 15s...\n","    zboxcli_file_download_test.go:1408: Downloading file...\n","    zboxcli_file_download_test.go:1424: Generating checksum for file [tmp/ZIxvFGrVw7_test.txt]...\n","    zboxcli_file_download_test.go:162: Test case [Download File from Nested Directory Should Work] exit at [04-26-2023 09:55:49]\n","--- PASS: TestDownload/Download_File_from_Nested_Directory_Should_Work (36.79s)",""],"Passed":true,"Skipped":false,"TestFileName":"","TestFunctionDetail":{"Line":0,"Col":0}}]},{"FailureIndicator":"","SkippedIndicator":"","TestResults":[{"TestName":"TestDownload/Download_File_from_Non-Existent_Allocation_Should_Fail","Package":"github.com/0chain/system_test/tests/cli_tests","ElapsedTime":23.24,"Output":["","    zboxcli_file_download_test.go:1116: Test case [Download File from Non-Existent Allocation Should Fail] scheduled at [04-26-2023 09:54:56] \n","","","    system_test_framework.go:92: Test case [Download File from Non-Existent Allocation Should Fail] start at [04-26-2023 09:56:19] \n","    zwalletcli_register_wallet_test.go:128: Registering wallet...\n","    zboxcli_update_allocation_test.go:1004: Executing faucet...\n","    zwalletcli_register_wallet_test.go:143: faucet output: [No wallet in path  config/TestDownload-Download_File_from_Non-Existent_Allocation_Should_Fail_wallet.json found. Creating wallet... ZCN wallet created!! Execute faucet smart contract success with txn :  42fc6fe906e5388cc842bebbc6f8f19c84a5d6e7cb153f04127bb1b43af1304d]\n","    utils.go:138: Waiting 15s...\n","    zboxcli_file_download_test.go:1408: Downloading file...\n","    zboxcli_file_download_test.go:1116: Test case [Download File from Non-Existent Allocation Should Fail] exit at [04-26-2023 09:56:42]\n","--- PASS: TestDownload/Download_File_from_Non-Existent_Allocation_Should_Fail (23.24s)",""],"Passed":true,"Skipped":false,"TestFileName":"","TestFunctionDetail":{"Line":0,"Col":0}}]},{"FailureIndicator":"","SkippedIndicator":"","TestResults":[{"TestName":"TestDownload/Download_File_from_Other's_Allocation_Should_Fail","Package":"github.com/0chain/system_test/tests/cli_tests","ElapsedTime":39.75,"Output":["","    zboxcli_file_download_test.go:1132: Test case [Download File from Other's Allocation Should Fail] scheduled at [04-26-2023 09:54:56] \n","","","    system_test_framework.go:92: Test case [Download File from Other's Allocation Should Fail] start at [04-26-2023 09:55:54] \n","    zwalletcli_register_wallet_test.go:128: Registering wallet...\n","    zboxcli_update_allocation_test.go:1004: Executing faucet...\n","    zwalletcli_register_wallet_test.go:143: faucet output: [No wallet in path  config/TestDownload-Download_File_from_Other's_Allocation_Should_Fail_wallet.json found. Creating wallet... ZCN wallet created!! Execute faucet smart contract success with txn :  235e266e6ae4eaf42c7e1a6592f4785fe8671a9040eb72e45f25476e7c49c90a]\n","    utils.go:138: Waiting 15s...\n","    zboxcli_file_download_test.go:1408: Downloading file...\n","    zboxcli_file_download_test.go:1132: Test case [Download File from Other's Allocation Should Fail] exit at [04-26-2023 09:56:34]\n","--- PASS: TestDownload/Download_File_from_Other's_Allocation_Should_Fail (39.75s)",""],"Passed":true,"Skipped":false,"TestFileName":"","TestFunctionDetail":{"Line":0,"Col":0}}]},{"FailureIndicator":"","SkippedIndicator":"","TestResults":[{"TestName":"TestDownload/Download_File_from_Other's_Allocation_Should_Fail/Get_Other_Allocation_ID","Package":"github.com/0chain/system_test/tests/cli_tests","ElapsedTime":16.51,"Output":["","    zboxcli_file_download_test.go:1139: Test case [Get Other Allocation ID] scheduled at [04-26-2023 09:55:54] \n","    zboxcli_file_download_test.go:1139: [WARN] Not running test case [Get Other Allocation ID] in parallel as it is a child test. Use t.Unwrap.run() then t.Parallel() if you wish to do this.\n","    system_test_framework.go:92: Test case [Get Other Allocation ID] start at [04-26-2023 09:55:54] \n","    zwalletcli_register_wallet_test.go:128: Registering wallet...\n","    zboxcli_update_allocation_test.go:1004: Executing faucet...\n","    zwalletcli_register_wallet_test.go:143: faucet output: [No wallet in path  config/TestDownload-Download_File_from_Other's_Allocation_Should_Fail-Get_Other_Allocation_ID_wallet.json found. Creating wallet... ZCN wallet created!! Execute faucet smart contract success with txn :  817c694edd42c4584161677a905ebf6b233473e48e90ab221dc19d14231e4a0e]\n","    zboxcli_update_allocation_test.go:1004: Executing faucet...\n","    zboxcli_create_allocation_test.go:440: Creating new allocation...\n","    zboxcli_file_upload_test.go:808: Uploading file /tmp/mTRSqdcbbH_test.txt to allocation 8d068f7d682294799dea29eb7cab5a26c6fe9cd6831eb4ff8af69f249875ad40 with remotepath /mTRSqdcbbH_test.txt\n","    zboxcli_file_upload_test.go:766: Uploading file...\n","    zboxcli_file_download_test.go:1139: Test case [Get Other Allocation ID] exit at [04-26-2023 09:56:11]\n","--- PASS: TestDownload/Download_File_from_Other's_Allocation_Should_Fail/Get_Other_Allocation_ID (16.51s)",""],"Passed":true,"Skipped":false,"TestFileName":"","TestFunctionDetail":{"Line":0,"Col":0}}]},{"FailureIndicator":"","SkippedIndicator":"","TestResults":[{"TestName":"TestDownload/Download_File_from_Root_Directory_Should_Work","Package":"github.com/0chain/system_test/tests/cli_tests","ElapsedTime":37.05,"Output":["","    zboxcli_file_download_test.go:35: Test case [Download File from Root Directory Should Work] scheduled at [04-26-2023 09:54:56] \n","","","    system_test_framework.go:92: Test case [Download File from Root Directory Should Work] start at [04-26-2023 09:54:56] \n","    zwalletcli_register_wallet_test.go:128: Registering wallet...\n","    zboxcli_update_allocation_test.go:1004: Executing faucet...\n","    zwalletcli_register_wallet_test.go:143: faucet output: [No wallet in path  config/TestDownload-Download_File_from_Root_Directory_Should_Work_wallet.json found. Creating wallet... ZCN wallet created!! Execute faucet smart contract success with txn :  c4e9c794f394fdcdf939c1b627e7f89c71ec8e24a8f13172a76215ac0f7fe173]\n","    zboxcli_update_allocation_test.go:1004: Executing faucet...\n","    zboxcli_create_allocation_test.go:440: Creating new allocation...\n","    zboxcli_download_token_test.go:132: Locking read tokens...\n","    zboxcli_file_upload_test.go:808: Uploading file /tmp/GkF72l-hYH_test.txt to allocation 20c2ebf85ee81ddd7ef44d0579396b61e78249e803f41245b8b1ba762d94496c with remotepath /GkF72l-hYH_test.txt\n","    zboxcli_file_upload_test.go:766: Uploading file...\n","    zboxcli_file_download_test.go:1424: Generating checksum for file [/tmp/GkF72l-hYH_test.txt]...\n","    utils.go:138: Waiting 15s...\n","    zboxcli_file_download_test.go:1408: Downloading file...\n","    zboxcli_file_download_test.go:1424: Generating checksum for file [tmp/GkF72l-hYH_test.txt]...\n","    zboxcli_file_download_test.go:35: Test case [Download File from Root Directory Should Work] exit at [04-26-2023 09:55:33]\n","--- PASS: TestDownload/Download_File_from_Root_Directory_Should_Work (37.05s)",""],"Passed":true,"Skipped":false,"TestFileName":"","TestFunctionDetail":{"Line":0,"Col":0}}]},{"FailureIndicator":"","SkippedIndicator":"","TestResults":[{"TestName":"TestDownload/Download_File_from_a_Directory_Should_Work","Package":"github.com/0chain/system_test/tests/cli_tests","ElapsedTime":36.9,"Output":["","    zboxcli_file_download_test.go:129: Test case [Download File from a Directory Should Work] scheduled at [04-26-2023 09:54:56] \n","","","    system_test_framework.go:92: Test case [Download File from a Directory Should Work] start at [04-26-2023 09:55:33] \n","    zwalletcli_register_wallet_test.go:128: Registering wallet...\n","    zboxcli_update_allocation_test.go:1004: Executing faucet...\n","    zwalletcli_register_wallet_test.go:143: faucet output: [No wallet in path  config/TestDownload-Download_File_from_a_Directory_Should_Work_wallet.json found. Creating wallet... ZCN wallet created!! Execute faucet smart contract success with txn :  6ab868203191d11fda7f78be0cc1298954dfee69e232f1285634ead537613266]\n","    zboxcli_update_allocation_test.go:1004: Executing faucet...\n","    zboxcli_create_allocation_test.go:440: Creating new allocation...\n","    zboxcli_download_token_test.go:132: Locking read tokens...\n","    zboxcli_file_upload_test.go:808: Uploading file /tmp/cT4UPnFTTm_test.txt to allocation d7ed2aa05cc1f2672b32b827bfdedf0fd219f454041b6140cd3d5c42cfd04b2d with remotepath /dir/cT4UPnFTTm_test.txt\n","    zboxcli_file_upload_test.go:766: Uploading file...\n","    zboxcli_file_download_test.go:1424: Generating checksum for file [/tmp/cT4UPnFTTm_test.txt]...\n","    utils.go:138: Waiting 15s...\n","    zboxcli_file_download_test.go:1408: Downloading file...\n","    zboxcli_file_download_test.go:1424: Generating checksum for file [tmp/cT4UPnFTTm_test.txt]...\n","    zboxcli_file_download_test.go:129: Test case [Download File from a Directory Should Work] exit at [04-26-2023 09:56:10]\n","--- PASS: TestDownload/Download_File_from_a_Directory_Should_Work (36.90s)",""],"Passed":true,"Skipped":false,"TestFileName":"","TestFunctionDetail":{"Line":0,"Col":0}}]},{"FailureIndicator":"","SkippedIndicator":"","TestResults":[{"TestName":"TestDownload/Download_File_to_Existing_File_Should_Fail","Package":"github.com/0chain/system_test/tests/cli_tests","ElapsedTime":36.62,"Output":["","    zboxcli_file_download_test.go:1269: Test case [Download File to Existing File Should Fail] scheduled at [04-26-2023 09:54:56] \n","","","    system_test_framework.go:92: Test case [Download File to Existing File Should Fail] start at [04-26-2023 09:56:10] \n","    zwalletcli_register_wallet_test.go:128: Registering wallet...\n","    zboxcli_update_allocation_test.go:1004: Executing faucet...\n","    zwalletcli_register_wallet_test.go:143: faucet output: [No wallet in path  config/TestDownload-Download_File_to_Existing_File_Should_Fail_wallet.json found. Creating wallet... ZCN wallet created!! Execute faucet smart contract success with txn :  79aca31213e33b7fd05dda72d9c126ce7cecaec34de84961bf7b5f6f1043dd6c]\n","    zboxcli_update_allocation_test.go:1004: Executing faucet...\n","    zboxcli_create_allocation_test.go:440: Creating new allocation...\n","    zboxcli_download_token_test.go:132: Locking read tokens...\n","    zboxcli_file_upload_test.go:808: Uploading file /tmp/4vhweKbWES_test.txt to allocation 5d52413f63e105d9df41577f6881c21b62cb5cda464fda4afcfce2bab497f855 with remotepath /4vhweKbWES_test.txt\n","    zboxcli_file_upload_test.go:766: Uploading file...\n","    utils.go:138: Waiting 15s...\n","    zboxcli_file_download_test.go:1408: Downloading file...\n","    zboxcli_file_download_test.go:1269: Test case [Download File to Existing File Should Fail] exit at [04-26-2023 09:56:46]\n","--- PASS: TestDownload/Download_File_to_Existing_File_Should_Fail (36.62s)",""],"Passed":true,"Skipped":false,"TestFileName":"","TestFunctionDetail":{"Line":0,"Col":0}}]},{"FailureIndicator":"","SkippedIndicator":"","TestResults":[{"TestName":"TestDownload/Download_File_using_Expired_Allocation_Should_Fail","Package":"github.com/0chain/system_test/tests/cli_tests","ElapsedTime":46.71,"Output":["","    zboxcli_file_download_test.go:1236: Test case [Download File using Expired Allocation Should Fail] scheduled at [04-26-2023 09:54:56] \n","","","    system_test_framework.go:92: Test case [Download File using Expired Allocation Should Fail] start at [04-26-2023 09:56:10] \n","    zwalletcli_register_wallet_test.go:128: Registering wallet...\n","    zboxcli_update_allocation_test.go:1004: Executing faucet...\n","    zwalletcli_register_wallet_test.go:143: faucet output: [No wallet in path  config/TestDownload-Download_File_using_Expired_Allocation_Should_Fail_wallet.json found. Creating wallet... ZCN wallet created!! Execute faucet smart contract success with txn :  365b4eba9c1f759d7127712aefe81a7439847ee3d9b2e5c342d190247eaa6386]\n","    zboxcli_update_allocation_test.go:1004: Executing faucet...\n","    zboxcli_create_allocation_test.go:440: Creating new allocation...\n","    zboxcli_download_token_test.go:132: Locking read tokens...\n","    zboxcli_file_download_test.go:1247: Time after creating the allocation  2023-04-26 09:56:31.637322681 +0200 CEST m=+142.207449674\n","    zboxcli_file_upload_test.go:808: Uploading file /tmp/QuwD9k8Ojn_test.txt to allocation b2874d84b61cf7374eacc040536319350ab21c9fec18c539d8988533fdf1818f with remotepath /QuwD9k8Ojn_test.txt\n","    zboxcli_file_upload_test.go:766: Uploading file...\n","    zboxcli_file_download_test.go:1251: Time after uploading the file  2023-04-26 09:56:31.818301351 +0200 CEST m=+142.388428364\n","    utils.go:138: Waiting 15s...\n","    zboxcli_file_download_test.go:1408: Downloading file...\n","    zboxcli_file_download_test.go:1236: Test case [Download File using Expired Allocation Should Fail] exit at [04-26-2023 09:56:56]\n","--- PASS: TestDownload/Download_File_using_Expired_Allocation_Should_Fail (46.71s)",""],"Passed":true,"Skipped":false,"TestFileName":"","TestFunctionDetail":{"Line":0,"Col":0}}]},{"FailureIndicator":"","SkippedIndicator":"","TestResults":[{"TestName":"TestDownload/Download_From_Shared_Folder_by_Lookup_Hash_Should_Work","Package":"github.com/0chain/system_test/tests/cli_tests","ElapsedTime":53.08,"Output":["","    zboxcli_file_download_test.go:501: Test case [Download From Shared Folder by Lookup Hash Should Work] scheduled at [04-26-2023 09:54:56] \n","","","    system_test_framework.go:92: Test case [Download From Shared Folder by Lookup Hash Should Work] start at [04-26-2023 09:55:49] \n","    zwalletcli_register_wallet_test.go:128: Registering wallet...\n","    zboxcli_update_allocation_test.go:1004: Executing faucet...\n","    zwalletcli_register_wallet_test.go:143: faucet output: [No wallet in path  config/TestDownload-Download_From_Shared_Folder_by_Lookup_Hash_Should_Work_wallet.json found. Creating wallet... ZCN wallet created!! Execute faucet smart contract success with txn :  b9a7a151b8e3acc933e0f997b8ccea35d0cb3290b3773dad82a3e17b90e09113]\n","    zboxcli_update_allocation_test.go:1004: Executing faucet...\n","    zboxcli_download_token_test.go:132: Locking read tokens...\n","    utils.go:138: Waiting 15s...\n","    zboxcli_file_download_test.go:1408: Downloading file...\n","    zboxcli_file_download_test.go:1424: Generating checksum for file [tmp/hHki7B5KZ-_test.txt]...\n","    zboxcli_file_download_test.go:501: Test case [Download From Shared Folder by Lookup Hash Should Work] exit at [04-26-2023 09:56:42]\n","--- PASS: TestDownload/Download_From_Shared_Folder_by_Lookup_Hash_Should_Work (53.08s)",""],"Passed":true,"Skipped":false,"TestFileName":"","TestFunctionDetail":{"Line":0,"Col":0}}]},{"FailureIndicator":"","SkippedIndicator":"","TestResults":[{"TestName":"TestDownload/Download_From_Shared_Folder_by_Lookup_Hash_Should_Work/Share_File_from_Another_Wallet","Package":"github.com/0chain/system_test/tests/cli_tests","ElapsedTime":21.65,"Output":["","    zboxcli_file_download_test.go:508: Test case [Share File from Another Wallet] scheduled at [04-26-2023 09:55:49] \n","    zboxcli_file_download_test.go:508: [WARN] Not running test case [Share File from Another Wallet] in parallel as it is a child test. Use t.Unwrap.run() then t.Parallel() if you wish to do this.\n","    system_test_framework.go:92: Test case [Share File from Another Wallet] start at [04-26-2023 09:55:49] \n","    zwalletcli_register_wallet_test.go:128: Registering wallet...\n","    zboxcli_update_allocation_test.go:1004: Executing faucet...\n","    zwalletcli_register_wallet_test.go:143: faucet output: [No wallet in path  config/TestDownload-Download_From_Shared_Folder_by_Lookup_Hash_Should_Work-Share_File_from_Another_Wallet_wallet.json found. Creating wallet... ZCN wallet created!! Execute faucet smart contract success with txn :  33a88bb6d1e3fb0f0b3d4e114659365c3ebb6ef87a55b6c16c6df468b0502cfc]\n","    zboxcli_update_allocation_test.go:1004: Executing faucet...\n","    zboxcli_create_allocation_test.go:440: Creating new allocation...\n","    zboxcli_download_token_test.go:132: Locking read tokens...\n","    zboxcli_file_upload_test.go:808: Uploading file /tmp/hHki7B5KZ-_test.txt to allocation f2d4e9022c4ebf975bb6b7a412871e030aae9c2a95083c554bb77342a708dc38 with remotepath /dir/hHki7B5KZ-_test.txt\n","    zboxcli_file_upload_test.go:766: Uploading file...\n","    zboxcli_file_download_test.go:1424: Generating checksum for file [/tmp/hHki7B5KZ-_test.txt]...\n","    zboxcli_list_file_test.go:619: Sharing file/folder...\n","    zboxcli_file_download_test.go:508: Test case [Share File from Another Wallet] exit at [04-26-2023 09:56:11]\n","--- PASS: TestDownload/Download_From_Shared_Folder_by_Lookup_Hash_Should_Work/Share_File_from_Another_Wallet (21.65s)",""],"Passed":true,"Skipped":false,"TestFileName":"","TestFunctionDetail":{"Line":0,"Col":0}}]},{"FailureIndicator":"","SkippedIndicator":"","TestResults":[{"TestName":"TestDownload/Download_From_Shared_Folder_by_Remotepath_Should_Work","Package":"github.com/0chain/system_test/tests/cli_tests","ElapsedTime":53.46,"Output":["","    zboxcli_file_download_test.go:445: Test case [Download From Shared Folder by Remotepath Should Work] scheduled at [04-26-2023 09:54:56] \n","","","    system_test_framework.go:92: Test case [Download From Shared Folder by Remotepath Should Work] start at [04-26-2023 09:54:56] \n","    zwalletcli_register_wallet_test.go:128: Registering wallet...\n","    zboxcli_update_allocation_test.go:1004: Executing faucet...\n","    zwalletcli_register_wallet_test.go:143: faucet output: [No wallet in path  config/TestDownload-Download_From_Shared_Folder_by_Remotepath_Should_Work_wallet.json found. Creating wallet... ZCN wallet created!! Execute faucet smart contract success with txn :  7cc18f60d00b408c0132171f06d9f4d85b02ddb8bf752d323ac742c4ac9f3e93]\n","    zboxcli_update_allocation_test.go:1004: Executing faucet...\n","    zboxcli_download_token_test.go:132: Locking read tokens...\n","    utils.go:138: Waiting 15s...\n","    zboxcli_file_download_test.go:1408: Downloading file...\n","    zboxcli_file_download_test.go:1424: Generating checksum for file [tmp/Y9QMM15x1t_test.txt]...\n","    zboxcli_file_download_test.go:445: Test case [Download From Shared Folder by Remotepath Should Work] exit at [04-26-2023 09:55:49]\n","--- PASS: TestDownload/Download_From_Shared_Folder_by_Remotepath_Should_Work (53.46s)",""],"Passed":true,"Skipped":false,"TestFileName":"","TestFunctionDetail":{"Line":0,"Col":0}}]},{"FailureIndicator":"","SkippedIndicator":"","TestResults":[{"TestName":"TestDownload/Download_From_Shared_Folder_by_Remotepath_Should_Work/Share_File_from_Another_Wallet","Package":"github.com/0chain/system_test/tests/cli_tests","ElapsedTime":22.04,"Output":["","    zboxcli_file_download_test.go:452: Test case [Share File from Another Wallet] scheduled at [04-26-2023 09:54:56] \n","    zboxcli_file_download_test.go:452: [WARN] Not running test case [Share File from Another Wallet] in parallel as it is a child test. Use t.Unwrap.run() then t.Parallel() if you wish to do this.\n","    system_test_framework.go:92: Test case [Share File from Another Wallet] start at [04-26-2023 09:54:56] \n","    zwalletcli_register_wallet_test.go:128: Registering wallet...\n","    zboxcli_update_allocation_test.go:1004: Executing faucet...\n","    zwalletcli_register_wallet_test.go:143: faucet output: [No wallet in path  config/TestDownload-Download_From_Shared_Folder_by_Remotepath_Should_Work-Share_File_from_Another_Wallet_wallet.json found. Creating wallet... ZCN wallet created!! Execute faucet smart contract success with txn :  a06c0edfe3e75d099778f01fe7e59deb7a0d776e8c19744bb4d5cfd0a8ff15bb]\n","    zboxcli_update_allocation_test.go:1004: Executing faucet...\n","    zboxcli_create_allocation_test.go:440: Creating new allocation...\n","    zboxcli_download_token_test.go:132: Locking read tokens...\n","    zboxcli_file_upload_test.go:808: Uploading file /tmp/Y9QMM15x1t_test.txt to allocation dacb8c19ba376a4c4288099738e5cfed2bf39fb3fd0c45786417efb57560cab4 with remotepath /dir/Y9QMM15x1t_test.txt\n","    zboxcli_file_upload_test.go:766: Uploading file...\n","    zboxcli_file_download_test.go:1424: Generating checksum for file [/tmp/Y9QMM15x1t_test.txt]...\n","    zboxcli_list_file_test.go:619: Sharing file/folder...\n","    zboxcli_file_download_test.go:452: Test case [Share File from Another Wallet] exit at [04-26-2023 09:55:18]\n","--- PASS: TestDownload/Download_From_Shared_Folder_by_Remotepath_Should_Work/Share_File_from_Another_Wallet (22.04s)",""],"Passed":true,"Skipped":false,"TestFileName":"","TestFunctionDetail":{"Line":0,"Col":0}}]},{"FailureIndicator":"failed","SkippedIndicator":"","TestResults":[{"TestName":"TestDownload/Download_Moved_File_Should_Work","Package":"github.com/0chain/system_test/tests/cli_tests","ElapsedTime":142.35,"Output":["","    zboxcli_file_download_test.go:1296: Test case [Download Moved File Should Work] scheduled at [04-26-2023 09:54:56] \n","","","    system_test_framework.go:92: Test case [Download Moved File Should Work] start at [04-26-2023 09:56:04] \n","    zwalletcli_register_wallet_test.go:128: Registering wallet...\n","    zboxcli_update_allocation_test.go:1004: Executing faucet...\n","    zwalletcli_register_wallet_test.go:143: faucet output: [No wallet in path  config/TestDownload-Download_Moved_File_Should_Work_wallet.json found. Creating wallet... ZCN wallet created!! Execute faucet smart contract success with txn :  3ba70a2ddf833a1c00c9e12cc7c1eafa9bbdf5fe773123ee511de2c3a85b077c]\n","    zboxcli_update_allocation_test.go:1004: Executing faucet...\n","    zboxcli_create_allocation_test.go:440: Creating new allocation...\n","    utils.go:67: \u001b[33mCommand failed on attempt [1/3] due to error [exit status 1]. Output: [Error creating allocation: [txn] too less sharders to confirm it: min_confirmation is 50%, but got 0/2 sharders -\u003cNEWLINE\u003e- https://dev-5.devnet-0chain.net/sharder01/v1/transaction/get/confirmation?hash=39d92ec9c39c20794b92f3aade41fadd48c1d094860a8a99483c4173da0ee409: [400] {\"code\":\"entity_not_found\",\"error\":\"entity_not_found: txn_summary not found with id = 39d92ec9c39c20794b92f3aade41fadd48c1d094860a8a99483c4173da0ee409\"} -\u003cNEWLINE\u003e- https://dev-5.devnet-0chain.net/sharder02/v1/transaction/get/confirmation?hash=39d92ec9c39c20794b92f3aade41fadd48c1d094860a8a99483c4173da0ee409: [400] {\"code\":\"entity_not_found\",\"error\":\"entity_not_found: txn_summary not found with id = 39d92ec9c39c20794b92f3aade41fadd48c1d094860a8a99483c4173da0ee409\"}]\n","    utils.go:67: \u001b[33mCommand failed on attempt [2/3] due to error [exit status 1]. Output: [Error creating allocation: [txn] too less sharders to confirm it: min_confirmation is 50%, but got 0/2 sharders -\u003cNEWLINE\u003e- https://dev-5.devnet-0chain.net/sharder01/v1/transaction/get/confirmation?hash=d442da9a355b555600dc8ba9f48898166edf8f15480792c2e966829490f7ee44: [400] {\"code\":\"entity_not_found\",\"error\":\"entity_not_found: txn_summary not found with id = d442da9a355b555600dc8ba9f48898166edf8f15480792c2e966829490f7ee44\"} -\u003cNEWLINE\u003e- https://dev-5.devnet-0chain.net/sharder02/v1/transaction/get/confirmation?hash=d442da9a355b555600dc8ba9f48898166edf8f15480792c2e966829490f7ee44: [400] {\"code\":\"entity_not_found\",\"error\":\"entity_not_found: txn_summary not found with id = d442da9a355b555600dc8ba9f48898166edf8f15480792c2e966829490f7ee44\"}]\n","    utils.go:70: \u001b[31mCommand failed on final attempt [3/3] due to error [exit status 1]. Command String: [./zbox newallocation --expire 1h --size 2048 --lock 5 --silent --wallet TestDownload-Download_Moved_File_Should_Work_wallet.json --configDir ./config --config ./zbox_config.yaml --allocationFileName TestDownload-Download_Moved_File_Should_Work_allocation.txt] Output: [Error creating allocation: [txn] too less sharders to confirm it: min_confirmation is 50%, but got 0/2 sharders -\u003cNEWLINE\u003e- https://dev-5.devnet-0chain.net/sharder01/v1/transaction/get/confirmation?hash=d691272626653fc38c6b72d7ba6064223a0228953150fc3f3016ff6e9306906a: [400] {\"code\":\"entity_not_found\",\"error\":\"entity_not_found: txn_summary not found with id = d691272626653fc38c6b72d7ba6064223a0228953150fc3f3016ff6e9306906a\"} -\u003cNEWLINE\u003e- https://dev-5.devnet-0chain.net/sharder02/v1/transaction/get/confirmation?hash=d691272626653fc38c6b72d7ba6064223a0228953150fc3f3016ff6e9306906a: [400] {\"code\":\"entity_not_found\",\"error\":\"entity_not_found: txn","_summary not found with id = d691272626653fc38c6b72d7ba6064223a0228953150fc3f3016ff6e9306906a\"}]\n","    utils.go:73: \u001b[31mThe verbose output for the command is:\n","    utils.go:77: \u001b[31m0chain-core-sdk [INFO]   2023/04/26 09:57:56.752186 wallet_base.go:311: ******* Wallet SDK Version:v1.8.13-45-g29b9769 ******* (SetLogFile)\n","    utils.go:77: \u001b[31m0box-sdk        [INFO]   2023/04/26 09:57:56.752224 sdk.go:78: ******* Storage SDK Version: v1.8.13-45-g29b9769 *******\n","    utils.go:77: \u001b[31m0chain-core-sdk [INFO]   2023/04/26 09:57:56.770247 transaction_base.go:139: ******* Wallet SDK Version:v1.8.13-45-g29b9769 ******* (InitZCNSDK)\n","    utils.go:77: \u001b[31m0box-sdk        [DEBUG]  2023/04/26 09:57:56.778127 networkworker.go:105: Get network result:{\"miners\":[\"https://dev-5.devnet-0chain.net/miner02\",\"https://dev-5.devnet-0chain.net/miner01\",\"https://dev-5.devnet-0chain.net/miner03\"],\"sharders\":[\"https://dev-5.devnet-0chain.net/sharder02\",\"https://dev-5.devnet-0chain.net/sharder01\"]}\n","    utils.go:77: \u001b[31m0box-sdk        [INFO]   2023/04/26 09:57:56.802625 sdk.go:1409: estimate txn fee{fee 18 10000000000  \u003cnil\u003e} {txn 23 0  0xc0003576c0}\n","    utils.go:77: \u001b[31m0box-sdk        \u001b[31m[ERROR]  2023/04/26 09:58:27.001583 sdk.go:1442: Error verifying the transaction[txn] too less sharders to confirm it: min_confirmation is 50%, but got 0/2 sharders\n","    utils.go:77: \u001b[31mhttps://dev-5.devnet-0chain.net/sharder02/v1/transaction/get/confirmation?hash=6bb3617b11b2953bc43d00daaf54353a9d595a1aaffe9a29ca8c5d3951c72404: [400] {\"code\":\"entity_not_found\",\"error\":\"entity_not_found: txn_summary not found with id = 6bb3617b11b2953bc43d00daaf54353a9d595a1aaffe9a29ca8c5d3951c72404\"}\n","    utils.go:77: \u001b[31mhttps://dev-5.devnet-0chain.net/sharder01/v1/transaction/get/confirmation?hash=6bb3617b11b2953bc43d00daaf54353a9d595a1aaffe9a29ca8c5d3951c72404: [400] {\"code\":\"entity_not_found\",\"error\":\"entity_not_found: txn_summary not found with id = 6bb3617b11b2953bc43d00daaf54353a9d595a1aaffe9a29ca8c5d3951c72404\"}\n","    utils.go:77: \u001b[31m6bb3617b11b2953bc43d00daaf54353a9d595a1aaffe9a29ca8c5d3951c72404\u001b[0m\n","    utils.go:77: \u001b[31mError creating allocation: [txn] too less sharders to confirm it: min_confirmation is 50%, but got 0/2 sharders\n","    assertions.go:264: \n","        \tError Trace:\t/root/actions-runner5/_work/system_test/system_test/tests/cli_tests/zboxcli_update_allocation_test.go:894\n","        \t            \t\t\t\t/root/actions-runner5/_work/system_test/system_test/tests/cli_tests/zboxcli_update_allocation_test.go:864\n","        \t            \t\t\t\t/root/actions-runner5/_work/system_test/system_test/tests/cli_tests/zboxcli_file_download_test.go:1388\n","        \t            \t\t\t\t/root/actions-runner5/_work/system_test/system_test/tests/cli_tests/zboxcli_file_download_test.go:1301\n","        \t            \t\t\t\t/root/actions-runner5/_work/system_test/system_test/tests/cli_tests/system_test_framework.go:93\n","        \t            \t\t\t\t/root/actions-runner5/_work/system_test/system_test/tests/cli_tests/asm_amd64.s:1598\n","        \tError:      \tReceived unexpected error:\n","        \t            \texit status 1\n","        \tTest:       \tTestDownload/Download_Moved_File_Should_Work\n","        \tMessages:   \tcreate new allocation failed%!(EXTRA string=Error creating allocation: [txn] too less sharders to confirm it: min_confirmation is 50%, but got 0/2 sharders\n","        \t            \thttps://dev-5.devnet-0chain.net/sharder01/v1/transaction/get/confirmation?hash=d691272626653fc38c6b72d7ba6064223a0228953150fc3f3016ff6e9306906a: [400] {\"code\":\"entity_not_found\",\"error\":\"entity_not_found: txn_summary not found with id = d691272626653fc38c6b72d7ba6064223a0228953150fc3f3016ff6e9306906a\"}\n","        \t            \thttps://dev-5.devnet-0chain.net/sharder02/v1/transaction/get/confirmation?hash=d691272626653fc38c6b72d7ba6064223a0228953150fc3f3016ff6e9306906a: [400] {\"code\":\"entity_not_found\",\"error\":\"entity_not_found: txn_summary not found with id = d691272626653fc38c6b72d7ba6064223a0228953150fc3f3016ff6e9306906a\"})\n","    zboxcli_file_download_test.go:1296: Test case [Download Moved File Should Work] exit at [04-26-2023 09:58:27]\n","","","    zboxcli_file_download_test.go:1296: Test case [Download Moved File Should Work] scheduled at [04-26-2023 09:59:15] \n","","","    system_test_framework.go:92: Test case [Download Moved File Should Work] start at [04-26-2023 09:59:15] \n","    zwalletcli_register_wallet_test.go:128: Registering wallet...\n","    zboxcli_update_allocation_test.go:1004: Executing faucet...\n","    zwalletcli_register_wallet_test.go:143: faucet output: [No wallet in path  config/TestDownload-Download_Moved_File_Should_Work_wallet.json found. Creating wallet... ZCN wallet created!! Execute faucet smart contract success with txn :  f95a366f9f3ff8e6be0f50788dbe6d72242f6d3f67ecae660ffec7816046ea21]\n","    zboxcli_update_allocation_test.go:1004: Executing faucet...\n","    zboxcli_create_allocation_test.go:440: Creating new allocation...\n","    utils.go:67: \u001b[33mCommand failed on attempt [1/3] due to error [exit status 1]. Output: [Error creating allocation: [txn] too less sharders to confirm it: min_confirmation is 50%, but got 0/2 sharders -\u003cNEWLINE\u003e- https://dev-5.devnet-0chain.net/sharder01/v1/transaction/get/confirmation?hash=83bac34c62512bdb932a1d675970ee55df8fd3689ca4a56d072483b16338e43e: [400] {\"code\":\"entity_not_found\",\"error\":\"entity_not_found: txn_summary not found with id = 83bac34c62512bdb932a1d675970ee55df8fd3689ca4a56d072483b16338e43e\"} -\u003cNEWLINE\u003e- https://dev-5.devnet-0chain.net/sharder02/v1/transaction/get/confirmation?hash=83bac34c62512bdb932a1d675970ee55df8fd3689ca4a56d072483b16338e43e: [400] {\"code\":\"entity_not_found\",\"error\":\"entity_not_found: txn_summary not found with id = 83bac34c62512bdb932a1d675970ee55df8fd3689ca4a56d072483b16338e43e\"}]\n","    utils.go:67: \u001b[33mCommand failed on attempt [2/3] due to error [exit status 1]. Output: [Error creating allocation: [txn] too less sharders to confirm it: min_confirmation is 50%, but got 0/2 sharders -\u003cNEWLINE\u003e- https://dev-5.devnet-0chain.net/sharder02/v1/transaction/get/confirmation?hash=e7e79d8317d83d0e87b7059d8a1e4c14d0ee6fcfa891f3a6326be9aa95398324: [400] {\"code\":\"entity_not_found\",\"error\":\"entity_not_found: txn_summary not found with id = e7e79d8317d83d0e87b7059d8a1e4c14d0ee6fcfa891f3a6326be9aa95398324\"} -\u003cNEWLINE\u003e- https://dev-5.devnet-0chain.net/sharder01/v1/transaction/get/confirmation?hash=e7e79d8317d83d0e87b7059d8a1e4c14d0ee6fcfa891f3a6326be9aa95398324: [400] {\"code\":\"entity_not_found\",\"error\":\"entity_not_found: txn_summary not found with id = e7e79d8317d83d0e87b7059d8a1e4c14d0ee6fcfa891f3a6326be9aa95398324\"}]\n","    utils.go:70: \u001b[31mCommand failed on final attempt [3/3] due to error [exit status 1]. Command String: [./zbox newallocation --size 2048 --lock 5 --expire 1h --silent --wallet TestDownload-Download_Moved_File_Should_Work_wallet.json --configDir ./config --config ./zbox_config.yaml --allocationFileName TestDownload-Download_Moved_File_Should_Work_allocation.txt] Output: [Error creating allocation: [txn] too less sharders to confirm it: min_confirmation is 50%, but got 0/2 sharders -\u003cNEWLINE\u003e- https://dev-5.devnet-0chain.net/sharder01/v1/transaction/get/confirmation?hash=24e51a9a88ac6fc971dbc636b82a2226ed9e55468c3baf7265ee8d1391846a38: [400] {\"code\":\"entity_not_found\",\"error\":\"entity_not_found: txn_summary not found with id = 24e51a9a88ac6fc971dbc636b82a2226ed9e55468c3baf7265ee8d1391846a38\"} -\u003cNEWLINE\u003e- https://dev-5.devnet-0chain.net/sharder02/v1/transaction/get/confirmation?hash=24e51a9a88ac6fc971dbc636b82a2226ed9e55468c3baf7265ee8d1391846a38: [400] {\"code\":\"entity_not_found\",\"error\":\"entity_not_found: txn","_summary not found with id = 24e51a9a88ac6fc971dbc636b82a2226ed9e55468c3baf7265ee8d1391846a38\"}]\n","    utils.go:73: \u001b[31mThe verbose output for the command is:\n","    utils.go:77: \u001b[31m0chain-core-sdk [INFO]   2023/04/26 10:01:07.630957 wallet_base.go:311: ******* Wallet SDK Version:v1.8.13-45-g29b9769 ******* (SetLogFile)\n","    utils.go:77: \u001b[31m0box-sdk        [INFO]   2023/04/26 10:01:07.630997 sdk.go:78: ******* Storage SDK Version: v1.8.13-45-g29b9769 *******\n","    utils.go:77: \u001b[31m0chain-core-sdk [INFO]   2023/04/26 10:01:07.653734 transaction_base.go:139: ******* Wallet SDK Version:v1.8.13-45-g29b9769 ******* (InitZCNSDK)\n","    utils.go:77: \u001b[31m0box-sdk        [DEBUG]  2023/04/26 10:01:07.661865 networkworker.go:105: Get network result:{\"miners\":[\"https://dev-5.devnet-0chain.net/miner02\",\"https://dev-5.devnet-0chain.net/miner01\",\"https://dev-5.devnet-0chain.net/miner03\"],\"sharders\":[\"https://dev-5.devnet-0chain.net/sharder02\",\"https://dev-5.devnet-0chain.net/sharder01\"]}\n","    utils.go:77: \u001b[31m0box-sdk        [INFO]   2023/04/26 10:01:07.681604 sdk.go:1409: estimate txn fee{fee 18 10000000000  \u003cnil\u003e} {txn 23 0  0xc000618340}\n","    utils.go:77: \u001b[31m0box-sdk        \u001b[31m[ERROR]  2023/04/26 10:01:37.877769 sdk.go:1442: Error verifying the transaction[txn] too less sharders to confirm it: min_confirmation is 50%, but got 0/2 sharders\n","    utils.go:77: \u001b[31mhttps://dev-5.devnet-0chain.net/sharder02/v1/transaction/get/confirmation?hash=9939049620656275d942072ce81657d457e827e73caaa8f04d3ec594bba91d3a: [400] {\"code\":\"entity_not_found\",\"error\":\"entity_not_found: txn_summary not found with id = 9939049620656275d942072ce81657d457e827e73caaa8f04d3ec594bba91d3a\"}\n","    utils.go:77: \u001b[31mhttps://dev-5.devnet-0chain.net/sharder01/v1/transaction/get/confirmation?hash=9939049620656275d942072ce81657d457e827e73caaa8f04d3ec594bba91d3a: [400] {\"code\":\"entity_not_found\",\"error\":\"entity_not_found: txn_summary not found with id = 9939049620656275d942072ce81657d457e827e73caaa8f04d3ec594bba91d3a\"}\n","    utils.go:77: \u001b[31m9939049620656275d942072ce81657d457e827e73caaa8f04d3ec594bba91d3a\u001b[0m\n","    utils.go:77: \u001b[31mError creating allocation: [txn] too less sharders to confirm it: min_confirmation is 50%, but got 0/2 sharders\n","    assertions.go:264: \n","        \tError Trace:\t/root/actions-runner5/_work/system_test/system_test/tests/cli_tests/zboxcli_update_allocation_test.go:894\n","        \t            \t\t\t\t/root/actions-runner5/_work/system_test/system_test/tests/cli_tests/zboxcli_update_allocation_test.go:864\n","        \t            \t\t\t\t/root/actions-runner5/_work/system_test/system_test/tests/cli_tests/zboxcli_file_download_test.go:1388\n","        \t            \t\t\t\t/root/actions-runner5/_work/system_test/system_test/tests/cli_tests/zboxcli_file_download_test.go:1301\n","        \t            \t\t\t\t/root/actions-runner5/_work/system_test/system_test/tests/cli_tests/system_test_framework.go:93\n","        \t            \t\t\t\t/root/actions-runner5/_work/system_test/system_test/tests/cli_tests/asm_amd64.s:1598\n","        \tError:      \tReceived unexpected error:\n","        \t            \texit status 1\n","        \tTest:       \tTestDownload/Download_Moved_File_Should_Work\n","        \tMessages:   \tcreate new allocation failed%!(EXTRA string=Error creating allocation: [txn] too less sharders to confirm it: min_confirmation is 50%, but got 0/2 sharders\n","        \t            \thttps://dev-5.devnet-0chain.net/sharder01/v1/transaction/get/confirmation?hash=24e51a9a88ac6fc971dbc636b82a2226ed9e55468c3baf7265ee8d1391846a38: [400] {\"code\":\"entity_not_found\",\"error\":\"entity_not_found: txn_summary not found with id = 24e51a9a88ac6fc971dbc636b82a2226ed9e55468c3baf7265ee8d1391846a38\"}\n","        \t            \thttps://dev-5.devnet-0chain.net/sharder02/v1/transaction/get/confirmation?hash=24e51a9a88ac6fc971dbc636b82a2226ed9e55468c3baf7265ee8d1391846a38: [400] {\"code\":\"entity_not_found\",\"error\":\"entity_not_found: txn_summary not found with id = 24e51a9a88ac6fc971dbc636b82a2226ed9e55468c3baf7265ee8d1391846a38\"})\n","    zboxcli_file_download_test.go:1296: Test case [Download Moved File Should Work] exit at [04-26-2023 10:01:37]\n","","","    zboxcli_file_download_test.go:1296: Test case [Download Moved File Should Work] scheduled at [04-26-2023 10:02:26] \n","","","    system_test_framework.go:92: Test case [Download Moved File Should Work] start at [04-26-2023 10:02:26] \n","    zwalletcli_register_wallet_test.go:128: Registering wallet...\n","    zboxcli_update_allocation_test.go:1004: Executing faucet...\n","    zwalletcli_register_wallet_test.go:143: faucet output: [No wallet in path  config/TestDownload-Download_Moved_File_Should_Work_wallet.json found. Creating wallet... ZCN wallet created!! Execute faucet smart contract success with txn :  006160891aada733ac1a26ba463e57ab0e16c73843ff1ae515f50588ddf9917f]\n","    zboxcli_update_allocation_test.go:1004: Executing faucet...\n","    zboxcli_create_allocation_test.go:440: Creating new allocation...\n","    utils.go:67: \u001b[33mCommand failed on attempt [1/3] due to error [exit status 1]. Output: [Error creating allocation: [txn] too less sharders to confirm it: min_confirmation is 50%, but got 0/2 sharders -\u003cNEWLINE\u003e- https://dev-5.devnet-0chain.net/sharder01/v1/transaction/get/confirmation?hash=16849b8cdb8920090b20cbe6450c4ff405942168362d6f45d0d59884f1502a36: [400] {\"code\":\"entity_not_found\",\"error\":\"entity_not_found: txn_summary not found with id = 16849b8cdb8920090b20cbe6450c4ff405942168362d6f45d0d59884f1502a36\"} -\u003cNEWLINE\u003e- https://dev-5.devnet-0chain.net/sharder02/v1/transaction/get/confirmation?hash=16849b8cdb8920090b20cbe6450c4ff405942168362d6f45d0d59884f1502a36: [400] {\"code\":\"entity_not_found\",\"error\":\"entity_not_found: txn_summary not found with id = 16849b8cdb8920090b20cbe6450c4ff405942168362d6f45d0d59884f1502a36\"}]\n","    utils.go:67: \u001b[33mCommand failed on attempt [2/3] due to error [exit status 1]. Output: [Error creating allocation: [txn] too less sharders to confirm it: min_confirmation is 50%, but got 0/2 sharders -\u003cNEWLINE\u003e- https://dev-5.devnet-0chain.net/sharder01/v1/transaction/get/confirmation?hash=49ff7f8c8372537537bdac0610643933f6abbefa28290ffd79f3f8dea20d4d0a: [400] {\"code\":\"entity_not_found\",\"error\":\"entity_not_found: txn_summary not found with id = 49ff7f8c8372537537bdac0610643933f6abbefa28290ffd79f3f8dea20d4d0a\"} -\u003cNEWLINE\u003e- https://dev-5.devnet-0chain.net/sharder02/v1/transaction/get/confirmation?hash=49ff7f8c8372537537bdac0610643933f6abbefa28290ffd79f3f8dea20d4d0a: [400] {\"code\":\"entity_not_found\",\"error\":\"entity_not_found: txn_summary not found with id = 49ff7f8c8372537537bdac0610643933f6abbefa28290ffd79f3f8dea20d4d0a\"}]\n","    utils.go:70: \u001b[31mCommand failed on final attempt [3/3] due to error [exit status 1]. Command String: [./zbox newallocation --size 2048 --lock 5 --expire 1h --silent --wallet TestDownload-Download_Moved_File_Should_Work_wallet.json --configDir ./config --config ./zbox_config.yaml --allocationFileName TestDownload-Download_Moved_File_Should_Work_allocation.txt] Output: [Error creating allocation: [txn] too less sharders to confirm it: min_confirmation is 50%, but got 0/2 sharders -\u003cNEWLINE\u003e- https://dev-5.devnet-0chain.net/sharder01/v1/transaction/get/confirmation?hash=cf4e128dccbbbf250e6f58cdba09021897c50abfbf81b755d1dc01e4df2cd91c: [400] {\"code\":\"entity_not_found\",\"error\":\"entity_not_found: txn_summary not found with id = cf4e128dccbbbf250e6f58cdba09021897c50abfbf81b755d1dc01e4df2cd91c\"} -\u003cNEWLINE\u003e- https://dev-5.devnet-0chain.net/sharder02/v1/transaction/get/confirmation?hash=cf4e128dccbbbf250e6f58cdba09021897c50abfbf81b755d1dc01e4df2cd91c: [400] {\"code\":\"entity_not_found\",\"error\":\"entity_not_found: txn","_summary not found with id = cf4e128dccbbbf250e6f58cdba09021897c50abfbf81b755d1dc01e4df2cd91c\"}]\n","    utils.go:73: \u001b[31mThe verbose output for the command is:\n","    utils.go:77: \u001b[31m0chain-core-sdk [INFO]   2023/04/26 10:04:18.103614 wallet_base.go:311: ******* Wallet SDK Version:v1.8.13-45-g29b9769 ******* (SetLogFile)\n","    utils.go:77: \u001b[31m0box-sdk        [INFO]   2023/04/26 10:04:18.103654 sdk.go:78: ******* Storage SDK Version: v1.8.13-45-g29b9769 *******\n","    utils.go:77: \u001b[31m0chain-core-sdk [INFO]   2023/04/26 10:04:18.132124 transaction_base.go:139: ******* Wallet SDK Version:v1.8.13-45-g29b9769 ******* (InitZCNSDK)\n","    utils.go:77: \u001b[31m0box-sdk        [DEBUG]  2023/04/26 10:04:18.145890 networkworker.go:105: Get network result:{\"miners\":[\"https://dev-5.devnet-0chain.net/miner02\",\"https://dev-5.devnet-0chain.net/miner01\",\"https://dev-5.devnet-0chain.net/miner03\"],\"sharders\":[\"https://dev-5.devnet-0chain.net/sharder02\",\"https://dev-5.devnet-0chain.net/sharder01\"]}\n","    utils.go:77: \u001b[31m0box-sdk        [INFO]   2023/04/26 10:04:18.165963 sdk.go:1409: estimate txn fee{fee 18 10000000000  \u003cnil\u003e} {txn 23 0  0xc00041c680}\n","    utils.go:77: \u001b[31m0box-sdk        \u001b[31m[ERROR]  2023/04/26 10:04:48.405855 sdk.go:1442: Error verifying the transaction[txn] too less sharders to confirm it: min_confirmation is 50%, but got 0/2 sharders\n","    utils.go:77: \u001b[31mhttps://dev-5.devnet-0chain.net/sharder01/v1/transaction/get/confirmation?hash=726a4a330af3dfd61df6eac1fbbedbd37d3fc3369d1cfa2cbbbce91d91adecd8: [400] {\"code\":\"entity_not_found\",\"error\":\"entity_not_found: txn_summary not found with id = 726a4a330af3dfd61df6eac1fbbedbd37d3fc3369d1cfa2cbbbce91d91adecd8\"}\n","    utils.go:77: \u001b[31mhttps://dev-5.devnet-0chain.net/sharder02/v1/transaction/get/confirmation?hash=726a4a330af3dfd61df6eac1fbbedbd37d3fc3369d1cfa2cbbbce91d91adecd8: [400] {\"code\":\"entity_not_found\",\"error\":\"entity_not_found: txn_summary not found with id = 726a4a330af3dfd61df6eac1fbbedbd37d3fc3369d1cfa2cbbbce91d91adecd8\"}\n","    utils.go:77: \u001b[31m726a4a330af3dfd61df6eac1fbbedbd37d3fc3369d1cfa2cbbbce91d91adecd8\u001b[0m\n","    utils.go:77: \u001b[31mError creating allocation: [txn] too less sharders to confirm it: min_confirmation is 50%, but got 0/2 sharders\n","    assertions.go:264: \n","        \tError Trace:\t/root/actions-runner5/_work/system_test/system_test/tests/cli_tests/zboxcli_update_allocation_test.go:894\n","        \t            \t\t\t\t/root/actions-runner5/_work/system_test/system_test/tests/cli_tests/zboxcli_update_allocation_test.go:864\n","        \t            \t\t\t\t/root/actions-runner5/_work/system_test/system_test/tests/cli_tests/zboxcli_file_download_test.go:1388\n","        \t            \t\t\t\t/root/actions-runner5/_work/system_test/system_test/tests/cli_tests/zboxcli_file_download_test.go:1301\n","        \t            \t\t\t\t/root/actions-runner5/_work/system_test/system_test/tests/cli_tests/system_test_framework.go:93\n","        \t            \t\t\t\t/root/actions-runner5/_work/system_test/system_test/tests/cli_tests/asm_amd64.s:1598\n","        \tError:      \tReceived unexpected error:\n","        \t            \texit status 1\n","        \tTest:       \tTestDownload/Download_Moved_File_Should_Work\n","        \tMessages:   \tcreate new allocation failed%!(EXTRA string=Error creating allocation: [txn] too less sharders to confirm it: min_confirmation is 50%, but got 0/2 sharders\n","        \t            \thttps://dev-5.devnet-0chain.net/sharder01/v1/transaction/get/confirmation?hash=cf4e128dccbbbf250e6f58cdba09021897c50abfbf81b755d1dc01e4df2cd91c: [400] {\"code\":\"entity_not_found\",\"error\":\"entity_not_found: txn_summary not found with id = cf4e128dccbbbf250e6f58cdba09021897c50abfbf81b755d1dc01e4df2cd91c\"}\n","        \t            \thttps://dev-5.devnet-0chain.net/sharder02/v1/transaction/get/confirmation?hash=cf4e128dccbbbf250e6f58cdba09021897c50abfbf81b755d1dc01e4df2cd91c: [400] {\"code\":\"entity_not_found\",\"error\":\"entity_not_found: txn_summary not found with id = cf4e128dccbbbf250e6f58cdba09021897c50abfbf81b755d1dc01e4df2cd91c\"})\n","    zboxcli_file_download_test.go:1296: Test case [Download Moved File Should Work] exit at [04-26-2023 10:04:48]\n",""],"Passed":false,"Skipped":false,"TestFileName":"","TestFunctionDetail":{"Line":0,"Col":0}}]},{"FailureIndicator":"","SkippedIndicator":"","TestResults":[{"TestName":"TestDownload/Download_Non-Existent_File_Should_Fail","Package":"github.com/0chain/system_test/tests/cli_tests","ElapsedTime":36.54,"Output":["","    zboxcli_file_download_test.go:1165: Test case [Download Non-Existent File Should Fail] scheduled at [04-26-2023 09:54:56] \n","","","    system_test_framework.go:92: Test case [Download Non-Existent File Should Fail] start at [04-26-2023 09:56:42] \n","    zwalletcli_register_wallet_test.go:128: Registering wallet...\n","    zboxcli_update_allocation_test.go:1004: Executing faucet...\n","    zwalletcli_register_wallet_test.go:143: faucet output: [No wallet in path  config/TestDownload-Download_Non-Existent_File_Should_Fail_wallet.json found. Creating wallet... ZCN wallet created!! Execute faucet smart contract success with txn :  a6424a64d34751d063dbc466a53dcb372004411c399da986d75ecf8b57f2bf34]\n","    zboxcli_update_allocation_test.go:1004: Executing faucet...\n","    zboxcli_create_allocation_test.go:440: Creating new allocation...\n","    zboxcli_download_token_test.go:132: Locking read tokens...\n","    utils.go:138: Waiting 15s...\n","    zboxcli_file_download_test.go:1408: Downloading file...\n","    zboxcli_file_download_test.go:1165: Test case [Download Non-Existent File Should Fail] exit at [04-26-2023 09:57:19]\n","--- PASS: TestDownload/Download_Non-Existent_File_Should_Fail (36.54s)",""],"Passed":true,"Skipped":false,"TestFileName":"","TestFunctionDetail":{"Line":0,"Col":0}}]},{"FailureIndicator":"","SkippedIndicator":"","TestResults":[{"TestName":"TestDownload/Download_Shared_Encrypted_File_Should_Work","Package":"github.com/0chain/system_test/tests/cli_tests","ElapsedTime":68.53,"Output":["","    zboxcli_file_download_test.go:371: Test case [Download Shared Encrypted File Should Work] scheduled at [04-26-2023 09:54:56] \n","","","    system_test_framework.go:92: Test case [Download Shared Encrypted File Should Work] start at [04-26-2023 09:54:56] \n","    zwalletcli_register_wallet_test.go:128: Registering wallet...\n","    zboxcli_update_allocation_test.go:1004: Executing faucet...\n","    zwalletcli_register_wallet_test.go:143: faucet output: [No wallet in path  config/TestDownload-Download_Shared_Encrypted_File_Should_Work_viewer_wallet.json found. Creating wallet... ZCN wallet created!! Execute faucet smart contract success with txn :  011afaad0aeb523eb1355d2177728a51c37d2bac3c78c7488b7cb1bc9f8bcbb4]\n","    zboxcli_update_allocation_test.go:1004: Executing faucet...\n","    zboxcli_download_token_test.go:132: Locking read tokens...\n","    zwalletcli_register_wallet_test.go:220: Getting wallet...\n","    utils.go:138: Waiting 15s...\n","    zboxcli_file_download_test.go:1408: Downloading file...\n","    utils.go:138: Waiting 15s...\n","    zboxcli_file_download_test.go:1408: Downloading file...\n","    zboxcli_file_download_test.go:371: Test case [Download Shared Encrypted File Should Work] exit at [04-26-2023 09:56:04]\n","--- PASS: TestDownload/Download_Shared_Encrypted_File_Should_Work (68.53s)",""],"Passed":true,"Skipped":false,"TestFileName":"","TestFunctionDetail":{"Line":0,"Col":0}}]},{"FailureIndicator":"","SkippedIndicator":"","TestResults":[{"TestName":"TestDownload/Download_Shared_Encrypted_File_Should_Work/Share_File_from_Another_Wallet","Package":"github.com/0chain/system_test/tests/cli_tests","ElapsedTime":21.76,"Output":["","    zboxcli_file_download_test.go:387: Test case [Share File from Another Wallet] scheduled at [04-26-2023 09:55:12] \n","    zboxcli_file_download_test.go:387: [WARN] Not running test case [Share File from Another Wallet] in parallel as it is a child test. Use t.Unwrap.run() then t.Parallel() if you wish to do this.\n","    system_test_framework.go:92: Test case [Share File from Another Wallet] start at [04-26-2023 09:55:12] \n","    zwalletcli_register_wallet_test.go:128: Registering wallet...\n","    zboxcli_update_allocation_test.go:1004: Executing faucet...\n","    zwalletcli_register_wallet_test.go:143: faucet output: [No wallet in path  config/TestDownload-Download_Shared_Encrypted_File_Should_Work-Share_File_from_Another_Wallet_wallet.json found. Creating wallet... ZCN wallet created!! Execute faucet smart contract success with txn :  850d3fa92ca24e62698b4fede67d443580aed3b70714163988be02d61ef381f1]\n","    zboxcli_update_allocation_test.go:1004: Executing faucet...\n","    zboxcli_create_allocation_test.go:440: Creating new allocation...\n","    zboxcli_download_token_test.go:132: Locking read tokens...\n","    zboxcli_file_upload_test.go:766: Uploading file...\n","    zboxcli_list_file_test.go:619: Sharing file/folder...\n","    zboxcli_file_download_test.go:387: Test case [Share File from Another Wallet] exit at [04-26-2023 09:55:34]\n","--- PASS: TestDownload/Download_Shared_Encrypted_File_Should_Work/Share_File_from_Another_Wallet (21.76s)",""],"Passed":true,"Skipped":false,"TestFileName":"","TestFunctionDetail":{"Line":0,"Col":0}}]},{"FailureIndicator":"","SkippedIndicator":"","TestResults":[{"TestName":"TestDownload/Download_Shared_File_Should_Work","Package":"github.com/0chain/system_test/tests/cli_tests","ElapsedTime":53.45,"Output":["","    zboxcli_file_download_test.go:274: Test case [Download Shared File Should Work] scheduled at [04-26-2023 09:54:56] \n","","","    system_test_framework.go:92: Test case [Download Shared File Should Work] start at [04-26-2023 09:54:56] \n","    zwalletcli_register_wallet_test.go:128: Registering wallet...\n","    zboxcli_update_allocation_test.go:1004: Executing faucet...\n","    zwalletcli_register_wallet_test.go:143: faucet output: [No wallet in path  config/TestDownload-Download_Shared_File_Should_Work_wallet.json found. Creating wallet... ZCN wallet created!! Execute faucet smart contract success with txn :  56e6786473ac30cdcec02478ea57c0e4ec30074f7f1500c92833cba67c1a4f74]\n","    zboxcli_update_allocation_test.go:1004: Executing faucet...\n","    zboxcli_download_token_test.go:132: Locking read tokens...\n","    utils.go:138: Waiting 15s...\n","    zboxcli_file_download_test.go:1408: Downloading file...\n","    zboxcli_file_download_test.go:1424: Generating checksum for file [tmp/m-gswck36Q_test.txt]...\n","    zboxcli_file_download_test.go:274: Test case [Download Shared File Should Work] exit at [04-26-2023 09:55:49]\n","--- PASS: TestDownload/Download_Shared_File_Should_Work (53.45s)",""],"Passed":true,"Skipped":false,"TestFileName":"","TestFunctionDetail":{"Line":0,"Col":0}}]},{"FailureIndicator":"","SkippedIndicator":"","TestResults":[{"TestName":"TestDownload/Download_Shared_File_Should_Work/Share_File_from_Another_Wallet","Package":"github.com/0chain/system_test/tests/cli_tests","ElapsedTime":21.98,"Output":["","    zboxcli_file_download_test.go:281: Test case [Share File from Another Wallet] scheduled at [04-26-2023 09:54:56] \n","    zboxcli_file_download_test.go:281: [WARN] Not running test case [Share File from Another Wallet] in parallel as it is a child test. Use t.Unwrap.run() then t.Parallel() if you wish to do this.\n","    system_test_framework.go:92: Test case [Share File from Another Wallet] start at [04-26-2023 09:54:56] \n","    zwalletcli_register_wallet_test.go:128: Registering wallet...\n","    zboxcli_update_allocation_test.go:1004: Executing faucet...\n","    zwalletcli_register_wallet_test.go:143: faucet output: [No wallet in path  config/TestDownload-Download_Shared_File_Should_Work-Share_File_from_Another_Wallet_wallet.json found. Creating wallet... ZCN wallet created!! Execute faucet smart contract success with txn :  abe2637f405829c4a4baae045be03e5d9bc710f29795559093e0b7bb5602ef0f]\n","    zboxcli_update_allocation_test.go:1004: Executing faucet...\n","    zboxcli_create_allocation_test.go:440: Creating new allocation...\n","    zboxcli_download_token_test.go:132: Locking read tokens...\n","    zboxcli_file_upload_test.go:808: Uploading file /tmp/m-gswck36Q_test.txt to allocation e30858708e86829d182c2b08a1a495ccf68e987e5f44de9efc1e6f7ab15ebb49 with remotepath /m-gswck36Q_test.txt\n","    zboxcli_file_upload_test.go:766: Uploading file...\n","    zboxcli_file_download_test.go:1424: Generating checksum for file [/tmp/m-gswck36Q_test.txt]...\n","    zboxcli_list_file_test.go:619: Sharing file/folder...\n","    zboxcli_file_download_test.go:281: Test case [Share File from Another Wallet] exit at [04-26-2023 09:55:18]\n","--- PASS: TestDownload/Download_Shared_File_Should_Work/Share_File_from_Another_Wallet (21.98s)",""],"Passed":true,"Skipped":false,"TestFileName":"","TestFunctionDetail":{"Line":0,"Col":0}}]},{"FailureIndicator":"","SkippedIndicator":"","TestResults":[{"TestName":"TestDownload/Download_Shared_File_by_Paying_Should_Work","Package":"github.com/0chain/system_test/tests/cli_tests","ElapsedTime":48.04,"Output":["","    zboxcli_file_download_test.go:608: Test case [Download Shared File by Paying Should Work] scheduled at [04-26-2023 09:54:56] \n","","","    system_test_framework.go:92: Test case [Download Shared File by Paying Should Work] start at [04-26-2023 09:55:41] \n","    zwalletcli_register_wallet_test.go:128: Registering wallet...\n","    zboxcli_update_allocation_test.go:1004: Executing faucet...\n","    zwalletcli_register_wallet_test.go:143: faucet output: [No wallet in path  config/TestDownload-Download_Shared_File_by_Paying_Should_Work_wallet.json found. Creating wallet... ZCN wallet created!! Execute faucet smart contract success with txn :  634053689284262b088ca57ef829da894505b5bf4f9282fd2f130b397fb7625a]\n","    zboxcli_update_allocation_test.go:1004: Executing faucet...\n","    zboxcli_download_token_test.go:132: Locking read tokens...\n","    utils.go:138: Waiting 15s...\n","    zboxcli_file_download_test.go:1408: Downloading file...\n","    zboxcli_file_download_test.go:608: Test case [Download Shared File by Paying Should Work] exit at [04-26-2023 09:56:29]\n","--- PASS: TestDownload/Download_Shared_File_by_Paying_Should_Work (48.04s)",""],"Passed":true,"Skipped":false,"TestFileName":"","TestFunctionDetail":{"Line":0,"Col":0}}]},{"FailureIndicator":"","SkippedIndicator":"","TestResults":[{"TestName":"TestDownload/Download_Shared_File_by_Paying_Should_Work/Share_File_from_Another_Wallet","Package":"github.com/0chain/system_test/tests/cli_tests","ElapsedTime":16.59,"Output":["","    zboxcli_file_download_test.go:615: Test case [Share File from Another Wallet] scheduled at [04-26-2023 09:55:41] \n","    zboxcli_file_download_test.go:615: [WARN] Not running test case [Share File from Another Wallet] in parallel as it is a child test. Use t.Unwrap.run() then t.Parallel() if you wish to do this.\n","    system_test_framework.go:92: Test case [Share File from Another Wallet] start at [04-26-2023 09:55:41] \n","    zwalletcli_register_wallet_test.go:128: Registering wallet...\n","    zboxcli_update_allocation_test.go:1004: Executing faucet...\n","    zwalletcli_register_wallet_test.go:143: faucet output: [No wallet in path  config/TestDownload-Download_Shared_File_by_Paying_Should_Work-Share_File_from_Another_Wallet_wallet.json found. Creating wallet... ZCN wallet created!! Execute faucet smart contract success with txn :  0ce6fe9018639f6412d23b530892a08a0f71afc268fcca26eeb1b246c4777839]\n","    zboxcli_update_allocation_test.go:1004: Executing faucet...\n","    zboxcli_create_allocation_test.go:440: Creating new allocation...\n","    zboxcli_file_upload_test.go:808: Uploading file /tmp/2X-6t7G7vZ_test.txt to allocation aa9159bf50c918a0ad76d1c0c30cf2f970f1beb9456030eaa830ed188507408e with remotepath /2X-6t7G7vZ_test.txt\n","    zboxcli_file_upload_test.go:766: Uploading file...\n","    zboxcli_list_file_test.go:619: Sharing file/folder...\n","    zboxcli_file_download_test.go:615: Test case [Share File from Another Wallet] exit at [04-26-2023 09:55:57]\n","--- PASS: TestDownload/Download_Shared_File_by_Paying_Should_Work/Share_File_from_Another_Wallet (16.59s)",""],"Passed":true,"Skipped":false,"TestFileName":"","TestFunctionDetail":{"Line":0,"Col":0}}]},{"FailureIndicator":"","SkippedIndicator":"","TestResults":[{"TestName":"TestDownload/Download_Shared_File_without_Paying_Should_Not_Work","Package":"github.com/0chain/system_test/tests/cli_tests","ElapsedTime":49.38,"Output":["","    zboxcli_file_download_test.go:561: Test case [Download Shared File without Paying Should Not Work] scheduled at [04-26-2023 09:54:56] \n","","","    system_test_framework.go:92: Test case [Download Shared File without Paying Should Not Work] start at [04-26-2023 09:55:41] \n","    zwalletcli_register_wallet_test.go:128: Registering wallet...\n","    zboxcli_update_allocation_test.go:1004: Executing faucet...\n","    zwalletcli_register_wallet_test.go:143: faucet output: [No wallet in path  config/TestDownload-Download_Shared_File_without_Paying_Should_Not_Work_wallet.json found. Creating wallet... ZCN wallet created!! Execute faucet smart contract success with txn :  72a42e3f0cdf816c3986c9cfbabab3c7bd08cabe4860474ddcccca8000eefb27]\n","    utils.go:138: Waiting 15s...\n","    zboxcli_file_download_test.go:1408: Downloading file...\n","    utils.go:67: \u001b[33mCommand failed on attempt [1/3] due to error [exit status 1]. Output: [0 / 10    0.00% 0 / 10    0.00% 0s -\u003cNEWLINE\u003e- Error in file operation: Download failed for block 1. -\u003cNEWLINE\u003e- download_failed: 3 failed blobbers exceeded 2 remaining blobbers. Download errors: Error Unsuccessful download. Error: response_error: download_file: pre-redeeming read marker: read_pre_redeem: not enough tokens in client's read pools associated with the allocation-\u003eblobber from https://dev-5.devnet-0chain.net/blobber02 Error Unsuccessful download. Error: response_error: download_file: pre-redeeming read marker: read_pre_redeem: not enough tokens in client's read pools associated with the allocation-\u003eblobber from https://dev-5.devnet-0chain.net/blobber04 Error Unsuccessful download. Error: response_error: download_file: pre-redeeming read marker: read_pre_redeem: not enough tokens in client's read pools associated with the allocation-\u003eblobber from https://dev-5.devnet-0chain.net/blobber03]\n","    utils.go:67: \u001b[33mCommand failed on attempt [2/3] due to error [exit status 1]. Output: [0 / 10    0.00% 0 / 10    0.00% 0s -\u003cNEWLINE\u003e- Error in file operation: Download failed for block 1. -\u003cNEWLINE\u003e- download_failed: 3 failed blobbers exceeded 2 remaining blobbers. Download errors: Error Unsuccessful download. Error: response_error: download_file: pre-redeeming read marker: read_pre_redeem: not enough tokens in client's read pools associated with the allocation-\u003eblobber from https://dev-5.devnet-0chain.net/blobber02 Error Unsuccessful download. Error: response_error: download_file: pre-redeeming read marker: read_pre_redeem: not enough tokens in client's read pools associated with the allocation-\u003eblobber from https://dev-5.devnet-0chain.net/blobber03 Error Unsuccessful download. Error: response_error: download_file: pre-redeeming read marker: read_pre_redeem: not enough tokens in client's read pools associated with the allocation-\u003eblobber from https://dev-5.devnet-0chain.net/blobber04]\n","    utils.go:70: \u001b[31mCommand failed on final attempt [3/3] due to error [exit status 1]. Command String: [./zbox download --authticket eyJjbGllbnRfaWQiOiIiLCJvd25lcl9pZCI6IjA5ODY5YmVlZDQ0NTk2ODU3ZmQyMjZiYzUyYjU1NGVjZTY4MTZhZmQ4NjlkNjRhZjlmZTQwOTFiYjgzYTlmZDciLCJhbGxvY2F0aW9uX2lkIjoiYTk2OGYwZDU5MDlhMmExZmNmYjI4MTVlMjg1Njk0MjExNjkwOGYyYzNmMDc0YWU2YzU3ZDYyODdiOTlkZTFjMyIsImZpbGVfcGF0aF9oYXNoIjoiNmExMGQ3NzU3ZTljM2E3MGJmOGRkODI3ODY2ZTdlODA2Yzk2NzMyNTg1Yzc1NzFhYzhjZmQ1ODljYTk2ZmRlOCIsImFjdHVhbF9maWxlX2hhc2giOiJlZThjNjE3MmU3MTU1NGExNjgyYjA2ZWIyMDY1MTJmYmRhM2U5OWY3NDY1MDFhMWQ2NjI5MDQ1YTY2ZGE1M2QzIiwiZmlsZV9uYW1lIjoidy1tWEk4REUzZl90ZXN0LnR4dCIsInJlZmVyZW5jZV90eXBlIjoiZiIsImV4cGlyYXRpb24iOjAsInRpbWVzdGFtcCI6MTY4MjQ5NTc2MywiZW5jcnlwdGVkIjpmYWxzZSwic2lnbmF0dXJlIjoiZjE5NDY5YzE3NzA1MzkwMDAwZTNkYWE5MTZmZTJjMGQzZTlmMGY5OTM2ZmExYTRiMmFkMzc1YjgxNGU5MGEwYyJ9 --localpath tmp/ --silent --wallet TestDownload-Download_Shared_File_without_Paying_Should_Not_Work_wallet.json --configDir ./config --config ./zbox_config.yaml] Output: [","0 / 10    0.00% 0 / 10    0.00% 0s -\u003cNEWLINE\u003e- Error in file operation: Download failed for block 1. -\u003cNEWLINE\u003e- download_failed: 3 failed blobbers exceeded 2 remaining blobbers. Download errors: Error Unsuccessful download. Error: response_error: download_file: pre-redeeming read marker: read_pre_redeem: not enough tokens in client's read pools associated with the allocation-\u003eblobber from https://dev-5.devnet-0chain.net/blobber02 Error Unsuccessful download. Error: response_error: download_file: pre-redeeming read marker: read_pre_redeem: not enough tokens in client's read pools associated with the allocation-\u003eblobber from https://dev-5.devnet-0chain.net/blobber04 Error Unsuccessful download. Error: response_error: download_file: pre-redeeming read marker: read_pre_redeem: not enough tokens in client's read pools associated with the allocation-\u003eblobber from https://dev-5.devnet-0chain.net/blobber03]\n","    utils.go:73: \u001b[31mThe verbose output for the command is:\n","    utils.go:77: \u001b[31m0chain-core-sdk [INFO]   2023/04/26 09:56:30.756842 wallet_base.go:311: ******* Wallet SDK Version:v1.8.13-45-g29b9769 ******* (SetLogFile)\n","    utils.go:77: \u001b[31m0box-sdk        [INFO]   2023/04/26 09:56:30.756895 sdk.go:78: ******* Storage SDK Version: v1.8.13-45-g29b9769 *******\n","    utils.go:77: \u001b[31m0chain-core-sdk [INFO]   2023/04/26 09:56:30.779669 transaction_base.go:139: ******* Wallet SDK Version:v1.8.13-45-g29b9769 ******* (InitZCNSDK)\n","    utils.go:77: \u001b[31m0box-sdk        [DEBUG]  2023/04/26 09:56:30.787918 networkworker.go:105: Get network result:{\"miners\":[\"https://dev-5.devnet-0chain.net/miner02\",\"https://dev-5.devnet-0chain.net/miner01\",\"https://dev-5.devnet-0chain.net/miner03\"],\"sharders\":[\"https://dev-5.devnet-0chain.net/sharder02\",\"https://dev-5.devnet-0chain.net/sharder01\"]}\n","    utils.go:77: \u001b[31m0box-sdk        [INFO]   2023/04/26 09:56:30.799341 allocation.go:282: received a download request for\n","    utils.go:77: \u001b[31m0box-sdk        [INFO]   2023/04/26 09:56:30.806452 filemetaworker.go:74: File Meta result:{\"actual_file_hash\":\"ee8c6172e71554a1682b06eb206512fbda3e99f746501a1d6629045a66da53d3\",\"actual_file_hash_signature\":\"76d39e4d7f835480f1025b5980aae2e3fa6d690780bb2fe9eb1f0b2906ae7b06\",\"actual_file_size\":10,\"actual_thumbnail_hash\":\"\",\"actual_thumbnail_size\":0,\"allocation_id\":\"a968f0d5909a2a1fcfb2815e2856942116908f2c3f074ae6c57d6287b99de1c3\",\"chunk_size\":65536,\"commit_meta_txns\":[],\"created_at\":1682495762,\"custom_meta\":\"\",\"encrypted_key\":\"\",\"file_id\":\"e36f0111-2bed-5a51-9495-77194348cd7d\",\"file_meta_hash\":\"99b5a4d114c4939e4eb5b5aa066378e7e8b7c3a08b103f251aeb8c5288b151bb\",\"fixed_merkle_root\":\"791088f126292218e019c809f4defa1c77054fa595611139b3712f638fcfaf90\",\"hash\":\"ef26b7c320bba8b2aa404fd9ad42b9e4b77806b641d5f077dd38849bcfe3cb8f\",\"is_temp\":true,\"lookup_hash\":\"6a10d7757e9c3a70bf8dd827866e7e806c96732585c7571ac8cfd589ca96fde8\",\"mimetype\":\"application/octet-stream\",\"name\":\"w-mXI8DE3f_test.txt\",\"num_of_bloc","ks\":1,\"path_hash\":\"6a10d7757e9c3a70bf8dd827866e7e806c96732585c7571ac8cfd589ca96fde8\",\"prev_thumbnail_hash\":\"\",\"prev_validation_root\":\"\",\"size\":5,\"thumbnail_filename\":\"\",\"thumbnail_hash\":\"\",\"thumbnail_size\":0,\"type\":\"f\",\"updated_at\":1682495762,\"validation_root\":\"e8eda64c88d277e0e6122aa3d7f945325f883c4505cd3bdcde97eb413265b996\",\"validation_root_signature\":\"919846feea418773403874f76e6e3b9319212a29d286c2dc48cb420ddcfb6915\"}\n","    utils.go:77: \u001b[31m0box-sdk        [DEBUG]  2023/04/26 09:56:30.806481 filemetaworker.go:75: File meta response status: 200 OK\n","    utils.go:77: \u001b[31m0box-sdk        [INFO]   2023/04/26 09:56:30.806458 filemetaworker.go:74: File Meta result:{\"actual_file_hash\":\"ee8c6172e71554a1682b06eb206512fbda3e99f746501a1d6629045a66da53d3\",\"actual_file_hash_signature\":\"76d39e4d7f835480f1025b5980aae2e3fa6d690780bb2fe9eb1f0b2906ae7b06\",\"actual_file_size\":10,\"actual_thumbnail_hash\":\"\",\"actual_thumbnail_size\":0,\"allocation_id\":\"a968f0d5909a2a1fcfb2815e2856942116908f2c3f074ae6c57d6287b99de1c3\",\"chunk_size\":65536,\"commit_meta_txns\":[],\"created_at\":1682495762,\"custom_meta\":\"\",\"encrypted_key\":\"\",\"file_id\":\"e36f0111-2bed-5a51-9495-77194348cd7d\",\"file_meta_hash\":\"99b5a4d114c4939e4eb5b5aa066378e7e8b7c3a08b103f251aeb8c5288b151bb\",\"fixed_merkle_root\":\"a8d7b8cdeb75a79518e25f8ce79840ee3cd1ab4ea6a501a732e172284741734c\",\"hash\":\"10d333130d847b9872756a0583e7f2e3108bb3e477ab2c3705bd2ef9781307f2\",\"is_temp\":true,\"lookup_hash\":\"6a10d7757e9c3a70bf8dd827866e7e806c96732585c7571ac8cfd589ca96fde8\",\"mimetype\":\"application/octet-stream\",\"name\":\"w-mXI8DE3f_test.txt\",\"num_of_bloc","ks\":1,\"path_hash\":\"6a10d7757e9c3a70bf8dd827866e7e806c96732585c7571ac8cfd589ca96fde8\",\"prev_thumbnail_hash\":\"\",\"prev_validation_root\":\"\",\"size\":5,\"thumbnail_filename\":\"\",\"thumbnail_hash\":\"\",\"thumbnail_size\":0,\"type\":\"f\",\"updated_at\":1682495762,\"validation_root\":\"3dd7b9e4e141a9da6937e27780afea111b096335f6a27a1eb9f3ce483972d440\",\"validation_root_signature\":\"b30ca5d6a9b3ad5720b936e73c4e3356d59111d9ee018905d40fa1477a570a15\"}\n","    utils.go:77: \u001b[31m0box-sdk        [DEBUG]  2023/04/26 09:56:30.806570 filemetaworker.go:75: File meta response status: 200 OK\n","    utils.go:77: \u001b[31m0box-sdk        [INFO]   2023/04/26 09:56:30.806456 filemetaworker.go:74: File Meta result:{\"actual_file_hash\":\"ee8c6172e71554a1682b06eb206512fbda3e99f746501a1d6629045a66da53d3\",\"actual_file_hash_signature\":\"76d39e4d7f835480f1025b5980aae2e3fa6d690780bb2fe9eb1f0b2906ae7b06\",\"actual_file_size\":10,\"actual_thumbnail_hash\":\"\",\"actual_thumbnail_size\":0,\"allocation_id\":\"a968f0d5909a2a1fcfb2815e2856942116908f2c3f074ae6c57d6287b99de1c3\",\"chunk_size\":65536,\"commit_meta_txns\":[],\"created_at\":1682495762,\"custom_meta\":\"\",\"encrypted_key\":\"\",\"file_id\":\"e36f0111-2bed-5a51-9495-77194348cd7d\",\"file_meta_hash\":\"99b5a4d114c4939e4eb5b5aa066378e7e8b7c3a08b103f251aeb8c5288b151bb\",\"fixed_merkle_root\":\"54a664621e93d9dec87d5a0a1a5b060bc2e97fbf98b326f6d241ba98edd66166\",\"hash\":\"465aee32337d975152f8dca43f7ac751e481690e9f513e2a77a9208ce02efc5c\",\"is_temp\":true,\"lookup_hash\":\"6a10d7757e9c3a70bf8dd827866e7e806c96732585c7571ac8cfd589ca96fde8\",\"mimetype\":\"application/octet-stream\",\"name\":\"w-mXI8DE3f_test.txt\",\"num_of_bloc","ks\":1,\"path_hash\":\"6a10d7757e9c3a70bf8dd827866e7e806c96732585c7571ac8cfd589ca96fde8\",\"prev_thumbnail_hash\":\"\",\"prev_validation_root\":\"\",\"size\":5,\"thumbnail_filename\":\"\",\"thumbnail_hash\":\"\",\"thumbnail_size\":0,\"type\":\"f\",\"updated_at\":1682495762,\"validation_root\":\"16768953c822085f13f6706dde89f7fe90c756aaed2d359f75c20a2a609565d3\",\"validation_root_signature\":\"ebd67e4c5f4c2f6716be0cb56bedfc106d28fcba8bfed0614ec67ebe669f2584\"}\n","    utils.go:77: \u001b[31m0box-sdk        [DEBUG]  2023/04/26 09:56:30.806673 filemetaworker.go:75: File meta response status: 200 OK\n","    utils.go:77: \u001b[31m0box-sdk        [INFO]   2023/04/26 09:56:30.817216 filemetaworker.go:74: File Meta result:{\"actual_file_hash\":\"ee8c6172e71554a1682b06eb206512fbda3e99f746501a1d6629045a66da53d3\",\"actual_file_hash_signature\":\"76d39e4d7f835480f1025b5980aae2e3fa6d690780bb2fe9eb1f0b2906ae7b06\",\"actual_file_size\":10,\"actual_thumbnail_hash\":\"\",\"actual_thumbnail_size\":0,\"allocation_id\":\"a968f0d5909a2a1fcfb2815e2856942116908f2c3f074ae6c57d6287b99de1c3\",\"chunk_size\":65536,\"commit_meta_txns\":[],\"created_at\":1682495762,\"custom_meta\":\"\",\"encrypted_key\":\"\",\"file_id\":\"e36f0111-2bed-5a51-9495-77194348cd7d\",\"file_meta_hash\":\"99b5a4d114c4939e4eb5b5aa066378e7e8b7c3a08b103f251aeb8c5288b151bb\",\"fixed_merkle_root\":\"335c60a1acd48d9dfae4a23924461a64a653d919572f0e56f0b94b63fb27ac4c\",\"hash\":\"4f2822a5ec67adb549ae614150d18ff9086be22785855e359e79c0f6a92f7781\",\"is_temp\":true,\"lookup_hash\":\"6a10d7757e9c3a70bf8dd827866e7e806c96732585c7571ac8cfd589ca96fde8\",\"mimetype\":\"application/octet-stream\",\"name\":\"w-mXI8DE3f_test.txt\",\"num_of_bloc","ks\":1,\"path_hash\":\"6a10d7757e9c3a70bf8dd827866e7e806c96732585c7571ac8cfd589ca96fde8\",\"prev_thumbnail_hash\":\"\",\"prev_validation_root\":\"\",\"size\":5,\"thumbnail_filename\":\"\",\"thumbnail_hash\":\"\",\"thumbnail_size\":0,\"type\":\"f\",\"updated_at\":1682495762,\"validation_root\":\"810ad2d280490377fe072252ecb8b067a0a8a21c49eda28c1bf40a881e6e4400\",\"validation_root_signature\":\"66fb56701f9a48f81bba13cadc9e63a49082b4b5bc5ed6f529815ef440ec6090\"}\n","    utils.go:77: \u001b[31m0box-sdk        [DEBUG]  2023/04/26 09:56:30.817232 filemetaworker.go:75: File meta response status: 200 OK\n","    utils.go:77: \u001b[31m0box-sdk        [INFO]   2023/04/26 09:56:30.825365 downloadworker.go:361: Downloading file with size: 10 from start block: 0 and end block: 1. Actual size per blobber: 65536\n","    utils.go:77: \u001b[31m0 / 10    0.00%0box-sdk        [INFO]   2023/04/26 09:56:30.825547 downloadworker.go:430: Downloading block 0 - 1\n","    utils.go:77: \u001b[31m0box-sdk        \u001b[31m[ERROR]  2023/04/26 09:56:30.855097 downloadworker.go:208: Unsuccessful download. Error: response_error: download_file: pre-redeeming read marker: read_pre_redeem: not enough tokens in client's read pools associated with the allocation-\u003eblobber\u001b[0m\n","    utils.go:77: \u001b[31m0box-sdk        \u001b[31m[ERROR]  2023/04/26 09:56:30.856625 downloadworker.go:208: Unsuccessful download. Error: response_error: download_file: pre-redeeming read marker: read_pre_redeem: not enough tokens in client's read pools associated with the allocation-\u003eblobber\u001b[0m\n","    utils.go:77: \u001b[31m0box-sdk        \u001b[31m[ERROR]  2023/04/26 09:56:30.866557 downloadworker.go:208: Unsuccessful download. Error: response_error: download_file: pre-redeeming read marker: read_pre_redeem: not enough tokens in client's read pools associated with the allocation-\u003eblobber\u001b[0m\n","    utils.go:77: \u001b[31m0 / 10    0.00% 0s\n","    utils.go:77: \u001b[31mError in file operation: Download failed for block 1.\n","    utils.go:77: \u001b[31mdownload_failed: 3 failed blobbers exceeded 2 remaining blobbers. Download errors: Error Unsuccessful download. Error: response_error: download_file: pre-redeeming read marker: read_pre_redeem: not enough tokens in client's read pools associated with the allocation-\u003eblobber from https://dev-5.devnet-0chain.net/blobber03 Error Unsuccessful download. Error: response_error: download_file: pre-redeeming read marker: read_pre_redeem: not enough tokens in client's read pools associated with the allocation-\u003eblobber from https://dev-5.devnet-0chain.net/blobber04 Error Unsuccessful download. Error: response_error: download_file: pre-redeeming read marker: read_pre_redeem: not enough tokens in client's read pools associated with the allocation-\u003eblobber from https://dev-5.devnet-0chain.net/blobber02\n","    zboxcli_file_download_test.go:561: Test case [Download Shared File without Paying Should Not Work] exit at [04-26-2023 09:56:30]\n","--- PASS: TestDownload/Download_Shared_File_without_Paying_Should_Not_Work (49.38s)",""],"Passed":true,"Skipped":false,"TestFileName":"","TestFunctionDetail":{"Line":0,"Col":0}}]},{"FailureIndicator":"","SkippedIndicator":"","TestResults":[{"TestName":"TestDownload/Download_Shared_File_without_Paying_Should_Not_Work/Share_File_from_Another_Wallet","Package":"github.com/0chain/system_test/tests/cli_tests","ElapsedTime":21.74,"Output":["","    zboxcli_file_download_test.go:568: Test case [Share File from Another Wallet] scheduled at [04-26-2023 09:55:41] \n","    zboxcli_file_download_test.go:568: [WARN] Not running test case [Share File from Another Wallet] in parallel as it is a child test. Use t.Unwrap.run() then t.Parallel() if you wish to do this.\n","    system_test_framework.go:92: Test case [Share File from Another Wallet] start at [04-26-2023 09:55:41] \n","    zwalletcli_register_wallet_test.go:128: Registering wallet...\n","    zboxcli_update_allocation_test.go:1004: Executing faucet...\n","    zwalletcli_register_wallet_test.go:143: faucet output: [No wallet in path  config/TestDownload-Download_Shared_File_without_Paying_Should_Not_Work-Share_File_from_Another_Wallet_wallet.json found. Creating wallet... ZCN wallet created!! Execute faucet smart contract success with txn :  fedfcfeece588e7401d23b3c179c52cb397027c436a8fbb07fe8dfdf3e5addc6]\n","    zboxcli_update_allocation_test.go:1004: Executing faucet...\n","    zboxcli_create_allocation_test.go:440: Creating new allocation...\n","    zboxcli_download_token_test.go:132: Locking read tokens...\n","    zboxcli_file_upload_test.go:808: Uploading file /tmp/w-mXI8DE3f_test.txt to allocation a968f0d5909a2a1fcfb2815e2856942116908f2c3f074ae6c57d6287b99de1c3 with remotepath /w-mXI8DE3f_test.txt\n","    zboxcli_file_upload_test.go:766: Uploading file...\n","    zboxcli_list_file_test.go:619: Sharing file/folder...\n","    zboxcli_file_download_test.go:568: Test case [Share File from Another Wallet] exit at [04-26-2023 09:56:03]\n","--- PASS: TestDownload/Download_Shared_File_without_Paying_Should_Not_Work/Share_File_from_Another_Wallet (21.74s)",""],"Passed":true,"Skipped":false,"TestFileName":"","TestFunctionDetail":{"Line":0,"Col":0}}]},{"FailureIndicator":"","SkippedIndicator":"","TestResults":[{"TestName":"TestDownload/Download_from_Allocation_without_other_Parameter_Should_Fail","Package":"github.com/0chain/system_test/tests/cli_tests","ElapsedTime":36.49,"Output":["","    zboxcli_file_download_test.go:1195: Test case [Download from Allocation without other Parameter Should Fail] scheduled at [04-26-2023 09:54:56] \n","","","    system_test_framework.go:92: Test case [Download from Allocation without other Parameter Should Fail] start at [04-26-2023 09:56:29] \n","    zwalletcli_register_wallet_test.go:128: Registering wallet...\n","    zboxcli_update_allocation_test.go:1004: Executing faucet...\n","    zwalletcli_register_wallet_test.go:143: faucet output: [No wallet in path  config/TestDownload-Download_from_Allocation_without_other_Parameter_Should_Fail_wallet.json found. Creating wallet... ZCN wallet created!! Execute faucet smart contract success with txn :  f1df2c536ce72eb04d6b7ddf5ef6d34dc25155e5ce9adc5d39a1bffd632e860e]\n","    zboxcli_update_allocation_test.go:1004: Executing faucet...\n","    zboxcli_create_allocation_test.go:440: Creating new allocation...\n","    zboxcli_download_token_test.go:132: Locking read tokens...\n","    utils.go:138: Waiting 15s...\n","    zboxcli_file_download_test.go:1408: Downloading file...\n","    zboxcli_file_download_test.go:1195: Test case [Download from Allocation without other Parameter Should Fail] exit at [04-26-2023 09:57:05]\n","--- PASS: TestDownload/Download_from_Allocation_without_other_Parameter_Should_Fail (36.49s)",""],"Passed":true,"Skipped":false,"TestFileName":"","TestFunctionDetail":{"Line":0,"Col":0}}]},{"FailureIndicator":"","SkippedIndicator":"","TestResults":[{"TestName":"TestDownload/Download_to_Non-Existent_Path_Should_Work","Package":"github.com/0chain/system_test/tests/cli_tests","ElapsedTime":36.81,"Output":["","    zboxcli_file_download_test.go:744: Test case [Download to Non-Existent Path Should Work] scheduled at [04-26-2023 09:54:56] \n","","","    system_test_framework.go:92: Test case [Download to Non-Existent Path Should Work] start at [04-26-2023 09:55:33] \n","    zwalletcli_register_wallet_test.go:128: Registering wallet...\n","    zboxcli_update_allocation_test.go:1004: Executing faucet...\n","    zwalletcli_register_wallet_test.go:143: faucet output: [No wallet in path  config/TestDownload-Download_to_Non-Existent_Path_Should_Work_wallet.json found. Creating wallet... ZCN wallet created!! Execute faucet smart contract success with txn :  094e4dc5295d34efc205c31ce897a2d5ada6e4df941342bd5f2245b1770383e4]\n","    zboxcli_update_allocation_test.go:1004: Executing faucet...\n","    zboxcli_create_allocation_test.go:440: Creating new allocation...\n","    zboxcli_download_token_test.go:132: Locking read tokens...\n","    zboxcli_file_upload_test.go:808: Uploading file /tmp/kVQ73Wg-RL_test.txt to allocation fb2cd1018bf01e1f96eac8a3667c6aa86be75c43dc699952e8458e2027a9b0a2 with remotepath /kVQ73Wg-RL_test.txt\n","    zboxcli_file_upload_test.go:766: Uploading file...\n","    zboxcli_file_download_test.go:1424: Generating checksum for file [/tmp/kVQ73Wg-RL_test.txt]...\n","    utils.go:138: Waiting 15s...\n","    zboxcli_file_download_test.go:1408: Downloading file...\n","    zboxcli_file_download_test.go:1424: Generating checksum for file [tmp/tmp2/kVQ73Wg-RL_test.txt]...\n","    zboxcli_file_download_test.go:744: Test case [Download to Non-Existent Path Should Work] exit at [04-26-2023 09:56:10]\n","--- PASS: TestDownload/Download_to_Non-Existent_Path_Should_Work (36.81s)",""],"Passed":true,"Skipped":false,"TestFileName":"","TestFunctionDetail":{"Line":0,"Col":0}}]},{"FailureIndicator":"","SkippedIndicator":"","TestResults":[{"TestName":"TestDownload/Download_with_endblock_less_than_startblock_should_fail","Package":"github.com/0chain/system_test/tests/cli_tests","ElapsedTime":36.97,"Output":["","    zboxcli_file_download_test.go:984: Test case [Download with endblock less than startblock should fail] scheduled at [04-26-2023 09:54:56] \n","","","    system_test_framework.go:92: Test case [Download with endblock less than startblock should fail] start at [04-26-2023 09:56:42] \n","    zwalletcli_register_wallet_test.go:128: Registering wallet...\n","    zboxcli_update_allocation_test.go:1004: Executing faucet...\n","    zwalletcli_register_wallet_test.go:143: faucet output: [No wallet in path  config/TestDownload-Download_with_endblock_less_than_startblock_should_fail_wallet.json found. Creating wallet... ZCN wallet created!! Execute faucet smart contract success with txn :  6f866b5c12eacce1dc9afed7ba603273161a39ac0ef2fd9107cb6f29da8ecf0d]\n","    zboxcli_update_allocation_test.go:1004: Executing faucet...\n","    zboxcli_create_allocation_test.go:440: Creating new allocation...\n","    zboxcli_download_token_test.go:132: Locking read tokens...\n","    zboxcli_file_upload_test.go:808: Uploading file /tmp/2IYIc3ZFm4_test.txt to allocation 71b05791775cee9d147f035220add353c6cf277dfaeabbf01676d3057c56fe92 with remotepath /2IYIc3ZFm4_test.txt\n","    zboxcli_file_upload_test.go:766: Uploading file...\n","    utils.go:138: Waiting 15s...\n","    zboxcli_file_download_test.go:1408: Downloading file...\n","    zboxcli_file_download_test.go:984: Test case [Download with endblock less than startblock should fail] exit at [04-26-2023 09:57:19]\n","--- PASS: TestDownload/Download_with_endblock_less_than_startblock_should_fail (36.97s)",""],"Passed":true,"Skipped":false,"TestFileName":"","TestFunctionDetail":{"Line":0,"Col":0}}]},{"FailureIndicator":"","SkippedIndicator":"","TestResults":[{"TestName":"TestDownload/Download_with_negative_endblock_should_fail","Package":"github.com/0chain/system_test/tests/cli_tests","ElapsedTime":36.93,"Output":["","    zboxcli_file_download_test.go:1047: Test case [Download with negative endblock should fail] scheduled at [04-26-2023 09:54:56] \n","","","    system_test_framework.go:92: Test case [Download with negative endblock should fail] start at [04-26-2023 09:56:26] \n","    zwalletcli_register_wallet_test.go:128: Registering wallet...\n","    zboxcli_update_allocation_test.go:1004: Executing faucet...\n","    zwalletcli_register_wallet_test.go:143: faucet output: [No wallet in path  config/TestDownload-Download_with_negative_endblock_should_fail_wallet.json found. Creating wallet... ZCN wallet created!! Execute faucet smart contract success with txn :  fddcdb458ab0c419e91eb85b700d616a765f1c23f853fa867e4916a7d60cc425]\n","    zboxcli_update_allocation_test.go:1004: Executing faucet...\n","    zboxcli_create_allocation_test.go:440: Creating new allocation...\n","    zboxcli_download_token_test.go:132: Locking read tokens...\n","    zboxcli_file_upload_test.go:808: Uploading file /tmp/weFT1ZUFOR_test.txt to allocation 9b2cf8a0ccf95c3c18a445c40120fb68fc8281986880a4e019864fb943296074 with remotepath /weFT1ZUFOR_test.txt\n","    zboxcli_file_upload_test.go:766: Uploading file...\n","    utils.go:138: Waiting 15s...\n","    zboxcli_file_download_test.go:1408: Downloading file...\n","    zboxcli_file_download_test.go:1047: Test case [Download with negative endblock should fail] exit at [04-26-2023 09:57:03]\n","--- PASS: TestDownload/Download_with_negative_endblock_should_fail (36.93s)",""],"Passed":true,"Skipped":false,"TestFileName":"","TestFunctionDetail":{"Line":0,"Col":0}}]},{"FailureIndicator":"","SkippedIndicator":"","TestResults":[{"TestName":"TestDownload/Download_with_negative_startblock_should_fail","Package":"github.com/0chain/system_test/tests/cli_tests","ElapsedTime":41.11,"Output":["","    zboxcli_file_download_test.go:1017: Test case [Download with negative startblock should fail] scheduled at [04-26-2023 09:54:56] \n","","","    system_test_framework.go:92: Test case [Download with negative startblock should fail] start at [04-26-2023 09:56:11] \n","    zwalletcli_register_wallet_test.go:128: Registering wallet...\n","    zboxcli_update_allocation_test.go:1004: Executing faucet...\n","    zwalletcli_register_wallet_test.go:143: faucet output: [No wallet in path  config/TestDownload-Download_with_negative_startblock_should_fail_wallet.json found. Creating wallet... ZCN wallet created!! Execute faucet smart contract success with txn :  2ced90d38a4d39ef915f4c1bd125decebb5de5efceb74b054f8f6892ade9fc98]\n","    zboxcli_update_allocation_test.go:1004: Executing faucet...\n","    zboxcli_create_allocation_test.go:440: Creating new allocation...\n","    zboxcli_download_token_test.go:132: Locking read tokens...\n","    zboxcli_file_upload_test.go:808: Uploading file /tmp/pbd6ho9aEi_test.txt to allocation 8e991835e632354e95b5ae56a7f1500c01ca5bd9cb9d572b83b4e3bf96c22879 with remotepath /pbd6ho9aEi_test.txt\n","    zboxcli_file_upload_test.go:766: Uploading file...\n","    utils.go:138: Waiting 15s...\n","    zboxcli_file_download_test.go:1408: Downloading file...\n","    utils.go:67: \u001b[33mCommand failed on attempt [1/3] due to error [exit status 1]. Output: [Error: start block should not be less than 1 -\u003cNEWLINE\u003e- Error in file operation: start block or end block or both cannot be negative.]\n","    utils.go:67: \u001b[33mCommand failed on attempt [2/3] due to error [exit status 1]. Output: [Error: start block should not be less than 1 -\u003cNEWLINE\u003e- Error in file operation: start block or end block or both cannot be negative.]\n","    utils.go:70: \u001b[31mCommand failed on final attempt [3/3] due to error [exit status 1]. Command String: [./zbox download --startblock -6 --allocation 8e991835e632354e95b5ae56a7f1500c01ca5bd9cb9d572b83b4e3bf96c22879 --remotepath /pbd6ho9aEi_test.txt --localpath tmp/ --silent --wallet TestDownload-Download_with_negative_startblock_should_fail_wallet.json --configDir ./config --config ./zbox_config.yaml] Output: [Error: start block should not be less than 1 -\u003cNEWLINE\u003e- Error in file operation: start block or end block or both cannot be negative.]\n","    utils.go:73: \u001b[31mThe verbose output for the command is:\n","    utils.go:77: \u001b[31m0chain-core-sdk [INFO]   2023/04/26 09:56:52.355099 wallet_base.go:311: ******* Wallet SDK Version:v1.8.13-45-g29b9769 ******* (SetLogFile)\n","    utils.go:77: \u001b[31m0box-sdk        [INFO]   2023/04/26 09:56:52.355134 sdk.go:78: ******* Storage SDK Version: v1.8.13-45-g29b9769 *******\n","    utils.go:77: \u001b[31m0chain-core-sdk [INFO]   2023/04/26 09:56:52.376692 transaction_base.go:139: ******* Wallet SDK Version:v1.8.13-45-g29b9769 ******* (InitZCNSDK)\n","    utils.go:77: \u001b[31m0box-sdk        [DEBUG]  2023/04/26 09:56:52.385621 networkworker.go:105: Get network result:{\"miners\":[\"https://dev-5.devnet-0chain.net/miner02\",\"https://dev-5.devnet-0chain.net/miner01\",\"https://dev-5.devnet-0chain.net/miner03\"],\"sharders\":[\"https://dev-5.devnet-0chain.net/sharder02\",\"https://dev-5.devnet-0chain.net/sharder01\"]}\n","    utils.go:77: \u001b[31mError: start block should not be less than 1\n","    utils.go:77: \u001b[31m0box-sdk        [INFO]   2023/04/26 09:56:52.397960 allocation.go:282: received a download request for /pbd6ho9aEi_test.txt\n","    utils.go:77: \u001b[31mError in file operation: start block or end block or both cannot be negative.\n","    zboxcli_file_download_test.go:1017: Test case [Download with negative startblock should fail] exit at [04-26-2023 09:56:52]\n","--- PASS: TestDownload/Download_with_negative_startblock_should_fail (41.11s)",""],"Passed":true,"Skipped":false,"TestFileName":"","TestFunctionDetail":{"Line":0,"Col":0}}]},{"FailureIndicator":"","SkippedIndicator":"","TestResults":[{"TestName":"TestDownload/Download_without_any_Parameter_Should_Fail","Package":"github.com/0chain/system_test/tests/cli_tests","ElapsedTime":23.21,"Output":["","    zboxcli_file_download_test.go:1184: Test case [Download without any Parameter Should Fail] scheduled at [04-26-2023 09:54:56] \n","","","    system_test_framework.go:92: Test case [Download without any Parameter Should Fail] start at [04-26-2023 09:56:34] \n","    zwalletcli_register_wallet_test.go:128: Registering wallet...\n","    zboxcli_update_allocation_test.go:1004: Executing faucet...\n","    zwalletcli_register_wallet_test.go:143: faucet output: [No wallet in path  config/TestDownload-Download_without_any_Parameter_Should_Fail_wallet.json found. Creating wallet... ZCN wallet created!! Execute faucet smart contract success with txn :  c86e1c3b16450f3a8ebac8f48d4102e75637051a59c96f56fa20202820ffa68e]\n","    utils.go:138: Waiting 15s...\n","    zboxcli_file_download_test.go:1408: Downloading file...\n","    zboxcli_file_download_test.go:1184: Test case [Download without any Parameter Should Fail] exit at [04-26-2023 09:56:57]\n","--- PASS: TestDownload/Download_without_any_Parameter_Should_Fail (23.21s)",""],"Passed":true,"Skipped":false,"TestFileName":"","TestFunctionDetail":{"Line":0,"Col":0}}]},{"FailureIndicator":"failed","SkippedIndicator":"","TestResults":[{"TestName":"TestRollbackAllocation","Package":"github.com/0chain/system_test/tests/cli_tests","ElapsedTime":46.77,"Output":["","","","","",""],"Passed":false,"Skipped":false,"TestFileName":"zboxcli_rollback_test.go","TestFunctionDetail":{"Line":17,"Col":1}}]},{"FailureIndicator":"failed","SkippedIndicator":"","TestResults":[{"TestName":"TestRollbackAllocation/rollback_allocation","Package":"github.com/0chain/system_test/tests/cli_tests","ElapsedTime":46.77,"Output":["","    zboxcli_rollback_test.go:20: Test case [rollback allocation] scheduled at [04-26-2023 09:54:09] \n","    system_test_framework.go:92: Test case [rollback allocation] start at [04-26-2023 09:54:09] \n","    zwalletcli_register_wallet_test.go:128: Registering wallet...\n","    zboxcli_update_allocation_test.go:1004: Executing faucet...\n","    zwalletcli_register_wallet_test.go:143: faucet output: [No wallet in path  config/TestRollbackAllocation-rollback_allocation_wallet.json found. Creating wallet... ZCN wallet created!! Execute faucet smart contract success with txn :  4927067d576afec5952d0460a2b89644f3586db5b464e1d97bd69f1afde6c32f]\n","    zboxcli_update_allocation_test.go:1004: Executing faucet...\n","    zboxcli_create_allocation_test.go:440: Creating new allocation...\n","    zboxcli_file_upload_test.go:808: Uploading file /tmp/lAwjSWTaOv_test.txt to allocation 1f7e9f02925f7e65cc795c844f768e7faf247aa02c6e1a8520e1bd3f83bdd80d with remotepath /lAwjSWTaOv_test.txt\n","    zboxcli_file_upload_test.go:766: Uploading file...\n","    zboxcli_file_download_test.go:1424: Generating checksum for file [/tmp/lAwjSWTaOv_test.txt]...\n","    utils.go:138: Waiting 5s...\n","    zboxcli_file_meta_test.go:393: Getting file metadata...\n","    zboxcli_common_user_functions_test.go:200: Updating file...\n","    utils.go:138: Waiting 5s...\n","    zboxcli_file_meta_test.go:393: Getting file metadata...\n","    zboxcli_rollback_test.go:82: Rollback allocation\n","    utils.go:138: Waiting 15s...\n","    zboxcli_file_download_test.go:1408: Downloading file...\n","    utils.go:67: \u001b[33mCommand failed on attempt [1/3] due to error [exit status 1]. Output: [Error in file operation: Error while getting file handler. Error: Can't create local file -\u003cNEWLINE\u003e- open tmp/: is a directory]\n","    utils.go:67: \u001b[33mCommand failed on attempt [2/3] due to error [exit status 1]. Output: [Error in file operation: Error while getting file handler. Error: Can't create local file -\u003cNEWLINE\u003e- open tmp/: is a directory]\n","    utils.go:70: \u001b[31mCommand failed on final attempt [3/3] due to error [exit status 1]. Command String: [./zbox download --remotepath /lAwjSWTaOv_test.txt --localpath tmp/ --allocation 1f7e9f02925f7e65cc795c844f768e7faf247aa02c6e1a8520e1bd3f83bdd80d --silent --wallet TestRollbackAllocation-rollback_allocation_wallet.json --configDir ./config --config ./zbox_config.yaml] Output: [Error in file operation: Error while getting file handler. Error: Can't create local file -\u003cNEWLINE\u003e- open tmp/: is a directory]\n","    utils.go:73: \u001b[31mThe verbose output for the command is:\n","    utils.go:77: \u001b[31m0chain-core-sdk [INFO]   2023/04/26 09:54:56.123543 wallet_base.go:311: ******* Wallet SDK Version:v1.8.13-45-g29b9769 ******* (SetLogFile)\n","    utils.go:77: \u001b[31m0box-sdk        [INFO]   2023/04/26 09:54:56.123577 sdk.go:78: ******* Storage SDK Version: v1.8.13-45-g29b9769 *******\n","    utils.go:77: \u001b[31m0chain-core-sdk [INFO]   2023/04/26 09:54:56.147726 transaction_base.go:139: ******* Wallet SDK Version:v1.8.13-45-g29b9769 ******* (InitZCNSDK)\n","    utils.go:77: \u001b[31m0box-sdk        [DEBUG]  2023/04/26 09:54:56.157842 networkworker.go:105: Get network result:{\"miners\":[\"https://dev-5.devnet-0chain.net/miner02\",\"https://dev-5.devnet-0chain.net/miner01\",\"https://dev-5.devnet-0chain.net/miner03\"],\"sharders\":[\"https://dev-5.devnet-0chain.net/sharder02\",\"https://dev-5.devnet-0chain.net/sharder01\"]}\n","    utils.go:77: \u001b[31m0box-sdk        [INFO]   2023/04/26 09:54:56.170547 allocation.go:282: received a download request for /lAwjSWTaOv_test.txt\n","    utils.go:77: \u001b[31m0box-sdk        [INFO]   2023/04/26 09:54:56.176087 filemetaworker.go:74: File Meta result:{\"actual_file_hash\":\"629f0c2709444c6636de765c4fa932460854020aa5d6808e235e03667411924b\",\"actual_file_hash_signature\":\"a05c0d5b636496fccbcba65ad43bd870c044dd7e40941d2e099070aa8932cb1d\",\"actual_file_size\":1572864,\"actual_thumbnail_hash\":\"\",\"actual_thumbnail_size\":0,\"allocation_id\":\"1f7e9f02925f7e65cc795c844f768e7faf247aa02c6e1a8520e1bd3f83bdd80d\",\"chunk_size\":65536,\"commit_meta_txns\":[],\"created_at\":1682495666,\"custom_meta\":\"\",\"encrypted_key\":\"\",\"file_id\":\"\",\"file_meta_hash\":\"e8cb46d03e7322717e33f840a70e1389accf09b449df23cab1caa515c74df9b8\",\"fixed_merkle_root\":\"7aa148882aa5a9097722566cf7b4f11e8d0f565477f1e3c16ff290f19e44ecfc\",\"hash\":\"08f847c82aba5c8e2b8767f26809ff95f96cf923e4083de625ed9ea92fc18120\",\"is_temp\":true,\"lookup_hash\":\"a48d71ab9f2f38d2b47e41121ebe43ce76ed46efad7eee2e4725356a82b31734\",\"mimetype\":\"application/octet-stream\",\"name\":\"lAwjSWTaOv_test.txt\",\"num_of_blocks\":12,\"path\":\"/lAwjSWTaOv_test",".txt\",\"path_hash\":\"a48d71ab9f2f38d2b47e41121ebe43ce76ed46efad7eee2e4725356a82b31734\",\"prev_thumbnail_hash\":\"\",\"prev_validation_root\":\"\",\"size\":786432,\"thumbnail_filename\":\"\",\"thumbnail_hash\":\"\",\"thumbnail_size\":0,\"type\":\"f\",\"updated_at\":1682495666,\"validation_root\":\"ec2619a9d565b0823e4ba1fb9458fa8a10acddb9fb3ab693200418f0bb75b70f\",\"validation_root_signature\":\"45022aa8e1ff5deb2f3b77b74793786a8d9305125094cd3c46f8b63d21473008\"}\n","    utils.go:77: \u001b[31m0box-sdk        [DEBUG]  2023/04/26 09:54:56.176122 filemetaworker.go:75: File meta response status: 200 OK\n","    utils.go:77: \u001b[31m0box-sdk        [INFO]   2023/04/26 09:54:56.177761 filemetaworker.go:74: File Meta result:{\"actual_file_hash\":\"629f0c2709444c6636de765c4fa932460854020aa5d6808e235e03667411924b\",\"actual_file_hash_signature\":\"a05c0d5b636496fccbcba65ad43bd870c044dd7e40941d2e099070aa8932cb1d\",\"actual_file_size\":1572864,\"actual_thumbnail_hash\":\"\",\"actual_thumbnail_size\":0,\"allocation_id\":\"1f7e9f02925f7e65cc795c844f768e7faf247aa02c6e1a8520e1bd3f83bdd80d\",\"chunk_size\":65536,\"commit_meta_txns\":[],\"created_at\":1682495666,\"custom_meta\":\"\",\"encrypted_key\":\"\",\"file_id\":\"\",\"file_meta_hash\":\"e8cb46d03e7322717e33f840a70e1389accf09b449df23cab1caa515c74df9b8\",\"fixed_merkle_root\":\"69650c4e460490ac8608a0ea468d127790d835397e257fdd3351b1ff794f6e3e\",\"hash\":\"637a70f32de5e890477bcffb00805de8659972c6d68a1b9a304c19a026bf8611\",\"is_temp\":true,\"lookup_hash\":\"a48d71ab9f2f38d2b47e41121ebe43ce76ed46efad7eee2e4725356a82b31734\",\"mimetype\":\"application/octet-stream\",\"name\":\"lAwjSWTaOv_test.txt\",\"num_of_blocks\":12,\"path\":\"/lAwjSWTaOv_test",".txt\",\"path_hash\":\"a48d71ab9f2f38d2b47e41121ebe43ce76ed46efad7eee2e4725356a82b31734\",\"prev_thumbnail_hash\":\"\",\"prev_validation_root\":\"\",\"size\":786432,\"thumbnail_filename\":\"\",\"thumbnail_hash\":\"\",\"thumbnail_size\":0,\"type\":\"f\",\"updated_at\":1682495666,\"validation_root\":\"445fff0cfbf84f69e4c83e27aee2345a5dade5d87dfe523f38e86ec12d8ba92f\",\"validation_root_signature\":\"cc8ca0a0d226c940d72489b8541e3b5692dc5dca8e618ddf6291b2677ec3f99d\"}\n","    utils.go:77: \u001b[31m0box-sdk        [DEBUG]  2023/04/26 09:54:56.177774 filemetaworker.go:75: File meta response status: 200 OK\n","    utils.go:77: \u001b[31m0box-sdk        [INFO]   2023/04/26 09:54:56.179311 filemetaworker.go:74: File Meta result:{\"actual_file_hash\":\"629f0c2709444c6636de765c4fa932460854020aa5d6808e235e03667411924b\",\"actual_file_hash_signature\":\"a05c0d5b636496fccbcba65ad43bd870c044dd7e40941d2e099070aa8932cb1d\",\"actual_file_size\":1572864,\"actual_thumbnail_hash\":\"\",\"actual_thumbnail_size\":0,\"allocation_id\":\"1f7e9f02925f7e65cc795c844f768e7faf247aa02c6e1a8520e1bd3f83bdd80d\",\"chunk_size\":65536,\"commit_meta_txns\":[],\"created_at\":1682495666,\"custom_meta\":\"\",\"encrypted_key\":\"\",\"file_id\":\"\",\"file_meta_hash\":\"e8cb46d03e7322717e33f840a70e1389accf09b449df23cab1caa515c74df9b8\",\"fixed_merkle_root\":\"99b5286cdd47c3dbad5bb9d1d52408a7fc0ccd38fe0dba7184f53a476c06199a\",\"hash\":\"f4f21bf37bf0cc9c26fe49af3c878120a045906330656a6e46acbf5fad80dd4e\",\"is_temp\":true,\"lookup_hash\":\"a48d71ab9f2f38d2b47e41121ebe43ce76ed46efad7eee2e4725356a82b31734\",\"mimetype\":\"application/octet-stream\",\"name\":\"lAwjSWTaOv_test.txt\",\"num_of_blocks\":12,\"path\":\"/lAwjSWTaOv_test",".txt\",\"path_hash\":\"a48d71ab9f2f38d2b47e41121ebe43ce76ed46efad7eee2e4725356a82b31734\",\"prev_thumbnail_hash\":\"\",\"prev_validation_root\":\"\",\"size\":786432,\"thumbnail_filename\":\"\",\"thumbnail_hash\":\"\",\"thumbnail_size\":0,\"type\":\"f\",\"updated_at\":1682495666,\"validation_root\":\"415ce0c7b25571912bbc51e5d09bd24b092e202fb33fcb02bd91ee49aaec91c9\",\"validation_root_signature\":\"5f5da19b6d503398df5c92a7c49f863b3da2bd5aa76dd55e27b13ad43e1c1b00\"}\n","    utils.go:77: \u001b[31m0box-sdk        [DEBUG]  2023/04/26 09:54:56.179329 filemetaworker.go:75: File meta response status: 200 OK\n","    utils.go:77: \u001b[31m0box-sdk        [INFO]   2023/04/26 09:54:56.180621 filemetaworker.go:74: File Meta result:{\"actual_file_hash\":\"629f0c2709444c6636de765c4fa932460854020aa5d6808e235e03667411924b\",\"actual_file_hash_signature\":\"a05c0d5b636496fccbcba65ad43bd870c044dd7e40941d2e099070aa8932cb1d\",\"actual_file_size\":1572864,\"actual_thumbnail_hash\":\"\",\"actual_thumbnail_size\":0,\"allocation_id\":\"1f7e9f02925f7e65cc795c844f768e7faf247aa02c6e1a8520e1bd3f83bdd80d\",\"chunk_size\":65536,\"commit_meta_txns\":[],\"created_at\":1682495666,\"custom_meta\":\"\",\"encrypted_key\":\"\",\"file_id\":\"\",\"file_meta_hash\":\"e8cb46d03e7322717e33f840a70e1389accf09b449df23cab1caa515c74df9b8\",\"fixed_merkle_root\":\"14d72d3f79d3a05d5b95c8099fb984a100fa4b2ada3c25183e6efa3a9018af24\",\"hash\":\"1cd2599a5a7b40c324e0fafdfc47696b9d97f5236e4066ade6b6c707e3267177\",\"is_temp\":true,\"lookup_hash\":\"a48d71ab9f2f38d2b47e41121ebe43ce76ed46efad7eee2e4725356a82b31734\",\"mimetype\":\"application/octet-stream\",\"name\":\"lAwjSWTaOv_test.txt\",\"num_of_blocks\":12,\"path\":\"/lAwjSWTaOv_test",".txt\",\"path_hash\":\"a48d71ab9f2f38d2b47e41121ebe43ce76ed46efad7eee2e4725356a82b31734\",\"prev_thumbnail_hash\":\"\",\"prev_validation_root\":\"\",\"size\":786432,\"thumbnail_filename\":\"\",\"thumbnail_hash\":\"\",\"thumbnail_size\":0,\"type\":\"f\",\"updated_at\":1682495666,\"validation_root\":\"82fbfebac0c26392f27b50f865cd49028dbd69a55b27936aec679008404ec47b\",\"validation_root_signature\":\"5afda610d358be91cf78c412d72f3ad8182aa4b7c0a7ea325a268833b7611083\"}\n","    utils.go:77: \u001b[31m0box-sdk        [DEBUG]  2023/04/26 09:54:56.180640 filemetaworker.go:75: File meta response status: 200 OK\n","    utils.go:77: \u001b[31m0box-sdk        [INFO]   2023/04/26 09:54:56.188613 downloadworker.go:361: Downloading file with size: 1572864 from start block: 0 and end block: 12. Actual size per blobber: 786432\n","    utils.go:77: \u001b[31m0box-sdk        \u001b[31m[ERROR]  2023/04/26 09:54:56.188634 downloadworker.go:368: Can't create local file\n","    utils.go:77: \u001b[31mopen tmp/: is a directory\u001b[0m\n","    utils.go:77: \u001b[31mError in file operation: Error while getting file handler. Error: Can't create local file\n","    utils.go:77: \u001b[31mopen tmp/: is a directory\n","    assertions.go:264: \n","        \tError Trace:\t/root/actions-runner5/_work/system_test/system_test/tests/cli_tests/zboxcli_rollback_test.go:65\n","        \t            \t\t\t\t/root/actions-runner5/_work/system_test/system_test/tests/cli_tests/system_test_framework.go:93\n","        \t            \t\t\t\t/root/actions-runner5/_work/system_test/system_test/tests/cli_tests/asm_amd64.s:1598\n","        \tError:      \tExpected nil, but got: \u0026exec.ExitError{ProcessState:(*os.ProcessState)(0xc0000121c8), Stderr:[]uint8(nil)}\n","        \tTest:       \tTestRollbackAllocation/rollback_allocation\n","        \tMessages:   \tError in file operation: Error while getting file handler. Error: Can't create local file\n","        \t            \topen tmp/: is a directory\n","    zboxcli_rollback_test.go:20: Test case [rollback allocation] exit at [04-26-2023 09:54:56]\n","","","    zboxcli_rollback_test.go:20: Test case [rollback allocation] scheduled at [04-26-2023 09:58:27] \n","    system_test_framework.go:92: Test case [rollback allocation] start at [04-26-2023 09:58:27] \n","    zwalletcli_register_wallet_test.go:128: Registering wallet...\n","    zboxcli_update_allocation_test.go:1004: Executing faucet...\n","    zwalletcli_register_wallet_test.go:143: faucet output: [No wallet in path  config/TestRollbackAllocation-rollback_allocation_wallet.json found. Creating wallet... ZCN wallet created!! Execute faucet smart contract success with txn :  e1992335a3203d2cfbc39fe4742b5a03b38ec5326860a408535402230ba3baef]\n","    zboxcli_update_allocation_test.go:1004: Executing faucet...\n","    zboxcli_create_allocation_test.go:440: Creating new allocation...\n","    zboxcli_file_upload_test.go:808: Uploading file /tmp/zRw8UAHaWZ_test.txt to allocation ebcf9759672acb858aada91195959bb89140c8247c17415221772fb2f307d2d6 with remotepath /zRw8UAHaWZ_test.txt\n","    zboxcli_file_upload_test.go:766: Uploading file...\n","    zboxcli_file_download_test.go:1424: Generating checksum for file [/tmp/zRw8UAHaWZ_test.txt]...\n","    utils.go:138: Waiting 5s...\n","    zboxcli_file_meta_test.go:393: Getting file metadata...\n","    zboxcli_common_user_functions_test.go:200: Updating file...\n","    utils.go:138: Waiting 5s...\n","    zboxcli_file_meta_test.go:393: Getting file metadata...\n","    zboxcli_rollback_test.go:82: Rollback allocation\n","    utils.go:138: Waiting 15s...\n","    zboxcli_file_download_test.go:1408: Downloading file...\n","    utils.go:67: \u001b[33mCommand failed on attempt [1/3] due to error [exit status 1]. Output: [0 / 1572864    0.00% 0 / 1572864    0.00% 0s -\u003cNEWLINE\u003e- Error in file operation: Download failed for block 1. -\u003cNEWLINE\u003e- download_failed: 3 failed blobbers exceeded 2 remaining blobbers. Download errors: Error Unsuccessful download. Error: response_error: download_file: pre-redeeming read marker: read_pre_redeem: not enough tokens in client's read pools associated with the allocation-\u003eblobber from https://dev-5.devnet-0chain.net/blobber04 Error Unsuccessful download. Error: response_error: download_file: pre-redeeming read marker: read_pre_redeem: not enough tokens in client's read pools associated with the allocation-\u003eblobber from https://dev-5.devnet-0chain.net/blobber01 Error Unsuccessful download. Error: response_error: download_file: pre-redeeming read marker: read_pre_redeem: not enough tokens in client's read pools associated with the allocation-\u003eblobber from https://dev-5.devnet-0chain.net/blobber02]\n","    utils.go:67: \u001b[33mCommand failed on attempt [2/3] due to error [exit status 1]. Output: [0 / 1572864    0.00% 0 / 1572864    0.00% 0s -\u003cNEWLINE\u003e- Error in file operation: Download failed for block 1. -\u003cNEWLINE\u003e- download_failed: 3 failed blobbers exceeded 2 remaining blobbers. Download errors: Error Unsuccessful download. Error: response_error: download_file: pre-redeeming read marker: read_pre_redeem: not enough tokens in client's read pools associated with the allocation-\u003eblobber from https://dev-5.devnet-0chain.net/blobber01 Error Unsuccessful download. Error: response_error: download_file: pre-redeeming read marker: read_pre_redeem: not enough tokens in client's read pools associated with the allocation-\u003eblobber from https://dev-5.devnet-0chain.net/blobber02 Error Unsuccessful download. Error: response_error: download_file: pre-redeeming read marker: read_pre_redeem: not enough tokens in client's read pools associated with the allocation-\u003eblobber from https://dev-5.devnet-0chain.net/blobber04]\n","    utils.go:70: \u001b[31mCommand failed on final attempt [3/3] due to error [exit status 1]. Command String: [./zbox download --remotepath /zRw8UAHaWZ_test.txt --localpath tmp/ --allocation ebcf9759672acb858aada91195959bb89140c8247c17415221772fb2f307d2d6 --silent --wallet TestRollbackAllocation-rollback_allocation_wallet.json --configDir ./config --config ./zbox_config.yaml] Output: [0 / 1572864    0.00% 0 / 1572864    0.00% 0s -\u003cNEWLINE\u003e- Error in file operation: Download failed for block 1. -\u003cNEWLINE\u003e- download_failed: 3 failed blobbers exceeded 2 remaining blobbers. Download errors: Error Unsuccessful download. Error: response_error: download_file: pre-redeeming read marker: read_pre_redeem: not enough tokens in client's read pools associated with the allocation-\u003eblobber from https://dev-5.devnet-0chain.net/blobber02 Error Unsuccessful download. Error: response_error: download_file: pre-redeeming read marker: read_pre_redeem: not enough tokens in client's read pools associated with the allocation-\u003eblobber fro","m https://dev-5.devnet-0chain.net/blobber01 Error Unsuccessful download. Error: response_error: download_file: pre-redeeming read marker: read_pre_redeem: not enough tokens in client's read pools associated with the allocation-\u003eblobber from https://dev-5.devnet-0chain.net/blobber04]\n","    utils.go:73: \u001b[31mThe verbose output for the command is:\n","    utils.go:77: \u001b[31m0chain-core-sdk [INFO]   2023/04/26 09:59:14.523823 wallet_base.go:311: ******* Wallet SDK Version:v1.8.13-45-g29b9769 ******* (SetLogFile)\n","    utils.go:77: \u001b[31m0box-sdk        [INFO]   2023/04/26 09:59:14.523864 sdk.go:78: ******* Storage SDK Version: v1.8.13-45-g29b9769 *******\n","    utils.go:77: \u001b[31m0chain-core-sdk [INFO]   2023/04/26 09:59:14.546771 transaction_base.go:139: ******* Wallet SDK Version:v1.8.13-45-g29b9769 ******* (InitZCNSDK)\n","    utils.go:77: \u001b[31m0box-sdk        [DEBUG]  2023/04/26 09:59:14.555046 networkworker.go:105: Get network result:{\"miners\":[\"https://dev-5.devnet-0chain.net/miner02\",\"https://dev-5.devnet-0chain.net/miner01\",\"https://dev-5.devnet-0chain.net/miner03\"],\"sharders\":[\"https://dev-5.devnet-0chain.net/sharder02\",\"https://dev-5.devnet-0chain.net/sharder01\"]}\n","    utils.go:77: \u001b[31m0box-sdk        [INFO]   2023/04/26 09:59:14.566764 allocation.go:282: received a download request for /zRw8UAHaWZ_test.txt\n","    utils.go:77: \u001b[31m0box-sdk        [INFO]   2023/04/26 09:59:14.574226 filemetaworker.go:74: File Meta result:{\"actual_file_hash\":\"d6a93a0ff9fe363cba7963d209ef444388cd55cff29b19bd2ed4cb7fa94d0a4b\",\"actual_file_hash_signature\":\"e6d6760eae8c1b6a2833cd67a80a64dc133b0c8b86eafe13cf6ab14cb3e3d784\",\"actual_file_size\":1572864,\"actual_thumbnail_hash\":\"\",\"actual_thumbnail_size\":0,\"allocation_id\":\"ebcf9759672acb858aada91195959bb89140c8247c17415221772fb2f307d2d6\",\"chunk_size\":65536,\"commit_meta_txns\":[],\"created_at\":1682495924,\"custom_meta\":\"\",\"encrypted_key\":\"\",\"file_id\":\"\",\"file_meta_hash\":\"ec362063f8ca39f25952e2b6e88d19f043f447c27c0b0b41eff4ee624631198a\",\"fixed_merkle_root\":\"22dc101f79c756eacd691b0ca70d16e5366d8a6e868b6e0113ee5770bf023984\",\"hash\":\"aa34f2264307a4619f34612d437f850d726e1239b56f0d1e9c487ec5d52aecf8\",\"is_temp\":true,\"lookup_hash\":\"e666a85c860fdf4988d682921ee09f2c367b5d31d63c25a41049838c221e5520\",\"mimetype\":\"application/octet-stream\",\"name\":\"zRw8UAHaWZ_test.txt\",\"num_of_blocks\":12,\"path\":\"/zRw8UAHaWZ_test",".txt\",\"path_hash\":\"e666a85c860fdf4988d682921ee09f2c367b5d31d63c25a41049838c221e5520\",\"prev_thumbnail_hash\":\"\",\"prev_validation_root\":\"\",\"size\":786432,\"thumbnail_filename\":\"\",\"thumbnail_hash\":\"\",\"thumbnail_size\":0,\"type\":\"f\",\"updated_at\":1682495924,\"validation_root\":\"30865ace85fa710f804ee8620923c817a96617c1ffbbee20c01925e0d99193f3\",\"validation_root_signature\":\"bd470be9e220f4e69241e316ba6823ea7f2eeff2807e777ea256a9c96e249396\"}\n","    utils.go:77: \u001b[31m0box-sdk        [DEBUG]  2023/04/26 09:59:14.574246 filemetaworker.go:75: File meta response status: 200 OK\n","    utils.go:77: \u001b[31m0box-sdk        [INFO]   2023/04/26 09:59:14.574226 filemetaworker.go:74: File Meta result:{\"actual_file_hash\":\"d6a93a0ff9fe363cba7963d209ef444388cd55cff29b19bd2ed4cb7fa94d0a4b\",\"actual_file_hash_signature\":\"e6d6760eae8c1b6a2833cd67a80a64dc133b0c8b86eafe13cf6ab14cb3e3d784\",\"actual_file_size\":1572864,\"actual_thumbnail_hash\":\"\",\"actual_thumbnail_size\":0,\"allocation_id\":\"ebcf9759672acb858aada91195959bb89140c8247c17415221772fb2f307d2d6\",\"chunk_size\":65536,\"commit_meta_txns\":[],\"created_at\":1682495924,\"custom_meta\":\"\",\"encrypted_key\":\"\",\"file_id\":\"\",\"file_meta_hash\":\"ec362063f8ca39f25952e2b6e88d19f043f447c27c0b0b41eff4ee624631198a\",\"fixed_merkle_root\":\"b393c6a8caa6f91cd29bfe82423541f1680460a52bfbdcd29482b0a04a8389a2\",\"hash\":\"b05d577269cc09ef3dff4783420d65af327768af2c1ae872f71e7c50a0418d94\",\"is_temp\":true,\"lookup_hash\":\"e666a85c860fdf4988d682921ee09f2c367b5d31d63c25a41049838c221e5520\",\"mimetype\":\"application/octet-stream\",\"name\":\"zRw8UAHaWZ_test.txt\",\"num_of_blocks\":12,\"path\":\"/zRw8UAHaWZ_test",".txt\",\"path_hash\":\"e666a85c860fdf4988d682921ee09f2c367b5d31d63c25a41049838c221e5520\",\"prev_thumbnail_hash\":\"\",\"prev_validation_root\":\"\",\"size\":786432,\"thumbnail_filename\":\"\",\"thumbnail_hash\":\"\",\"thumbnail_size\":0,\"type\":\"f\",\"updated_at\":1682495924,\"validation_root\":\"1f4d7af952511956abf2ff5dee5297857231f8eddc6ea5a130fa8831a9a5e6d3\",\"validation_root_signature\":\"ee78c0fe5108fefce94f17f90fe58bf13b683b2b9b38df38897c4024082f961b\"}\n","    utils.go:77: \u001b[31m0box-sdk        [DEBUG]  2023/04/26 09:59:14.574260 filemetaworker.go:75: File meta response status: 200 OK\n","    utils.go:77: \u001b[31m0box-sdk        [INFO]   2023/04/26 09:59:14.574268 filemetaworker.go:74: File Meta result:{\"actual_file_hash\":\"d6a93a0ff9fe363cba7963d209ef444388cd55cff29b19bd2ed4cb7fa94d0a4b\",\"actual_file_hash_signature\":\"e6d6760eae8c1b6a2833cd67a80a64dc133b0c8b86eafe13cf6ab14cb3e3d784\",\"actual_file_size\":1572864,\"actual_thumbnail_hash\":\"\",\"actual_thumbnail_size\":0,\"allocation_id\":\"ebcf9759672acb858aada91195959bb89140c8247c17415221772fb2f307d2d6\",\"chunk_size\":65536,\"commit_meta_txns\":[],\"created_at\":1682495924,\"custom_meta\":\"\",\"encrypted_key\":\"\",\"file_id\":\"\",\"file_meta_hash\":\"ec362063f8ca39f25952e2b6e88d19f043f447c27c0b0b41eff4ee624631198a\",\"fixed_merkle_root\":\"d6c329018c33a61b6d669321b4e9302a0013675b012f155869a1c32d0131f51a\",\"hash\":\"f48f16149d132167e242ed4255396b459be719535510e7027f5d67679a58335d\",\"is_temp\":true,\"lookup_hash\":\"e666a85c860fdf4988d682921ee09f2c367b5d31d63c25a41049838c221e5520\",\"mimetype\":\"application/octet-stream\",\"name\":\"zRw8UAHaWZ_test.txt\",\"num_of_blocks\":12,\"path\":\"/zRw8UAHaWZ_test",".txt\",\"path_hash\":\"e666a85c860fdf4988d682921ee09f2c367b5d31d63c25a41049838c221e5520\",\"prev_thumbnail_hash\":\"\",\"prev_validation_root\":\"\",\"size\":786432,\"thumbnail_filename\":\"\",\"thumbnail_hash\":\"\",\"thumbnail_size\":0,\"type\":\"f\",\"updated_at\":1682495924,\"validation_root\":\"1c9e53eb82849e6978f5028fd6291ae071a84c8a2cb02771a118227ba8505715\",\"validation_root_signature\":\"6aa5c0a6725d1e8b5e1ab7f2fd818aa5a2719a335999a151b4ecbe3317fe439a\"}\n","    utils.go:77: \u001b[31m0box-sdk        [DEBUG]  2023/04/26 09:59:14.574296 filemetaworker.go:75: File meta response status: 200 OK\n","    utils.go:77: \u001b[31m0box-sdk        [INFO]   2023/04/26 09:59:14.578577 filemetaworker.go:74: File Meta result:{\"actual_file_hash\":\"d6a93a0ff9fe363cba7963d209ef444388cd55cff29b19bd2ed4cb7fa94d0a4b\",\"actual_file_hash_signature\":\"e6d6760eae8c1b6a2833cd67a80a64dc133b0c8b86eafe13cf6ab14cb3e3d784\",\"actual_file_size\":1572864,\"actual_thumbnail_hash\":\"\",\"actual_thumbnail_size\":0,\"allocation_id\":\"ebcf9759672acb858aada91195959bb89140c8247c17415221772fb2f307d2d6\",\"chunk_size\":65536,\"commit_meta_txns\":[],\"created_at\":1682495924,\"custom_meta\":\"\",\"encrypted_key\":\"\",\"file_id\":\"\",\"file_meta_hash\":\"ec362063f8ca39f25952e2b6e88d19f043f447c27c0b0b41eff4ee624631198a\",\"fixed_merkle_root\":\"065524fcd175d67bec014e8a978416fbc49ff3b8fd1c61432b2ede9f43955f90\",\"hash\":\"e71dd1d9eeec9f19ab8ddd87e3fd0e5c8e31ce89b807816b7e614d7eefaa5eac\",\"is_temp\":true,\"lookup_hash\":\"e666a85c860fdf4988d682921ee09f2c367b5d31d63c25a41049838c221e5520\",\"mimetype\":\"application/octet-stream\",\"name\":\"zRw8UAHaWZ_test.txt\",\"num_of_blocks\":12,\"path\":\"/zRw8UAHaWZ_test",".txt\",\"path_hash\":\"e666a85c860fdf4988d682921ee09f2c367b5d31d63c25a41049838c221e5520\",\"prev_thumbnail_hash\":\"\",\"prev_validation_root\":\"\",\"size\":786432,\"thumbnail_filename\":\"\",\"thumbnail_hash\":\"\",\"thumbnail_size\":0,\"type\":\"f\",\"updated_at\":1682495924,\"validation_root\":\"41cb2255e72bddbd9ed045fb19f1041749e2a546348c75612b9e28177bac5599\",\"validation_root_signature\":\"55878d349a4fa10d9df10f18d7c8d2adeafa46d4f5fda8e1349337e839ae3b11\"}\n","    utils.go:77: \u001b[31m0box-sdk        [DEBUG]  2023/04/26 09:59:14.578591 filemetaworker.go:75: File meta response status: 200 OK\n","    utils.go:77: \u001b[31m0box-sdk        [INFO]   2023/04/26 09:59:14.584714 downloadworker.go:361: Downloading file with size: 1572864 from start block: 0 and end block: 12. Actual size per blobber: 786432\n","    utils.go:77: \u001b[31m0 / 1572864    0.00%0box-sdk        [INFO]   2023/04/26 09:59:14.584849 downloadworker.go:430: Downloading block 0 - 10\n","    utils.go:77: \u001b[31m0box-sdk        \u001b[31m[ERROR]  2023/04/26 09:59:14.615099 downloadworker.go:208: Unsuccessful download. Error: response_error: download_file: pre-redeeming read marker: read_pre_redeem: not enough tokens in client's read pools associated with the allocation-\u003eblobber\u001b[0m\n","    utils.go:77: \u001b[31m0box-sdk        \u001b[31m[ERROR]  2023/04/26 09:59:14.617147 downloadworker.go:208: Unsuccessful download. Error: response_error: download_file: pre-redeeming read marker: read_pre_redeem: not enough tokens in client's read pools associated with the allocation-\u003eblobber\u001b[0m\n","    utils.go:77: \u001b[31m0box-sdk        \u001b[31m[ERROR]  2023/04/26 09:59:14.628904 downloadworker.go:208: Unsuccessful download. Error: response_error: download_file: pre-redeeming read marker: read_pre_redeem: not enough tokens in client's read pools associated with the allocation-\u003eblobber\u001b[0m\n","    utils.go:77: \u001b[31m0 / 1572864    0.00% 0s\n","    utils.go:77: \u001b[31mError in file operation: Download failed for block 1.\n","    utils.go:77: \u001b[31mdownload_failed: 3 failed blobbers exceeded 2 remaining blobbers. Download errors: Error Unsuccessful download. Error: response_error: download_file: pre-redeeming read marker: read_pre_redeem: not enough tokens in client's read pools associated with the allocation-\u003eblobber from https://dev-5.devnet-0chain.net/blobber01 Error Unsuccessful download. Error: response_error: download_file: pre-redeeming read marker: read_pre_redeem: not enough tokens in client's read pools associated with the allocation-\u003eblobber from https://dev-5.devnet-0chain.net/blobber04 Error Unsuccessful download. Error: response_error: download_file: pre-redeeming read marker: read_pre_redeem: not enough tokens in client's read pools associated with the allocation-\u003eblobber from https://dev-5.devnet-0chain.net/blobber02\n","    assertions.go:264: \n","        \tError Trace:\t/root/actions-runner5/_work/system_test/system_test/tests/cli_tests/zboxcli_rollback_test.go:65\n","        \t            \t\t\t\t/root/actions-runner5/_work/system_test/system_test/tests/cli_tests/system_test_framework.go:93\n","        \t            \t\t\t\t/root/actions-runner5/_work/system_test/system_test/tests/cli_tests/asm_amd64.s:1598\n","        \tError:      \tExpected nil, but got: \u0026exec.ExitError{ProcessState:(*os.ProcessState)(0xc000012768), Stderr:[]uint8(nil)}\n","        \tTest:       \tTestRollbackAllocation/rollback_allocation\n","        \tMessages:   \t0 / 1572864    0.00% 0 / 1572864    0.00% 0s\n","        \t            \tError in file operation: Download failed for block 1.\n","        \t            \tdownload_failed: 3 failed blobbers exceeded 2 remaining blobbers. Download errors: Error Unsuccessful download. Error: response_error: download_file: pre-redeeming read marker: read_pre_redeem: not enough tokens in client's read pools associated with the allocation-\u003eblobber from https://dev-5.devnet-0chain.net/blobber02 Error Unsuccessful download. Error: response_error: download_file: pre-redeeming read marker: read_pre_redeem: not enough tokens in client's read pools associated with the allocation-\u003eblobber from https://dev-5.devnet-0chain.net/blobber01 Error Unsuccessful download. Error: response_error: download_file: pre-redeeming read marker: read_pre_redeem: not enough tokens in client's read pools associated with the allocation-\u003eblobber from https://dev-5.devnet-0chain.net/blobber04\n","    zboxcli_rollback_test.go:20: Test case [rollback allocation] exit at [04-26-2023 09:59:14]\n","","","    zboxcli_rollback_test.go:20: Test case [rollback allocation] scheduled at [04-26-2023 10:01:38] \n","    system_test_framework.go:92: Test case [rollback allocation] start at [04-26-2023 10:01:38] \n","    zwalletcli_register_wallet_test.go:128: Registering wallet...\n","    zboxcli_update_allocation_test.go:1004: Executing faucet...\n","    zwalletcli_register_wallet_test.go:143: faucet output: [No wallet in path  config/TestRollbackAllocation-rollback_allocation_wallet.json found. Creating wallet... ZCN wallet created!! Execute faucet smart contract success with txn :  b8ec9f7e82aa6f97f7ec4bb862343093eb657e9b0b1f3f84c7766d0c9e819277]\n","    zboxcli_update_allocation_test.go:1004: Executing faucet...\n","    zboxcli_create_allocation_test.go:440: Creating new allocation...\n","    zboxcli_file_upload_test.go:808: Uploading file /tmp/laRUrf0ZPx_test.txt to allocation 1f261fc8a0d642ed6188b8006da2049e69752d0ded812d6944f67922dd82e5fe with remotepath /laRUrf0ZPx_test.txt\n","    zboxcli_file_upload_test.go:766: Uploading file...\n","    zboxcli_file_download_test.go:1424: Generating checksum for file [/tmp/laRUrf0ZPx_test.txt]...\n","    utils.go:138: Waiting 5s...\n","    zboxcli_file_meta_test.go:393: Getting file metadata...\n","    zboxcli_common_user_functions_test.go:200: Updating file...\n","    utils.go:138: Waiting 5s...\n","    zboxcli_file_meta_test.go:393: Getting file metadata...\n","    zboxcli_rollback_test.go:82: Rollback allocation\n","    utils.go:138: Waiting 15s...\n","    zboxcli_file_download_test.go:1408: Downloading file...\n","    utils.go:67: \u001b[33mCommand failed on attempt [1/3] due to error [exit status 1]. Output: [0 / 1572864    0.00% 0 / 1572864    0.00% 0s -\u003cNEWLINE\u003e- Error in file operation: Download failed for block 1. -\u003cNEWLINE\u003e- download_failed: 3 failed blobbers exceeded 2 remaining blobbers. Download errors: Error Unsuccessful download. Error: response_error: download_file: pre-redeeming read marker: read_pre_redeem: not enough tokens in client's read pools associated with the allocation-\u003eblobber from https://dev-5.devnet-0chain.net/blobber03 Error Unsuccessful download. Error: response_error: download_file: pre-redeeming read marker: read_pre_redeem: not enough tokens in client's read pools associated with the allocation-\u003eblobber from https://dev-5.devnet-0chain.net/blobber01 Error Unsuccessful download. Error: response_error: download_file: pre-redeeming read marker: read_pre_redeem: not enough tokens in client's read pools associated with the allocation-\u003eblobber from https://dev-5.devnet-0chain.net/blobber06]\n","    utils.go:67: \u001b[33mCommand failed on attempt [2/3] due to error [exit status 1]. Output: [0 / 1572864    0.00% 0 / 1572864    0.00% 0s -\u003cNEWLINE\u003e- Error in file operation: Download failed for block 1. -\u003cNEWLINE\u003e- download_failed: 3 failed blobbers exceeded 2 remaining blobbers. Download errors: Error Unsuccessful download. Error: response_error: download_file: pre-redeeming read marker: read_pre_redeem: not enough tokens in client's read pools associated with the allocation-\u003eblobber from https://dev-5.devnet-0chain.net/blobber01 Error Unsuccessful download. Error: response_error: download_file: pre-redeeming read marker: read_pre_redeem: not enough tokens in client's read pools associated with the allocation-\u003eblobber from https://dev-5.devnet-0chain.net/blobber06 Error Unsuccessful download. Error: response_error: download_file: pre-redeeming read marker: read_pre_redeem: not enough tokens in client's read pools associated with the allocation-\u003eblobber from https://dev-5.devnet-0chain.net/blobber03]\n","    utils.go:70: \u001b[31mCommand failed on final attempt [3/3] due to error [exit status 1]. Command String: [./zbox download --allocation 1f261fc8a0d642ed6188b8006da2049e69752d0ded812d6944f67922dd82e5fe --remotepath /laRUrf0ZPx_test.txt --localpath tmp/ --silent --wallet TestRollbackAllocation-rollback_allocation_wallet.json --configDir ./config --config ./zbox_config.yaml] Output: [0 / 1572864    0.00% 0 / 1572864    0.00% 0s -\u003cNEWLINE\u003e- Error in file operation: Download failed for block 1. -\u003cNEWLINE\u003e- download_failed: 3 failed blobbers exceeded 2 remaining blobbers. Download errors: Error Unsuccessful download. Error: response_error: download_file: pre-redeeming read marker: read_pre_redeem: not enough tokens in client's read pools associated with the allocation-\u003eblobber from https://dev-5.devnet-0chain.net/blobber01 Error Unsuccessful download. Error: response_error: download_file: pre-redeeming read marker: read_pre_redeem: not enough tokens in client's read pools associated with the allocation-\u003eblobber fro","m https://dev-5.devnet-0chain.net/blobber03 Error Unsuccessful download. Error: response_error: download_file: pre-redeeming read marker: read_pre_redeem: not enough tokens in client's read pools associated with the allocation-\u003eblobber from https://dev-5.devnet-0chain.net/blobber06]\n","    utils.go:73: \u001b[31mThe verbose output for the command is:\n","    utils.go:77: \u001b[31m0chain-core-sdk [INFO]   2023/04/26 10:02:25.196522 wallet_base.go:311: ******* Wallet SDK Version:v1.8.13-45-g29b9769 ******* (SetLogFile)\n","    utils.go:77: \u001b[31m0box-sdk        [INFO]   2023/04/26 10:02:25.196558 sdk.go:78: ******* Storage SDK Version: v1.8.13-45-g29b9769 *******\n","    utils.go:77: \u001b[31m0chain-core-sdk [INFO]   2023/04/26 10:02:25.223137 transaction_base.go:139: ******* Wallet SDK Version:v1.8.13-45-g29b9769 ******* (InitZCNSDK)\n","    utils.go:77: \u001b[31m0box-sdk        [DEBUG]  2023/04/26 10:02:25.243378 networkworker.go:105: Get network result:{\"miners\":[\"https://dev-5.devnet-0chain.net/miner02\",\"https://dev-5.devnet-0chain.net/miner01\",\"https://dev-5.devnet-0chain.net/miner03\"],\"sharders\":[\"https://dev-5.devnet-0chain.net/sharder02\",\"https://dev-5.devnet-0chain.net/sharder01\"]}\n","    utils.go:77: \u001b[31m0box-sdk        [INFO]   2023/04/26 10:02:25.255604 allocation.go:282: received a download request for /laRUrf0ZPx_test.txt\n","    utils.go:77: \u001b[31m0box-sdk        [INFO]   2023/04/26 10:02:25.262558 filemetaworker.go:74: File Meta result:{\"actual_file_hash\":\"53d159de0190d4cb860e0a20685c96ec0dc4b38d2cff913053e8d80ba96a0a5c\",\"actual_file_hash_signature\":\"43f2192525e200a6c8059744a100e217c4ecda450d97a21d8593b81d6d4b56a4\",\"actual_file_size\":1572864,\"actual_thumbnail_hash\":\"\",\"actual_thumbnail_size\":0,\"allocation_id\":\"1f261fc8a0d642ed6188b8006da2049e69752d0ded812d6944f67922dd82e5fe\",\"chunk_size\":65536,\"commit_meta_txns\":[],\"created_at\":1682496115,\"custom_meta\":\"\",\"encrypted_key\":\"\",\"file_id\":\"\",\"file_meta_hash\":\"e53338928a2d0a7acd13f837d3e3cf4557fd0b00771f2852e237a723f93148c6\",\"fixed_merkle_root\":\"11268ccbc8fd599cf10ac002d4e6031569a3a1ab9f7b7164e1fe03801e3051f2\",\"hash\":\"2c205b9bb9bfcd94111c8a2f1a9884d13a2419f191935788a7d5c3f9009bdcb9\",\"is_temp\":true,\"lookup_hash\":\"b05f660df12cf08674e8eb89f9586e6e0b5a1ad3f59f048b715e2f1aac3224ab\",\"mimetype\":\"application/octet-stream\",\"name\":\"laRUrf0ZPx_test.txt\",\"num_of_blocks\":12,\"path\":\"/laRUrf0ZPx_test",".txt\",\"path_hash\":\"b05f660df12cf08674e8eb89f9586e6e0b5a1ad3f59f048b715e2f1aac3224ab\",\"prev_thumbnail_hash\":\"\",\"prev_validation_root\":\"\",\"size\":786432,\"thumbnail_filename\":\"\",\"thumbnail_hash\":\"\",\"thumbnail_size\":0,\"type\":\"f\",\"updated_at\":1682496115,\"validation_root\":\"c8634646651e88caf141ce13dae12f4d9d12b2ad7a122627825aae27014746b8\",\"validation_root_signature\":\"c29a5d01731c7660fe7d1fd9ebe95a173f2e7d47a87fd6e160f6cfe43a1b1f85\"}\n","    utils.go:77: \u001b[31m0box-sdk        [DEBUG]  2023/04/26 10:02:25.262573 filemetaworker.go:75: File meta response status: 200 OK\n","    utils.go:77: \u001b[31m0box-sdk        [INFO]   2023/04/26 10:02:25.263981 filemetaworker.go:74: File Meta result:{\"actual_file_hash\":\"53d159de0190d4cb860e0a20685c96ec0dc4b38d2cff913053e8d80ba96a0a5c\",\"actual_file_hash_signature\":\"43f2192525e200a6c8059744a100e217c4ecda450d97a21d8593b81d6d4b56a4\",\"actual_file_size\":1572864,\"actual_thumbnail_hash\":\"\",\"actual_thumbnail_size\":0,\"allocation_id\":\"1f261fc8a0d642ed6188b8006da2049e69752d0ded812d6944f67922dd82e5fe\",\"chunk_size\":65536,\"commit_meta_txns\":[],\"created_at\":1682496115,\"custom_meta\":\"\",\"encrypted_key\":\"\",\"file_id\":\"\",\"file_meta_hash\":\"e53338928a2d0a7acd13f837d3e3cf4557fd0b00771f2852e237a723f93148c6\",\"fixed_merkle_root\":\"d2efe2b300f3bfe91d1706347eda77af5360c3aba37ed02906b1c92ea6d16389\",\"hash\":\"05dcc6699e5aed0fadaa28553a5095f6c92bc95d85a483b8a274317fafff3a53\",\"is_temp\":true,\"lookup_hash\":\"b05f660df12cf08674e8eb89f9586e6e0b5a1ad3f59f048b715e2f1aac3224ab\",\"mimetype\":\"application/octet-stream\",\"name\":\"laRUrf0ZPx_test.txt\",\"num_of_blocks\":12,\"path\":\"/laRUrf0ZPx_test",".txt\",\"path_hash\":\"b05f660df12cf08674e8eb89f9586e6e0b5a1ad3f59f048b715e2f1aac3224ab\",\"prev_thumbnail_hash\":\"\",\"prev_validation_root\":\"\",\"size\":786432,\"thumbnail_filename\":\"\",\"thumbnail_hash\":\"\",\"thumbnail_size\":0,\"type\":\"f\",\"updated_at\":1682496115,\"validation_root\":\"33e4b1705138fe02e46c7fd8236cb76d62f39b0cf13b8cc4e76451e1a6ba60a4\",\"validation_root_signature\":\"a245135e63e32d8ac096a41a6ccf908762655ce3eb4688d537bd1997f5714b84\"}\n","    utils.go:77: \u001b[31m0box-sdk        [DEBUG]  2023/04/26 10:02:25.264012 filemetaworker.go:75: File meta response status: 200 OK\n","    utils.go:77: \u001b[31m0box-sdk        [INFO]   2023/04/26 10:02:25.264028 filemetaworker.go:74: File Meta result:{\"actual_file_hash\":\"53d159de0190d4cb860e0a20685c96ec0dc4b38d2cff913053e8d80ba96a0a5c\",\"actual_file_hash_signature\":\"43f2192525e200a6c8059744a100e217c4ecda450d97a21d8593b81d6d4b56a4\",\"actual_file_size\":1572864,\"actual_thumbnail_hash\":\"\",\"actual_thumbnail_size\":0,\"allocation_id\":\"1f261fc8a0d642ed6188b8006da2049e69752d0ded812d6944f67922dd82e5fe\",\"chunk_size\":65536,\"commit_meta_txns\":[],\"created_at\":1682496115,\"custom_meta\":\"\",\"encrypted_key\":\"\",\"file_id\":\"\",\"file_meta_hash\":\"e53338928a2d0a7acd13f837d3e3cf4557fd0b00771f2852e237a723f93148c6\",\"fixed_merkle_root\":\"0b93389e4f50a2889dea26c9de3861985887201f8b487a44a44834fdca398a7b\",\"hash\":\"ab27991c12fb9c98c88931ae04185ae12665f1327274b55d1f12fae433087951\",\"is_temp\":true,\"lookup_hash\":\"b05f660df12cf08674e8eb89f9586e6e0b5a1ad3f59f048b715e2f1aac3224ab\",\"mimetype\":\"application/octet-stream\",\"name\":\"laRUrf0ZPx_test.txt\",\"num_of_blocks\":12,\"path\":\"/laRUrf0ZPx_test",".txt\",\"path_hash\":\"b05f660df12cf08674e8eb89f9586e6e0b5a1ad3f59f048b715e2f1aac3224ab\",\"prev_thumbnail_hash\":\"\",\"prev_validation_root\":\"\",\"size\":786432,\"thumbnail_filename\":\"\",\"thumbnail_hash\":\"\",\"thumbnail_size\":0,\"type\":\"f\",\"updated_at\":1682496115,\"validation_root\":\"e45a6dd618756aa7a15d800088f10c2c606acdd864885240d83f18dbac8dc6ac\",\"validation_root_signature\":\"810144aa71e91d8bad28c00a4164a1b6e2e8db506cdacdb805840fc10594d623\"}\n","    utils.go:77: \u001b[31m0box-sdk        [DEBUG]  2023/04/26 10:02:25.264037 filemetaworker.go:75: File meta response status: 200 OK\n","    utils.go:77: \u001b[31m0box-sdk        [INFO]   2023/04/26 10:02:25.274256 filemetaworker.go:74: File Meta result:{\"actual_file_hash\":\"53d159de0190d4cb860e0a20685c96ec0dc4b38d2cff913053e8d80ba96a0a5c\",\"actual_file_hash_signature\":\"43f2192525e200a6c8059744a100e217c4ecda450d97a21d8593b81d6d4b56a4\",\"actual_file_size\":1572864,\"actual_thumbnail_hash\":\"\",\"actual_thumbnail_size\":0,\"allocation_id\":\"1f261fc8a0d642ed6188b8006da2049e69752d0ded812d6944f67922dd82e5fe\",\"chunk_size\":65536,\"commit_meta_txns\":[],\"created_at\":1682496115,\"custom_meta\":\"\",\"encrypted_key\":\"\",\"file_id\":\"\",\"file_meta_hash\":\"e53338928a2d0a7acd13f837d3e3cf4557fd0b00771f2852e237a723f93148c6\",\"fixed_merkle_root\":\"2415abdc1aa0af2b9e711999a1bcc0fd7a59fc5dd07633a3565da1975b73ce32\",\"hash\":\"9ab45533578f3bea2ec47b52b14241eb797d52670af918ac6622cb03fa013b58\",\"is_temp\":true,\"lookup_hash\":\"b05f660df12cf08674e8eb89f9586e6e0b5a1ad3f59f048b715e2f1aac3224ab\",\"mimetype\":\"application/octet-stream\",\"name\":\"laRUrf0ZPx_test.txt\",\"num_of_blocks\":12,\"path\":\"/laRUrf0ZPx_test",".txt\",\"path_hash\":\"b05f660df12cf08674e8eb89f9586e6e0b5a1ad3f59f048b715e2f1aac3224ab\",\"prev_thumbnail_hash\":\"\",\"prev_validation_root\":\"\",\"size\":786432,\"thumbnail_filename\":\"\",\"thumbnail_hash\":\"\",\"thumbnail_size\":0,\"type\":\"f\",\"updated_at\":1682496115,\"validation_root\":\"7b551a23d72e2778b7862a4d0173a948edcc321589172d3ac65620d7ffca220b\",\"validation_root_signature\":\"9c5c6651b3cb5918e3946efff94dcbb1a9f3dff0e94ffbe64cacd0dfbe91da23\"}\n","    utils.go:77: \u001b[31m0box-sdk        [DEBUG]  2023/04/26 10:02:25.274268 filemetaworker.go:75: File meta response status: 200 OK\n","    utils.go:77: \u001b[31m0box-sdk        [INFO]   2023/04/26 10:02:25.280385 downloadworker.go:361: Downloading file with size: 1572864 from start block: 0 and end block: 12. Actual size per blobber: 786432\n","    utils.go:77: \u001b[31m0 / 1572864    0.00%0box-sdk        [INFO]   2023/04/26 10:02:25.280542 downloadworker.go:430: Downloading block 0 - 10\n","    utils.go:77: \u001b[31m0box-sdk        \u001b[31m[ERROR]  2023/04/26 10:02:25.331866 downloadworker.go:208: Unsuccessful download. Error: response_error: download_file: pre-redeeming read marker: read_pre_redeem: not enough tokens in client's read pools associated with the allocation-\u003eblobber\u001b[0m\n","    utils.go:77: \u001b[31m0box-sdk        \u001b[31m[ERROR]  2023/04/26 10:02:25.334797 downloadworker.go:208: Unsuccessful download. Error: response_error: download_file: pre-redeeming read marker: read_pre_redeem: not enough tokens in client's read pools associated with the allocation-\u003eblobber\u001b[0m\n","    utils.go:77: \u001b[31m0box-sdk        \u001b[31m[ERROR]  2023/04/26 10:02:25.338433 downloadworker.go:208: Unsuccessful download. Error: response_error: download_file: pre-redeeming read marker: read_pre_redeem: not enough tokens in client's read pools associated with the allocation-\u003eblobber\u001b[0m\n","    utils.go:77: \u001b[31m0 / 1572864    0.00% 0s\n","    utils.go:77: \u001b[31mError in file operation: Download failed for block 1.\n","    utils.go:77: \u001b[31mdownload_failed: 3 failed blobbers exceeded 2 remaining blobbers. Download errors: Error Unsuccessful download. Error: response_error: download_file: pre-redeeming read marker: read_pre_redeem: not enough tokens in client's read pools associated with the allocation-\u003eblobber from https://dev-5.devnet-0chain.net/blobber03 Error Unsuccessful download. Error: response_error: download_file: pre-redeeming read marker: read_pre_redeem: not enough tokens in client's read pools associated with the allocation-\u003eblobber from https://dev-5.devnet-0chain.net/blobber06 Error Unsuccessful download. Error: response_error: download_file: pre-redeeming read marker: read_pre_redeem: not enough tokens in client's read pools associated with the allocation-\u003eblobber from https://dev-5.devnet-0chain.net/blobber01\n","    assertions.go:264: \n","        \tError Trace:\t/root/actions-runner5/_work/system_test/system_test/tests/cli_tests/zboxcli_rollback_test.go:65\n","        \t            \t\t\t\t/root/actions-runner5/_work/system_test/system_test/tests/cli_tests/system_test_framework.go:93\n","        \t            \t\t\t\t/root/actions-runner5/_work/system_test/system_test/tests/cli_tests/asm_amd64.s:1598\n","        \tError:      \tExpected nil, but got: \u0026exec.ExitError{ProcessState:(*os.ProcessState)(0xc0006e63d8), Stderr:[]uint8(nil)}\n","        \tTest:       \tTestRollbackAllocation/rollback_allocation\n","        \tMessages:   \t0 / 1572864    0.00% 0 / 1572864    0.00% 0s\n","        \t            \tError in file operation: Download failed for block 1.\n","        \t            \tdownload_failed: 3 failed blobbers exceeded 2 remaining blobbers. Download errors: Error Unsuccessful download. Error: response_error: download_file: pre-redeeming read marker: read_pre_redeem: not enough tokens in client's read pools associated with the allocation-\u003eblobber from https://dev-5.devnet-0chain.net/blobber01 Error Unsuccessful download. Error: response_error: download_file: pre-redeeming read marker: read_pre_redeem: not enough tokens in client's read pools associated with the allocation-\u003eblobber from https://dev-5.devnet-0chain.net/blobber03 Error Unsuccessful download. Error: response_error: download_file: pre-redeeming read marker: read_pre_redeem: not enough tokens in client's read pools associated with the allocation-\u003eblobber from https://dev-5.devnet-0chain.net/blobber06\n","    zboxcli_rollback_test.go:20: Test case [rollback allocation] exit at [04-26-2023 10:02:25]\n",""],"Passed":false,"Skipped":false,"TestFileName":"","TestFunctionDetail":{"Line":0,"Col":0}}]},{"FailureIndicator":"","SkippedIndicator":"","TestResults":[{"TestName":"TestValidatorCollectRewards","Package":"github.com/0chain/system_test/tests/cli_tests","ElapsedTime":0,"Output":["","","","--- PASS: TestValidatorCollectRewards (0.00s)",""],"Passed":true,"Skipped":false,"TestFileName":"zboxcli_collect_rewards_test.go","TestFunctionDetail":{"Line":202,"Col":1}}]},{"FailureIndicator":"","SkippedIndicator":"","TestResults":[{"TestName":"TestValidatorCollectRewards/Test_collect_reward_with_invalid_provider_type_should_fail","Package":"github.com/0chain/system_test/tests/cli_tests","ElapsedTime":16.53,"Output":["","    zboxcli_collect_rewards_test.go:340: Test case [Test collect reward with invalid provider type should fail] scheduled at [04-26-2023 09:54:56] \n","","","    system_test_framework.go:92: Test case [Test collect reward with invalid provider type should fail] start at [04-26-2023 09:54:56] \n","    zwalletcli_register_wallet_test.go:128: Registering wallet...\n","    zboxcli_update_allocation_test.go:1004: Executing faucet...\n","    zwalletcli_register_wallet_test.go:143: faucet output: [No wallet in path  config/TestValidatorCollectRewards-Test_collect_reward_with_invalid_provider_type_should_fail_wallet.json found. Creating wallet... ZCN wallet created!! Execute faucet smart contract success with txn :  0d973f75f6061732d136b8779222a2f5732fa27edc7ed2062df1b8d73f334626]\n","    zboxcli_update_allocation_test.go:1004: Executing faucet...\n","    zboxcli_validator_config_update_test.go:100: Requesting validator list...\n","    zboxcli_stake_unstake_token_test.go:284: Staking tokens...\n","    zboxcli_collect_rewards_test.go:388: collecting rewards...\n","    zboxcli_collect_rewards_test.go:340: Test case [Test collect reward with invalid provider type should fail] exit at [04-26-2023 09:55:12]\n","--- PASS: TestValidatorCollectRewards/Test_collect_reward_with_invalid_provider_type_should_fail (16.53s)",""],"Passed":true,"Skipped":false,"TestFileName":"","TestFunctionDetail":{"Line":0,"Col":0}}]},{"FailureIndicator":"","SkippedIndicator":"","TestResults":[{"TestName":"TestValidatorCollectRewards/Test_collect_reward_with_invalid_validator_id_should_fail","Package":"github.com/0chain/system_test/tests/cli_tests","ElapsedTime":21.53,"Output":["","    zboxcli_collect_rewards_test.go:304: Test case [Test collect reward with invalid validator id should fail] scheduled at [04-26-2023 09:54:56] \n","","","    system_test_framework.go:92: Test case [Test collect reward with invalid validator id should fail] start at [04-26-2023 09:54:56] \n","    zwalletcli_register_wallet_test.go:128: Registering wallet...\n","    zboxcli_update_allocation_test.go:1004: Executing faucet...\n","    zwalletcli_register_wallet_test.go:143: faucet output: [No wallet in path  config/TestValidatorCollectRewards-Test_collect_reward_with_invalid_validator_id_should_fail_wallet.json found. Creating wallet... ZCN wallet created!! Execute faucet smart contract success with txn :  63818e649e4fbcffee0599d09b214f2bf0c9893c7ed1ba7c08ed01bb3d3e0cd8]\n","    zboxcli_update_allocation_test.go:1004: Executing faucet...\n","    zboxcli_validator_config_update_test.go:100: Requesting validator list...\n","    zboxcli_stake_unstake_token_test.go:284: Staking tokens...\n","    zboxcli_collect_rewards_test.go:388: collecting rewards...\n","    zboxcli_collect_rewards_test.go:304: Test case [Test collect reward with invalid validator id should fail] exit at [04-26-2023 09:55:17]\n","--- PASS: TestValidatorCollectRewards/Test_collect_reward_with_invalid_validator_id_should_fail (21.53s)",""],"Passed":true,"Skipped":false,"TestFileName":"","TestFunctionDetail":{"Line":0,"Col":0}}]},{"FailureIndicator":"","SkippedIndicator":"","TestResults":[{"TestName":"TestValidatorCollectRewards/Test_collect_reward_with_no_provider_id_or_type_should_fail","Package":"github.com/0chain/system_test/tests/cli_tests","ElapsedTime":8.25,"Output":["","    zboxcli_collect_rewards_test.go:376: Test case [Test collect reward with no provider id or type should fail] scheduled at [04-26-2023 09:54:56] \n","","","    system_test_framework.go:92: Test case [Test collect reward with no provider id or type should fail] start at [04-26-2023 09:54:56] \n","    zwalletcli_register_wallet_test.go:128: Registering wallet...\n","    zboxcli_update_allocation_test.go:1004: Executing faucet...\n","    zwalletcli_register_wallet_test.go:143: faucet output: [No wallet in path  config/TestValidatorCollectRewards-Test_collect_reward_with_no_provider_id_or_type_should_fail_wallet.json found. Creating wallet... ZCN wallet created!! Execute faucet smart contract success with txn :  58a64b5a20ba41df16dd0bd26c167427838fc85a2d45d0a86cc343e26723e81f]\n","    zboxcli_collect_rewards_test.go:388: collecting rewards...\n","    zboxcli_collect_rewards_test.go:376: Test case [Test collect reward with no provider id or type should fail] exit at [04-26-2023 09:55:04]\n","--- PASS: TestValidatorCollectRewards/Test_collect_reward_with_no_provider_id_or_type_should_fail (8.25s)",""],"Passed":true,"Skipped":false,"TestFileName":"","TestFunctionDetail":{"Line":0,"Col":0}}]},{"FailureIndicator":"","SkippedIndicator":"","TestResults":[{"TestName":"TestValidatorCollectRewards/Test_collect_reward_with_valid_pool_and_validator_id_should_pass","Package":"github.com/0chain/system_test/tests/cli_tests","ElapsedTime":84.6,"Output":["","    zboxcli_collect_rewards_test.go:207: Test case [Test collect reward with valid pool and validator id should pass] scheduled at [04-26-2023 09:54:56] \n","","","    system_test_framework.go:92: Test case [Test collect reward with valid pool and validator id should pass] start at [04-26-2023 09:54:56] \n","    zwalletcli_register_wallet_test.go:128: Registering wallet...\n","    zboxcli_update_allocation_test.go:1004: Executing faucet...\n","    zwalletcli_register_wallet_test.go:143: faucet output: [No wallet in path  config/TestValidatorCollectRewards-Test_collect_reward_with_valid_pool_and_validator_id_should_pass_wallet.json found. Creating wallet... ZCN wallet created!! Execute faucet smart contract success with txn :  6b20e44be295aadf5f851ec666274cfee588986a506860afc5103574838c9366]\n","    zwalletcli_register_wallet_test.go:220: Getting wallet...\n","    zboxcli_update_allocation_test.go:1004: Executing faucet...\n","    zboxcli_validator_config_update_test.go:100: Requesting validator list...\n","    zboxcli_stake_unstake_token_test.go:284: Staking tokens...\n","    miner_block_rewards_test.go:484: list sharder nodes...\n","    miner_block_rewards_test.go:498: Getting balance for 2e4dc173b73f391494294918000ee75e17ce6c01806b02318f8468d02c330f29...\n","    zwalletcli_register_wallet_test.go:128: Registering wallet...\n","    zboxcli_update_allocation_test.go:1004: Executing faucet...\n","    zwalletcli_register_wallet_test.go:143: faucet output: [Execute faucet smart contract success with txn :  8ddd69948ad2ed1958632722400a2e38d1b964acd8fdb2113f93eea33956be68]\n","    zboxcli_update_allocation_test.go:1004: Executing faucet...\n","    zboxcli_create_allocation_test.go:440: Creating new allocation...\n","    zboxcli_download_token_test.go:132: Locking read tokens...\n","    zboxcli_file_upload_test.go:808: Uploading file /tmp/J1r8ZKKARZ_test.txt to allocation ddd899e0681621e6700aefc04c0c2282c92e54962749e41c067afc191ace9ad3 with remotepath /J1r8ZKKARZ_test.txt\n","    zboxcli_file_upload_test.go:766: Uploading file...\n","    utils.go:138: Waiting 15s...\n","    zboxcli_file_download_test.go:1408: Downloading file...\n","    utils.go:138: Waiting 30s...\n","    zboxcli_stake_unstake_token_test.go:294: Fetching stake pool info...\n","stakePoolAfter {9462ad82b0684f018a31c595ce19b75427b14a33ca72c1c5bba7cee43ed8f0c7 30000000000 0 0 0 0 0 0 [{24f39922333dad4121c7325a82bba2fb8331a5ec92c7efe67acc9f8c67a8f502 10000000000 24f39922333dad4121c7325a82bba2fb8331a5ec92c7efe67acc9f8c67a8f502 128465 false 128465 0 active 2322} {2e4dc173b73f391494294918000ee75e17ce6c01806b02318f8468d02c330f29 10000000000 2e4dc173b73f391494294918000ee75e17ce6c01806b02318f8468d02c330f29 128423 false 128423 0 active 2322} {f4b04fbbddddf1269b92634fe173fb587d051c3e08ebd1c6abcb419213922a94 10000000000 f4b04fbbddddf1269b92634fe173fb587d051c3e08ebd1c6abcb419213922a94 128401 false 128401 0 active 2322}] 0 629504 {591d6d0d5642bdbc924756ca2647b4b59adce0acd02a487ecc4d1bd4669293a8 50 0.3}}\n","rewards 128423\n","    zboxcli_collect_rewards_test.go:388: collecting rewards...\n","    miner_block_rewards_test.go:484: list sharder nodes...\n","    miner_block_rewards_test.go:498: Getting balance for 2e4dc173b73f391494294918000ee75e17ce6c01806b02318f8468d02c330f29...\n","    zboxcli_collect_rewards_test.go:207: Test case [Test collect reward with valid pool and validator id should pass] exit at [04-26-2023 09:56:20]\n","--- PASS: TestValidatorCollectRewards/Test_collect_reward_with_valid_pool_and_validator_id_should_pass (84.60s)",""],"Passed":true,"Skipped":false,"TestFileName":"","TestFunctionDetail":{"Line":0,"Col":0}}]}]

    const report = window.GoTestReport({
                                         data: data,
                                         testResultsElem: document.getElementById('testResults'),
                                         testGroupListElem: document.getElementById('testGroupList')
                                       });


</script>
</body>
</html>
