<!DOCTYPE html>
<html lang="en">
<head>
    <meta charset="UTF-8">
    <title>Subset of 0Chain System test suite [fix_TestShareFile/2c91ea2f] ran against [dev-6.devnet-0chain.net] at [2022-09-18_13.33.25]</title>
    <style type="text/css">
        body {
            font-family: sans-serif;
            background-color: #f3f3f3;
            border-top: 2px #dee6e8 solid;
            margin: 0;
        }

        div.pageHeader span.projectTitle {
            font-family: serif;
            font-size: 2em;
            padding-left: 56px;
            padding-top: 80px;
            display: block;
            color: #a5a5a5;
            text-shadow: 0 -1px 1px white;
        }

        div.pageHeader div.testStats {
            position: absolute;
            top: 7px;
            right: 52px;
            font-size: 0.8em;
            color: #a2a2a2;
        }

        div.pageHeader div.testStats span.indicator {
            font-size: 2em;
            position: relative;
            top: 5px;
            text-shadow: 0 1px 0 white;
        }

        div.pageHeader div.testStats span strong {
            margin-right: 16px;
        }

        div.pageHeader div.testStats span.total {
            border-right: 1px #afafaf dotted;
            background: #8298af;
        }

        div.pageHeader div.testStats span.passed {
            border-right: 1px #afafaf dotted;
            background: #6fca83;
        }

        div.pageHeader div.testStats span.skipped {
            background: #bababa;
        }

        div.pageHeader div.testStats span.failed {
            background: #ff7676;
        }

        div.pageHeader div.testStats span {
            margin-right: 1px;
            height: 55px;
            padding: 20px 8px 18px;
            color: white;
        }

        div.pageHeader .testGroupsTitle {
            margin: 16px 32px 8px 40px;
            font-size: 0.9em;
            color: darkgrey;
            display: inline-block;
        }

        div.pageHeader .testExecutionDate {
            display: inline-block;
            position: absolute;
            right: 10px;
            margin: 14px 32px 8px 40px;
            color: #9e9e9e;
            font-size: 0.9em;
        }

        .testReportContainer {
            padding: 0 32px 32px 32px;
        }

        .cardContainer {
            padding: 16px 16px 16px;
            box-shadow: 0 4px 4px #d4d4d4;
            background-color: white;
        }

        #testResults {
            display: flex;
            flex-wrap: wrap;
        }

        .testResultGroup {
            width: 24px;
            height: 24px;
            background-color: #43c143;
            margin-left: 1px;
            margin-bottom: 1px;
            box-sizing: border-box;
        }

        .testResultGroup.selected {
            border: 1px white solid;
            background-color: black !important;
        }

        .testResultGroup.skipped {
            border: 2px gray solid;
        }

        .testResultGroup.failed {
            background-color: red;
        }

        .cardContainer.testGroupList,
        .cardContainer.testDetail {
            margin-top: 16px;
            padding: 16px;
        }

        .cardContainer.testGroupList {
            color: #9c9c9c;
            padding: 0;
        }

        .cardContainer.testGroupList .testGroupRow {
            cursor: default;
            border-bottom: 1px #dadada dotted;
        }

        .cardContainer.testGroupList .testGroupRow span.testStatus {
            font-size: 1.2em;
            font-weight: bold;
            color: #139e13;
            pointer-events: none;
            display: inline-block;
            overflow: hidden;
            float: left;
            padding-top: 10px;
            padding-left: 20px;
            padding-right: 12px;
        }

        .cardContainer.testGroupList .testGroupRow span.testStatus.skipped {
            color: gray;
        }

        .cardContainer.testGroupList .testGroupRow span.testStatus.failed {
            color: red;
        }

        .cardContainer.testGroupList .testGroupRow span.testTitle {
            font-size: 0.9em;
            padding: 12px 0 10px;
            display: inline-block;
            pointer-events: none;
            color: #525252;
            text-overflow: ellipsis;
            overflow: hidden;
            width: calc(100% - 110px);
        }

        .cardContainer.testGroupList .testGroupRow span.testDuration {
            pointer-events: none;
        }

        .cardContainer.testGroupList .testGroupRow {
            position: relative;
            border-left: 4px #43c143 solid;
        }

        .cardContainer.testGroupList .testGroupRow.skipped {
            color: gray;
            border-left: 4px gray solid;
        }

        .cardContainer.testGroupList .testGroupRow.failed {
            color: red;
            border-left: 4px red solid;
        }

        .cardContainer.testGroupList .testGroupRow:hover {
            background-color: #fffaea;
            transition: 0.250s;
        }

        .cardContainer .testOutput {
            padding: 8px 16px 24px 16px;
        }

        .cardContainer .console {
            display: block;
            font-family: monospace;
            padding: 10px;
            background-color: #424242;
            color: #1aff00;
            border-bottom: 1px #1aff00 dotted;
            overflow: auto;
            font-size: 1.1em;
        }

        .cardContainer .testOutput .testDetail {
            border-bottom: 1px #d0d0d0 solid;
            padding: 16px;
            background-color: #e6e6e6;
            border-radius: 0 0 4px 4px;
            color: dimgrey;
            font-size: 0.8em;
        }

        .cardContainer .console.skipped{
            color: #d9d9d9;
        }

        .cardContainer .console.failed {
            color: #ffb2b2;
        }

        .cardContainer .testDuration {
            position: absolute;
            top: 5px;
            right: 8px;
            text-align: right;
            padding-right: 8px;
            box-sizing: border-box;
        }
    </style>
</head>
<body>
<div class="pageHeader">
    <span class="projectTitle">Subset of 0Chain System test suite [fix_TestShareFile/2c91ea2f] ran against [dev-6.devnet-0chain.net] at [2022-09-18_13.33.25]</span>
    <div class="testStats">
        <span class="total"><span class="indicator">&boxbox;</span> Total: <strong>24</strong>Duration: <strong>7ms</strong>
        </span><span class="passed"><span class="indicator">&check;</span> Passed: <strong>20</strong>
        </span><span class="skipped"><span class="indicator">&dash;</span> Skipped: <strong>0</strong>
        </span><span class="failed"><span class="indicator">&cross;</span> Failed: <strong>4</strong>
        </span>
    </div>
    <span class="testGroupsTitle">Test Groups:</span>
    <span class="testExecutionDate">September 18, 2022 13:47:22</span>
</div>
<div class="testReportContainer">
    <div class="cardContainer">
        <div id="testResults">
            
                <div class="testResultGroup failed " id="0"></div>
            
                <div class="testResultGroup  " id="1"></div>
            
                <div class="testResultGroup  " id="2"></div>
            
                <div class="testResultGroup  " id="3"></div>
            
                <div class="testResultGroup  " id="4"></div>
            
                <div class="testResultGroup  " id="5"></div>
            
                <div class="testResultGroup  " id="6"></div>
            
                <div class="testResultGroup  " id="7"></div>
            
                <div class="testResultGroup failed " id="8"></div>
            
                <div class="testResultGroup  " id="9"></div>
            
                <div class="testResultGroup  " id="10"></div>
            
                <div class="testResultGroup  " id="11"></div>
            
                <div class="testResultGroup  " id="12"></div>
            
                <div class="testResultGroup  " id="13"></div>
            
                <div class="testResultGroup  " id="14"></div>
            
                <div class="testResultGroup  " id="15"></div>
            
                <div class="testResultGroup  " id="16"></div>
            
                <div class="testResultGroup  " id="17"></div>
            
                <div class="testResultGroup  " id="18"></div>
            
                <div class="testResultGroup  " id="19"></div>
            
                <div class="testResultGroup  " id="20"></div>
            
                <div class="testResultGroup failed " id="21"></div>
            
                <div class="testResultGroup failed " id="22"></div>
            
                <div class="testResultGroup  " id="23"></div>
            
        </div>
    </div>
    <div class="cardContainer testGroupList" id="testGroupList"></div>
</div>
<script type="application/javascript">
    /**
 * @typedef TestStatus
 * @property {string} TestName
 * @property {string} Package
 * @property {number} ElapsedTime
 * @property {Array.<string>} Output
 * @property {boolean} Passed
 * @property {boolean} Skipped
 */
class TestStatus {}

/**
 * @typedef TestGroupData
 * @type {object}
 * @property {string} FailureIndicator
 * @property {string} SkippedIndicator
 * @property {Array.<TestStatus>}
 */
class TestGroupData {}

/**
 * @typedef TestResults
 * @type {Array.<TestGroupData>}
 */
class TestResults extends Array {}

/**
 * @typedef SelectedItems
 * @property {HTMLElement|EventTarget} testResults
 * @property {String} selectedTestGroupColor
 */
class SelectedItems {}

/**
 * @typedef GoTestReportElements
 * @property {TestResults} data
 * @property {HTMLElement} testResultsElem
 * @property {HTMLElement} testGroupListElem
 */
class GoTestReportElements {}


/**
 * Main entry point for GoTestReport.
 * @param {GoTestReportElements} elements
 * @returns {{testResultsClickHandler: testResultsClickHandler}}
 * @constructor
 */
window.GoTestReport = function (elements) {
  const /**@type {SelectedItems}*/ selectedItems = {
    testResults: null,
    selectedTestGroupColor: null
  }

  function addEventData(event) {
    if (event.data == null) {
      event.data = {target: event.target}
    }
    return event
  }


  const goTestReport = {
    /**
     * Invoked when a user clicks on one of the test group div elements.
     * @param {HTMLElement} target The element associated with the test group.
     * @param {boolean} shiftKey If pressed, all of test detail associated to the test group is shown.
     * @param {TestResults} data
     * @param {SelectedItems} selectedItems
     * @param {function(target: Element, data: TestResults)} testGroupListHandler
     */
    testResultsClickHandler: function (target,
                                       shiftKey,
                                       data,
                                       selectedItems,
                                       testGroupListHandler) {

      if (target.classList.contains('testResultGroup') === false) {
        return
      }
      if (selectedItems.testResults != null) {
        let testResultsElement = /**@type {HTMLElement}*/ selectedItems.testResults
        testResultsElement.classList.remove("selected")
        testResultsElement.style.backgroundColor = selectedItems.selectedTestGroupColor
      }
      const testGroupId = /**@type {number}*/ target.id
      if ((target.id === undefined)
        || (data[testGroupId] === undefined)
        || (data[testGroupId]['TestResults'] === undefined)) {
        return
      }
      const testResults = /**@type {TestResults}*/ data[testGroupId]['TestResults']
      let testGroupList = /**@type {string}*/ ''
      selectedItems.selectedTestGroupColor = getComputedStyle(target).getPropertyValue('background-color')
      selectedItems.testResults = target
      target.classList.add("selected")
      for (let i = 0; i < testResults.length; i++) {
        const testResult = /**@type {TestGroupData}*/ testResults[i]
        const testPassed = /**@type {boolean}*/ testResult.Passed
        const testSkipped = /**@type {boolean}*/ testResult.Skipped
        const testPassedStatus = /**@type {string}*/ (testPassed) ? '' : (testSkipped ? 'skipped' : 'failed')
        const testId = /**@type {string}*/ target.attributes['id'].value
        testGroupList += `<div class="testGroupRow ${testPassedStatus}" data-groupid="${testId}" data-index="${i}">
        <span class="testStatus ${testPassedStatus}">${(testPassed) ? '&check' : (testSkipped ? '&dash' : '&cross')};</span>
        <span class="testTitle">${testResult.TestName}</span>
        <span class="testDuration"><span>${testResult.ElapsedTime}s </span>‚è±</span>
      </div>`
      }
      const testGroupListElem = elements.testGroupListElem
      testGroupListElem.innerHTML = ''
      testGroupListElem.innerHTML = testGroupList

      if (shiftKey) {
        testGroupListElem.querySelectorAll('.testGroupRow')
                         .forEach((elem) => testGroupListHandler(elem, data))
      } else if (testResults.length === 1) {
        testGroupListHandler(testGroupListElem.querySelector('.testGroupRow'), data)
      }
    },

    /**
     *
     * @param {Element} target
     * @param {TestResults} data
     */
    testGroupListHandler: function (target, data) {
      const attribs = target['attributes']
      if (attribs.hasOwnProperty('data-groupid')) {
        const groupId = /**@type {number}*/ attribs['data-groupid'].value
        const testIndex = /**@type {number}*/ attribs['data-index'].value
        const testStatus = /**@type {TestStatus}*/ data[groupId]['TestResults'][testIndex]
        const testOutputDiv = /**@type {HTMLDivElement}*/ target.querySelector('div.testOutput')

        if (testOutputDiv == null) {
          const testOutputDiv = document.createElement('div')
          testOutputDiv.classList.add('testOutput')
          const consolePre = document.createElement('pre')
          consolePre.classList.add('console')
          const testDetailDiv = document.createElement('div')
          testDetailDiv.classList.add('testDetail')
          const packageNameDiv = document.createElement('div')
          packageNameDiv.classList.add('package')
          packageNameDiv.innerHTML = `<strong>Package:</strong> ${testStatus.Package}`
          const testFileNameDiv = document.createElement('div')
          testFileNameDiv.classList.add('filename')
          if (testStatus.TestFileName.trim() === "") {
            testFileNameDiv.innerHTML = `<strong>Filename:</strong> n/a &nbsp;&nbsp;`
          } else {
            testFileNameDiv.innerHTML = `<strong>Filename:</strong> ${testStatus.TestFileName} &nbsp;&nbsp;`
            testFileNameDiv.innerHTML += `<strong>Line:</strong> ${testStatus.TestFunctionDetail.Line} `
            testFileNameDiv.innerHTML += `<strong>Col:</strong> ${testStatus.TestFunctionDetail.Col}`
          }
          testDetailDiv.insertAdjacentElement('beforeend', packageNameDiv)
          testDetailDiv.insertAdjacentElement('beforeend', testFileNameDiv)
          testOutputDiv.insertAdjacentElement('afterbegin', consolePre)
          testOutputDiv.insertAdjacentElement('beforeend', testDetailDiv)
          target.insertAdjacentElement('beforeend', testOutputDiv)

          if (testStatus.Passed) {
            consolePre.classList.remove('skipped')
            consolePre.classList.remove('failed')
          } else if (testStatus.Skipped) {
            consolePre.classList.add('skipped')
            consolePre.classList.remove('failed')
          } else {
            consolePre.classList.remove('skipped')
            consolePre.classList.add('failed')
          }
          consolePre.textContent = testStatus.Output.join('')
        } else {
          testOutputDiv.remove()
        }
      }
    }
  }

  //+------------------------+
  //|    setup DOM events    |
  //+------------------------+
  elements.testResultsElem
          .addEventListener('click', event =>
            goTestReport.testResultsClickHandler(/**@type {HTMLElement}*/ addEventData(event).data.target,
                                                 event.shiftKey,
                                                 elements.data,
                                                 selectedItems,
                                                 goTestReport.testGroupListHandler))

  elements.testGroupListElem
          .addEventListener('click', event =>
            goTestReport.testGroupListHandler(/**@type {Element}*/ event.target,
                                              elements.data))

  return goTestReport
}


    

    const data = [{"FailureIndicator":"failed","SkippedIndicator":"","TestResults":[{"TestName":"TestShareFile","Package":"github.com/0chain/system_test/tests/cli_tests","ElapsedTime":0,"Output":["","","","","","","","","","","","","","","","","","","","","","","","","","","",""],"Passed":false,"Skipped":false,"TestFileName":"zboxcli_share_file_test.go","TestFunctionDetail":{"Line":21,"Col":1}}]},{"FailureIndicator":"","SkippedIndicator":"","TestResults":[{"TestName":"TestShareFile/Auth_ticket_for_wrong_clientId_should_fail_to_download_-_proxy_re-encryption","Package":"github.com/0chain/system_test/tests/cli_tests","ElapsedTime":40.51,"Output":["","","","    zwalletcli_register_wallet_test.go:108: Registering wallet...\n","","    zboxcli_update_allocation_test.go:588: Executing faucet...\n","","    zboxcli_create_allocation_test.go:288: Creating new allocation...\n","","    zboxcli_download_token_test.go:129: Locking read tokens...\n","","    zwalletcli_register_wallet_test.go:188: Getting wallet...\n","","    zboxcli_file_upload_test.go:902: Uploading file...\n","","    zwalletcli_register_wallet_test.go:108: Registering wallet...\n","","    zboxcli_update_allocation_test.go:588: Executing faucet...\n","","    zboxcli_download_token_test.go:129: Locking read tokens...\n","","    zwalletcli_register_wallet_test.go:188: Getting wallet...\n","","    zwalletcli_register_wallet_test.go:188: Getting wallet...\n","","    zboxcli_share_file_test.go:1535: Sharing file...\n","","    utils.go:134: Waiting 15s...\n","","    zboxcli_file_download_test.go:1477: Downloading file...\n","--- PASS: TestShareFile/Auth_ticket_for_wrong_clientId_should_fail_to_download_-_proxy_re-encryption (40.51s)",""],"Passed":true,"Skipped":false,"TestFileName":"","TestFunctionDetail":{"Line":0,"Col":0}}]},{"FailureIndicator":"","SkippedIndicator":"","TestResults":[{"TestName":"TestShareFile/Auth_ticket_for_wrong_encryption_public_key_should_fail_to_download_-_proxy_re-encryption","Package":"github.com/0chain/system_test/tests/cli_tests","ElapsedTime":40.5,"Output":["","","","","    zwalletcli_register_wallet_test.go:108: Registering wallet...\n","","    zboxcli_update_allocation_test.go:588: Executing faucet...\n","","    zboxcli_create_allocation_test.go:288: Creating new allocation...\n","","    zboxcli_download_token_test.go:129: Locking read tokens...\n","","    zwalletcli_register_wallet_test.go:188: Getting wallet...\n","","    zboxcli_file_upload_test.go:902: Uploading file...\n","","    zwalletcli_register_wallet_test.go:108: Registering wallet...\n","","    zboxcli_update_allocation_test.go:588: Executing faucet...\n","","    zboxcli_download_token_test.go:129: Locking read tokens...\n","","    zwalletcli_register_wallet_test.go:188: Getting wallet...\n","","    zwalletcli_register_wallet_test.go:188: Getting wallet...\n","","    zboxcli_share_file_test.go:1535: Sharing file...\n","","    utils.go:134: Waiting 15s...\n","","    zboxcli_file_download_test.go:1477: Downloading file...\n","--- PASS: TestShareFile/Auth_ticket_for_wrong_encryption_public_key_should_fail_to_download_-_proxy_re-encryption (40.50s)",""],"Passed":true,"Skipped":false,"TestFileName":"","TestFunctionDetail":{"Line":0,"Col":0}}]},{"FailureIndicator":"","SkippedIndicator":"","TestResults":[{"TestName":"TestShareFile/Expired_auth_ticket_of_a_publicly-shared_file_should_fail_to_download","Package":"github.com/0chain/system_test/tests/cli_tests","ElapsedTime":43.29,"Output":["","","","    zwalletcli_register_wallet_test.go:108: Registering wallet...\n","","    zboxcli_update_allocation_test.go:588: Executing faucet...\n","","    zboxcli_create_allocation_test.go:288: Creating new allocation...\n","","    zboxcli_download_token_test.go:129: Locking read tokens...\n","","    zwalletcli_register_wallet_test.go:188: Getting wallet...\n","","    zboxcli_file_upload_test.go:902: Uploading file...\n","","    zwalletcli_register_wallet_test.go:108: Registering wallet...\n","","    zboxcli_share_file_test.go:1535: Sharing file...\n","","    utils.go:134: Waiting 10s...\n","","    utils.go:134: Waiting 15s...\n","","    zboxcli_file_download_test.go:1477: Downloading file...\n","--- PASS: TestShareFile/Expired_auth_ticket_of_a_publicly-shared_file_should_fail_to_download (43.29s)",""],"Passed":true,"Skipped":false,"TestFileName":"","TestFunctionDetail":{"Line":0,"Col":0}}]},{"FailureIndicator":"","SkippedIndicator":"","TestResults":[{"TestName":"TestShareFile/Expired_auth_ticket_of_an_encrypted_file_should_fail_to_download_-_proxy_re-encryption","Package":"github.com/0chain/system_test/tests/cli_tests","ElapsedTime":43.6,"Output":["","","","    zwalletcli_register_wallet_test.go:108: Registering wallet...\n","","    zboxcli_update_allocation_test.go:588: Executing faucet...\n","","    zboxcli_create_allocation_test.go:288: Creating new allocation...\n","","    zboxcli_download_token_test.go:129: Locking read tokens...\n","","    zwalletcli_register_wallet_test.go:188: Getting wallet...\n","","    zboxcli_file_upload_test.go:902: Uploading file...\n","","    zwalletcli_register_wallet_test.go:108: Registering wallet...\n","","    zwalletcli_register_wallet_test.go:188: Getting wallet...\n","","    zboxcli_share_file_test.go:1535: Sharing file...\n","","    utils.go:134: Waiting 10s...\n","","    utils.go:134: Waiting 15s...\n","","    zboxcli_file_download_test.go:1477: Downloading file...\n","--- PASS: TestShareFile/Expired_auth_ticket_of_an_encrypted_file_should_fail_to_download_-_proxy_re-encryption (43.60s)",""],"Passed":true,"Skipped":false,"TestFileName":"","TestFunctionDetail":{"Line":0,"Col":0}}]},{"FailureIndicator":"","SkippedIndicator":"","TestResults":[{"TestName":"TestShareFile/Folder_not_shared_should_fail_to_download_-_proxy_re-encryption","Package":"github.com/0chain/system_test/tests/cli_tests","ElapsedTime":34.03,"Output":["","","","    zwalletcli_register_wallet_test.go:108: Registering wallet...\n","","    zboxcli_update_allocation_test.go:588: Executing faucet...\n","","    zboxcli_create_allocation_test.go:288: Creating new allocation...\n","","    zboxcli_download_token_test.go:129: Locking read tokens...\n","","    zwalletcli_register_wallet_test.go:188: Getting wallet...\n","    zboxcli_file_upload_test.go:902: Uploading file...\n","","    zboxcli_file_upload_test.go:902: Uploading file...\n","","    zwalletcli_register_wallet_test.go:108: Registering wallet...\n","","    zwalletcli_register_wallet_test.go:188: Getting wallet...\n","    zboxcli_share_file_test.go:1535: Sharing file...\n","","    utils.go:134: Waiting 15s...\n","","    zboxcli_file_download_test.go:1477: Downloading file...\n","--- PASS: TestShareFile/Folder_not_shared_should_fail_to_download_-_proxy_re-encryption (34.03s)",""],"Passed":true,"Skipped":false,"TestFileName":"","TestFunctionDetail":{"Line":0,"Col":0}}]},{"FailureIndicator":"","SkippedIndicator":"","TestResults":[{"TestName":"TestShareFile/Revoke_auth_ticket_of_encrypted_file_-_proxy_re-encryption","Package":"github.com/0chain/system_test/tests/cli_tests","ElapsedTime":34.1,"Output":["","","","    zwalletcli_register_wallet_test.go:108: Registering wallet...\n","","    zboxcli_update_allocation_test.go:588: Executing faucet...\n","","    zboxcli_create_allocation_test.go:288: Creating new allocation...\n","","    zboxcli_download_token_test.go:129: Locking read tokens...\n","","    zwalletcli_register_wallet_test.go:188: Getting wallet...\n","","    zboxcli_file_upload_test.go:902: Uploading file...\n","","    zwalletcli_register_wallet_test.go:108: Registering wallet...\n","","    zwalletcli_register_wallet_test.go:188: Getting wallet...\n","","    zboxcli_share_file_test.go:1535: Sharing file...\n","","    zboxcli_share_file_test.go:1535: Sharing file...\n","","    utils.go:134: Waiting 15s...\n","","    zboxcli_file_download_test.go:1477: Downloading file...\n","--- PASS: TestShareFile/Revoke_auth_ticket_of_encrypted_file_-_proxy_re-encryption (34.10s)",""],"Passed":true,"Skipped":false,"TestFileName":"","TestFunctionDetail":{"Line":0,"Col":0}}]},{"FailureIndicator":"","SkippedIndicator":"","TestResults":[{"TestName":"TestShareFile/Revoke_auth_ticket_on_publicly-shared_unencrypted_file_should_fail_to_download","Package":"github.com/0chain/system_test/tests/cli_tests","ElapsedTime":39.02,"Output":["","","","","    zwalletcli_register_wallet_test.go:108: Registering wallet...\n","","    zboxcli_update_allocation_test.go:588: Executing faucet...\n","","    zboxcli_create_allocation_test.go:288: Creating new allocation...\n","","    zboxcli_download_token_test.go:129: Locking read tokens...\n","","    zwalletcli_register_wallet_test.go:188: Getting wallet...\n","","    zboxcli_file_upload_test.go:902: Uploading file...\n","","    zwalletcli_register_wallet_test.go:108: Registering wallet...\n","","    zboxcli_share_file_test.go:1535: Sharing file...\n","","    zboxcli_share_file_test.go:1535: Sharing file...\n","","    utils.go:134: Waiting 15s...\n","","    zboxcli_file_download_test.go:1477: Downloading file...\n","","    utils.go:63: \u001b[33mCommand failed on attempt [1/3] due to error [exit status 1]. Output: [0 / 256    0.00% 0 / 256    0.00% 0s -\u003cNEWLINE\u003e- Error in file operation: Download failed for block 1. -\u003cNEWLINE\u003e- response_error: client does not have permission to download the file. share revoked]\n","","    utils.go:63: \u001b[33mCommand failed on attempt [2/3] due to error [exit status 1]. Output: [0 / 256    0.00% 0 / 256    0.00% 0s -\u003cNEWLINE\u003e- Error in file operation: Download failed for block 1. -\u003cNEWLINE\u003e- response_error: client does not have permission to download the file. share revoked]\n","","    utils.go:66: \u001b[31mCommand failed on final attempt [3/3] due to error [exit status 1]. Command String: [./zbox download --localpath /tmp/7qPMrGlIJM_test.txt --authticket eyJjbGllbnRfaWQiOiIiLCJvd25lcl9pZCI6ImQ5NTUyZjMwOGI3MDE5NzRiZjFhM2ZiMjVlOWQzZmQyYWE3YjY2ODFjZGZlOTc5NzEzODg1NTUxNmYxMmE5ZmIiLCJhbGxvY2F0aW9uX2lkIjoiODM5MmI1NjdmZWFkODc2OTk0MzAwMzc5ZGQ0ZWZhZGNlZjI5YTUwZDJkYzhkMjI3ODJiODQyNWU1YjAxMjFiZiIsImZpbGVfcGF0aF9oYXNoIjoiZGQ3ODQ0Nzg5NWQ2MzA2NTVjYTIwMWZmMWM5NGIwMzExZGE4NDEyNTc1YWQwNzk4MDI5ZjIxOWEzODY3NTJmMyIsImFjdHVhbF9maWxlX2hhc2giOiJiZTU1YmM5Yzc3NzdjYTExZWVmZGZmZjY1MGVjYjVjMjc4N2ViYjk0NzBlZDBlMjk1YzQwNzdlMWY5M2ZkMTZkIiwiZmlsZV9uYW1lIjoiN3FQTXJHbElKTV90ZXN0LnR4dCIsInJlZmVyZW5jZV90eXBlIjoiZiIsImV4cGlyYXRpb24iOjAsInRpbWVzdGFtcCI6MTY2MzUwMDgzMSwiZW5jcnlwdGVkIjpmYWxzZSwic2lnbmF0dXJlIjoiMzA3YThlMTllMjI5MzQyYjlkMTY2ZTE2Mzg5NTYwMjBlYmU4ZjYwYTk3NWIxYzBiOGZiNzM0N2Y3ZjkwNDNhMyJ9 --silent --wallet TestShareFile-Revoke_auth_ticket_on_publicly-shared_unencrypted_file_should_fail_to_download_second_wallet.json --co","nfigDir ./config --config ./zbox_config.yaml] Output: [0 / 256    0.00% 0 / 256    0.00% 0s -\u003cNEWLINE\u003e- Error in file operation: Download failed for block 1. -\u003cNEWLINE\u003e- response_error: client does not have permission to download the file. share revoked]\n","    utils.go:69: \u001b[31mThe verbose output for the command is:\n","    utils.go:73: \u001b[31m0chain-core-sdk [INFO]   2022/09/18 13:34:12.147841 wallet_base.go:261: ******* Wallet SDK Version:v1.8.6-11-g09a231dc-dirty ******* (SetLogFile)\n","    utils.go:73: \u001b[31m0box-sdk        [INFO]   2022/09/18 13:34:12.147919 sdk.go:73: ******* Storage SDK Version: v1.8.6-11-g09a231dc-dirty *******\n","    utils.go:73: \u001b[31m0chain-core-sdk [INFO]   2022/09/18 13:34:12.246418 transaction.go:1332: ******* Wallet SDK Version:v1.8.6-11-g09a231dc-dirty ******* (InitZCNSDK)\n","    utils.go:73: \u001b[31m0box-sdk        [DEBUG]  2022/09/18 13:34:12.336492 networkworker.go:105: Get network result:{\"miners\":[\"https://dev-6.devnet-0chain.net/miner01\",\"https://dev-6.devnet-0chain.net/miner03\",\"https://dev-6.devnet-0chain.net/miner02\"],\"sharders\":[\"https://dev-6.devnet-0chain.net/sharder02\",\"https://dev-6.devnet-0chain.net/sharder01\"]}\n","    utils.go:73: \u001b[31m0box-sdk        [INFO]   2022/09/18 13:34:12.392744 allocation.go:249: received a download request for\n","    utils.go:73: \u001b[31m0box-sdk        [INFO]   2022/09/18 13:34:12.422959 filemetaworker.go:73: File Meta result:{\"actual_file_hash\":\"be55bc9c7777ca11eefdfff650ecb5c2787ebb9470ed0e295c4077e1f93fd16d\",\"actual_file_size\":256,\"actual_thumbnail_hash\":\"\",\"actual_thumbnail_size\":0,\"allocation_id\":\"8392b567fead876994300379dd4efadcef29a50d2dc8d22782b8425e5b0121bf\",\"chunk_size\":65536,\"collaborators\":[],\"commit_meta_txns\":[],\"content_hash\":\"3ed25d7ae3e8365f9f2feea93e9f9b6b530cb1bedb535d0aa413731c8dbf951f\",\"created_at\":1663500827,\"custom_meta\":\"\",\"encrypted_key\":\"\",\"hash\":\"a036c41c8e7a8ed9a9516f1a174654f6db900ebbf1966c0493d70a18f368dff9\",\"lookup_hash\":\"dd78447895d630655ca201ff1c94b0311da8412575ad0798029f219a386752f3\",\"merkle_root\":\"10e9426871d4e537e5d2b340105c0c77c57a9f6a09b37d5e607e11a1b1e3fb91\",\"mimetype\":\"application/octet-stream\",\"name\":\"7qPMrGlIJM_test.txt\",\"num_of_blocks\":1,\"on_cloud\":false,\"path_hash\":\"dd78447895d630655ca201ff1c94b0311da8412575ad0798029f219a386752f3\",\"size\":256,\"thumbnail_hash\":\"\",\"thumbnail_size","\":0,\"type\":\"f\",\"updated_at\":1663500827}\n","    utils.go:73: \u001b[31m0box-sdk        [DEBUG]  2022/09/18 13:34:12.423078 filemetaworker.go:74: File meta response status: 200 OK\n","    utils.go:73: \u001b[31m0box-sdk        [INFO]   2022/09/18 13:34:12.423028 filemetaworker.go:73: File Meta result:{\"actual_file_hash\":\"be55bc9c7777ca11eefdfff650ecb5c2787ebb9470ed0e295c4077e1f93fd16d\",\"actual_file_size\":256,\"actual_thumbnail_hash\":\"\",\"actual_thumbnail_size\":0,\"allocation_id\":\"8392b567fead876994300379dd4efadcef29a50d2dc8d22782b8425e5b0121bf\",\"chunk_size\":65536,\"collaborators\":[],\"commit_meta_txns\":[],\"content_hash\":\"3ed25d7ae3e8365f9f2feea93e9f9b6b530cb1bedb535d0aa413731c8dbf951f\",\"created_at\":1663500827,\"custom_meta\":\"\",\"encrypted_key\":\"\",\"hash\":\"a036c41c8e7a8ed9a9516f1a174654f6db900ebbf1966c0493d70a18f368dff9\",\"lookup_hash\":\"dd78447895d630655ca201ff1c94b0311da8412575ad0798029f219a386752f3\",\"merkle_root\":\"10e9426871d4e537e5d2b340105c0c77c57a9f6a09b37d5e607e11a1b1e3fb91\",\"mimetype\":\"application/octet-stream\",\"name\":\"7qPMrGlIJM_test.txt\",\"num_of_blocks\":1,\"on_cloud\":false,\"path_hash\":\"dd78447895d630655ca201ff1c94b0311da8412575ad0798029f219a386752f3\",\"size\":256,\"thumbnail_hash\":\"\",\"thumbnail_size","\":0,\"type\":\"f\",\"updated_at\":1663500827}\n","    utils.go:73: \u001b[31m0box-sdk        [DEBUG]  2022/09/18 13:34:12.423145 filemetaworker.go:74: File meta response status: 200 OK\n","    utils.go:73: \u001b[31m0box-sdk        [INFO]   2022/09/18 13:34:12.423434 downloadworker.go:256: Encrypted key from fileref\n","    utils.go:73: \u001b[31m0 / 256    0.00%0box-sdk        [INFO]   2022/09/18 13:34:12.423776 downloadworker.go:295: Download Size:256 Shard:256 chunks/shard:1\n","    utils.go:73: \u001b[31m0box-sdk        [INFO]   2022/09/18 13:34:12.423797 downloadworker.go:296: Start block: 1 End block: 1 Num blocks: 10\n","    utils.go:73: \u001b[31m0box-sdk        [INFO]   2022/09/18 13:34:12.423828 downloadworker.go:308: Downloading block 1\n","    utils.go:73: \u001b[31m0box-sdk        [INFO]   2022/09/18 13:34:12.423850 downloadworker.go:100: downloadBlock 1 numDownloads 2\n","    utils.go:73: \u001b[31m0box-sdk        \u001b[31m[ERROR]  2022/09/18 13:34:12.517462 downloadworker.go:114: Download block : https://dev-6.devnet-0chain.net/blobber03 response_error: client does not have permission to download the file. share revoked\u001b[0m\n","    utils.go:73: \u001b[31m0 / 256    0.00% 0s\n","    utils.go:73: \u001b[31mError in file operation: Download failed for block 1.\n","    utils.go:73: \u001b[31mresponse_error: client does not have permission to download the file. share revoked\n","--- PASS: TestShareFile/Revoke_auth_ticket_on_publicly-shared_unencrypted_file_should_fail_to_download (39.02s)",""],"Passed":true,"Skipped":false,"TestFileName":"","TestFunctionDetail":{"Line":0,"Col":0}}]},{"FailureIndicator":"failed","SkippedIndicator":"","TestResults":[{"TestName":"TestShareFile/Share_encrypted_file_using_auth_ticket_-_download_accounting_test_-_proxy_re-encryption_","Package":"github.com/0chain/system_test/tests/cli_tests","ElapsedTime":161.19,"Output":["","","","    zwalletcli_register_wallet_test.go:108: Registering wallet...\n","","    zboxcli_update_allocation_test.go:588: Executing faucet...\n","","    zboxcli_create_allocation_test.go:288: Creating new allocation...\n","","    zboxcli_download_token_test.go:129: Locking read tokens...\n","","    zwalletcli_register_wallet_test.go:188: Getting wallet...\n","    zboxcli_file_upload_test.go:902: Uploading file...\n","    zwalletcli_register_wallet_test.go:108: Registering wallet...\n","","    zboxcli_update_allocation_test.go:588: Executing faucet...\n","","    zboxcli_download_token_test.go:129: Locking read tokens...\n","    zwalletcli_register_wallet_test.go:188: Getting wallet...\n","    zboxcli_share_file_test.go:1535: Sharing file...\n","    utils.go:134: Waiting 30s...\n","","    zboxcli_download_token_test.go:120: Getting read pool info...\n","","    zboxcli_share_file_test.go:1146: this is initial readpool balance 10000000000\n","    zboxcli_download_token_test.go:143: Getting download cost...\n","","    zboxcli_share_file_test.go:1161: Download cost: 122070 sas\n","    utils.go:134: Waiting 15s...\n","","    zboxcli_file_download_test.go:1477: Downloading file...\n","    utils.go:134: Waiting 1m0s...\n","","    utils.go:134: Waiting 30s...\n","    zboxcli_download_token_test.go:120: Getting read pool info...\n","    zboxcli_share_file_test.go:1195: Final read pool balance 10000000000\n","    zboxcli_share_file_test.go:1196: \n","        \tError Trace:\t/root/actions-runner6/_work/system_test/system_test/tests/cli_tests/zboxcli_share_file_test.go:1196\n","        \tError:      \tNot equal: \n","        \t            \texpected: 9.99987793e+09\n","        \t            \tactual  : 1e+10\n","        \tTest:       \tTestShareFile/Share_encrypted_file_using_auth_ticket_-_download_accounting_test_-_proxy_re-encryption_\n","","","","","    zwalletcli_register_wallet_test.go:108: Registering wallet...\n","    zboxcli_update_allocation_test.go:588: Executing faucet...\n","    zboxcli_create_allocation_test.go:288: Creating new allocation...\n","    zboxcli_download_token_test.go:129: Locking read tokens...\n","    zwalletcli_register_wallet_test.go:188: Getting wallet...\n","    zboxcli_file_upload_test.go:902: Uploading file...\n","    zwalletcli_register_wallet_test.go:108: Registering wallet...\n","    zboxcli_update_allocation_test.go:588: Executing faucet...\n","    zboxcli_download_token_test.go:129: Locking read tokens...\n","    zwalletcli_register_wallet_test.go:188: Getting wallet...\n","    zboxcli_share_file_test.go:1535: Sharing file...\n","    utils.go:134: Waiting 30s...\n","    zboxcli_download_token_test.go:120: Getting read pool info...\n","    zboxcli_share_file_test.go:1146: this is initial readpool balance 10000000000\n","    zboxcli_download_token_test.go:143: Getting download cost...\n","    zboxcli_share_file_test.go:1161: Download cost: 122070 sas\n","    utils.go:134: Waiting 15s...\n","    zboxcli_file_download_test.go:1477: Downloading file...\n","    utils.go:134: Waiting 1m0s...\n","    utils.go:134: Waiting 30s...\n","    zboxcli_download_token_test.go:120: Getting read pool info...\n","    zboxcli_share_file_test.go:1195: Final read pool balance 10000000000\n","    zboxcli_share_file_test.go:1196: \n","        \tError Trace:\t/root/actions-runner6/_work/system_test/system_test/tests/cli_tests/zboxcli_share_file_test.go:1196\n","        \tError:      \tNot equal: \n","        \t            \texpected: 9.99987793e+09\n","        \t            \tactual  : 1e+10\n","        \tTest:       \tTestShareFile/Share_encrypted_file_using_auth_ticket_-_download_accounting_test_-_proxy_re-encryption_\n","","","","","    zwalletcli_register_wallet_test.go:108: Registering wallet...\n","    zboxcli_update_allocation_test.go:588: Executing faucet...\n","    zboxcli_create_allocation_test.go:288: Creating new allocation...\n","    zboxcli_download_token_test.go:129: Locking read tokens...\n","    zwalletcli_register_wallet_test.go:188: Getting wallet...\n","    zboxcli_file_upload_test.go:902: Uploading file...\n","    zwalletcli_register_wallet_test.go:108: Registering wallet...\n","    zboxcli_update_allocation_test.go:588: Executing faucet...\n","    zboxcli_download_token_test.go:129: Locking read tokens...\n","    zwalletcli_register_wallet_test.go:188: Getting wallet...\n","    zboxcli_share_file_test.go:1535: Sharing file...\n","    utils.go:134: Waiting 30s...\n","    zboxcli_download_token_test.go:120: Getting read pool info...\n","    zboxcli_share_file_test.go:1146: this is initial readpool balance 10000000000\n","    zboxcli_download_token_test.go:143: Getting download cost...\n","    zboxcli_share_file_test.go:1161: Download cost: 122070 sas\n","    utils.go:134: Waiting 15s...\n","    zboxcli_file_download_test.go:1477: Downloading file...\n","    utils.go:134: Waiting 1m0s...\n","    utils.go:134: Waiting 30s...\n","    zboxcli_download_token_test.go:120: Getting read pool info...\n","    zboxcli_share_file_test.go:1195: Final read pool balance 10000000000\n","    zboxcli_share_file_test.go:1196: \n","        \tError Trace:\t/root/actions-runner6/_work/system_test/system_test/tests/cli_tests/zboxcli_share_file_test.go:1196\n","        \tError:      \tNot equal: \n","        \t            \texpected: 9.99987793e+09\n","        \t            \tactual  : 1e+10\n","        \tTest:       \tTestShareFile/Share_encrypted_file_using_auth_ticket_-_download_accounting_test_-_proxy_re-encryption_\n",""],"Passed":false,"Skipped":false,"TestFileName":"","TestFunctionDetail":{"Line":0,"Col":0}}]},{"FailureIndicator":"","SkippedIndicator":"","TestResults":[{"TestName":"TestShareFile/Share_encrypted_file_using_auth_ticket_-_download_accounting_test_where_3rd_party_pays_-_proxy_re-encryption_","Package":"github.com/0chain/system_test/tests/cli_tests","ElapsedTime":121.23,"Output":["","","","    zwalletcli_register_wallet_test.go:108: Registering wallet...\n","","    zboxcli_update_allocation_test.go:588: Executing faucet...\n","","    zboxcli_create_allocation_test.go:288: Creating new allocation...\n","","    zboxcli_download_token_test.go:129: Locking read tokens...\n","","    zwalletcli_register_wallet_test.go:188: Getting wallet...\n","","    zboxcli_file_upload_test.go:902: Uploading file...\n","","    zwalletcli_register_wallet_test.go:108: Registering wallet...\n","","    zwalletcli_register_wallet_test.go:188: Getting wallet...\n","","    zboxcli_share_file_test.go:1535: Sharing file...\n","","    zboxcli_update_allocation_test.go:588: Executing faucet...\n","","    zboxcli_download_token_test.go:129: Locking read tokens...\n","","    utils.go:134: Waiting 30s...\n","","    zboxcli_download_token_test.go:120: Getting read pool info...\n","","    zboxcli_download_token_test.go:143: Getting download cost...\n","","    zboxcli_share_file_test.go:1385: Download cost: 122070\n","    utils.go:134: Waiting 15s...\n","","    zboxcli_file_download_test.go:1477: Downloading file...\n","","    utils.go:134: Waiting 30s...\n","","    zboxcli_download_token_test.go:120: Getting read pool info...\n","--- PASS: TestShareFile/Share_encrypted_file_using_auth_ticket_-_download_accounting_test_where_3rd_party_pays_-_proxy_re-encryption_ (121.23s)",""],"Passed":true,"Skipped":false,"TestFileName":"","TestFunctionDetail":{"Line":0,"Col":0}}]},{"FailureIndicator":"","SkippedIndicator":"","TestResults":[{"TestName":"TestShareFile/Share_encrypted_file_using_auth_ticket_-_proxy_re-encryption","Package":"github.com/0chain/system_test/tests/cli_tests","ElapsedTime":40.33,"Output":["","","","    zwalletcli_register_wallet_test.go:108: Registering wallet...\n","","    zboxcli_update_allocation_test.go:588: Executing faucet...\n","","    zboxcli_create_allocation_test.go:288: Creating new allocation...\n","","    zboxcli_download_token_test.go:129: Locking read tokens...\n","","    zwalletcli_register_wallet_test.go:188: Getting wallet...\n","","    zboxcli_file_upload_test.go:902: Uploading file...\n","","    zwalletcli_register_wallet_test.go:108: Registering wallet...\n","","    zboxcli_update_allocation_test.go:588: Executing faucet...\n","","    zboxcli_download_token_test.go:129: Locking read tokens...\n","","    zwalletcli_register_wallet_test.go:188: Getting wallet...\n","","    zboxcli_share_file_test.go:1535: Sharing file...\n","","    utils.go:134: Waiting 15s...\n","","    zboxcli_file_download_test.go:1477: Downloading file...\n","--- PASS: TestShareFile/Share_encrypted_file_using_auth_ticket_-_proxy_re-encryption (40.33s)",""],"Passed":true,"Skipped":false,"TestFileName":"","TestFunctionDetail":{"Line":0,"Col":0}}]},{"FailureIndicator":"","SkippedIndicator":"","TestResults":[{"TestName":"TestShareFile/Share_encrypted_huge_file_using_auth_ticket_-_proxy_re-encryption","Package":"github.com/0chain/system_test/tests/cli_tests","ElapsedTime":56.02,"Output":["","","","    zwalletcli_register_wallet_test.go:108: Registering wallet...\n","","    zboxcli_update_allocation_test.go:588: Executing faucet...\n","","    zboxcli_create_allocation_test.go:288: Creating new allocation...\n","","    zboxcli_download_token_test.go:129: Locking read tokens...\n","","    zwalletcli_register_wallet_test.go:188: Getting wallet...\n","","    zboxcli_file_upload_test.go:902: Uploading file...\n","","    zwalletcli_register_wallet_test.go:108: Registering wallet...\n","","    zboxcli_update_allocation_test.go:588: Executing faucet...\n","","    zboxcli_download_token_test.go:129: Locking read tokens...\n","","    zwalletcli_register_wallet_test.go:188: Getting wallet...\n","","    zboxcli_share_file_test.go:1535: Sharing file...\n","","    utils.go:134: Waiting 15s...\n","","    zboxcli_file_download_test.go:1477: Downloading file...\n","","    utils.go:134: Waiting 15s...\n","","    zboxcli_file_download_test.go:1477: Downloading file...\n","--- PASS: TestShareFile/Share_encrypted_huge_file_using_auth_ticket_-_proxy_re-encryption (56.02s)",""],"Passed":true,"Skipped":false,"TestFileName":"","TestFunctionDetail":{"Line":0,"Col":0}}]},{"FailureIndicator":"","SkippedIndicator":"","TestResults":[{"TestName":"TestShareFile/Share_file_with_missing_allocation_should_fail","Package":"github.com/0chain/system_test/tests/cli_tests","ElapsedTime":8.21,"Output":["","","","    zwalletcli_register_wallet_test.go:108: Registering wallet...\n","","    zboxcli_share_file_test.go:1535: Sharing file...\n","","    utils.go:63: \u001b[33mCommand failed on attempt [1/3] due to error [exit status 1]. Output: [Error: allocation flag is missing]\n","","    utils.go:63: \u001b[33mCommand failed on attempt [2/3] due to error [exit status 1]. Output: [Error: allocation flag is missing]\n","","    utils.go:66: \u001b[31mCommand failed on final attempt [3/3] due to error [exit status 1]. Command String: [./zbox share --remotepath /blahblah.txt --silent --wallet TestShareFile-Share_file_with_missing_allocation_should_fail_wallet.json --configDir ./config --config ./zbox_config.yaml] Output: [Error: allocation flag is missing]\n","    utils.go:69: \u001b[31mThe verbose output for the command is:\n","","    utils.go:73: \u001b[31m0chain-core-sdk [INFO]   2022/09/18 13:34:21.864210 wallet_base.go:261: ******* Wallet SDK Version:v1.8.6-11-g09a231dc-dirty ******* (SetLogFile)\n","    utils.go:73: \u001b[31m0box-sdk        [INFO]   2022/09/18 13:34:21.864281 sdk.go:73: ******* Storage SDK Version: v1.8.6-11-g09a231dc-dirty *******\n","    utils.go:73: \u001b[31m0chain-core-sdk [INFO]   2022/09/18 13:34:21.961702 transaction.go:1332: ******* Wallet SDK Version:v1.8.6-11-g09a231dc-dirty ******* (InitZCNSDK)\n","    utils.go:73: \u001b[31m0box-sdk        [DEBUG]  2022/09/18 13:34:22.041169 networkworker.go:105: Get network result:{\"miners\":[\"https://dev-6.devnet-0chain.net/miner02\",\"https://dev-6.devnet-0chain.net/miner01\",\"https://dev-6.devnet-0chain.net/miner03\"],\"sharders\":[\"https://dev-6.devnet-0chain.net/sharder02\",\"https://dev-6.devnet-0chain.net/sharder01\"]}\n","    utils.go:73: \u001b[31mError: allocation flag is missing\n","--- PASS: TestShareFile/Share_file_with_missing_allocation_should_fail (8.21s)",""],"Passed":true,"Skipped":false,"TestFileName":"","TestFunctionDetail":{"Line":0,"Col":0}}]},{"FailureIndicator":"","SkippedIndicator":"","TestResults":[{"TestName":"TestShareFile/Share_file_with_missing_remotepath_should_fail","Package":"github.com/0chain/system_test/tests/cli_tests","ElapsedTime":8.3,"Output":["","","","","    zwalletcli_register_wallet_test.go:108: Registering wallet...\n","","    zboxcli_share_file_test.go:1535: Sharing file...\n","","    utils.go:63: \u001b[33mCommand failed on attempt [1/3] due to error [exit status 1]. Output: [Error: remotepath flag is missing]\n","    utils.go:63: \u001b[33mCommand failed on attempt [2/3] due to error [exit status 1]. Output: [Error: remotepath flag is missing]\n","","    utils.go:66: \u001b[31mCommand failed on final attempt [3/3] due to error [exit status 1]. Command String: [./zbox share --allocation dummy --silent --wallet TestShareFile-Share_file_with_missing_remotepath_should_fail_wallet.json --configDir ./config --config ./zbox_config.yaml] Output: [Error: remotepath flag is missing]\n","    utils.go:69: \u001b[31mThe verbose output for the command is:\n","    utils.go:73: \u001b[31m0chain-core-sdk [INFO]   2022/09/18 13:33:41.623269 wallet_base.go:261: ******* Wallet SDK Version:v1.8.6-11-g09a231dc-dirty ******* (SetLogFile)\n","    utils.go:73: \u001b[31m0box-sdk        [INFO]   2022/09/18 13:33:41.623376 sdk.go:73: ******* Storage SDK Version: v1.8.6-11-g09a231dc-dirty *******\n","    utils.go:73: \u001b[31m0chain-core-sdk [INFO]   2022/09/18 13:33:41.720861 transaction.go:1332: ******* Wallet SDK Version:v1.8.6-11-g09a231dc-dirty ******* (InitZCNSDK)\n","    utils.go:73: \u001b[31m0box-sdk        [DEBUG]  2022/09/18 13:33:41.801641 networkworker.go:105: Get network result:{\"miners\":[\"https://dev-6.devnet-0chain.net/miner01\",\"https://dev-6.devnet-0chain.net/miner03\",\"https://dev-6.devnet-0chain.net/miner02\"],\"sharders\":[\"https://dev-6.devnet-0chain.net/sharder02\",\"https://dev-6.devnet-0chain.net/sharder01\"]}\n","    utils.go:73: \u001b[31mError: remotepath flag is missing\n","--- PASS: TestShareFile/Share_file_with_missing_remotepath_should_fail (8.30s)",""],"Passed":true,"Skipped":false,"TestFileName":"","TestFunctionDetail":{"Line":0,"Col":0}}]},{"FailureIndicator":"","SkippedIndicator":"","TestResults":[{"TestName":"TestShareFile/Share_folder_with_encrypted_file_using_auth_ticket_-_proxy_re-encryption","Package":"github.com/0chain/system_test/tests/cli_tests","ElapsedTime":40.25,"Output":["","","","    zwalletcli_register_wallet_test.go:108: Registering wallet...\n","","    zboxcli_update_allocation_test.go:588: Executing faucet...\n","","    zboxcli_create_allocation_test.go:288: Creating new allocation...\n","","    zboxcli_download_token_test.go:129: Locking read tokens...\n","","    zwalletcli_register_wallet_test.go:188: Getting wallet...\n","","    zboxcli_file_upload_test.go:902: Uploading file...\n","    zwalletcli_register_wallet_test.go:108: Registering wallet...\n","","    zboxcli_update_allocation_test.go:588: Executing faucet...\n","","    zboxcli_download_token_test.go:129: Locking read tokens...\n","","    zwalletcli_register_wallet_test.go:188: Getting wallet...\n","","    zboxcli_share_file_test.go:1535: Sharing file...\n","    utils.go:134: Waiting 15s...\n","","    zboxcli_file_download_test.go:1477: Downloading file...\n","--- PASS: TestShareFile/Share_folder_with_encrypted_file_using_auth_ticket_-_proxy_re-encryption (40.25s)",""],"Passed":true,"Skipped":false,"TestFileName":"","TestFunctionDetail":{"Line":0,"Col":0}}]},{"FailureIndicator":"","SkippedIndicator":"","TestResults":[{"TestName":"TestShareFile/Share_non-existent_file_should_fail","Package":"github.com/0chain/system_test/tests/cli_tests","ElapsedTime":22.68,"Output":["","","","    zwalletcli_register_wallet_test.go:108: Registering wallet...\n","","    zboxcli_update_allocation_test.go:588: Executing faucet...\n","","    zboxcli_create_allocation_test.go:288: Creating new allocation...\n","","    zboxcli_download_token_test.go:129: Locking read tokens...\n","","    zwalletcli_register_wallet_test.go:188: Getting wallet...\n","","    zwalletcli_register_wallet_test.go:108: Registering wallet...\n","","    zwalletcli_register_wallet_test.go:188: Getting wallet...\n","    zboxcli_share_file_test.go:1535: Sharing file...\n","","    utils.go:63: \u001b[33mCommand failed on attempt [1/3] due to error [exit status 1]. Output: [file_meta_error: Error getting object meta data from blobbers]\n","","    utils.go:63: \u001b[33mCommand failed on attempt [2/3] due to error [exit status 1]. Output: [file_meta_error: Error getting object meta data from blobbers]\n","","    utils.go:66: \u001b[31mCommand failed on final attempt [3/3] due to error [exit status 1]. Command String: [./zbox share --allocation a6ab93eb75c5bd75801c2e4d1b1876e8a12f07caf8ce27b38a620769ba998af2 --clientid 62781a14f155523288c0c67b40704b9635fcc0b37e7896fe7f6ed59a5f981483 --encryptionpublickey yAxZVJhxKHTkEUtIzGvYxHWQsyvdQuo9XbAal3qUUAI= --remotepath /blahblah.txt --silent --wallet TestShareFile-Share_non-existent_file_should_fail_wallet.json --configDir ./config --config ./zbox_config.yaml] Output: [file_meta_error: Error getting object meta data from blobbers]\n","    utils.go:69: \u001b[31mThe verbose output for the command is:\n","","    utils.go:73: \u001b[31m0chain-core-sdk [INFO]   2022/09/18 13:34:36.068960 wallet_base.go:261: ******* Wallet SDK Version:v1.8.6-11-g09a231dc-dirty ******* (SetLogFile)\n","    utils.go:73: \u001b[31m0box-sdk        [INFO]   2022/09/18 13:34:36.069053 sdk.go:73: ******* Storage SDK Version: v1.8.6-11-g09a231dc-dirty *******\n","    utils.go:73: \u001b[31m0chain-core-sdk [INFO]   2022/09/18 13:34:36.166504 transaction.go:1332: ******* Wallet SDK Version:v1.8.6-11-g09a231dc-dirty ******* (InitZCNSDK)\n","    utils.go:73: \u001b[31m0box-sdk        [DEBUG]  2022/09/18 13:34:36.247856 networkworker.go:105: Get network result:{\"miners\":[\"https://dev-6.devnet-0chain.net/miner02\",\"https://dev-6.devnet-0chain.net/miner01\",\"https://dev-6.devnet-0chain.net/miner03\"],\"sharders\":[\"https://dev-6.devnet-0chain.net/sharder02\",\"https://dev-6.devnet-0chain.net/sharder01\"]}\n","    utils.go:73: \u001b[31m0box-sdk        [INFO]   2022/09/18 13:34:36.385722 filemetaworker.go:73: File Meta result:{\"code\":\"invalid_parameters\",\"error\":\"invalid_parameters: Invalid file path. record not found\"}\n","    utils.go:73: \u001b[31m0box-sdk        [DEBUG]  2022/09/18 13:34:36.385819 filemetaworker.go:74: File meta response status: 400 Bad Request\n","    utils.go:73: \u001b[31m0box-sdk        [INFO]   2022/09/18 13:34:36.385800 filemetaworker.go:73: File Meta result:{\"code\":\"invalid_parameters\",\"error\":\"invalid_parameters: Invalid file path. record not found\"}\n","    utils.go:73: \u001b[31m0box-sdk        [DEBUG]  2022/09/18 13:34:36.385850 filemetaworker.go:74: File meta response status: 400 Bad Request\n","    utils.go:73: \u001b[31m0box-sdk        \u001b[31m[ERROR]  2022/09/18 13:34:36.385872 filemetaworker.go:129: File consensus not found for \u001b[0m\n","    utils.go:73: \u001b[31mfile_meta_error: Error getting object meta data from blobbers\n","--- PASS: TestShareFile/Share_non-existent_file_should_fail (22.68s)",""],"Passed":true,"Skipped":false,"TestFileName":"","TestFunctionDetail":{"Line":0,"Col":0}}]},{"FailureIndicator":"","SkippedIndicator":"","TestResults":[{"TestName":"TestShareFile/Share_someone_else's_allocation_file_should_fail","Package":"github.com/0chain/system_test/tests/cli_tests","ElapsedTime":26.14,"Output":["","","","    zwalletcli_register_wallet_test.go:108: Registering wallet...\n","","    zboxcli_update_allocation_test.go:588: Executing faucet...\n","","    zboxcli_create_allocation_test.go:288: Creating new allocation...\n","","    zboxcli_download_token_test.go:129: Locking read tokens...\n","","    zwalletcli_register_wallet_test.go:188: Getting wallet...\n","","    zwalletcli_register_wallet_test.go:108: Registering wallet...\n","","    zwalletcli_register_wallet_test.go:108: Registering wallet...\n","","    zwalletcli_register_wallet_test.go:188: Getting wallet...\n","    zboxcli_share_file_test.go:1535: Sharing file...\n","    utils.go:63: \u001b[33mCommand failed on attempt [1/3] due to error [exit status 1]. Output: [file_meta_error: Error getting object meta data from blobbers]\n","","    utils.go:63: \u001b[33mCommand failed on attempt [2/3] due to error [exit status 1]. Output: [file_meta_error: Error getting object meta data from blobbers]\n","","    utils.go:66: \u001b[31mCommand failed on final attempt [3/3] due to error [exit status 1]. Command String: [./zbox share --clientid b13af25c167353a148b9f807ef329cfa7505ec99fcea4a0c693d55bc8f061da9 --encryptionpublickey 5r/0py8oKcMGkxi4RllOlg4W6RrVAasadT0B7v9g0I4= --remotepath /blahblah.txt --allocation 457b207341b080a32c47db3b27de519aec1ef88c70d1da80ff397650b24ba6e4 --silent --wallet TestShareFile-Share_someone_else's_allocation_file_should_fail_sharer_wallet.json --configDir ./config --config ./zbox_config.yaml] Output: [file_meta_error: Error getting object meta data from blobbers]\n","    utils.go:69: \u001b[31mThe verbose output for the command is:\n","    utils.go:73: \u001b[31m0chain-core-sdk [INFO]   2022/09/18 13:34:39.823635 wallet_base.go:261: ******* Wallet SDK Version:v1.8.6-11-g09a231dc-dirty ******* (SetLogFile)\n","    utils.go:73: \u001b[31m0box-sdk        [INFO]   2022/09/18 13:34:39.823724 sdk.go:73: ******* Storage SDK Version: v1.8.6-11-g09a231dc-dirty *******\n","    utils.go:73: \u001b[31m0chain-core-sdk [INFO]   2022/09/18 13:34:39.919053 transaction.go:1332: ******* Wallet SDK Version:v1.8.6-11-g09a231dc-dirty ******* (InitZCNSDK)\n","    utils.go:73: \u001b[31m0box-sdk        [DEBUG]  2022/09/18 13:34:39.999711 networkworker.go:105: Get network result:{\"miners\":[\"https://dev-6.devnet-0chain.net/miner02\",\"https://dev-6.devnet-0chain.net/miner01\",\"https://dev-6.devnet-0chain.net/miner03\"],\"sharders\":[\"https://dev-6.devnet-0chain.net/sharder02\",\"https://dev-6.devnet-0chain.net/sharder01\"]}\n","    utils.go:73: \u001b[31m0box-sdk        [INFO]   2022/09/18 13:34:40.137544 filemetaworker.go:73: File Meta result:{\"code\":\"invalid_parameters\",\"error\":\"invalid_parameters: Invalid file path. record not found\"}\n","    utils.go:73: \u001b[31m0box-sdk        [DEBUG]  2022/09/18 13:34:40.137616 filemetaworker.go:74: File meta response status: 400 Bad Request\n","    utils.go:73: \u001b[31m0box-sdk        [INFO]   2022/09/18 13:34:40.138443 filemetaworker.go:73: File Meta result:{\"code\":\"invalid_parameters\",\"error\":\"invalid_parameters: Invalid file path. record not found\"}\n","    utils.go:73: \u001b[31m0box-sdk        [DEBUG]  2022/09/18 13:34:40.138474 filemetaworker.go:74: File meta response status: 400 Bad Request\n","    utils.go:73: \u001b[31m0box-sdk        \u001b[31m[ERROR]  2022/09/18 13:34:40.138507 filemetaworker.go:129: File consensus not found for \u001b[0m\n","    utils.go:73: \u001b[31mfile_meta_error: Error getting object meta data from blobbers\n","--- PASS: TestShareFile/Share_someone_else's_allocation_file_should_fail (26.14s)",""],"Passed":true,"Skipped":false,"TestFileName":"","TestFunctionDetail":{"Line":0,"Col":0}}]},{"FailureIndicator":"","SkippedIndicator":"","TestResults":[{"TestName":"TestShareFile/Share_to_public_a_folder_with_no_encrypted_file_using_auth_ticket","Package":"github.com/0chain/system_test/tests/cli_tests","ElapsedTime":40.02,"Output":["","","","    zwalletcli_register_wallet_test.go:108: Registering wallet...\n","","    zboxcli_update_allocation_test.go:588: Executing faucet...\n","","    zboxcli_create_allocation_test.go:288: Creating new allocation...\n","","    zboxcli_download_token_test.go:129: Locking read tokens...\n","","    zwalletcli_register_wallet_test.go:188: Getting wallet...\n","    zboxcli_file_upload_test.go:902: Uploading file...\n","    zwalletcli_register_wallet_test.go:108: Registering wallet...\n","","    zboxcli_update_allocation_test.go:588: Executing faucet...\n","","    zboxcli_download_token_test.go:129: Locking read tokens...\n","","    zboxcli_share_file_test.go:1535: Sharing file...\n","","    utils.go:134: Waiting 15s...\n","","    zboxcli_file_download_test.go:1477: Downloading file...\n","--- PASS: TestShareFile/Share_to_public_a_folder_with_no_encrypted_file_using_auth_ticket (40.02s)",""],"Passed":true,"Skipped":false,"TestFileName":"","TestFunctionDetail":{"Line":0,"Col":0}}]},{"FailureIndicator":"","SkippedIndicator":"","TestResults":[{"TestName":"TestShareFile/Share_to_public_a_folder_with_no_encrypted_file_using_auth_ticket_with_zero_expiration","Package":"github.com/0chain/system_test/tests/cli_tests","ElapsedTime":40.2,"Output":["","","","","    zwalletcli_register_wallet_test.go:108: Registering wallet...\n","","    zboxcli_update_allocation_test.go:588: Executing faucet...\n","","    zboxcli_create_allocation_test.go:288: Creating new allocation...\n","","    zboxcli_download_token_test.go:129: Locking read tokens...\n","","    zwalletcli_register_wallet_test.go:188: Getting wallet...\n","","    zboxcli_file_upload_test.go:902: Uploading file...\n","","    zwalletcli_register_wallet_test.go:108: Registering wallet...\n","","    zboxcli_update_allocation_test.go:588: Executing faucet...\n","","    zboxcli_download_token_test.go:129: Locking read tokens...\n","","    zboxcli_share_file_test.go:1535: Sharing file...\n","","    utils.go:134: Waiting 15s...\n","","    zboxcli_file_download_test.go:1477: Downloading file...\n","--- PASS: TestShareFile/Share_to_public_a_folder_with_no_encrypted_file_using_auth_ticket_with_zero_expiration (40.20s)",""],"Passed":true,"Skipped":false,"TestFileName":"","TestFunctionDetail":{"Line":0,"Col":0}}]},{"FailureIndicator":"","SkippedIndicator":"","TestResults":[{"TestName":"TestShareFile/Share_unencrypted_file_to_public_using_auth_ticket","Package":"github.com/0chain/system_test/tests/cli_tests","ElapsedTime":40.03,"Output":["","","","    zwalletcli_register_wallet_test.go:108: Registering wallet...\n","","    zboxcli_update_allocation_test.go:588: Executing faucet...\n","","    zboxcli_create_allocation_test.go:288: Creating new allocation...\n","","    zboxcli_download_token_test.go:129: Locking read tokens...\n","","    zwalletcli_register_wallet_test.go:188: Getting wallet...\n","    zboxcli_file_upload_test.go:902: Uploading file...\n","","    zwalletcli_register_wallet_test.go:108: Registering wallet...\n","","    zboxcli_update_allocation_test.go:588: Executing faucet...\n","","    zboxcli_download_token_test.go:129: Locking read tokens...\n","    zboxcli_share_file_test.go:1535: Sharing file...\n","    utils.go:134: Waiting 15s...\n","","    zboxcli_file_download_test.go:1477: Downloading file...\n","--- PASS: TestShareFile/Share_unencrypted_file_to_public_using_auth_ticket (40.03s)",""],"Passed":true,"Skipped":false,"TestFileName":"","TestFunctionDetail":{"Line":0,"Col":0}}]},{"FailureIndicator":"","SkippedIndicator":"","TestResults":[{"TestName":"TestShareFile/Share_unencrypted_file_to_public_using_auth_ticket_with_zero_expiration","Package":"github.com/0chain/system_test/tests/cli_tests","ElapsedTime":40.12,"Output":["","","","    zwalletcli_register_wallet_test.go:108: Registering wallet...\n","","    zboxcli_update_allocation_test.go:588: Executing faucet...\n","","    zboxcli_create_allocation_test.go:288: Creating new allocation...\n","","    zboxcli_download_token_test.go:129: Locking read tokens...\n","","    zwalletcli_register_wallet_test.go:188: Getting wallet...\n","    zboxcli_file_upload_test.go:902: Uploading file...\n","","    zwalletcli_register_wallet_test.go:108: Registering wallet...\n","","    zboxcli_update_allocation_test.go:588: Executing faucet...\n","","    zboxcli_download_token_test.go:129: Locking read tokens...\n","","    zboxcli_share_file_test.go:1535: Sharing file...\n","","    utils.go:134: Waiting 15s...\n","","    zboxcli_file_download_test.go:1477: Downloading file...\n","--- PASS: TestShareFile/Share_unencrypted_file_to_public_using_auth_ticket_with_zero_expiration (40.12s)",""],"Passed":true,"Skipped":false,"TestFileName":"","TestFunctionDetail":{"Line":0,"Col":0}}]},{"FailureIndicator":"failed","SkippedIndicator":"","TestResults":[{"TestName":"TestShareFile/Share_unencrypted_file_using_auth_ticket_-_download_accounting_test","Package":"github.com/0chain/system_test/tests/cli_tests","ElapsedTime":64.06,"Output":["","","","    zwalletcli_register_wallet_test.go:108: Registering wallet...\n","","    zboxcli_update_allocation_test.go:588: Executing faucet...\n","","    zboxcli_create_allocation_test.go:288: Creating new allocation...\n","","    zboxcli_download_token_test.go:129: Locking read tokens...\n","","    zwalletcli_register_wallet_test.go:188: Getting wallet...\n","","    zboxcli_file_upload_test.go:902: Uploading file...\n","","    zwalletcli_register_wallet_test.go:108: Registering wallet...\n","","    zboxcli_share_file_test.go:1535: Sharing file...\n","","    utils.go:134: Waiting 30s...\n","","    zboxcli_download_token_test.go:120: Getting read pool info...\n","","    zboxcli_download_token_test.go:143: Getting download cost...\n","","    zboxcli_share_file_test.go:1264: Download cost: 122070 sas\n","    utils.go:134: Waiting 15s...\n","","    zboxcli_file_download_test.go:1477: Downloading file...\n","","    zboxcli_share_file_test.go:1274: \n","        \tError Trace:\t/root/actions-runner6/_work/system_test/system_test/tests/cli_tests/zboxcli_share_file_test.go:1274\n","        \tError:      \tExpected nil, but got: \u0026exec.ExitError{ProcessState:(*os.ProcessState)(0xc0003d2cc0), Stderr:[]uint8(nil)}\n","        \tTest:       \tTestShareFile/Share_unencrypted_file_using_auth_ticket_-_download_accounting_test\n","        \tMessages:   \t0 / 10240    0.00% 0 / 10240    0.00% 0s\n","        \t            \tError in file operation: Download failed for block 1.\n","        \t            \tresponse_error: download_file: pre-redeeming read marker: read_pre_redeem: not enough tokens in client's read pools associated with the allocation-\u003eblobber\n","","","","","    zwalletcli_register_wallet_test.go:108: Registering wallet...\n","    zboxcli_update_allocation_test.go:588: Executing faucet...\n","    zboxcli_create_allocation_test.go:288: Creating new allocation...\n","    zboxcli_download_token_test.go:129: Locking read tokens...\n","    zwalletcli_register_wallet_test.go:188: Getting wallet...\n","    zboxcli_file_upload_test.go:902: Uploading file...\n","    zwalletcli_register_wallet_test.go:108: Registering wallet...\n","    zboxcli_share_file_test.go:1535: Sharing file...\n","    utils.go:134: Waiting 30s...\n","    zboxcli_download_token_test.go:120: Getting read pool info...\n","    zboxcli_download_token_test.go:143: Getting download cost...\n","    zboxcli_share_file_test.go:1264: Download cost: 122070 sas\n","    utils.go:134: Waiting 15s...\n","    zboxcli_file_download_test.go:1477: Downloading file...\n","    zboxcli_share_file_test.go:1274: \n","        \tError Trace:\t/root/actions-runner6/_work/system_test/system_test/tests/cli_tests/zboxcli_share_file_test.go:1274\n","        \tError:      \tExpected nil, but got: \u0026exec.ExitError{ProcessState:(*os.ProcessState)(0xc00000e120), Stderr:[]uint8(nil)}\n","        \tTest:       \tTestShareFile/Share_unencrypted_file_using_auth_ticket_-_download_accounting_test\n","        \tMessages:   \t0 / 10240    0.00% 0 / 10240    0.00% 0s\n","        \t            \tError in file operation: Download failed for block 1.\n","        \t            \tresponse_error: download_file: pre-redeeming read marker: read_pre_redeem: not enough tokens in client's read pools associated with the allocation-\u003eblobber\n","","","","","    zwalletcli_register_wallet_test.go:108: Registering wallet...\n","    zboxcli_update_allocation_test.go:588: Executing faucet...\n","    zboxcli_create_allocation_test.go:288: Creating new allocation...\n","    zboxcli_download_token_test.go:129: Locking read tokens...\n","    zwalletcli_register_wallet_test.go:188: Getting wallet...\n","    zboxcli_file_upload_test.go:902: Uploading file...\n","    zwalletcli_register_wallet_test.go:108: Registering wallet...\n","    zboxcli_share_file_test.go:1535: Sharing file...\n","    utils.go:134: Waiting 30s...\n","    zboxcli_download_token_test.go:120: Getting read pool info...\n","    zboxcli_download_token_test.go:143: Getting download cost...\n","    zboxcli_share_file_test.go:1264: Download cost: 122070 sas\n","    utils.go:134: Waiting 15s...\n","    zboxcli_file_download_test.go:1477: Downloading file...\n","    zboxcli_share_file_test.go:1274: \n","        \tError Trace:\t/root/actions-runner6/_work/system_test/system_test/tests/cli_tests/zboxcli_share_file_test.go:1274\n","        \tError:      \tExpected nil, but got: \u0026exec.ExitError{ProcessState:(*os.ProcessState)(0xc000482378), Stderr:[]uint8(nil)}\n","        \tTest:       \tTestShareFile/Share_unencrypted_file_using_auth_ticket_-_download_accounting_test\n","        \tMessages:   \t0 / 10240    0.00% 0 / 10240    0.00% 0s\n","        \t            \tError in file operation: Download failed for block 1.\n","        \t            \tresponse_error: download_file: pre-redeeming read marker: read_pre_redeem: not enough tokens in client's read pools associated with the allocation-\u003eblobber\n",""],"Passed":false,"Skipped":false,"TestFileName":"","TestFunctionDetail":{"Line":0,"Col":0}}]},{"FailureIndicator":"failed","SkippedIndicator":"","TestResults":[{"TestName":"TestShareFile/Share_unencrypted_file_using_auth_ticket_-_download_accounting_test_where_3rd_party_pays_","Package":"github.com/0chain/system_test/tests/cli_tests","ElapsedTime":100.92,"Output":["","","","    zwalletcli_register_wallet_test.go:108: Registering wallet...\n","","    zboxcli_update_allocation_test.go:588: Executing faucet...\n","","    zboxcli_create_allocation_test.go:288: Creating new allocation...\n","","    zboxcli_download_token_test.go:129: Locking read tokens...\n","","    zwalletcli_register_wallet_test.go:188: Getting wallet...\n","","    zboxcli_file_upload_test.go:902: Uploading file...\n","","    zwalletcli_register_wallet_test.go:108: Registering wallet...\n","","    zboxcli_share_file_test.go:1535: Sharing file...\n","","    zboxcli_update_allocation_test.go:588: Executing faucet...\n","","    zboxcli_download_token_test.go:129: Locking read tokens...\n","","    utils.go:134: Waiting 30s...\n","","    zboxcli_download_token_test.go:120: Getting read pool info...\n","","    zboxcli_download_token_test.go:143: Getting download cost...\n","","    zboxcli_share_file_test.go:1495: Download cost: 122070\n","    utils.go:134: Waiting 15s...\n","","    zboxcli_file_download_test.go:1477: Downloading file...\n","","    utils.go:134: Waiting 30s...\n","","    zboxcli_download_token_test.go:120: Getting read pool info...\n","    zboxcli_share_file_test.go:1522: \n","        \tError Trace:\t/root/actions-runner6/_work/system_test/system_test/tests/cli_tests/zboxcli_share_file_test.go:1522\n","        \tError:      \tNot equal: \n","        \t            \texpected: 5e+09\n","        \t            \tactual  : 4e+09\n","        \tTest:       \tTestShareFile/Share_unencrypted_file_using_auth_ticket_-_download_accounting_test_where_3rd_party_pays_\n","","","","","    zwalletcli_register_wallet_test.go:108: Registering wallet...\n","    zboxcli_update_allocation_test.go:588: Executing faucet...\n","    zboxcli_create_allocation_test.go:288: Creating new allocation...\n","    zboxcli_download_token_test.go:129: Locking read tokens...\n","    zwalletcli_register_wallet_test.go:188: Getting wallet...\n","    zboxcli_file_upload_test.go:902: Uploading file...\n","    zwalletcli_register_wallet_test.go:108: Registering wallet...\n","    zboxcli_share_file_test.go:1535: Sharing file...\n","    zboxcli_update_allocation_test.go:588: Executing faucet...\n","    zboxcli_download_token_test.go:129: Locking read tokens...\n","    utils.go:134: Waiting 30s...\n","    zboxcli_download_token_test.go:120: Getting read pool info...\n","    zboxcli_download_token_test.go:143: Getting download cost...\n","    zboxcli_share_file_test.go:1495: Download cost: 122070\n","    utils.go:134: Waiting 15s...\n","    zboxcli_file_download_test.go:1477: Downloading file...\n","    utils.go:134: Waiting 30s...\n","    zboxcli_download_token_test.go:120: Getting read pool info...\n","    zboxcli_share_file_test.go:1522: \n","        \tError Trace:\t/root/actions-runner6/_work/system_test/system_test/tests/cli_tests/zboxcli_share_file_test.go:1522\n","        \tError:      \tNot equal: \n","        \t            \texpected: 5e+09\n","        \t            \tactual  : 4e+09\n","        \tTest:       \tTestShareFile/Share_unencrypted_file_using_auth_ticket_-_download_accounting_test_where_3rd_party_pays_\n","","","","","    zwalletcli_register_wallet_test.go:108: Registering wallet...\n","    zboxcli_update_allocation_test.go:588: Executing faucet...\n","    zboxcli_create_allocation_test.go:288: Creating new allocation...\n","    zboxcli_download_token_test.go:129: Locking read tokens...\n","    zwalletcli_register_wallet_test.go:188: Getting wallet...\n","    zboxcli_file_upload_test.go:902: Uploading file...\n","    zwalletcli_register_wallet_test.go:108: Registering wallet...\n","    zboxcli_share_file_test.go:1535: Sharing file...\n","    zboxcli_update_allocation_test.go:588: Executing faucet...\n","    zboxcli_download_token_test.go:129: Locking read tokens...\n","    utils.go:134: Waiting 30s...\n","    zboxcli_download_token_test.go:120: Getting read pool info...\n","    zboxcli_download_token_test.go:143: Getting download cost...\n","    zboxcli_share_file_test.go:1495: Download cost: 122070\n","    utils.go:134: Waiting 15s...\n","    zboxcli_file_download_test.go:1477: Downloading file...\n","    utils.go:134: Waiting 30s...\n","    zboxcli_download_token_test.go:120: Getting read pool info...\n","    zboxcli_share_file_test.go:1522: \n","        \tError Trace:\t/root/actions-runner6/_work/system_test/system_test/tests/cli_tests/zboxcli_share_file_test.go:1522\n","        \tError:      \tNot equal: \n","        \t            \texpected: 5e+09\n","        \t            \tactual  : 4e+09\n","        \tTest:       \tTestShareFile/Share_unencrypted_file_using_auth_ticket_-_download_accounting_test_where_3rd_party_pays_\n",""],"Passed":false,"Skipped":false,"TestFileName":"","TestFunctionDetail":{"Line":0,"Col":0}}]},{"FailureIndicator":"","SkippedIndicator":"","TestResults":[{"TestName":"TestShareFile/Shared_encrypted_file_to_public_using_auth_ticket_should_fail_to_download","Package":"github.com/0chain/system_test/tests/cli_tests","ElapsedTime":40.07,"Output":["","","","    zwalletcli_register_wallet_test.go:108: Registering wallet...\n","","    zboxcli_update_allocation_test.go:588: Executing faucet...\n","","    zboxcli_create_allocation_test.go:288: Creating new allocation...\n","","    zboxcli_download_token_test.go:129: Locking read tokens...\n","","    zwalletcli_register_wallet_test.go:188: Getting wallet...\n","    zboxcli_file_upload_test.go:902: Uploading file...\n","","    zwalletcli_register_wallet_test.go:108: Registering wallet...\n","","    zboxcli_update_allocation_test.go:588: Executing faucet...\n","","    zboxcli_download_token_test.go:129: Locking read tokens...\n","","    zboxcli_share_file_test.go:1535: Sharing file...\n","","    utils.go:134: Waiting 15s...\n","","    zboxcli_file_download_test.go:1477: Downloading file...\n","--- PASS: TestShareFile/Shared_encrypted_file_to_public_using_auth_ticket_should_fail_to_download (40.07s)",""],"Passed":true,"Skipped":false,"TestFileName":"","TestFunctionDetail":{"Line":0,"Col":0}}]}]

    const report = window.GoTestReport({
                                         data: data,
                                         testResultsElem: document.getElementById('testResults'),
                                         testGroupListElem: document.getElementById('testGroupList')
                                       });


</script>
</body>
</html>
