<!DOCTYPE html>
<html lang="en">
<head>
    <meta charset="UTF-8">
    <title>Subset of 0Chain System test suite [tokenomics_suite/9054fd7a] ran against [dev-6.devnet-0chain.net] at [2023-06-19_16.31.17]</title>
    <style type="text/css">
        body {
            font-family: sans-serif;
            background-color: #f3f3f3;
            border-top: 2px #dee6e8 solid;
            margin: 0;
        }

        div.pageHeader span.projectTitle {
            font-family: serif;
            font-size: 2em;
            padding-left: 56px;
            padding-top: 80px;
            display: block;
            color: #a5a5a5;
            text-shadow: 0 -1px 1px white;
        }

        div.pageHeader div.testStats {
            position: absolute;
            top: 7px;
            right: 52px;
            font-size: 0.8em;
            color: #a2a2a2;
        }

        div.pageHeader div.testStats span.indicator {
            font-size: 2em;
            position: relative;
            top: 5px;
            text-shadow: 0 1px 0 white;
        }

        div.pageHeader div.testStats span strong {
            margin-right: 16px;
        }

        div.pageHeader div.testStats span.total {
            border-right: 1px #afafaf dotted;
            background: #8298af;
        }

        div.pageHeader div.testStats span.passed {
            border-right: 1px #afafaf dotted;
            background: #6fca83;
        }

        div.pageHeader div.testStats span.skipped {
            background: #bababa;
        }

        div.pageHeader div.testStats span.failed {
            background: #ff7676;
        }

        div.pageHeader div.testStats span {
            margin-right: 1px;
            height: 55px;
            padding: 20px 8px 18px;
            color: white;
        }

        div.pageHeader .testGroupsTitle {
            margin: 16px 32px 8px 40px;
            font-size: 0.9em;
            color: darkgrey;
            display: inline-block;
        }

        div.pageHeader .testExecutionDate {
            display: inline-block;
            position: absolute;
            right: 10px;
            margin: 14px 32px 8px 40px;
            color: #9e9e9e;
            font-size: 0.9em;
        }

        .testReportContainer {
            padding: 0 32px 32px 32px;
        }

        .cardContainer {
            padding: 16px 16px 16px;
            box-shadow: 0 4px 4px #d4d4d4;
            background-color: white;
        }

        #testResults {
            display: flex;
            flex-wrap: wrap;
        }

        .testResultGroup {
            width: 24px;
            height: 24px;
            background-color: #43c143;
            margin-left: 1px;
            margin-bottom: 1px;
            box-sizing: border-box;
        }

        .testResultGroup.selected {
            border: 1px white solid;
            background-color: black !important;
        }

        .testResultGroup.skipped {
            border: 2px gray solid;
        }

        .testResultGroup.failed {
            background-color: red;
        }

        .cardContainer.testGroupList,
        .cardContainer.testDetail {
            margin-top: 16px;
            padding: 16px;
        }

        .cardContainer.testGroupList {
            color: #9c9c9c;
            padding: 0;
        }

        .cardContainer.testGroupList .testGroupRow {
            cursor: default;
            border-bottom: 1px #dadada dotted;
        }

        .cardContainer.testGroupList .testGroupRow span.testStatus {
            font-size: 1.2em;
            font-weight: bold;
            color: #139e13;
            pointer-events: none;
            display: inline-block;
            overflow: hidden;
            float: left;
            padding-top: 10px;
            padding-left: 20px;
            padding-right: 12px;
        }

        .cardContainer.testGroupList .testGroupRow span.testStatus.skipped {
            color: gray;
        }

        .cardContainer.testGroupList .testGroupRow span.testStatus.failed {
            color: red;
        }

        .cardContainer.testGroupList .testGroupRow span.testTitle {
            font-size: 0.9em;
            padding: 12px 0 10px;
            display: inline-block;
            pointer-events: none;
            color: #525252;
            text-overflow: ellipsis;
            overflow: hidden;
            width: calc(100% - 110px);
        }

        .cardContainer.testGroupList .testGroupRow span.testDuration {
            pointer-events: none;
        }

        .cardContainer.testGroupList .testGroupRow {
            position: relative;
            border-left: 4px #43c143 solid;
        }

        .cardContainer.testGroupList .testGroupRow.skipped {
            color: gray;
            border-left: 4px gray solid;
        }

        .cardContainer.testGroupList .testGroupRow.failed {
            color: red;
            border-left: 4px red solid;
        }

        .cardContainer.testGroupList .testGroupRow:hover {
            background-color: #fffaea;
            transition: 0.250s;
        }

        .cardContainer .testOutput {
            padding: 8px 16px 24px 16px;
        }

        .cardContainer .console {
            display: block;
            font-family: monospace;
            padding: 10px;
            background-color: #424242;
            color: #1aff00;
            border-bottom: 1px #1aff00 dotted;
            overflow: auto;
            font-size: 1.1em;
        }

        .cardContainer .testOutput .testDetail {
            border-bottom: 1px #d0d0d0 solid;
            padding: 16px;
            background-color: #e6e6e6;
            border-radius: 0 0 4px 4px;
            color: dimgrey;
            font-size: 0.8em;
        }

        .cardContainer .console.skipped{
            color: #d9d9d9;
        }

        .cardContainer .console.failed {
            color: #ffb2b2;
        }

        .cardContainer .testDuration {
            position: absolute;
            top: 5px;
            right: 8px;
            text-align: right;
            padding-right: 8px;
            box-sizing: border-box;
        }
    </style>
</head>
<body>
<div class="pageHeader">
    <span class="projectTitle">Subset of 0Chain System test suite [tokenomics_suite/9054fd7a] ran against [dev-6.devnet-0chain.net] at [2023-06-19_16.31.17]</span>
    <div class="testStats">
        <span class="total"><span class="indicator">&boxbox;</span> Total: <strong>3</strong>Duration: <strong>3ms</strong>
        </span><span class="passed"><span class="indicator">&check;</span> Passed: <strong>0</strong>
        </span><span class="skipped"><span class="indicator">&dash;</span> Skipped: <strong>0</strong>
        </span><span class="failed"><span class="indicator">&cross;</span> Failed: <strong>3</strong>
        </span>
    </div>
    <span class="testGroupsTitle">Test Groups:</span>
    <span class="testExecutionDate">June 19, 2023 16:48:56</span>
</div>
<div class="testReportContainer">
    <div class="cardContainer">
        <div id="testResults">
            
                <div class="testResultGroup failed " id="0"></div>
            
                <div class="testResultGroup failed " id="1"></div>
            
                <div class="testResultGroup failed " id="2"></div>
            
        </div>
    </div>
    <div class="cardContainer testGroupList" id="testGroupList"></div>
</div>
<script type="application/javascript">
    /**
 * @typedef TestStatus
 * @property {string} TestName
 * @property {string} Package
 * @property {number} ElapsedTime
 * @property {Array.<string>} Output
 * @property {boolean} Passed
 * @property {boolean} Skipped
 */
class TestStatus {}

/**
 * @typedef TestGroupData
 * @type {object}
 * @property {string} FailureIndicator
 * @property {string} SkippedIndicator
 * @property {Array.<TestStatus>}
 */
class TestGroupData {}

/**
 * @typedef TestResults
 * @type {Array.<TestGroupData>}
 */
class TestResults extends Array {}

/**
 * @typedef SelectedItems
 * @property {HTMLElement|EventTarget} testResults
 * @property {String} selectedTestGroupColor
 */
class SelectedItems {}

/**
 * @typedef GoTestReportElements
 * @property {TestResults} data
 * @property {HTMLElement} testResultsElem
 * @property {HTMLElement} testGroupListElem
 */
class GoTestReportElements {}


/**
 * Main entry point for GoTestReport.
 * @param {GoTestReportElements} elements
 * @returns {{testResultsClickHandler: testResultsClickHandler}}
 * @constructor
 */
window.GoTestReport = function (elements) {
  const /**@type {SelectedItems}*/ selectedItems = {
    testResults: null,
    selectedTestGroupColor: null
  }

  function addEventData(event) {
    if (event.data == null) {
      event.data = {target: event.target}
    }
    return event
  }


  const goTestReport = {
    /**
     * Invoked when a user clicks on one of the test group div elements.
     * @param {HTMLElement} target The element associated with the test group.
     * @param {boolean} shiftKey If pressed, all of test detail associated to the test group is shown.
     * @param {TestResults} data
     * @param {SelectedItems} selectedItems
     * @param {function(target: Element, data: TestResults)} testGroupListHandler
     */
    testResultsClickHandler: function (target,
                                       shiftKey,
                                       data,
                                       selectedItems,
                                       testGroupListHandler) {

      if (target.classList.contains('testResultGroup') === false) {
        return
      }
      if (selectedItems.testResults != null) {
        let testResultsElement = /**@type {HTMLElement}*/ selectedItems.testResults
        testResultsElement.classList.remove("selected")
        testResultsElement.style.backgroundColor = selectedItems.selectedTestGroupColor
      }
      const testGroupId = /**@type {number}*/ target.id
      if ((target.id === undefined)
        || (data[testGroupId] === undefined)
        || (data[testGroupId]['TestResults'] === undefined)) {
        return
      }
      const testResults = /**@type {TestResults}*/ data[testGroupId]['TestResults']
      let testGroupList = /**@type {string}*/ ''
      selectedItems.selectedTestGroupColor = getComputedStyle(target).getPropertyValue('background-color')
      selectedItems.testResults = target
      target.classList.add("selected")
      for (let i = 0; i < testResults.length; i++) {
        const testResult = /**@type {TestGroupData}*/ testResults[i]
        const testPassed = /**@type {boolean}*/ testResult.Passed
        const testSkipped = /**@type {boolean}*/ testResult.Skipped
        const testPassedStatus = /**@type {string}*/ (testPassed) ? '' : (testSkipped ? 'skipped' : 'failed')
        const testId = /**@type {string}*/ target.attributes['id'].value
        testGroupList += `<div class="testGroupRow ${testPassedStatus}" data-groupid="${testId}" data-index="${i}">
        <span class="testStatus ${testPassedStatus}">${(testPassed) ? '&check' : (testSkipped ? '&dash' : '&cross')};</span>
        <span class="testTitle">${testResult.TestName}</span>
        <span class="testDuration"><span>${testResult.ElapsedTime}s </span>‚è±</span>
      </div>`
      }
      const testGroupListElem = elements.testGroupListElem
      testGroupListElem.innerHTML = ''
      testGroupListElem.innerHTML = testGroupList

      if (shiftKey) {
        testGroupListElem.querySelectorAll('.testGroupRow')
                         .forEach((elem) => testGroupListHandler(elem, data))
      } else if (testResults.length === 1) {
        testGroupListHandler(testGroupListElem.querySelector('.testGroupRow'), data)
      }
    },

    /**
     *
     * @param {Element} target
     * @param {TestResults} data
     */
    testGroupListHandler: function (target, data) {
      const attribs = target['attributes']
      if (attribs.hasOwnProperty('data-groupid')) {
        const groupId = /**@type {number}*/ attribs['data-groupid'].value
        const testIndex = /**@type {number}*/ attribs['data-index'].value
        const testStatus = /**@type {TestStatus}*/ data[groupId]['TestResults'][testIndex]
        const testOutputDiv = /**@type {HTMLDivElement}*/ target.querySelector('div.testOutput')

        if (testOutputDiv == null) {
          const testOutputDiv = document.createElement('div')
          testOutputDiv.classList.add('testOutput')
          const consolePre = document.createElement('pre')
          consolePre.classList.add('console')
          const testDetailDiv = document.createElement('div')
          testDetailDiv.classList.add('testDetail')
          const packageNameDiv = document.createElement('div')
          packageNameDiv.classList.add('package')
          packageNameDiv.innerHTML = `<strong>Package:</strong> ${testStatus.Package}`
          const testFileNameDiv = document.createElement('div')
          testFileNameDiv.classList.add('filename')
          if (testStatus.TestFileName.trim() === "") {
            testFileNameDiv.innerHTML = `<strong>Filename:</strong> n/a &nbsp;&nbsp;`
          } else {
            testFileNameDiv.innerHTML = `<strong>Filename:</strong> ${testStatus.TestFileName} &nbsp;&nbsp;`
            testFileNameDiv.innerHTML += `<strong>Line:</strong> ${testStatus.TestFunctionDetail.Line} `
            testFileNameDiv.innerHTML += `<strong>Col:</strong> ${testStatus.TestFunctionDetail.Col}`
          }
          testDetailDiv.insertAdjacentElement('beforeend', packageNameDiv)
          testDetailDiv.insertAdjacentElement('beforeend', testFileNameDiv)
          testOutputDiv.insertAdjacentElement('afterbegin', consolePre)
          testOutputDiv.insertAdjacentElement('beforeend', testDetailDiv)
          target.insertAdjacentElement('beforeend', testOutputDiv)

          if (testStatus.Passed) {
            consolePre.classList.remove('skipped')
            consolePre.classList.remove('failed')
          } else if (testStatus.Skipped) {
            consolePre.classList.add('skipped')
            consolePre.classList.remove('failed')
          } else {
            consolePre.classList.remove('skipped')
            consolePre.classList.add('failed')
          }
          consolePre.textContent = testStatus.Output.join('')
        } else {
          testOutputDiv.remove()
        }
      }
    }
  }

  //+------------------------+
  //|    setup DOM events    |
  //+------------------------+
  elements.testResultsElem
          .addEventListener('click', event =>
            goTestReport.testResultsClickHandler(/**@type {HTMLElement}*/ addEventData(event).data.target,
                                                 event.shiftKey,
                                                 elements.data,
                                                 selectedItems,
                                                 goTestReport.testGroupListHandler))

  elements.testGroupListElem
          .addEventListener('click', event =>
            goTestReport.testGroupListHandler(/**@type {Element}*/ event.target,
                                              elements.data))

  return goTestReport
}


    

    const data = [{"FailureIndicator":"failed","SkippedIndicator":"","TestResults":[{"TestName":"TestBlobberReadReward","Package":"github.com/0chain/system_test/tests/tokenomics_tests","ElapsedTime":111.76,"Output":["","    wallet.go:71: creating wallet...\n","    wallet.go:25: Executing faucet...\n","    wallet.go:88: faucet output: [No wallet in path  config/TestBlobberReadReward_wallet.json found. Creating wallet... ZCN wallet created!! Execute faucet smart contract success with txn :  07b445ca4b89c0b85affc77542daab0b5571385d80173778a592fccf97b30345]\n","    blobbers.go:11: Requesting blobber list...\n","    blobbers.go:16: Requesting validator list...\n","","","    wallet.go:71: creating wallet...\n","    wallet.go:25: Executing faucet...\n","    wallet.go:88: faucet output: [No wallet in path  config/TestBlobberReadReward_wallet.json found. Creating wallet... ZCN wallet created!! Execute faucet smart contract success with txn :  ce9aeb918a28cbca1989ae803101423bcff411383b8cf03c2cf731dc31e70297]\n","    blobbers.go:11: Requesting blobber list...\n","    blobbers.go:16: Requesting validator list...\n","","","    wallet.go:71: creating wallet...\n","    wallet.go:25: Executing faucet...\n","    wallet.go:88: faucet output: [No wallet in path  config/TestBlobberReadReward_wallet.json found. Creating wallet... ZCN wallet created!! Execute faucet smart contract success with txn :  ce7dccb5c9fd5c5bae4d838efdc634743fc4d0da09d120c78137f986738e2deb]\n","    blobbers.go:11: Requesting blobber list...\n","    blobbers.go:16: Requesting validator list...\n","","","    wallet.go:71: creating wallet...\n","    wallet.go:25: Executing faucet...\n","    wallet.go:88: faucet output: [No wallet in path  config/TestBlobberReadReward_wallet.json found. Creating wallet... ZCN wallet created!! Execute faucet smart contract success with txn :  4e07989709d1c88e7337d5d360d2b701aeab4b7b0e99bd388cdbf716a2c439e8]\n","    blobbers.go:11: Requesting blobber list...\n","    blobbers.go:16: Requesting validator list...\n","","","    wallet.go:71: creating wallet...\n","    wallet.go:25: Executing faucet...\n","    wallet.go:88: faucet output: [No wallet in path  config/TestBlobberReadReward_wallet.json found. Creating wallet... ZCN wallet created!! Execute faucet smart contract success with txn :  32d6a9cd309018ddc401bb718aebe756deeac774bc69230771d8a2e1f71328bb]\n","    blobbers.go:11: Requesting blobber list...\n","    blobbers.go:16: Requesting validator list...\n",""],"Passed":false,"Skipped":false,"TestFileName":"blobber_read_test.go","TestFunctionDetail":{"Line":20,"Col":1}}]},{"FailureIndicator":"failed","SkippedIndicator":"","TestResults":[{"TestName":"TestBlobberReadReward/download_one_time,_equal_from_both_blobbers","Package":"github.com/0chain/system_test/tests/tokenomics_tests","ElapsedTime":232.6,"Output":["","    blobber_read_test.go:57: Test case [download one time, equal from both blobbers] scheduled at [06-19-2023 16:31:29] \n","    system_test_framework.go:149: Test case [download one time, equal from both blobbers] start at [06-19-2023 16:31:29] \n","    wallet.go:25: Executing faucet...\n","    blobber_challenge_reward_test.go:559: Staking tokens for blobber:  76a781712267e84136f84853040fd95c03c62c9a9444a94b9ce74b5d30d6340d\n","    wallet.go:181: Staking tokens...\n","    wallet.go:25: Executing faucet...\n","    blobber_challenge_reward_test.go:559: Staking tokens for blobber:  5064a8e0ce29a8e92d43a93c6b8a0a786e89d53642df65ad721ebd6915d32671\n","    wallet.go:181: Staking tokens...\n","    wallet.go:25: Executing faucet...\n","    wallet.go:181: Staking tokens...\n","    wallet.go:25: Executing faucet...\n","    wallet.go:181: Staking tokens...\n","    wallet.go:71: creating wallet...\n","    wallet.go:25: Executing faucet...\n","    wallet.go:88: faucet output: [No wallet in path  config/TestBlobberReadReward-download_one_time,_equal_from_both_blobbers_wallet.json found. Creating wallet... ZCN wallet created!! Execute faucet smart contract success with txn :  ffb9ab0d50005c812e24d49d101193fb6091c350d85438674a5b2e239397ae08]\n","    allocation.go:91: Creating new allocation... map[data:1 expire:10m lock:0.5 parity:1 size:524288000]\n","    wallet.go:71: creating wallet...\n","    wallet.go:25: Executing faucet...\n","    wallet.go:88: faucet output: [Execute faucet smart contract success with txn :  e76d173454adddab38d01627075872a8d554ca0bbec9e353dee8f7f266b5ec9a]\n","    wallet.go:25: Executing faucet...\n","    allocation.go:163: Creating new allocation...\n","    allocation.go:58: Locking read tokens...\n","    allocation.go:307: Uploading file...\n","    utils.go:138: Waiting 15s...\n","    allocation.go:117: Downloading file...\n","    sharders.go:43: getting sharder url...\n","    sharders.go:65: list sharder nodes...\n","    blobber_read_test.go:239: Allocation challenge rewards url:  http://dev-6.devnet-0chain.net:31102/v1/screst/6dba10422e368813802877a85039d3985d96760ed844092319743fb3a76712d7/read-rewards?allocation_id=e59e327338a52ba7c692342b495218bc83d1ff097a0b7c6217812e40ef006f19\n","    blobber_read_test.go:117: downloadCost 9.765625e+06\n","    blobber_read_test.go:118: blobber1DownloadRewards 488281\n","    blobber_read_test.go:119: blobber2DownloadRewards 488281\n","    blobber_read_test.go:120: blobber1Delegate1DownloadRewards 4394531\n","    blobber_read_test.go:121: blobber2Delegate1DownloadRewards 4394531\n","    blobber_read_test.go:122: blobber1TotalDownloadRewards 4882812\n","    blobber_read_test.go:123: blobber2TotalDownloadRewards 4882812\n","    blobber_read_test.go:124: totalDownloadRewards 9765624\n","    allocation.go:488: Get Allocation...\n","    allocation.go:188: Canceling allocation...\n","    utils.go:67: \u001b[33mCommand failed on attempt [1/3] due to error [exit status 1]. Output: [Error canceling allocation:[txn] too less sharders to confirm it: min_confirmation is 50%, but got 0/2 sharders -\u003cNEWLINE\u003e- https://dev-6.devnet-0chain.net/sharder01/v1/transaction/get/confirmation?hash=d7d4b645092858b178fe46171a000afd8c98d51cbb4efe601dab10ba9c775c17: [400] {\"error\":\"unexpected end of JSON input\"} -\u003cNEWLINE\u003e- https://dev-6.devnet-0chain.net/sharder02/v1/transaction/get/confirmation?hash=d7d4b645092858b178fe46171a000afd8c98d51cbb4efe601dab10ba9c775c17: [400] {\"error\":\"unexpected end of JSON input\"}]\n","    utils.go:67: \u001b[33mCommand failed on attempt [2/3] due to error [exit status 1]. Output: [Error canceling allocation:[txn] too less sharders to confirm it: min_confirmation is 50%, but got 0/2 sharders -\u003cNEWLINE\u003e- https://dev-6.devnet-0chain.net/sharder02/v1/transaction/get/confirmation?hash=aecf949c80dae1b694d674e93b73c928cd2a1162854a186dc2ece73fa850291d: [400] {\"error\":\"unexpected end of JSON input\"} -\u003cNEWLINE\u003e- https://dev-6.devnet-0chain.net/sharder01/v1/transaction/get/confirmation?hash=aecf949c80dae1b694d674e93b73c928cd2a1162854a186dc2ece73fa850291d: [400] {\"error\":\"unexpected end of JSON input\"}]\n","    utils.go:70: \u001b[31mCommand failed on final attempt [3/3] due to error [exit status 1]. Command String: [./zbox alloc-cancel --allocation e59e327338a52ba7c692342b495218bc83d1ff097a0b7c6217812e40ef006f19 --silent --wallet TestBlobberReadReward-download_one_time,_equal_from_both_blobbers_wallet.json --configDir ./config --config ./zbox_config.yaml] Output: [Error canceling allocation:[txn] too less sharders to confirm it: min_confirmation is 50%, but got 0/2 sharders -\u003cNEWLINE\u003e- https://dev-6.devnet-0chain.net/sharder01/v1/transaction/get/confirmation?hash=1887ba360a981a08dcdf748c94579c7fe8c4bf7e75acbc82f880dda23e7c6468: [400] {\"error\":\"unexpected end of JSON input\"} -\u003cNEWLINE\u003e- https://dev-6.devnet-0chain.net/sharder02/v1/transaction/get/confirmation?hash=1887ba360a981a08dcdf748c94579c7fe8c4bf7e75acbc82f880dda23e7c6468: [400] {\"error\":\"unexpected end of JSON input\"}]\n","    utils.go:73: \u001b[31mThe verbose output for the command is:\n","    utils.go:77: \u001b[31m0chain-core-sdk [INFO]   2023/06/19 16:34:54.412363 wallet_base.go:310: ******* Wallet SDK Version:v1.8.16-38-g5ea0bf75 ******* (SetLogFile)\n","    utils.go:77: \u001b[31m0box-sdk        [INFO]   2023/06/19 16:34:54.412433 sdk.go:78: ******* Storage SDK Version: v1.8.16-38-g5ea0bf75 *******\n","    utils.go:77: \u001b[31m0chain-core-sdk [INFO]   2023/06/19 16:34:54.436220 transaction_base.go:139: ******* Wallet SDK Version:v1.8.16-38-g5ea0bf75 ******* (InitZCNSDK)\n","    utils.go:77: \u001b[31m0box-sdk        [DEBUG]  2023/06/19 16:34:54.444958 networkworker.go:105: Get network result:{\"miners\":[\"https://dev-6.devnet-0chain.net/miner02\",\"https://dev-6.devnet-0chain.net/miner01\",\"https://dev-6.devnet-0chain.net/miner03\"],\"sharders\":[\"https://dev-6.devnet-0chain.net/sharder02\",\"https://dev-6.devnet-0chain.net/sharder01\"]}\n","    utils.go:77: \u001b[31m0box-sdk        [INFO]   2023/06/19 16:34:54.453651 sdk.go:1431: executing transaction 'cancel_allocation' with hash 781d0a18fbf19ee4fbd871c9b6664ea12b1d0c8788b1f963335856a7b4f4af54\n","    utils.go:77: \u001b[31m0box-sdk        [INFO]   2023/06/19 16:34:54.453696 sdk.go:1432: estimated txn fee: 100000000\n","    utils.go:77: \u001b[31m0box-sdk        \u001b[31m[ERROR]  2023/06/19 16:35:24.652160 sdk.go:1453: Error verifying the transaction[txn] too less sharders to confirm it: min_confirmation is 50%, but got 0/2 sharders\n","    utils.go:77: \u001b[31mhttps://dev-6.devnet-0chain.net/sharder02/v1/transaction/get/confirmation?hash=781d0a18fbf19ee4fbd871c9b6664ea12b1d0c8788b1f963335856a7b4f4af54: [400] {\"error\":\"unexpected end of JSON input\"}\n","    utils.go:77: \u001b[31mhttps://dev-6.devnet-0chain.net/sharder01/v1/transaction/get/confirmation?hash=781d0a18fbf19ee4fbd871c9b6664ea12b1d0c8788b1f963335856a7b4f4af54: [400] {\"error\":\"unexpected end of JSON input\"}\n","    utils.go:77: \u001b[31m781d0a18fbf19ee4fbd871c9b6664ea12b1d0c8788b1f963335856a7b4f4af54\u001b[0m\n","    utils.go:77: \u001b[31mError canceling allocation:[txn] too less sharders to confirm it: min_confirmation is 50%, but got 0/2 sharders\n","    assertions.go:264: \n","        \tError Trace:\t/root/actions-runner6/_work/system_test/system_test/tests/tokenomics_tests/blobber_challenge_reward_test.go:697\n","        \t            \t\t\t\t/root/actions-runner6/_work/system_test/system_test/tests/tokenomics_tests/blobber_read_test.go:131\n","        \t            \t\t\t\t/root/actions-runner6/_work/system_test/system_test/tests/tokenomics_tests/system_test_framework.go:150\n","        \t            \t\t\t\t/root/actions-runner6/_work/system_test/system_test/tests/tokenomics_tests/asm_amd64.s:1598\n","        \tError:      \tExpected nil, but got: \u0026exec.ExitError{ProcessState:(*os.ProcessState)(0xc000452090), Stderr:[]uint8(nil)}\n","        \tTest:       \tTestBlobberReadReward/download_one_time,_equal_from_both_blobbers\n","        \tMessages:   \tError canceling allocation\n","    blobber_read_test.go:57: Test case [download one time, equal from both blobbers] exit at [06-19-2023 16:35:24]\n","","","    blobber_read_test.go:57: Test case [download one time, equal from both blobbers] scheduled at [06-19-2023 16:37:18] \n","    system_test_framework.go:149: Test case [download one time, equal from both blobbers] start at [06-19-2023 16:37:18] \n","    wallet.go:25: Executing faucet...\n","    blobber_challenge_reward_test.go:559: Staking tokens for blobber:  76a781712267e84136f84853040fd95c03c62c9a9444a94b9ce74b5d30d6340d\n","    wallet.go:181: Staking tokens...\n","    wallet.go:25: Executing faucet...\n","    blobber_challenge_reward_test.go:559: Staking tokens for blobber:  5064a8e0ce29a8e92d43a93c6b8a0a786e89d53642df65ad721ebd6915d32671\n","    wallet.go:181: Staking tokens...\n","    wallet.go:25: Executing faucet...\n","    wallet.go:181: Staking tokens...\n","    wallet.go:25: Executing faucet...\n","    wallet.go:181: Staking tokens...\n","    wallet.go:71: creating wallet...\n","    wallet.go:25: Executing faucet...\n","    wallet.go:88: faucet output: [No wallet in path  config/TestBlobberReadReward-download_one_time,_equal_from_both_blobbers_wallet.json found. Creating wallet... ZCN wallet created!! Execute faucet smart contract success with txn :  4d517dd55cc23129feba6c92349e77a236bad6ae29dc342ac1d4866204be5466]\n","    allocation.go:91: Creating new allocation... map[data:1 expire:10m lock:0.5 parity:1 size:524288000]\n","    wallet.go:71: creating wallet...\n","    wallet.go:25: Executing faucet...\n","    wallet.go:88: faucet output: [Execute faucet smart contract success with txn :  f539747b6e8a9d55d07dfc89c26bbaa5132b37404785cf18ed1bb939edf6df12]\n","    wallet.go:25: Executing faucet...\n","    allocation.go:163: Creating new allocation...\n","    allocation.go:58: Locking read tokens...\n","    allocation.go:307: Uploading file...\n","    utils.go:138: Waiting 15s...\n","    allocation.go:117: Downloading file...\n","    sharders.go:43: getting sharder url...\n","    sharders.go:65: list sharder nodes...\n","    blobber_read_test.go:239: Allocation challenge rewards url:  http://dev-6.devnet-0chain.net:31102/v1/screst/6dba10422e368813802877a85039d3985d96760ed844092319743fb3a76712d7/read-rewards?allocation_id=528b8ec8abdd3c116277664f5441eb013ebb0a1845c678366519c7f395e48fde\n","    blobber_read_test.go:117: downloadCost 9.765625e+06\n","    blobber_read_test.go:118: blobber1DownloadRewards 488281\n","    blobber_read_test.go:119: blobber2DownloadRewards 488281\n","    blobber_read_test.go:120: blobber1Delegate1DownloadRewards 4394531\n","    blobber_read_test.go:121: blobber2Delegate1DownloadRewards 4394531\n","    blobber_read_test.go:122: blobber1TotalDownloadRewards 4882812\n","    blobber_read_test.go:123: blobber2TotalDownloadRewards 4882812\n","    blobber_read_test.go:124: totalDownloadRewards 9765624\n","    allocation.go:488: Get Allocation...\n","    allocation.go:188: Canceling allocation...\n","    utils.go:67: \u001b[33mCommand failed on attempt [1/3] due to error [exit status 1]. Output: [Error canceling allocation:[txn] too less sharders to confirm it: min_confirmation is 50%, but got 0/2 sharders -\u003cNEWLINE\u003e- https://dev-6.devnet-0chain.net/sharder01/v1/transaction/get/confirmation?hash=ee190e11beb8a9b72fcfd39e991fd12169a10210fcf89c19e5ee96232d583142: [400] {\"error\":\"unexpected end of JSON input\"} -\u003cNEWLINE\u003e- https://dev-6.devnet-0chain.net/sharder02/v1/transaction/get/confirmation?hash=ee190e11beb8a9b72fcfd39e991fd12169a10210fcf89c19e5ee96232d583142: [400] {\"error\":\"unexpected end of JSON input\"}]\n","    utils.go:67: \u001b[33mCommand failed on attempt [2/3] due to error [exit status 1]. Output: [Error canceling allocation:[txn] too less sharders to confirm it: min_confirmation is 50%, but got 0/2 sharders -\u003cNEWLINE\u003e- https://dev-6.devnet-0chain.net/sharder01/v1/transaction/get/confirmation?hash=82c4c44a022e5f50c65841e04c3ef6732f90f6bbfcbb5dc782bf9e7a2ea17c2d: [400] {\"error\":\"unexpected end of JSON input\"} -\u003cNEWLINE\u003e- https://dev-6.devnet-0chain.net/sharder02/v1/transaction/get/confirmation?hash=82c4c44a022e5f50c65841e04c3ef6732f90f6bbfcbb5dc782bf9e7a2ea17c2d: [400] {\"error\":\"unexpected end of JSON input\"}]\n","    utils.go:70: \u001b[31mCommand failed on final attempt [3/3] due to error [exit status 1]. Command String: [./zbox alloc-cancel --allocation 528b8ec8abdd3c116277664f5441eb013ebb0a1845c678366519c7f395e48fde --silent --wallet TestBlobberReadReward-download_one_time,_equal_from_both_blobbers_wallet.json --configDir ./config --config ./zbox_config.yaml] Output: [Error canceling allocation:[txn] too less sharders to confirm it: min_confirmation is 50%, but got 0/2 sharders -\u003cNEWLINE\u003e- https://dev-6.devnet-0chain.net/sharder01/v1/transaction/get/confirmation?hash=9955a2c85373a33ba095304e9acdfc2b9258335a5f7689b892a05646a110e1a5: [400] {\"error\":\"unexpected end of JSON input\"} -\u003cNEWLINE\u003e- https://dev-6.devnet-0chain.net/sharder02/v1/transaction/get/confirmation?hash=9955a2c85373a33ba095304e9acdfc2b9258335a5f7689b892a05646a110e1a5: [400] {\"error\":\"unexpected end of JSON input\"}]\n","    utils.go:73: \u001b[31mThe verbose output for the command is:\n","    utils.go:77: \u001b[31m0chain-core-sdk [INFO]   2023/06/19 16:40:40.679817 wallet_base.go:310: ******* Wallet SDK Version:v1.8.16-38-g5ea0bf75 ******* (SetLogFile)\n","    utils.go:77: \u001b[31m0box-sdk        [INFO]   2023/06/19 16:40:40.679895 sdk.go:78: ******* Storage SDK Version: v1.8.16-38-g5ea0bf75 *******\n","    utils.go:77: \u001b[31m0chain-core-sdk [INFO]   2023/06/19 16:40:40.704597 transaction_base.go:139: ******* Wallet SDK Version:v1.8.16-38-g5ea0bf75 ******* (InitZCNSDK)\n","    utils.go:77: \u001b[31m0box-sdk        [DEBUG]  2023/06/19 16:40:40.713727 networkworker.go:105: Get network result:{\"miners\":[\"https://dev-6.devnet-0chain.net/miner02\",\"https://dev-6.devnet-0chain.net/miner01\",\"https://dev-6.devnet-0chain.net/miner03\"],\"sharders\":[\"https://dev-6.devnet-0chain.net/sharder02\",\"https://dev-6.devnet-0chain.net/sharder01\"]}\n","    utils.go:77: \u001b[31m0box-sdk        [INFO]   2023/06/19 16:40:40.719418 sdk.go:1431: executing transaction 'cancel_allocation' with hash 09298bc207c10f33abfb5fd271b8f9b92b65d4e84bd068003cd74d492ad33c71\n","    utils.go:77: \u001b[31m0box-sdk        [INFO]   2023/06/19 16:40:40.719440 sdk.go:1432: estimated txn fee: 100000000\n","    utils.go:77: \u001b[31m0box-sdk        \u001b[31m[ERROR]  2023/06/19 16:41:10.895185 sdk.go:1453: Error verifying the transaction[txn] too less sharders to confirm it: min_confirmation is 50%, but got 0/2 sharders\n","    utils.go:77: \u001b[31mhttps://dev-6.devnet-0chain.net/sharder01/v1/transaction/get/confirmation?hash=09298bc207c10f33abfb5fd271b8f9b92b65d4e84bd068003cd74d492ad33c71: [400] {\"error\":\"unexpected end of JSON input\"}\n","    utils.go:77: \u001b[31mhttps://dev-6.devnet-0chain.net/sharder02/v1/transaction/get/confirmation?hash=09298bc207c10f33abfb5fd271b8f9b92b65d4e84bd068003cd74d492ad33c71: [400] {\"error\":\"unexpected end of JSON input\"}\n","    utils.go:77: \u001b[31m09298bc207c10f33abfb5fd271b8f9b92b65d4e84bd068003cd74d492ad33c71\u001b[0m\n","    utils.go:77: \u001b[31mError canceling allocation:[txn] too less sharders to confirm it: min_confirmation is 50%, but got 0/2 sharders\n","    assertions.go:264: \n","        \tError Trace:\t/root/actions-runner6/_work/system_test/system_test/tests/tokenomics_tests/blobber_challenge_reward_test.go:697\n","        \t            \t\t\t\t/root/actions-runner6/_work/system_test/system_test/tests/tokenomics_tests/blobber_read_test.go:131\n","        \t            \t\t\t\t/root/actions-runner6/_work/system_test/system_test/tests/tokenomics_tests/system_test_framework.go:150\n","        \t            \t\t\t\t/root/actions-runner6/_work/system_test/system_test/tests/tokenomics_tests/asm_amd64.s:1598\n","        \tError:      \tExpected nil, but got: \u0026exec.ExitError{ProcessState:(*os.ProcessState)(0xc000012060), Stderr:[]uint8(nil)}\n","        \tTest:       \tTestBlobberReadReward/download_one_time,_equal_from_both_blobbers\n","        \tMessages:   \tError canceling allocation\n","    blobber_read_test.go:57: Test case [download one time, equal from both blobbers] exit at [06-19-2023 16:41:10]\n","","","    blobber_read_test.go:57: Test case [download one time, equal from both blobbers] scheduled at [06-19-2023 16:43:10] \n","    system_test_framework.go:149: Test case [download one time, equal from both blobbers] start at [06-19-2023 16:43:10] \n","    wallet.go:25: Executing faucet...\n","    blobber_challenge_reward_test.go:559: Staking tokens for blobber:  76a781712267e84136f84853040fd95c03c62c9a9444a94b9ce74b5d30d6340d\n","    wallet.go:181: Staking tokens...\n","    wallet.go:25: Executing faucet...\n","    blobber_challenge_reward_test.go:559: Staking tokens for blobber:  5064a8e0ce29a8e92d43a93c6b8a0a786e89d53642df65ad721ebd6915d32671\n","    wallet.go:181: Staking tokens...\n","    wallet.go:25: Executing faucet...\n","    wallet.go:181: Staking tokens...\n","    wallet.go:25: Executing faucet...\n","    wallet.go:181: Staking tokens...\n","    wallet.go:71: creating wallet...\n","    wallet.go:25: Executing faucet...\n","    wallet.go:88: faucet output: [No wallet in path  config/TestBlobberReadReward-download_one_time,_equal_from_both_blobbers_wallet.json found. Creating wallet... ZCN wallet created!! Execute faucet smart contract success with txn :  64c61202a01fe957a44c499255239e3cce5888151cb6d362c3ffbdba0398118d]\n","    allocation.go:91: Creating new allocation... map[data:1 expire:10m lock:0.5 parity:1 size:524288000]\n","    wallet.go:71: creating wallet...\n","    wallet.go:25: Executing faucet...\n","    wallet.go:88: faucet output: [Execute faucet smart contract success with txn :  0fb79580cc47ca4fd074788313066ecddb3e25fde1f43b40445b5b0f881581ed]\n","    wallet.go:25: Executing faucet...\n","    allocation.go:163: Creating new allocation...\n","    allocation.go:58: Locking read tokens...\n","    allocation.go:307: Uploading file...\n","    utils.go:138: Waiting 15s...\n","    allocation.go:117: Downloading file...\n","    sharders.go:43: getting sharder url...\n","    sharders.go:65: list sharder nodes...\n","    blobber_read_test.go:239: Allocation challenge rewards url:  http://dev-6.devnet-0chain.net:31102/v1/screst/6dba10422e368813802877a85039d3985d96760ed844092319743fb3a76712d7/read-rewards?allocation_id=945be5a1fd55ecf28609390dba7f920427c9bccda9d1357fbd5da232342a125f\n","    blobber_read_test.go:117: downloadCost 9.765625e+06\n","    blobber_read_test.go:118: blobber1DownloadRewards 488281\n","    blobber_read_test.go:119: blobber2DownloadRewards 488281\n","    blobber_read_test.go:120: blobber1Delegate1DownloadRewards 4394531\n","    blobber_read_test.go:121: blobber2Delegate1DownloadRewards 4394531\n","    blobber_read_test.go:122: blobber1TotalDownloadRewards 4882812\n","    blobber_read_test.go:123: blobber2TotalDownloadRewards 4882812\n","    blobber_read_test.go:124: totalDownloadRewards 9765624\n","    allocation.go:488: Get Allocation...\n","    allocation.go:188: Canceling allocation...\n","    utils.go:67: \u001b[33mCommand failed on attempt [1/3] due to error [exit status 1]. Output: [Error canceling allocation:[txn] too less sharders to confirm it: min_confirmation is 50%, but got 0/2 sharders -\u003cNEWLINE\u003e- https://dev-6.devnet-0chain.net/sharder01/v1/transaction/get/confirmation?hash=c9a47e6c254a6c0fc30186a1471b858072954503d397844b513eacb8a5636802: [400] {\"error\":\"unexpected end of JSON input\"} -\u003cNEWLINE\u003e- https://dev-6.devnet-0chain.net/sharder02/v1/transaction/get/confirmation?hash=c9a47e6c254a6c0fc30186a1471b858072954503d397844b513eacb8a5636802: [400] {\"error\":\"unexpected end of JSON input\"}]\n","    utils.go:67: \u001b[33mCommand failed on attempt [2/3] due to error [exit status 1]. Output: [Error canceling allocation:[txn] too less sharders to confirm it: min_confirmation is 50%, but got 0/2 sharders -\u003cNEWLINE\u003e- https://dev-6.devnet-0chain.net/sharder02/v1/transaction/get/confirmation?hash=677d194cfd1ba4a447f48f2353fd01eee9576a52bb5971ee17d30f56d3ead240: [400] {\"error\":\"unexpected end of JSON input\"} -\u003cNEWLINE\u003e- https://dev-6.devnet-0chain.net/sharder01/v1/transaction/get/confirmation?hash=677d194cfd1ba4a447f48f2353fd01eee9576a52bb5971ee17d30f56d3ead240: [400] {\"error\":\"unexpected end of JSON input\"}]\n","    utils.go:70: \u001b[31mCommand failed on final attempt [3/3] due to error [exit status 1]. Command String: [./zbox alloc-cancel --allocation 945be5a1fd55ecf28609390dba7f920427c9bccda9d1357fbd5da232342a125f --silent --wallet TestBlobberReadReward-download_one_time,_equal_from_both_blobbers_wallet.json --configDir ./config --config ./zbox_config.yaml] Output: [Error canceling allocation:[txn] too less sharders to confirm it: min_confirmation is 50%, but got 0/2 sharders -\u003cNEWLINE\u003e- https://dev-6.devnet-0chain.net/sharder01/v1/transaction/get/confirmation?hash=60547e9daa81d7ef3839a11b273fdc329410bc527daf18b2536c86beff920ab1: [400] {\"error\":\"unexpected end of JSON input\"} -\u003cNEWLINE\u003e- https://dev-6.devnet-0chain.net/sharder02/v1/transaction/get/confirmation?hash=60547e9daa81d7ef3839a11b273fdc329410bc527daf18b2536c86beff920ab1: [400] {\"error\":\"unexpected end of JSON input\"}]\n","    utils.go:73: \u001b[31mThe verbose output for the command is:\n","    utils.go:77: \u001b[31m0chain-core-sdk [INFO]   2023/06/19 16:46:32.563971 wallet_base.go:310: ******* Wallet SDK Version:v1.8.16-38-g5ea0bf75 ******* (SetLogFile)\n","    utils.go:77: \u001b[31m0box-sdk        [INFO]   2023/06/19 16:46:32.564028 sdk.go:78: ******* Storage SDK Version: v1.8.16-38-g5ea0bf75 *******\n","    utils.go:77: \u001b[31m0chain-core-sdk [INFO]   2023/06/19 16:46:32.588239 transaction_base.go:139: ******* Wallet SDK Version:v1.8.16-38-g5ea0bf75 ******* (InitZCNSDK)\n","    utils.go:77: \u001b[31m0box-sdk        [DEBUG]  2023/06/19 16:46:32.598605 networkworker.go:105: Get network result:{\"miners\":[\"https://dev-6.devnet-0chain.net/miner02\",\"https://dev-6.devnet-0chain.net/miner01\",\"https://dev-6.devnet-0chain.net/miner03\"],\"sharders\":[\"https://dev-6.devnet-0chain.net/sharder02\",\"https://dev-6.devnet-0chain.net/sharder01\"]}\n","    utils.go:77: \u001b[31m0box-sdk        [INFO]   2023/06/19 16:46:32.603201 sdk.go:1431: executing transaction 'cancel_allocation' with hash aaf6e62d341e377c8e193a4fe5be5b0b45c08d882fbdfae6a863df0f7f298c60\n","    utils.go:77: \u001b[31m0box-sdk        [INFO]   2023/06/19 16:46:32.603227 sdk.go:1432: estimated txn fee: 100000000\n","    utils.go:77: \u001b[31m0box-sdk        \u001b[31m[ERROR]  2023/06/19 16:47:02.787458 sdk.go:1453: Error verifying the transaction[txn] too less sharders to confirm it: min_confirmation is 50%, but got 0/2 sharders\n","    utils.go:77: \u001b[31mhttps://dev-6.devnet-0chain.net/sharder01/v1/transaction/get/confirmation?hash=aaf6e62d341e377c8e193a4fe5be5b0b45c08d882fbdfae6a863df0f7f298c60: [400] {\"error\":\"unexpected end of JSON input\"}\n","    utils.go:77: \u001b[31mhttps://dev-6.devnet-0chain.net/sharder02/v1/transaction/get/confirmation?hash=aaf6e62d341e377c8e193a4fe5be5b0b45c08d882fbdfae6a863df0f7f298c60: [400] {\"error\":\"unexpected end of JSON input\"}\n","    utils.go:77: \u001b[31maaf6e62d341e377c8e193a4fe5be5b0b45c08d882fbdfae6a863df0f7f298c60\u001b[0m\n","    utils.go:77: \u001b[31mError canceling allocation:[txn] too less sharders to confirm it: min_confirmation is 50%, but got 0/2 sharders\n","    assertions.go:264: \n","        \tError Trace:\t/root/actions-runner6/_work/system_test/system_test/tests/tokenomics_tests/blobber_challenge_reward_test.go:697\n","        \t            \t\t\t\t/root/actions-runner6/_work/system_test/system_test/tests/tokenomics_tests/blobber_read_test.go:131\n","        \t            \t\t\t\t/root/actions-runner6/_work/system_test/system_test/tests/tokenomics_tests/system_test_framework.go:150\n","        \t            \t\t\t\t/root/actions-runner6/_work/system_test/system_test/tests/tokenomics_tests/asm_amd64.s:1598\n","        \tError:      \tExpected nil, but got: \u0026exec.ExitError{ProcessState:(*os.ProcessState)(0xc0003c6000), Stderr:[]uint8(nil)}\n","        \tTest:       \tTestBlobberReadReward/download_one_time,_equal_from_both_blobbers\n","        \tMessages:   \tError canceling allocation\n","    blobber_read_test.go:57: Test case [download one time, equal from both blobbers] exit at [06-19-2023 16:47:02]\n",""],"Passed":false,"Skipped":false,"TestFileName":"","TestFunctionDetail":{"Line":0,"Col":0}}]},{"FailureIndicator":"failed","SkippedIndicator":"","TestResults":[{"TestName":"TestBlobberReadReward/download_several_times_and_checking_if_downloading_fails_after_allocation_expiry","Package":"github.com/0chain/system_test/tests/tokenomics_tests","ElapsedTime":108.56,"Output":["","    blobber_read_test.go:134: Test case [download several times and checking if downloading fails after allocation expiry] scheduled at [06-19-2023 16:35:24] \n","    system_test_framework.go:149: Test case [download several times and checking if downloading fails after allocation expiry] start at [06-19-2023 16:35:24] \n","    wallet.go:25: Executing faucet...\n","    blobber_challenge_reward_test.go:559: Staking tokens for blobber:  76a781712267e84136f84853040fd95c03c62c9a9444a94b9ce74b5d30d6340d\n","    wallet.go:181: Staking tokens...\n","    wallet.go:25: Executing faucet...\n","    blobber_challenge_reward_test.go:559: Staking tokens for blobber:  5064a8e0ce29a8e92d43a93c6b8a0a786e89d53642df65ad721ebd6915d32671\n","    wallet.go:181: Staking tokens...\n","    wallet.go:25: Executing faucet...\n","    wallet.go:181: Staking tokens...\n","    wallet.go:25: Executing faucet...\n","    wallet.go:181: Staking tokens...\n","    wallet.go:71: creating wallet...\n","    wallet.go:25: Executing faucet...\n","    wallet.go:88: faucet output: [No wallet in path  config/TestBlobberReadReward-download_several_times_and_checking_if_downloading_fails_after_allocation_expiry_wallet.json found. Creating wallet... ZCN wallet created!! Execute faucet smart contract success with txn :  f9377f605462cce249750af2328ec2f13176f5c6fda9095fd19cd0622e16a0e5]\n","    allocation.go:91: Creating new allocation... map[data:1 expire:10m lock:0.5 parity:1 size:524288000]\n","    wallet.go:71: creating wallet...\n","    wallet.go:25: Executing faucet...\n","    wallet.go:88: faucet output: [Execute faucet smart contract success with txn :  6dfa445ffe8025f84a55a6dbd04f682d14ba525a2a7fac98014533444a98fd69]\n","    wallet.go:25: Executing faucet...\n","    allocation.go:163: Creating new allocation...\n","    allocation.go:58: Locking read tokens...\n","    allocation.go:307: Uploading file...\n","    utils.go:138: Waiting 15s...\n","    allocation.go:117: Downloading file...\n","    sharders.go:43: getting sharder url...\n","    sharders.go:65: list sharder nodes...\n","    blobber_read_test.go:239: Allocation challenge rewards url:  http://dev-6.devnet-0chain.net:31102/v1/screst/6dba10422e368813802877a85039d3985d96760ed844092319743fb3a76712d7/read-rewards?allocation_id=f79688ce9e9aeac121a39963fa1865f989e15f047c1d23dbc2c6bd475bd1dcba\n","    blobber_read_test.go:196: downloadCost 1.953125e+07\n","    blobber_read_test.go:197: blobber1DownloadRewards 488281\n","    blobber_read_test.go:198: blobber2DownloadRewards 488281\n","    blobber_read_test.go:199: blobber1Delegate1DownloadRewards 4394531\n","    blobber_read_test.go:200: blobber2Delegate1DownloadRewards 4394531\n","    blobber_read_test.go:201: blobber1TotalDownloadRewards 4882812\n","    blobber_read_test.go:202: blobber2TotalDownloadRewards 4882812\n","    blobber_read_test.go:203: totalDownloadRewards 9765624\n","    assertions.go:264: \n","        \tError Trace:\t/root/actions-runner6/_work/system_test/system_test/tests/tokenomics_tests/blobber_read_test.go:205\n","        \t            \t\t\t\t/root/actions-runner6/_work/system_test/system_test/tests/tokenomics_tests/system_test_framework.go:150\n","        \t            \t\t\t\t/root/actions-runner6/_work/system_test/system_test/tests/tokenomics_tests/asm_amd64.s:1598\n","        \tError:      \tRelative error is too high: 0.05 (expected)\n","        \t            \t        \u003c 0.5000000512 (actual)\n","        \tTest:       \tTestBlobberReadReward/download_several_times_and_checking_if_downloading_fails_after_allocation_expiry\n","        \tMessages:   \tDownload cost and total download rewards are not equal\n","    blobber_read_test.go:134: Test case [download several times and checking if downloading fails after allocation expiry] exit at [06-19-2023 16:37:12]\n","","","    blobber_read_test.go:134: Test case [download several times and checking if downloading fails after allocation expiry] scheduled at [06-19-2023 16:41:16] \n","    system_test_framework.go:149: Test case [download several times and checking if downloading fails after allocation expiry] start at [06-19-2023 16:41:16] \n","    wallet.go:25: Executing faucet...\n","    blobber_challenge_reward_test.go:559: Staking tokens for blobber:  76a781712267e84136f84853040fd95c03c62c9a9444a94b9ce74b5d30d6340d\n","    wallet.go:181: Staking tokens...\n","    wallet.go:25: Executing faucet...\n","    blobber_challenge_reward_test.go:559: Staking tokens for blobber:  5064a8e0ce29a8e92d43a93c6b8a0a786e89d53642df65ad721ebd6915d32671\n","    wallet.go:181: Staking tokens...\n","    wallet.go:25: Executing faucet...\n","    wallet.go:181: Staking tokens...\n","    wallet.go:25: Executing faucet...\n","    wallet.go:181: Staking tokens...\n","    wallet.go:71: creating wallet...\n","    wallet.go:25: Executing faucet...\n","    wallet.go:88: faucet output: [No wallet in path  config/TestBlobberReadReward-download_several_times_and_checking_if_downloading_fails_after_allocation_expiry_wallet.json found. Creating wallet... ZCN wallet created!! Execute faucet smart contract success with txn :  8b532c2dea5f26e11356a1e7a38c3e9b232766885a9d9f7815a785bc05f0a278]\n","    allocation.go:91: Creating new allocation... map[data:1 expire:10m lock:0.5 parity:1 size:524288000]\n","    wallet.go:71: creating wallet...\n","    wallet.go:25: Executing faucet...\n","    wallet.go:88: faucet output: [Execute faucet smart contract success with txn :  a7c625122ae83722bd1d5bc1714d5c97599df1f6878d36619c7e47fc7ec3a54f]\n","    wallet.go:25: Executing faucet...\n","    allocation.go:163: Creating new allocation...\n","    allocation.go:58: Locking read tokens...\n","    allocation.go:307: Uploading file...\n","    utils.go:138: Waiting 15s...\n","    allocation.go:117: Downloading file...\n","    sharders.go:43: getting sharder url...\n","    sharders.go:65: list sharder nodes...\n","    blobber_read_test.go:239: Allocation challenge rewards url:  http://dev-6.devnet-0chain.net:31102/v1/screst/6dba10422e368813802877a85039d3985d96760ed844092319743fb3a76712d7/read-rewards?allocation_id=98a378c60e392d3d2336921dfe165b73931f77da596cadd78a23c7e7d143d027\n","    blobber_read_test.go:196: downloadCost 1.953125e+07\n","    blobber_read_test.go:197: blobber1DownloadRewards 488281\n","    blobber_read_test.go:198: blobber2DownloadRewards 488281\n","    blobber_read_test.go:199: blobber1Delegate1DownloadRewards 4394531\n","    blobber_read_test.go:200: blobber2Delegate1DownloadRewards 4394531\n","    blobber_read_test.go:201: blobber1TotalDownloadRewards 4882812\n","    blobber_read_test.go:202: blobber2TotalDownloadRewards 4882812\n","    blobber_read_test.go:203: totalDownloadRewards 9765624\n","    assertions.go:264: \n","        \tError Trace:\t/root/actions-runner6/_work/system_test/system_test/tests/tokenomics_tests/blobber_read_test.go:205\n","        \t            \t\t\t\t/root/actions-runner6/_work/system_test/system_test/tests/tokenomics_tests/system_test_framework.go:150\n","        \t            \t\t\t\t/root/actions-runner6/_work/system_test/system_test/tests/tokenomics_tests/asm_amd64.s:1598\n","        \tError:      \tRelative error is too high: 0.05 (expected)\n","        \t            \t        \u003c 0.5000000512 (actual)\n","        \tTest:       \tTestBlobberReadReward/download_several_times_and_checking_if_downloading_fails_after_allocation_expiry\n","        \tMessages:   \tDownload cost and total download rewards are not equal\n","    blobber_read_test.go:134: Test case [download several times and checking if downloading fails after allocation expiry] exit at [06-19-2023 16:43:05]\n","","","    blobber_read_test.go:134: Test case [download several times and checking if downloading fails after allocation expiry] scheduled at [06-19-2023 16:47:08] \n","    system_test_framework.go:149: Test case [download several times and checking if downloading fails after allocation expiry] start at [06-19-2023 16:47:08] \n","    wallet.go:25: Executing faucet...\n","    blobber_challenge_reward_test.go:559: Staking tokens for blobber:  76a781712267e84136f84853040fd95c03c62c9a9444a94b9ce74b5d30d6340d\n","    wallet.go:181: Staking tokens...\n","    wallet.go:25: Executing faucet...\n","    blobber_challenge_reward_test.go:559: Staking tokens for blobber:  5064a8e0ce29a8e92d43a93c6b8a0a786e89d53642df65ad721ebd6915d32671\n","    wallet.go:181: Staking tokens...\n","    wallet.go:25: Executing faucet...\n","    wallet.go:181: Staking tokens...\n","    wallet.go:25: Executing faucet...\n","    wallet.go:181: Staking tokens...\n","    wallet.go:71: creating wallet...\n","    wallet.go:25: Executing faucet...\n","    wallet.go:88: faucet output: [No wallet in path  config/TestBlobberReadReward-download_several_times_and_checking_if_downloading_fails_after_allocation_expiry_wallet.json found. Creating wallet... ZCN wallet created!! Execute faucet smart contract success with txn :  093c76a78066fab0ab058f7929f4335eb0f39102e10771e41c93a2acc9407c39]\n","    allocation.go:91: Creating new allocation... map[data:1 expire:10m lock:0.5 parity:1 size:524288000]\n","    wallet.go:71: creating wallet...\n","    wallet.go:25: Executing faucet...\n","    wallet.go:88: faucet output: [Execute faucet smart contract success with txn :  828916e83cd4c5aa3387c82a86244f4d5bb3326ca98d2451ac79853c244d1ccd]\n","    wallet.go:25: Executing faucet...\n","    allocation.go:163: Creating new allocation...\n","    allocation.go:58: Locking read tokens...\n","    allocation.go:307: Uploading file...\n","    utils.go:138: Waiting 15s...\n","    allocation.go:117: Downloading file...\n","    sharders.go:43: getting sharder url...\n","    sharders.go:65: list sharder nodes...\n","    blobber_read_test.go:239: Allocation challenge rewards url:  http://dev-6.devnet-0chain.net:31102/v1/screst/6dba10422e368813802877a85039d3985d96760ed844092319743fb3a76712d7/read-rewards?allocation_id=766608e6ef1ad0d12d25b89ff217c71b8d32a30259d2d9a4ba2e2403463e48e7\n","    blobber_read_test.go:196: downloadCost 1.953125e+07\n","    blobber_read_test.go:197: blobber1DownloadRewards 488281\n","    blobber_read_test.go:198: blobber2DownloadRewards 488281\n","    blobber_read_test.go:199: blobber1Delegate1DownloadRewards 4394531\n","    blobber_read_test.go:200: blobber2Delegate1DownloadRewards 4394531\n","    blobber_read_test.go:201: blobber1TotalDownloadRewards 4882812\n","    blobber_read_test.go:202: blobber2TotalDownloadRewards 4882812\n","    blobber_read_test.go:203: totalDownloadRewards 9765624\n","    assertions.go:264: \n","        \tError Trace:\t/root/actions-runner6/_work/system_test/system_test/tests/tokenomics_tests/blobber_read_test.go:205\n","        \t            \t\t\t\t/root/actions-runner6/_work/system_test/system_test/tests/tokenomics_tests/system_test_framework.go:150\n","        \t            \t\t\t\t/root/actions-runner6/_work/system_test/system_test/tests/tokenomics_tests/asm_amd64.s:1598\n","        \tError:      \tRelative error is too high: 0.05 (expected)\n","        \t            \t        \u003c 0.5000000512 (actual)\n","        \tTest:       \tTestBlobberReadReward/download_several_times_and_checking_if_downloading_fails_after_allocation_expiry\n","        \tMessages:   \tDownload cost and total download rewards are not equal\n","    blobber_read_test.go:134: Test case [download several times and checking if downloading fails after allocation expiry] exit at [06-19-2023 16:48:56]\n",""],"Passed":false,"Skipped":false,"TestFileName":"","TestFunctionDetail":{"Line":0,"Col":0}}]}]

    const report = window.GoTestReport({
                                         data: data,
                                         testResultsElem: document.getElementById('testResults'),
                                         testGroupListElem: document.getElementById('testGroupList')
                                       });


</script>
</body>
</html>
