<!DOCTYPE html>
<html lang="en">
<head>
    <meta charset="UTF-8">
    <title>0Chain Flaky system test suite [fix_hermul_upgrade/4778213e] ran against [dev-3.devnet-0chain.net] at [2023-04-27_01.53.11]</title>
    <style type="text/css">
        body {
            font-family: sans-serif;
            background-color: #f3f3f3;
            border-top: 2px #dee6e8 solid;
            margin: 0;
        }

        div.pageHeader span.projectTitle {
            font-family: serif;
            font-size: 2em;
            padding-left: 56px;
            padding-top: 80px;
            display: block;
            color: #a5a5a5;
            text-shadow: 0 -1px 1px white;
        }

        div.pageHeader div.testStats {
            position: absolute;
            top: 7px;
            right: 52px;
            font-size: 0.8em;
            color: #a2a2a2;
        }

        div.pageHeader div.testStats span.indicator {
            font-size: 2em;
            position: relative;
            top: 5px;
            text-shadow: 0 1px 0 white;
        }

        div.pageHeader div.testStats span strong {
            margin-right: 16px;
        }

        div.pageHeader div.testStats span.total {
            border-right: 1px #afafaf dotted;
            background: #8298af;
        }

        div.pageHeader div.testStats span.passed {
            border-right: 1px #afafaf dotted;
            background: #6fca83;
        }

        div.pageHeader div.testStats span.skipped {
            background: #bababa;
        }

        div.pageHeader div.testStats span.failed {
            background: #ff7676;
        }

        div.pageHeader div.testStats span {
            margin-right: 1px;
            height: 55px;
            padding: 20px 8px 18px;
            color: white;
        }

        div.pageHeader .testGroupsTitle {
            margin: 16px 32px 8px 40px;
            font-size: 0.9em;
            color: darkgrey;
            display: inline-block;
        }

        div.pageHeader .testExecutionDate {
            display: inline-block;
            position: absolute;
            right: 10px;
            margin: 14px 32px 8px 40px;
            color: #9e9e9e;
            font-size: 0.9em;
        }

        .testReportContainer {
            padding: 0 32px 32px 32px;
        }

        .cardContainer {
            padding: 16px 16px 16px;
            box-shadow: 0 4px 4px #d4d4d4;
            background-color: white;
        }

        #testResults {
            display: flex;
            flex-wrap: wrap;
        }

        .testResultGroup {
            width: 24px;
            height: 24px;
            background-color: #43c143;
            margin-left: 1px;
            margin-bottom: 1px;
            box-sizing: border-box;
        }

        .testResultGroup.selected {
            border: 1px white solid;
            background-color: black !important;
        }

        .testResultGroup.skipped {
            border: 2px gray solid;
        }

        .testResultGroup.failed {
            background-color: red;
        }

        .cardContainer.testGroupList,
        .cardContainer.testDetail {
            margin-top: 16px;
            padding: 16px;
        }

        .cardContainer.testGroupList {
            color: #9c9c9c;
            padding: 0;
        }

        .cardContainer.testGroupList .testGroupRow {
            cursor: default;
            border-bottom: 1px #dadada dotted;
        }

        .cardContainer.testGroupList .testGroupRow span.testStatus {
            font-size: 1.2em;
            font-weight: bold;
            color: #139e13;
            pointer-events: none;
            display: inline-block;
            overflow: hidden;
            float: left;
            padding-top: 10px;
            padding-left: 20px;
            padding-right: 12px;
        }

        .cardContainer.testGroupList .testGroupRow span.testStatus.skipped {
            color: gray;
        }

        .cardContainer.testGroupList .testGroupRow span.testStatus.failed {
            color: red;
        }

        .cardContainer.testGroupList .testGroupRow span.testTitle {
            font-size: 0.9em;
            padding: 12px 0 10px;
            display: inline-block;
            pointer-events: none;
            color: #525252;
            text-overflow: ellipsis;
            overflow: hidden;
            width: calc(100% - 110px);
        }

        .cardContainer.testGroupList .testGroupRow span.testDuration {
            pointer-events: none;
        }

        .cardContainer.testGroupList .testGroupRow {
            position: relative;
            border-left: 4px #43c143 solid;
        }

        .cardContainer.testGroupList .testGroupRow.skipped {
            color: gray;
            border-left: 4px gray solid;
        }

        .cardContainer.testGroupList .testGroupRow.failed {
            color: red;
            border-left: 4px red solid;
        }

        .cardContainer.testGroupList .testGroupRow:hover {
            background-color: #fffaea;
            transition: 0.250s;
        }

        .cardContainer .testOutput {
            padding: 8px 16px 24px 16px;
        }

        .cardContainer .console {
            display: block;
            font-family: monospace;
            padding: 10px;
            background-color: #424242;
            color: #1aff00;
            border-bottom: 1px #1aff00 dotted;
            overflow: auto;
            font-size: 1.1em;
        }

        .cardContainer .testOutput .testDetail {
            border-bottom: 1px #d0d0d0 solid;
            padding: 16px;
            background-color: #e6e6e6;
            border-radius: 0 0 4px 4px;
            color: dimgrey;
            font-size: 0.8em;
        }

        .cardContainer .console.skipped{
            color: #d9d9d9;
        }

        .cardContainer .console.failed {
            color: #ffb2b2;
        }

        .cardContainer .testDuration {
            position: absolute;
            top: 5px;
            right: 8px;
            text-align: right;
            padding-right: 8px;
            box-sizing: border-box;
        }
    </style>
</head>
<body>
<div class="pageHeader">
    <span class="projectTitle">0Chain Flaky system test suite [fix_hermul_upgrade/4778213e] ran against [dev-3.devnet-0chain.net] at [2023-04-27_01.53.11]</span>
    <div class="testStats">
        <span class="total"><span class="indicator">&boxbox;</span> Total: <strong>11</strong>Duration: <strong>1ms</strong>
        </span><span class="passed"><span class="indicator">&check;</span> Passed: <strong>5</strong>
        </span><span class="skipped"><span class="indicator">&dash;</span> Skipped: <strong>3</strong>
        </span><span class="failed"><span class="indicator">&cross;</span> Failed: <strong>3</strong>
        </span>
    </div>
    <span class="testGroupsTitle">Test Groups:</span>
    <span class="testExecutionDate">April 27, 2023 03:04:47</span>
</div>
<div class="testReportContainer">
    <div class="cardContainer">
        <div id="testResults">
            
                <div class="testResultGroup  skipped" id="0"></div>
            
                <div class="testResultGroup  " id="1"></div>
            
                <div class="testResultGroup  skipped" id="2"></div>
            
                <div class="testResultGroup  " id="3"></div>
            
                <div class="testResultGroup  " id="4"></div>
            
                <div class="testResultGroup  " id="5"></div>
            
                <div class="testResultGroup  " id="6"></div>
            
                <div class="testResultGroup  skipped" id="7"></div>
            
                <div class="testResultGroup failed " id="8"></div>
            
                <div class="testResultGroup failed " id="9"></div>
            
                <div class="testResultGroup failed " id="10"></div>
            
        </div>
    </div>
    <div class="cardContainer testGroupList" id="testGroupList"></div>
</div>
<script type="application/javascript">
    /**
 * @typedef TestStatus
 * @property {string} TestName
 * @property {string} Package
 * @property {number} ElapsedTime
 * @property {Array.<string>} Output
 * @property {boolean} Passed
 * @property {boolean} Skipped
 */
class TestStatus {}

/**
 * @typedef TestGroupData
 * @type {object}
 * @property {string} FailureIndicator
 * @property {string} SkippedIndicator
 * @property {Array.<TestStatus>}
 */
class TestGroupData {}

/**
 * @typedef TestResults
 * @type {Array.<TestGroupData>}
 */
class TestResults extends Array {}

/**
 * @typedef SelectedItems
 * @property {HTMLElement|EventTarget} testResults
 * @property {String} selectedTestGroupColor
 */
class SelectedItems {}

/**
 * @typedef GoTestReportElements
 * @property {TestResults} data
 * @property {HTMLElement} testResultsElem
 * @property {HTMLElement} testGroupListElem
 */
class GoTestReportElements {}


/**
 * Main entry point for GoTestReport.
 * @param {GoTestReportElements} elements
 * @returns {{testResultsClickHandler: testResultsClickHandler}}
 * @constructor
 */
window.GoTestReport = function (elements) {
  const /**@type {SelectedItems}*/ selectedItems = {
    testResults: null,
    selectedTestGroupColor: null
  }

  function addEventData(event) {
    if (event.data == null) {
      event.data = {target: event.target}
    }
    return event
  }


  const goTestReport = {
    /**
     * Invoked when a user clicks on one of the test group div elements.
     * @param {HTMLElement} target The element associated with the test group.
     * @param {boolean} shiftKey If pressed, all of test detail associated to the test group is shown.
     * @param {TestResults} data
     * @param {SelectedItems} selectedItems
     * @param {function(target: Element, data: TestResults)} testGroupListHandler
     */
    testResultsClickHandler: function (target,
                                       shiftKey,
                                       data,
                                       selectedItems,
                                       testGroupListHandler) {

      if (target.classList.contains('testResultGroup') === false) {
        return
      }
      if (selectedItems.testResults != null) {
        let testResultsElement = /**@type {HTMLElement}*/ selectedItems.testResults
        testResultsElement.classList.remove("selected")
        testResultsElement.style.backgroundColor = selectedItems.selectedTestGroupColor
      }
      const testGroupId = /**@type {number}*/ target.id
      if ((target.id === undefined)
        || (data[testGroupId] === undefined)
        || (data[testGroupId]['TestResults'] === undefined)) {
        return
      }
      const testResults = /**@type {TestResults}*/ data[testGroupId]['TestResults']
      let testGroupList = /**@type {string}*/ ''
      selectedItems.selectedTestGroupColor = getComputedStyle(target).getPropertyValue('background-color')
      selectedItems.testResults = target
      target.classList.add("selected")
      for (let i = 0; i < testResults.length; i++) {
        const testResult = /**@type {TestGroupData}*/ testResults[i]
        const testPassed = /**@type {boolean}*/ testResult.Passed
        const testSkipped = /**@type {boolean}*/ testResult.Skipped
        const testPassedStatus = /**@type {string}*/ (testPassed) ? '' : (testSkipped ? 'skipped' : 'failed')
        const testId = /**@type {string}*/ target.attributes['id'].value
        testGroupList += `<div class="testGroupRow ${testPassedStatus}" data-groupid="${testId}" data-index="${i}">
        <span class="testStatus ${testPassedStatus}">${(testPassed) ? '&check' : (testSkipped ? '&dash' : '&cross')};</span>
        <span class="testTitle">${testResult.TestName}</span>
        <span class="testDuration"><span>${testResult.ElapsedTime}s </span>‚è±</span>
      </div>`
      }
      const testGroupListElem = elements.testGroupListElem
      testGroupListElem.innerHTML = ''
      testGroupListElem.innerHTML = testGroupList

      if (shiftKey) {
        testGroupListElem.querySelectorAll('.testGroupRow')
                         .forEach((elem) => testGroupListHandler(elem, data))
      } else if (testResults.length === 1) {
        testGroupListHandler(testGroupListElem.querySelector('.testGroupRow'), data)
      }
    },

    /**
     *
     * @param {Element} target
     * @param {TestResults} data
     */
    testGroupListHandler: function (target, data) {
      const attribs = target['attributes']
      if (attribs.hasOwnProperty('data-groupid')) {
        const groupId = /**@type {number}*/ attribs['data-groupid'].value
        const testIndex = /**@type {number}*/ attribs['data-index'].value
        const testStatus = /**@type {TestStatus}*/ data[groupId]['TestResults'][testIndex]
        const testOutputDiv = /**@type {HTMLDivElement}*/ target.querySelector('div.testOutput')

        if (testOutputDiv == null) {
          const testOutputDiv = document.createElement('div')
          testOutputDiv.classList.add('testOutput')
          const consolePre = document.createElement('pre')
          consolePre.classList.add('console')
          const testDetailDiv = document.createElement('div')
          testDetailDiv.classList.add('testDetail')
          const packageNameDiv = document.createElement('div')
          packageNameDiv.classList.add('package')
          packageNameDiv.innerHTML = `<strong>Package:</strong> ${testStatus.Package}`
          const testFileNameDiv = document.createElement('div')
          testFileNameDiv.classList.add('filename')
          if (testStatus.TestFileName.trim() === "") {
            testFileNameDiv.innerHTML = `<strong>Filename:</strong> n/a &nbsp;&nbsp;`
          } else {
            testFileNameDiv.innerHTML = `<strong>Filename:</strong> ${testStatus.TestFileName} &nbsp;&nbsp;`
            testFileNameDiv.innerHTML += `<strong>Line:</strong> ${testStatus.TestFunctionDetail.Line} `
            testFileNameDiv.innerHTML += `<strong>Col:</strong> ${testStatus.TestFunctionDetail.Col}`
          }
          testDetailDiv.insertAdjacentElement('beforeend', packageNameDiv)
          testDetailDiv.insertAdjacentElement('beforeend', testFileNameDiv)
          testOutputDiv.insertAdjacentElement('afterbegin', consolePre)
          testOutputDiv.insertAdjacentElement('beforeend', testDetailDiv)
          target.insertAdjacentElement('beforeend', testOutputDiv)

          if (testStatus.Passed) {
            consolePre.classList.remove('skipped')
            consolePre.classList.remove('failed')
          } else if (testStatus.Skipped) {
            consolePre.classList.add('skipped')
            consolePre.classList.remove('failed')
          } else {
            consolePre.classList.remove('skipped')
            consolePre.classList.add('failed')
          }
          consolePre.textContent = testStatus.Output.join('')
        } else {
          testOutputDiv.remove()
        }
      }
    }
  }

  //+------------------------+
  //|    setup DOM events    |
  //+------------------------+
  elements.testResultsElem
          .addEventListener('click', event =>
            goTestReport.testResultsClickHandler(/**@type {HTMLElement}*/ addEventData(event).data.target,
                                                 event.shiftKey,
                                                 elements.data,
                                                 selectedItems,
                                                 goTestReport.testGroupListHandler))

  elements.testGroupListElem
          .addEventListener('click', event =>
            goTestReport.testGroupListHandler(/**@type {Element}*/ event.target,
                                              elements.data))

  return goTestReport
}


    

    const data = [{"FailureIndicator":"","SkippedIndicator":"skipped","TestResults":[{"TestName":"Test___FlakyBrokenScenarios","Package":"github.com/0chain/system_test/tests/cli_tests","ElapsedTime":0,"Output":["","    flaky___broken_scenarios_test.go:30: \n","--- SKIP: Test___FlakyBrokenScenarios (0.00s)\n",""],"Passed":false,"Skipped":true,"TestFileName":"flaky___broken_scenarios_test.go","TestFunctionDetail":{"Line":27,"Col":1}}]},{"FailureIndicator":"","SkippedIndicator":"","TestResults":[{"TestName":"Test___FlakyFileCopy","Package":"github.com/0chain/system_test/tests/cli_tests","ElapsedTime":0,"Output":["","--- PASS: Test___FlakyFileCopy (0.00s)",""],"Passed":true,"Skipped":false,"TestFileName":"flaky___flaky_test.go","TestFunctionDetail":{"Line":408,"Col":1}}]},{"FailureIndicator":"","SkippedIndicator":"skipped","TestResults":[{"TestName":"Test___FlakyFileCopy/File_copy_-_Users_should_not_be_charged_for_moving_a_file_","Package":"github.com/0chain/system_test/tests/cli_tests","ElapsedTime":0,"Output":["","    flaky___flaky_test.go:411: Test case [File copy - Users should not be charged for moving a file ] scheduled at [04-27-2023 02:59:20] \n","","","    system_test_framework.go:92: Test case [File copy - Users should not be charged for moving a file ] start at [04-27-2023 02:59:20] \n","    flaky___flaky_test.go:412: Test calculations are flaky in  CLI\n","    flaky___flaky_test.go:411: Test case [File copy - Users should not be charged for moving a file ] exit at [04-27-2023 02:59:20]\n","    --- SKIP: Test___FlakyFileCopy/File_copy_-_Users_should_not_be_charged_for_moving_a_file_ (0.00s)\n",""],"Passed":false,"Skipped":true,"TestFileName":"","TestFunctionDetail":{"Line":0,"Col":0}}]},{"FailureIndicator":"","SkippedIndicator":"","TestResults":[{"TestName":"Test___FlakyFileDelete","Package":"github.com/0chain/system_test/tests/cli_tests","ElapsedTime":0,"Output":["","--- PASS: Test___FlakyFileDelete (0.00s)",""],"Passed":true,"Skipped":false,"TestFileName":"flaky___flaky_test.go","TestFunctionDetail":{"Line":241,"Col":1}}]},{"FailureIndicator":"","SkippedIndicator":"","TestResults":[{"TestName":"Test___FlakyFileDelete/Delete_file_concurrently_in_existing_directory,_should_work","Package":"github.com/0chain/system_test/tests/cli_tests","ElapsedTime":85.12,"Output":["","    flaky___flaky_test.go:244: Test case [Delete file concurrently in existing directory, should work] scheduled at [04-27-2023 02:57:55] \n","","","    system_test_framework.go:92: Test case [Delete file concurrently in existing directory, should work] start at [04-27-2023 02:57:55] \n","    zwalletcli_register_wallet_test.go:128: Registering wallet...\n","    zboxcli_update_allocation_test.go:1004: Executing faucet...\n","    zwalletcli_register_wallet_test.go:143: faucet output: [No wallet in path  config/Test___FlakyFileDelete-Delete_file_concurrently_in_existing_directory,_should_work_wallet.json found. Creating wallet... ZCN wallet created!! Execute faucet smart contract success with txn :  b60ed7f813aaf69e3ad3a3a2be87ff6e2dd571e1d3c645ec1293efb7b1c46ec9]\n","    zboxcli_update_allocation_test.go:1004: Executing faucet...\n","    zboxcli_create_allocation_test.go:440: Creating new allocation...\n","    zboxcli_file_upload_test.go:808: Uploading file /tmp/F5tfVaWxXE_test.txt to allocation 690986efdffab10e88d1c875f6f6bb29420632432a19bf70215f6b6c49a64965 with remotepath /F5tfVaWxXE_test.txt\n","    zboxcli_file_upload_test.go:766: Uploading file...\n","    zboxcli_file_upload_test.go:808: Uploading file /tmp/9txK-OmSny_test.txt to allocation 690986efdffab10e88d1c875f6f6bb29420632432a19bf70215f6b6c49a64965 with remotepath /9txK-OmSny_test.txt\n","    zboxcli_file_upload_test.go:766: Uploading file...\n","    utils.go:67: \u001b[33mCommand failed on attempt [1/3] due to error [exit status 1]. Output: [0 / 256    0.00% 0 / 256    0.00% 0s -\u003cNEWLINE\u003e- Error in file operation: upload_failed: Upload failed. bad request: {\"code\":\"invalid_parameters\",\"error\":\"invalid_parameters: Invalid allocation id passed.verify_allocation: verifying allocation transaction error: duplicated key not allowed\"} -\u003cNEWLINE\u003e- Upload failed. upload_failed: Upload failed. bad request: {\"code\":\"invalid_parameters\",\"error\":\"invalid_parameters: Invalid allocation id passed.verify_allocation: verifying allocation transaction error: duplicated key not allowed\"}]\n","    zboxcli_file_delete_test.go:343: Deleting file...\n","    utils.go:63: \u001b[32mCommand passed on retry [2/3]. Output: [0 / 256    0.00% 256 / 256  100.00% 0s -\u003cNEWLINE\u003e- Status completed callback. Type = application/octet-stream. Name = 9txK-OmSny_test.txt]\n","    zboxcli_file_delete_test.go:343: Deleting file...\n","    utils.go:138: Waiting 10s...\n","    zboxcli_list_file_test.go:635: Listing individual file in allocation...\n","    utils.go:67: \u001b[33mCommand failed on attempt [1/3] due to error [exit status 1]. Output: [error from server list response: {\"code\":\"invalid_parameters\",\"error\":\"invalid_parameters: Invalid path record not found\"}]\n","    utils.go:67: \u001b[33mCommand failed on attempt [2/3] due to error [exit status 1]. Output: [error from server list response: {\"code\":\"invalid_parameters\",\"error\":\"invalid_parameters: Invalid path record not found\"}]\n","    utils.go:70: \u001b[31mCommand failed on final attempt [3/3] due to error [exit status 1]. Command String: [./zbox list --remotepath /9txK-OmSny_test.txt --json  --allocation 690986efdffab10e88d1c875f6f6bb29420632432a19bf70215f6b6c49a64965 --silent --wallet Test___FlakyFileDelete-Delete_file_concurrently_in_existing_directory,_should_work_wallet.json --configDir ./config --config ./zbox_config.yaml] Output: [error from server list response: {\"code\":\"invalid_parameters\",\"error\":\"invalid_parameters: Invalid path record not found\"}]\n","    utils.go:73: \u001b[31mThe verbose output for the command is:\n","    utils.go:77: \u001b[31m0chain-core-sdk [INFO]   2023/04/27 02:59:06.510928 wallet_base.go:310: ******* Wallet SDK Version:v1.8.13-45-g29b9769 ******* (SetLogFile)\n","    utils.go:77: \u001b[31m0box-sdk        [INFO]   2023/04/27 02:59:06.510966 sdk.go:78: ******* Storage SDK Version: v1.8.13-45-g29b9769 *******\n","    utils.go:77: \u001b[31m0chain-core-sdk [INFO]   2023/04/27 02:59:06.527593 transaction_base.go:139: ******* Wallet SDK Version:v1.8.13-45-g29b9769 ******* (InitZCNSDK)\n","    utils.go:77: \u001b[31m0box-sdk        [DEBUG]  2023/04/27 02:59:06.538064 networkworker.go:105: Get network result:{\"miners\":[\"https://dev-3.devnet-0chain.net/miner02\",\"https://dev-3.devnet-0chain.net/miner01\",\"https://dev-3.devnet-0chain.net/miner03\"],\"sharders\":[\"https://dev-3.devnet-0chain.net/sharder02\",\"https://dev-3.devnet-0chain.net/sharder01\"]}\n","    utils.go:77: \u001b[31m0box-sdk        [DEBUG]  2023/04/27 02:59:06.551159 listworker.go:111: List result:{\"code\":\"invalid_parameters\",\"error\":\"invalid_parameters: Invalid path record not found\"}\n","    utils.go:77: \u001b[31m0box-sdk        [DEBUG]  2023/04/27 02:59:06.553704 listworker.go:111: List result:{\"code\":\"invalid_parameters\",\"error\":\"invalid_parameters: Invalid path record not found\"}\n","    utils.go:77: \u001b[31m0box-sdk        [DEBUG]  2023/04/27 02:59:06.553706 listworker.go:111: List result:{\"code\":\"invalid_parameters\",\"error\":\"invalid_parameters: Invalid path record not found\"}\n","    utils.go:77: \u001b[31m0box-sdk        [DEBUG]  2023/04/27 02:59:06.557346 listworker.go:111: List result:{\"code\":\"invalid_parameters\",\"error\":\"invalid_parameters: Invalid path record not found\"}\n","    utils.go:77: \u001b[31merror from server list response: {\"code\":\"invalid_parameters\",\"error\":\"invalid_parameters: Invalid path record not found\"}\n","    utils.go:138: Waiting 10s...\n","    zboxcli_list_file_test.go:635: Listing individual file in allocation...\n","    utils.go:67: \u001b[33mCommand failed on attempt [1/3] due to error [exit status 1]. Output: [error from server list response: {\"code\":\"invalid_parameters\",\"error\":\"invalid_parameters: Invalid path record not found\"}]\n","    utils.go:67: \u001b[33mCommand failed on attempt [2/3] due to error [exit status 1]. Output: [error from server list response: {\"code\":\"invalid_parameters\",\"error\":\"invalid_parameters: Invalid path record not found\"}]\n","    utils.go:70: \u001b[31mCommand failed on final attempt [3/3] due to error [exit status 1]. Command String: [./zbox list --allocation 690986efdffab10e88d1c875f6f6bb29420632432a19bf70215f6b6c49a64965 --remotepath /F5tfVaWxXE_test.txt --json --silent --wallet Test___FlakyFileDelete-Delete_file_concurrently_in_existing_directory,_should_work_wallet.json --configDir ./config --config ./zbox_config.yaml] Output: [error from server list response: {\"code\":\"invalid_parameters\",\"error\":\"invalid_parameters: Invalid path record not found\"}]\n","    utils.go:73: \u001b[31mThe verbose output for the command is:\n","    utils.go:77: \u001b[31m0chain-core-sdk [INFO]   2023/04/27 02:59:20.753948 wallet_base.go:310: ******* Wallet SDK Version:v1.8.13-45-g29b9769 ******* (SetLogFile)\n","    utils.go:77: \u001b[31m0box-sdk        [INFO]   2023/04/27 02:59:20.753985 sdk.go:78: ******* Storage SDK Version: v1.8.13-45-g29b9769 *******\n","    utils.go:77: \u001b[31m0chain-core-sdk [INFO]   2023/04/27 02:59:20.767380 transaction_base.go:139: ******* Wallet SDK Version:v1.8.13-45-g29b9769 ******* (InitZCNSDK)\n","    utils.go:77: \u001b[31m0box-sdk        [DEBUG]  2023/04/27 02:59:20.772771 networkworker.go:105: Get network result:{\"miners\":[\"https://dev-3.devnet-0chain.net/miner02\",\"https://dev-3.devnet-0chain.net/miner01\",\"https://dev-3.devnet-0chain.net/miner03\"],\"sharders\":[\"https://dev-3.devnet-0chain.net/sharder02\",\"https://dev-3.devnet-0chain.net/sharder01\"]}\n","    utils.go:77: \u001b[31m0box-sdk        [DEBUG]  2023/04/27 02:59:20.785729 listworker.go:111: List result:{\"code\":\"invalid_parameters\",\"error\":\"invalid_parameters: Invalid path record not found\"}\n","    utils.go:77: \u001b[31m0box-sdk        [DEBUG]  2023/04/27 02:59:20.786951 listworker.go:111: List result:{\"code\":\"invalid_parameters\",\"error\":\"invalid_parameters: Invalid path record not found\"}\n","    utils.go:77: \u001b[31m0box-sdk        [DEBUG]  2023/04/27 02:59:20.788546 listworker.go:111: List result:{\"code\":\"invalid_parameters\",\"error\":\"invalid_parameters: Invalid path record not found\"}\n","    utils.go:77: \u001b[31m0box-sdk        [DEBUG]  2023/04/27 02:59:20.789520 listworker.go:111: List result:{\"code\":\"invalid_parameters\",\"error\":\"invalid_parameters: Invalid path record not found\"}\n","    utils.go:77: \u001b[31merror from server list response: {\"code\":\"invalid_parameters\",\"error\":\"invalid_parameters: Invalid path record not found\"}\n","    flaky___flaky_test.go:244: Test case [Delete file concurrently in existing directory, should work] exit at [04-27-2023 02:59:20]\n","--- PASS: Test___FlakyFileDelete/Delete_file_concurrently_in_existing_directory,_should_work (85.12s)",""],"Passed":true,"Skipped":false,"TestFileName":"","TestFunctionDetail":{"Line":0,"Col":0}}]},{"FailureIndicator":"","SkippedIndicator":"","TestResults":[{"TestName":"Test___FlakyFileRename","Package":"github.com/0chain/system_test/tests/cli_tests","ElapsedTime":0,"Output":["","","","--- PASS: Test___FlakyFileRename (0.00s)",""],"Passed":true,"Skipped":false,"TestFileName":"flaky___flaky_test.go","TestFunctionDetail":{"Line":304,"Col":1}}]},{"FailureIndicator":"","SkippedIndicator":"","TestResults":[{"TestName":"Test___FlakyFileRename/Rename_and_delete_file_concurrently,_should_work","Package":"github.com/0chain/system_test/tests/cli_tests","ElapsedTime":326.29,"Output":["","    flaky___flaky_test.go:309: Test case [Rename and delete file concurrently, should work] scheduled at [04-27-2023 02:59:20] \n","","","    system_test_framework.go:92: Test case [Rename and delete file concurrently, should work] start at [04-27-2023 02:59:20] \n","    zwalletcli_register_wallet_test.go:128: Registering wallet...\n","    zboxcli_update_allocation_test.go:1004: Executing faucet...\n","    zwalletcli_register_wallet_test.go:143: faucet output: [No wallet in path  config/Test___FlakyFileRename-Rename_and_delete_file_concurrently,_should_work_wallet.json found. Creating wallet... ZCN wallet created!! Execute faucet smart contract success with txn :  2d3b3894223643ba7b7d91c08eb56be0c8a0747683a91982c7ee8f4fe66043e6]\n","    zboxcli_update_allocation_test.go:1004: Executing faucet...\n","    zboxcli_create_allocation_test.go:440: Creating new allocation...\n","    zboxcli_file_upload_test.go:808: Uploading file /tmp/vg7qLZHaZ9_test.txt to allocation 069bf37d8b7e27f89e599572ac01334c98cca574d024f41ae9a8509395dee843 with remotepath /vg7qLZHaZ9_test.txt\n","    zboxcli_file_upload_test.go:766: Uploading file...\n","    zboxcli_file_upload_test.go:808: Uploading file /tmp/AuxyPlZGWq_test.txt to allocation 069bf37d8b7e27f89e599572ac01334c98cca574d024f41ae9a8509395dee843 with remotepath /AuxyPlZGWq_test.txt\n","    zboxcli_file_upload_test.go:766: Uploading file...\n","    zboxcli_file_upload_test.go:808: Uploading file /tmp/BgwZbM2GQV_test.txt to allocation 069bf37d8b7e27f89e599572ac01334c98cca574d024f41ae9a8509395dee843 with remotepath /BgwZbM2GQV_test.txt\n","    zboxcli_file_upload_test.go:766: Uploading file...\n","    zboxcli_file_upload_test.go:808: Uploading file /tmp/pgS-x0MDM9_test.txt to allocation 069bf37d8b7e27f89e599572ac01334c98cca574d024f41ae9a8509395dee843 with remotepath /pgS-x0MDM9_test.txt\n","    zboxcli_file_upload_test.go:766: Uploading file...\n","    zboxcli_file_delete_test.go:343: Deleting file...\n","    zboxcli_common_user_functions_test.go:179: Renaming file...\n","    zboxcli_common_user_functions_test.go:179: Renaming file...\n","    zboxcli_file_delete_test.go:343: Deleting file...\n","    utils.go:67: \u001b[33mCommand failed on attempt [1/3] due to error [exit status 1]. Output: [Delete failed. Delete failed: lock_consensus_not_met: Required consensus 3 got 0]\n","    utils.go:67: \u001b[33mCommand failed on attempt [1/3] due to error [exit status 1]. Output: [rename failed: lock_consensus_not_met: Required consensus 3 got 0]\n","    utils.go:67: \u001b[33mCommand failed on attempt [1/3] due to error [exit status 1]. Output: [Delete failed. Delete failed: lock_consensus_not_met: Required consensus 3 got 0]\n","    utils.go:67: \u001b[33mCommand failed on attempt [2/3] due to error [exit status 1]. Output: [Delete failed. Delete failed: lock_consensus_not_met: Required consensus 3 got 1]\n","    utils.go:63: \u001b[32mCommand passed on retry [2/3]. Output: [/vg7qLZHaZ9_test.txt renamed]\n","    utils.go:67: \u001b[33mCommand failed on attempt [2/3] due to error [exit status 1]. Output: [Delete failed. Delete failed: lock_consensus_not_met: Required consensus 3 got 0]\n","    utils.go:63: \u001b[32mCommand passed on retry [3/3]. Output: [/BgwZbM2GQV_test.txt deleted]\n","    utils.go:63: \u001b[32mCommand passed on retry [3/3]. Output: [/pgS-x0MDM9_test.txt deleted]\n","    utils.go:138: Waiting 10s...\n","    zboxcli_list_file_test.go:635: Listing individual file in allocation...\n","    utils.go:67: \u001b[33mCommand failed on attempt [1/3] due to error [exit status 1]. Output: [error from server list response: {\"code\":\"invalid_parameters\",\"error\":\"invalid_parameters: Invalid path record not found\"}]\n","    utils.go:67: \u001b[33mCommand failed on attempt [2/3] due to error [exit status 1]. Output: [error from server list response: {\"code\":\"invalid_parameters\",\"error\":\"invalid_parameters: Invalid path record not found\"}]\n","    utils.go:70: \u001b[31mCommand failed on final attempt [3/3] due to error [exit status 1]. Command String: [./zbox list --allocation 069bf37d8b7e27f89e599572ac01334c98cca574d024f41ae9a8509395dee843 --remotepath /BgwZbM2GQV_test.txt --json --silent --wallet Test___FlakyFileRename-Rename_and_delete_file_concurrently,_should_work_wallet.json --configDir ./config --config ./zbox_config.yaml] Output: [error from server list response: {\"code\":\"invalid_parameters\",\"error\":\"invalid_parameters: Invalid path record not found\"}]\n","    utils.go:73: \u001b[31mThe verbose output for the command is:\n","    utils.go:77: \u001b[31m0chain-core-sdk [INFO]   2023/04/27 03:04:32.669953 wallet_base.go:310: ******* Wallet SDK Version:v1.8.13-45-g29b9769 ******* (SetLogFile)\n","    utils.go:77: \u001b[31m0box-sdk        [INFO]   2023/04/27 03:04:32.669987 sdk.go:78: ******* Storage SDK Version: v1.8.13-45-g29b9769 *******\n","    utils.go:77: \u001b[31m0chain-core-sdk [INFO]   2023/04/27 03:04:32.687811 transaction_base.go:139: ******* Wallet SDK Version:v1.8.13-45-g29b9769 ******* (InitZCNSDK)\n","    utils.go:77: \u001b[31m0box-sdk        [DEBUG]  2023/04/27 03:04:32.692658 networkworker.go:105: Get network result:{\"miners\":[\"https://dev-3.devnet-0chain.net/miner02\",\"https://dev-3.devnet-0chain.net/miner01\",\"https://dev-3.devnet-0chain.net/miner03\"],\"sharders\":[\"https://dev-3.devnet-0chain.net/sharder02\",\"https://dev-3.devnet-0chain.net/sharder01\"]}\n","    utils.go:77: \u001b[31m0box-sdk        [DEBUG]  2023/04/27 03:04:32.826204 listworker.go:111: List result:{\"code\":\"invalid_parameters\",\"error\":\"invalid_parameters: Invalid path record not found\"}\n","    utils.go:77: \u001b[31m0box-sdk        [DEBUG]  2023/04/27 03:04:32.827920 listworker.go:111: List result:{\"code\":\"invalid_parameters\",\"error\":\"invalid_parameters: Invalid path record not found\"}\n","    utils.go:77: \u001b[31m0box-sdk        [DEBUG]  2023/04/27 03:04:32.829293 listworker.go:111: List result:{\"code\":\"invalid_parameters\",\"error\":\"invalid_parameters: Invalid path record not found\"}\n","    utils.go:77: \u001b[31m0box-sdk        [DEBUG]  2023/04/27 03:04:32.830030 listworker.go:111: List result:{\"code\":\"invalid_parameters\",\"error\":\"invalid_parameters: Invalid path record not found\"}\n","    utils.go:77: \u001b[31merror from server list response: {\"code\":\"invalid_parameters\",\"error\":\"invalid_parameters: Invalid path record not found\"}\n","    utils.go:138: Waiting 10s...\n","    zboxcli_list_file_test.go:635: Listing individual file in allocation...\n","    utils.go:67: \u001b[33mCommand failed on attempt [1/3] due to error [exit status 1]. Output: [error from server list response: {\"code\":\"invalid_parameters\",\"error\":\"invalid_parameters: Invalid path record not found\"}]\n","    utils.go:67: \u001b[33mCommand failed on attempt [2/3] due to error [exit status 1]. Output: [error from server list response: {\"code\":\"invalid_parameters\",\"error\":\"invalid_parameters: Invalid path record not found\"}]\n","    utils.go:70: \u001b[31mCommand failed on final attempt [3/3] due to error [exit status 1]. Command String: [./zbox list --allocation 069bf37d8b7e27f89e599572ac01334c98cca574d024f41ae9a8509395dee843 --remotepath /pgS-x0MDM9_test.txt --json --silent --wallet Test___FlakyFileRename-Rename_and_delete_file_concurrently,_should_work_wallet.json --configDir ./config --config ./zbox_config.yaml] Output: [error from server list response: {\"code\":\"invalid_parameters\",\"error\":\"invalid_parameters: Invalid path record not found\"}]\n","    utils.go:73: \u001b[31mThe verbose output for the command is:\n","    utils.go:77: \u001b[31m0chain-core-sdk [INFO]   2023/04/27 03:04:47.051681 wallet_base.go:310: ******* Wallet SDK Version:v1.8.13-45-g29b9769 ******* (SetLogFile)\n","    utils.go:77: \u001b[31m0box-sdk        [INFO]   2023/04/27 03:04:47.051718 sdk.go:78: ******* Storage SDK Version: v1.8.13-45-g29b9769 *******\n","    utils.go:77: \u001b[31m0chain-core-sdk [INFO]   2023/04/27 03:04:47.066615 transaction_base.go:139: ******* Wallet SDK Version:v1.8.13-45-g29b9769 ******* (InitZCNSDK)\n","    utils.go:77: \u001b[31m0box-sdk        [DEBUG]  2023/04/27 03:04:47.072058 networkworker.go:105: Get network result:{\"miners\":[\"https://dev-3.devnet-0chain.net/miner02\",\"https://dev-3.devnet-0chain.net/miner01\",\"https://dev-3.devnet-0chain.net/miner03\"],\"sharders\":[\"https://dev-3.devnet-0chain.net/sharder02\",\"https://dev-3.devnet-0chain.net/sharder01\"]}\n","    utils.go:77: \u001b[31m0box-sdk        [DEBUG]  2023/04/27 03:04:47.082078 listworker.go:111: List result:{\"code\":\"invalid_parameters\",\"error\":\"invalid_parameters: Invalid path record not found\"}\n","    utils.go:77: \u001b[31m0box-sdk        [DEBUG]  2023/04/27 03:04:47.082433 listworker.go:111: List result:{\"code\":\"invalid_parameters\",\"error\":\"invalid_parameters: Invalid path record not found\"}\n","    utils.go:77: \u001b[31m0box-sdk        [DEBUG]  2023/04/27 03:04:47.084134 listworker.go:111: List result:{\"code\":\"invalid_parameters\",\"error\":\"invalid_parameters: Invalid path record not found\"}\n","    utils.go:77: \u001b[31m0box-sdk        [DEBUG]  2023/04/27 03:04:47.084229 listworker.go:111: List result:{\"code\":\"invalid_parameters\",\"error\":\"invalid_parameters: Invalid path record not found\"}\n","    utils.go:77: \u001b[31merror from server list response: {\"code\":\"invalid_parameters\",\"error\":\"invalid_parameters: Invalid path record not found\"}\n","    flaky___flaky_test.go:309: Test case [Rename and delete file concurrently, should work] exit at [04-27-2023 03:04:47]\n","--- PASS: Test___FlakyFileRename/Rename_and_delete_file_concurrently,_should_work (326.29s)",""],"Passed":true,"Skipped":false,"TestFileName":"","TestFunctionDetail":{"Line":0,"Col":0}}]},{"FailureIndicator":"","SkippedIndicator":"skipped","TestResults":[{"TestName":"Test___FlakyScenariosCommonUserFunctions","Package":"github.com/0chain/system_test/tests/cli_tests","ElapsedTime":0,"Output":["","    flaky___flaky_test.go:25: \n","--- SKIP: Test___FlakyScenariosCommonUserFunctions (0.00s)\n",""],"Passed":false,"Skipped":true,"TestFileName":"flaky___flaky_test.go","TestFunctionDetail":{"Line":22,"Col":1}}]},{"FailureIndicator":"failed","SkippedIndicator":"","TestResults":[{"TestName":"Test___FlakyTransferAllocation","Package":"github.com/0chain/system_test/tests/cli_tests","ElapsedTime":0,"Output":["",""],"Passed":false,"Skipped":false,"TestFileName":"flaky___flaky_test.go","TestFunctionDetail":{"Line":90,"Col":1}}]},{"FailureIndicator":"failed","SkippedIndicator":"","TestResults":[{"TestName":"Test___FlakyTransferAllocation/transfer_allocation_accounting_test","Package":"github.com/0chain/system_test/tests/cli_tests","ElapsedTime":152.82,"Output":["","    flaky___flaky_test.go:93: Test case [transfer allocation accounting test] scheduled at [04-27-2023 02:55:22] \n","","","","    system_test_framework.go:92: Test case [transfer allocation accounting test] start at [04-27-2023 02:55:22] \n","","    zwalletcli_register_wallet_test.go:128: Registering wallet...\n","    zboxcli_update_allocation_test.go:1004: Executing faucet...\n","    zwalletcli_register_wallet_test.go:143: faucet output: [No wallet in path  config/Test___FlakyTransferAllocation-transfer_allocation_accounting_test_wallet.json found. Creating wallet... ZCN wallet created!! Execute faucet smart contract success with txn :  9f8a6316b2a304e3d1fca8d773f72621e102392d4b20c48c0d7823f640b46224]\n","","    zboxcli_update_allocation_test.go:1004: Executing faucet...\n","","    zboxcli_create_allocation_test.go:440: Creating new allocation...\n","","    zboxcli_file_upload_test.go:766: Uploading file...\n","","    zwalletcli_register_wallet_test.go:128: Registering wallet...\n","    zboxcli_update_allocation_test.go:1004: Executing faucet...\n","","    zwalletcli_register_wallet_test.go:143: faucet output: [No wallet in path  config/Test___FlakyTransferAllocation-transfer_allocation_accounting_test_NEW_OWNER_wallet.json found. Creating wallet... ZCN wallet created!! Execute faucet smart contract success with txn :  d75774622dcc58df877e43262d89e48b405671dea417d2951288edbaeee04a5a]\n","","    zboxcli_update_allocation_test.go:1004: Executing faucet...\n","    zwalletcli_register_wallet_test.go:220: Getting wallet...\n","","    zboxcli_common_user_functions_test.go:227: Get Allocation...\n","","    zboxcli_transfer_allocation_test.go:428: Transferring allocation ownership...\n","","    utils.go:67: \u001b[33mCommand failed on attempt [1/3] due to error [exit status 1]. Output: [Error transferring allocation:[txn] too less sharders to confirm it: min_confirmation is 50%, but got 0/2 sharders -\u003cNEWLINE\u003e- https://dev-3.devnet-0chain.net/sharder01/v1/transaction/get/confirmation?hash=97045c6badc40b7d829578316266abdff3e31cc0a942b98d9477cbffc16d691a: [400] {\"code\":\"entity_not_found\",\"error\":\"entity_not_found: txn_summary not found with id = 97045c6badc40b7d829578316266abdff3e31cc0a942b98d9477cbffc16d691a\"} -\u003cNEWLINE\u003e- https://dev-3.devnet-0chain.net/sharder02/v1/transaction/get/confirmation?hash=97045c6badc40b7d829578316266abdff3e31cc0a942b98d9477cbffc16d691a: [400] {\"code\":\"entity_not_found\",\"error\":\"entity_not_found: txn_summary not found with id = 97045c6badc40b7d829578316266abdff3e31cc0a942b98d9477cbffc16d691a\"}]\n","","    utils.go:67: \u001b[33mCommand failed on attempt [2/3] due to error [exit status 1]. Output: [Error transferring allocation:[txn] too less sharders to confirm it: min_confirmation is 50%, but got 0/2 sharders -\u003cNEWLINE\u003e- https://dev-3.devnet-0chain.net/sharder02/v1/transaction/get/confirmation?hash=ef973f8db9be52030e2c18815030eef934621b64d9421d2450f918e8e0861a85: [400] {\"code\":\"entity_not_found\",\"error\":\"entity_not_found: txn_summary not found with id = ef973f8db9be52030e2c18815030eef934621b64d9421d2450f918e8e0861a85\"} -\u003cNEWLINE\u003e- https://dev-3.devnet-0chain.net/sharder01/v1/transaction/get/confirmation?hash=ef973f8db9be52030e2c18815030eef934621b64d9421d2450f918e8e0861a85: [400] {\"code\":\"entity_not_found\",\"error\":\"entity_not_found: txn_summary not found with id = ef973f8db9be52030e2c18815030eef934621b64d9421d2450f918e8e0861a85\"}]\n","    utils.go:70: \u001b[31mCommand failed on final attempt [3/3] due to error [exit status 1]. Command String: [./zbox transferallocation --allocation 633b811d6d348df5dae29369847061cb734f00e4763f74242bfcf2c93f734a6f --new_owner_key c3a1cfee8065481fbb6bebb80802dd70067ac5aedfe1a77014163ec8b1322606e6f72f3a7ff4f09c938121e5dfc208fcef30a86c15354a5ebe84764ff6ed140a --new_owner 5591b341946ca1927471dadf8b23b42cb820e6fa7dda3d3f46c1d7c1c76c09d5 --silent --wallet Test___FlakyTransferAllocation-transfer_allocation_accounting_test_wallet.json --configDir ./config --config ./zbox_config.yaml] Output: [Error transferring allocation:[txn] too less sharders to confirm it: min_confirmation is 50%, but got 0/2 sharders -\u003cNEWLINE\u003e- https://dev-3.devnet-0chain.net/sharder02/v1/transaction/get/confirmation?hash=92fbfd022a760cb347a0a99a72de46a36897629362e727102f38a71a3e76cbdb: [400] {\"code\":\"entity_not_found\",\"error\":\"entity_not_found: txn_summary not found with id = 92fbfd022a760cb347a0a99a72de46a36897629362e727102f38a71a3e76cbdb\"} -\u003cNE","WLINE\u003e- https://dev-3.devnet-0chain.net/sharder01/v1/transaction/get/confirmation?hash=92fbfd022a760cb347a0a99a72de46a36897629362e727102f38a71a3e76cbdb: [400] {\"code\":\"entity_not_found\",\"error\":\"entity_not_found: txn_summary not found with id = 92fbfd022a760cb347a0a99a72de46a36897629362e727102f38a71a3e76cbdb\"}]\n","    utils.go:73: \u001b[31mThe verbose output for the command is:\n","","    utils.go:77: \u001b[31m0chain-core-sdk [INFO]   2023/04/27 02:57:25.441396 wallet_base.go:310: ******* Wallet SDK Version:v1.8.13-45-g29b9769 ******* (SetLogFile)\n","    utils.go:77: \u001b[31m0box-sdk        [INFO]   2023/04/27 02:57:25.441434 sdk.go:78: ******* Storage SDK Version: v1.8.13-45-g29b9769 *******\n","    utils.go:77: \u001b[31m0chain-core-sdk [INFO]   2023/04/27 02:57:25.456514 transaction_base.go:139: ******* Wallet SDK Version:v1.8.13-45-g29b9769 ******* (InitZCNSDK)\n","    utils.go:77: \u001b[31m0box-sdk        [DEBUG]  2023/04/27 02:57:25.461468 networkworker.go:105: Get network result:{\"miners\":[\"https://dev-3.devnet-0chain.net/miner01\",\"https://dev-3.devnet-0chain.net/miner03\",\"https://dev-3.devnet-0chain.net/miner02\"],\"sharders\":[\"https://dev-3.devnet-0chain.net/sharder02\",\"https://dev-3.devnet-0chain.net/sharder01\"]}\n","    utils.go:77: \u001b[31m0box-sdk        [INFO]   2023/04/27 02:57:25.471392 sdk.go:1409: estimate txn fee{fee 18 10000000000  \u003cnil\u003e} {txn 23 0  0xc00035e1a0}\n","    utils.go:77: \u001b[31m0box-sdk        \u001b[31m[ERROR]  2023/04/27 02:57:55.665490 sdk.go:1442: Error verifying the transaction[txn] too less sharders to confirm it: min_confirmation is 50%, but got 0/2 sharders\n","    utils.go:77: \u001b[31mhttps://dev-3.devnet-0chain.net/sharder02/v1/transaction/get/confirmation?hash=2d195022eb3577f56f00862a704d04e6b639c5d28706b84b8ba248c506a08fec: [400] {\"code\":\"entity_not_found\",\"error\":\"entity_not_found: txn_summary not found with id = 2d195022eb3577f56f00862a704d04e6b639c5d28706b84b8ba248c506a08fec\"}\n","    utils.go:77: \u001b[31mhttps://dev-3.devnet-0chain.net/sharder01/v1/transaction/get/confirmation?hash=2d195022eb3577f56f00862a704d04e6b639c5d28706b84b8ba248c506a08fec: [400] {\"code\":\"entity_not_found\",\"error\":\"entity_not_found: txn_summary not found with id = 2d195022eb3577f56f00862a704d04e6b639c5d28706b84b8ba248c506a08fec\"}\n","    utils.go:77: \u001b[31m2d195022eb3577f56f00862a704d04e6b639c5d28706b84b8ba248c506a08fec\u001b[0m\n","    utils.go:77: \u001b[31mError transferring allocation:[txn] too less sharders to confirm it: min_confirmation is 50%, but got 0/2 sharders\n","    assertions.go:264: \n","        \tError Trace:\t/root/actions-runner3/_work/system_test/system_test/tests/cli_tests/flaky___flaky_test.go:133\n","        \t            \t\t\t\t/root/actions-runner3/_work/system_test/system_test/tests/cli_tests/system_test_framework.go:93\n","        \t            \t\t\t\t/root/actions-runner3/_work/system_test/system_test/tests/cli_tests/asm_amd64.s:1571\n","        \tError:      \tExpected nil, but got: \u0026exec.ExitError{ProcessState:(*os.ProcessState)(0xc000442060), Stderr:[]uint8(nil)}\n","        \tTest:       \tTest___FlakyTransferAllocation/transfer_allocation_accounting_test\n","        \tMessages:   \tError transferring allocation:[txn] too less sharders to confirm it: min_confirmation is 50%, but got 0/2 sharders\n","        \t            \thttps://dev-3.devnet-0chain.net/sharder02/v1/transaction/get/confirmation?hash=92fbfd022a760cb347a0a99a72de46a36897629362e727102f38a71a3e76cbdb: [400] {\"code\":\"entity_not_found\",\"error\":\"entity_not_found: txn_summary not found with id = 92fbfd022a760cb347a0a99a72de46a36897629362e727102f38a71a3e76cbdb\"}\n","        \t            \thttps://dev-3.devnet-0chain.net/sharder01/v1/transaction/get/confirmation?hash=92fbfd022a760cb347a0a99a72de46a36897629362e727102f38a71a3e76cbdb: [400] {\"code\":\"entity_not_found\",\"error\":\"entity_not_found: txn_summary not found with id = 92fbfd022a760cb347a0a99a72de46a36897629362e727102f38a71a3e76cbdb\"}\n","    flaky___flaky_test.go:93: Test case [transfer allocation accounting test] exit at [04-27-2023 02:57:55]\n",""],"Passed":false,"Skipped":false,"TestFileName":"","TestFunctionDetail":{"Line":0,"Col":0}}]},{"FailureIndicator":"failed","SkippedIndicator":"","TestResults":[{"TestName":"Test___FlakyTransferAllocation/transfer_allocation_and_upload_file","Package":"github.com/0chain/system_test/tests/cli_tests","ElapsedTime":152.81,"Output":["","    flaky___flaky_test.go:175: Test case [transfer allocation and upload file] scheduled at [04-27-2023 02:55:22] \n","","","","    system_test_framework.go:92: Test case [transfer allocation and upload file] start at [04-27-2023 02:55:22] \n","    zwalletcli_register_wallet_test.go:128: Registering wallet...\n","    zboxcli_update_allocation_test.go:1004: Executing faucet...\n","","    zwalletcli_register_wallet_test.go:143: faucet output: [No wallet in path  config/Test___FlakyTransferAllocation-transfer_allocation_and_upload_file_wallet.json found. Creating wallet... ZCN wallet created!! Execute faucet smart contract success with txn :  efb5a200a84fcaa67f83026e93eec15e47ea9d7264338bdf9f81a3dc7189dde8]\n","","    zboxcli_update_allocation_test.go:1004: Executing faucet...\n","    zboxcli_create_allocation_test.go:440: Creating new allocation...\n","","    zboxcli_file_upload_test.go:766: Uploading file...\n","","    zwalletcli_register_wallet_test.go:128: Registering wallet...\n","    zboxcli_update_allocation_test.go:1004: Executing faucet...\n","","    zwalletcli_register_wallet_test.go:143: faucet output: [No wallet in path  config/Test___FlakyTransferAllocation-transfer_allocation_and_upload_file_NEW_OWNER_wallet.json found. Creating wallet... ZCN wallet created!! Execute faucet smart contract success with txn :  cca30635e859a1f33e1beb77f2a36d16d00fc49e5aa4d317d257a67aaa4146bc]\n","","    zboxcli_update_allocation_test.go:1004: Executing faucet...\n","","    zwalletcli_register_wallet_test.go:220: Getting wallet...\n","","    zboxcli_transfer_allocation_test.go:428: Transferring allocation ownership...\n","","    utils.go:67: \u001b[33mCommand failed on attempt [1/3] due to error [exit status 1]. Output: [Error transferring allocation:[txn] too less sharders to confirm it: min_confirmation is 50%, but got 0/2 sharders -\u003cNEWLINE\u003e- https://dev-3.devnet-0chain.net/sharder01/v1/transaction/get/confirmation?hash=510312e2024925890d23b4869a54776e656b50acc9ba3947dac82506a3d68878: [400] {\"code\":\"entity_not_found\",\"error\":\"entity_not_found: txn_summary not found with id = 510312e2024925890d23b4869a54776e656b50acc9ba3947dac82506a3d68878\"} -\u003cNEWLINE\u003e- https://dev-3.devnet-0chain.net/sharder02/v1/transaction/get/confirmation?hash=510312e2024925890d23b4869a54776e656b50acc9ba3947dac82506a3d68878: [400] {\"code\":\"entity_not_found\",\"error\":\"entity_not_found: txn_summary not found with id = 510312e2024925890d23b4869a54776e656b50acc9ba3947dac82506a3d68878\"}]\n","","    utils.go:67: \u001b[33mCommand failed on attempt [2/3] due to error [exit status 1]. Output: [Error transferring allocation:[txn] too less sharders to confirm it: min_confirmation is 50%, but got 0/2 sharders -\u003cNEWLINE\u003e- https://dev-3.devnet-0chain.net/sharder01/v1/transaction/get/confirmation?hash=7dfa3746cc90eb2eaf41c8a2e67409e543d5074adaaa5d5c9b6de73179ed3b17: [400] {\"code\":\"entity_not_found\",\"error\":\"entity_not_found: txn_summary not found with id = 7dfa3746cc90eb2eaf41c8a2e67409e543d5074adaaa5d5c9b6de73179ed3b17\"} -\u003cNEWLINE\u003e- https://dev-3.devnet-0chain.net/sharder02/v1/transaction/get/confirmation?hash=7dfa3746cc90eb2eaf41c8a2e67409e543d5074adaaa5d5c9b6de73179ed3b17: [400] {\"code\":\"entity_not_found\",\"error\":\"entity_not_found: txn_summary not found with id = 7dfa3746cc90eb2eaf41c8a2e67409e543d5074adaaa5d5c9b6de73179ed3b17\"}]\n","","    utils.go:70: \u001b[31mCommand failed on final attempt [3/3] due to error [exit status 1]. Command String: [./zbox transferallocation --allocation edd8eb2b359395e852801d58216fd2f0c91079fb3d5cfcc13f6c4056608cda6f --new_owner_key d267a33f8a99bf4ab2fa5b1a12e76a78869e91f484d9172acb08f445844d562127eb62bb3b6ff1a889c52d47ddc977dde73cf4383a558bc7ab52eb5d9268d900 --new_owner 3cddc902f1ea8b2a944236eecfe5da98cc3721192593953ed1c076a7b8c19626 --silent --wallet Test___FlakyTransferAllocation-transfer_allocation_and_upload_file_wallet.json --configDir ./config --config ./zbox_config.yaml] Output: [Error transferring allocation:[txn] too less sharders to confirm it: min_confirmation is 50%, but got 0/2 sharders -\u003cNEWLINE\u003e- https://dev-3.devnet-0chain.net/sharder02/v1/transaction/get/confirmation?hash=8e63c761b85053250286dadce665c1b6f60d9a5b5e2de4d33e67808a2aa6f61e: [400] {\"code\":\"entity_not_found\",\"error\":\"entity_not_found: txn_summary not found with id = 8e63c761b85053250286dadce665c1b6f60d9a5b5e2de4d33e67808a2aa6f61e\"} -\u003cNE","WLINE\u003e- https://dev-3.devnet-0chain.net/sharder01/v1/transaction/get/confirmation?hash=8e63c761b85053250286dadce665c1b6f60d9a5b5e2de4d33e67808a2aa6f61e: [400] {\"code\":\"entity_not_found\",\"error\":\"entity_not_found: txn_summary not found with id = 8e63c761b85053250286dadce665c1b6f60d9a5b5e2de4d33e67808a2aa6f61e\"}]\n","    utils.go:73: \u001b[31mThe verbose output for the command is:\n","    utils.go:77: \u001b[31m0chain-core-sdk [INFO]   2023/04/27 02:57:25.444987 wallet_base.go:310: ******* Wallet SDK Version:v1.8.13-45-g29b9769 ******* (SetLogFile)\n","    utils.go:77: \u001b[31m0box-sdk        [INFO]   2023/04/27 02:57:25.445021 sdk.go:78: ******* Storage SDK Version: v1.8.13-45-g29b9769 *******\n","    utils.go:77: \u001b[31m0chain-core-sdk [INFO]   2023/04/27 02:57:25.457895 transaction_base.go:139: ******* Wallet SDK Version:v1.8.13-45-g29b9769 ******* (InitZCNSDK)\n","    utils.go:77: \u001b[31m0box-sdk        [DEBUG]  2023/04/27 02:57:25.461988 networkworker.go:105: Get network result:{\"miners\":[\"https://dev-3.devnet-0chain.net/miner01\",\"https://dev-3.devnet-0chain.net/miner03\",\"https://dev-3.devnet-0chain.net/miner02\"],\"sharders\":[\"https://dev-3.devnet-0chain.net/sharder02\",\"https://dev-3.devnet-0chain.net/sharder01\"]}\n","    utils.go:77: \u001b[31m0box-sdk        [INFO]   2023/04/27 02:57:25.473865 sdk.go:1409: estimate txn fee{fee 18 10000000000  \u003cnil\u003e} {txn 23 0  0xc00037a750}\n","    utils.go:77: \u001b[31m0box-sdk        \u001b[31m[ERROR]  2023/04/27 02:57:55.662400 sdk.go:1442: Error verifying the transaction[txn] too less sharders to confirm it: min_confirmation is 50%, but got 0/2 sharders\n","    utils.go:77: \u001b[31mhttps://dev-3.devnet-0chain.net/sharder01/v1/transaction/get/confirmation?hash=85371a0b3949eb83c21545d8c11d273151e3621affa9683b707b841aef5336ff: [400] {\"code\":\"entity_not_found\",\"error\":\"entity_not_found: txn_summary not found with id = 85371a0b3949eb83c21545d8c11d273151e3621affa9683b707b841aef5336ff\"}\n","    utils.go:77: \u001b[31mhttps://dev-3.devnet-0chain.net/sharder02/v1/transaction/get/confirmation?hash=85371a0b3949eb83c21545d8c11d273151e3621affa9683b707b841aef5336ff: [400] {\"code\":\"entity_not_found\",\"error\":\"entity_not_found: txn_summary not found with id = 85371a0b3949eb83c21545d8c11d273151e3621affa9683b707b841aef5336ff\"}\n","    utils.go:77: \u001b[31m85371a0b3949eb83c21545d8c11d273151e3621affa9683b707b841aef5336ff\u001b[0m\n","    utils.go:77: \u001b[31mError transferring allocation:[txn] too less sharders to confirm it: min_confirmation is 50%, but got 0/2 sharders\n","    assertions.go:264: \n","        \tError Trace:\t/root/actions-runner3/_work/system_test/system_test/tests/cli_tests/flaky___flaky_test.go:213\n","        \t            \t\t\t\t/root/actions-runner3/_work/system_test/system_test/tests/cli_tests/system_test_framework.go:93\n","        \t            \t\t\t\t/root/actions-runner3/_work/system_test/system_test/tests/cli_tests/asm_amd64.s:1571\n","        \tError:      \tExpected nil, but got: \u0026exec.ExitError{ProcessState:(*os.ProcessState)(0xc00000e030), Stderr:[]uint8(nil)}\n","        \tTest:       \tTest___FlakyTransferAllocation/transfer_allocation_and_upload_file\n","        \tMessages:   \tError transferring allocation:[txn] too less sharders to confirm it: min_confirmation is 50%, but got 0/2 sharders\n","        \t            \thttps://dev-3.devnet-0chain.net/sharder02/v1/transaction/get/confirmation?hash=8e63c761b85053250286dadce665c1b6f60d9a5b5e2de4d33e67808a2aa6f61e: [400] {\"code\":\"entity_not_found\",\"error\":\"entity_not_found: txn_summary not found with id = 8e63c761b85053250286dadce665c1b6f60d9a5b5e2de4d33e67808a2aa6f61e\"}\n","        \t            \thttps://dev-3.devnet-0chain.net/sharder01/v1/transaction/get/confirmation?hash=8e63c761b85053250286dadce665c1b6f60d9a5b5e2de4d33e67808a2aa6f61e: [400] {\"code\":\"entity_not_found\",\"error\":\"entity_not_found: txn_summary not found with id = 8e63c761b85053250286dadce665c1b6f60d9a5b5e2de4d33e67808a2aa6f61e\"}\n","    flaky___flaky_test.go:175: Test case [transfer allocation and upload file] exit at [04-27-2023 02:57:55]\n",""],"Passed":false,"Skipped":false,"TestFileName":"","TestFunctionDetail":{"Line":0,"Col":0}}]}]

    const report = window.GoTestReport({
                                         data: data,
                                         testResultsElem: document.getElementById('testResults'),
                                         testGroupListElem: document.getElementById('testGroupList')
                                       });


</script>
</body>
</html>
