<!DOCTYPE html>
<html lang="en">
<head>
    <meta charset="UTF-8">
    <title>Subset of 0Chain System test suite [sprint-1.11/fda5f61b] ran against [dev-4.devnet-0chain.net] at [2023-11-15_03.54.29]</title>
    <style type="text/css">
        body {
            font-family: sans-serif;
            background-color: #f3f3f3;
            border-top: 2px #dee6e8 solid;
            margin: 0;
        }

        div.pageHeader span.projectTitle {
            font-family: serif;
            font-size: 2em;
            padding-left: 56px;
            padding-top: 80px;
            display: block;
            color: #a5a5a5;
            text-shadow: 0 -1px 1px white;
        }

        div.pageHeader div.testStats {
            position: absolute;
            top: 7px;
            right: 52px;
            font-size: 0.8em;
            color: #a2a2a2;
        }

        div.pageHeader div.testStats span.indicator {
            font-size: 2em;
            position: relative;
            top: 5px;
            text-shadow: 0 1px 0 white;
        }

        div.pageHeader div.testStats span strong {
            margin-right: 16px;
        }

        div.pageHeader div.testStats span.total {
            border-right: 1px #afafaf dotted;
            background: #8298af;
        }

        div.pageHeader div.testStats span.passed {
            border-right: 1px #afafaf dotted;
            background: #6fca83;
        }

        div.pageHeader div.testStats span.skipped {
            background: #bababa;
        }

        div.pageHeader div.testStats span.failed {
            background: #ff7676;
        }

        div.pageHeader div.testStats span {
            margin-right: 1px;
            height: 55px;
            padding: 20px 8px 18px;
            color: white;
        }

        div.pageHeader .testGroupsTitle {
            margin: 16px 32px 8px 40px;
            font-size: 0.9em;
            color: darkgrey;
            display: inline-block;
        }

        div.pageHeader .testExecutionDate {
            display: inline-block;
            position: absolute;
            right: 10px;
            margin: 14px 32px 8px 40px;
            color: #9e9e9e;
            font-size: 0.9em;
        }

        .testReportContainer {
            padding: 0 32px 32px 32px;
        }

        .cardContainer {
            padding: 16px 16px 16px;
            box-shadow: 0 4px 4px #d4d4d4;
            background-color: white;
        }

        #testResults {
            display: flex;
            flex-wrap: wrap;
        }

        .testResultGroup {
            width: 24px;
            height: 24px;
            background-color: #43c143;
            margin-left: 1px;
            margin-bottom: 1px;
            box-sizing: border-box;
        }

        .testResultGroup.selected {
            border: 1px white solid;
            background-color: black !important;
        }

        .testResultGroup.skipped {
            border: 2px gray solid;
        }

        .testResultGroup.failed {
            background-color: red;
        }

        .cardContainer.testGroupList,
        .cardContainer.testDetail {
            margin-top: 16px;
            padding: 16px;
        }

        .cardContainer.testGroupList {
            color: #9c9c9c;
            padding: 0;
        }

        .cardContainer.testGroupList .testGroupRow {
            cursor: default;
            border-bottom: 1px #dadada dotted;
        }

        .cardContainer.testGroupList .testGroupRow span.testStatus {
            font-size: 1.2em;
            font-weight: bold;
            color: #139e13;
            pointer-events: none;
            display: inline-block;
            overflow: hidden;
            float: left;
            padding-top: 10px;
            padding-left: 20px;
            padding-right: 12px;
        }

        .cardContainer.testGroupList .testGroupRow span.testStatus.skipped {
            color: gray;
        }

        .cardContainer.testGroupList .testGroupRow span.testStatus.failed {
            color: red;
        }

        .cardContainer.testGroupList .testGroupRow span.testTitle {
            font-size: 0.9em;
            padding: 12px 0 10px;
            display: inline-block;
            pointer-events: none;
            color: #525252;
            text-overflow: ellipsis;
            overflow: hidden;
            width: calc(100% - 110px);
        }

        .cardContainer.testGroupList .testGroupRow span.testDuration {
            pointer-events: none;
        }

        .cardContainer.testGroupList .testGroupRow {
            position: relative;
            border-left: 4px #43c143 solid;
        }

        .cardContainer.testGroupList .testGroupRow.skipped {
            color: gray;
            border-left: 4px gray solid;
        }

        .cardContainer.testGroupList .testGroupRow.failed {
            color: red;
            border-left: 4px red solid;
        }

        .cardContainer.testGroupList .testGroupRow:hover {
            background-color: #fffaea;
            transition: 0.250s;
        }

        .cardContainer .testOutput {
            padding: 8px 16px 24px 16px;
        }

        .cardContainer .console {
            display: block;
            font-family: monospace;
            padding: 10px;
            background-color: #424242;
            color: #1aff00;
            border-bottom: 1px #1aff00 dotted;
            overflow: auto;
            font-size: 1.1em;
        }

        .cardContainer .testOutput .testDetail {
            border-bottom: 1px #d0d0d0 solid;
            padding: 16px;
            background-color: #e6e6e6;
            border-radius: 0 0 4px 4px;
            color: dimgrey;
            font-size: 0.8em;
        }

        .cardContainer .console.skipped{
            color: #d9d9d9;
        }

        .cardContainer .console.failed {
            color: #ffb2b2;
        }

        .cardContainer .testDuration {
            position: absolute;
            top: 5px;
            right: 8px;
            text-align: right;
            padding-right: 8px;
            box-sizing: border-box;
        }
    </style>
</head>
<body>
<div class="pageHeader">
    <span class="projectTitle">Subset of 0Chain System test suite [sprint-1.11/fda5f61b] ran against [dev-4.devnet-0chain.net] at [2023-11-15_03.54.29]</span>
    <div class="testStats">
        <span class="total"><span class="indicator">&boxbox;</span> Total: <strong>4</strong>Duration: <strong>3ms</strong>
        </span><span class="passed"><span class="indicator">&check;</span> Passed: <strong>0</strong>
        </span><span class="skipped"><span class="indicator">&dash;</span> Skipped: <strong>0</strong>
        </span><span class="failed"><span class="indicator">&cross;</span> Failed: <strong>4</strong>
        </span>
    </div>
    <span class="testGroupsTitle">Test Groups:</span>
    <span class="testExecutionDate">November 15, 2023 04:23:39</span>
</div>
<div class="testReportContainer">
    <div class="cardContainer">
        <div id="testResults">
            
                <div class="testResultGroup failed " id="0"></div>
            
                <div class="testResultGroup failed " id="1"></div>
            
                <div class="testResultGroup failed " id="2"></div>
            
                <div class="testResultGroup failed " id="3"></div>
            
        </div>
    </div>
    <div class="cardContainer testGroupList" id="testGroupList"></div>
</div>
<script type="application/javascript">
    /**
 * @typedef TestStatus
 * @property {string} TestName
 * @property {string} Package
 * @property {number} ElapsedTime
 * @property {Array.<string>} Output
 * @property {boolean} Passed
 * @property {boolean} Skipped
 */
class TestStatus {}

/**
 * @typedef TestGroupData
 * @type {object}
 * @property {string} FailureIndicator
 * @property {string} SkippedIndicator
 * @property {Array.<TestStatus>}
 */
class TestGroupData {}

/**
 * @typedef TestResults
 * @type {Array.<TestGroupData>}
 */
class TestResults extends Array {}

/**
 * @typedef SelectedItems
 * @property {HTMLElement|EventTarget} testResults
 * @property {String} selectedTestGroupColor
 */
class SelectedItems {}

/**
 * @typedef GoTestReportElements
 * @property {TestResults} data
 * @property {HTMLElement} testResultsElem
 * @property {HTMLElement} testGroupListElem
 */
class GoTestReportElements {}


/**
 * Main entry point for GoTestReport.
 * @param {GoTestReportElements} elements
 * @returns {{testResultsClickHandler: testResultsClickHandler}}
 * @constructor
 */
window.GoTestReport = function (elements) {
  const /**@type {SelectedItems}*/ selectedItems = {
    testResults: null,
    selectedTestGroupColor: null
  }

  function addEventData(event) {
    if (event.data == null) {
      event.data = {target: event.target}
    }
    return event
  }


  const goTestReport = {
    /**
     * Invoked when a user clicks on one of the test group div elements.
     * @param {HTMLElement} target The element associated with the test group.
     * @param {boolean} shiftKey If pressed, all of test detail associated to the test group is shown.
     * @param {TestResults} data
     * @param {SelectedItems} selectedItems
     * @param {function(target: Element, data: TestResults)} testGroupListHandler
     */
    testResultsClickHandler: function (target,
                                       shiftKey,
                                       data,
                                       selectedItems,
                                       testGroupListHandler) {

      if (target.classList.contains('testResultGroup') === false) {
        return
      }
      if (selectedItems.testResults != null) {
        let testResultsElement = /**@type {HTMLElement}*/ selectedItems.testResults
        testResultsElement.classList.remove("selected")
        testResultsElement.style.backgroundColor = selectedItems.selectedTestGroupColor
      }
      const testGroupId = /**@type {number}*/ target.id
      if ((target.id === undefined)
        || (data[testGroupId] === undefined)
        || (data[testGroupId]['TestResults'] === undefined)) {
        return
      }
      const testResults = /**@type {TestResults}*/ data[testGroupId]['TestResults']
      let testGroupList = /**@type {string}*/ ''
      selectedItems.selectedTestGroupColor = getComputedStyle(target).getPropertyValue('background-color')
      selectedItems.testResults = target
      target.classList.add("selected")
      for (let i = 0; i < testResults.length; i++) {
        const testResult = /**@type {TestGroupData}*/ testResults[i]
        const testPassed = /**@type {boolean}*/ testResult.Passed
        const testSkipped = /**@type {boolean}*/ testResult.Skipped
        const testPassedStatus = /**@type {string}*/ (testPassed) ? '' : (testSkipped ? 'skipped' : 'failed')
        const testId = /**@type {string}*/ target.attributes['id'].value
        testGroupList += `<div class="testGroupRow ${testPassedStatus}" data-groupid="${testId}" data-index="${i}">
        <span class="testStatus ${testPassedStatus}">${(testPassed) ? '&check' : (testSkipped ? '&dash' : '&cross')};</span>
        <span class="testTitle">${testResult.TestName}</span>
        <span class="testDuration"><span>${testResult.ElapsedTime}s </span>‚è±</span>
      </div>`
      }
      const testGroupListElem = elements.testGroupListElem
      testGroupListElem.innerHTML = ''
      testGroupListElem.innerHTML = testGroupList

      if (shiftKey) {
        testGroupListElem.querySelectorAll('.testGroupRow')
                         .forEach((elem) => testGroupListHandler(elem, data))
      } else if (testResults.length === 1) {
        testGroupListHandler(testGroupListElem.querySelector('.testGroupRow'), data)
      }
    },

    /**
     *
     * @param {Element} target
     * @param {TestResults} data
     */
    testGroupListHandler: function (target, data) {
      const attribs = target['attributes']
      if (attribs.hasOwnProperty('data-groupid')) {
        const groupId = /**@type {number}*/ attribs['data-groupid'].value
        const testIndex = /**@type {number}*/ attribs['data-index'].value
        const testStatus = /**@type {TestStatus}*/ data[groupId]['TestResults'][testIndex]
        const testOutputDiv = /**@type {HTMLDivElement}*/ target.querySelector('div.testOutput')

        if (testOutputDiv == null) {
          const testOutputDiv = document.createElement('div')
          testOutputDiv.classList.add('testOutput')
          const consolePre = document.createElement('pre')
          consolePre.classList.add('console')
          const testDetailDiv = document.createElement('div')
          testDetailDiv.classList.add('testDetail')
          const packageNameDiv = document.createElement('div')
          packageNameDiv.classList.add('package')
          packageNameDiv.innerHTML = `<strong>Package:</strong> ${testStatus.Package}`
          const testFileNameDiv = document.createElement('div')
          testFileNameDiv.classList.add('filename')
          if (testStatus.TestFileName.trim() === "") {
            testFileNameDiv.innerHTML = `<strong>Filename:</strong> n/a &nbsp;&nbsp;`
          } else {
            testFileNameDiv.innerHTML = `<strong>Filename:</strong> ${testStatus.TestFileName} &nbsp;&nbsp;`
            testFileNameDiv.innerHTML += `<strong>Line:</strong> ${testStatus.TestFunctionDetail.Line} `
            testFileNameDiv.innerHTML += `<strong>Col:</strong> ${testStatus.TestFunctionDetail.Col}`
          }
          testDetailDiv.insertAdjacentElement('beforeend', packageNameDiv)
          testDetailDiv.insertAdjacentElement('beforeend', testFileNameDiv)
          testOutputDiv.insertAdjacentElement('afterbegin', consolePre)
          testOutputDiv.insertAdjacentElement('beforeend', testDetailDiv)
          target.insertAdjacentElement('beforeend', testOutputDiv)

          if (testStatus.Passed) {
            consolePre.classList.remove('skipped')
            consolePre.classList.remove('failed')
          } else if (testStatus.Skipped) {
            consolePre.classList.add('skipped')
            consolePre.classList.remove('failed')
          } else {
            consolePre.classList.remove('skipped')
            consolePre.classList.add('failed')
          }
          consolePre.textContent = testStatus.Output.join('')
        } else {
          testOutputDiv.remove()
        }
      }
    }
  }

  //+------------------------+
  //|    setup DOM events    |
  //+------------------------+
  elements.testResultsElem
          .addEventListener('click', event =>
            goTestReport.testResultsClickHandler(/**@type {HTMLElement}*/ addEventData(event).data.target,
                                                 event.shiftKey,
                                                 elements.data,
                                                 selectedItems,
                                                 goTestReport.testGroupListHandler))

  elements.testGroupListElem
          .addEventListener('click', event =>
            goTestReport.testGroupListHandler(/**@type {Element}*/ event.target,
                                              elements.data))

  return goTestReport
}


    

    const data = [{"FailureIndicator":"failed","SkippedIndicator":"","TestResults":[{"TestName":"TestAllocationRewards","Package":"github.com/0chain/system_test/tests/tokenomics_tests","ElapsedTime":133.7,"Output":["","    system_test_framework.go:70: Test setup [set storage config to use time_unit as 5 minutes] scheduled at [11-15-2023 03:54:31] \n","    system_test_framework.go:80: Test setup [set storage config to use time_unit as 5 minutes] start at [11-15-2023 03:54:31] \n","    wallet.go:114: Updating storage config...\n","    system_test_framework.go:93: Test setup [set storage config to use time_unit as 5 minutes] exit at [11-15-2023 03:54:34]\n","    wallet.go:45: creating wallet...\n","    wallet.go:24: Executing faucet...\n","    wallet.go:62: faucet output: [No wallet in path  config/TestAllocationRewards_wallet.json found. Creating wallet... ZCN wallet created!! Execute faucet smart contract success with txn :  239ff534355bb959ef6d3fe06782a036fd37c2518456be0f92166c94ffee2314]\n","    blobbers.go:12: Requesting blobber list...\n","    blobbers.go:17: Requesting validator list...\n","    wallet.go:24: Executing faucet...\n","    blobber_challenge_reward_test.go:218: Staking tokens for blobber:  5064a8e0ce29a8e92d43a93c6b8a0a786e89d53642df65ad721ebd6915d32671\n","    wallet.go:99: Staking tokens...\n","    wallet.go:24: Executing faucet...\n","    blobber_challenge_reward_test.go:218: Staking tokens for blobber:  76a781712267e84136f84853040fd95c03c62c9a9444a94b9ce74b5d30d6340d\n","    wallet.go:99: Staking tokens...\n","    wallet.go:24: Executing faucet...\n","    wallet.go:99: Staking tokens...\n","    wallet.go:24: Executing faucet...\n","    wallet.go:99: Staking tokens...\n","    wallet.go:114: Updating storage config...\n","","","    system_test_framework.go:70: Test setup [set storage config to use time_unit as 5 minutes] scheduled at [11-15-2023 04:08:57] \n","    system_test_framework.go:80: Test setup [set storage config to use time_unit as 5 minutes] start at [11-15-2023 04:08:57] \n","    wallet.go:114: Updating storage config...\n","    system_test_framework.go:93: Test setup [set storage config to use time_unit as 5 minutes] exit at [11-15-2023 04:09:00]\n","    wallet.go:45: creating wallet...\n","    wallet.go:24: Executing faucet...\n","    wallet.go:62: faucet output: [No wallet in path  config/TestAllocationRewards_wallet.json found. Creating wallet... ZCN wallet created!! Execute faucet smart contract success with txn :  aae0008e31fed46b14a07f50527885c9dce2136cd6d8bf9a0e2bb19a9aeeaf7d]\n","    blobbers.go:12: Requesting blobber list...\n","    blobbers.go:17: Requesting validator list...\n","    wallet.go:24: Executing faucet...\n","    blobber_challenge_reward_test.go:218: Staking tokens for blobber:  5064a8e0ce29a8e92d43a93c6b8a0a786e89d53642df65ad721ebd6915d32671\n","    wallet.go:99: Staking tokens...\n","    wallet.go:24: Executing faucet...\n","    blobber_challenge_reward_test.go:218: Staking tokens for blobber:  76a781712267e84136f84853040fd95c03c62c9a9444a94b9ce74b5d30d6340d\n","    wallet.go:99: Staking tokens...\n","    wallet.go:24: Executing faucet...\n","    wallet.go:99: Staking tokens...\n","    wallet.go:24: Executing faucet...\n","    wallet.go:99: Staking tokens...\n","    wallet.go:114: Updating storage config...\n","","","    system_test_framework.go:70: Test setup [set storage config to use time_unit as 5 minutes] scheduled at [11-15-2023 04:12:15] \n","    system_test_framework.go:80: Test setup [set storage config to use time_unit as 5 minutes] start at [11-15-2023 04:12:15] \n","    wallet.go:114: Updating storage config...\n","    system_test_framework.go:93: Test setup [set storage config to use time_unit as 5 minutes] exit at [11-15-2023 04:12:18]\n","    wallet.go:45: creating wallet...\n","    wallet.go:24: Executing faucet...\n","    wallet.go:62: faucet output: [No wallet in path  config/TestAllocationRewards_wallet.json found. Creating wallet... ZCN wallet created!! Execute faucet smart contract success with txn :  8d7ee4e70dde2cae979cd6562332f83421b50a71da09889ca0f72f467f5c808c]\n","    blobbers.go:12: Requesting blobber list...\n","    blobbers.go:17: Requesting validator list...\n","    wallet.go:24: Executing faucet...\n","    blobber_challenge_reward_test.go:218: Staking tokens for blobber:  5064a8e0ce29a8e92d43a93c6b8a0a786e89d53642df65ad721ebd6915d32671\n","    wallet.go:99: Staking tokens...\n","    wallet.go:24: Executing faucet...\n","    blobber_challenge_reward_test.go:218: Staking tokens for blobber:  76a781712267e84136f84853040fd95c03c62c9a9444a94b9ce74b5d30d6340d\n","    wallet.go:99: Staking tokens...\n","    wallet.go:24: Executing faucet...\n","    wallet.go:99: Staking tokens...\n","    wallet.go:24: Executing faucet...\n","    wallet.go:99: Staking tokens...\n","    wallet.go:114: Updating storage config...\n","","","    system_test_framework.go:70: Test setup [set storage config to use time_unit as 5 minutes] scheduled at [11-15-2023 04:14:32] \n","    system_test_framework.go:80: Test setup [set storage config to use time_unit as 5 minutes] start at [11-15-2023 04:14:32] \n","    wallet.go:114: Updating storage config...\n","    system_test_framework.go:93: Test setup [set storage config to use time_unit as 5 minutes] exit at [11-15-2023 04:14:35]\n","    wallet.go:45: creating wallet...\n","    wallet.go:24: Executing faucet...\n","    wallet.go:62: faucet output: [No wallet in path  config/TestAllocationRewards_wallet.json found. Creating wallet... ZCN wallet created!! Execute faucet smart contract success with txn :  3dab86c8d5eaa51f702b91a042c7f31fd0df6e536c44dcfc93660edcb00e3e53]\n","    blobbers.go:12: Requesting blobber list...\n","    blobbers.go:17: Requesting validator list...\n","    wallet.go:24: Executing faucet...\n","    blobber_challenge_reward_test.go:218: Staking tokens for blobber:  5064a8e0ce29a8e92d43a93c6b8a0a786e89d53642df65ad721ebd6915d32671\n","    wallet.go:99: Staking tokens...\n","    wallet.go:24: Executing faucet...\n","    blobber_challenge_reward_test.go:218: Staking tokens for blobber:  76a781712267e84136f84853040fd95c03c62c9a9444a94b9ce74b5d30d6340d\n","    wallet.go:99: Staking tokens...\n","    wallet.go:24: Executing faucet...\n","    wallet.go:99: Staking tokens...\n","    wallet.go:24: Executing faucet...\n","    wallet.go:99: Staking tokens...\n","    wallet.go:114: Updating storage config...\n","","","    system_test_framework.go:70: Test setup [set storage config to use time_unit as 5 minutes] scheduled at [11-15-2023 04:16:46] \n","    system_test_framework.go:80: Test setup [set storage config to use time_unit as 5 minutes] start at [11-15-2023 04:16:46] \n","    wallet.go:114: Updating storage config...\n","    system_test_framework.go:93: Test setup [set storage config to use time_unit as 5 minutes] exit at [11-15-2023 04:16:50]\n","    wallet.go:45: creating wallet...\n","    wallet.go:24: Executing faucet...\n","    wallet.go:62: faucet output: [No wallet in path  config/TestAllocationRewards_wallet.json found. Creating wallet... ZCN wallet created!! Execute faucet smart contract success with txn :  a1b682d6014d871b566f6c480222059668ab6d759e246f94be445f7ef54145fa]\n","    blobbers.go:12: Requesting blobber list...\n","    blobbers.go:17: Requesting validator list...\n","    wallet.go:24: Executing faucet...\n","    blobber_challenge_reward_test.go:218: Staking tokens for blobber:  5064a8e0ce29a8e92d43a93c6b8a0a786e89d53642df65ad721ebd6915d32671\n","    wallet.go:99: Staking tokens...\n","    wallet.go:24: Executing faucet...\n","    blobber_challenge_reward_test.go:218: Staking tokens for blobber:  76a781712267e84136f84853040fd95c03c62c9a9444a94b9ce74b5d30d6340d\n","    wallet.go:99: Staking tokens...\n","    wallet.go:24: Executing faucet...\n","    wallet.go:99: Staking tokens...\n","    wallet.go:24: Executing faucet...\n","    wallet.go:99: Staking tokens...\n","    wallet.go:114: Updating storage config...\n","","","    system_test_framework.go:70: Test setup [set storage config to use time_unit as 5 minutes] scheduled at [11-15-2023 04:19:04] \n","    system_test_framework.go:80: Test setup [set storage config to use time_unit as 5 minutes] start at [11-15-2023 04:19:04] \n","    wallet.go:114: Updating storage config...\n","    system_test_framework.go:93: Test setup [set storage config to use time_unit as 5 minutes] exit at [11-15-2023 04:19:07]\n","    wallet.go:45: creating wallet...\n","    wallet.go:24: Executing faucet...\n","    wallet.go:62: faucet output: [No wallet in path  config/TestAllocationRewards_wallet.json found. Creating wallet... ZCN wallet created!! Execute faucet smart contract success with txn :  5ad366e6f9d89a1091d1fb1a9a9be8c67595b89461a4cc7ab098c019b76d5c2d]\n","    blobbers.go:12: Requesting blobber list...\n","    blobbers.go:17: Requesting validator list...\n","    wallet.go:24: Executing faucet...\n","    blobber_challenge_reward_test.go:218: Staking tokens for blobber:  5064a8e0ce29a8e92d43a93c6b8a0a786e89d53642df65ad721ebd6915d32671\n","    wallet.go:99: Staking tokens...\n","    wallet.go:24: Executing faucet...\n","    blobber_challenge_reward_test.go:218: Staking tokens for blobber:  76a781712267e84136f84853040fd95c03c62c9a9444a94b9ce74b5d30d6340d\n","    wallet.go:99: Staking tokens...\n","    wallet.go:24: Executing faucet...\n","    wallet.go:99: Staking tokens...\n","    wallet.go:24: Executing faucet...\n","    wallet.go:99: Staking tokens...\n","    wallet.go:114: Updating storage config...\n","","","    system_test_framework.go:70: Test setup [set storage config to use time_unit as 5 minutes] scheduled at [11-15-2023 04:21:25] \n","    system_test_framework.go:80: Test setup [set storage config to use time_unit as 5 minutes] start at [11-15-2023 04:21:25] \n","    wallet.go:114: Updating storage config...\n","    system_test_framework.go:93: Test setup [set storage config to use time_unit as 5 minutes] exit at [11-15-2023 04:21:28]\n","    wallet.go:45: creating wallet...\n","    wallet.go:24: Executing faucet...\n","    wallet.go:62: faucet output: [No wallet in path  config/TestAllocationRewards_wallet.json found. Creating wallet... ZCN wallet created!! Execute faucet smart contract success with txn :  21cd4aad77868052f0ac21532e1891d86a5ffe81c4adace13c4e7e17e917dfeb]\n","    blobbers.go:12: Requesting blobber list...\n","    blobbers.go:17: Requesting validator list...\n","    wallet.go:24: Executing faucet...\n","    blobber_challenge_reward_test.go:218: Staking tokens for blobber:  5064a8e0ce29a8e92d43a93c6b8a0a786e89d53642df65ad721ebd6915d32671\n","    wallet.go:99: Staking tokens...\n","    wallet.go:24: Executing faucet...\n","    blobber_challenge_reward_test.go:218: Staking tokens for blobber:  76a781712267e84136f84853040fd95c03c62c9a9444a94b9ce74b5d30d6340d\n","    wallet.go:99: Staking tokens...\n","    wallet.go:24: Executing faucet...\n","    wallet.go:99: Staking tokens...\n","    wallet.go:24: Executing faucet...\n","    wallet.go:99: Staking tokens...\n","    wallet.go:114: Updating storage config...\n",""],"Passed":false,"Skipped":false,"TestFileName":"allocation_test.go","TestFunctionDetail":{"Line":20,"Col":1}}]},{"FailureIndicator":"failed","SkippedIndicator":"","TestResults":[{"TestName":"TestAllocationRewards/Create_+_Upload_+_Cancel_equal_read_price_0.1","Package":"github.com/0chain/system_test/tests/tokenomics_tests","ElapsedTime":96.65,"Output":["","    allocation_test.go:154: Test case [Create + Upload + Cancel equal read price 0.1] scheduled at [11-15-2023 03:59:44] \n","    system_test_framework.go:149: Test case [Create + Upload + Cancel equal read price 0.1] start at [11-15-2023 03:59:44] \n","    wallet.go:45: creating wallet...\n","    wallet.go:24: Executing faucet...\n","    wallet.go:62: faucet output: [No wallet in path  config/TestAllocationRewards-Create_+_Upload_+_Cancel_equal_read_price_0.1_wallet.json found. Creating wallet... ZCN wallet created!! Execute faucet smart contract success with txn :  28b354b4871e7fbed46190b9cc9995876242a7edaf6e5ec7a5827f02fc3c594b]\n","    wallet.go:24: Executing faucet...\n","    allocation.go:134: Creating new allocation...\n","    allocation_test.go:175: allocationId c2f45c335f21845bdf3b06cd3e8d99d908fbd1c6b4285ab0a926fed40f33c74f\n","    allocation_test.go:186: Uploading file  /tmp/8QlOCBpUhe_test.txt\n","    allocation.go:190: Uploading file...\n","    utils.go:82: \u001b[33mCommand failed on attempt [1/3] due to error [exit status 1]. Output: [0 / 2097152    0.00% 720896 / 2097152   34.38% 1245184 / 2097152   59.38% 1769472 / 2097152   84.38% 2097152 / 2097152  100.00% 2097152 / 2097152  100.00% 0s -\u003cNEWLINE\u003e- Error in file operation: consensus_not_met: Commit failed. Required consensus 2, got 0 -\u003cNEWLINE\u003e- Upload failed. consensus_not_met: Commit failed. Required consensus 2, got 0]\n","    utils.go:82: \u001b[33mCommand failed on attempt [2/3] due to error [exit status 1]. Output: [0 / 2097152    0.00% 720896 / 2097152   34.38% 1310720 / 2097152   62.50% 1835008 / 2097152   87.50% 2097152 / 2097152  100.00% 2097152 / 2097152  100.00% 1m0s -\u003cNEWLINE\u003e- Error in file operation: consensus_not_met: Commit failed. Required consensus 2, got 0 -\u003cNEWLINE\u003e- Upload failed. consensus_not_met: Commit failed. Required consensus 2, got 0]\n","    utils.go:98: \u001b[31mCommand failed on final attempt [3/3] due to error [exit status 1]. Command String: [] Output: [0 / 2097152    0.00% 720896 / 2097152   34.38% 1245184 / 2097152   59.38% 1835008 / 2097152   87.50% 2097152 / 2097152  100.00% 2097152 / 2097152  100.00% 1m0s -\u003cNEWLINE\u003e- Error in file operation: consensus_not_met: Commit failed. Required consensus 2, got 0 -\u003cNEWLINE\u003e- Upload failed. consensus_not_met: Commit failed. Required consensus 2, got 0]\n","    utils.go:101: \u001b[31mThe verbose output for the command is:\n","    utils.go:105: \u001b[31m0chain-core-sdk [INFO]   2023/11/15 04:03:18.856551 wallet_base.go:331: ******* Wallet SDK Version:v1.10.0-100-gf600e64b ******* (SetLogFile)\n","    utils.go:105: \u001b[31m0box-sdk        [INFO]   2023/11/15 04:03:18.856611 sdk.go:85: ******* Storage SDK Version: v1.10.0-100-gf600e64b *******\n","    utils.go:105: \u001b[31m0chain-core-sdk [INFO]   2023/11/15 04:03:18.882146 transaction_base.go:143: ******* Wallet SDK Version:v1.10.0-100-gf600e64b ******* (InitZCNSDK)\n","    utils.go:105: \u001b[31m0box-sdk        [DEBUG]  2023/11/15 04:03:18.892178 networkworker.go:119: Get network result:{\"miners\":[\"https://dev-4.devnet-0chain.net/miner02\",\"https://dev-4.devnet-0chain.net/miner01\",\"https://dev-4.devnet-0chain.net/miner03\"],\"sharders\":[\"https://dev-4.devnet-0chain.net/sharder02\",\"https://dev-4.devnet-0chain.net/sharder01\"]}\n","    utils.go:105: \u001b[31m0box-sdk        [INFO]   2023/11/15 04:03:18.910326 multi_operation_worker.go:116: https://dev-4.devnet-0chain.net/blobber01 connection obj created.\n","    utils.go:105: \u001b[31m0box-sdk        [INFO]   2023/11/15 04:03:18.910625 multi_operation_worker.go:116: https://dev-4.devnet-0chain.net/blobber02 connection obj created.\n","    utils.go:105: \u001b[31m0box-sdk        [INFO]   2023/11/15 04:03:18.918289 multi_operation_worker.go:152: MultiOperation Process start\n","    utils.go:105: \u001b[31m0 / 2097152    0.00% 458752 / 2097152   21.88% 851968 / 2097152   40.62% 1310720 / 2097152   62.50% 1638400 / 2097152   78.12% 1966080 / 2097152   93.75%0box-sdk        [INFO]   2023/11/15 04:03:20.050325 upload_worker.go:37: UploadOperation Success{name 15 0 8QlOCBpUhe_test.txt \u003cnil\u003e}\n","    utils.go:105: \u001b[31m0box-sdk        [INFO]   2023/11/15 04:03:20.050370 multi_operation_worker.go:215: Trying to lock write marker.....\n","    utils.go:105: \u001b[31m0box-sdk        [INFO]   2023/11/15 04:03:20.077360 writemarker_mutex.go:317: https://dev-4.devnet-0chain.net/blobber02DXgmdvPRVqbrGPn79HjETN locked\n","    utils.go:105: \u001b[31m0box-sdk        [INFO]   2023/11/15 04:03:20.080717 writemarker_mutex.go:317: https://dev-4.devnet-0chain.net/blobber01DXgmdvPRVqbrGPn79HjETN locked\n","    utils.go:105: \u001b[31m0box-sdk        [INFO]   2023/11/15 04:03:20.080785 multi_operation_worker.go:221: [writemarkerLocked]30\n","    utils.go:105: \u001b[31m0box-sdk        [INFO]   2023/11/15 04:03:20.089225 rollback.go:279: versionMap{versionMap 23 0  map[]}\n","    utils.go:105: \u001b[31m0box-sdk        [INFO]   2023/11/15 04:03:20.089242 multi_operation_worker.go:253: [checkAllocStatus]8\n","    utils.go:105: \u001b[31m0box-sdk        [INFO]   2023/11/15 04:03:20.089250 multi_operation_worker.go:276: Commit request sending to blobber https://dev-4.devnet-0chain.net/blobber02\n","    utils.go:105: \u001b[31m0box-sdk        [INFO]   2023/11/15 04:03:20.089259 multi_operation_worker.go:276: Commit request sending to blobber https://dev-4.devnet-0chain.net/blobber01\n","    utils.go:105: \u001b[31m0box-sdk        [INFO]   2023/11/15 04:03:20.089276 commitworker.go:96: received a commit request\n","    utils.go:105: \u001b[31m0box-sdk        [INFO]   2023/11/15 04:03:20.089300 commitworker.go:96: received a commit request\n","    utils.go:105: \u001b[31m0box-sdk        [INFO]   2023/11/15 04:03:20.093478 commitworker.go:232: Committing to blobber.https://dev-4.devnet-0chain.net/blobber01\n","    utils.go:105: \u001b[31m0box-sdk        [INFO]   2023/11/15 04:03:20.096371 commitworker.go:232: Committing to blobber.https://dev-4.devnet-0chain.net/blobber02\n","    utils.go:105: \u001b[31m2097152 / 2097152  100.00% 2097152 / 2097152  100.00%0box-sdk        [INFO]   2023/11/15 04:03:50.085728 writemarker_mutex.go:317: https://dev-4.devnet-0chain.net/blobber02DXgmdvPRVqbrGPn79HjETN locked\n","    utils.go:105: \u001b[31m0box-sdk        [INFO]   2023/11/15 04:03:50.085728 writemarker_mutex.go:317: https://dev-4.devnet-0chain.net/blobber01DXgmdvPRVqbrGPn79HjETN locked\n","    utils.go:105: \u001b[31m2097152 / 2097152  100.00% 2097152 / 2097152  100.00%0box-sdk        [INFO]   2023/11/15 04:04:20.091439 writemarker_mutex.go:317: https://dev-4.devnet-0chain.net/blobber01DXgmdvPRVqbrGPn79HjETN locked\n","    utils.go:105: \u001b[31m0box-sdk        [INFO]   2023/11/15 04:04:20.091542 writemarker_mutex.go:317: https://dev-4.devnet-0chain.net/blobber02DXgmdvPRVqbrGPn79HjETN locked\n","    utils.go:105: \u001b[31m0box-sdk        \u001b[31m[ERROR]  2023/11/15 04:04:20.093745 commitworker.go:256: Commit: Post \"https://dev-4.devnet-0chain.net/blobber01/v1/connection/commit/c2f45c335f21845bdf3b06cd3e8d99d908fbd1c6b4285ab0a926fed40f33c74f\": context deadline exceeded\u001b[0m\n","    utils.go:105: \u001b[31m2097152 / 2097152  100.00%0box-sdk        \u001b[31m[ERROR]  2023/11/15 04:04:20.097353 commitworker.go:256: Commit: Post \"https://dev-4.devnet-0chain.net/blobber02/v1/connection/commit/c2f45c335f21845bdf3b06cd3e8d99d908fbd1c6b4285ab0a926fed40f33c74f\": context deadline exceeded\u001b[0m\n","    utils.go:105: \u001b[31m0box-sdk        [INFO]   2023/11/15 04:04:20.097382 multi_operation_worker.go:281: [commitRequests]60008\n","    utils.go:105: \u001b[31m0box-sdk        [INFO]   2023/11/15 04:04:20.097398 multi_operation_worker.go:290: Commit failedhttps://dev-4.devnet-0chain.net/blobber02Post \"https://dev-4.devnet-0chain.net/blobber02/v1/connection/commit/c2f45c335f21845bdf3b06cd3e8d99d908fbd1c6b4285ab0a926fed40f33c74f\": context deadline exceeded\n","    utils.go:105: \u001b[31m0box-sdk        [INFO]   2023/11/15 04:04:20.097411 multi_operation_worker.go:290: Commit failedhttps://dev-4.devnet-0chain.net/blobber01Post \"https://dev-4.devnet-0chain.net/blobber01/v1/connection/commit/c2f45c335f21845bdf3b06cd3e8d99d908fbd1c6b4285ab0a926fed40f33c74f\": context deadline exceeded\n","    utils.go:105: \u001b[31m2097152 / 2097152  100.00% 1m1s\n","    utils.go:105: \u001b[31mError in file operation: consensus_not_met: Commit failed. Required consensus 2, got 0\n","    utils.go:105: \u001b[31m0box-sdk        [INFO]   2023/11/15 04:04:20.100248 writemarker_mutex.go:128: https://dev-4.devnet-0chain.net/blobber01DXgmdvPRVqbrGPn79HjETN unlocked\n","    utils.go:105: \u001b[31m0box-sdk        [INFO]   2023/11/15 04:04:20.102692 writemarker_mutex.go:128: https://dev-4.devnet-0chain.net/blobber02DXgmdvPRVqbrGPn79HjETN unlocked\n","    utils.go:105: \u001b[31m0box-sdk        \u001b[31m[ERROR]  2023/11/15 04:04:20.102720 allocation.go:566: Error in multi upload consensus_not_met: Commit failed. Required consensus 2, got 0\u001b[0m\n","    utils.go:105: \u001b[31mUpload failed. consensus_not_met: Commit failed. Required consensus 2, got 0\n","    assertions.go:333: \n","        \tError Trace:\t/root/actions-runner4/_work/system_test/system_test/tests/tokenomics_tests/allocation_test.go:193\n","        \t            \t\t\t\t/root/actions-runner4/_work/system_test/system_test/internal/api/util/test/system_test_framework.go:150\n","        \t            \t\t\t\t/usr/local/go/src/runtime/asm_amd64.s:1598\n","        \tError:      \tExpected nil, but got: \u0026exec.ExitError{ProcessState:(*os.ProcessState)(0xc0000120f0), Stderr:[]uint8(nil)}\n","        \tTest:       \tTestAllocationRewards/Create_+_Upload_+_Cancel_equal_read_price_0.1\n","        \tMessages:   \terror uploading file%!(EXTRA string=0 / 2097152    0.00% 720896 / 2097152   34.38% 1245184 / 2097152   59.38% 1835008 / 2097152   87.50% 2097152 / 2097152  100.00% 2097152 / 2097152  100.00% 1m0s\n","        \t            \tError in file operation: consensus_not_met: Commit failed. Required consensus 2, got 0\n","        \t            \tUpload failed. consensus_not_met: Commit failed. Required consensus 2, got 0)\n","    allocation_test.go:154: Test case [Create + Upload + Cancel equal read price 0.1] exit at [11-15-2023 04:04:20]\n","","","    allocation_test.go:154: Test case [Create + Upload + Cancel equal read price 0.1] scheduled at [11-15-2023 04:12:54] \n","    system_test_framework.go:149: Test case [Create + Upload + Cancel equal read price 0.1] start at [11-15-2023 04:12:54] \n","    wallet.go:45: creating wallet...\n","    wallet.go:24: Executing faucet...\n","    wallet.go:62: faucet output: [No wallet in path  config/TestAllocationRewards-Create_+_Upload_+_Cancel_equal_read_price_0.1_wallet.json found. Creating wallet... ZCN wallet created!! Execute faucet smart contract success with txn :  1853e66dc52f5b23343d90192fd2e80ae4d5e38f608fd7af4eb0341649ece226]\n","    wallet.go:24: Executing faucet...\n","    allocation.go:134: Creating new allocation...\n","    allocation_test.go:175: allocationId dda97f9b9109819d0b56f5f9d358e459c455e9cdc4dc9613c0575f9e8327c9a8\n","    allocation_test.go:186: Uploading file  /tmp/HXK6qy5vhT_test.txt\n","    allocation.go:190: Uploading file...\n","    utils.go:82: \u001b[33mCommand failed on attempt [1/3] due to error [exit status 1]. Output: [0 / 2097152    0.00% 720896 / 2097152   34.38% 1310720 / 2097152   62.50% 1835008 / 2097152   87.50% 2097152 / 2097152  100.00% 0s -\u003cNEWLINE\u003e- Error in file operation: consensus_not_met: Commit failed. Required consensus 2, got 0 -\u003cNEWLINE\u003e- Upload failed. consensus_not_met: Commit failed. Required consensus 2, got 0]\n","    utils.go:82: \u001b[33mCommand failed on attempt [2/3] due to error [exit status 1]. Output: [0 / 2097152    0.00% 720896 / 2097152   34.38% 1245184 / 2097152   59.38% 1835008 / 2097152   87.50%Upload failed. Check allocation status failed: check_alloc_status_failed: writemarker error response {\"code\":\"latest_write_marker_read_error\",\"error\":\"latest_write_marker_read_error: Error reading the latest write marker for allocation.record not found\"} -\u003cNEWLINE\u003e- with status 400]\n","    utils.go:98: \u001b[31mCommand failed on final attempt [3/3] due to error [exit status 1]. Command String: [] Output: [0 / 2097152    0.00% 720896 / 2097152   34.38% 1310720 / 2097152   62.50% 1835008 / 2097152   87.50% 2097152 / 2097152  100.00%Upload failed. Check allocation status failed: check_alloc_status_failed: writemarker error response {\"code\":\"latest_write_marker_read_error\",\"error\":\"latest_write_marker_read_error: Error reading the latest write marker for allocation.record not found\"} -\u003cNEWLINE\u003e- with status 400]\n","    utils.go:101: \u001b[31mThe verbose output for the command is:\n","    utils.go:105: \u001b[31m0chain-core-sdk [INFO]   2023/11/15 04:14:28.143194 wallet_base.go:331: ******* Wallet SDK Version:v1.10.0-100-gf600e64b ******* (SetLogFile)\n","    utils.go:105: \u001b[31m0box-sdk        [INFO]   2023/11/15 04:14:28.143282 sdk.go:85: ******* Storage SDK Version: v1.10.0-100-gf600e64b *******\n","    utils.go:105: \u001b[31m0chain-core-sdk [INFO]   2023/11/15 04:14:28.167588 transaction_base.go:143: ******* Wallet SDK Version:v1.10.0-100-gf600e64b ******* (InitZCNSDK)\n","    utils.go:105: \u001b[31m0box-sdk        [DEBUG]  2023/11/15 04:14:28.178357 networkworker.go:119: Get network result:{\"miners\":[\"https://dev-4.devnet-0chain.net/miner02\",\"https://dev-4.devnet-0chain.net/miner01\",\"https://dev-4.devnet-0chain.net/miner03\"],\"sharders\":[\"https://dev-4.devnet-0chain.net/sharder01\",\"https://dev-4.devnet-0chain.net/sharder02\"]}\n","    utils.go:105: \u001b[31m0box-sdk        [INFO]   2023/11/15 04:14:28.189552 multi_operation_worker.go:116: https://dev-4.devnet-0chain.net/blobber01 connection obj created.\n","    utils.go:105: \u001b[31m0box-sdk        [INFO]   2023/11/15 04:14:28.189683 multi_operation_worker.go:116: https://dev-4.devnet-0chain.net/blobber02 connection obj created.\n","    utils.go:105: \u001b[31m0box-sdk        [INFO]   2023/11/15 04:14:28.194364 multi_operation_worker.go:152: MultiOperation Process start\n","    utils.go:105: \u001b[31m0 / 2097152    0.00% 589824 / 2097152   28.12% 1048576 / 2097152   50.00% 1638400 / 2097152   78.12% 2031616 / 2097152   96.88%0box-sdk        [INFO]   2023/11/15 04:14:29.093484 upload_worker.go:37: UploadOperation Success{name 15 0 HXK6qy5vhT_test.txt \u003cnil\u003e}\n","    utils.go:105: \u001b[31m0box-sdk        [INFO]   2023/11/15 04:14:29.093534 multi_operation_worker.go:215: Trying to lock write marker.....\n","    utils.go:105: \u001b[31m0box-sdk        [INFO]   2023/11/15 04:14:29.109782 writemarker_mutex.go:317: https://dev-4.devnet-0chain.net/blobber02MjVxhGignHYry4uWaLyh58 locked\n","    utils.go:105: \u001b[31m0box-sdk        [INFO]   2023/11/15 04:14:29.112952 writemarker_mutex.go:317: https://dev-4.devnet-0chain.net/blobber01MjVxhGignHYry4uWaLyh58 locked\n","    utils.go:105: \u001b[31m0box-sdk        [INFO]   2023/11/15 04:14:29.112999 multi_operation_worker.go:221: [writemarkerLocked]19\n","    utils.go:105: \u001b[31m0box-sdk        \u001b[31m[ERROR]  2023/11/15 04:14:29.115860 rollback.go:226: error during getWritemarker{error 26 0  writemarker error response {\"code\":\"latest_write_marker_read_error\",\"error\":\"latest_write_marker_read_error: Error reading the latest write marker for allocation.record not found\"}\n","    utils.go:105: \u001b[31mwith status 400}\u001b[0m\n","    utils.go:105: \u001b[31m0box-sdk        \u001b[31m[ERROR]  2023/11/15 04:14:29.121265 rollback.go:226: error during getWritemarker{error 26 0  writemarker error response {\"code\":\"latest_write_marker_read_error\",\"error\":\"latest_write_marker_read_error: Error reading the latest write marker for allocation.record not found\"}\n","    utils.go:105: \u001b[31m0box-sdk        \u001b[31m[ERROR]  2023/11/15 04:14:29.121476 multi_operation_worker.go:225: Error checking allocation statuscheck_alloc_status_failed: writemarker error response {\"code\":\"latest_write_marker_read_error\",\"error\":\"latest_write_marker_read_error: Error reading the latest write marker for allocation.record not found\"}\n","    utils.go:105: \u001b[31mwith status 400\u001b[0m\n","    utils.go:105: \u001b[31m0box-sdk        [INFO]   2023/11/15 04:14:29.123898 writemarker_mutex.go:128: https://dev-4.devnet-0chain.net/blobber01MjVxhGignHYry4uWaLyh58 unlocked\n","    utils.go:105: \u001b[31m0box-sdk        [INFO]   2023/11/15 04:14:29.126155 writemarker_mutex.go:128: https://dev-4.devnet-0chain.net/blobber02MjVxhGignHYry4uWaLyh58 unlocked\n","    utils.go:105: \u001b[31m0box-sdk        \u001b[31m[ERROR]  2023/11/15 04:14:29.126188 allocation.go:566: Error in multi upload Check allocation status failed: check_alloc_status_failed: writemarker error response {\"code\":\"latest_write_marker_read_error\",\"error\":\"latest_write_marker_read_error: Error reading the latest write marker for allocation.record not found\"}\n","    utils.go:105: \u001b[31mUpload failed. Check allocation status failed: check_alloc_status_failed: writemarker error response {\"code\":\"latest_write_marker_read_error\",\"error\":\"latest_write_marker_read_error: Error reading the latest write marker for allocation.record not found\"}\n","    utils.go:105: \u001b[31mwith status 400\n","    assertions.go:333: \n","        \tError Trace:\t/root/actions-runner4/_work/system_test/system_test/tests/tokenomics_tests/allocation_test.go:193\n","        \t            \t\t\t\t/root/actions-runner4/_work/system_test/system_test/internal/api/util/test/system_test_framework.go:150\n","        \t            \t\t\t\t/usr/local/go/src/runtime/asm_amd64.s:1598\n","        \tError:      \tExpected nil, but got: \u0026exec.ExitError{ProcessState:(*os.ProcessState)(0xc000126288), Stderr:[]uint8(nil)}\n","        \tTest:       \tTestAllocationRewards/Create_+_Upload_+_Cancel_equal_read_price_0.1\n","        \tMessages:   \terror uploading file%!(EXTRA string=0 / 2097152    0.00% 720896 / 2097152   34.38% 1310720 / 2097152   62.50% 1835008 / 2097152   87.50% 2097152 / 2097152  100.00%Upload failed. Check allocation status failed: check_alloc_status_failed: writemarker error response {\"code\":\"latest_write_marker_read_error\",\"error\":\"latest_write_marker_read_error: Error reading the latest write marker for allocation.record not found\"}\n","        \t            \twith status 400)\n","    allocation_test.go:154: Test case [Create + Upload + Cancel equal read price 0.1] exit at [11-15-2023 04:14:29]\n","","","    allocation_test.go:154: Test case [Create + Upload + Cancel equal read price 0.1] scheduled at [11-15-2023 04:19:44] \n","    system_test_framework.go:149: Test case [Create + Upload + Cancel equal read price 0.1] start at [11-15-2023 04:19:44] \n","    wallet.go:45: creating wallet...\n","    wallet.go:24: Executing faucet...\n","    wallet.go:62: faucet output: [No wallet in path  config/TestAllocationRewards-Create_+_Upload_+_Cancel_equal_read_price_0.1_wallet.json found. Creating wallet... ZCN wallet created!! Execute faucet smart contract success with txn :  b220117240e9bd8cc87862bd3d19d631a3675d345cb0768e849c973477e2f100]\n","    wallet.go:24: Executing faucet...\n","    allocation.go:134: Creating new allocation...\n","    allocation_test.go:175: allocationId b0e578cf31a77ca5e5f9eb18b36bc93bc41adf261d22d8cd47f622af7d8f8fe7\n","    allocation_test.go:186: Uploading file  /tmp/UURUWsKPs6_test.txt\n","    allocation.go:190: Uploading file...\n","    utils.go:82: \u001b[33mCommand failed on attempt [1/3] due to error [exit status 1]. Output: [0 / 2097152    0.00% 131072 / 2097152    6.25% 00m03s 131072 / 2097152    6.25% 00m02s 131072 / 2097152    6.25% 00m01s 720896 / 2097152   34.38% 00m03s 1310720 / 2097152   62.50% 00m01s 1900544 / 2097152   90.62% 2097152 / 2097152  100.00% 2s -\u003cNEWLINE\u003e- Error in file operation: consensus_not_met: Commit failed. Required consensus 2, got 0 -\u003cNEWLINE\u003e- Upload failed. consensus_not_met: Commit failed. Required consensus 2, got 0]\n","    utils.go:82: \u001b[33mCommand failed on attempt [2/3] due to error [exit status 1]. Output: [0 / 2097152    0.00% 720896 / 2097152   34.38% 1245184 / 2097152   59.38% 1835008 / 2097152   87.50%Upload failed. Check allocation status failed: check_alloc_status_failed: writemarker error response {\"code\":\"latest_write_marker_read_error\",\"error\":\"latest_write_marker_read_error: Error reading the latest write marker for allocation.record not found\"} -\u003cNEWLINE\u003e- with status 400]\n","    utils.go:98: \u001b[31mCommand failed on final attempt [3/3] due to error [exit status 1]. Command String: [] Output: [0 / 2097152    0.00% 720896 / 2097152   34.38% 1310720 / 2097152   62.50% 1900544 / 2097152   90.62%Upload failed. Check allocation status failed: check_alloc_status_failed: writemarker error response {\"code\":\"latest_write_marker_read_error\",\"error\":\"latest_write_marker_read_error: Error reading the latest write marker for allocation.record not found\"} -\u003cNEWLINE\u003e- with status 400]\n","    utils.go:101: \u001b[31mThe verbose output for the command is:\n","    utils.go:105: \u001b[31m0chain-core-sdk [INFO]   2023/11/15 04:21:20.705397 wallet_base.go:331: ******* Wallet SDK Version:v1.10.0-100-gf600e64b ******* (SetLogFile)\n","    utils.go:105: \u001b[31m0box-sdk        [INFO]   2023/11/15 04:21:20.705485 sdk.go:85: ******* Storage SDK Version: v1.10.0-100-gf600e64b *******\n","    utils.go:105: \u001b[31m0chain-core-sdk [INFO]   2023/11/15 04:21:20.728605 transaction_base.go:143: ******* Wallet SDK Version:v1.10.0-100-gf600e64b ******* (InitZCNSDK)\n","    utils.go:105: \u001b[31m0box-sdk        [DEBUG]  2023/11/15 04:21:20.738391 networkworker.go:119: Get network result:{\"miners\":[\"https://dev-4.devnet-0chain.net/miner03\",\"https://dev-4.devnet-0chain.net/miner02\",\"https://dev-4.devnet-0chain.net/miner01\"],\"sharders\":[\"https://dev-4.devnet-0chain.net/sharder02\",\"https://dev-4.devnet-0chain.net/sharder01\"]}\n","    utils.go:105: \u001b[31m0box-sdk        [INFO]   2023/11/15 04:21:20.751431 multi_operation_worker.go:116: https://dev-4.devnet-0chain.net/blobber02 connection obj created.\n","    utils.go:105: \u001b[31m0box-sdk        [INFO]   2023/11/15 04:21:20.751480 multi_operation_worker.go:116: https://dev-4.devnet-0chain.net/blobber01 connection obj created.\n","    utils.go:105: \u001b[31m0box-sdk        [INFO]   2023/11/15 04:21:20.759192 multi_operation_worker.go:152: MultiOperation Process start\n","    utils.go:105: \u001b[31m0 / 2097152    0.00% 720896 / 2097152   34.38% 1179648 / 2097152   56.25% 1638400 / 2097152   78.12% 2031616 / 2097152   96.88%0box-sdk        [INFO]   2023/11/15 04:21:21.606276 upload_worker.go:37: UploadOperation Success{name 15 0 UURUWsKPs6_test.txt \u003cnil\u003e}\n","    utils.go:105: \u001b[31m0box-sdk        [INFO]   2023/11/15 04:21:21.606320 multi_operation_worker.go:215: Trying to lock write marker.....\n","    utils.go:105: \u001b[31m0box-sdk        [INFO]   2023/11/15 04:21:21.624665 writemarker_mutex.go:317: https://dev-4.devnet-0chain.net/blobber02uceBgKf9p3z9recofej8fQ locked\n","    utils.go:105: \u001b[31m0box-sdk        [INFO]   2023/11/15 04:21:21.628136 writemarker_mutex.go:317: https://dev-4.devnet-0chain.net/blobber01uceBgKf9p3z9recofej8fQ locked\n","    utils.go:105: \u001b[31m0box-sdk        [INFO]   2023/11/15 04:21:21.628186 multi_operation_worker.go:221: [writemarkerLocked]21\n","    utils.go:105: \u001b[31m0box-sdk        \u001b[31m[ERROR]  2023/11/15 04:21:21.636488 rollback.go:226: error during getWritemarker{error 26 0  writemarker error response {\"code\":\"latest_write_marker_read_error\",\"error\":\"latest_write_marker_read_error: Error reading the latest write marker for allocation.record not found\"}\n","    utils.go:105: \u001b[31mwith status 400}\u001b[0m\n","    utils.go:105: \u001b[31m0box-sdk        \u001b[31m[ERROR]  2023/11/15 04:21:21.638899 rollback.go:226: error during getWritemarker{error 26 0  writemarker error response {\"code\":\"latest_write_marker_read_error\",\"error\":\"latest_write_marker_read_error: Error reading the latest write marker for allocation.record not found\"}\n","    utils.go:105: \u001b[31m0box-sdk        \u001b[31m[ERROR]  2023/11/15 04:21:21.638932 multi_operation_worker.go:225: Error checking allocation statuscheck_alloc_status_failed: writemarker error response {\"code\":\"latest_write_marker_read_error\",\"error\":\"latest_write_marker_read_error: Error reading the latest write marker for allocation.record not found\"}\n","    utils.go:105: \u001b[31mwith status 400\u001b[0m\n","    utils.go:105: \u001b[31m0box-sdk        [INFO]   2023/11/15 04:21:21.641093 writemarker_mutex.go:128: https://dev-4.devnet-0chain.net/blobber01uceBgKf9p3z9recofej8fQ unlocked\n","    utils.go:105: \u001b[31m0box-sdk        [INFO]   2023/11/15 04:21:21.643341 writemarker_mutex.go:128: https://dev-4.devnet-0chain.net/blobber02uceBgKf9p3z9recofej8fQ unlocked\n","    utils.go:105: \u001b[31m0box-sdk        \u001b[31m[ERROR]  2023/11/15 04:21:21.643380 allocation.go:566: Error in multi upload Check allocation status failed: check_alloc_status_failed: writemarker error response {\"code\":\"latest_write_marker_read_error\",\"error\":\"latest_write_marker_read_error: Error reading the latest write marker for allocation.record not found\"}\n","    utils.go:105: \u001b[31mUpload failed. Check allocation status failed: check_alloc_status_failed: writemarker error response {\"code\":\"latest_write_marker_read_error\",\"error\":\"latest_write_marker_read_error: Error reading the latest write marker for allocation.record not found\"}\n","    utils.go:105: \u001b[31mwith status 400\n","    assertions.go:333: \n","        \tError Trace:\t/root/actions-runner4/_work/system_test/system_test/tests/tokenomics_tests/allocation_test.go:193\n","        \t            \t\t\t\t/root/actions-runner4/_work/system_test/system_test/internal/api/util/test/system_test_framework.go:150\n","        \t            \t\t\t\t/usr/local/go/src/runtime/asm_amd64.s:1598\n","        \tError:      \tExpected nil, but got: \u0026exec.ExitError{ProcessState:(*os.ProcessState)(0xc0000b4018), Stderr:[]uint8(nil)}\n","        \tTest:       \tTestAllocationRewards/Create_+_Upload_+_Cancel_equal_read_price_0.1\n","        \tMessages:   \terror uploading file%!(EXTRA string=0 / 2097152    0.00% 720896 / 2097152   34.38% 1310720 / 2097152   62.50% 1900544 / 2097152   90.62%Upload failed. Check allocation status failed: check_alloc_status_failed: writemarker error response {\"code\":\"latest_write_marker_read_error\",\"error\":\"latest_write_marker_read_error: Error reading the latest write marker for allocation.record not found\"}\n","        \t            \twith status 400)\n","    allocation_test.go:154: Test case [Create + Upload + Cancel equal read price 0.1] exit at [11-15-2023 04:21:21]\n",""],"Passed":false,"Skipped":false,"TestFileName":"","TestFunctionDetail":{"Line":0,"Col":0}}]},{"FailureIndicator":"failed","SkippedIndicator":"","TestResults":[{"TestName":"TestAllocationRewards/Create_+_Upload_+_Upgrade_equal_read_price_0.1","Package":"github.com/0chain/system_test/tests/tokenomics_tests","ElapsedTime":94.88,"Output":["","    allocation_test.go:77: Test case [Create + Upload + Upgrade equal read price 0.1] scheduled at [11-15-2023 03:55:09] \n","    system_test_framework.go:149: Test case [Create + Upload + Upgrade equal read price 0.1] start at [11-15-2023 03:55:09] \n","    wallet.go:45: creating wallet...\n","    wallet.go:24: Executing faucet...\n","    wallet.go:62: faucet output: [No wallet in path  config/TestAllocationRewards-Create_+_Upload_+_Upgrade_equal_read_price_0.1_wallet.json found. Creating wallet... ZCN wallet created!! Execute faucet smart contract success with txn :  8fa383d46fcd4fa05dfbc0fffbc59bd6595dbd8203a4dfe84030942a569a1c78]\n","    wallet.go:24: Executing faucet...\n","    allocation.go:134: Creating new allocation...\n","    allocation.go:217: Get Allocation...\n","    allocation.go:190: Uploading file...\n","    utils.go:82: \u001b[33mCommand failed on attempt [1/3] due to error [exit status 1]. Output: [0 / 2097152    0.00% 720896 / 2097152   34.38% 1310720 / 2097152   62.50% 1835008 / 2097152   87.50% 2031616 / 2097152   96.88% 2097152 / 2097152  100.00% 0s -\u003cNEWLINE\u003e- Error in file operation: consensus_not_met: Commit failed. Required consensus 2, got 0 -\u003cNEWLINE\u003e- Upload failed. consensus_not_met: Commit failed. Required consensus 2, got 0]\n","    utils.go:82: \u001b[33mCommand failed on attempt [2/3] due to error [exit status 1]. Output: [0 / 2097152    0.00% 720896 / 2097152   34.38% 1245184 / 2097152   59.38% 1703936 / 2097152   81.25% 2097152 / 2097152  100.00% 2097152 / 2097152  100.00% 1m0s -\u003cNEWLINE\u003e- Error in file operation: consensus_not_met: Commit failed. Required consensus 2, got 0 -\u003cNEWLINE\u003e- Upload failed. consensus_not_met: Commit failed. Required consensus 2, got 0]\n","    utils.go:98: \u001b[31mCommand failed on final attempt [3/3] due to error [exit status 1]. Command String: [] Output: [0 / 2097152    0.00% 720896 / 2097152   34.38% 1245184 / 2097152   59.38% 1835008 / 2097152   87.50% 2097152 / 2097152  100.00% 2097152 / 2097152  100.00% 1m0s -\u003cNEWLINE\u003e- Error in file operation: consensus_not_met: Commit failed. Required consensus 2, got 0 -\u003cNEWLINE\u003e- Upload failed. consensus_not_met: Commit failed. Required consensus 2, got 0]\n","    utils.go:101: \u001b[31mThe verbose output for the command is:\n","    utils.go:105: \u001b[31m0chain-core-sdk [INFO]   2023/11/15 03:58:44.063846 wallet_base.go:331: ******* Wallet SDK Version:v1.10.0-100-gf600e64b ******* (SetLogFile)\n","    utils.go:105: \u001b[31m0box-sdk        [INFO]   2023/11/15 03:58:44.064066 sdk.go:85: ******* Storage SDK Version: v1.10.0-100-gf600e64b *******\n","    utils.go:105: \u001b[31m0chain-core-sdk [INFO]   2023/11/15 03:58:44.092470 transaction_base.go:143: ******* Wallet SDK Version:v1.10.0-100-gf600e64b ******* (InitZCNSDK)\n","    utils.go:105: \u001b[31m0box-sdk        [DEBUG]  2023/11/15 03:58:44.103527 networkworker.go:119: Get network result:{\"miners\":[\"https://dev-4.devnet-0chain.net/miner02\",\"https://dev-4.devnet-0chain.net/miner01\",\"https://dev-4.devnet-0chain.net/miner03\"],\"sharders\":[\"https://dev-4.devnet-0chain.net/sharder02\",\"https://dev-4.devnet-0chain.net/sharder01\"]}\n","    utils.go:105: \u001b[31m0box-sdk        [INFO]   2023/11/15 03:58:44.118363 multi_operation_worker.go:116: https://dev-4.devnet-0chain.net/blobber02 connection obj created.\n","    utils.go:105: \u001b[31m0box-sdk        [INFO]   2023/11/15 03:58:44.118368 multi_operation_worker.go:116: https://dev-4.devnet-0chain.net/blobber01 connection obj created.\n","    utils.go:105: \u001b[31m0box-sdk        [INFO]   2023/11/15 03:58:44.125477 multi_operation_worker.go:152: MultiOperation Process start\n","    utils.go:105: \u001b[31m0 / 2097152    0.00% 655360 / 2097152   31.25% 1310720 / 2097152   62.50% 1900544 / 2097152   90.62%0box-sdk        [INFO]   2023/11/15 03:58:44.847389 upload_worker.go:37: UploadOperation Success{name 15 0 aWhhz4MxdN_test.txt \u003cnil\u003e}\n","    utils.go:105: \u001b[31m0box-sdk        [INFO]   2023/11/15 03:58:44.847440 multi_operation_worker.go:215: Trying to lock write marker.....\n","    utils.go:105: \u001b[31m0box-sdk        [INFO]   2023/11/15 03:58:44.862898 writemarker_mutex.go:317: https://dev-4.devnet-0chain.net/blobber024dTrN8AJBNynzdCwv9zTH6 locked\n","    utils.go:105: \u001b[31m0box-sdk        [INFO]   2023/11/15 03:58:44.865281 writemarker_mutex.go:317: https://dev-4.devnet-0chain.net/blobber014dTrN8AJBNynzdCwv9zTH6 locked\n","    utils.go:105: \u001b[31m0box-sdk        [INFO]   2023/11/15 03:58:44.865312 multi_operation_worker.go:221: [writemarkerLocked]17\n","    utils.go:105: \u001b[31m0box-sdk        [INFO]   2023/11/15 03:58:44.873746 rollback.go:279: versionMap{versionMap 23 0  map[]}\n","    utils.go:105: \u001b[31m0box-sdk        [INFO]   2023/11/15 03:58:44.873803 multi_operation_worker.go:253: [checkAllocStatus]8\n","    utils.go:105: \u001b[31m0box-sdk        [INFO]   2023/11/15 03:58:44.873820 multi_operation_worker.go:276: Commit request sending to blobber https://dev-4.devnet-0chain.net/blobber02\n","    utils.go:105: \u001b[31m0box-sdk        [INFO]   2023/11/15 03:58:44.873834 multi_operation_worker.go:276: Commit request sending to blobber https://dev-4.devnet-0chain.net/blobber01\n","    utils.go:105: \u001b[31m0box-sdk        [INFO]   2023/11/15 03:58:44.873877 commitworker.go:96: received a commit request\n","    utils.go:105: \u001b[31m0box-sdk        [INFO]   2023/11/15 03:58:44.873882 commitworker.go:96: received a commit request\n","    utils.go:105: \u001b[31m0box-sdk        [INFO]   2023/11/15 03:58:44.880338 commitworker.go:232: Committing to blobber.https://dev-4.devnet-0chain.net/blobber01\n","    utils.go:105: \u001b[31m0box-sdk        [INFO]   2023/11/15 03:58:44.882380 commitworker.go:232: Committing to blobber.https://dev-4.devnet-0chain.net/blobber02\n","    utils.go:105: \u001b[31m2097152 / 2097152  100.00% 2097152 / 2097152  100.00%0box-sdk        [INFO]   2023/11/15 03:59:14.870707 writemarker_mutex.go:317: https://dev-4.devnet-0chain.net/blobber014dTrN8AJBNynzdCwv9zTH6 locked\n","    utils.go:105: \u001b[31m0box-sdk        [INFO]   2023/11/15 03:59:14.874776 writemarker_mutex.go:317: https://dev-4.devnet-0chain.net/blobber024dTrN8AJBNynzdCwv9zTH6 locked\n","    utils.go:105: \u001b[31m2097152 / 2097152  100.00% 2097152 / 2097152  100.00%0box-sdk        \u001b[31m[ERROR]  2023/11/15 03:59:44.883400 commitworker.go:256: Commit: Post \"https://dev-4.devnet-0chain.net/blobber01/v1/connection/commit/6dcce068e697e1319f0f1357a03ca01521b95bf1e1669c4af3e44c53ba57c22c\": context deadline exceeded\u001b[0m\n","    utils.go:105: \u001b[31m0box-sdk        \u001b[31m[ERROR]  2023/11/15 03:59:44.883447 commitworker.go:256: Commit: Post \"https://dev-4.devnet-0chain.net/blobber02/v1/connection/commit/6dcce068e697e1319f0f1357a03ca01521b95bf1e1669c4af3e44c53ba57c22c\": context deadline exceeded\u001b[0m\n","    utils.go:105: \u001b[31m0box-sdk        [INFO]   2023/11/15 03:59:44.883489 multi_operation_worker.go:281: [commitRequests]60009\n","    utils.go:105: \u001b[31m0box-sdk        [INFO]   2023/11/15 03:59:44.883512 multi_operation_worker.go:290: Commit failedhttps://dev-4.devnet-0chain.net/blobber02Post \"https://dev-4.devnet-0chain.net/blobber02/v1/connection/commit/6dcce068e697e1319f0f1357a03ca01521b95bf1e1669c4af3e44c53ba57c22c\": context deadline exceeded\n","    utils.go:105: \u001b[31m0box-sdk        [INFO]   2023/11/15 03:59:44.883533 multi_operation_worker.go:290: Commit failedhttps://dev-4.devnet-0chain.net/blobber01Post \"https://dev-4.devnet-0chain.net/blobber01/v1/connection/commit/6dcce068e697e1319f0f1357a03ca01521b95bf1e1669c4af3e44c53ba57c22c\": context deadline exceeded\n","    utils.go:105: \u001b[31m2097152 / 2097152  100.00% 1m0s\n","    utils.go:105: \u001b[31mError in file operation: consensus_not_met: Commit failed. Required consensus 2, got 0\n","    utils.go:105: \u001b[31m0box-sdk        [INFO]   2023/11/15 03:59:44.894225 writemarker_mutex.go:317: https://dev-4.devnet-0chain.net/blobber014dTrN8AJBNynzdCwv9zTH6 locked\n","    utils.go:105: \u001b[31m0box-sdk        [INFO]   2023/11/15 03:59:44.896198 writemarker_mutex.go:128: https://dev-4.devnet-0chain.net/blobber014dTrN8AJBNynzdCwv9zTH6 unlocked\n","    utils.go:105: \u001b[31m0box-sdk        [INFO]   2023/11/15 03:59:44.897954 writemarker_mutex.go:317: https://dev-4.devnet-0chain.net/blobber024dTrN8AJBNynzdCwv9zTH6 locked\n","    utils.go:105: \u001b[31m0box-sdk        [INFO]   2023/11/15 03:59:44.899897 writemarker_mutex.go:128: https://dev-4.devnet-0chain.net/blobber024dTrN8AJBNynzdCwv9zTH6 unlocked\n","    utils.go:105: \u001b[31m0box-sdk        \u001b[31m[ERROR]  2023/11/15 03:59:44.899921 allocation.go:566: Error in multi upload consensus_not_met: Commit failed. Required consensus 2, got 0\u001b[0m\n","    utils.go:105: \u001b[31mUpload failed. consensus_not_met: Commit failed. Required consensus 2, got 0\n","    assertions.go:333: \n","        \tError Trace:\t/root/actions-runner4/_work/system_test/system_test/tests/tokenomics_tests/allocation_test.go:112\n","        \t            \t\t\t\t/root/actions-runner4/_work/system_test/system_test/internal/api/util/test/system_test_framework.go:150\n","        \t            \t\t\t\t/usr/local/go/src/runtime/asm_amd64.s:1598\n","        \tError:      \tExpected nil, but got: \u0026exec.ExitError{ProcessState:(*os.ProcessState)(0xc000012030), Stderr:[]uint8(nil)}\n","        \tTest:       \tTestAllocationRewards/Create_+_Upload_+_Upgrade_equal_read_price_0.1\n","        \tMessages:   \terror uploading file%!(EXTRA string=0 / 2097152    0.00% 720896 / 2097152   34.38% 1245184 / 2097152   59.38% 1835008 / 2097152   87.50% 2097152 / 2097152  100.00% 2097152 / 2097152  100.00% 1m0s\n","        \t            \tError in file operation: consensus_not_met: Commit failed. Required consensus 2, got 0\n","        \t            \tUpload failed. consensus_not_met: Commit failed. Required consensus 2, got 0)\n","    allocation_test.go:77: Test case [Create + Upload + Upgrade equal read price 0.1] exit at [11-15-2023 03:59:44]\n","","","    allocation_test.go:77: Test case [Create + Upload + Upgrade equal read price 0.1] scheduled at [11-15-2023 04:09:36] \n","    system_test_framework.go:149: Test case [Create + Upload + Upgrade equal read price 0.1] start at [11-15-2023 04:09:36] \n","    wallet.go:45: creating wallet...\n","    wallet.go:24: Executing faucet...\n","    wallet.go:62: faucet output: [No wallet in path  config/TestAllocationRewards-Create_+_Upload_+_Upgrade_equal_read_price_0.1_wallet.json found. Creating wallet... ZCN wallet created!! Execute faucet smart contract success with txn :  88a29d1dd03c1bad048a40a78b69eae548fecddc610b9ff49695669425e72023]\n","    wallet.go:24: Executing faucet...\n","    allocation.go:134: Creating new allocation...\n","    allocation.go:217: Get Allocation...\n","    allocation.go:190: Uploading file...\n","    utils.go:82: \u001b[33mCommand failed on attempt [1/3] due to error [exit status 1]. Output: [0 / 2097152    0.00% 720896 / 2097152   34.38% 1245184 / 2097152   59.38% 1835008 / 2097152   87.50% 2097152 / 2097152  100.00% 0s -\u003cNEWLINE\u003e- Error in file operation: consensus_not_met: Commit failed. Required consensus 2, got 0 -\u003cNEWLINE\u003e- Upload failed. consensus_not_met: Commit failed. Required consensus 2, got 0]\n","    utils.go:82: \u001b[33mCommand failed on attempt [2/3] due to error [exit status 1]. Output: [0 / 2097152    0.00% 524288 / 2097152   25.00% 917504 / 2097152   43.75% 1376256 / 2097152   65.62% 1703936 / 2097152   81.25% 2031616 / 2097152   96.88% 2097152 / 2097152  100.00% 2097152 / 2097152  100.00% 1m1s -\u003cNEWLINE\u003e- Error in file operation: consensus_not_met: Commit failed. Required consensus 2, got 0 -\u003cNEWLINE\u003e- Upload failed. consensus_not_met: Commit failed. Required consensus 2, got 0]\n","    utils.go:98: \u001b[31mCommand failed on final attempt [3/3] due to error [exit status 1]. Command String: [] Output: [0 / 2097152    0.00% 524288 / 2097152   25.00% 983040 / 2097152   46.88% 1376256 / 2097152   65.62% 1769472 / 2097152   84.38% 2031616 / 2097152   96.88%Upload failed. Check allocation status failed: check_alloc_status_failed: writemarker error response {\"code\":\"latest_write_marker_read_error\",\"error\":\"latest_write_marker_read_error: Error reading the latest write marker for allocation.record not found\"} -\u003cNEWLINE\u003e- with status 400]\n","    utils.go:101: \u001b[31mThe verbose output for the command is:\n","    utils.go:105: \u001b[31m0chain-core-sdk [INFO]   2023/11/15 04:12:11.367468 wallet_base.go:331: ******* Wallet SDK Version:v1.10.0-100-gf600e64b ******* (SetLogFile)\n","    utils.go:105: \u001b[31m0box-sdk        [INFO]   2023/11/15 04:12:11.367879 sdk.go:85: ******* Storage SDK Version: v1.10.0-100-gf600e64b *******\n","    utils.go:105: \u001b[31m0chain-core-sdk [INFO]   2023/11/15 04:12:11.387980 transaction_base.go:143: ******* Wallet SDK Version:v1.10.0-100-gf600e64b ******* (InitZCNSDK)\n","    utils.go:105: \u001b[31m0box-sdk        [DEBUG]  2023/11/15 04:12:11.400728 networkworker.go:119: Get network result:{\"miners\":[\"https://dev-4.devnet-0chain.net/miner02\",\"https://dev-4.devnet-0chain.net/miner01\",\"https://dev-4.devnet-0chain.net/miner03\"],\"sharders\":[\"https://dev-4.devnet-0chain.net/sharder02\",\"https://dev-4.devnet-0chain.net/sharder01\"]}\n","    utils.go:105: \u001b[31m0box-sdk        [INFO]   2023/11/15 04:12:11.412470 multi_operation_worker.go:116: https://dev-4.devnet-0chain.net/blobber01 connection obj created.\n","    utils.go:105: \u001b[31m0box-sdk        [INFO]   2023/11/15 04:12:11.412487 multi_operation_worker.go:116: https://dev-4.devnet-0chain.net/blobber02 connection obj created.\n","    utils.go:105: \u001b[31m0box-sdk        [INFO]   2023/11/15 04:12:11.421448 multi_operation_worker.go:116: https://dev-4.devnet-0chain.net/blobber02 connection obj created.\n","    utils.go:105: \u001b[31m0box-sdk        [INFO]   2023/11/15 04:12:11.421644 multi_operation_worker.go:116: https://dev-4.devnet-0chain.net/blobber01 connection obj created.\n","    utils.go:105: \u001b[31m0box-sdk        [INFO]   2023/11/15 04:12:11.433282 multi_operation_worker.go:152: MultiOperation Process start\n","    utils.go:105: \u001b[31m0 / 2097152    0.00%0box-sdk        [INFO]   2023/11/15 04:12:11.454218 upload_worker.go:37: UploadOperation Success{name 15 0 kdrBC55RtQ_test.txt \u003cnil\u003e}\n","    utils.go:105: \u001b[31m0box-sdk        [INFO]   2023/11/15 04:12:11.454294 multi_operation_worker.go:215: Trying to lock write marker.....\n","    utils.go:105: \u001b[31m0box-sdk        [INFO]   2023/11/15 04:12:11.465576 writemarker_mutex.go:317: https://dev-4.devnet-0chain.net/blobber024nWVjY2RU5B99vVKAba9NA locked\n","    utils.go:105: \u001b[31m0box-sdk        [INFO]   2023/11/15 04:12:11.468874 writemarker_mutex.go:317: https://dev-4.devnet-0chain.net/blobber014nWVjY2RU5B99vVKAba9NA locked\n","    utils.go:105: \u001b[31m0box-sdk        [INFO]   2023/11/15 04:12:11.468912 multi_operation_worker.go:221: [writemarkerLocked]14\n","    utils.go:105: \u001b[31m0box-sdk        \u001b[31m[ERROR]  2023/11/15 04:12:11.471019 rollback.go:226: error during getWritemarker{error 26 0  writemarker error response {\"code\":\"latest_write_marker_read_error\",\"error\":\"latest_write_marker_read_error: Error reading the latest write marker for allocation.record not found\"}\n","    utils.go:105: \u001b[31mwith status 400}\u001b[0m\n","    utils.go:105: \u001b[31m0box-sdk        \u001b[31m[ERROR]  2023/11/15 04:12:11.472583 rollback.go:226: error during getWritemarker{error 26 0  writemarker error response {\"code\":\"latest_write_marker_read_error\",\"error\":\"latest_write_marker_read_error: Error reading the latest write marker for allocation.record not found\"}\n","    utils.go:105: \u001b[31m0box-sdk        \u001b[31m[ERROR]  2023/11/15 04:12:11.472609 multi_operation_worker.go:225: Error checking allocation statuscheck_alloc_status_failed: writemarker error response {\"code\":\"latest_write_marker_read_error\",\"error\":\"latest_write_marker_read_error: Error reading the latest write marker for allocation.record not found\"}\n","    utils.go:105: \u001b[31mwith status 400\u001b[0m\n","    utils.go:105: \u001b[31m0box-sdk        [INFO]   2023/11/15 04:12:11.475320 writemarker_mutex.go:128: https://dev-4.devnet-0chain.net/blobber014nWVjY2RU5B99vVKAba9NA unlocked\n","    utils.go:105: \u001b[31m0box-sdk        [INFO]   2023/11/15 04:12:11.476522 writemarker_mutex.go:128: https://dev-4.devnet-0chain.net/blobber024nWVjY2RU5B99vVKAba9NA unlocked\n","    utils.go:105: \u001b[31m0box-sdk        \u001b[31m[ERROR]  2023/11/15 04:12:11.476563 allocation.go:566: Error in multi upload Check allocation status failed: check_alloc_status_failed: writemarker error response {\"code\":\"latest_write_marker_read_error\",\"error\":\"latest_write_marker_read_error: Error reading the latest write marker for allocation.record not found\"}\n","    utils.go:105: \u001b[31mUpload failed. Check allocation status failed: check_alloc_status_failed: writemarker error response {\"code\":\"latest_write_marker_read_error\",\"error\":\"latest_write_marker_read_error: Error reading the latest write marker for allocation.record not found\"}\n","    utils.go:105: \u001b[31mwith status 400\n","    assertions.go:333: \n","        \tError Trace:\t/root/actions-runner4/_work/system_test/system_test/tests/tokenomics_tests/allocation_test.go:112\n","        \t            \t\t\t\t/root/actions-runner4/_work/system_test/system_test/internal/api/util/test/system_test_framework.go:150\n","        \t            \t\t\t\t/usr/local/go/src/runtime/asm_amd64.s:1598\n","        \tError:      \tExpected nil, but got: \u0026exec.ExitError{ProcessState:(*os.ProcessState)(0xc000012060), Stderr:[]uint8(nil)}\n","        \tTest:       \tTestAllocationRewards/Create_+_Upload_+_Upgrade_equal_read_price_0.1\n","        \tMessages:   \terror uploading file%!(EXTRA string=0 / 2097152    0.00% 524288 / 2097152   25.00% 983040 / 2097152   46.88% 1376256 / 2097152   65.62% 1769472 / 2097152   84.38% 2031616 / 2097152   96.88%Upload failed. Check allocation status failed: check_alloc_status_failed: writemarker error response {\"code\":\"latest_write_marker_read_error\",\"error\":\"latest_write_marker_read_error: Error reading the latest write marker for allocation.record not found\"}\n","        \t            \twith status 400)\n","    allocation_test.go:77: Test case [Create + Upload + Upgrade equal read price 0.1] exit at [11-15-2023 04:12:11]\n","","","    allocation_test.go:77: Test case [Create + Upload + Upgrade equal read price 0.1] scheduled at [11-15-2023 04:17:25] \n","    system_test_framework.go:149: Test case [Create + Upload + Upgrade equal read price 0.1] start at [11-15-2023 04:17:25] \n","    wallet.go:45: creating wallet...\n","    wallet.go:24: Executing faucet...\n","    wallet.go:62: faucet output: [No wallet in path  config/TestAllocationRewards-Create_+_Upload_+_Upgrade_equal_read_price_0.1_wallet.json found. Creating wallet... ZCN wallet created!! Execute faucet smart contract success with txn :  2727c7321331404bf631973c6cbc0025bf3fb72b508a87757b683e7361585099]\n","    wallet.go:24: Executing faucet...\n","    allocation.go:134: Creating new allocation...\n","    allocation.go:217: Get Allocation...\n","    allocation.go:190: Uploading file...\n","    utils.go:82: \u001b[33mCommand failed on attempt [1/3] due to error [exit status 1]. Output: [0 / 2097152    0.00% 720896 / 2097152   34.38% 1310720 / 2097152   62.50% 1835008 / 2097152   87.50% 2097152 / 2097152  100.00% 0s -\u003cNEWLINE\u003e- Error in file operation: consensus_not_met: Commit failed. Required consensus 2, got 0 -\u003cNEWLINE\u003e- Upload failed. consensus_not_met: Commit failed. Required consensus 2, got 0]\n","    utils.go:82: \u001b[33mCommand failed on attempt [2/3] due to error [exit status 1]. Output: [0 / 2097152    0.00% 720896 / 2097152   34.38% 1310720 / 2097152   62.50% 1900544 / 2097152   90.62%Upload failed. Check allocation status failed: check_alloc_status_failed: writemarker error response {\"code\":\"latest_write_marker_read_error\",\"error\":\"latest_write_marker_read_error: Error reading the latest write marker for allocation.record not found\"} -\u003cNEWLINE\u003e- with status 400]\n","    utils.go:98: \u001b[31mCommand failed on final attempt [3/3] due to error [exit status 1]. Command String: [] Output: [0 / 2097152    0.00% 720896 / 2097152   34.38% 1179648 / 2097152   56.25% 1769472 / 2097152   84.38%Upload failed. Check allocation status failed: check_alloc_status_failed: writemarker error response {\"code\":\"latest_write_marker_read_error\",\"error\":\"latest_write_marker_read_error: Error reading the latest write marker for allocation.record not found\"} -\u003cNEWLINE\u003e- with status 400]\n","    utils.go:101: \u001b[31mThe verbose output for the command is:\n","    utils.go:105: \u001b[31m0chain-core-sdk [INFO]   2023/11/15 04:18:59.778605 wallet_base.go:331: ******* Wallet SDK Version:v1.10.0-100-gf600e64b ******* (SetLogFile)\n","    utils.go:105: \u001b[31m0box-sdk        [INFO]   2023/11/15 04:18:59.778695 sdk.go:85: ******* Storage SDK Version: v1.10.0-100-gf600e64b *******\n","    utils.go:105: \u001b[31m0chain-core-sdk [INFO]   2023/11/15 04:18:59.802245 transaction_base.go:143: ******* Wallet SDK Version:v1.10.0-100-gf600e64b ******* (InitZCNSDK)\n","    utils.go:105: \u001b[31m0box-sdk        [DEBUG]  2023/11/15 04:18:59.812575 networkworker.go:119: Get network result:{\"miners\":[\"https://dev-4.devnet-0chain.net/miner02\",\"https://dev-4.devnet-0chain.net/miner01\",\"https://dev-4.devnet-0chain.net/miner03\"],\"sharders\":[\"https://dev-4.devnet-0chain.net/sharder02\",\"https://dev-4.devnet-0chain.net/sharder01\"]}\n","    utils.go:105: \u001b[31m0box-sdk        [INFO]   2023/11/15 04:18:59.826701 multi_operation_worker.go:116: https://dev-4.devnet-0chain.net/blobber02 connection obj created.\n","    utils.go:105: \u001b[31m0box-sdk        [INFO]   2023/11/15 04:18:59.826712 multi_operation_worker.go:116: https://dev-4.devnet-0chain.net/blobber01 connection obj created.\n","    utils.go:105: \u001b[31m0box-sdk        [INFO]   2023/11/15 04:18:59.834614 multi_operation_worker.go:152: MultiOperation Process start\n","    utils.go:105: \u001b[31m0 / 2097152    0.00% 589824 / 2097152   28.12% 1179648 / 2097152   56.25% 1703936 / 2097152   81.25% 2031616 / 2097152   96.88%0box-sdk        [INFO]   2023/11/15 04:19:00.659116 upload_worker.go:37: UploadOperation Success{name 15 0 Hk9LzPc5gS_test.txt \u003cnil\u003e}\n","    utils.go:105: \u001b[31m0box-sdk        [INFO]   2023/11/15 04:19:00.659164 multi_operation_worker.go:215: Trying to lock write marker.....\n","    utils.go:105: \u001b[31m0box-sdk        [INFO]   2023/11/15 04:19:00.675780 writemarker_mutex.go:317: https://dev-4.devnet-0chain.net/blobber02GFxAC9XHhgihrKg3m5vFdQ locked\n","    utils.go:105: \u001b[31m0box-sdk        [INFO]   2023/11/15 04:19:00.678387 writemarker_mutex.go:317: https://dev-4.devnet-0chain.net/blobber01GFxAC9XHhgihrKg3m5vFdQ locked\n","    utils.go:105: \u001b[31m0box-sdk        [INFO]   2023/11/15 04:19:00.678430 multi_operation_worker.go:221: [writemarkerLocked]19\n","    utils.go:105: \u001b[31m0box-sdk        \u001b[31m[ERROR]  2023/11/15 04:19:00.685752 rollback.go:226: error during getWritemarker{error 26 0  writemarker error response {\"code\":\"latest_write_marker_read_error\",\"error\":\"latest_write_marker_read_error: Error reading the latest write marker for allocation.record not found\"}\n","    utils.go:105: \u001b[31mwith status 400}\u001b[0m\n","    utils.go:105: \u001b[31m0box-sdk        \u001b[31m[ERROR]  2023/11/15 04:19:00.688660 rollback.go:226: error during getWritemarker{error 26 0  writemarker error response {\"code\":\"latest_write_marker_read_error\",\"error\":\"latest_write_marker_read_error: Error reading the latest write marker for allocation.record not found\"}\n","    utils.go:105: \u001b[31m0box-sdk        \u001b[31m[ERROR]  2023/11/15 04:19:00.688691 multi_operation_worker.go:225: Error checking allocation statuscheck_alloc_status_failed: writemarker error response {\"code\":\"latest_write_marker_read_error\",\"error\":\"latest_write_marker_read_error: Error reading the latest write marker for allocation.record not found\"}\n","    utils.go:105: \u001b[31mwith status 400\u001b[0m\n","    utils.go:105: \u001b[31m0box-sdk        [INFO]   2023/11/15 04:19:00.690658 writemarker_mutex.go:128: https://dev-4.devnet-0chain.net/blobber01GFxAC9XHhgihrKg3m5vFdQ unlocked\n","    utils.go:105: \u001b[31m0box-sdk        [INFO]   2023/11/15 04:19:00.693240 writemarker_mutex.go:128: https://dev-4.devnet-0chain.net/blobber02GFxAC9XHhgihrKg3m5vFdQ unlocked\n","    utils.go:105: \u001b[31m0box-sdk        \u001b[31m[ERROR]  2023/11/15 04:19:00.693311 allocation.go:566: Error in multi upload Check allocation status failed: check_alloc_status_failed: writemarker error response {\"code\":\"latest_write_marker_read_error\",\"error\":\"latest_write_marker_read_error: Error reading the latest write marker for allocation.record not found\"}\n","    utils.go:105: \u001b[31mUpload failed. Check allocation status failed: check_alloc_status_failed: writemarker error response {\"code\":\"latest_write_marker_read_error\",\"error\":\"latest_write_marker_read_error: Error reading the latest write marker for allocation.record not found\"}\n","    utils.go:105: \u001b[31mwith status 400\n","    assertions.go:333: \n","        \tError Trace:\t/root/actions-runner4/_work/system_test/system_test/tests/tokenomics_tests/allocation_test.go:112\n","        \t            \t\t\t\t/root/actions-runner4/_work/system_test/system_test/internal/api/util/test/system_test_framework.go:150\n","        \t            \t\t\t\t/usr/local/go/src/runtime/asm_amd64.s:1598\n","        \tError:      \tExpected nil, but got: \u0026exec.ExitError{ProcessState:(*os.ProcessState)(0xc0000981b0), Stderr:[]uint8(nil)}\n","        \tTest:       \tTestAllocationRewards/Create_+_Upload_+_Upgrade_equal_read_price_0.1\n","        \tMessages:   \terror uploading file%!(EXTRA string=0 / 2097152    0.00% 720896 / 2097152   34.38% 1179648 / 2097152   56.25% 1769472 / 2097152   84.38%Upload failed. Check allocation status failed: check_alloc_status_failed: writemarker error response {\"code\":\"latest_write_marker_read_error\",\"error\":\"latest_write_marker_read_error: Error reading the latest write marker for allocation.record not found\"}\n","        \t            \twith status 400)\n","    allocation_test.go:77: Test case [Create + Upload + Upgrade equal read price 0.1] exit at [11-15-2023 04:19:00]\n",""],"Passed":false,"Skipped":false,"TestFileName":"","TestFunctionDetail":{"Line":0,"Col":0}}]},{"FailureIndicator":"failed","SkippedIndicator":"","TestResults":[{"TestName":"TestAllocationRewards/External_Party_Upgrades_Allocation","Package":"github.com/0chain/system_test/tests/tokenomics_tests","ElapsedTime":91.78,"Output":["","    allocation_test.go:244: Test case [External Party Upgrades Allocation] scheduled at [11-15-2023 04:04:20] \n","    system_test_framework.go:149: Test case [External Party Upgrades Allocation] start at [11-15-2023 04:04:20] \n","    wallet.go:45: creating wallet...\n","    wallet.go:24: Executing faucet...\n","    wallet.go:62: faucet output: [No wallet in path  config/TestAllocationRewards-External_Party_Upgrades_Allocation_wallet.json found. Creating wallet... ZCN wallet created!! Execute faucet smart contract success with txn :  4c232140825a16fa946a9a43a66cf3243edf043fa0c1123205b08a414cd76e5a]\n","    allocation.go:134: Creating new allocation...\n","    allocation.go:190: Uploading file...\n","    utils.go:82: \u001b[33mCommand failed on attempt [1/3] due to error [exit status 1]. Output: [0 / 2097152    0.00% 720896 / 2097152   34.38% 1245184 / 2097152   59.38% 1703936 / 2097152   81.25% 2031616 / 2097152   96.88% 2097152 / 2097152  100.00% 0s -\u003cNEWLINE\u003e- Error in file operation: consensus_not_met: Commit failed. Required consensus 2, got 0 -\u003cNEWLINE\u003e- Upload failed. consensus_not_met: Commit failed. Required consensus 2, got 0]\n","    utils.go:82: \u001b[33mCommand failed on attempt [2/3] due to error [exit status 1]. Output: [0 / 2097152    0.00% 589824 / 2097152   28.12% 917504 / 2097152   43.75% 1310720 / 2097152   62.50% 1769472 / 2097152   84.38% 2097152 / 2097152  100.00% 2097152 / 2097152  100.00% 1m1s -\u003cNEWLINE\u003e- Error in file operation: consensus_not_met: Commit failed. Required consensus 2, got 0 -\u003cNEWLINE\u003e- Upload failed. consensus_not_met: Commit failed. Required consensus 2, got 0]\n","    utils.go:98: \u001b[31mCommand failed on final attempt [3/3] due to error [exit status 1]. Command String: [] Output: [0 / 2097152    0.00% 589824 / 2097152   28.12% 983040 / 2097152   46.88% 1310720 / 2097152   62.50% 1703936 / 2097152   81.25% 2031616 / 2097152   96.88% 2097152 / 2097152  100.00% 2097152 / 2097152  100.00% 1m1s -\u003cNEWLINE\u003e- Error in file operation: consensus_not_met: Commit failed. Required consensus 2, got 0 -\u003cNEWLINE\u003e- Upload failed. consensus_not_met: Commit failed. Required consensus 2, got 0]\n","    utils.go:101: \u001b[31mThe verbose output for the command is:\n","    utils.go:105: \u001b[31m0chain-core-sdk [INFO]   2023/11/15 04:07:51.760575 wallet_base.go:331: ******* Wallet SDK Version:v1.10.0-100-gf600e64b ******* (SetLogFile)\n","    utils.go:105: \u001b[31m0box-sdk        [INFO]   2023/11/15 04:07:51.760664 sdk.go:85: ******* Storage SDK Version: v1.10.0-100-gf600e64b *******\n","    utils.go:105: \u001b[31m0chain-core-sdk [INFO]   2023/11/15 04:07:51.784521 transaction_base.go:143: ******* Wallet SDK Version:v1.10.0-100-gf600e64b ******* (InitZCNSDK)\n","    utils.go:105: \u001b[31m0box-sdk        [DEBUG]  2023/11/15 04:07:51.795328 networkworker.go:119: Get network result:{\"miners\":[\"https://dev-4.devnet-0chain.net/miner03\",\"https://dev-4.devnet-0chain.net/miner02\",\"https://dev-4.devnet-0chain.net/miner01\"],\"sharders\":[\"https://dev-4.devnet-0chain.net/sharder02\",\"https://dev-4.devnet-0chain.net/sharder01\"]}\n","    utils.go:105: \u001b[31m0box-sdk        [INFO]   2023/11/15 04:07:51.809538 multi_operation_worker.go:116: https://dev-4.devnet-0chain.net/blobber01 connection obj created.\n","    utils.go:105: \u001b[31m0box-sdk        [INFO]   2023/11/15 04:07:51.809538 multi_operation_worker.go:116: https://dev-4.devnet-0chain.net/blobber02 connection obj created.\n","    utils.go:105: \u001b[31m0box-sdk        [INFO]   2023/11/15 04:07:51.817165 multi_operation_worker.go:152: MultiOperation Process start\n","    utils.go:105: \u001b[31m0 / 2097152    0.00% 393216 / 2097152   18.75% 786432 / 2097152   37.50% 00m03s 1376256 / 2097152   65.62% 00m01s 1835008 / 2097152   87.50%0box-sdk        [INFO]   2023/11/15 04:07:54.165883 upload_worker.go:37: UploadOperation Success{name 15 0 CKuJ1VIB-k_test.txt \u003cnil\u003e}\n","    utils.go:105: \u001b[31m0box-sdk        [INFO]   2023/11/15 04:07:54.165928 multi_operation_worker.go:215: Trying to lock write marker.....\n","    utils.go:105: \u001b[31m0box-sdk        [INFO]   2023/11/15 04:07:54.181231 writemarker_mutex.go:317: https://dev-4.devnet-0chain.net/blobber02AuDim4WkQC3i4WzEmgnKZB locked\n","    utils.go:105: \u001b[31m0box-sdk        [INFO]   2023/11/15 04:07:54.183708 writemarker_mutex.go:317: https://dev-4.devnet-0chain.net/blobber01AuDim4WkQC3i4WzEmgnKZB locked\n","    utils.go:105: \u001b[31m0box-sdk        [INFO]   2023/11/15 04:07:54.183760 multi_operation_worker.go:221: [writemarkerLocked]17\n","    utils.go:105: \u001b[31m0box-sdk        \u001b[31m[ERROR]  2023/11/15 04:07:54.186053 rollback.go:226: error during getWritemarker{error 26 0  writemarker error response {\"code\":\"latest_write_marker_read_error\",\"error\":\"latest_write_marker_read_error: Error reading the latest write marker for allocation.record not found\"}\n","    utils.go:105: \u001b[31mwith status 400}\u001b[0m\n","    utils.go:105: \u001b[31m0box-sdk        [INFO]   2023/11/15 04:07:54.191964 rollback.go:279: versionMap{versionMap 23 0  map[]}\n","    utils.go:105: \u001b[31m0box-sdk        [INFO]   2023/11/15 04:07:54.191998 multi_operation_worker.go:253: [checkAllocStatus]8\n","    utils.go:105: \u001b[31m0box-sdk        [INFO]   2023/11/15 04:07:54.192013 multi_operation_worker.go:276: Commit request sending to blobber https://dev-4.devnet-0chain.net/blobber02\n","    utils.go:105: \u001b[31m0box-sdk        [INFO]   2023/11/15 04:07:54.192045 multi_operation_worker.go:276: Commit request sending to blobber https://dev-4.devnet-0chain.net/blobber01\n","    utils.go:105: \u001b[31m0box-sdk        [INFO]   2023/11/15 04:07:54.192079 commitworker.go:96: received a commit request\n","    utils.go:105: \u001b[31m0box-sdk        [INFO]   2023/11/15 04:07:54.192136 commitworker.go:96: received a commit request\n","    utils.go:105: \u001b[31m0box-sdk        [INFO]   2023/11/15 04:07:54.195918 commitworker.go:232: Committing to blobber.https://dev-4.devnet-0chain.net/blobber01\n","    utils.go:105: \u001b[31m0box-sdk        \u001b[31m[ERROR]  2023/11/15 04:07:54.197570 commitworker.go:122: Ref path response : 400\u001b[0m\n","    utils.go:105: \u001b[31m2097152 / 2097152  100.00% 2097152 / 2097152  100.00%0box-sdk        [INFO]   2023/11/15 04:08:24.189640 writemarker_mutex.go:317: https://dev-4.devnet-0chain.net/blobber01AuDim4WkQC3i4WzEmgnKZB locked\n","    utils.go:105: \u001b[31m0box-sdk        [INFO]   2023/11/15 04:08:24.189694 writemarker_mutex.go:317: https://dev-4.devnet-0chain.net/blobber02AuDim4WkQC3i4WzEmgnKZB locked\n","    utils.go:105: \u001b[31m2097152 / 2097152  100.00% 2097152 / 2097152  100.00%0box-sdk        [INFO]   2023/11/15 04:08:54.194804 writemarker_mutex.go:317: https://dev-4.devnet-0chain.net/blobber01AuDim4WkQC3i4WzEmgnKZB locked\n","    utils.go:105: \u001b[31m0box-sdk        [INFO]   2023/11/15 04:08:54.194910 writemarker_mutex.go:317: https://dev-4.devnet-0chain.net/blobber02AuDim4WkQC3i4WzEmgnKZB locked\n","    utils.go:105: \u001b[31m0box-sdk        \u001b[31m[ERROR]  2023/11/15 04:08:54.196195 commitworker.go:256: Commit: Post \"https://dev-4.devnet-0chain.net/blobber01/v1/connection/commit/61764117d68065429ccfa057e781d6c0aec28737a71a8c7d19c99aa9b90e5ff6\": context deadline exceeded\u001b[0m\n","    utils.go:105: \u001b[31m0box-sdk        [INFO]   2023/11/15 04:08:54.196222 multi_operation_worker.go:281: [commitRequests]60004\n","    utils.go:105: \u001b[31m0box-sdk        [INFO]   2023/11/15 04:08:54.196236 multi_operation_worker.go:290: Commit failedhttps://dev-4.devnet-0chain.net/blobber02400: Reference path error response: Status: 400 - {\"code\":\"latest_write_marker_read_error\",\"error\":\"latest_write_marker_read_error: Error reading the latest write marker for allocation.record not found\"}\n","    utils.go:105: \u001b[31m0box-sdk        [INFO]   2023/11/15 04:08:54.196249 multi_operation_worker.go:290: Commit failedhttps://dev-4.devnet-0chain.net/blobber01Post \"https://dev-4.devnet-0chain.net/blobber01/v1/connection/commit/61764117d68065429ccfa057e781d6c0aec28737a71a8c7d19c99aa9b90e5ff6\": context deadline exceeded\n","    utils.go:105: \u001b[31m2097152 / 2097152  100.00% 1m2s\n","    utils.go:105: \u001b[31mError in file operation: consensus_not_met: Commit failed. Required consensus 2, got 0\n","    utils.go:105: \u001b[31m0box-sdk        [INFO]   2023/11/15 04:08:54.198879 writemarker_mutex.go:128: https://dev-4.devnet-0chain.net/blobber01AuDim4WkQC3i4WzEmgnKZB unlocked\n","    utils.go:105: \u001b[31m0box-sdk        [INFO]   2023/11/15 04:08:54.201501 writemarker_mutex.go:128: https://dev-4.devnet-0chain.net/blobber02AuDim4WkQC3i4WzEmgnKZB unlocked\n","    utils.go:105: \u001b[31m0box-sdk        \u001b[31m[ERROR]  2023/11/15 04:08:54.201527 allocation.go:566: Error in multi upload consensus_not_met: Commit failed. Required consensus 2, got 0\u001b[0m\n","    utils.go:105: \u001b[31mUpload failed. consensus_not_met: Commit failed. Required consensus 2, got 0\n","    assertions.go:333: \n","        \tError Trace:\t/root/actions-runner4/_work/system_test/system_test/tests/tokenomics_tests/allocation_test.go:273\n","        \t            \t\t\t\t/root/actions-runner4/_work/system_test/system_test/internal/api/util/test/system_test_framework.go:150\n","        \t            \t\t\t\t/usr/local/go/src/runtime/asm_amd64.s:1598\n","        \tError:      \tExpected nil, but got: \u0026exec.ExitError{ProcessState:(*os.ProcessState)(0xc000012030), Stderr:[]uint8(nil)}\n","        \tTest:       \tTestAllocationRewards/External_Party_Upgrades_Allocation\n","        \tMessages:   \terror uploading file%!(EXTRA string=0 / 2097152    0.00% 589824 / 2097152   28.12% 983040 / 2097152   46.88% 1310720 / 2097152   62.50% 1703936 / 2097152   81.25% 2031616 / 2097152   96.88% 2097152 / 2097152  100.00% 2097152 / 2097152  100.00% 1m1s\n","        \t            \tError in file operation: consensus_not_met: Commit failed. Required consensus 2, got 0\n","        \t            \tUpload failed. consensus_not_met: Commit failed. Required consensus 2, got 0)\n","    allocation_test.go:244: Test case [External Party Upgrades Allocation] exit at [11-15-2023 04:08:54]\n","","","    allocation_test.go:244: Test case [External Party Upgrades Allocation] scheduled at [11-15-2023 04:15:11] \n","    system_test_framework.go:149: Test case [External Party Upgrades Allocation] start at [11-15-2023 04:15:11] \n","    wallet.go:45: creating wallet...\n","    wallet.go:24: Executing faucet...\n","    wallet.go:62: faucet output: [No wallet in path  config/TestAllocationRewards-External_Party_Upgrades_Allocation_wallet.json found. Creating wallet... ZCN wallet created!! Execute faucet smart contract success with txn :  f3a06d722558eed649c0534068c2b8b570f2a92303cf70332b7a08a02c96b1f6]\n","    allocation.go:134: Creating new allocation...\n","    allocation.go:190: Uploading file...\n","    utils.go:82: \u001b[33mCommand failed on attempt [1/3] due to error [exit status 1]. Output: [0 / 2097152    0.00% 720896 / 2097152   34.38% 1310720 / 2097152   62.50% 1835008 / 2097152   87.50% 2097152 / 2097152  100.00% 0s -\u003cNEWLINE\u003e- Error in file operation: consensus_not_met: Commit failed. Required consensus 2, got 0 -\u003cNEWLINE\u003e- Upload failed. consensus_not_met: Commit failed. Required consensus 2, got 0]\n","    utils.go:82: \u001b[33mCommand failed on attempt [2/3] due to error [exit status 1]. Output: [0 / 2097152    0.00% 720896 / 2097152   34.38% 1310720 / 2097152   62.50% 1835008 / 2097152   87.50%Upload failed. Check allocation status failed: check_alloc_status_failed: writemarker error response {\"code\":\"latest_write_marker_read_error\",\"error\":\"latest_write_marker_read_error: Error reading the latest write marker for allocation.record not found\"} -\u003cNEWLINE\u003e- with status 400]\n","    utils.go:98: \u001b[31mCommand failed on final attempt [3/3] due to error [exit status 1]. Command String: [] Output: [0 / 2097152    0.00% 720896 / 2097152   34.38% 1245184 / 2097152   59.38% 1835008 / 2097152   87.50%Upload failed. Check allocation status failed: check_alloc_status_failed: writemarker error response {\"code\":\"latest_write_marker_read_error\",\"error\":\"latest_write_marker_read_error: Error reading the latest write marker for allocation.record not found\"} -\u003cNEWLINE\u003e- with status 400]\n","    utils.go:101: \u001b[31mThe verbose output for the command is:\n","    utils.go:105: \u001b[31m0chain-core-sdk [INFO]   2023/11/15 04:16:42.404872 wallet_base.go:331: ******* Wallet SDK Version:v1.10.0-100-gf600e64b ******* (SetLogFile)\n","    utils.go:105: \u001b[31m0box-sdk        [INFO]   2023/11/15 04:16:42.404956 sdk.go:85: ******* Storage SDK Version: v1.10.0-100-gf600e64b *******\n","    utils.go:105: \u001b[31m0chain-core-sdk [INFO]   2023/11/15 04:16:42.428426 transaction_base.go:143: ******* Wallet SDK Version:v1.10.0-100-gf600e64b ******* (InitZCNSDK)\n","    utils.go:105: \u001b[31m0box-sdk        [DEBUG]  2023/11/15 04:16:42.438819 networkworker.go:119: Get network result:{\"miners\":[\"https://dev-4.devnet-0chain.net/miner02\",\"https://dev-4.devnet-0chain.net/miner01\",\"https://dev-4.devnet-0chain.net/miner03\"],\"sharders\":[\"https://dev-4.devnet-0chain.net/sharder02\",\"https://dev-4.devnet-0chain.net/sharder01\"]}\n","    utils.go:105: \u001b[31m0box-sdk        [INFO]   2023/11/15 04:16:42.449472 multi_operation_worker.go:116: https://dev-4.devnet-0chain.net/blobber01 connection obj created.\n","    utils.go:105: \u001b[31m0box-sdk        [INFO]   2023/11/15 04:16:42.453378 multi_operation_worker.go:116: https://dev-4.devnet-0chain.net/blobber02 connection obj created.\n","    utils.go:105: \u001b[31m0box-sdk        [INFO]   2023/11/15 04:16:42.461325 multi_operation_worker.go:152: MultiOperation Process start\n","    utils.go:105: \u001b[31m0 / 2097152    0.00% 720896 / 2097152   34.38% 1179648 / 2097152   56.25% 1769472 / 2097152   84.38% 2031616 / 2097152   96.88%0box-sdk        [INFO]   2023/11/15 04:16:43.301785 upload_worker.go:37: UploadOperation Success{name 15 0 7jI02r8Di7_test.txt \u003cnil\u003e}\n","    utils.go:105: \u001b[31m0box-sdk        [INFO]   2023/11/15 04:16:43.301830 multi_operation_worker.go:215: Trying to lock write marker.....\n","    utils.go:105: \u001b[31m0box-sdk        [INFO]   2023/11/15 04:16:43.318301 writemarker_mutex.go:317: https://dev-4.devnet-0chain.net/blobber02zFdXh9otVkubFCNjnTi3QC locked\n","    utils.go:105: \u001b[31m0box-sdk        [INFO]   2023/11/15 04:16:43.321549 writemarker_mutex.go:317: https://dev-4.devnet-0chain.net/blobber01zFdXh9otVkubFCNjnTi3QC locked\n","    utils.go:105: \u001b[31m0box-sdk        [INFO]   2023/11/15 04:16:43.321603 multi_operation_worker.go:221: [writemarkerLocked]19\n","    utils.go:105: \u001b[31m0box-sdk        \u001b[31m[ERROR]  2023/11/15 04:16:43.324375 rollback.go:226: error during getWritemarker{error 26 0  writemarker error response {\"code\":\"latest_write_marker_read_error\",\"error\":\"latest_write_marker_read_error: Error reading the latest write marker for allocation.record not found\"}\n","    utils.go:105: \u001b[31mwith status 400}\u001b[0m\n","    utils.go:105: \u001b[31m0box-sdk        \u001b[31m[ERROR]  2023/11/15 04:16:43.329613 rollback.go:226: error during getWritemarker{error 26 0  writemarker error response {\"code\":\"latest_write_marker_read_error\",\"error\":\"latest_write_marker_read_error: Error reading the latest write marker for allocation.record not found\"}\n","    utils.go:105: \u001b[31m0box-sdk        \u001b[31m[ERROR]  2023/11/15 04:16:43.329651 multi_operation_worker.go:225: Error checking allocation statuscheck_alloc_status_failed: writemarker error response {\"code\":\"latest_write_marker_read_error\",\"error\":\"latest_write_marker_read_error: Error reading the latest write marker for allocation.record not found\"}\n","    utils.go:105: \u001b[31mwith status 400\u001b[0m\n","    utils.go:105: \u001b[31m0box-sdk        [INFO]   2023/11/15 04:16:43.332043 writemarker_mutex.go:128: https://dev-4.devnet-0chain.net/blobber01zFdXh9otVkubFCNjnTi3QC unlocked\n","    utils.go:105: \u001b[31m0box-sdk        [INFO]   2023/11/15 04:16:43.334039 writemarker_mutex.go:128: https://dev-4.devnet-0chain.net/blobber02zFdXh9otVkubFCNjnTi3QC unlocked\n","    utils.go:105: \u001b[31m0box-sdk        \u001b[31m[ERROR]  2023/11/15 04:16:43.334067 allocation.go:566: Error in multi upload Check allocation status failed: check_alloc_status_failed: writemarker error response {\"code\":\"latest_write_marker_read_error\",\"error\":\"latest_write_marker_read_error: Error reading the latest write marker for allocation.record not found\"}\n","    utils.go:105: \u001b[31mUpload failed. Check allocation status failed: check_alloc_status_failed: writemarker error response {\"code\":\"latest_write_marker_read_error\",\"error\":\"latest_write_marker_read_error: Error reading the latest write marker for allocation.record not found\"}\n","    utils.go:105: \u001b[31mwith status 400\n","    assertions.go:333: \n","        \tError Trace:\t/root/actions-runner4/_work/system_test/system_test/tests/tokenomics_tests/allocation_test.go:273\n","        \t            \t\t\t\t/root/actions-runner4/_work/system_test/system_test/internal/api/util/test/system_test_framework.go:150\n","        \t            \t\t\t\t/usr/local/go/src/runtime/asm_amd64.s:1598\n","        \tError:      \tExpected nil, but got: \u0026exec.ExitError{ProcessState:(*os.ProcessState)(0xc000012150), Stderr:[]uint8(nil)}\n","        \tTest:       \tTestAllocationRewards/External_Party_Upgrades_Allocation\n","        \tMessages:   \terror uploading file%!(EXTRA string=0 / 2097152    0.00% 720896 / 2097152   34.38% 1245184 / 2097152   59.38% 1835008 / 2097152   87.50%Upload failed. Check allocation status failed: check_alloc_status_failed: writemarker error response {\"code\":\"latest_write_marker_read_error\",\"error\":\"latest_write_marker_read_error: Error reading the latest write marker for allocation.record not found\"}\n","        \t            \twith status 400)\n","    allocation_test.go:244: Test case [External Party Upgrades Allocation] exit at [11-15-2023 04:16:43]\n","","","    allocation_test.go:244: Test case [External Party Upgrades Allocation] scheduled at [11-15-2023 04:22:04] \n","    system_test_framework.go:149: Test case [External Party Upgrades Allocation] start at [11-15-2023 04:22:04] \n","    wallet.go:45: creating wallet...\n","    wallet.go:24: Executing faucet...\n","    wallet.go:62: faucet output: [No wallet in path  config/TestAllocationRewards-External_Party_Upgrades_Allocation_wallet.json found. Creating wallet... ZCN wallet created!! Execute faucet smart contract success with txn :  1e15428986f514759f08bd7b1f390597bbbb0034ed55da43545ba20fc1fee87e]\n","    allocation.go:134: Creating new allocation...\n","    allocation.go:190: Uploading file...\n","    utils.go:82: \u001b[33mCommand failed on attempt [1/3] due to error [exit status 1]. Output: [0 / 2097152    0.00% 720896 / 2097152   34.38% 1310720 / 2097152   62.50% 1835008 / 2097152   87.50% 2097152 / 2097152  100.00% 0s -\u003cNEWLINE\u003e- Error in file operation: consensus_not_met: Commit failed. Required consensus 2, got 0 -\u003cNEWLINE\u003e- Upload failed. consensus_not_met: Commit failed. Required consensus 2, got 0]\n","    utils.go:82: \u001b[33mCommand failed on attempt [2/3] due to error [exit status 1]. Output: [0 / 2097152    0.00% 655360 / 2097152   31.25% 1245184 / 2097152   59.38% 1835008 / 2097152   87.50%Upload failed. Check allocation status failed: check_alloc_status_failed: writemarker error response {\"code\":\"latest_write_marker_read_error\",\"error\":\"latest_write_marker_read_error: Error reading the latest write marker for allocation.record not found\"} -\u003cNEWLINE\u003e- with status 400]\n","    utils.go:98: \u001b[31mCommand failed on final attempt [3/3] due to error [exit status 1]. Command String: [] Output: [0 / 2097152    0.00% 720896 / 2097152   34.38% 1310720 / 2097152   62.50% 1835008 / 2097152   87.50% 2097152 / 2097152  100.00%Upload failed. Check allocation status failed: check_alloc_status_failed: writemarker error response {\"code\":\"latest_write_marker_read_error\",\"error\":\"latest_write_marker_read_error: Error reading the latest write marker for allocation.record not found\"} -\u003cNEWLINE\u003e- with status 400]\n","    utils.go:101: \u001b[31mThe verbose output for the command is:\n","    utils.go:105: \u001b[31m0chain-core-sdk [INFO]   2023/11/15 04:23:34.977915 wallet_base.go:331: ******* Wallet SDK Version:v1.10.0-100-gf600e64b ******* (SetLogFile)\n","    utils.go:105: \u001b[31m0box-sdk        [INFO]   2023/11/15 04:23:34.978006 sdk.go:85: ******* Storage SDK Version: v1.10.0-100-gf600e64b *******\n","    utils.go:105: \u001b[31m0chain-core-sdk [INFO]   2023/11/15 04:23:35.001714 transaction_base.go:143: ******* Wallet SDK Version:v1.10.0-100-gf600e64b ******* (InitZCNSDK)\n","    utils.go:105: \u001b[31m0box-sdk        [DEBUG]  2023/11/15 04:23:35.016909 networkworker.go:119: Get network result:{\"miners\":[\"https://dev-4.devnet-0chain.net/miner02\",\"https://dev-4.devnet-0chain.net/miner01\",\"https://dev-4.devnet-0chain.net/miner03\"],\"sharders\":[\"https://dev-4.devnet-0chain.net/sharder01\",\"https://dev-4.devnet-0chain.net/sharder02\"]}\n","    utils.go:105: \u001b[31m0box-sdk        [INFO]   2023/11/15 04:23:35.030321 multi_operation_worker.go:116: https://dev-4.devnet-0chain.net/blobber02 connection obj created.\n","    utils.go:105: \u001b[31m0box-sdk        [INFO]   2023/11/15 04:23:35.030323 multi_operation_worker.go:116: https://dev-4.devnet-0chain.net/blobber01 connection obj created.\n","    utils.go:105: \u001b[31m0box-sdk        [INFO]   2023/11/15 04:23:35.038051 multi_operation_worker.go:152: MultiOperation Process start\n","    utils.go:105: \u001b[31m0 / 2097152    0.00% 589824 / 2097152   28.12% 1179648 / 2097152   56.25% 1769472 / 2097152   84.38%0box-sdk        [INFO]   2023/11/15 04:23:35.836244 upload_worker.go:37: UploadOperation Success{name 15 0 3yyYyYzmj6_test.txt \u003cnil\u003e}\n","    utils.go:105: \u001b[31m0box-sdk        [INFO]   2023/11/15 04:23:35.836293 multi_operation_worker.go:215: Trying to lock write marker.....\n","    utils.go:105: \u001b[31m2097152 / 2097152  100.00%0box-sdk        [INFO]   2023/11/15 04:23:35.853305 writemarker_mutex.go:317: https://dev-4.devnet-0chain.net/blobber02JpVBqki8UBRqsv4Gt7gq68 locked\n","    utils.go:105: \u001b[31m0box-sdk        [INFO]   2023/11/15 04:23:35.856427 writemarker_mutex.go:317: https://dev-4.devnet-0chain.net/blobber01JpVBqki8UBRqsv4Gt7gq68 locked\n","    utils.go:105: \u001b[31m0box-sdk        [INFO]   2023/11/15 04:23:35.856454 multi_operation_worker.go:221: [writemarkerLocked]20\n","    utils.go:105: \u001b[31m0box-sdk        \u001b[31m[ERROR]  2023/11/15 04:23:35.858912 rollback.go:226: error during getWritemarker{error 26 0  writemarker error response {\"code\":\"latest_write_marker_read_error\",\"error\":\"latest_write_marker_read_error: Error reading the latest write marker for allocation.record not found\"}\n","    utils.go:105: \u001b[31mwith status 400}\u001b[0m\n","    utils.go:105: \u001b[31m0box-sdk        \u001b[31m[ERROR]  2023/11/15 04:23:35.864277 rollback.go:226: error during getWritemarker{error 26 0  writemarker error response {\"code\":\"latest_write_marker_read_error\",\"error\":\"latest_write_marker_read_error: Error reading the latest write marker for allocation.record not found\"}\n","    utils.go:105: \u001b[31m0box-sdk        \u001b[31m[ERROR]  2023/11/15 04:23:35.864617 multi_operation_worker.go:225: Error checking allocation statuscheck_alloc_status_failed: writemarker error response {\"code\":\"latest_write_marker_read_error\",\"error\":\"latest_write_marker_read_error: Error reading the latest write marker for allocation.record not found\"}\n","    utils.go:105: \u001b[31mwith status 400\u001b[0m\n","    utils.go:105: \u001b[31m0box-sdk        [INFO]   2023/11/15 04:23:35.867038 writemarker_mutex.go:128: https://dev-4.devnet-0chain.net/blobber01JpVBqki8UBRqsv4Gt7gq68 unlocked\n","    utils.go:105: \u001b[31m0box-sdk        [INFO]   2023/11/15 04:23:35.869410 writemarker_mutex.go:128: https://dev-4.devnet-0chain.net/blobber02JpVBqki8UBRqsv4Gt7gq68 unlocked\n","    utils.go:105: \u001b[31m0box-sdk        \u001b[31m[ERROR]  2023/11/15 04:23:35.869490 allocation.go:566: Error in multi upload Check allocation status failed: check_alloc_status_failed: writemarker error response {\"code\":\"latest_write_marker_read_error\",\"error\":\"latest_write_marker_read_error: Error reading the latest write marker for allocation.record not found\"}\n","    utils.go:105: \u001b[31mUpload failed. Check allocation status failed: check_alloc_status_failed: writemarker error response {\"code\":\"latest_write_marker_read_error\",\"error\":\"latest_write_marker_read_error: Error reading the latest write marker for allocation.record not found\"}\n","    utils.go:105: \u001b[31mwith status 400\n","    assertions.go:333: \n","        \tError Trace:\t/root/actions-runner4/_work/system_test/system_test/tests/tokenomics_tests/allocation_test.go:273\n","        \t            \t\t\t\t/root/actions-runner4/_work/system_test/system_test/internal/api/util/test/system_test_framework.go:150\n","        \t            \t\t\t\t/usr/local/go/src/runtime/asm_amd64.s:1598\n","        \tError:      \tExpected nil, but got: \u0026exec.ExitError{ProcessState:(*os.ProcessState)(0xc000590000), Stderr:[]uint8(nil)}\n","        \tTest:       \tTestAllocationRewards/External_Party_Upgrades_Allocation\n","        \tMessages:   \terror uploading file%!(EXTRA string=0 / 2097152    0.00% 720896 / 2097152   34.38% 1310720 / 2097152   62.50% 1835008 / 2097152   87.50% 2097152 / 2097152  100.00%Upload failed. Check allocation status failed: check_alloc_status_failed: writemarker error response {\"code\":\"latest_write_marker_read_error\",\"error\":\"latest_write_marker_read_error: Error reading the latest write marker for allocation.record not found\"}\n","        \t            \twith status 400)\n","    allocation_test.go:244: Test case [External Party Upgrades Allocation] exit at [11-15-2023 04:23:35]\n",""],"Passed":false,"Skipped":false,"TestFileName":"","TestFunctionDetail":{"Line":0,"Col":0}}]}]

    const report = window.GoTestReport({
                                         data: data,
                                         testResultsElem: document.getElementById('testResults'),
                                         testGroupListElem: document.getElementById('testGroupList')
                                       });


</script>
</body>
</html>
