<!DOCTYPE html>
<html lang="en">
<head>
    <meta charset="UTF-8">
    <title>0Chain Flaky system test suite [test_modify-num-delegates/40a3d858] ran against [dev-5.devnet-0chain.net] at [2022-04-21_08.21.43]</title>
    <style type="text/css">
        body {
            font-family: sans-serif;
            background-color: #f3f3f3;
            border-top: 2px #dee6e8 solid;
            margin: 0;
        }

        div.pageHeader span.projectTitle {
            font-family: serif;
            font-size: 2em;
            padding-left: 56px;
            padding-top: 80px;
            display: block;
            color: #a5a5a5;
            text-shadow: 0 -1px 1px white;
        }

        div.pageHeader div.testStats {
            position: absolute;
            top: 7px;
            right: 52px;
            font-size: 0.8em;
            color: #a2a2a2;
        }

        div.pageHeader div.testStats span.indicator {
            font-size: 2em;
            position: relative;
            top: 5px;
            text-shadow: 0 1px 0 white;
        }

        div.pageHeader div.testStats span strong {
            margin-right: 16px;
        }

        div.pageHeader div.testStats span.total {
            border-right: 1px #afafaf dotted;
            background: #8298af;
        }

        div.pageHeader div.testStats span.passed {
            border-right: 1px #afafaf dotted;
            background: #6fca83;
        }

        div.pageHeader div.testStats span.skipped {
            background: #bababa;
        }

        div.pageHeader div.testStats span.failed {
            background: #ff7676;
        }

        div.pageHeader div.testStats span {
            margin-right: 1px;
            height: 55px;
            padding: 20px 8px 18px;
            color: white;
        }

        div.pageHeader .testGroupsTitle {
            margin: 16px 32px 8px 40px;
            font-size: 0.9em;
            color: darkgrey;
            display: inline-block;
        }

        div.pageHeader .testExecutionDate {
            display: inline-block;
            position: absolute;
            right: 10px;
            margin: 14px 32px 8px 40px;
            color: #9e9e9e;
            font-size: 0.9em;
        }

        .testReportContainer {
            padding: 0 32px 32px 32px;
        }

        .cardContainer {
            padding: 16px 16px 16px;
            box-shadow: 0 4px 4px #d4d4d4;
            background-color: white;
        }

        #testResults {
            display: flex;
            flex-wrap: wrap;
        }

        .testResultGroup {
            width: 24px;
            height: 24px;
            background-color: #43c143;
            margin-left: 1px;
            margin-bottom: 1px;
            box-sizing: border-box;
        }

        .testResultGroup.selected {
            border: 1px white solid;
            background-color: black !important;
        }

        .testResultGroup.skipped {
            border: 2px gray solid;
        }

        .testResultGroup.failed {
            background-color: red;
        }

        .cardContainer.testGroupList,
        .cardContainer.testDetail {
            margin-top: 16px;
            padding: 16px;
        }

        .cardContainer.testGroupList {
            color: #9c9c9c;
            padding: 0;
        }

        .cardContainer.testGroupList .testGroupRow {
            cursor: default;
            border-bottom: 1px #dadada dotted;
        }

        .cardContainer.testGroupList .testGroupRow span.testStatus {
            font-size: 1.2em;
            font-weight: bold;
            color: #139e13;
            pointer-events: none;
            display: inline-block;
            overflow: hidden;
            float: left;
            padding-top: 10px;
            padding-left: 20px;
            padding-right: 12px;
        }

        .cardContainer.testGroupList .testGroupRow span.testStatus.skipped {
            color: gray;
        }

        .cardContainer.testGroupList .testGroupRow span.testStatus.failed {
            color: red;
        }

        .cardContainer.testGroupList .testGroupRow span.testTitle {
            font-size: 0.9em;
            padding: 12px 0 10px;
            display: inline-block;
            pointer-events: none;
            color: #525252;
            text-overflow: ellipsis;
            overflow: hidden;
            width: calc(100% - 110px);
        }

        .cardContainer.testGroupList .testGroupRow span.testDuration {
            pointer-events: none;
        }

        .cardContainer.testGroupList .testGroupRow {
            position: relative;
            border-left: 4px #43c143 solid;
        }

        .cardContainer.testGroupList .testGroupRow.skipped {
            color: gray;
            border-left: 4px gray solid;
        }

        .cardContainer.testGroupList .testGroupRow.failed {
            color: red;
            border-left: 4px red solid;
        }

        .cardContainer.testGroupList .testGroupRow:hover {
            background-color: #fffaea;
            transition: 0.250s;
        }

        .cardContainer .testOutput {
            padding: 8px 16px 24px 16px;
        }

        .cardContainer .console {
            display: block;
            font-family: monospace;
            padding: 10px;
            background-color: #424242;
            color: #1aff00;
            border-bottom: 1px #1aff00 dotted;
            overflow: auto;
            font-size: 1.1em;
        }

        .cardContainer .testOutput .testDetail {
            border-bottom: 1px #d0d0d0 solid;
            padding: 16px;
            background-color: #e6e6e6;
            border-radius: 0 0 4px 4px;
            color: dimgrey;
            font-size: 0.8em;
        }

        .cardContainer .console.skipped{
            color: #d9d9d9;
        }

        .cardContainer .console.failed {
            color: #ffb2b2;
        }

        .cardContainer .testDuration {
            position: absolute;
            top: 5px;
            right: 8px;
            text-align: right;
            padding-right: 8px;
            box-sizing: border-box;
        }
    </style>
</head>
<body>
<div class="pageHeader">
    <span class="projectTitle">0Chain Flaky system test suite [test_modify-num-delegates/40a3d858] ran against [dev-5.devnet-0chain.net] at [2022-04-21_08.21.43]</span>
    <div class="testStats">
        <span class="total"><span class="indicator">&boxbox;</span> Total: <strong>25</strong>Duration: <strong>3ms</strong>
        </span><span class="passed"><span class="indicator">&check;</span> Passed: <strong>11</strong>
        </span><span class="skipped"><span class="indicator">&dash;</span> Skipped: <strong>0</strong>
        </span><span class="failed"><span class="indicator">&cross;</span> Failed: <strong>14</strong>
        </span>
    </div>
    <span class="testGroupsTitle">Test Groups:</span>
    <span class="testExecutionDate">April 21, 2022 09:15:24</span>
</div>
<div class="testReportContainer">
    <div class="cardContainer">
        <div id="testResults">
            
                <div class="testResultGroup failed " id="0"></div>
            
                <div class="testResultGroup failed " id="1"></div>
            
                <div class="testResultGroup failed " id="2"></div>
            
                <div class="testResultGroup failed " id="3"></div>
            
                <div class="testResultGroup failed " id="4"></div>
            
                <div class="testResultGroup failed " id="5"></div>
            
                <div class="testResultGroup failed " id="6"></div>
            
                <div class="testResultGroup failed " id="7"></div>
            
                <div class="testResultGroup  " id="8"></div>
            
                <div class="testResultGroup  " id="9"></div>
            
                <div class="testResultGroup  " id="10"></div>
            
                <div class="testResultGroup failed " id="11"></div>
            
                <div class="testResultGroup  " id="12"></div>
            
                <div class="testResultGroup  " id="13"></div>
            
                <div class="testResultGroup  " id="14"></div>
            
                <div class="testResultGroup  " id="15"></div>
            
                <div class="testResultGroup  " id="16"></div>
            
                <div class="testResultGroup  " id="17"></div>
            
                <div class="testResultGroup  " id="18"></div>
            
                <div class="testResultGroup failed " id="19"></div>
            
                <div class="testResultGroup failed " id="20"></div>
            
                <div class="testResultGroup failed " id="21"></div>
            
                <div class="testResultGroup failed " id="22"></div>
            
                <div class="testResultGroup failed " id="23"></div>
            
                <div class="testResultGroup  " id="24"></div>
            
        </div>
    </div>
    <div class="cardContainer testGroupList" id="testGroupList"></div>
</div>
<script type="application/javascript">
    /**
 * @typedef TestStatus
 * @property {string} TestName
 * @property {string} Package
 * @property {number} ElapsedTime
 * @property {Array.<string>} Output
 * @property {boolean} Passed
 * @property {boolean} Skipped
 */
class TestStatus {}

/**
 * @typedef TestGroupData
 * @type {object}
 * @property {string} FailureIndicator
 * @property {string} SkippedIndicator
 * @property {Array.<TestStatus>}
 */
class TestGroupData {}

/**
 * @typedef TestResults
 * @type {Array.<TestGroupData>}
 */
class TestResults extends Array {}

/**
 * @typedef SelectedItems
 * @property {HTMLElement|EventTarget} testResults
 * @property {String} selectedTestGroupColor
 */
class SelectedItems {}

/**
 * @typedef GoTestReportElements
 * @property {TestResults} data
 * @property {HTMLElement} testResultsElem
 * @property {HTMLElement} testGroupListElem
 */
class GoTestReportElements {}


/**
 * Main entry point for GoTestReport.
 * @param {GoTestReportElements} elements
 * @returns {{testResultsClickHandler: testResultsClickHandler}}
 * @constructor
 */
window.GoTestReport = function (elements) {
  const /**@type {SelectedItems}*/ selectedItems = {
    testResults: null,
    selectedTestGroupColor: null
  }

  function addEventData(event) {
    if (event.data == null) {
      event.data = {target: event.target}
    }
    return event
  }


  const goTestReport = {
    /**
     * Invoked when a user clicks on one of the test group div elements.
     * @param {HTMLElement} target The element associated with the test group.
     * @param {boolean} shiftKey If pressed, all of test detail associated to the test group is shown.
     * @param {TestResults} data
     * @param {SelectedItems} selectedItems
     * @param {function(target: Element, data: TestResults)} testGroupListHandler
     */
    testResultsClickHandler: function (target,
                                       shiftKey,
                                       data,
                                       selectedItems,
                                       testGroupListHandler) {

      if (target.classList.contains('testResultGroup') === false) {
        return
      }
      if (selectedItems.testResults != null) {
        let testResultsElement = /**@type {HTMLElement}*/ selectedItems.testResults
        testResultsElement.classList.remove("selected")
        testResultsElement.style.backgroundColor = selectedItems.selectedTestGroupColor
      }
      const testGroupId = /**@type {number}*/ target.id
      if ((target.id === undefined)
        || (data[testGroupId] === undefined)
        || (data[testGroupId]['TestResults'] === undefined)) {
        return
      }
      const testResults = /**@type {TestResults}*/ data[testGroupId]['TestResults']
      let testGroupList = /**@type {string}*/ ''
      selectedItems.selectedTestGroupColor = getComputedStyle(target).getPropertyValue('background-color')
      selectedItems.testResults = target
      target.classList.add("selected")
      for (let i = 0; i < testResults.length; i++) {
        const testResult = /**@type {TestGroupData}*/ testResults[i]
        const testPassed = /**@type {boolean}*/ testResult.Passed
        const testSkipped = /**@type {boolean}*/ testResult.Skipped
        const testPassedStatus = /**@type {string}*/ (testPassed) ? '' : (testSkipped ? 'skipped' : 'failed')
        const testId = /**@type {string}*/ target.attributes['id'].value
        testGroupList += `<div class="testGroupRow ${testPassedStatus}" data-groupid="${testId}" data-index="${i}">
        <span class="testStatus ${testPassedStatus}">${(testPassed) ? '&check' : (testSkipped ? '&dash' : '&cross')};</span>
        <span class="testTitle">${testResult.TestName}</span>
        <span class="testDuration"><span>${testResult.ElapsedTime}s </span>‚è±</span>
      </div>`
      }
      const testGroupListElem = elements.testGroupListElem
      testGroupListElem.innerHTML = ''
      testGroupListElem.innerHTML = testGroupList

      if (shiftKey) {
        testGroupListElem.querySelectorAll('.testGroupRow')
                         .forEach((elem) => testGroupListHandler(elem, data))
      } else if (testResults.length === 1) {
        testGroupListHandler(testGroupListElem.querySelector('.testGroupRow'), data)
      }
    },

    /**
     *
     * @param {Element} target
     * @param {TestResults} data
     */
    testGroupListHandler: function (target, data) {
      const attribs = target['attributes']
      if (attribs.hasOwnProperty('data-groupid')) {
        const groupId = /**@type {number}*/ attribs['data-groupid'].value
        const testIndex = /**@type {number}*/ attribs['data-index'].value
        const testStatus = /**@type {TestStatus}*/ data[groupId]['TestResults'][testIndex]
        const testOutputDiv = /**@type {HTMLDivElement}*/ target.querySelector('div.testOutput')

        if (testOutputDiv == null) {
          const testOutputDiv = document.createElement('div')
          testOutputDiv.classList.add('testOutput')
          const consolePre = document.createElement('pre')
          consolePre.classList.add('console')
          const testDetailDiv = document.createElement('div')
          testDetailDiv.classList.add('testDetail')
          const packageNameDiv = document.createElement('div')
          packageNameDiv.classList.add('package')
          packageNameDiv.innerHTML = `<strong>Package:</strong> ${testStatus.Package}`
          const testFileNameDiv = document.createElement('div')
          testFileNameDiv.classList.add('filename')
          if (testStatus.TestFileName.trim() === "") {
            testFileNameDiv.innerHTML = `<strong>Filename:</strong> n/a &nbsp;&nbsp;`
          } else {
            testFileNameDiv.innerHTML = `<strong>Filename:</strong> ${testStatus.TestFileName} &nbsp;&nbsp;`
            testFileNameDiv.innerHTML += `<strong>Line:</strong> ${testStatus.TestFunctionDetail.Line} `
            testFileNameDiv.innerHTML += `<strong>Col:</strong> ${testStatus.TestFunctionDetail.Col}`
          }
          testDetailDiv.insertAdjacentElement('beforeend', packageNameDiv)
          testDetailDiv.insertAdjacentElement('beforeend', testFileNameDiv)
          testOutputDiv.insertAdjacentElement('afterbegin', consolePre)
          testOutputDiv.insertAdjacentElement('beforeend', testDetailDiv)
          target.insertAdjacentElement('beforeend', testOutputDiv)

          if (testStatus.Passed) {
            consolePre.classList.remove('skipped')
            consolePre.classList.remove('failed')
          } else if (testStatus.Skipped) {
            consolePre.classList.add('skipped')
            consolePre.classList.remove('failed')
          } else {
            consolePre.classList.remove('skipped')
            consolePre.classList.add('failed')
          }
          consolePre.textContent = testStatus.Output.join('')
        } else {
          testOutputDiv.remove()
        }
      }
    }
  }

  //+------------------------+
  //|    setup DOM events    |
  //+------------------------+
  elements.testResultsElem
          .addEventListener('click', event =>
            goTestReport.testResultsClickHandler(/**@type {HTMLElement}*/ addEventData(event).data.target,
                                                 event.shiftKey,
                                                 elements.data,
                                                 selectedItems,
                                                 goTestReport.testGroupListHandler))

  elements.testGroupListElem
          .addEventListener('click', event =>
            goTestReport.testGroupListHandler(/**@type {Element}*/ event.target,
                                              elements.data))

  return goTestReport
}


    

    const data = [{"FailureIndicator":"failed","SkippedIndicator":"","TestResults":[{"TestName":"Test___FlakyBrokenScenarios","Package":"github.com/0chain/system_test/tests/cli_tests","ElapsedTime":0,"Output":["","","",""],"Passed":false,"Skipped":false,"TestFileName":"flaky___broken_scenarios_test.go","TestFunctionDetail":{"Line":27,"Col":1}}]},{"FailureIndicator":"failed","SkippedIndicator":"","TestResults":[{"TestName":"Test___FlakyBrokenScenarios/Add_Collaborator___file_owner_must_pay_for_collaborators'_reads","Package":"github.com/0chain/system_test/tests/cli_tests","ElapsedTime":300.52,"Output":["","","","","    zwalletcli_register_wallet_test.go:91: Registering wallet...\n","","    zwalletcli_register_wallet_test.go:111: Getting wallet...\n","","    zwalletcli_register_wallet_test.go:91: Registering wallet...\n","","    zboxcli_update_allocation_test.go:559: Executing faucet...\n","","    utils.go:62: \u001b[33mCommand failed on attempt [1/3] due to error [exit status 1]. Output: [Execute faucet smart contract failed. {\"error\": \"verify transaction failed\"}]\n","    utils.go:58: \u001b[32mCommand passed on retry [2/3]. Output: [Execute faucet smart contract success with txn :  70d590347e11fc42ed4eec6552c9dc8dae43f8578495ee140911ce60a8aaa794]\n","    zboxcli_create_allocation_test.go:262: Creating new allocation...\n","    zboxcli_upload_test.go:798: Uploading file...\n","","    zboxcli_download_token_test.go:269: Getting download cost...\n","    zboxcli_collaborator_system_test.go:809: Adding collaborator...\n","","    utils.go:133: Waiting 5s...\n","","    zboxcli_file_meta_test.go:408: Getting file metadata...\n","    zboxcli_download_token_test.go:255: Locking read tokens...\n","","    utils.go:62: \u001b[33mCommand failed on attempt [1/3] due to error [exit status 1]. Output: [Failed to lock tokens in read pool: [txn] too less sharders to confirm it: min_confirmation is 50%, but got 0/2 sharders -\u003cNEWLINE\u003e- https://dev-5.devnet-0chain.net/sharder02/v1/transaction/get/confirmation?hash=bc16ff55c59ce6bb4b69ff0f096c4fb1d47c9ecfe40b668a80529623207e4cf3: [400] {\"code\":\"entity_not_found\",\"error\":\"entity_not_found: txn_summary not found with id = bc16ff55c59ce6bb4b69ff0f096c4fb1d47c9ecfe40b668a80529623207e4cf3\"} -\u003cNEWLINE\u003e- https://dev-5.devnet-0chain.net/sharder01/v1/transaction/get/confirmation?hash=bc16ff55c59ce6bb4b69ff0f096c4fb1d47c9ecfe40b668a80529623207e4cf3: [400] {\"code\":\"entity_not_found\",\"error\":\"entity_not_found: txn_summary not found with id = bc16ff55c59ce6bb4b69ff0f096c4fb1d47c9ecfe40b668a80529623207e4cf3\"}]\n","","    utils.go:62: \u001b[33mCommand failed on attempt [2/3] due to error [exit status 1]. Output: [Failed to lock tokens in read pool: [txn] too less sharders to confirm it: min_confirmation is 50%, but got 0/2 sharders -\u003cNEWLINE\u003e- https://dev-5.devnet-0chain.net/sharder02/v1/transaction/get/confirmation?hash=780e59d03b4e070998d0fb43e9a09b283ab7d2b6b49dc21a5b2632b03ca2a87e: [400] {\"code\":\"entity_not_found\",\"error\":\"entity_not_found: txn_summary not found with id = 780e59d03b4e070998d0fb43e9a09b283ab7d2b6b49dc21a5b2632b03ca2a87e\"} -\u003cNEWLINE\u003e- https://dev-5.devnet-0chain.net/sharder01/v1/transaction/get/confirmation?hash=780e59d03b4e070998d0fb43e9a09b283ab7d2b6b49dc21a5b2632b03ca2a87e: [400] {\"code\":\"entity_not_found\",\"error\":\"entity_not_found: txn_summary not found with id = 780e59d03b4e070998d0fb43e9a09b283ab7d2b6b49dc21a5b2632b03ca2a87e\"}]\n","    utils.go:58: \u001b[32mCommand passed on retry [3/3]. Output: [locked]\n","    utils.go:133: Waiting 30s...\n","","    zboxcli_download_token_test.go:246: Getting read pool info...\n","    utils.go:133: Waiting 15s...\n","    zboxcli_download_test.go:1448: Downloading file...\n","    utils.go:133: Waiting 5s...\n","    utils.go:133: Waiting 30s...\n","    zboxcli_download_token_test.go:246: Getting read pool info...\n","    flaky___broken_scenarios_test.go:418: \n","        \tError Trace:\tflaky___broken_scenarios_test.go:418\n","        \tError:      \tRelative error is too high: 1e-06 (expected)\n","        \t            \t        \u003c 0.00037889631990777425 (actual)\n","        \tTest:       \tTest___FlakyBrokenScenarios/Add_Collaborator___file_owner_must_pay_for_collaborators'_reads\n","        \tMessages:   \tRead Pool balance must be equal to (initial balace-download cost)\n","    zboxcli_cancel_allocation_test.go:106: Canceling allocation...\n",""],"Passed":false,"Skipped":false,"TestFileName":"","TestFunctionDetail":{"Line":0,"Col":0}}]},{"FailureIndicator":"failed","SkippedIndicator":"","TestResults":[{"TestName":"Test___FlakyBrokenScenarios/Sync_path_to_non-empty_allocation_-_exclude_a_path_should_work","Package":"github.com/0chain/system_test/tests/cli_tests","ElapsedTime":209.95,"Output":["","","","    zwalletcli_register_wallet_test.go:91: Registering wallet...\n","","    zboxcli_update_allocation_test.go:559: Executing faucet...\n","","    zboxcli_create_allocation_test.go:262: Creating new allocation...\n","","    utils.go:62: \u001b[33mCommand failed on attempt [1/3] due to error [exit status 1]. Output: [Error creating allocation: [txn] too less sharders to confirm it: min_confirmation is 50%, but got 0/2 sharders -\u003cNEWLINE\u003e- https://dev-5.devnet-0chain.net/sharder02/v1/transaction/get/confirmation?hash=1bd3e9b58eadc459b125c3b559e87ea908f57f2452c2fa5aa5ae5b6274ec4c3a: [400] {\"code\":\"entity_not_found\",\"error\":\"entity_not_found: txn_summary not found with id = 1bd3e9b58eadc459b125c3b559e87ea908f57f2452c2fa5aa5ae5b6274ec4c3a\"} -\u003cNEWLINE\u003e- https://dev-5.devnet-0chain.net/sharder01/v1/transaction/get/confirmation?hash=1bd3e9b58eadc459b125c3b559e87ea908f57f2452c2fa5aa5ae5b6274ec4c3a: [400] {\"code\":\"entity_not_found\",\"error\":\"entity_not_found: txn_summary not found with id = 1bd3e9b58eadc459b125c3b559e87ea908f57f2452c2fa5aa5ae5b6274ec4c3a\"}]\n","","    utils.go:62: \u001b[33mCommand failed on attempt [2/3] due to error [exit status 1]. Output: [Error creating allocation: [txn] too less sharders to confirm it: min_confirmation is 50%, but got 0/2 sharders -\u003cNEWLINE\u003e- https://dev-5.devnet-0chain.net/sharder02/v1/transaction/get/confirmation?hash=919a9f9f136a17e02a1e91c45fd074ee2c0d4ad68142a8279b139f8a491060b2: [400] {\"code\":\"entity_not_found\",\"error\":\"entity_not_found: txn_summary not found with id = 919a9f9f136a17e02a1e91c45fd074ee2c0d4ad68142a8279b139f8a491060b2\"} -\u003cNEWLINE\u003e- https://dev-5.devnet-0chain.net/sharder01/v1/transaction/get/confirmation?hash=919a9f9f136a17e02a1e91c45fd074ee2c0d4ad68142a8279b139f8a491060b2: [400] {\"code\":\"entity_not_found\",\"error\":\"entity_not_found: txn_summary not found with id = 919a9f9f136a17e02a1e91c45fd074ee2c0d4ad68142a8279b139f8a491060b2\"}]\n","","    utils.go:65: \u001b[31mCommand failed on final attempt [3/3] due to error [exit status 1]. Command String: [./zbox newallocation --lock 0.5 --size 2097152 --expire 1h --silent --wallet Test___FlakyBrokenScenarios-Sync_path_to_non-empty_allocation_-_exclude_a_path_should_work_wallet.json --configDir ./config --config ./zbox_config.yaml --allocationFileName Test___FlakyBrokenScenarios-Sync_path_to_non-empty_allocation_-_exclude_a_path_should_work_allocation.txt] Output: [Error creating allocation: [txn] too less sharders to confirm it: min_confirmation is 50%, but got 0/2 sharders -\u003cNEWLINE\u003e- https://dev-5.devnet-0chain.net/sharder02/v1/transaction/get/confirmation?hash=4b7b9562af86f86521a07f7b51aca50c6bf43da8029673886c7757dd1892ea35: [400] {\"code\":\"entity_not_found\",\"error\":\"entity_not_found: txn_summary not found with id = 4b7b9562af86f86521a07f7b51aca50c6bf43da8029673886c7757dd1892ea35\"} -\u003cNEWLINE\u003e- https://dev-5.devnet-0chain.net/sharder01/v1/transaction/get/confirmation?hash=4b7b9562af86f86521a07f7b51aca50c","6bf43da8029673886c7757dd1892ea35: [400] {\"code\":\"entity_not_found\",\"error\":\"entity_not_found: txn_summary not found with id = 4b7b9562af86f86521a07f7b51aca50c6bf43da8029673886c7757dd1892ea35\"}]\n","    utils.go:68: \u001b[31mThe verbose output for the command is:\n","","    utils.go:72: \u001b[31m0chain-core-sdk [INFO]   2022/04/21 09:13:05.400435 wallet.go:292: ******* Wallet SDK Version:v1.7.2-2-g3237f5c-dirty ******* (SetLogFile)\n","    utils.go:72: \u001b[31m0box-sdk        [INFO]   2022/04/21 09:13:05.400457 sdk.go:73: ******* Storage SDK Version: v1.7.2-2-g3237f5c-dirty *******\n","","    utils.go:72: \u001b[31m0chain-core-sdk [INFO]   2022/04/21 09:13:05.418482 wallet.go:410: ******* Wallet SDK Version:v1.7.2-2-g3237f5c-dirty ******* (InitZCNSDK)\n","    utils.go:72: \u001b[31m0box-sdk        [DEBUG]  2022/04/21 09:13:05.428189 networkworker.go:103: Get network result:{\"miners\":[\"https://dev-5.devnet-0chain.net/miner02\",\"https://dev-5.devnet-0chain.net/miner01\",\"https://dev-5.devnet-0chain.net/miner03\"],\"sharders\":[\"https://dev-5.devnet-0chain.net/sharder02\",\"https://dev-5.devnet-0chain.net/sharder01\"]}\n","    utils.go:72: \u001b[31m0box-sdk        \u001b[31m[ERROR]  2022/04/21 09:13:53.767012 sdk.go:1154: Error verifying the transaction[txn] too less sharders to confirm it: min_confirmation is 50%, but got 0/2 sharders\n","    utils.go:72: \u001b[31mhttps://dev-5.devnet-0chain.net/sharder01/v1/transaction/get/confirmation?hash=963dea28089241e992ca3d984305ec565b407cf68a1a7167c64ec3087ee2ac4e: [400] {\"code\":\"entity_not_found\",\"error\":\"entity_not_found: txn_summary not found with id = 963dea28089241e992ca3d984305ec565b407cf68a1a7167c64ec3087ee2ac4e\"}\n","    utils.go:72: \u001b[31mhttps://dev-5.devnet-0chain.net/sharder02/v1/transaction/get/confirmation?hash=963dea28089241e992ca3d984305ec565b407cf68a1a7167c64ec3087ee2ac4e: [400] {\"code\":\"entity_not_found\",\"error\":\"entity_not_found: txn_summary not found with id = 963dea28089241e992ca3d984305ec565b407cf68a1a7167c64ec3087ee2ac4e\"}\n","    utils.go:72: \u001b[31m963dea28089241e992ca3d984305ec565b407cf68a1a7167c64ec3087ee2ac4e\u001b[0m\n","    utils.go:72: \u001b[31mError creating allocation: [txn] too less sharders to confirm it: min_confirmation is 50%, but got 0/2 sharders\n","    zboxcli_update_allocation_test.go:482: \n","        \tError Trace:\tzboxcli_update_allocation_test.go:482\n","        \t            \t\t\t\tzboxcli_update_allocation_test.go:449\n","        \t            \t\t\t\tflaky___broken_scenarios_test.go:229\n","        \tError:      \tExpected nil, but got: \u0026exec.ExitError{ProcessState:(*os.ProcessState)(0xc0001c20a8), Stderr:[]uint8(nil)}\n","        \tTest:       \tTest___FlakyBrokenScenarios/Sync_path_to_non-empty_allocation_-_exclude_a_path_should_work\n","        \tMessages:   \tcreate new allocation failed%!(EXTRA string=Error creating allocation: [txn] too less sharders to confirm it: min_confirmation is 50%, but got 0/2 sharders\n","        \t            \thttps://dev-5.devnet-0chain.net/sharder02/v1/transaction/get/confirmation?hash=4b7b9562af86f86521a07f7b51aca50c6bf43da8029673886c7757dd1892ea35: [400] {\"code\":\"entity_not_found\",\"error\":\"entity_not_found: txn_summary not found with id = 4b7b9562af86f86521a07f7b51aca50c6bf43da8029673886c7757dd1892ea35\"}\n","        \t            \thttps://dev-5.devnet-0chain.net/sharder01/v1/transaction/get/confirmation?hash=4b7b9562af86f86521a07f7b51aca50c6bf43da8029673886c7757dd1892ea35: [400] {\"code\":\"entity_not_found\",\"error\":\"entity_not_found: txn_summary not found with id = 4b7b9562af86f86521a07f7b51aca50c6bf43da8029673886c7757dd1892ea35\"})\n",""],"Passed":false,"Skipped":false,"TestFileName":"","TestFunctionDetail":{"Line":0,"Col":0}}]},{"FailureIndicator":"failed","SkippedIndicator":"","TestResults":[{"TestName":"Test___FlakyBrokenScenarios/Sync_path_to_non-empty_allocation_-_locally_updated_files_(in_root)_must_be_updated_in_allocation","Package":"github.com/0chain/system_test/tests/cli_tests","ElapsedTime":210.09,"Output":["","","","    zwalletcli_register_wallet_test.go:91: Registering wallet...\n","","    zboxcli_update_allocation_test.go:559: Executing faucet...\n","","    zboxcli_create_allocation_test.go:262: Creating new allocation...\n","","    utils.go:62: \u001b[33mCommand failed on attempt [1/3] due to error [exit status 1]. Output: [Error creating allocation: [txn] too less sharders to confirm it: min_confirmation is 50%, but got 0/2 sharders -\u003cNEWLINE\u003e- https://dev-5.devnet-0chain.net/sharder02/v1/transaction/get/confirmation?hash=dc18da71742756d949828e120ec98f0b502bd6b40eb39441f9281d90e5a561e1: [400] {\"code\":\"entity_not_found\",\"error\":\"entity_not_found: txn_summary not found with id = dc18da71742756d949828e120ec98f0b502bd6b40eb39441f9281d90e5a561e1\"} -\u003cNEWLINE\u003e- https://dev-5.devnet-0chain.net/sharder01/v1/transaction/get/confirmation?hash=dc18da71742756d949828e120ec98f0b502bd6b40eb39441f9281d90e5a561e1: [400] {\"code\":\"entity_not_found\",\"error\":\"entity_not_found: txn_summary not found with id = dc18da71742756d949828e120ec98f0b502bd6b40eb39441f9281d90e5a561e1\"}]\n","","    utils.go:62: \u001b[33mCommand failed on attempt [2/3] due to error [exit status 1]. Output: [Error creating allocation: [txn] too less sharders to confirm it: min_confirmation is 50%, but got 0/2 sharders -\u003cNEWLINE\u003e- https://dev-5.devnet-0chain.net/sharder01/v1/transaction/get/confirmation?hash=16b8cf270248ce2b5b77bd1f65a588ea19e8c00053a1fadf3022ae3d6f608398: [400] {\"code\":\"entity_not_found\",\"error\":\"entity_not_found: txn_summary not found with id = 16b8cf270248ce2b5b77bd1f65a588ea19e8c00053a1fadf3022ae3d6f608398\"} -\u003cNEWLINE\u003e- https://dev-5.devnet-0chain.net/sharder02/v1/transaction/get/confirmation?hash=16b8cf270248ce2b5b77bd1f65a588ea19e8c00053a1fadf3022ae3d6f608398: [400] {\"code\":\"entity_not_found\",\"error\":\"entity_not_found: txn_summary not found with id = 16b8cf270248ce2b5b77bd1f65a588ea19e8c00053a1fadf3022ae3d6f608398\"}]\n","","    utils.go:65: \u001b[31mCommand failed on final attempt [3/3] due to error [exit status 1]. Command String: [./zbox newallocation --lock 0.5 --size 2097152 --expire 1h --silent --wallet Test___FlakyBrokenScenarios-Sync_path_to_non-empty_allocation_-_locally_updated_files_-in_root-_must_be_updated_in_allocation_wallet.json --configDir ./config --config ./zbox_config.yaml --allocationFileName Test___FlakyBrokenScenarios-Sync_path_to_non-empty_allocation_-_locally_updated_files_-in_root-_must_be_updated_in_allocation_allocation.txt] Output: [Error creating allocation: [txn] too less sharders to confirm it: min_confirmation is 50%, but got 0/2 sharders -\u003cNEWLINE\u003e- https://dev-5.devnet-0chain.net/sharder02/v1/transaction/get/confirmation?hash=47cb9351fbc79720a0ecde316dbe21109905e4182838cf761aa071f3884ab1d6: [400] {\"code\":\"entity_not_found\",\"error\":\"entity_not_found: txn_summary not found with id = 47cb9351fbc79720a0ecde316dbe21109905e4182838cf761aa071f3884ab1d6\"} -\u003cNEWLINE\u003e- https://dev-5.devnet-0chain.net/sharder01","/v1/transaction/get/confirmation?hash=47cb9351fbc79720a0ecde316dbe21109905e4182838cf761aa071f3884ab1d6: [400] {\"code\":\"entity_not_found\",\"error\":\"entity_not_found: txn_summary not found with id = 47cb9351fbc79720a0ecde316dbe21109905e4182838cf761aa071f3884ab1d6\"}]\n","    utils.go:68: \u001b[31mThe verbose output for the command is:\n","","    utils.go:72: \u001b[31m0chain-core-sdk [INFO]   2022/04/21 09:13:05.518191 wallet.go:292: ******* Wallet SDK Version:v1.7.2-2-g3237f5c-dirty ******* (SetLogFile)\n","    utils.go:72: \u001b[31m0box-sdk        [INFO]   2022/04/21 09:13:05.518219 sdk.go:73: ******* Storage SDK Version: v1.7.2-2-g3237f5c-dirty *******\n","    utils.go:72: \u001b[31m0chain-core-sdk [INFO]   2022/04/21 09:13:05.538350 wallet.go:410: ******* Wallet SDK Version:v1.7.2-2-g3237f5c-dirty ******* (InitZCNSDK)\n","    utils.go:72: \u001b[31m0box-sdk        [DEBUG]  2022/04/21 09:13:05.542934 networkworker.go:103: Get network result:{\"miners\":[\"https://dev-5.devnet-0chain.net/miner02\",\"https://dev-5.devnet-0chain.net/miner01\",\"https://dev-5.devnet-0chain.net/miner03\"],\"sharders\":[\"https://dev-5.devnet-0chain.net/sharder02\",\"https://dev-5.devnet-0chain.net/sharder01\"]}\n","    utils.go:72: \u001b[31m0box-sdk        \u001b[31m[ERROR]  2022/04/21 09:13:53.908659 sdk.go:1154: Error verifying the transaction[txn] too less sharders to confirm it: min_confirmation is 50%, but got 0/2 sharders\n","    utils.go:72: \u001b[31mhttps://dev-5.devnet-0chain.net/sharder01/v1/transaction/get/confirmation?hash=f6bbd09e019823060a779288016c487910084a4f59c58ee0c1f1c96c67e627bb: [400] {\"code\":\"entity_not_found\",\"error\":\"entity_not_found: txn_summary not found with id = f6bbd09e019823060a779288016c487910084a4f59c58ee0c1f1c96c67e627bb\"}\n","    utils.go:72: \u001b[31mhttps://dev-5.devnet-0chain.net/sharder02/v1/transaction/get/confirmation?hash=f6bbd09e019823060a779288016c487910084a4f59c58ee0c1f1c96c67e627bb: [400] {\"code\":\"entity_not_found\",\"error\":\"entity_not_found: txn_summary not found with id = f6bbd09e019823060a779288016c487910084a4f59c58ee0c1f1c96c67e627bb\"}\n","    utils.go:72: \u001b[31mf6bbd09e019823060a779288016c487910084a4f59c58ee0c1f1c96c67e627bb\u001b[0m\n","    utils.go:72: \u001b[31mError creating allocation: [txn] too less sharders to confirm it: min_confirmation is 50%, but got 0/2 sharders\n","    zboxcli_update_allocation_test.go:482: \n","        \tError Trace:\tzboxcli_update_allocation_test.go:482\n","        \t            \t\t\t\tzboxcli_update_allocation_test.go:449\n","        \t            \t\t\t\tflaky___broken_scenarios_test.go:39\n","        \tError:      \tExpected nil, but got: \u0026exec.ExitError{ProcessState:(*os.ProcessState)(0xc0002a25b8), Stderr:[]uint8(nil)}\n","        \tTest:       \tTest___FlakyBrokenScenarios/Sync_path_to_non-empty_allocation_-_locally_updated_files_(in_root)_must_be_updated_in_allocation\n","        \tMessages:   \tcreate new allocation failed%!(EXTRA string=Error creating allocation: [txn] too less sharders to confirm it: min_confirmation is 50%, but got 0/2 sharders\n","        \t            \thttps://dev-5.devnet-0chain.net/sharder02/v1/transaction/get/confirmation?hash=47cb9351fbc79720a0ecde316dbe21109905e4182838cf761aa071f3884ab1d6: [400] {\"code\":\"entity_not_found\",\"error\":\"entity_not_found: txn_summary not found with id = 47cb9351fbc79720a0ecde316dbe21109905e4182838cf761aa071f3884ab1d6\"}\n","        \t            \thttps://dev-5.devnet-0chain.net/sharder01/v1/transaction/get/confirmation?hash=47cb9351fbc79720a0ecde316dbe21109905e4182838cf761aa071f3884ab1d6: [400] {\"code\":\"entity_not_found\",\"error\":\"entity_not_found: txn_summary not found with id = 47cb9351fbc79720a0ecde316dbe21109905e4182838cf761aa071f3884ab1d6\"})\n",""],"Passed":false,"Skipped":false,"TestFileName":"","TestFunctionDetail":{"Line":0,"Col":0}}]},{"FailureIndicator":"failed","SkippedIndicator":"","TestResults":[{"TestName":"Test___FlakyBrokenScenarios/Sync_path_to_non-empty_allocation_-_locally_updated_files_(in_sub_folder)_must_be_updated_in_allocation","Package":"github.com/0chain/system_test/tests/cli_tests","ElapsedTime":210,"Output":["","","","","    zwalletcli_register_wallet_test.go:91: Registering wallet...\n","","    zboxcli_update_allocation_test.go:559: Executing faucet...\n","","    zboxcli_create_allocation_test.go:262: Creating new allocation...\n","","    utils.go:62: \u001b[33mCommand failed on attempt [1/3] due to error [exit status 1]. Output: [Error creating allocation: [txn] too less sharders to confirm it: min_confirmation is 50%, but got 0/2 sharders -\u003cNEWLINE\u003e- https://dev-5.devnet-0chain.net/sharder02/v1/transaction/get/confirmation?hash=7db6b82666ca7c6eba432e48f6add043565b159c2180f54513aeffe9e95ac676: [400] {\"code\":\"entity_not_found\",\"error\":\"entity_not_found: txn_summary not found with id = 7db6b82666ca7c6eba432e48f6add043565b159c2180f54513aeffe9e95ac676\"} -\u003cNEWLINE\u003e- https://dev-5.devnet-0chain.net/sharder01/v1/transaction/get/confirmation?hash=7db6b82666ca7c6eba432e48f6add043565b159c2180f54513aeffe9e95ac676: [400] {\"code\":\"entity_not_found\",\"error\":\"entity_not_found: txn_summary not found with id = 7db6b82666ca7c6eba432e48f6add043565b159c2180f54513aeffe9e95ac676\"}]\n","","    utils.go:62: \u001b[33mCommand failed on attempt [2/3] due to error [exit status 1]. Output: [Error creating allocation: [txn] too less sharders to confirm it: min_confirmation is 50%, but got 0/2 sharders -\u003cNEWLINE\u003e- https://dev-5.devnet-0chain.net/sharder02/v1/transaction/get/confirmation?hash=ce6d88bc6fffdabd7378b35388265b8b2a6382b332694d6fc4a76aa40f4aef00: [400] {\"code\":\"entity_not_found\",\"error\":\"entity_not_found: txn_summary not found with id = ce6d88bc6fffdabd7378b35388265b8b2a6382b332694d6fc4a76aa40f4aef00\"} -\u003cNEWLINE\u003e- https://dev-5.devnet-0chain.net/sharder01/v1/transaction/get/confirmation?hash=ce6d88bc6fffdabd7378b35388265b8b2a6382b332694d6fc4a76aa40f4aef00: [400] {\"code\":\"entity_not_found\",\"error\":\"entity_not_found: txn_summary not found with id = ce6d88bc6fffdabd7378b35388265b8b2a6382b332694d6fc4a76aa40f4aef00\"}]\n","","    utils.go:65: \u001b[31mCommand failed on final attempt [3/3] due to error [exit status 1]. Command String: [./zbox newallocation --lock 0.5 --size 2097152 --expire 1h --silent --wallet Test___FlakyBrokenScenarios-Sync_path_to_non-empty_allocation_-_locally_updated_files_-in_sub_folder-_must_be_updated_in_allocation_wallet.json --configDir ./config --config ./zbox_config.yaml --allocationFileName Test___FlakyBrokenScenarios-Sync_path_to_non-empty_allocation_-_locally_updated_files_-in_sub_folder-_must_be_updated_in_allocation_allocation.txt] Output: [Error creating allocation: [txn] too less sharders to confirm it: min_confirmation is 50%, but got 0/2 sharders -\u003cNEWLINE\u003e- https://dev-5.devnet-0chain.net/sharder01/v1/transaction/get/confirmation?hash=0002a67694dd93d590bdf81f9140b60def5fab610aae0e64cb97dbe0dc301847: [400] {\"code\":\"entity_not_found\",\"error\":\"entity_not_found: txn_summary not found with id = 0002a67694dd93d590bdf81f9140b60def5fab610aae0e64cb97dbe0dc301847\"} -\u003cNEWLINE\u003e- https://dev-5.devnet-0chain.n","et/sharder02/v1/transaction/get/confirmation?hash=0002a67694dd93d590bdf81f9140b60def5fab610aae0e64cb97dbe0dc301847: [400] {\"code\":\"entity_not_found\",\"error\":\"entity_not_found: txn_summary not found with id = 0002a67694dd93d590bdf81f9140b60def5fab610aae0e64cb97dbe0dc301847\"}]\n","    utils.go:68: \u001b[31mThe verbose output for the command is:\n","","    utils.go:72: \u001b[31m0chain-core-sdk [INFO]   2022/04/21 09:13:05.475978 wallet.go:292: ******* Wallet SDK Version:v1.7.2-2-g3237f5c-dirty ******* (SetLogFile)\n","    utils.go:72: \u001b[31m0box-sdk        [INFO]   2022/04/21 09:13:05.476002 sdk.go:73: ******* Storage SDK Version: v1.7.2-2-g3237f5c-dirty *******\n","    utils.go:72: \u001b[31m0chain-core-sdk [INFO]   2022/04/21 09:13:05.491405 wallet.go:410: ******* Wallet SDK Version:v1.7.2-2-g3237f5c-dirty ******* (InitZCNSDK)\n","    utils.go:72: \u001b[31m0box-sdk        [DEBUG]  2022/04/21 09:13:05.496911 networkworker.go:103: Get network result:{\"miners\":[\"https://dev-5.devnet-0chain.net/miner02\",\"https://dev-5.devnet-0chain.net/miner01\",\"https://dev-5.devnet-0chain.net/miner03\"],\"sharders\":[\"https://dev-5.devnet-0chain.net/sharder02\",\"https://dev-5.devnet-0chain.net/sharder01\"]}\n","    utils.go:72: \u001b[31m0box-sdk        \u001b[31m[ERROR]  2022/04/21 09:13:53.816626 sdk.go:1154: Error verifying the transaction[txn] too less sharders to confirm it: min_confirmation is 50%, but got 0/2 sharders\n","    utils.go:72: \u001b[31mhttps://dev-5.devnet-0chain.net/sharder01/v1/transaction/get/confirmation?hash=dd81fe8f2fe4b439cd89fff4c3ecfca2e3a28b44f1383ac36db171db9e1d909c: [400] {\"code\":\"entity_not_found\",\"error\":\"entity_not_found: txn_summary not found with id = dd81fe8f2fe4b439cd89fff4c3ecfca2e3a28b44f1383ac36db171db9e1d909c\"}\n","    utils.go:72: \u001b[31mhttps://dev-5.devnet-0chain.net/sharder02/v1/transaction/get/confirmation?hash=dd81fe8f2fe4b439cd89fff4c3ecfca2e3a28b44f1383ac36db171db9e1d909c: [400] {\"code\":\"entity_not_found\",\"error\":\"entity_not_found: txn_summary not found with id = dd81fe8f2fe4b439cd89fff4c3ecfca2e3a28b44f1383ac36db171db9e1d909c\"}\n","    utils.go:72: \u001b[31mdd81fe8f2fe4b439cd89fff4c3ecfca2e3a28b44f1383ac36db171db9e1d909c\u001b[0m\n","    utils.go:72: \u001b[31mError creating allocation: [txn] too less sharders to confirm it: min_confirmation is 50%, but got 0/2 sharders\n","    zboxcli_update_allocation_test.go:482: \n","        \tError Trace:\tzboxcli_update_allocation_test.go:482\n","        \t            \t\t\t\tzboxcli_update_allocation_test.go:449\n","        \t            \t\t\t\tflaky___broken_scenarios_test.go:124\n","        \tError:      \tExpected nil, but got: \u0026exec.ExitError{ProcessState:(*os.ProcessState)(0xc0001c2120), Stderr:[]uint8(nil)}\n","        \tTest:       \tTest___FlakyBrokenScenarios/Sync_path_to_non-empty_allocation_-_locally_updated_files_(in_sub_folder)_must_be_updated_in_allocation\n","        \tMessages:   \tcreate new allocation failed%!(EXTRA string=Error creating allocation: [txn] too less sharders to confirm it: min_confirmation is 50%, but got 0/2 sharders\n","        \t            \thttps://dev-5.devnet-0chain.net/sharder01/v1/transaction/get/confirmation?hash=0002a67694dd93d590bdf81f9140b60def5fab610aae0e64cb97dbe0dc301847: [400] {\"code\":\"entity_not_found\",\"error\":\"entity_not_found: txn_summary not found with id = 0002a67694dd93d590bdf81f9140b60def5fab610aae0e64cb97dbe0dc301847\"}\n","        \t            \thttps://dev-5.devnet-0chain.net/sharder02/v1/transaction/get/confirmation?hash=0002a67694dd93d590bdf81f9140b60def5fab610aae0e64cb97dbe0dc301847: [400] {\"code\":\"entity_not_found\",\"error\":\"entity_not_found: txn_summary not found with id = 0002a67694dd93d590bdf81f9140b60def5fab610aae0e64cb97dbe0dc301847\"})\n",""],"Passed":false,"Skipped":false,"TestFileName":"","TestFunctionDetail":{"Line":0,"Col":0}}]},{"FailureIndicator":"failed","SkippedIndicator":"","TestResults":[{"TestName":"Test___FlakyBrokenScenarios/Tokens_should_move_from_write_pool_balance_to_challenge_pool_acc._to_expected_upload_cost","Package":"github.com/0chain/system_test/tests/cli_tests","ElapsedTime":149.54,"Output":["","","","","    zwalletcli_register_wallet_test.go:91: Registering wallet...\n","    zboxcli_update_allocation_test.go:559: Executing faucet...\n","","    zboxcli_create_allocation_test.go:262: Creating new allocation...\n","","    utils.go:62: \u001b[33mCommand failed on attempt [1/3] due to error [exit status 1]. Output: [Error creating allocation: [txn] too less sharders to confirm it: min_confirmation is 50%, but got 0/2 sharders -\u003cNEWLINE\u003e- https://dev-5.devnet-0chain.net/sharder02/v1/transaction/get/confirmation?hash=eeca8cc1b2d85fd1215e16092db9ac7283456e107833f104f27b1f7f629d6711: [400] {\"code\":\"entity_not_found\",\"error\":\"entity_not_found: txn_summary not found with id = eeca8cc1b2d85fd1215e16092db9ac7283456e107833f104f27b1f7f629d6711\"} -\u003cNEWLINE\u003e- https://dev-5.devnet-0chain.net/sharder01/v1/transaction/get/confirmation?hash=eeca8cc1b2d85fd1215e16092db9ac7283456e107833f104f27b1f7f629d6711: [400] {\"code\":\"entity_not_found\",\"error\":\"entity_not_found: txn_summary not found with id = eeca8cc1b2d85fd1215e16092db9ac7283456e107833f104f27b1f7f629d6711\"}]\n","","    utils.go:62: \u001b[33mCommand failed on attempt [2/3] due to error [exit status 1]. Output: [Error creating allocation: [txn] too less sharders to confirm it: min_confirmation is 50%, but got 0/2 sharders -\u003cNEWLINE\u003e- https://dev-5.devnet-0chain.net/sharder01/v1/transaction/get/confirmation?hash=111313c667bad958a07977dc68e81e05b9c9016514b7bfb55172cfe88d66d22c: [400] {\"code\":\"entity_not_found\",\"error\":\"entity_not_found: txn_summary not found with id = 111313c667bad958a07977dc68e81e05b9c9016514b7bfb55172cfe88d66d22c\"} -\u003cNEWLINE\u003e- https://dev-5.devnet-0chain.net/sharder02/v1/transaction/get/confirmation?hash=111313c667bad958a07977dc68e81e05b9c9016514b7bfb55172cfe88d66d22c: [400] {\"code\":\"entity_not_found\",\"error\":\"entity_not_found: txn_summary not found with id = 111313c667bad958a07977dc68e81e05b9c9016514b7bfb55172cfe88d66d22c\"}]\n","","    utils.go:58: \u001b[32mCommand passed on retry [3/3]. Output: [Allocation created: a3fa1a0539fc0b304290491e9cdc16edcc6c25be8da64b7c6e9251f1e30c8f6e]\n","    zboxcli_upload_token_test.go:107: Getting write pool info...\n","    zboxcli_upload_token_test.go:118: Getting upload cost...\n","    zboxcli_upload_test.go:798: Uploading file...\n","    zboxcli_upload_token_test.go:107: Getting write pool info...\n","    zboxcli_upload_token_test.go:126: Getting challenge pool info...\n","    flaky___broken_scenarios_test.go:522: Blobber [0] write pool has decreased by [0] tokens after upload\n","    flaky___broken_scenarios_test.go:522: Blobber [1] write pool has decreased by [0] tokens after upload\n","    flaky___broken_scenarios_test.go:522: Blobber [2] write pool has decreased by [0] tokens after upload\n","    flaky___broken_scenarios_test.go:522: Blobber [3] write pool has decreased by [0] tokens after upload\n","    flaky___broken_scenarios_test.go:526: \n","        \tError Trace:\tflaky___broken_scenarios_test.go:526\n","        \tError:      \tRelative error is too high: 0.1 (expected)\n","        \t            \t        \u003c 1 (actual)\n","        \tTest:       \tTest___FlakyBrokenScenarios/Tokens_should_move_from_write_pool_balance_to_challenge_pool_acc._to_expected_upload_cost\n","        \tMessages:   \texpected write pool balance to decrease by [2.7388888888888886e-10] but has actually decreased by [0]\n",""],"Passed":false,"Skipped":false,"TestFileName":"","TestFunctionDetail":{"Line":0,"Col":0}}]},{"FailureIndicator":"failed","SkippedIndicator":"","TestResults":[{"TestName":"Test___FlakyBrokenScenarios/delete_existing_file_in_root_directory_with_commit_should_work","Package":"github.com/0chain/system_test/tests/cli_tests","ElapsedTime":209.95,"Output":["","","","","    zwalletcli_register_wallet_test.go:91: Registering wallet...\n","","    zboxcli_update_allocation_test.go:559: Executing faucet...\n","","    zboxcli_create_allocation_test.go:262: Creating new allocation...\n","","    utils.go:62: \u001b[33mCommand failed on attempt [1/3] due to error [exit status 1]. Output: [Error creating allocation: [txn] too less sharders to confirm it: min_confirmation is 50%, but got 0/2 sharders -\u003cNEWLINE\u003e- https://dev-5.devnet-0chain.net/sharder01/v1/transaction/get/confirmation?hash=136294b70ad844f9358c0b00cdffb82d4d91f74827ffcd494ee4522b780ce978: [400] {\"code\":\"entity_not_found\",\"error\":\"entity_not_found: txn_summary not found with id = 136294b70ad844f9358c0b00cdffb82d4d91f74827ffcd494ee4522b780ce978\"} -\u003cNEWLINE\u003e- https://dev-5.devnet-0chain.net/sharder02/v1/transaction/get/confirmation?hash=136294b70ad844f9358c0b00cdffb82d4d91f74827ffcd494ee4522b780ce978: [400] {\"code\":\"entity_not_found\",\"error\":\"entity_not_found: txn_summary not found with id = 136294b70ad844f9358c0b00cdffb82d4d91f74827ffcd494ee4522b780ce978\"}]\n","","    utils.go:62: \u001b[33mCommand failed on attempt [2/3] due to error [exit status 1]. Output: [Error creating allocation: [txn] too less sharders to confirm it: min_confirmation is 50%, but got 0/2 sharders -\u003cNEWLINE\u003e- https://dev-5.devnet-0chain.net/sharder02/v1/transaction/get/confirmation?hash=c31ade88a7c5dbed1c07b4665bd43c57b837f4635b9e876002a02e25ad9244bc: [400] {\"code\":\"entity_not_found\",\"error\":\"entity_not_found: txn_summary not found with id = c31ade88a7c5dbed1c07b4665bd43c57b837f4635b9e876002a02e25ad9244bc\"} -\u003cNEWLINE\u003e- https://dev-5.devnet-0chain.net/sharder01/v1/transaction/get/confirmation?hash=c31ade88a7c5dbed1c07b4665bd43c57b837f4635b9e876002a02e25ad9244bc: [400] {\"code\":\"entity_not_found\",\"error\":\"entity_not_found: txn_summary not found with id = c31ade88a7c5dbed1c07b4665bd43c57b837f4635b9e876002a02e25ad9244bc\"}]\n","","    utils.go:65: \u001b[31mCommand failed on final attempt [3/3] due to error [exit status 1]. Command String: [./zbox newallocation --lock 0.5 --size 10000 --expire 1h --silent --wallet Test___FlakyBrokenScenarios-delete_existing_file_in_root_directory_with_commit_should_work_wallet.json --configDir ./config --config ./zbox_config.yaml --allocationFileName Test___FlakyBrokenScenarios-delete_existing_file_in_root_directory_with_commit_should_work_allocation.txt] Output: [Error creating allocation: [txn] too less sharders to confirm it: min_confirmation is 50%, but got 0/2 sharders -\u003cNEWLINE\u003e- https://dev-5.devnet-0chain.net/sharder01/v1/transaction/get/confirmation?hash=3dbcda8399c6f3035f69c4ce17cb0c40245a45269f1d0a5895d819a76d253c1d: [400] {\"code\":\"entity_not_found\",\"error\":\"entity_not_found: txn_summary not found with id = 3dbcda8399c6f3035f69c4ce17cb0c40245a45269f1d0a5895d819a76d253c1d\"} -\u003cNEWLINE\u003e- https://dev-5.devnet-0chain.net/sharder02/v1/transaction/get/confirmation?hash=3dbcda8399c6f3035f69c4ce17cb0c4024","5a45269f1d0a5895d819a76d253c1d: [400] {\"code\":\"entity_not_found\",\"error\":\"entity_not_found: txn_summary not found with id = 3dbcda8399c6f3035f69c4ce17cb0c40245a45269f1d0a5895d819a76d253c1d\"}]\n","    utils.go:68: \u001b[31mThe verbose output for the command is:\n","","    utils.go:72: \u001b[31m0chain-core-sdk [INFO]   2022/04/21 09:13:05.401858 wallet.go:292: ******* Wallet SDK Version:v1.7.2-2-g3237f5c-dirty ******* (SetLogFile)\n","    utils.go:72: \u001b[31m0box-sdk        [INFO]   2022/04/21 09:13:05.401879 sdk.go:73: ******* Storage SDK Version: v1.7.2-2-g3237f5c-dirty *******\n","    utils.go:72: \u001b[31m0chain-core-sdk [INFO]   2022/04/21 09:13:05.419537 wallet.go:410: ******* Wallet SDK Version:v1.7.2-2-g3237f5c-dirty ******* (InitZCNSDK)\n","    utils.go:72: \u001b[31m0box-sdk        [DEBUG]  2022/04/21 09:13:05.423167 networkworker.go:103: Get network result:{\"miners\":[\"https://dev-5.devnet-0chain.net/miner02\",\"https://dev-5.devnet-0chain.net/miner01\",\"https://dev-5.devnet-0chain.net/miner03\"],\"sharders\":[\"https://dev-5.devnet-0chain.net/sharder02\",\"https://dev-5.devnet-0chain.net/sharder01\"]}\n","    utils.go:72: \u001b[31m0box-sdk        \u001b[31m[ERROR]  2022/04/21 09:13:53.766647 sdk.go:1154: Error verifying the transaction[txn] too less sharders to confirm it: min_confirmation is 50%, but got 0/2 sharders\n","    utils.go:72: \u001b[31mhttps://dev-5.devnet-0chain.net/sharder01/v1/transaction/get/confirmation?hash=961e3da1ad9920c95035ffa44e07c97dcf8e3f3184e80cd0d06bd19d8f47eeae: [400] {\"code\":\"entity_not_found\",\"error\":\"entity_not_found: txn_summary not found with id = 961e3da1ad9920c95035ffa44e07c97dcf8e3f3184e80cd0d06bd19d8f47eeae\"}\n","    utils.go:72: \u001b[31mhttps://dev-5.devnet-0chain.net/sharder02/v1/transaction/get/confirmation?hash=961e3da1ad9920c95035ffa44e07c97dcf8e3f3184e80cd0d06bd19d8f47eeae: [400] {\"code\":\"entity_not_found\",\"error\":\"entity_not_found: txn_summary not found with id = 961e3da1ad9920c95035ffa44e07c97dcf8e3f3184e80cd0d06bd19d8f47eeae\"}\n","    utils.go:72: \u001b[31m961e3da1ad9920c95035ffa44e07c97dcf8e3f3184e80cd0d06bd19d8f47eeae\u001b[0m\n","    utils.go:72: \u001b[31mError creating allocation: [txn] too less sharders to confirm it: min_confirmation is 50%, but got 0/2 sharders\n","","    zboxcli_update_allocation_test.go:482: \n","        \tError Trace:\tzboxcli_update_allocation_test.go:482\n","        \t            \t\t\t\tzboxcli_update_allocation_test.go:449\n","        \t            \t\t\t\tflaky___broken_scenarios_test.go:533\n","        \tError:      \tExpected nil, but got: \u0026exec.ExitError{ProcessState:(*os.ProcessState)(0xc0002a2540), Stderr:[]uint8(nil)}\n","        \tTest:       \tTest___FlakyBrokenScenarios/delete_existing_file_in_root_directory_with_commit_should_work\n","        \tMessages:   \tcreate new allocation failed%!(EXTRA string=Error creating allocation: [txn] too less sharders to confirm it: min_confirmation is 50%, but got 0/2 sharders\n","        \t            \thttps://dev-5.devnet-0chain.net/sharder01/v1/transaction/get/confirmation?hash=3dbcda8399c6f3035f69c4ce17cb0c40245a45269f1d0a5895d819a76d253c1d: [400] {\"code\":\"entity_not_found\",\"error\":\"entity_not_found: txn_summary not found with id = 3dbcda8399c6f3035f69c4ce17cb0c40245a45269f1d0a5895d819a76d253c1d\"}\n","        \t            \thttps://dev-5.devnet-0chain.net/sharder02/v1/transaction/get/confirmation?hash=3dbcda8399c6f3035f69c4ce17cb0c40245a45269f1d0a5895d819a76d253c1d: [400] {\"code\":\"entity_not_found\",\"error\":\"entity_not_found: txn_summary not found with id = 3dbcda8399c6f3035f69c4ce17cb0c40245a45269f1d0a5895d819a76d253c1d\"})\n",""],"Passed":false,"Skipped":false,"TestFileName":"","TestFunctionDetail":{"Line":0,"Col":0}}]},{"FailureIndicator":"failed","SkippedIndicator":"","TestResults":[{"TestName":"Test___FlakyScenariosCommonUserFunctions","Package":"github.com/0chain/system_test/tests/cli_tests","ElapsedTime":0,"Output":["",""],"Passed":false,"Skipped":false,"TestFileName":"flaky___flaky_test.go","TestFunctionDetail":{"Line":23,"Col":1}}]},{"FailureIndicator":"","SkippedIndicator":"","TestResults":[{"TestName":"Test___FlakyScenariosCommonUserFunctions/File_Rename_-_Users_should_not_be_charged_for_renaming_a_file","Package":"github.com/0chain/system_test/tests/cli_tests","ElapsedTime":109.73,"Output":["","","","    zwalletcli_register_wallet_test.go:91: Registering wallet...\n","","    zboxcli_update_allocation_test.go:559: Executing faucet...\n","","    zboxcli_create_allocation_test.go:262: Creating new allocation...\n","","    zboxcli_upload_test.go:798: Uploading file...\n","","    utils.go:133: Waiting 30s...\n","","    zboxcli_upload_token_test.go:107: Getting write pool info...\n","","    zboxcli_common_user_functions_test.go:167: Renaming file...\n","","    utils.go:133: Waiting 30s...\n","","    zboxcli_upload_token_test.go:107: Getting write pool info...\n","    flaky___flaky_test.go:134: Initital blobber[0] balance: [1250031474], final balance: [1250031474]\n","    flaky___flaky_test.go:134: Initital blobber[1] balance: [1249501583], final balance: [1249501583]\n","    flaky___flaky_test.go:134: Initital blobber[2] balance: [1250031474], final balance: [1250031474]\n","    flaky___flaky_test.go:134: Initital blobber[3] balance: [1250031474], final balance: [1250031474]\n","    zboxcli_cancel_allocation_test.go:106: Canceling allocation...\n","--- PASS: Test___FlakyScenariosCommonUserFunctions/File_Rename_-_Users_should_not_be_charged_for_renaming_a_file (109.73s)",""],"Passed":true,"Skipped":false,"TestFileName":"","TestFunctionDetail":{"Line":0,"Col":0}}]},{"FailureIndicator":"","SkippedIndicator":"","TestResults":[{"TestName":"Test___FlakyScenariosCommonUserFunctions/File_Update_with_a_different_size_-_Blobbers_should_be_paid_for_the_extra_file_size","Package":"github.com/0chain/system_test/tests/cli_tests","ElapsedTime":151.73,"Output":["","","","","    zwalletcli_register_wallet_test.go:91: Registering wallet...\n","","    zboxcli_update_allocation_test.go:559: Executing faucet...\n","","    zboxcli_create_allocation_test.go:262: Creating new allocation...\n","","    zboxcli_upload_test.go:798: Uploading file...\n","","    zboxcli_upload_token_test.go:118: Getting upload cost...\n","    utils.go:133: Waiting 1m0s...\n","","    zboxcli_upload_token_test.go:107: Getting write pool info...\n","    flaky___flaky_test.go:253: Write pool Balance after upload expected to be [0.5] but was [0.4999798026]\n","    zboxcli_common_user_functions_test.go:188: Updating file...\n","","    utils.go:133: Waiting 1m0s...\n","","    zboxcli_upload_token_test.go:107: Getting write pool info...\n","    flaky___flaky_test.go:276: Write pool Balance after upload expected to be [0.49997980225] but was [0.4999798026]\n","    flaky___flaky_test.go:291: Blobber [0] write pool has decreased by [5.050299999975749e-06] tokens after upload when it was expected to decrease by [5.0494374999999995e-06]\n","    flaky___flaky_test.go:291: Blobber [1] write pool has decreased by [5.048100000001887e-06] tokens after upload when it was expected to decrease by [5.0494374999999995e-06]\n","    flaky___flaky_test.go:291: Blobber [2] write pool has decreased by [5.050299999975749e-06] tokens after upload when it was expected to decrease by [5.0494374999999995e-06]\n","    flaky___flaky_test.go:291: Blobber [3] write pool has decreased by [5.048100000001887e-06] tokens after upload when it was expected to decrease by [5.0494374999999995e-06]\n","    zboxcli_cancel_allocation_test.go:106: Canceling allocation...\n","--- PASS: Test___FlakyScenariosCommonUserFunctions/File_Update_with_a_different_size_-_Blobbers_should_be_paid_for_the_extra_file_size (151.73s)",""],"Passed":true,"Skipped":false,"TestFileName":"","TestFunctionDetail":{"Line":0,"Col":0}}]},{"FailureIndicator":"","SkippedIndicator":"","TestResults":[{"TestName":"Test___FlakyScenariosCommonUserFunctions/File_Update_with_same_size_-_Users_should_not_be_charged,_blobber_should_not_be_paid","Package":"github.com/0chain/system_test/tests/cli_tests","ElapsedTime":106.9,"Output":["","","","","    zwalletcli_register_wallet_test.go:91: Registering wallet...\n","","    zboxcli_update_allocation_test.go:559: Executing faucet...\n","    zboxcli_create_allocation_test.go:262: Creating new allocation...\n","","    zboxcli_upload_test.go:798: Uploading file...\n","","    utils.go:133: Waiting 30s...\n","","    zboxcli_upload_token_test.go:107: Getting write pool info...\n","","    zboxcli_common_user_functions_test.go:188: Updating file...\n","","    utils.go:133: Waiting 30s...\n","","    zboxcli_upload_token_test.go:107: Getting write pool info...\n","    flaky___flaky_test.go:194: Initital blobber[0] balance: [1250031474], final balance: [1250031474]\n","    flaky___flaky_test.go:194: Initital blobber[1] balance: [1250031474], final balance: [1250031474]\n","    flaky___flaky_test.go:194: Initital blobber[2] balance: [1249501583], final balance: [1249501583]\n","    flaky___flaky_test.go:194: Initital blobber[3] balance: [1250031474], final balance: [1250031474]\n","    zboxcli_cancel_allocation_test.go:106: Canceling allocation...\n","--- PASS: Test___FlakyScenariosCommonUserFunctions/File_Update_with_same_size_-_Users_should_not_be_charged,_blobber_should_not_be_paid (106.90s)",""],"Passed":true,"Skipped":false,"TestFileName":"","TestFunctionDetail":{"Line":0,"Col":0}}]},{"FailureIndicator":"failed","SkippedIndicator":"","TestResults":[{"TestName":"Test___FlakyScenariosCommonUserFunctions/File_move_-_Users_should_not_be_charged_for_moving_a_file_","Package":"github.com/0chain/system_test/tests/cli_tests","ElapsedTime":48.54,"Output":["","","","","    zwalletcli_register_wallet_test.go:91: Registering wallet...\n","","    zboxcli_update_allocation_test.go:559: Executing faucet...\n","","    zboxcli_create_allocation_test.go:262: Creating new allocation...\n","","    zboxcli_upload_test.go:798: Uploading file...\n","","    utils.go:133: Waiting 10s...\n","","    zboxcli_upload_token_test.go:107: Getting write pool info...\n","    zboxcli_file_move_test.go:566: Moving file...\n","    utils.go:133: Waiting 10s...\n","    zboxcli_upload_token_test.go:107: Getting write pool info...\n","    flaky___flaky_test.go:72: \n","        \tError Trace:\tflaky___flaky_test.go:72\n","        \tError:      \tNot equal: \n","        \t            \texpected: 4999797982\n","        \t            \tactual  : 4999596008\n","        \tTest:       \tTest___FlakyScenariosCommonUserFunctions/File_move_-_Users_should_not_be_charged_for_moving_a_file_\n","        \tMessages:   \tWrite pool balance expected to be unchanged\n",""],"Passed":false,"Skipped":false,"TestFileName":"","TestFunctionDetail":{"Line":0,"Col":0}}]},{"FailureIndicator":"","SkippedIndicator":"","TestResults":[{"TestName":"Test___FlakyScenariosCreateAllocationFreeStorage","Package":"github.com/0chain/system_test/tests/cli_tests","ElapsedTime":260.25,"Output":["","    zwalletcli_register_wallet_test.go:91: Registering wallet...\n","    zwalletcli_register_wallet_test.go:91: Registering wallet...\n","    zwalletcli_register_wallet_test.go:91: Registering wallet...\n","    utils.go:133: Waiting 5s...\n","    zwalletcli_storage_update_config_test.go:114: Retrieving storage config...\n","    zwalletcli_storage_update_config_test.go:126: Updating storage config...\n","    zwalletcli_register_wallet_test.go:133: Verifying transaction...\n","","","","    zwalletcli_storage_update_config_test.go:126: Updating storage config...\n","--- PASS: Test___FlakyScenariosCreateAllocationFreeStorage (260.25s)",""],"Passed":true,"Skipped":false,"TestFileName":"flaky___flaky_test.go","TestFunctionDetail":{"Line":502,"Col":1}}]},{"FailureIndicator":"","SkippedIndicator":"","TestResults":[{"TestName":"Test___FlakyScenariosCreateAllocationFreeStorage/Create_free_storage_from_marker_with_accounting","Package":"github.com/0chain/system_test/tests/cli_tests","ElapsedTime":161.56,"Output":["","","    zwalletcli_register_wallet_test.go:91: Registering wallet...\n","","    zwalletcli_register_wallet_test.go:111: Getting wallet...\n","    zboxcli_create_allocation_test.go:262: Creating new allocation...\n","","    utils.go:62: \u001b[33mCommand failed on attempt [1/3] due to error [exit status 1]. Output: [Error creating free allocation: free_allocation_failed: marker verification failed: marker timestamped in the future: 1650525027]\n","","    utils.go:62: \u001b[33mCommand failed on attempt [2/3] due to error [exit status 1]. Output: [Error creating free allocation: [txn] too less sharders to confirm it: min_confirmation is 50%, but got 0/2 sharders -\u003cNEWLINE\u003e- https://dev-5.devnet-0chain.net/sharder02/v1/transaction/get/confirmation?hash=0112d3415ca42103754e9f2f8ce570116ae75910b5732179acb04814fe56f0e3: [400] {\"code\":\"entity_not_found\",\"error\":\"entity_not_found: txn_summary not found with id = 0112d3415ca42103754e9f2f8ce570116ae75910b5732179acb04814fe56f0e3\"} -\u003cNEWLINE\u003e- https://dev-5.devnet-0chain.net/sharder01/v1/transaction/get/confirmation?hash=0112d3415ca42103754e9f2f8ce570116ae75910b5732179acb04814fe56f0e3: [400] {\"code\":\"entity_not_found\",\"error\":\"entity_not_found: txn_summary not found with id = 0112d3415ca42103754e9f2f8ce570116ae75910b5732179acb04814fe56f0e3\"}]\n","","    utils.go:65: \u001b[31mCommand failed on final attempt [3/3] due to error [exit status 1]. Command String: [./zbox newallocation --free_storage ./config/Test___FlakyScenariosCreateAllocationFreeStorage-Create_free_storage_from_marker_with_accounting_MARKER.json --silent --wallet Test___FlakyScenariosCreateAllocationFreeStorage-Create_free_storage_from_marker_with_accounting_wallet.json --configDir ./config --config ./zbox_config.yaml --allocationFileName Test___FlakyScenariosCreateAllocationFreeStorage-Create_free_storage_from_marker_with_accounting_allocation.txt] Output: [Error creating free allocation: [txn] too less sharders to confirm it: min_confirmation is 50%, but got 0/2 sharders -\u003cNEWLINE\u003e- https://dev-5.devnet-0chain.net/sharder01/v1/transaction/get/confirmation?hash=9ddec1e1c1934c7ebc28f7e3a1a31fc68528f00e9eb07698511b10e7782dc75e: [400] {\"code\":\"entity_not_found\",\"error\":\"entity_not_found: txn_summary not found with id = 9ddec1e1c1934c7ebc28f7e3a1a31fc68528f00e9eb07698511b10e7782dc75e\"} -\u003cNEWLINE\u003e-"," https://dev-5.devnet-0chain.net/sharder02/v1/transaction/get/confirmation?hash=9ddec1e1c1934c7ebc28f7e3a1a31fc68528f00e9eb07698511b10e7782dc75e: [400] {\"code\":\"entity_not_found\",\"error\":\"entity_not_found: txn_summary not found with id = 9ddec1e1c1934c7ebc28f7e3a1a31fc68528f00e9eb07698511b10e7782dc75e\"}]\n","    utils.go:68: \u001b[31mThe verbose output for the command is:\n","","    utils.go:72: \u001b[31m0chain-core-sdk [INFO]   2022/04/21 09:12:16.962846 wallet.go:292: ******* Wallet SDK Version:v1.7.2-2-g3237f5c-dirty ******* (SetLogFile)\n","    utils.go:72: \u001b[31m0box-sdk        [INFO]   2022/04/21 09:12:16.962880 sdk.go:73: ******* Storage SDK Version: v1.7.2-2-g3237f5c-dirty *******\n","    utils.go:72: \u001b[31m0chain-core-sdk [INFO]   2022/04/21 09:12:16.981002 wallet.go:410: ******* Wallet SDK Version:v1.7.2-2-g3237f5c-dirty ******* (InitZCNSDK)\n","    utils.go:72: \u001b[31m0box-sdk        [DEBUG]  2022/04/21 09:12:16.985888 networkworker.go:103: Get network result:{\"miners\":[\"https://dev-5.devnet-0chain.net/miner02\",\"https://dev-5.devnet-0chain.net/miner01\",\"https://dev-5.devnet-0chain.net/miner03\"],\"sharders\":[\"https://dev-5.devnet-0chain.net/sharder02\",\"https://dev-5.devnet-0chain.net/sharder01\"]}\n","    utils.go:72: \u001b[31m0box-sdk        \u001b[31m[ERROR]  2022/04/21 09:13:05.383530 sdk.go:1154: Error verifying the transaction[txn] too less sharders to confirm it: min_confirmation is 50%, but got 0/2 sharders\n","    utils.go:72: \u001b[31mhttps://dev-5.devnet-0chain.net/sharder02/v1/transaction/get/confirmation?hash=519d4017578c032a3d467496732c2e7b30b9bbdb0979db6ed891bee703cc7fa6: [400] {\"code\":\"entity_not_found\",\"error\":\"entity_not_found: txn_summary not found with id = 519d4017578c032a3d467496732c2e7b30b9bbdb0979db6ed891bee703cc7fa6\"}\n","    utils.go:72: \u001b[31mhttps://dev-5.devnet-0chain.net/sharder01/v1/transaction/get/confirmation?hash=519d4017578c032a3d467496732c2e7b30b9bbdb0979db6ed891bee703cc7fa6: [400] {\"code\":\"entity_not_found\",\"error\":\"entity_not_found: txn_summary not found with id = 519d4017578c032a3d467496732c2e7b30b9bbdb0979db6ed891bee703cc7fa6\"}\n","    utils.go:72: \u001b[31m519d4017578c032a3d467496732c2e7b30b9bbdb0979db6ed891bee703cc7fa6\u001b[0m\n","    utils.go:72: \u001b[31mError creating free allocation: [txn] too less sharders to confirm it: min_confirmation is 50%, but got 0/2 sharders\n","--- PASS: Test___FlakyScenariosCreateAllocationFreeStorage/Create_free_storage_from_marker_with_accounting (161.56s)",""],"Passed":true,"Skipped":false,"TestFileName":"","TestFunctionDetail":{"Line":0,"Col":0}}]},{"FailureIndicator":"","SkippedIndicator":"","TestResults":[{"TestName":"Test___FlakyScenariosCreateAllocationFreeStorage/Create_free_storage_with_invalid_marker_contents_should_fail","Package":"github.com/0chain/system_test/tests/cli_tests","ElapsedTime":6.13,"Output":["","    zwalletcli_register_wallet_test.go:91: Registering wallet...\n","--- PASS: Test___FlakyScenariosCreateAllocationFreeStorage/Create_free_storage_with_invalid_marker_contents_should_fail (6.13s)",""],"Passed":true,"Skipped":false,"TestFileName":"","TestFunctionDetail":{"Line":0,"Col":0}}]},{"FailureIndicator":"","SkippedIndicator":"","TestResults":[{"TestName":"Test___FlakyScenariosCreateAllocationFreeStorage/Create_free_storage_with_invalid_marker_signature_should_fail","Package":"github.com/0chain/system_test/tests/cli_tests","ElapsedTime":6.17,"Output":["","    zwalletcli_register_wallet_test.go:91: Registering wallet...\n","    zwalletcli_register_wallet_test.go:111: Getting wallet...\n","--- PASS: Test___FlakyScenariosCreateAllocationFreeStorage/Create_free_storage_with_invalid_marker_signature_should_fail (6.17s)",""],"Passed":true,"Skipped":false,"TestFileName":"","TestFunctionDetail":{"Line":0,"Col":0}}]},{"FailureIndicator":"","SkippedIndicator":"","TestResults":[{"TestName":"Test___FlakyScenariosCreateAllocationFreeStorage/Create_free_storage_with_malformed_marker_should_fail","Package":"github.com/0chain/system_test/tests/cli_tests","ElapsedTime":50.48,"Output":["","    zwalletcli_register_wallet_test.go:91: Registering wallet...\n","","    utils.go:62: \u001b[33mCommand failed on attempt [1/3] due to error [exit status 1]. Output: [ZCN wallet created -\u003cNEWLINE\u003e- Creating related read pool for storage smart-contract... -\u003cNEWLINE\u003e- Failed to create read pool: [txn] too less sharders to confirm it: min_confirmation is 50%, but got 0/2 sharders -\u003cNEWLINE\u003e- https://dev-5.devnet-0chain.net/sharder02/v1/transaction/get/confirmation?hash=1b6a63a59537f8334da74ac7535f08820687fd43c4d7411f7df23891a33d066d: [400] {\"code\":\"entity_not_found\",\"error\":\"entity_not_found: txn_summary not found with id = 1b6a63a59537f8334da74ac7535f08820687fd43c4d7411f7df23891a33d066d\"} -\u003cNEWLINE\u003e- https://dev-5.devnet-0chain.net/sharder01/v1/transaction/get/confirmation?hash=1b6a63a59537f8334da74ac7535f08820687fd43c4d7411f7df23891a33d066d: [400] {\"code\":\"entity_not_found\",\"error\":\"entity_not_found: txn_summary not found with id = 1b6a63a59537f8334da74ac7535f08820687fd43c4d7411f7df23891a33d066d\"}]\n","","    utils.go:58: \u001b[32mCommand passed on retry [2/3]. Output: [Wallet registered]\n","--- PASS: Test___FlakyScenariosCreateAllocationFreeStorage/Create_free_storage_with_malformed_marker_should_fail (50.48s)",""],"Passed":true,"Skipped":false,"TestFileName":"","TestFunctionDetail":{"Line":0,"Col":0}}]},{"FailureIndicator":"","SkippedIndicator":"","TestResults":[{"TestName":"Test___FlakyScenariosCreateAllocationFreeStorage/Create_free_storage_with_tokens_exceeding_assigner's_individual_limit_should_fail","Package":"github.com/0chain/system_test/tests/cli_tests","ElapsedTime":6.22,"Output":["","    zwalletcli_register_wallet_test.go:91: Registering wallet...\n","    zwalletcli_register_wallet_test.go:111: Getting wallet...\n","--- PASS: Test___FlakyScenariosCreateAllocationFreeStorage/Create_free_storage_with_tokens_exceeding_assigner's_individual_limit_should_fail (6.22s)",""],"Passed":true,"Skipped":false,"TestFileName":"","TestFunctionDetail":{"Line":0,"Col":0}}]},{"FailureIndicator":"","SkippedIndicator":"","TestResults":[{"TestName":"Test___FlakyScenariosCreateAllocationFreeStorage/Create_free_storage_with_wrong_recipient_wallet_should_fail","Package":"github.com/0chain/system_test/tests/cli_tests","ElapsedTime":9.24,"Output":["","    zwalletcli_register_wallet_test.go:91: Registering wallet...\n","    zwalletcli_register_wallet_test.go:111: Getting wallet...\n","    zwalletcli_register_wallet_test.go:91: Registering wallet...\n","--- PASS: Test___FlakyScenariosCreateAllocationFreeStorage/Create_free_storage_with_wrong_recipient_wallet_should_fail (9.24s)",""],"Passed":true,"Skipped":false,"TestFileName":"","TestFunctionDetail":{"Line":0,"Col":0}}]},{"FailureIndicator":"failed","SkippedIndicator":"","TestResults":[{"TestName":"Test___FlakyScenariosTransferAllocation","Package":"github.com/0chain/system_test/tests/cli_tests","ElapsedTime":0,"Output":["","","",""],"Passed":false,"Skipped":false,"TestFileName":"flaky___flaky_test.go","TestFunctionDetail":{"Line":301,"Col":1}}]},{"FailureIndicator":"failed","SkippedIndicator":"","TestResults":[{"TestName":"Test___FlakyScenariosTransferAllocation/transfer_allocation_accounting_test","Package":"github.com/0chain/system_test/tests/cli_tests","ElapsedTime":210.1,"Output":["","","","","    zwalletcli_register_wallet_test.go:91: Registering wallet...\n","","    zboxcli_update_allocation_test.go:559: Executing faucet...\n","","    zboxcli_create_allocation_test.go:262: Creating new allocation...\n","","    utils.go:62: \u001b[33mCommand failed on attempt [1/3] due to error [exit status 1]. Output: [Error creating allocation: [txn] too less sharders to confirm it: min_confirmation is 50%, but got 0/2 sharders -\u003cNEWLINE\u003e- https://dev-5.devnet-0chain.net/sharder02/v1/transaction/get/confirmation?hash=ea0999cdc66a3e1d0d4685e7446eb77692faf9641ea822d360f64aa1af6360f2: [400] {\"code\":\"entity_not_found\",\"error\":\"entity_not_found: txn_summary not found with id = ea0999cdc66a3e1d0d4685e7446eb77692faf9641ea822d360f64aa1af6360f2\"} -\u003cNEWLINE\u003e- https://dev-5.devnet-0chain.net/sharder01/v1/transaction/get/confirmation?hash=ea0999cdc66a3e1d0d4685e7446eb77692faf9641ea822d360f64aa1af6360f2: [400] {\"code\":\"entity_not_found\",\"error\":\"entity_not_found: txn_summary not found with id = ea0999cdc66a3e1d0d4685e7446eb77692faf9641ea822d360f64aa1af6360f2\"}]\n","","    utils.go:62: \u001b[33mCommand failed on attempt [2/3] due to error [exit status 1]. Output: [Error creating allocation: [txn] too less sharders to confirm it: min_confirmation is 50%, but got 0/2 sharders -\u003cNEWLINE\u003e- https://dev-5.devnet-0chain.net/sharder01/v1/transaction/get/confirmation?hash=0db2470b31f9c22e71c5fa18b07e8922426fece198d1e19055965e806acfc5ce: [400] {\"code\":\"entity_not_found\",\"error\":\"entity_not_found: txn_summary not found with id = 0db2470b31f9c22e71c5fa18b07e8922426fece198d1e19055965e806acfc5ce\"} -\u003cNEWLINE\u003e- https://dev-5.devnet-0chain.net/sharder02/v1/transaction/get/confirmation?hash=0db2470b31f9c22e71c5fa18b07e8922426fece198d1e19055965e806acfc5ce: [400] {\"code\":\"entity_not_found\",\"error\":\"entity_not_found: txn_summary not found with id = 0db2470b31f9c22e71c5fa18b07e8922426fece198d1e19055965e806acfc5ce\"}]\n","","    utils.go:65: \u001b[31mCommand failed on final attempt [3/3] due to error [exit status 1]. Command String: [./zbox newallocation --size 1024000 --expire 1h --lock 0.5 --silent --wallet Test___FlakyScenariosTransferAllocation-transfer_allocation_accounting_test_wallet.json --configDir ./config --config ./zbox_config.yaml --allocationFileName Test___FlakyScenariosTransferAllocation-transfer_allocation_accounting_test_allocation.txt] Output: [Error creating allocation: [txn] too less sharders to confirm it: min_confirmation is 50%, but got 0/2 sharders -\u003cNEWLINE\u003e- https://dev-5.devnet-0chain.net/sharder02/v1/transaction/get/confirmation?hash=a17f106a25919085d2aca40755767a6c3561943863e748f79d4c2b19661e57be: [400] {\"code\":\"entity_not_found\",\"error\":\"entity_not_found: txn_summary not found with id = a17f106a25919085d2aca40755767a6c3561943863e748f79d4c2b19661e57be\"} -\u003cNEWLINE\u003e- https://dev-5.devnet-0chain.net/sharder01/v1/transaction/get/confirmation?hash=a17f106a25919085d2aca40755767a6c3561943863e748f79d4c2b19661e57","be: [400] {\"code\":\"entity_not_found\",\"error\":\"entity_not_found: txn_summary not found with id = a17f106a25919085d2aca40755767a6c3561943863e748f79d4c2b19661e57be\"}]\n","    utils.go:68: \u001b[31mThe verbose output for the command is:\n","","    utils.go:72: \u001b[31m0chain-core-sdk [INFO]   2022/04/21 09:13:05.506616 wallet.go:292: ******* Wallet SDK Version:v1.7.2-2-g3237f5c-dirty ******* (SetLogFile)\n","    utils.go:72: \u001b[31m0box-sdk        [INFO]   2022/04/21 09:13:05.506648 sdk.go:73: ******* Storage SDK Version: v1.7.2-2-g3237f5c-dirty *******\n","    utils.go:72: \u001b[31m0chain-core-sdk [INFO]   2022/04/21 09:13:05.526711 wallet.go:410: ******* Wallet SDK Version:v1.7.2-2-g3237f5c-dirty ******* (InitZCNSDK)\n","    utils.go:72: \u001b[31m0box-sdk        [DEBUG]  2022/04/21 09:13:05.532625 networkworker.go:103: Get network result:{\"miners\":[\"https://dev-5.devnet-0chain.net/miner02\",\"https://dev-5.devnet-0chain.net/miner01\",\"https://dev-5.devnet-0chain.net/miner03\"],\"sharders\":[\"https://dev-5.devnet-0chain.net/sharder02\",\"https://dev-5.devnet-0chain.net/sharder01\"]}\n","    utils.go:72: \u001b[31m0box-sdk        \u001b[31m[ERROR]  2022/04/21 09:13:53.920680 sdk.go:1154: Error verifying the transaction[txn] too less sharders to confirm it: min_confirmation is 50%, but got 0/2 sharders\n","    utils.go:72: \u001b[31mhttps://dev-5.devnet-0chain.net/sharder02/v1/transaction/get/confirmation?hash=83c9afead041192a832d8f1c13e9c17cf0c9bbd1e26b13f314461ff4aca87710: [400] {\"code\":\"entity_not_found\",\"error\":\"entity_not_found: txn_summary not found with id = 83c9afead041192a832d8f1c13e9c17cf0c9bbd1e26b13f314461ff4aca87710\"}\n","    utils.go:72: \u001b[31mhttps://dev-5.devnet-0chain.net/sharder01/v1/transaction/get/confirmation?hash=83c9afead041192a832d8f1c13e9c17cf0c9bbd1e26b13f314461ff4aca87710: [400] {\"code\":\"entity_not_found\",\"error\":\"entity_not_found: txn_summary not found with id = 83c9afead041192a832d8f1c13e9c17cf0c9bbd1e26b13f314461ff4aca87710\"}\n","    utils.go:72: \u001b[31m83c9afead041192a832d8f1c13e9c17cf0c9bbd1e26b13f314461ff4aca87710\u001b[0m\n","    utils.go:72: \u001b[31mError creating allocation: [txn] too less sharders to confirm it: min_confirmation is 50%, but got 0/2 sharders\n","    zboxcli_update_allocation_test.go:482: \n","        \tError Trace:\tzboxcli_update_allocation_test.go:482\n","        \t            \t\t\t\tzboxcli_update_allocation_test.go:449\n","        \t            \t\t\t\tflaky___flaky_test.go:307\n","        \tError:      \tExpected nil, but got: \u0026exec.ExitError{ProcessState:(*os.ProcessState)(0xc0001c2198), Stderr:[]uint8(nil)}\n","        \tTest:       \tTest___FlakyScenariosTransferAllocation/transfer_allocation_accounting_test\n","        \tMessages:   \tcreate new allocation failed%!(EXTRA string=Error creating allocation: [txn] too less sharders to confirm it: min_confirmation is 50%, but got 0/2 sharders\n","        \t            \thttps://dev-5.devnet-0chain.net/sharder02/v1/transaction/get/confirmation?hash=a17f106a25919085d2aca40755767a6c3561943863e748f79d4c2b19661e57be: [400] {\"code\":\"entity_not_found\",\"error\":\"entity_not_found: txn_summary not found with id = a17f106a25919085d2aca40755767a6c3561943863e748f79d4c2b19661e57be\"}\n","        \t            \thttps://dev-5.devnet-0chain.net/sharder01/v1/transaction/get/confirmation?hash=a17f106a25919085d2aca40755767a6c3561943863e748f79d4c2b19661e57be: [400] {\"code\":\"entity_not_found\",\"error\":\"entity_not_found: txn_summary not found with id = a17f106a25919085d2aca40755767a6c3561943863e748f79d4c2b19661e57be\"})\n",""],"Passed":false,"Skipped":false,"TestFileName":"","TestFunctionDetail":{"Line":0,"Col":0}}]},{"FailureIndicator":"failed","SkippedIndicator":"","TestResults":[{"TestName":"Test___FlakyScenariosUpdateScSettings","Package":"github.com/0chain/system_test/tests/cli_tests","ElapsedTime":19.32,"Output":["",""],"Passed":false,"Skipped":false,"TestFileName":"flaky___flaky_test.go","TestFunctionDetail":{"Line":416,"Col":1}}]},{"FailureIndicator":"failed","SkippedIndicator":"","TestResults":[{"TestName":"Test___FlakyScenariosUpdateScSettings/should_allow_update_of_max_read_price","Package":"github.com/0chain/system_test/tests/cli_tests","ElapsedTime":19.32,"Output":["","    zwalletcli_register_wallet_test.go:91: Registering wallet...\n","    zwalletcli_register_wallet_test.go:91: Registering wallet...\n","    utils.go:133: Waiting 5s...\n","    zwalletcli_storage_update_config_test.go:114: Retrieving storage config...\n","    zwalletcli_storage_update_config_test.go:126: Updating storage config...\n","    utils.go:133: Waiting 5s...\n","    zwalletcli_storage_update_config_test.go:114: Retrieving storage config...\n","    flaky___flaky_test.go:494: \n","        \tError Trace:\tflaky___flaky_test.go:494\n","        \tError:      \tNot equal: \n","        \t            \texpected: \"99\"\n","        \t            \tactual  : \"100\"\n","        \t            \t\n","        \t            \tDiff:\n","        \t            \t--- Expected\n","        \t            \t+++ Actual\n","        \t            \t@@ -1 +1 @@\n","        \t            \t-99\n","        \t            \t+100\n","        \tTest:       \tTest___FlakyScenariosUpdateScSettings/should_allow_update_of_max_read_price\n","        \tMessages:   \tnew value 99 for config was not set%!(EXTRA string=max_read_price)\n","    zwalletcli_storage_update_config_test.go:126: Updating storage config...\n",""],"Passed":false,"Skipped":false,"TestFileName":"","TestFunctionDetail":{"Line":0,"Col":0}}]},{"FailureIndicator":"failed","SkippedIndicator":"","TestResults":[{"TestName":"Test___FlakyScenariosUpdateScSettings/update_max_read_price_to_invalid_value_should_fail","Package":"github.com/0chain/system_test/tests/cli_tests","ElapsedTime":6.18,"Output":["","","","    zwalletcli_register_wallet_test.go:91: Registering wallet...\n","    zwalletcli_register_wallet_test.go:91: Registering wallet...\n","    zwalletcli_storage_update_config_test.go:126: Updating storage config...\n","    flaky___flaky_test.go:439: \n","        \tError Trace:\tflaky___flaky_test.go:439\n","        \tError:      \tExpected value not to be nil.\n","        \tTest:       \tTest___FlakyScenariosUpdateScSettings/update_max_read_price_to_invalid_value_should_fail\n","        \tMessages:   \tstoragesc smart contract settings updated\n","        \t            \tHash: 0393f7e6ebdebb90de73b61bfed58812560a61d07c1a7cc0e0f4e8702395ff14\n",""],"Passed":false,"Skipped":false,"TestFileName":"","TestFunctionDetail":{"Line":0,"Col":0}}]},{"FailureIndicator":"","SkippedIndicator":"","TestResults":[{"TestName":"Test___FlakyUnhealthyBlobberScenarios","Package":"github.com/0chain/system_test/tests/cli_tests","ElapsedTime":0,"Output":["","--- PASS: Test___FlakyUnhealthyBlobberScenarios (0.00s)",""],"Passed":true,"Skipped":false,"TestFileName":"flaky___unhealthy_blobber_test.go","TestFunctionDetail":{"Line":10,"Col":1}}]}]

    const report = window.GoTestReport({
                                         data: data,
                                         testResultsElem: document.getElementById('testResults'),
                                         testGroupListElem: document.getElementById('testGroupList')
                                       });


</script>
</body>
</html>
