<!DOCTYPE html>
<html lang="en">
<head>
    <meta charset="UTF-8">
    <title>0Chain System test suite: Kill tests [fix_challenge/1daffd83] ran against [dev-5.devnet-0chain.net] at [2023-09-01_13.02.48]</title>
    <style type="text/css">
        body {
            font-family: sans-serif;
            background-color: #f3f3f3;
            border-top: 2px #dee6e8 solid;
            margin: 0;
        }

        div.pageHeader span.projectTitle {
            font-family: serif;
            font-size: 2em;
            padding-left: 56px;
            padding-top: 80px;
            display: block;
            color: #a5a5a5;
            text-shadow: 0 -1px 1px white;
        }

        div.pageHeader div.testStats {
            position: absolute;
            top: 7px;
            right: 52px;
            font-size: 0.8em;
            color: #a2a2a2;
        }

        div.pageHeader div.testStats span.indicator {
            font-size: 2em;
            position: relative;
            top: 5px;
            text-shadow: 0 1px 0 white;
        }

        div.pageHeader div.testStats span strong {
            margin-right: 16px;
        }

        div.pageHeader div.testStats span.total {
            border-right: 1px #afafaf dotted;
            background: #8298af;
        }

        div.pageHeader div.testStats span.passed {
            border-right: 1px #afafaf dotted;
            background: #6fca83;
        }

        div.pageHeader div.testStats span.skipped {
            background: #bababa;
        }

        div.pageHeader div.testStats span.failed {
            background: #ff7676;
        }

        div.pageHeader div.testStats span {
            margin-right: 1px;
            height: 55px;
            padding: 20px 8px 18px;
            color: white;
        }

        div.pageHeader .testGroupsTitle {
            margin: 16px 32px 8px 40px;
            font-size: 0.9em;
            color: darkgrey;
            display: inline-block;
        }

        div.pageHeader .testExecutionDate {
            display: inline-block;
            position: absolute;
            right: 10px;
            margin: 14px 32px 8px 40px;
            color: #9e9e9e;
            font-size: 0.9em;
        }

        .testReportContainer {
            padding: 0 32px 32px 32px;
        }

        .cardContainer {
            padding: 16px 16px 16px;
            box-shadow: 0 4px 4px #d4d4d4;
            background-color: white;
        }

        #testResults {
            display: flex;
            flex-wrap: wrap;
        }

        .testResultGroup {
            width: 24px;
            height: 24px;
            background-color: #43c143;
            margin-left: 1px;
            margin-bottom: 1px;
            box-sizing: border-box;
        }

        .testResultGroup.selected {
            border: 1px white solid;
            background-color: black !important;
        }

        .testResultGroup.skipped {
            border: 2px gray solid;
        }

        .testResultGroup.failed {
            background-color: red;
        }

        .cardContainer.testGroupList,
        .cardContainer.testDetail {
            margin-top: 16px;
            padding: 16px;
        }

        .cardContainer.testGroupList {
            color: #9c9c9c;
            padding: 0;
        }

        .cardContainer.testGroupList .testGroupRow {
            cursor: default;
            border-bottom: 1px #dadada dotted;
        }

        .cardContainer.testGroupList .testGroupRow span.testStatus {
            font-size: 1.2em;
            font-weight: bold;
            color: #139e13;
            pointer-events: none;
            display: inline-block;
            overflow: hidden;
            float: left;
            padding-top: 10px;
            padding-left: 20px;
            padding-right: 12px;
        }

        .cardContainer.testGroupList .testGroupRow span.testStatus.skipped {
            color: gray;
        }

        .cardContainer.testGroupList .testGroupRow span.testStatus.failed {
            color: red;
        }

        .cardContainer.testGroupList .testGroupRow span.testTitle {
            font-size: 0.9em;
            padding: 12px 0 10px;
            display: inline-block;
            pointer-events: none;
            color: #525252;
            text-overflow: ellipsis;
            overflow: hidden;
            width: calc(100% - 110px);
        }

        .cardContainer.testGroupList .testGroupRow span.testDuration {
            pointer-events: none;
        }

        .cardContainer.testGroupList .testGroupRow {
            position: relative;
            border-left: 4px #43c143 solid;
        }

        .cardContainer.testGroupList .testGroupRow.skipped {
            color: gray;
            border-left: 4px gray solid;
        }

        .cardContainer.testGroupList .testGroupRow.failed {
            color: red;
            border-left: 4px red solid;
        }

        .cardContainer.testGroupList .testGroupRow:hover {
            background-color: #fffaea;
            transition: 0.250s;
        }

        .cardContainer .testOutput {
            padding: 8px 16px 24px 16px;
        }

        .cardContainer .console {
            display: block;
            font-family: monospace;
            padding: 10px;
            background-color: #424242;
            color: #1aff00;
            border-bottom: 1px #1aff00 dotted;
            overflow: auto;
            font-size: 1.1em;
        }

        .cardContainer .testOutput .testDetail {
            border-bottom: 1px #d0d0d0 solid;
            padding: 16px;
            background-color: #e6e6e6;
            border-radius: 0 0 4px 4px;
            color: dimgrey;
            font-size: 0.8em;
        }

        .cardContainer .console.skipped{
            color: #d9d9d9;
        }

        .cardContainer .console.failed {
            color: #ffb2b2;
        }

        .cardContainer .testDuration {
            position: absolute;
            top: 5px;
            right: 8px;
            text-align: right;
            padding-right: 8px;
            box-sizing: border-box;
        }
    </style>
</head>
<body>
<div class="pageHeader">
    <span class="projectTitle">0Chain System test suite: Kill tests [fix_challenge/1daffd83] ran against [dev-5.devnet-0chain.net] at [2023-09-01_13.02.48]</span>
    <div class="testStats">
        <span class="total"><span class="indicator">&boxbox;</span> Total: <strong>3</strong>Duration: <strong>1ms</strong>
        </span><span class="passed"><span class="indicator">&check;</span> Passed: <strong>0</strong>
        </span><span class="skipped"><span class="indicator">&dash;</span> Skipped: <strong>1</strong>
        </span><span class="failed"><span class="indicator">&cross;</span> Failed: <strong>2</strong>
        </span>
    </div>
    <span class="testGroupsTitle">Test Groups:</span>
    <span class="testExecutionDate">September 1, 2023 13:58:07</span>
</div>
<div class="testReportContainer">
    <div class="cardContainer">
        <div id="testResults">
            
                <div class="testResultGroup  skipped" id="0"></div>
            
                <div class="testResultGroup failed " id="1"></div>
            
                <div class="testResultGroup failed " id="2"></div>
            
        </div>
    </div>
    <div class="cardContainer testGroupList" id="testGroupList"></div>
</div>
<script type="application/javascript">
    /**
 * @typedef TestStatus
 * @property {string} TestName
 * @property {string} Package
 * @property {number} ElapsedTime
 * @property {Array.<string>} Output
 * @property {boolean} Passed
 * @property {boolean} Skipped
 */
class TestStatus {}

/**
 * @typedef TestGroupData
 * @type {object}
 * @property {string} FailureIndicator
 * @property {string} SkippedIndicator
 * @property {Array.<TestStatus>}
 */
class TestGroupData {}

/**
 * @typedef TestResults
 * @type {Array.<TestGroupData>}
 */
class TestResults extends Array {}

/**
 * @typedef SelectedItems
 * @property {HTMLElement|EventTarget} testResults
 * @property {String} selectedTestGroupColor
 */
class SelectedItems {}

/**
 * @typedef GoTestReportElements
 * @property {TestResults} data
 * @property {HTMLElement} testResultsElem
 * @property {HTMLElement} testGroupListElem
 */
class GoTestReportElements {}


/**
 * Main entry point for GoTestReport.
 * @param {GoTestReportElements} elements
 * @returns {{testResultsClickHandler: testResultsClickHandler}}
 * @constructor
 */
window.GoTestReport = function (elements) {
  const /**@type {SelectedItems}*/ selectedItems = {
    testResults: null,
    selectedTestGroupColor: null
  }

  function addEventData(event) {
    if (event.data == null) {
      event.data = {target: event.target}
    }
    return event
  }


  const goTestReport = {
    /**
     * Invoked when a user clicks on one of the test group div elements.
     * @param {HTMLElement} target The element associated with the test group.
     * @param {boolean} shiftKey If pressed, all of test detail associated to the test group is shown.
     * @param {TestResults} data
     * @param {SelectedItems} selectedItems
     * @param {function(target: Element, data: TestResults)} testGroupListHandler
     */
    testResultsClickHandler: function (target,
                                       shiftKey,
                                       data,
                                       selectedItems,
                                       testGroupListHandler) {

      if (target.classList.contains('testResultGroup') === false) {
        return
      }
      if (selectedItems.testResults != null) {
        let testResultsElement = /**@type {HTMLElement}*/ selectedItems.testResults
        testResultsElement.classList.remove("selected")
        testResultsElement.style.backgroundColor = selectedItems.selectedTestGroupColor
      }
      const testGroupId = /**@type {number}*/ target.id
      if ((target.id === undefined)
        || (data[testGroupId] === undefined)
        || (data[testGroupId]['TestResults'] === undefined)) {
        return
      }
      const testResults = /**@type {TestResults}*/ data[testGroupId]['TestResults']
      let testGroupList = /**@type {string}*/ ''
      selectedItems.selectedTestGroupColor = getComputedStyle(target).getPropertyValue('background-color')
      selectedItems.testResults = target
      target.classList.add("selected")
      for (let i = 0; i < testResults.length; i++) {
        const testResult = /**@type {TestGroupData}*/ testResults[i]
        const testPassed = /**@type {boolean}*/ testResult.Passed
        const testSkipped = /**@type {boolean}*/ testResult.Skipped
        const testPassedStatus = /**@type {string}*/ (testPassed) ? '' : (testSkipped ? 'skipped' : 'failed')
        const testId = /**@type {string}*/ target.attributes['id'].value
        testGroupList += `<div class="testGroupRow ${testPassedStatus}" data-groupid="${testId}" data-index="${i}">
        <span class="testStatus ${testPassedStatus}">${(testPassed) ? '&check' : (testSkipped ? '&dash' : '&cross')};</span>
        <span class="testTitle">${testResult.TestName}</span>
        <span class="testDuration"><span>${testResult.ElapsedTime}s </span>‚è±</span>
      </div>`
      }
      const testGroupListElem = elements.testGroupListElem
      testGroupListElem.innerHTML = ''
      testGroupListElem.innerHTML = testGroupList

      if (shiftKey) {
        testGroupListElem.querySelectorAll('.testGroupRow')
                         .forEach((elem) => testGroupListHandler(elem, data))
      } else if (testResults.length === 1) {
        testGroupListHandler(testGroupListElem.querySelector('.testGroupRow'), data)
      }
    },

    /**
     *
     * @param {Element} target
     * @param {TestResults} data
     */
    testGroupListHandler: function (target, data) {
      const attribs = target['attributes']
      if (attribs.hasOwnProperty('data-groupid')) {
        const groupId = /**@type {number}*/ attribs['data-groupid'].value
        const testIndex = /**@type {number}*/ attribs['data-index'].value
        const testStatus = /**@type {TestStatus}*/ data[groupId]['TestResults'][testIndex]
        const testOutputDiv = /**@type {HTMLDivElement}*/ target.querySelector('div.testOutput')

        if (testOutputDiv == null) {
          const testOutputDiv = document.createElement('div')
          testOutputDiv.classList.add('testOutput')
          const consolePre = document.createElement('pre')
          consolePre.classList.add('console')
          const testDetailDiv = document.createElement('div')
          testDetailDiv.classList.add('testDetail')
          const packageNameDiv = document.createElement('div')
          packageNameDiv.classList.add('package')
          packageNameDiv.innerHTML = `<strong>Package:</strong> ${testStatus.Package}`
          const testFileNameDiv = document.createElement('div')
          testFileNameDiv.classList.add('filename')
          if (testStatus.TestFileName.trim() === "") {
            testFileNameDiv.innerHTML = `<strong>Filename:</strong> n/a &nbsp;&nbsp;`
          } else {
            testFileNameDiv.innerHTML = `<strong>Filename:</strong> ${testStatus.TestFileName} &nbsp;&nbsp;`
            testFileNameDiv.innerHTML += `<strong>Line:</strong> ${testStatus.TestFunctionDetail.Line} `
            testFileNameDiv.innerHTML += `<strong>Col:</strong> ${testStatus.TestFunctionDetail.Col}`
          }
          testDetailDiv.insertAdjacentElement('beforeend', packageNameDiv)
          testDetailDiv.insertAdjacentElement('beforeend', testFileNameDiv)
          testOutputDiv.insertAdjacentElement('afterbegin', consolePre)
          testOutputDiv.insertAdjacentElement('beforeend', testDetailDiv)
          target.insertAdjacentElement('beforeend', testOutputDiv)

          if (testStatus.Passed) {
            consolePre.classList.remove('skipped')
            consolePre.classList.remove('failed')
          } else if (testStatus.Skipped) {
            consolePre.classList.add('skipped')
            consolePre.classList.remove('failed')
          } else {
            consolePre.classList.remove('skipped')
            consolePre.classList.add('failed')
          }
          consolePre.textContent = testStatus.Output.join('')
        } else {
          testOutputDiv.remove()
        }
      }
    }
  }

  //+------------------------+
  //|    setup DOM events    |
  //+------------------------+
  elements.testResultsElem
          .addEventListener('click', event =>
            goTestReport.testResultsClickHandler(/**@type {HTMLElement}*/ addEventData(event).data.target,
                                                 event.shiftKey,
                                                 elements.data,
                                                 selectedItems,
                                                 goTestReport.testGroupListHandler))

  elements.testGroupListElem
          .addEventListener('click', event =>
            goTestReport.testGroupListHandler(/**@type {Element}*/ event.target,
                                              elements.data))

  return goTestReport
}


    

    const data = [{"FailureIndicator":"","SkippedIndicator":"skipped","TestResults":[{"TestName":"TestKillBlobber","Package":"github.com/0chain/system_test/tests/cli_tests","ElapsedTime":0,"Output":["","    zboxcli_kill_blobber_test.go:22: skipping test; need to fix the test\n","--- SKIP: TestKillBlobber (0.00s)\n",""],"Passed":false,"Skipped":true,"TestFileName":"zboxcli_kill_blobber_test.go","TestFunctionDetail":{"Line":20,"Col":1}}]},{"FailureIndicator":"failed","SkippedIndicator":"","TestResults":[{"TestName":"TestKillMiner","Package":"github.com/0chain/system_test/tests/cli_tests","ElapsedTime":10.19,"Output":["","    zwalletcli_register_wallet_test.go:123: creating wallet...\n","    zboxcli_update_allocation_test.go:950: Executing faucet...\n","    utils.go:82: \u001b[33mCommand failed on attempt [1/3] due to error [exit status 1]. Output: [UpdateNetworkDetails: get_network_details_error: Unable to get http request with 404 Not Found -\u003cNEWLINE\u003e- get_network_details_error: Unable to get http request with 404 Not Found]\n","    utils.go:82: \u001b[33mCommand failed on attempt [2/3] due to error [exit status 1]. Output: [UpdateNetworkDetails: get_network_details_error: Unable to get http request with 404 Not Found -\u003cNEWLINE\u003e- get_network_details_error: Unable to get http request with 404 Not Found]\n","    utils.go:98: \u001b[31mCommand failed on final attempt [3/3] due to error [exit status 1]. Command String: [] Output: [UpdateNetworkDetails: get_network_details_error: Unable to get http request with 404 Not Found -\u003cNEWLINE\u003e- get_network_details_error: Unable to get http request with 404 Not Found]\n","    utils.go:101: \u001b[31mThe verbose output for the command is:\n","    utils.go:105: \u001b[31m0chain-core-sdk [INFO]   2023/09/01 13:57:15.336313 wallet_base.go:329: ******* Wallet SDK Version:v1.8.17-78-g80b63345 ******* (SetLogFile)\n","    utils.go:105: \u001b[31m0chain-core-sdk \u001b[31m[ERROR]  2023/09/01 13:57:15.359698 networkworker.go:52: Failed to update network details {error 26 0  get_network_details_error: Unable to get http request with 404 Not Found}\u001b[0m\n","    utils.go:105: \u001b[31mUpdateNetworkDetails: get_network_details_error: Unable to get http request with 404 Not Found\n","    utils.go:105: \u001b[31mget_network_details_error: Unable to get http request with 404 Not Found\n","    zwalletcli_register_wallet_test.go:140: faucet output: [UpdateNetworkDetails: get_network_details_error: Unable to get http request with 404 Not Found get_network_details_error: Unable to get http request with 404 Not Found]\n","    assertions.go:333: \n","        \tError Trace:\t/root/actions-runner5/_work/system_test/system_test/tests/cli_tests/zzzwalletcli_kill_miner_test.go:24\n","        \tError:      \tExpected nil, but got: \u0026exec.ExitError{ProcessState:(*os.ProcessState)(0xc0009f4360), Stderr:[]uint8(nil)}\n","        \tTest:       \tTestKillMiner\n","        \tMessages:   \terror creating wallet%!(EXTRA string=UpdateNetworkDetails: get_network_details_error: Unable to get http request with 404 Not Found\n","        \t            \tget_network_details_error: Unable to get http request with 404 Not Found)\n","","","    zwalletcli_register_wallet_test.go:123: creating wallet...\n","    zboxcli_update_allocation_test.go:950: Executing faucet...\n","    utils.go:82: \u001b[33mCommand failed on attempt [1/3] due to error [exit status 1]. Output: [UpdateNetworkDetails: get_network_details_error: Unable to get http request with 404 Not Found -\u003cNEWLINE\u003e- get_network_details_error: Unable to get http request with 404 Not Found]\n","    utils.go:82: \u001b[33mCommand failed on attempt [2/3] due to error [exit status 1]. Output: [UpdateNetworkDetails: get_network_details_error: Unable to get http request with 404 Not Found -\u003cNEWLINE\u003e- get_network_details_error: Unable to get http request with 404 Not Found]\n","    utils.go:98: \u001b[31mCommand failed on final attempt [3/3] due to error [exit status 1]. Command String: [] Output: [UpdateNetworkDetails: get_network_details_error: Unable to get http request with 404 Not Found -\u003cNEWLINE\u003e- get_network_details_error: Unable to get http request with 404 Not Found]\n","    utils.go:101: \u001b[31mThe verbose output for the command is:\n","    utils.go:105: \u001b[31m0chain-core-sdk [INFO]   2023/09/01 13:57:41.241637 wallet_base.go:329: ******* Wallet SDK Version:v1.8.17-78-g80b63345 ******* (SetLogFile)\n","    utils.go:105: \u001b[31m0chain-core-sdk \u001b[31m[ERROR]  2023/09/01 13:57:41.266352 networkworker.go:52: Failed to update network details {error 26 0  get_network_details_error: Unable to get http request with 404 Not Found}\u001b[0m\n","    utils.go:105: \u001b[31mUpdateNetworkDetails: get_network_details_error: Unable to get http request with 404 Not Found\n","    utils.go:105: \u001b[31mget_network_details_error: Unable to get http request with 404 Not Found\n","    zwalletcli_register_wallet_test.go:140: faucet output: [UpdateNetworkDetails: get_network_details_error: Unable to get http request with 404 Not Found get_network_details_error: Unable to get http request with 404 Not Found]\n","    assertions.go:333: \n","        \tError Trace:\t/root/actions-runner5/_work/system_test/system_test/tests/cli_tests/zzzwalletcli_kill_miner_test.go:24\n","        \tError:      \tExpected nil, but got: \u0026exec.ExitError{ProcessState:(*os.ProcessState)(0xc000b34258), Stderr:[]uint8(nil)}\n","        \tTest:       \tTestKillMiner\n","        \tMessages:   \terror creating wallet%!(EXTRA string=UpdateNetworkDetails: get_network_details_error: Unable to get http request with 404 Not Found\n","        \t            \tget_network_details_error: Unable to get http request with 404 Not Found)\n","","","    zwalletcli_register_wallet_test.go:123: creating wallet...\n","    zboxcli_update_allocation_test.go:950: Executing faucet...\n","    utils.go:82: \u001b[33mCommand failed on attempt [1/3] due to error [exit status 1]. Output: [UpdateNetworkDetails: get_network_details_error: Unable to get http request with 404 Not Found -\u003cNEWLINE\u003e- get_network_details_error: Unable to get http request with 404 Not Found]\n","    utils.go:82: \u001b[33mCommand failed on attempt [2/3] due to error [exit status 1]. Output: [UpdateNetworkDetails: get_network_details_error: Unable to get http request with 404 Not Found -\u003cNEWLINE\u003e- get_network_details_error: Unable to get http request with 404 Not Found]\n","    utils.go:98: \u001b[31mCommand failed on final attempt [3/3] due to error [exit status 1]. Command String: [] Output: [UpdateNetworkDetails: get_network_details_error: Unable to get http request with 404 Not Found -\u003cNEWLINE\u003e- get_network_details_error: Unable to get http request with 404 Not Found]\n","    utils.go:101: \u001b[31mThe verbose output for the command is:\n","    utils.go:105: \u001b[31m0chain-core-sdk [INFO]   2023/09/01 13:58:06.966305 wallet_base.go:329: ******* Wallet SDK Version:v1.8.17-78-g80b63345 ******* (SetLogFile)\n","    utils.go:105: \u001b[31m0chain-core-sdk \u001b[31m[ERROR]  2023/09/01 13:58:06.991179 networkworker.go:52: Failed to update network details {error 26 0  get_network_details_error: Unable to get http request with 404 Not Found}\u001b[0m\n","    utils.go:105: \u001b[31mUpdateNetworkDetails: get_network_details_error: Unable to get http request with 404 Not Found\n","    utils.go:105: \u001b[31mget_network_details_error: Unable to get http request with 404 Not Found\n","    zwalletcli_register_wallet_test.go:140: faucet output: [UpdateNetworkDetails: get_network_details_error: Unable to get http request with 404 Not Found get_network_details_error: Unable to get http request with 404 Not Found]\n","    assertions.go:333: \n","        \tError Trace:\t/root/actions-runner5/_work/system_test/system_test/tests/cli_tests/zzzwalletcli_kill_miner_test.go:24\n","        \tError:      \tExpected nil, but got: \u0026exec.ExitError{ProcessState:(*os.ProcessState)(0xc000a80510), Stderr:[]uint8(nil)}\n","        \tTest:       \tTestKillMiner\n","        \tMessages:   \terror creating wallet%!(EXTRA string=UpdateNetworkDetails: get_network_details_error: Unable to get http request with 404 Not Found\n","        \t            \tget_network_details_error: Unable to get http request with 404 Not Found)\n",""],"Passed":false,"Skipped":false,"TestFileName":"zzzwalletcli_kill_miner_test.go","TestFunctionDetail":{"Line":20,"Col":1}}]},{"FailureIndicator":"failed","SkippedIndicator":"","TestResults":[{"TestName":"TestKillSharder","Package":"github.com/0chain/system_test/tests/cli_tests","ElapsedTime":10.19,"Output":["","    zwalletcli_register_wallet_test.go:123: creating wallet...\n","    zboxcli_update_allocation_test.go:950: Executing faucet...\n","    utils.go:82: \u001b[33mCommand failed on attempt [1/3] due to error [exit status 1]. Output: [UpdateNetworkDetails: get_network_details_error: Unable to get http request with 404 Not Found -\u003cNEWLINE\u003e- get_network_details_error: Unable to get http request with 404 Not Found]\n","    utils.go:82: \u001b[33mCommand failed on attempt [2/3] due to error [exit status 1]. Output: [UpdateNetworkDetails: get_network_details_error: Unable to get http request with 404 Not Found -\u003cNEWLINE\u003e- get_network_details_error: Unable to get http request with 404 Not Found]\n","    utils.go:98: \u001b[31mCommand failed on final attempt [3/3] due to error [exit status 1]. Command String: [] Output: [UpdateNetworkDetails: get_network_details_error: Unable to get http request with 404 Not Found -\u003cNEWLINE\u003e- get_network_details_error: Unable to get http request with 404 Not Found]\n","    utils.go:101: \u001b[31mThe verbose output for the command is:\n","    utils.go:105: \u001b[31m0chain-core-sdk [INFO]   2023/09/01 13:57:05.162387 wallet_base.go:329: ******* Wallet SDK Version:v1.8.17-78-g80b63345 ******* (SetLogFile)\n","    utils.go:105: \u001b[31m0chain-core-sdk \u001b[31m[ERROR]  2023/09/01 13:57:05.182474 networkworker.go:52: Failed to update network details {error 26 0  get_network_details_error: Unable to get http request with 404 Not Found}\u001b[0m\n","    utils.go:105: \u001b[31mUpdateNetworkDetails: get_network_details_error: Unable to get http request with 404 Not Found\n","    utils.go:105: \u001b[31mget_network_details_error: Unable to get http request with 404 Not Found\n","    zwalletcli_register_wallet_test.go:140: faucet output: [UpdateNetworkDetails: get_network_details_error: Unable to get http request with 404 Not Found get_network_details_error: Unable to get http request with 404 Not Found]\n","    assertions.go:333: \n","        \tError Trace:\t/root/actions-runner5/_work/system_test/system_test/tests/cli_tests/zzwalletcli_kill_sharder_test.go:24\n","        \tError:      \tExpected nil, but got: \u0026exec.ExitError{ProcessState:(*os.ProcessState)(0xc0009f4000), Stderr:[]uint8(nil)}\n","        \tTest:       \tTestKillSharder\n","        \tMessages:   \terror registering wallet%!(EXTRA string=UpdateNetworkDetails: get_network_details_error: Unable to get http request with 404 Not Found\n","        \t            \tget_network_details_error: Unable to get http request with 404 Not Found)\n","","","    zwalletcli_register_wallet_test.go:123: creating wallet...\n","    zboxcli_update_allocation_test.go:950: Executing faucet...\n","    utils.go:82: \u001b[33mCommand failed on attempt [1/3] due to error [exit status 1]. Output: [UpdateNetworkDetails: get_network_details_error: Unable to get http request with 404 Not Found -\u003cNEWLINE\u003e- get_network_details_error: Unable to get http request with 404 Not Found]\n","    utils.go:82: \u001b[33mCommand failed on attempt [2/3] due to error [exit status 1]. Output: [UpdateNetworkDetails: get_network_details_error: Unable to get http request with 404 Not Found -\u003cNEWLINE\u003e- get_network_details_error: Unable to get http request with 404 Not Found]\n","    utils.go:98: \u001b[31mCommand failed on final attempt [3/3] due to error [exit status 1]. Command String: [] Output: [UpdateNetworkDetails: get_network_details_error: Unable to get http request with 404 Not Found -\u003cNEWLINE\u003e- get_network_details_error: Unable to get http request with 404 Not Found]\n","    utils.go:101: \u001b[31mThe verbose output for the command is:\n","    utils.go:105: \u001b[31m0chain-core-sdk [INFO]   2023/09/01 13:57:28.327546 wallet_base.go:329: ******* Wallet SDK Version:v1.8.17-78-g80b63345 ******* (SetLogFile)\n","    utils.go:105: \u001b[31m0chain-core-sdk \u001b[31m[ERROR]  2023/09/01 13:57:28.352086 networkworker.go:52: Failed to update network details {error 26 0  get_network_details_error: Unable to get http request with 404 Not Found}\u001b[0m\n","    utils.go:105: \u001b[31mUpdateNetworkDetails: get_network_details_error: Unable to get http request with 404 Not Found\n","    utils.go:105: \u001b[31mget_network_details_error: Unable to get http request with 404 Not Found\n","    zwalletcli_register_wallet_test.go:140: faucet output: [UpdateNetworkDetails: get_network_details_error: Unable to get http request with 404 Not Found get_network_details_error: Unable to get http request with 404 Not Found]\n","    assertions.go:333: \n","        \tError Trace:\t/root/actions-runner5/_work/system_test/system_test/tests/cli_tests/zzwalletcli_kill_sharder_test.go:24\n","        \tError:      \tExpected nil, but got: \u0026exec.ExitError{ProcessState:(*os.ProcessState)(0xc0004dc870), Stderr:[]uint8(nil)}\n","        \tTest:       \tTestKillSharder\n","        \tMessages:   \terror registering wallet%!(EXTRA string=UpdateNetworkDetails: get_network_details_error: Unable to get http request with 404 Not Found\n","        \t            \tget_network_details_error: Unable to get http request with 404 Not Found)\n","","","    zwalletcli_register_wallet_test.go:123: creating wallet...\n","    zboxcli_update_allocation_test.go:950: Executing faucet...\n","    utils.go:82: \u001b[33mCommand failed on attempt [1/3] due to error [exit status 1]. Output: [UpdateNetworkDetails: get_network_details_error: Unable to get http request with 404 Not Found -\u003cNEWLINE\u003e- get_network_details_error: Unable to get http request with 404 Not Found]\n","    utils.go:82: \u001b[33mCommand failed on attempt [2/3] due to error [exit status 1]. Output: [UpdateNetworkDetails: get_network_details_error: Unable to get http request with 404 Not Found -\u003cNEWLINE\u003e- get_network_details_error: Unable to get http request with 404 Not Found]\n","    utils.go:98: \u001b[31mCommand failed on final attempt [3/3] due to error [exit status 1]. Command String: [] Output: [UpdateNetworkDetails: get_network_details_error: Unable to get http request with 404 Not Found -\u003cNEWLINE\u003e- get_network_details_error: Unable to get http request with 404 Not Found]\n","    utils.go:101: \u001b[31mThe verbose output for the command is:\n","    utils.go:105: \u001b[31m0chain-core-sdk [INFO]   2023/09/01 13:57:54.083036 wallet_base.go:329: ******* Wallet SDK Version:v1.8.17-78-g80b63345 ******* (SetLogFile)\n","    utils.go:105: \u001b[31m0chain-core-sdk \u001b[31m[ERROR]  2023/09/01 13:57:54.107866 networkworker.go:52: Failed to update network details {error 26 0  get_network_details_error: Unable to get http request with 404 Not Found}\u001b[0m\n","    utils.go:105: \u001b[31mUpdateNetworkDetails: get_network_details_error: Unable to get http request with 404 Not Found\n","    utils.go:105: \u001b[31mget_network_details_error: Unable to get http request with 404 Not Found\n","    zwalletcli_register_wallet_test.go:140: faucet output: [UpdateNetworkDetails: get_network_details_error: Unable to get http request with 404 Not Found get_network_details_error: Unable to get http request with 404 Not Found]\n","    assertions.go:333: \n","        \tError Trace:\t/root/actions-runner5/_work/system_test/system_test/tests/cli_tests/zzwalletcli_kill_sharder_test.go:24\n","        \tError:      \tExpected nil, but got: \u0026exec.ExitError{ProcessState:(*os.ProcessState)(0xc0005ca300), Stderr:[]uint8(nil)}\n","        \tTest:       \tTestKillSharder\n","        \tMessages:   \terror registering wallet%!(EXTRA string=UpdateNetworkDetails: get_network_details_error: Unable to get http request with 404 Not Found\n","        \t            \tget_network_details_error: Unable to get http request with 404 Not Found)\n",""],"Passed":false,"Skipped":false,"TestFileName":"zzwalletcli_kill_sharder_test.go","TestFunctionDetail":{"Line":20,"Col":1}}]}]

    const report = window.GoTestReport({
                                         data: data,
                                         testResultsElem: document.getElementById('testResults'),
                                         testGroupListElem: document.getElementById('testGroupList')
                                       });


</script>
</body>
</html>
