<!DOCTYPE html>
<html lang="en">
<head>
    <meta charset="UTF-8">
    <title>0Chain Flaky system test suite [master/c0c8c2f7] ran against [dev-2.devnet-0chain.net] at [2023-05-29_14.18.29]</title>
    <style type="text/css">
        body {
            font-family: sans-serif;
            background-color: #f3f3f3;
            border-top: 2px #dee6e8 solid;
            margin: 0;
        }

        div.pageHeader span.projectTitle {
            font-family: serif;
            font-size: 2em;
            padding-left: 56px;
            padding-top: 80px;
            display: block;
            color: #a5a5a5;
            text-shadow: 0 -1px 1px white;
        }

        div.pageHeader div.testStats {
            position: absolute;
            top: 7px;
            right: 52px;
            font-size: 0.8em;
            color: #a2a2a2;
        }

        div.pageHeader div.testStats span.indicator {
            font-size: 2em;
            position: relative;
            top: 5px;
            text-shadow: 0 1px 0 white;
        }

        div.pageHeader div.testStats span strong {
            margin-right: 16px;
        }

        div.pageHeader div.testStats span.total {
            border-right: 1px #afafaf dotted;
            background: #8298af;
        }

        div.pageHeader div.testStats span.passed {
            border-right: 1px #afafaf dotted;
            background: #6fca83;
        }

        div.pageHeader div.testStats span.skipped {
            background: #bababa;
        }

        div.pageHeader div.testStats span.failed {
            background: #ff7676;
        }

        div.pageHeader div.testStats span {
            margin-right: 1px;
            height: 55px;
            padding: 20px 8px 18px;
            color: white;
        }

        div.pageHeader .testGroupsTitle {
            margin: 16px 32px 8px 40px;
            font-size: 0.9em;
            color: darkgrey;
            display: inline-block;
        }

        div.pageHeader .testExecutionDate {
            display: inline-block;
            position: absolute;
            right: 10px;
            margin: 14px 32px 8px 40px;
            color: #9e9e9e;
            font-size: 0.9em;
        }

        .testReportContainer {
            padding: 0 32px 32px 32px;
        }

        .cardContainer {
            padding: 16px 16px 16px;
            box-shadow: 0 4px 4px #d4d4d4;
            background-color: white;
        }

        #testResults {
            display: flex;
            flex-wrap: wrap;
        }

        .testResultGroup {
            width: 24px;
            height: 24px;
            background-color: #43c143;
            margin-left: 1px;
            margin-bottom: 1px;
            box-sizing: border-box;
        }

        .testResultGroup.selected {
            border: 1px white solid;
            background-color: black !important;
        }

        .testResultGroup.skipped {
            border: 2px gray solid;
        }

        .testResultGroup.failed {
            background-color: red;
        }

        .cardContainer.testGroupList,
        .cardContainer.testDetail {
            margin-top: 16px;
            padding: 16px;
        }

        .cardContainer.testGroupList {
            color: #9c9c9c;
            padding: 0;
        }

        .cardContainer.testGroupList .testGroupRow {
            cursor: default;
            border-bottom: 1px #dadada dotted;
        }

        .cardContainer.testGroupList .testGroupRow span.testStatus {
            font-size: 1.2em;
            font-weight: bold;
            color: #139e13;
            pointer-events: none;
            display: inline-block;
            overflow: hidden;
            float: left;
            padding-top: 10px;
            padding-left: 20px;
            padding-right: 12px;
        }

        .cardContainer.testGroupList .testGroupRow span.testStatus.skipped {
            color: gray;
        }

        .cardContainer.testGroupList .testGroupRow span.testStatus.failed {
            color: red;
        }

        .cardContainer.testGroupList .testGroupRow span.testTitle {
            font-size: 0.9em;
            padding: 12px 0 10px;
            display: inline-block;
            pointer-events: none;
            color: #525252;
            text-overflow: ellipsis;
            overflow: hidden;
            width: calc(100% - 110px);
        }

        .cardContainer.testGroupList .testGroupRow span.testDuration {
            pointer-events: none;
        }

        .cardContainer.testGroupList .testGroupRow {
            position: relative;
            border-left: 4px #43c143 solid;
        }

        .cardContainer.testGroupList .testGroupRow.skipped {
            color: gray;
            border-left: 4px gray solid;
        }

        .cardContainer.testGroupList .testGroupRow.failed {
            color: red;
            border-left: 4px red solid;
        }

        .cardContainer.testGroupList .testGroupRow:hover {
            background-color: #fffaea;
            transition: 0.250s;
        }

        .cardContainer .testOutput {
            padding: 8px 16px 24px 16px;
        }

        .cardContainer .console {
            display: block;
            font-family: monospace;
            padding: 10px;
            background-color: #424242;
            color: #1aff00;
            border-bottom: 1px #1aff00 dotted;
            overflow: auto;
            font-size: 1.1em;
        }

        .cardContainer .testOutput .testDetail {
            border-bottom: 1px #d0d0d0 solid;
            padding: 16px;
            background-color: #e6e6e6;
            border-radius: 0 0 4px 4px;
            color: dimgrey;
            font-size: 0.8em;
        }

        .cardContainer .console.skipped{
            color: #d9d9d9;
        }

        .cardContainer .console.failed {
            color: #ffb2b2;
        }

        .cardContainer .testDuration {
            position: absolute;
            top: 5px;
            right: 8px;
            text-align: right;
            padding-right: 8px;
            box-sizing: border-box;
        }
    </style>
</head>
<body>
<div class="pageHeader">
    <span class="projectTitle">0Chain Flaky system test suite [master/c0c8c2f7] ran against [dev-2.devnet-0chain.net] at [2023-05-29_14.18.29]</span>
    <div class="testStats">
        <span class="total"><span class="indicator">&boxbox;</span> Total: <strong>11</strong>Duration: <strong>1ms</strong>
        </span><span class="passed"><span class="indicator">&check;</span> Passed: <strong>5</strong>
        </span><span class="skipped"><span class="indicator">&dash;</span> Skipped: <strong>3</strong>
        </span><span class="failed"><span class="indicator">&cross;</span> Failed: <strong>3</strong>
        </span>
    </div>
    <span class="testGroupsTitle">Test Groups:</span>
    <span class="testExecutionDate">May 29, 2023 15:27:28</span>
</div>
<div class="testReportContainer">
    <div class="cardContainer">
        <div id="testResults">
            
                <div class="testResultGroup  skipped" id="0"></div>
            
                <div class="testResultGroup  " id="1"></div>
            
                <div class="testResultGroup  skipped" id="2"></div>
            
                <div class="testResultGroup  " id="3"></div>
            
                <div class="testResultGroup  " id="4"></div>
            
                <div class="testResultGroup  " id="5"></div>
            
                <div class="testResultGroup  " id="6"></div>
            
                <div class="testResultGroup  skipped" id="7"></div>
            
                <div class="testResultGroup failed " id="8"></div>
            
                <div class="testResultGroup failed " id="9"></div>
            
                <div class="testResultGroup failed " id="10"></div>
            
        </div>
    </div>
    <div class="cardContainer testGroupList" id="testGroupList"></div>
</div>
<script type="application/javascript">
    /**
 * @typedef TestStatus
 * @property {string} TestName
 * @property {string} Package
 * @property {number} ElapsedTime
 * @property {Array.<string>} Output
 * @property {boolean} Passed
 * @property {boolean} Skipped
 */
class TestStatus {}

/**
 * @typedef TestGroupData
 * @type {object}
 * @property {string} FailureIndicator
 * @property {string} SkippedIndicator
 * @property {Array.<TestStatus>}
 */
class TestGroupData {}

/**
 * @typedef TestResults
 * @type {Array.<TestGroupData>}
 */
class TestResults extends Array {}

/**
 * @typedef SelectedItems
 * @property {HTMLElement|EventTarget} testResults
 * @property {String} selectedTestGroupColor
 */
class SelectedItems {}

/**
 * @typedef GoTestReportElements
 * @property {TestResults} data
 * @property {HTMLElement} testResultsElem
 * @property {HTMLElement} testGroupListElem
 */
class GoTestReportElements {}


/**
 * Main entry point for GoTestReport.
 * @param {GoTestReportElements} elements
 * @returns {{testResultsClickHandler: testResultsClickHandler}}
 * @constructor
 */
window.GoTestReport = function (elements) {
  const /**@type {SelectedItems}*/ selectedItems = {
    testResults: null,
    selectedTestGroupColor: null
  }

  function addEventData(event) {
    if (event.data == null) {
      event.data = {target: event.target}
    }
    return event
  }


  const goTestReport = {
    /**
     * Invoked when a user clicks on one of the test group div elements.
     * @param {HTMLElement} target The element associated with the test group.
     * @param {boolean} shiftKey If pressed, all of test detail associated to the test group is shown.
     * @param {TestResults} data
     * @param {SelectedItems} selectedItems
     * @param {function(target: Element, data: TestResults)} testGroupListHandler
     */
    testResultsClickHandler: function (target,
                                       shiftKey,
                                       data,
                                       selectedItems,
                                       testGroupListHandler) {

      if (target.classList.contains('testResultGroup') === false) {
        return
      }
      if (selectedItems.testResults != null) {
        let testResultsElement = /**@type {HTMLElement}*/ selectedItems.testResults
        testResultsElement.classList.remove("selected")
        testResultsElement.style.backgroundColor = selectedItems.selectedTestGroupColor
      }
      const testGroupId = /**@type {number}*/ target.id
      if ((target.id === undefined)
        || (data[testGroupId] === undefined)
        || (data[testGroupId]['TestResults'] === undefined)) {
        return
      }
      const testResults = /**@type {TestResults}*/ data[testGroupId]['TestResults']
      let testGroupList = /**@type {string}*/ ''
      selectedItems.selectedTestGroupColor = getComputedStyle(target).getPropertyValue('background-color')
      selectedItems.testResults = target
      target.classList.add("selected")
      for (let i = 0; i < testResults.length; i++) {
        const testResult = /**@type {TestGroupData}*/ testResults[i]
        const testPassed = /**@type {boolean}*/ testResult.Passed
        const testSkipped = /**@type {boolean}*/ testResult.Skipped
        const testPassedStatus = /**@type {string}*/ (testPassed) ? '' : (testSkipped ? 'skipped' : 'failed')
        const testId = /**@type {string}*/ target.attributes['id'].value
        testGroupList += `<div class="testGroupRow ${testPassedStatus}" data-groupid="${testId}" data-index="${i}">
        <span class="testStatus ${testPassedStatus}">${(testPassed) ? '&check' : (testSkipped ? '&dash' : '&cross')};</span>
        <span class="testTitle">${testResult.TestName}</span>
        <span class="testDuration"><span>${testResult.ElapsedTime}s </span>‚è±</span>
      </div>`
      }
      const testGroupListElem = elements.testGroupListElem
      testGroupListElem.innerHTML = ''
      testGroupListElem.innerHTML = testGroupList

      if (shiftKey) {
        testGroupListElem.querySelectorAll('.testGroupRow')
                         .forEach((elem) => testGroupListHandler(elem, data))
      } else if (testResults.length === 1) {
        testGroupListHandler(testGroupListElem.querySelector('.testGroupRow'), data)
      }
    },

    /**
     *
     * @param {Element} target
     * @param {TestResults} data
     */
    testGroupListHandler: function (target, data) {
      const attribs = target['attributes']
      if (attribs.hasOwnProperty('data-groupid')) {
        const groupId = /**@type {number}*/ attribs['data-groupid'].value
        const testIndex = /**@type {number}*/ attribs['data-index'].value
        const testStatus = /**@type {TestStatus}*/ data[groupId]['TestResults'][testIndex]
        const testOutputDiv = /**@type {HTMLDivElement}*/ target.querySelector('div.testOutput')

        if (testOutputDiv == null) {
          const testOutputDiv = document.createElement('div')
          testOutputDiv.classList.add('testOutput')
          const consolePre = document.createElement('pre')
          consolePre.classList.add('console')
          const testDetailDiv = document.createElement('div')
          testDetailDiv.classList.add('testDetail')
          const packageNameDiv = document.createElement('div')
          packageNameDiv.classList.add('package')
          packageNameDiv.innerHTML = `<strong>Package:</strong> ${testStatus.Package}`
          const testFileNameDiv = document.createElement('div')
          testFileNameDiv.classList.add('filename')
          if (testStatus.TestFileName.trim() === "") {
            testFileNameDiv.innerHTML = `<strong>Filename:</strong> n/a &nbsp;&nbsp;`
          } else {
            testFileNameDiv.innerHTML = `<strong>Filename:</strong> ${testStatus.TestFileName} &nbsp;&nbsp;`
            testFileNameDiv.innerHTML += `<strong>Line:</strong> ${testStatus.TestFunctionDetail.Line} `
            testFileNameDiv.innerHTML += `<strong>Col:</strong> ${testStatus.TestFunctionDetail.Col}`
          }
          testDetailDiv.insertAdjacentElement('beforeend', packageNameDiv)
          testDetailDiv.insertAdjacentElement('beforeend', testFileNameDiv)
          testOutputDiv.insertAdjacentElement('afterbegin', consolePre)
          testOutputDiv.insertAdjacentElement('beforeend', testDetailDiv)
          target.insertAdjacentElement('beforeend', testOutputDiv)

          if (testStatus.Passed) {
            consolePre.classList.remove('skipped')
            consolePre.classList.remove('failed')
          } else if (testStatus.Skipped) {
            consolePre.classList.add('skipped')
            consolePre.classList.remove('failed')
          } else {
            consolePre.classList.remove('skipped')
            consolePre.classList.add('failed')
          }
          consolePre.textContent = testStatus.Output.join('')
        } else {
          testOutputDiv.remove()
        }
      }
    }
  }

  //+------------------------+
  //|    setup DOM events    |
  //+------------------------+
  elements.testResultsElem
          .addEventListener('click', event =>
            goTestReport.testResultsClickHandler(/**@type {HTMLElement}*/ addEventData(event).data.target,
                                                 event.shiftKey,
                                                 elements.data,
                                                 selectedItems,
                                                 goTestReport.testGroupListHandler))

  elements.testGroupListElem
          .addEventListener('click', event =>
            goTestReport.testGroupListHandler(/**@type {Element}*/ event.target,
                                              elements.data))

  return goTestReport
}


    

    const data = [{"FailureIndicator":"","SkippedIndicator":"skipped","TestResults":[{"TestName":"Test___FlakyBrokenScenarios","Package":"github.com/0chain/system_test/tests/cli_tests","ElapsedTime":0,"Output":["","    flaky___broken_scenarios_test.go:30: \n","--- SKIP: Test___FlakyBrokenScenarios (0.00s)\n",""],"Passed":false,"Skipped":true,"TestFileName":"flaky___broken_scenarios_test.go","TestFunctionDetail":{"Line":27,"Col":1}}]},{"FailureIndicator":"","SkippedIndicator":"","TestResults":[{"TestName":"Test___FlakyFileCopy","Package":"github.com/0chain/system_test/tests/cli_tests","ElapsedTime":0,"Output":["","--- PASS: Test___FlakyFileCopy (0.00s)",""],"Passed":true,"Skipped":false,"TestFileName":"flaky___flaky_test.go","TestFunctionDetail":{"Line":411,"Col":1}}]},{"FailureIndicator":"","SkippedIndicator":"skipped","TestResults":[{"TestName":"Test___FlakyFileCopy/File_copy_-_Users_should_not_be_charged_for_moving_a_file_","Package":"github.com/0chain/system_test/tests/cli_tests","ElapsedTime":0,"Output":["","    flaky___flaky_test.go:415: Test case [File copy - Users should not be charged for moving a file ] scheduled at [05-29-2023 15:25:51] \n","","","    system_test_framework.go:149: Test case [File copy - Users should not be charged for moving a file ] start at [05-29-2023 15:25:51] \n","    flaky___flaky_test.go:416: Test calculations are flaky in  CLI\n","    flaky___flaky_test.go:415: Test case [File copy - Users should not be charged for moving a file ] exit at [05-29-2023 15:25:51]\n","--- SKIP: Test___FlakyFileCopy/File_copy_-_Users_should_not_be_charged_for_moving_a_file_ (0.00s)\n",""],"Passed":false,"Skipped":true,"TestFileName":"","TestFunctionDetail":{"Line":0,"Col":0}}]},{"FailureIndicator":"","SkippedIndicator":"","TestResults":[{"TestName":"Test___FlakyFileDelete","Package":"github.com/0chain/system_test/tests/cli_tests","ElapsedTime":0,"Output":["","--- PASS: Test___FlakyFileDelete (0.00s)",""],"Passed":true,"Skipped":false,"TestFileName":"flaky___flaky_test.go","TestFunctionDetail":{"Line":242,"Col":1}}]},{"FailureIndicator":"","SkippedIndicator":"","TestResults":[{"TestName":"Test___FlakyFileDelete/Delete_file_concurrently_in_existing_directory,_should_work","Package":"github.com/0chain/system_test/tests/cli_tests","ElapsedTime":85.28,"Output":["","    flaky___flaky_test.go:246: Test case [Delete file concurrently in existing directory, should work] scheduled at [05-29-2023 15:24:26] \n","","","    system_test_framework.go:149: Test case [Delete file concurrently in existing directory, should work] start at [05-29-2023 15:24:26] \n","    zwalletcli_register_wallet_test.go:123: creating wallet...\n","    zboxcli_update_allocation_test.go:1005: Executing faucet...\n","    zwalletcli_register_wallet_test.go:140: faucet output: [No wallet in path  config/Test___FlakyFileDelete-Delete_file_concurrently_in_existing_directory,_should_work_wallet.json found. Creating wallet... ZCN wallet created!! Execute faucet smart contract success with txn :  69ea0e64da6991c01ab738dfe1f9f36e5aeb04e8a15213e56151bdb833e255cf]\n","    zboxcli_update_allocation_test.go:1005: Executing faucet...\n","    zboxcli_create_allocation_test.go:459: Creating new allocation...\n","    zboxcli_file_upload_test.go:959: Uploading file /tmp/gH-q-Z2rYV_test.txt to allocation 7d58c7fa9132ba47abab39011e93e12876e9d8f2cde16fa9bc2e23dee5b3a2f9 with remotepath /gH-q-Z2rYV_test.txt\n","    zboxcli_file_upload_test.go:917: Uploading file...\n","    zboxcli_file_upload_test.go:959: Uploading file /tmp/z9vfrRIgfO_test.txt to allocation 7d58c7fa9132ba47abab39011e93e12876e9d8f2cde16fa9bc2e23dee5b3a2f9 with remotepath /z9vfrRIgfO_test.txt\n","    zboxcli_file_upload_test.go:917: Uploading file...\n","    utils.go:67: \u001b[33mCommand failed on attempt [1/3] due to error [exit status 1]. Output: [0 / 256    0.00% 0 / 256    0.00% 0s -\u003cNEWLINE\u003e- Error in file operation: upload_failed: Upload failed. bad request: {\"code\":\"invalid_parameters\",\"error\":\"invalid_parameters: Invalid allocation id passed.verify_allocation: verifying allocation transaction error: ERROR: duplicate key value violates unique constraint \\\"allocations_pkey\\\" (SQLSTATE 23505)\"} -\u003cNEWLINE\u003e- Upload failed. upload_failed: Upload failed. bad request: {\"code\":\"invalid_parameters\",\"error\":\"invalid_parameters: Invalid allocation id passed.verify_allocation: verifying allocation transaction error: ERROR: duplicate key value violates unique constraint \\\"allocations_pkey\\\" (SQLSTATE 23505)\"}]\n","    zboxcli_file_delete_test.go:344: Deleting file...\n","    utils.go:63: \u001b[32mCommand passed on retry [2/3]. Output: [0 / 256    0.00% 256 / 256  100.00% 0s -\u003cNEWLINE\u003e- Status completed callback. Type = application/octet-stream. Name = z9vfrRIgfO_test.txt]\n","    zboxcli_file_delete_test.go:344: Deleting file...\n","    utils.go:138: Waiting 10s...\n","    zboxcli_list_file_test.go:638: Listing individual file in allocation...\n","    utils.go:67: \u001b[33mCommand failed on attempt [1/3] due to error [exit status 1]. Output: [error from server list response: {\"code\":\"invalid_parameters\",\"error\":\"invalid_parameters: Invalid path record not found\"}]\n","    utils.go:67: \u001b[33mCommand failed on attempt [2/3] due to error [exit status 1]. Output: [error from server list response: {\"code\":\"invalid_parameters\",\"error\":\"invalid_parameters: Invalid path record not found\"}]\n","    utils.go:70: \u001b[31mCommand failed on final attempt [3/3] due to error [exit status 1]. Command String: [./zbox list --remotepath /z9vfrRIgfO_test.txt --json  --allocation 7d58c7fa9132ba47abab39011e93e12876e9d8f2cde16fa9bc2e23dee5b3a2f9 --silent --wallet Test___FlakyFileDelete-Delete_file_concurrently_in_existing_directory,_should_work_wallet.json --configDir ./config --config ./zbox_config.yaml] Output: [error from server list response: {\"code\":\"invalid_parameters\",\"error\":\"invalid_parameters: Invalid path record not found\"}]\n","    utils.go:73: \u001b[31mThe verbose output for the command is:\n","    utils.go:77: \u001b[31m0chain-core-sdk [INFO]   2023/05/29 15:25:36.919877 wallet_base.go:310: ******* Wallet SDK Version:v1.8.13-45-g29b9769 ******* (SetLogFile)\n","    utils.go:77: \u001b[31m0box-sdk        [INFO]   2023/05/29 15:25:36.919915 sdk.go:78: ******* Storage SDK Version: v1.8.13-45-g29b9769 *******\n","    utils.go:77: \u001b[31m0chain-core-sdk [INFO]   2023/05/29 15:25:36.938486 transaction_base.go:139: ******* Wallet SDK Version:v1.8.13-45-g29b9769 ******* (InitZCNSDK)\n","    utils.go:77: \u001b[31m0box-sdk        [DEBUG]  2023/05/29 15:25:36.946915 networkworker.go:105: Get network result:{\"miners\":[\"https://dev-2.devnet-0chain.net/miner02\",\"https://dev-2.devnet-0chain.net/miner01\",\"https://dev-2.devnet-0chain.net/miner03\"],\"sharders\":[\"https://dev-2.devnet-0chain.net/sharder02\",\"https://dev-2.devnet-0chain.net/sharder01\"]}\n","    utils.go:77: \u001b[31m0box-sdk        [DEBUG]  2023/05/29 15:25:36.969465 listworker.go:111: List result:{\"code\":\"invalid_parameters\",\"error\":\"invalid_parameters: Invalid path record not found\"}\n","    utils.go:77: \u001b[31m0box-sdk        [DEBUG]  2023/05/29 15:25:36.969509 listworker.go:111: List result:{\"code\":\"invalid_parameters\",\"error\":\"invalid_parameters: Invalid path record not found\"}\n","    utils.go:77: \u001b[31m0box-sdk        [DEBUG]  2023/05/29 15:25:36.972673 listworker.go:111: List result:{\"code\":\"invalid_parameters\",\"error\":\"invalid_parameters: Invalid path record not found\"}\n","    utils.go:77: \u001b[31m0box-sdk        [DEBUG]  2023/05/29 15:25:36.978635 listworker.go:111: List result:{\"code\":\"invalid_parameters\",\"error\":\"invalid_parameters: Invalid path record not found\"}\n","    utils.go:77: \u001b[31merror from server list response: {\"code\":\"invalid_parameters\",\"error\":\"invalid_parameters: Invalid path record not found\"}\n","    utils.go:138: Waiting 10s...\n","    zboxcli_list_file_test.go:638: Listing individual file in allocation...\n","    utils.go:67: \u001b[33mCommand failed on attempt [1/3] due to error [exit status 1]. Output: [error from server list response: {\"code\":\"invalid_parameters\",\"error\":\"invalid_parameters: Invalid path record not found\"}]\n","    utils.go:67: \u001b[33mCommand failed on attempt [2/3] due to error [exit status 1]. Output: [error from server list response: {\"code\":\"invalid_parameters\",\"error\":\"invalid_parameters: Invalid path record not found\"}]\n","    utils.go:70: \u001b[31mCommand failed on final attempt [3/3] due to error [exit status 1]. Command String: [./zbox list --allocation 7d58c7fa9132ba47abab39011e93e12876e9d8f2cde16fa9bc2e23dee5b3a2f9 --remotepath /gH-q-Z2rYV_test.txt --json --silent --wallet Test___FlakyFileDelete-Delete_file_concurrently_in_existing_directory,_should_work_wallet.json --configDir ./config --config ./zbox_config.yaml] Output: [error from server list response: {\"code\":\"invalid_parameters\",\"error\":\"invalid_parameters: Invalid path record not found\"}]\n","    utils.go:73: \u001b[31mThe verbose output for the command is:\n","    utils.go:77: \u001b[31m0chain-core-sdk [INFO]   2023/05/29 15:25:51.259839 wallet_base.go:310: ******* Wallet SDK Version:v1.8.13-45-g29b9769 ******* (SetLogFile)\n","    utils.go:77: \u001b[31m0box-sdk        [INFO]   2023/05/29 15:25:51.259901 sdk.go:78: ******* Storage SDK Version: v1.8.13-45-g29b9769 *******\n","    utils.go:77: \u001b[31m0chain-core-sdk [INFO]   2023/05/29 15:25:51.284166 transaction_base.go:139: ******* Wallet SDK Version:v1.8.13-45-g29b9769 ******* (InitZCNSDK)\n","    utils.go:77: \u001b[31m0box-sdk        [DEBUG]  2023/05/29 15:25:51.293392 networkworker.go:105: Get network result:{\"miners\":[\"https://dev-2.devnet-0chain.net/miner02\",\"https://dev-2.devnet-0chain.net/miner01\",\"https://dev-2.devnet-0chain.net/miner03\"],\"sharders\":[\"https://dev-2.devnet-0chain.net/sharder02\",\"https://dev-2.devnet-0chain.net/sharder01\"]}\n","    utils.go:77: \u001b[31m0box-sdk        [DEBUG]  2023/05/29 15:25:51.307998 listworker.go:111: List result:{\"code\":\"invalid_parameters\",\"error\":\"invalid_parameters: Invalid path record not found\"}\n","    utils.go:77: \u001b[31m0box-sdk        [DEBUG]  2023/05/29 15:25:51.310537 listworker.go:111: List result:{\"code\":\"invalid_parameters\",\"error\":\"invalid_parameters: Invalid path record not found\"}\n","    utils.go:77: \u001b[31m0box-sdk        [DEBUG]  2023/05/29 15:25:51.310716 listworker.go:111: List result:{\"code\":\"invalid_parameters\",\"error\":\"invalid_parameters: Invalid path record not found\"}\n","    utils.go:77: \u001b[31merror from server list response: {\"code\":\"invalid_parameters\",\"error\":\"invalid_parameters: Invalid path record not found\"}\n","    flaky___flaky_test.go:246: Test case [Delete file concurrently in existing directory, should work] exit at [05-29-2023 15:25:51]\n","--- PASS: Test___FlakyFileDelete/Delete_file_concurrently_in_existing_directory,_should_work (85.28s)",""],"Passed":true,"Skipped":false,"TestFileName":"","TestFunctionDetail":{"Line":0,"Col":0}}]},{"FailureIndicator":"","SkippedIndicator":"","TestResults":[{"TestName":"Test___FlakyFileRename","Package":"github.com/0chain/system_test/tests/cli_tests","ElapsedTime":0,"Output":["","","","--- PASS: Test___FlakyFileRename (0.00s)",""],"Passed":true,"Skipped":false,"TestFileName":"flaky___flaky_test.go","TestFunctionDetail":{"Line":306,"Col":1}}]},{"FailureIndicator":"","SkippedIndicator":"","TestResults":[{"TestName":"Test___FlakyFileRename/Rename_and_delete_file_concurrently,_should_work","Package":"github.com/0chain/system_test/tests/cli_tests","ElapsedTime":96.91,"Output":["","    flaky___flaky_test.go:312: Test case [Rename and delete file concurrently, should work] scheduled at [05-29-2023 15:25:51] \n","","","    system_test_framework.go:149: Test case [Rename and delete file concurrently, should work] start at [05-29-2023 15:25:51] \n","    zwalletcli_register_wallet_test.go:123: creating wallet...\n","    zboxcli_update_allocation_test.go:1005: Executing faucet...\n","    zwalletcli_register_wallet_test.go:140: faucet output: [No wallet in path  config/Test___FlakyFileRename-Rename_and_delete_file_concurrently,_should_work_wallet.json found. Creating wallet... ZCN wallet created!! Execute faucet smart contract success with txn :  82a8b70caddf8dcf3e0e6d2e907032da1710f71cd264b752d896b2df20b98bd7]\n","    zboxcli_update_allocation_test.go:1005: Executing faucet...\n","    zboxcli_create_allocation_test.go:459: Creating new allocation...\n","    zboxcli_file_upload_test.go:959: Uploading file /tmp/KZA2Dz5ZkM_test.txt to allocation 2b88038ec5ee78d1a0f77ce9b6fcec56e4808c533ad5dd5fcdbcb2ec00f352c8 with remotepath /KZA2Dz5ZkM_test.txt\n","    zboxcli_file_upload_test.go:917: Uploading file...\n","    zboxcli_file_upload_test.go:959: Uploading file /tmp/wjpt0h-BiN_test.txt to allocation 2b88038ec5ee78d1a0f77ce9b6fcec56e4808c533ad5dd5fcdbcb2ec00f352c8 with remotepath /wjpt0h-BiN_test.txt\n","    zboxcli_file_upload_test.go:917: Uploading file...\n","    zboxcli_file_upload_test.go:959: Uploading file /tmp/Vyg30c2OYA_test.txt to allocation 2b88038ec5ee78d1a0f77ce9b6fcec56e4808c533ad5dd5fcdbcb2ec00f352c8 with remotepath /Vyg30c2OYA_test.txt\n","    zboxcli_file_upload_test.go:917: Uploading file...\n","    zboxcli_file_upload_test.go:959: Uploading file /tmp/cZsUV4HhsD_test.txt to allocation 2b88038ec5ee78d1a0f77ce9b6fcec56e4808c533ad5dd5fcdbcb2ec00f352c8 with remotepath /cZsUV4HhsD_test.txt\n","    zboxcli_file_upload_test.go:917: Uploading file...\n","    zboxcli_file_delete_test.go:344: Deleting file...\n","    zboxcli_common_user_functions_test.go:180: Renaming file...\n","    zboxcli_common_user_functions_test.go:180: Renaming file...\n","    zboxcli_file_delete_test.go:344: Deleting file...\n","    utils.go:138: Waiting 10s...\n","    zboxcli_list_file_test.go:638: Listing individual file in allocation...\n","    utils.go:67: \u001b[33mCommand failed on attempt [1/3] due to error [exit status 1]. Output: [error from server list response: {\"code\":\"invalid_parameters\",\"error\":\"invalid_parameters: Invalid path record not found\"}]\n","    utils.go:67: \u001b[33mCommand failed on attempt [2/3] due to error [exit status 1]. Output: [error from server list response: {\"code\":\"invalid_parameters\",\"error\":\"invalid_parameters: Invalid path record not found\"}]\n","    utils.go:70: \u001b[31mCommand failed on final attempt [3/3] due to error [exit status 1]. Command String: [./zbox list --allocation 2b88038ec5ee78d1a0f77ce9b6fcec56e4808c533ad5dd5fcdbcb2ec00f352c8 --remotepath /Vyg30c2OYA_test.txt --json --silent --wallet Test___FlakyFileRename-Rename_and_delete_file_concurrently,_should_work_wallet.json --configDir ./config --config ./zbox_config.yaml] Output: [error from server list response: {\"code\":\"invalid_parameters\",\"error\":\"invalid_parameters: Invalid path record not found\"}]\n","    utils.go:73: \u001b[31mThe verbose output for the command is:\n","    utils.go:77: \u001b[31m0chain-core-sdk [INFO]   2023/05/29 15:27:13.699954 wallet_base.go:310: ******* Wallet SDK Version:v1.8.13-45-g29b9769 ******* (SetLogFile)\n","    utils.go:77: \u001b[31m0box-sdk        [INFO]   2023/05/29 15:27:13.700004 sdk.go:78: ******* Storage SDK Version: v1.8.13-45-g29b9769 *******\n","    utils.go:77: \u001b[31m0chain-core-sdk [INFO]   2023/05/29 15:27:13.724425 transaction_base.go:139: ******* Wallet SDK Version:v1.8.13-45-g29b9769 ******* (InitZCNSDK)\n","    utils.go:77: \u001b[31m0box-sdk        [DEBUG]  2023/05/29 15:27:13.734499 networkworker.go:105: Get network result:{\"miners\":[\"https://dev-2.devnet-0chain.net/miner02\",\"https://dev-2.devnet-0chain.net/miner01\",\"https://dev-2.devnet-0chain.net/miner03\"],\"sharders\":[\"https://dev-2.devnet-0chain.net/sharder02\",\"https://dev-2.devnet-0chain.net/sharder01\"]}\n","    utils.go:77: \u001b[31m0box-sdk        [DEBUG]  2023/05/29 15:27:13.852736 listworker.go:111: List result:{\"code\":\"invalid_parameters\",\"error\":\"invalid_parameters: Invalid path record not found\"}\n","    utils.go:77: \u001b[31m0box-sdk        [DEBUG]  2023/05/29 15:27:13.855688 listworker.go:111: List result:{\"code\":\"invalid_parameters\",\"error\":\"invalid_parameters: Invalid path record not found\"}\n","    utils.go:77: \u001b[31m0box-sdk        [DEBUG]  2023/05/29 15:27:13.862764 listworker.go:111: List result:{\"code\":\"invalid_parameters\",\"error\":\"invalid_parameters: Invalid path record not found\"}\n","    utils.go:77: \u001b[31m0box-sdk        [DEBUG]  2023/05/29 15:27:13.864815 listworker.go:111: List result:{\"code\":\"invalid_parameters\",\"error\":\"invalid_parameters: Invalid path record not found\"}\n","    utils.go:77: \u001b[31merror from server list response: {\"code\":\"invalid_parameters\",\"error\":\"invalid_parameters: Invalid path record not found\"}\n","    utils.go:138: Waiting 10s...\n","    zboxcli_list_file_test.go:638: Listing individual file in allocation...\n","    utils.go:67: \u001b[33mCommand failed on attempt [1/3] due to error [exit status 1]. Output: [error from server list response: {\"code\":\"invalid_parameters\",\"error\":\"invalid_parameters: Invalid path record not found\"}]\n","    utils.go:67: \u001b[33mCommand failed on attempt [2/3] due to error [exit status 1]. Output: [error from server list response: {\"code\":\"invalid_parameters\",\"error\":\"invalid_parameters: Invalid path record not found\"}]\n","    utils.go:70: \u001b[31mCommand failed on final attempt [3/3] due to error [exit status 1]. Command String: [./zbox list --json  --allocation 2b88038ec5ee78d1a0f77ce9b6fcec56e4808c533ad5dd5fcdbcb2ec00f352c8 --remotepath /cZsUV4HhsD_test.txt --silent --wallet Test___FlakyFileRename-Rename_and_delete_file_concurrently,_should_work_wallet.json --configDir ./config --config ./zbox_config.yaml] Output: [error from server list response: {\"code\":\"invalid_parameters\",\"error\":\"invalid_parameters: Invalid path record not found\"}]\n","    utils.go:73: \u001b[31mThe verbose output for the command is:\n","    utils.go:77: \u001b[31m0chain-core-sdk [INFO]   2023/05/29 15:27:28.156831 wallet_base.go:310: ******* Wallet SDK Version:v1.8.13-45-g29b9769 ******* (SetLogFile)\n","    utils.go:77: \u001b[31m0box-sdk        [INFO]   2023/05/29 15:27:28.156903 sdk.go:78: ******* Storage SDK Version: v1.8.13-45-g29b9769 *******\n","    utils.go:77: \u001b[31m0chain-core-sdk [INFO]   2023/05/29 15:27:28.189561 transaction_base.go:139: ******* Wallet SDK Version:v1.8.13-45-g29b9769 ******* (InitZCNSDK)\n","    utils.go:77: \u001b[31m0box-sdk        [DEBUG]  2023/05/29 15:27:28.198826 networkworker.go:105: Get network result:{\"miners\":[\"https://dev-2.devnet-0chain.net/miner02\",\"https://dev-2.devnet-0chain.net/miner01\",\"https://dev-2.devnet-0chain.net/miner03\"],\"sharders\":[\"https://dev-2.devnet-0chain.net/sharder02\",\"https://dev-2.devnet-0chain.net/sharder01\"]}\n","    utils.go:77: \u001b[31m0box-sdk        [DEBUG]  2023/05/29 15:27:28.212949 listworker.go:111: List result:{\"code\":\"invalid_parameters\",\"error\":\"invalid_parameters: Invalid path record not found\"}\n","    utils.go:77: \u001b[31m0box-sdk        [DEBUG]  2023/05/29 15:27:28.213016 listworker.go:111: List result:{\"code\":\"invalid_parameters\",\"error\":\"invalid_parameters: Invalid path record not found\"}\n","    utils.go:77: \u001b[31m0box-sdk        [DEBUG]  2023/05/29 15:27:28.218730 listworker.go:111: List result:{\"code\":\"invalid_parameters\",\"error\":\"invalid_parameters: Invalid path record not found\"}\n","    utils.go:77: \u001b[31m0box-sdk        [DEBUG]  2023/05/29 15:27:28.218756 listworker.go:111: List result:{\"code\":\"invalid_parameters\",\"error\":\"invalid_parameters: Invalid path record not found\"}\n","    utils.go:77: \u001b[31merror from server list response: {\"code\":\"invalid_parameters\",\"error\":\"invalid_parameters: Invalid path record not found\"}\n","    flaky___flaky_test.go:312: Test case [Rename and delete file concurrently, should work] exit at [05-29-2023 15:27:28]\n","--- PASS: Test___FlakyFileRename/Rename_and_delete_file_concurrently,_should_work (96.91s)",""],"Passed":true,"Skipped":false,"TestFileName":"","TestFunctionDetail":{"Line":0,"Col":0}}]},{"FailureIndicator":"","SkippedIndicator":"skipped","TestResults":[{"TestName":"Test___FlakyScenariosCommonUserFunctions","Package":"github.com/0chain/system_test/tests/cli_tests","ElapsedTime":0,"Output":["","    flaky___flaky_test.go:25: \n","--- SKIP: Test___FlakyScenariosCommonUserFunctions (0.00s)\n",""],"Passed":false,"Skipped":true,"TestFileName":"flaky___flaky_test.go","TestFunctionDetail":{"Line":22,"Col":1}}]},{"FailureIndicator":"failed","SkippedIndicator":"","TestResults":[{"TestName":"Test___FlakyTransferAllocation","Package":"github.com/0chain/system_test/tests/cli_tests","ElapsedTime":0,"Output":["",""],"Passed":false,"Skipped":false,"TestFileName":"flaky___flaky_test.go","TestFunctionDetail":{"Line":90,"Col":1}}]},{"FailureIndicator":"failed","SkippedIndicator":"","TestResults":[{"TestName":"Test___FlakyTransferAllocation/transfer_allocation_accounting_test","Package":"github.com/0chain/system_test/tests/cli_tests","ElapsedTime":34.44,"Output":["","    flaky___flaky_test.go:94: Test case [transfer allocation accounting test] scheduled at [05-29-2023 15:22:29] \n","","","    system_test_framework.go:149: Test case [transfer allocation accounting test] start at [05-29-2023 15:22:29] \n","    zwalletcli_register_wallet_test.go:123: creating wallet...\n","    zboxcli_update_allocation_test.go:1005: Executing faucet...\n","    zwalletcli_register_wallet_test.go:140: faucet output: [No wallet in path  config/Test___FlakyTransferAllocation-transfer_allocation_accounting_test_wallet.json found. Creating wallet... ZCN wallet created!! Execute faucet smart contract success with txn :  4b53b196a3a3c9ca023869c7cec2fb729fe96807ea54a442dc4083edab6ccebc]\n","    zboxcli_update_allocation_test.go:1005: Executing faucet...\n","    zboxcli_create_allocation_test.go:459: Creating new allocation...\n","    zboxcli_file_upload_test.go:917: Uploading file...\n","    zwalletcli_register_wallet_test.go:123: creating wallet...\n","    zboxcli_update_allocation_test.go:1005: Executing faucet...\n","    zwalletcli_register_wallet_test.go:140: faucet output: [No wallet in path  config/Test___FlakyTransferAllocation-transfer_allocation_accounting_test_NEW_OWNER_wallet.json found. Creating wallet... ZCN wallet created!! Execute faucet smart contract success with txn :  8d1193568ad76d220abb0dbcf6d390b676843eba46a6341fe8a83fa022418e9b]\n","    zboxcli_update_allocation_test.go:1005: Executing faucet...\n","    zwalletcli_register_wallet_test.go:210: Getting wallet...\n","    zboxcli_common_user_functions_test.go:228: Get Allocation...\n","    zboxcli_transfer_allocation_test.go:428: Transferring allocation ownership...\n","    zboxcli_transfer_allocation_test.go:445: Polling for 5 minutes until allocation ownership changed...\n","    utils.go:138: Waiting 5s...\n","    zboxcli_create_dir_test.go:331: Listing all...\n","    utils.go:138: Waiting 5s...\n","    assertions.go:264: \n","        \tError Trace:\t/root/actions-runner2/_work/system_test/system_test/tests/cli_tests/flaky___flaky_test.go:145\n","        \t            \t\t\t\t/root/actions-runner2/_work/system_test/system_test/tests/cli_tests/system_test_framework.go:150\n","        \t            \t\t\t\t/root/actions-runner2/_work/system_test/system_test/tests/cli_tests/asm_amd64.s:1598\n","        \tError:      \tNot equal: \n","        \t            \texpected: 4.4\n","        \t            \tactual  : 1.98\n","        \tTest:       \tTest___FlakyTransferAllocation/transfer_allocation_accounting_test\n","    flaky___flaky_test.go:94: Test case [transfer allocation accounting test] exit at [05-29-2023 15:23:03]\n",""],"Passed":false,"Skipped":false,"TestFileName":"","TestFunctionDetail":{"Line":0,"Col":0}}]},{"FailureIndicator":"failed","SkippedIndicator":"","TestResults":[{"TestName":"Test___FlakyTransferAllocation/transfer_allocation_and_upload_file","Package":"github.com/0chain/system_test/tests/cli_tests","ElapsedTime":116.98,"Output":["","    flaky___flaky_test.go:176: Test case [transfer allocation and upload file] scheduled at [05-29-2023 15:22:29] \n","","","    system_test_framework.go:149: Test case [transfer allocation and upload file] start at [05-29-2023 15:22:29] \n","    zwalletcli_register_wallet_test.go:123: creating wallet...\n","    zboxcli_update_allocation_test.go:1005: Executing faucet...\n","    zwalletcli_register_wallet_test.go:140: faucet output: [No wallet in path  config/Test___FlakyTransferAllocation-transfer_allocation_and_upload_file_wallet.json found. Creating wallet... ZCN wallet created!! Execute faucet smart contract success with txn :  59d3cc44a7135c1495ceedc783937587833c809d53f9903a51d5ac8aa1cef8f3]\n","    zboxcli_update_allocation_test.go:1005: Executing faucet...\n","    zboxcli_create_allocation_test.go:459: Creating new allocation...\n","    zboxcli_file_upload_test.go:917: Uploading file...\n","    zwalletcli_register_wallet_test.go:123: creating wallet...\n","    zboxcli_update_allocation_test.go:1005: Executing faucet...\n","    zwalletcli_register_wallet_test.go:140: faucet output: [No wallet in path  config/Test___FlakyTransferAllocation-transfer_allocation_and_upload_file_NEW_OWNER_wallet.json found. Creating wallet... ZCN wallet created!! Execute faucet smart contract success with txn :  b97ef3af991404f15b0d6b755cb373f33f4a443303f5722acbc06534a1d38b06]\n","    zboxcli_update_allocation_test.go:1005: Executing faucet...\n","    zwalletcli_register_wallet_test.go:210: Getting wallet...\n","    zboxcli_transfer_allocation_test.go:428: Transferring allocation ownership...\n","    zboxcli_transfer_allocation_test.go:445: Polling for 5 minutes until allocation ownership changed...\n","    utils.go:138: Waiting 5s...\n","    zboxcli_create_dir_test.go:331: Listing all...\n","    zboxcli_wp_lock_unlock_test.go:348: Locking write tokens...\n","    zboxcli_file_upload_test.go:917: Uploading file...\n","    utils.go:67: \u001b[33mCommand failed on attempt [1/3] due to error [exit status 1]. Output: [0 / 256    0.00% 256 / 256  100.00% 0s -\u003cNEWLINE\u003e- Error in file operation: check_alloc_status_failed: signature verification failed for latest writemarker: write_marker_validation_failed: Write marker signature is not valid -\u003cNEWLINE\u003e- Upload failed. check_alloc_status_failed: signature verification failed for latest writemarker: write_marker_validation_failed: Write marker signature is not valid]\n","    utils.go:67: \u001b[33mCommand failed on attempt [2/3] due to error [exit status 1]. Output: [0 / 256    0.00% 256 / 256  100.00% 0s -\u003cNEWLINE\u003e- Error in file operation: check_alloc_status_failed: signature verification failed for latest writemarker: write_marker_validation_failed: Write marker signature is not valid -\u003cNEWLINE\u003e- Upload failed. check_alloc_status_failed: signature verification failed for latest writemarker: write_marker_validation_failed: Write marker signature is not valid]\n","    utils.go:70: \u001b[31mCommand failed on final attempt [3/3] due to error [exit status 1]. Command String: [./zbox upload --allocation f57625ab2b04b70ba5eda0a9093bbd4a4976f1bc461242d8cb01bcbfe4578c9e --remotepath /new/child/LYMdghP39G_test.txt --localpath /tmp/LYMdghP39G_test.txt --silent --wallet Test___FlakyTransferAllocation-transfer_allocation_and_upload_file_NEW_OWNER_wallet.json --configDir ./config --config ./zbox_config.yaml] Output: [0 / 256    0.00% 256 / 256  100.00% 0s -\u003cNEWLINE\u003e- Error in file operation: check_alloc_status_failed: signature verification failed for latest writemarker: write_marker_validation_failed: Write marker signature is not valid -\u003cNEWLINE\u003e- Upload failed. check_alloc_status_failed: signature verification failed for latest writemarker: write_marker_validation_failed: Write marker signature is not valid]\n","    utils.go:73: \u001b[31mThe verbose output for the command is:\n","    utils.go:77: \u001b[31m0chain-core-sdk [INFO]   2023/05/29 15:24:25.943677 wallet_base.go:310: ******* Wallet SDK Version:v1.8.13-45-g29b9769 ******* (SetLogFile)\n","    utils.go:77: \u001b[31m0box-sdk        [INFO]   2023/05/29 15:24:25.943731 sdk.go:78: ******* Storage SDK Version: v1.8.13-45-g29b9769 *******\n","    utils.go:77: \u001b[31m0chain-core-sdk [INFO]   2023/05/29 15:24:25.965924 transaction_base.go:139: ******* Wallet SDK Version:v1.8.13-45-g29b9769 ******* (InitZCNSDK)\n","    utils.go:77: \u001b[31m0box-sdk        [DEBUG]  2023/05/29 15:24:25.974889 networkworker.go:105: Get network result:{\"miners\":[\"https://dev-2.devnet-0chain.net/miner02\",\"https://dev-2.devnet-0chain.net/miner01\",\"https://dev-2.devnet-0chain.net/miner03\"],\"sharders\":[\"https://dev-2.devnet-0chain.net/sharder02\",\"https://dev-2.devnet-0chain.net/sharder01\"]}\n","    utils.go:77: \u001b[31m0 / 256    0.00%0box-sdk        [INFO]   2023/05/29 15:24:26.008166 chunked_upload.go:520: Completed the upload. Submitting for commit\n","    utils.go:77: \u001b[31m0box-sdk        [INFO]   2023/05/29 15:24:26.011032 writemarker_mutex.go:305: https://dev-2.devnet-0chain.net/blobber02NqkMoZKw5TRELgJ4AAQKzF locked\n","    utils.go:77: \u001b[31m0box-sdk        [INFO]   2023/05/29 15:24:26.011104 writemarker_mutex.go:305: https://dev-2.devnet-0chain.net/blobber05NqkMoZKw5TRELgJ4AAQKzF locked\n","    utils.go:77: \u001b[31m0box-sdk        [INFO]   2023/05/29 15:24:26.011334 writemarker_mutex.go:305: https://dev-2.devnet-0chain.net/blobber01NqkMoZKw5TRELgJ4AAQKzF locked\n","    utils.go:77: \u001b[31m0box-sdk        [INFO]   2023/05/29 15:24:26.014602 writemarker_mutex.go:305: https://dev-2.devnet-0chain.net/blobber03NqkMoZKw5TRELgJ4AAQKzF locked\n","    utils.go:77: \u001b[31m0box-sdk        \u001b[31m[ERROR]  2023/05/29 15:24:26.019546 rollback.go:226: error during getWritemarker{error 26 0  signature verification failed for latest writemarker: write_marker_validation_failed: Write marker signature is not valid}\u001b[0m\n","    utils.go:77: \u001b[31m0box-sdk        \u001b[31m[ERROR]  2023/05/29 15:24:26.020767 rollback.go:226: error during getWritemarker{error 26 0  signature verification failed for latest writemarker: write_marker_validation_failed: Write marker signature is not valid}\u001b[0m\n","    utils.go:77: \u001b[31m0box-sdk        \u001b[31m[ERROR]  2023/05/29 15:24:26.021161 rollback.go:226: error during getWritemarker{error 26 0  signature verification failed for latest writemarker: write_marker_validation_failed: Write marker signature is not valid}\u001b[0m\n","    utils.go:77: \u001b[31m0box-sdk        \u001b[31m[ERROR]  2023/05/29 15:24:26.025148 rollback.go:226: error during getWritemarker{error 26 0  signature verification failed for latest writemarker: write_marker_validation_failed: Write marker signature is not valid}\u001b[0m\n","    utils.go:77: \u001b[31m0box-sdk        \u001b[31m[ERROR]  2023/05/29 15:24:26.025217 chunked_upload.go:545: Error checking allocation statuscheck_alloc_status_failed: signature verification failed for latest writemarker: write_marker_validation_failed: Write marker signature is not valid\u001b[0m\n","    utils.go:77: \u001b[31m256 / 256  100.00% 0s\n","    utils.go:77: \u001b[31mError in file operation: check_alloc_status_failed: signature verification failed for latest writemarker: write_marker_validation_failed: Write marker signature is not valid\n","    utils.go:77: \u001b[31m0box-sdk        [INFO]   2023/05/29 15:24:26.028156 writemarker_mutex.go:122: https://dev-2.devnet-0chain.net/blobber02NqkMoZKw5TRELgJ4AAQKzF unlocked\n","    utils.go:77: \u001b[31m0box-sdk        [INFO]   2023/05/29 15:24:26.028428 writemarker_mutex.go:122: https://dev-2.devnet-0chain.net/blobber03NqkMoZKw5TRELgJ4AAQKzF unlocked\n","    utils.go:77: \u001b[31m0box-sdk        [INFO]   2023/05/29 15:24:26.028477 writemarker_mutex.go:122: https://dev-2.devnet-0chain.net/blobber01NqkMoZKw5TRELgJ4AAQKzF unlocked\n","    utils.go:77: \u001b[31m0box-sdk        [INFO]   2023/05/29 15:24:26.028533 writemarker_mutex.go:122: https://dev-2.devnet-0chain.net/blobber05NqkMoZKw5TRELgJ4AAQKzF unlocked\n","    utils.go:77: \u001b[31mUpload failed. check_alloc_status_failed: signature verification failed for latest writemarker: write_marker_validation_failed: Write marker signature is not valid\n","    assertions.go:264: \n","        \tError Trace:\t/root/actions-runner2/_work/system_test/system_test/tests/cli_tests/flaky___flaky_test.go:235\n","        \t            \t\t\t\t/root/actions-runner2/_work/system_test/system_test/tests/cli_tests/system_test_framework.go:150\n","        \t            \t\t\t\t/root/actions-runner2/_work/system_test/system_test/tests/cli_tests/asm_amd64.s:1598\n","        \tError:      \tExpected nil, but got: \u0026exec.ExitError{ProcessState:(*os.ProcessState)(0xc00049e2a0), Stderr:[]uint8(nil)}\n","        \tTest:       \tTest___FlakyTransferAllocation/transfer_allocation_and_upload_file\n","        \tMessages:   \t0 / 256    0.00% 256 / 256  100.00% 0s\n","        \t            \tError in file operation: check_alloc_status_failed: signature verification failed for latest writemarker: write_marker_validation_failed: Write marker signature is not valid\n","        \t            \tUpload failed. check_alloc_status_failed: signature verification failed for latest writemarker: write_marker_validation_failed: Write marker signature is not valid\n","    flaky___flaky_test.go:176: Test case [transfer allocation and upload file] exit at [05-29-2023 15:24:26]\n",""],"Passed":false,"Skipped":false,"TestFileName":"","TestFunctionDetail":{"Line":0,"Col":0}}]}]

    const report = window.GoTestReport({
                                         data: data,
                                         testResultsElem: document.getElementById('testResults'),
                                         testGroupListElem: document.getElementById('testGroupList')
                                       });


</script>
</body>
</html>
