<!DOCTYPE html>
<html lang="en">
<head>
    <meta charset="UTF-8">
    <title>0Chain Flaky system test suite [master/8fc954ed] ran against [dev-4.devnet-0chain.net] at [2022-03-27_22.50.37]</title>
    <style type="text/css">
        body {
            font-family: sans-serif;
            background-color: #f3f3f3;
            border-top: 2px #dee6e8 solid;
            margin: 0;
        }

        div.pageHeader span.projectTitle {
            font-family: serif;
            font-size: 2em;
            padding-left: 56px;
            padding-top: 80px;
            display: block;
            color: #a5a5a5;
            text-shadow: 0 -1px 1px white;
        }

        div.pageHeader div.testStats {
            position: absolute;
            top: 7px;
            right: 52px;
            font-size: 0.8em;
            color: #a2a2a2;
        }

        div.pageHeader div.testStats span.indicator {
            font-size: 2em;
            position: relative;
            top: 5px;
            text-shadow: 0 1px 0 white;
        }

        div.pageHeader div.testStats span strong {
            margin-right: 16px;
        }

        div.pageHeader div.testStats span.total {
            border-right: 1px #afafaf dotted;
            background: #8298af;
        }

        div.pageHeader div.testStats span.passed {
            border-right: 1px #afafaf dotted;
            background: #6fca83;
        }

        div.pageHeader div.testStats span.skipped {
            background: #bababa;
        }

        div.pageHeader div.testStats span.failed {
            background: #ff7676;
        }

        div.pageHeader div.testStats span {
            margin-right: 1px;
            height: 55px;
            padding: 20px 8px 18px;
            color: white;
        }

        div.pageHeader .testGroupsTitle {
            margin: 16px 32px 8px 40px;
            font-size: 0.9em;
            color: darkgrey;
            display: inline-block;
        }

        div.pageHeader .testExecutionDate {
            display: inline-block;
            position: absolute;
            right: 10px;
            margin: 14px 32px 8px 40px;
            color: #9e9e9e;
            font-size: 0.9em;
        }

        .testReportContainer {
            padding: 0 32px 32px 32px;
        }

        .cardContainer {
            padding: 16px 16px 16px;
            box-shadow: 0 4px 4px #d4d4d4;
            background-color: white;
        }

        #testResults {
            display: flex;
            flex-wrap: wrap;
        }

        .testResultGroup {
            width: 24px;
            height: 24px;
            background-color: #43c143;
            margin-left: 1px;
            margin-bottom: 1px;
            box-sizing: border-box;
        }

        .testResultGroup.selected {
            border: 1px white solid;
            background-color: black !important;
        }

        .testResultGroup.skipped {
            border: 2px gray solid;
        }

        .testResultGroup.failed {
            background-color: red;
        }

        .cardContainer.testGroupList,
        .cardContainer.testDetail {
            margin-top: 16px;
            padding: 16px;
        }

        .cardContainer.testGroupList {
            color: #9c9c9c;
            padding: 0;
        }

        .cardContainer.testGroupList .testGroupRow {
            cursor: default;
            border-bottom: 1px #dadada dotted;
        }

        .cardContainer.testGroupList .testGroupRow span.testStatus {
            font-size: 1.2em;
            font-weight: bold;
            color: #139e13;
            pointer-events: none;
            display: inline-block;
            overflow: hidden;
            float: left;
            padding-top: 10px;
            padding-left: 20px;
            padding-right: 12px;
        }

        .cardContainer.testGroupList .testGroupRow span.testStatus.skipped {
            color: gray;
        }

        .cardContainer.testGroupList .testGroupRow span.testStatus.failed {
            color: red;
        }

        .cardContainer.testGroupList .testGroupRow span.testTitle {
            font-size: 0.9em;
            padding: 12px 0 10px;
            display: inline-block;
            pointer-events: none;
            color: #525252;
            text-overflow: ellipsis;
            overflow: hidden;
            width: calc(100% - 110px);
        }

        .cardContainer.testGroupList .testGroupRow span.testDuration {
            pointer-events: none;
        }

        .cardContainer.testGroupList .testGroupRow {
            position: relative;
            border-left: 4px #43c143 solid;
        }

        .cardContainer.testGroupList .testGroupRow.skipped {
            color: gray;
            border-left: 4px gray solid;
        }

        .cardContainer.testGroupList .testGroupRow.failed {
            color: red;
            border-left: 4px red solid;
        }

        .cardContainer.testGroupList .testGroupRow:hover {
            background-color: #fffaea;
            transition: 0.250s;
        }

        .cardContainer .testOutput {
            padding: 8px 16px 24px 16px;
        }

        .cardContainer .console {
            display: block;
            font-family: monospace;
            padding: 10px;
            background-color: #424242;
            color: #1aff00;
            border-bottom: 1px #1aff00 dotted;
            overflow: auto;
            font-size: 1.1em;
        }

        .cardContainer .testOutput .testDetail {
            border-bottom: 1px #d0d0d0 solid;
            padding: 16px;
            background-color: #e6e6e6;
            border-radius: 0 0 4px 4px;
            color: dimgrey;
            font-size: 0.8em;
        }

        .cardContainer .console.skipped{
            color: #d9d9d9;
        }

        .cardContainer .console.failed {
            color: #ffb2b2;
        }

        .cardContainer .testDuration {
            position: absolute;
            top: 5px;
            right: 8px;
            text-align: right;
            padding-right: 8px;
            box-sizing: border-box;
        }
    </style>
</head>
<body>
<div class="pageHeader">
    <span class="projectTitle">0Chain Flaky system test suite [master/8fc954ed] ran against [dev-4.devnet-0chain.net] at [2022-03-27_22.50.37]</span>
    <div class="testStats">
        <span class="total"><span class="indicator">&boxbox;</span> Total: <strong>27</strong>Duration: <strong>2ms</strong>
        </span><span class="passed"><span class="indicator">&check;</span> Passed: <strong>13</strong>
        </span><span class="skipped"><span class="indicator">&dash;</span> Skipped: <strong>0</strong>
        </span><span class="failed"><span class="indicator">&cross;</span> Failed: <strong>14</strong>
        </span>
    </div>
    <span class="testGroupsTitle">Test Groups:</span>
    <span class="testExecutionDate">March 27, 2022 23:30:47</span>
</div>
<div class="testReportContainer">
    <div class="cardContainer">
        <div id="testResults">
            
                <div class="testResultGroup failed " id="0"></div>
            
                <div class="testResultGroup failed " id="1"></div>
            
                <div class="testResultGroup failed " id="2"></div>
            
                <div class="testResultGroup failed " id="3"></div>
            
                <div class="testResultGroup failed " id="4"></div>
            
                <div class="testResultGroup failed " id="5"></div>
            
                <div class="testResultGroup failed " id="6"></div>
            
                <div class="testResultGroup failed " id="7"></div>
            
                <div class="testResultGroup failed " id="8"></div>
            
                <div class="testResultGroup failed " id="9"></div>
            
                <div class="testResultGroup  " id="10"></div>
            
                <div class="testResultGroup  " id="11"></div>
            
                <div class="testResultGroup  " id="12"></div>
            
                <div class="testResultGroup failed " id="13"></div>
            
                <div class="testResultGroup  " id="14"></div>
            
                <div class="testResultGroup  " id="15"></div>
            
                <div class="testResultGroup  " id="16"></div>
            
                <div class="testResultGroup  " id="17"></div>
            
                <div class="testResultGroup  " id="18"></div>
            
                <div class="testResultGroup  " id="19"></div>
            
                <div class="testResultGroup  " id="20"></div>
            
                <div class="testResultGroup  " id="21"></div>
            
                <div class="testResultGroup  " id="22"></div>
            
                <div class="testResultGroup failed " id="23"></div>
            
                <div class="testResultGroup failed " id="24"></div>
            
                <div class="testResultGroup failed " id="25"></div>
            
                <div class="testResultGroup  " id="26"></div>
            
        </div>
    </div>
    <div class="cardContainer testGroupList" id="testGroupList"></div>
</div>
<script type="application/javascript">
    /**
 * @typedef TestStatus
 * @property {string} TestName
 * @property {string} Package
 * @property {number} ElapsedTime
 * @property {Array.<string>} Output
 * @property {boolean} Passed
 * @property {boolean} Skipped
 */
class TestStatus {}

/**
 * @typedef TestGroupData
 * @type {object}
 * @property {string} FailureIndicator
 * @property {string} SkippedIndicator
 * @property {Array.<TestStatus>}
 */
class TestGroupData {}

/**
 * @typedef TestResults
 * @type {Array.<TestGroupData>}
 */
class TestResults extends Array {}

/**
 * @typedef SelectedItems
 * @property {HTMLElement|EventTarget} testResults
 * @property {String} selectedTestGroupColor
 */
class SelectedItems {}

/**
 * @typedef GoTestReportElements
 * @property {TestResults} data
 * @property {HTMLElement} testResultsElem
 * @property {HTMLElement} testGroupListElem
 */
class GoTestReportElements {}


/**
 * Main entry point for GoTestReport.
 * @param {GoTestReportElements} elements
 * @returns {{testResultsClickHandler: testResultsClickHandler}}
 * @constructor
 */
window.GoTestReport = function (elements) {
  const /**@type {SelectedItems}*/ selectedItems = {
    testResults: null,
    selectedTestGroupColor: null
  }

  function addEventData(event) {
    if (event.data == null) {
      event.data = {target: event.target}
    }
    return event
  }


  const goTestReport = {
    /**
     * Invoked when a user clicks on one of the test group div elements.
     * @param {HTMLElement} target The element associated with the test group.
     * @param {boolean} shiftKey If pressed, all of test detail associated to the test group is shown.
     * @param {TestResults} data
     * @param {SelectedItems} selectedItems
     * @param {function(target: Element, data: TestResults)} testGroupListHandler
     */
    testResultsClickHandler: function (target,
                                       shiftKey,
                                       data,
                                       selectedItems,
                                       testGroupListHandler) {

      if (target.classList.contains('testResultGroup') === false) {
        return
      }
      if (selectedItems.testResults != null) {
        let testResultsElement = /**@type {HTMLElement}*/ selectedItems.testResults
        testResultsElement.classList.remove("selected")
        testResultsElement.style.backgroundColor = selectedItems.selectedTestGroupColor
      }
      const testGroupId = /**@type {number}*/ target.id
      if ((target.id === undefined)
        || (data[testGroupId] === undefined)
        || (data[testGroupId]['TestResults'] === undefined)) {
        return
      }
      const testResults = /**@type {TestResults}*/ data[testGroupId]['TestResults']
      let testGroupList = /**@type {string}*/ ''
      selectedItems.selectedTestGroupColor = getComputedStyle(target).getPropertyValue('background-color')
      selectedItems.testResults = target
      target.classList.add("selected")
      for (let i = 0; i < testResults.length; i++) {
        const testResult = /**@type {TestGroupData}*/ testResults[i]
        const testPassed = /**@type {boolean}*/ testResult.Passed
        const testSkipped = /**@type {boolean}*/ testResult.Skipped
        const testPassedStatus = /**@type {string}*/ (testPassed) ? '' : (testSkipped ? 'skipped' : 'failed')
        const testId = /**@type {string}*/ target.attributes['id'].value
        testGroupList += `<div class="testGroupRow ${testPassedStatus}" data-groupid="${testId}" data-index="${i}">
        <span class="testStatus ${testPassedStatus}">${(testPassed) ? '&check' : (testSkipped ? '&dash' : '&cross')};</span>
        <span class="testTitle">${testResult.TestName}</span>
        <span class="testDuration"><span>${testResult.ElapsedTime}s </span>‚è±</span>
      </div>`
      }
      const testGroupListElem = elements.testGroupListElem
      testGroupListElem.innerHTML = ''
      testGroupListElem.innerHTML = testGroupList

      if (shiftKey) {
        testGroupListElem.querySelectorAll('.testGroupRow')
                         .forEach((elem) => testGroupListHandler(elem, data))
      } else if (testResults.length === 1) {
        testGroupListHandler(testGroupListElem.querySelector('.testGroupRow'), data)
      }
    },

    /**
     *
     * @param {Element} target
     * @param {TestResults} data
     */
    testGroupListHandler: function (target, data) {
      const attribs = target['attributes']
      if (attribs.hasOwnProperty('data-groupid')) {
        const groupId = /**@type {number}*/ attribs['data-groupid'].value
        const testIndex = /**@type {number}*/ attribs['data-index'].value
        const testStatus = /**@type {TestStatus}*/ data[groupId]['TestResults'][testIndex]
        const testOutputDiv = /**@type {HTMLDivElement}*/ target.querySelector('div.testOutput')

        if (testOutputDiv == null) {
          const testOutputDiv = document.createElement('div')
          testOutputDiv.classList.add('testOutput')
          const consolePre = document.createElement('pre')
          consolePre.classList.add('console')
          const testDetailDiv = document.createElement('div')
          testDetailDiv.classList.add('testDetail')
          const packageNameDiv = document.createElement('div')
          packageNameDiv.classList.add('package')
          packageNameDiv.innerHTML = `<strong>Package:</strong> ${testStatus.Package}`
          const testFileNameDiv = document.createElement('div')
          testFileNameDiv.classList.add('filename')
          if (testStatus.TestFileName.trim() === "") {
            testFileNameDiv.innerHTML = `<strong>Filename:</strong> n/a &nbsp;&nbsp;`
          } else {
            testFileNameDiv.innerHTML = `<strong>Filename:</strong> ${testStatus.TestFileName} &nbsp;&nbsp;`
            testFileNameDiv.innerHTML += `<strong>Line:</strong> ${testStatus.TestFunctionDetail.Line} `
            testFileNameDiv.innerHTML += `<strong>Col:</strong> ${testStatus.TestFunctionDetail.Col}`
          }
          testDetailDiv.insertAdjacentElement('beforeend', packageNameDiv)
          testDetailDiv.insertAdjacentElement('beforeend', testFileNameDiv)
          testOutputDiv.insertAdjacentElement('afterbegin', consolePre)
          testOutputDiv.insertAdjacentElement('beforeend', testDetailDiv)
          target.insertAdjacentElement('beforeend', testOutputDiv)

          if (testStatus.Passed) {
            consolePre.classList.remove('skipped')
            consolePre.classList.remove('failed')
          } else if (testStatus.Skipped) {
            consolePre.classList.add('skipped')
            consolePre.classList.remove('failed')
          } else {
            consolePre.classList.remove('skipped')
            consolePre.classList.add('failed')
          }
          consolePre.textContent = testStatus.Output.join('')
        } else {
          testOutputDiv.remove()
        }
      }
    }
  }

  //+------------------------+
  //|    setup DOM events    |
  //+------------------------+
  elements.testResultsElem
          .addEventListener('click', event =>
            goTestReport.testResultsClickHandler(/**@type {HTMLElement}*/ addEventData(event).data.target,
                                                 event.shiftKey,
                                                 elements.data,
                                                 selectedItems,
                                                 goTestReport.testGroupListHandler))

  elements.testGroupListElem
          .addEventListener('click', event =>
            goTestReport.testGroupListHandler(/**@type {Element}*/ event.target,
                                              elements.data))

  return goTestReport
}


    

    const data = [{"FailureIndicator":"failed","SkippedIndicator":"","TestResults":[{"TestName":"Test___FlakyBrokenScenarios","Package":"github.com/0chain/system_test/tests/cli_tests","ElapsedTime":197.31,"Output":["","","",""],"Passed":false,"Skipped":false,"TestFileName":"flaky___broken_scenarios_test.go","TestFunctionDetail":{"Line":27,"Col":1}}]},{"FailureIndicator":"failed","SkippedIndicator":"","TestResults":[{"TestName":"Test___FlakyBrokenScenarios/Add_Collaborator___file_owner_must_pay_for_collaborators'_reads","Package":"github.com/0chain/system_test/tests/cli_tests","ElapsedTime":104.26,"Output":["","","","","    zwalletcli_register_wallet_test.go:91: Registering wallet...\n","","    zwalletcli_register_wallet_test.go:111: Getting wallet...\n","","    zwalletcli_register_wallet_test.go:91: Registering wallet...\n","","    zboxcli_update_allocation_test.go:523: Executing faucet...\n","","    zboxcli_create_allocation_test.go:262: Creating new allocation...\n","","    zboxcli_upload_test.go:791: Uploading file...\n","    zboxcli_download_token_test.go:269: Getting download cost...\n","    zboxcli_collaborator_system_test.go:808: Adding collaborator...\n","    utils.go:133: Waiting 5s...\n","","    zboxcli_file_meta_test.go:408: Getting file metadata...\n","    zboxcli_download_token_test.go:255: Locking read tokens...\n","    utils.go:133: Waiting 30s...\n","    zboxcli_download_token_test.go:246: Getting read pool info...\n","    utils.go:133: Waiting 15s...\n","    zboxcli_download_test.go:1448: Downloading file...\n","    utils.go:133: Waiting 5s...\n","    utils.go:133: Waiting 30s...\n","    zboxcli_download_token_test.go:246: Getting read pool info...\n","    flaky___broken_scenarios_test.go:418: \n","        \tError Trace:\tflaky___broken_scenarios_test.go:418\n","        \tError:      \tRelative error is too high: 1e-06 (expected)\n","        \t            \t        \u003c 0.00038111857012176485 (actual)\n","        \tTest:       \tTest___FlakyBrokenScenarios/Add_Collaborator___file_owner_must_pay_for_collaborators'_reads\n","        \tMessages:   \tRead Pool balance must be equal to (initial balace-download cost)\n","    zboxcli_cancel_allocation_test.go:106: Canceling allocation...\n",""],"Passed":false,"Skipped":false,"TestFileName":"","TestFunctionDetail":{"Line":0,"Col":0}}]},{"FailureIndicator":"failed","SkippedIndicator":"","TestResults":[{"TestName":"Test___FlakyBrokenScenarios/Sync_path_to_non-empty_allocation_-_exclude_a_path_should_work","Package":"github.com/0chain/system_test/tests/cli_tests","ElapsedTime":18.26,"Output":["","","","    zwalletcli_register_wallet_test.go:91: Registering wallet...\n","","    zboxcli_update_allocation_test.go:523: Executing faucet...\n","","    zboxcli_create_allocation_test.go:262: Creating new allocation...\n","","    zboxcli_sync_test.go:842: Syncing folder...\n","","    utils.go:133: Waiting 5s...\n","","    zboxcli_create_dir_test.go:381: Listing all...\n","","    zboxcli_sync_test.go:864: Get Differences...\n","    flaky___broken_scenarios_test.go:304: \n","        \tError Trace:\tflaky___broken_scenarios_test.go:304\n","        \tError:      \t\"[]\" should have 2 item(s), but has 0\n","        \tTest:       \tTest___FlakyBrokenScenarios/Sync_path_to_non-empty_allocation_-_exclude_a_path_should_work\n","        \tMessages:   \tSince we added a file and we updated 2 files (1 excluded) we expect 2 differences but we got 0\n","    zboxcli_cancel_allocation_test.go:106: Canceling allocation...\n",""],"Passed":false,"Skipped":false,"TestFileName":"","TestFunctionDetail":{"Line":0,"Col":0}}]},{"FailureIndicator":"failed","SkippedIndicator":"","TestResults":[{"TestName":"Test___FlakyBrokenScenarios/Sync_path_to_non-empty_allocation_-_locally_updated_files_(in_root)_must_be_updated_in_allocation","Package":"github.com/0chain/system_test/tests/cli_tests","ElapsedTime":18.05,"Output":["","","","","    zwalletcli_register_wallet_test.go:91: Registering wallet...\n","","    zboxcli_update_allocation_test.go:523: Executing faucet...\n","","    zboxcli_create_allocation_test.go:262: Creating new allocation...\n","","    zboxcli_sync_test.go:842: Syncing folder...\n","","    utils.go:133: Waiting 5s...\n","","    zboxcli_create_dir_test.go:381: Listing all...\n","    zboxcli_sync_test.go:864: Get Differences...\n","","    flaky___broken_scenarios_test.go:90: \n","        \tError Trace:\tflaky___broken_scenarios_test.go:90\n","        \tError:      \t\"[]\" should have 1 item(s), but has 0\n","        \tTest:       \tTest___FlakyBrokenScenarios/Sync_path_to_non-empty_allocation_-_locally_updated_files_(in_root)_must_be_updated_in_allocation\n","        \tMessages:   \twe updated a file, we except 1 change but we got 0%!(EXTRA []climodel.FileDiff=[])\n","    zboxcli_cancel_allocation_test.go:106: Canceling allocation...\n",""],"Passed":false,"Skipped":false,"TestFileName":"","TestFunctionDetail":{"Line":0,"Col":0}}]},{"FailureIndicator":"failed","SkippedIndicator":"","TestResults":[{"TestName":"Test___FlakyBrokenScenarios/Sync_path_to_non-empty_allocation_-_locally_updated_files_(in_sub_folder)_must_be_updated_in_allocation","Package":"github.com/0chain/system_test/tests/cli_tests","ElapsedTime":18.17,"Output":["","","","","    zwalletcli_register_wallet_test.go:91: Registering wallet...\n","","    zboxcli_update_allocation_test.go:523: Executing faucet...\n","","    zboxcli_create_allocation_test.go:262: Creating new allocation...\n","","    zboxcli_sync_test.go:842: Syncing folder...\n","","    utils.go:133: Waiting 5s...\n","","    zboxcli_create_dir_test.go:381: Listing all...\n","","    zboxcli_sync_test.go:864: Get Differences...\n","","    flaky___broken_scenarios_test.go:189: \n","        \tError Trace:\tflaky___broken_scenarios_test.go:189\n","        \tError:      \t\"[]\" should have 2 item(s), but has 0\n","        \tTest:       \tTest___FlakyBrokenScenarios/Sync_path_to_non-empty_allocation_-_locally_updated_files_(in_sub_folder)_must_be_updated_in_allocation\n","        \tMessages:   \tSince we updated 2 files we expect 2 differences but we got 0%!(EXTRA []climodel.FileDiff=[])\n","    zboxcli_cancel_allocation_test.go:106: Canceling allocation...\n",""],"Passed":false,"Skipped":false,"TestFileName":"","TestFunctionDetail":{"Line":0,"Col":0}}]},{"FailureIndicator":"failed","SkippedIndicator":"","TestResults":[{"TestName":"Test___FlakyBrokenScenarios/Tokens_should_move_from_write_pool_balance_to_challenge_pool_acc._to_expected_upload_cost","Package":"github.com/0chain/system_test/tests/cli_tests","ElapsedTime":9.93,"Output":["","","","","    zwalletcli_register_wallet_test.go:91: Registering wallet...\n","","    zboxcli_update_allocation_test.go:523: Executing faucet...\n","","    zboxcli_create_allocation_test.go:262: Creating new allocation...\n","","    zboxcli_upload_token_test.go:107: Getting write pool info...\n","","    zboxcli_upload_token_test.go:118: Getting upload cost...\n","    zboxcli_upload_test.go:791: Uploading file...\n","","    zboxcli_upload_token_test.go:107: Getting write pool info...\n","","    zboxcli_upload_token_test.go:126: Getting challenge pool info...\n","    flaky___broken_scenarios_test.go:522: Blobber [0] write pool has decreased by [0] tokens after upload\n","    flaky___broken_scenarios_test.go:522: Blobber [1] write pool has decreased by [0] tokens after upload\n","    flaky___broken_scenarios_test.go:522: Blobber [2] write pool has decreased by [0] tokens after upload\n","    flaky___broken_scenarios_test.go:522: Blobber [3] write pool has decreased by [0] tokens after upload\n","    flaky___broken_scenarios_test.go:526: \n","        \tError Trace:\tflaky___broken_scenarios_test.go:526\n","        \tError:      \tRelative error is too high: 0.1 (expected)\n","        \t            \t        \u003c 1 (actual)\n","        \tTest:       \tTest___FlakyBrokenScenarios/Tokens_should_move_from_write_pool_balance_to_challenge_pool_acc._to_expected_upload_cost\n","        \tMessages:   \texpected write pool balance to decrease by [2.7541666666666667e-10] but has actually decreased by [0]\n",""],"Passed":false,"Skipped":false,"TestFileName":"","TestFunctionDetail":{"Line":0,"Col":0}}]},{"FailureIndicator":"failed","SkippedIndicator":"","TestResults":[{"TestName":"Test___FlakyBrokenScenarios/delete_existing_file_in_root_directory_with_commit_should_work","Package":"github.com/0chain/system_test/tests/cli_tests","ElapsedTime":15.94,"Output":["","","","","    zwalletcli_register_wallet_test.go:91: Registering wallet...\n","","    zboxcli_update_allocation_test.go:523: Executing faucet...\n","","    zboxcli_create_allocation_test.go:262: Creating new allocation...\n","","    zboxcli_upload_test.go:791: Uploading file...\n","","    zboxcli_collaborator_system_test.go:844: Deleting file...\n","","    flaky___broken_scenarios_test.go:637: \n","        \tError Trace:\tflaky___broken_scenarios_test.go:637\n","        \tError:      \tExpected value not to be nil.\n","        \tTest:       \tTest___FlakyBrokenScenarios/delete_existing_file_in_root_directory_with_commit_should_work\n","        \tMessages:   \t/hjUtsa8sPa_test.txt deleted\n","        \t            \tCommiting changes to blockchain ...\n","        \t            \tCommit Metadata successful, Response : {\"TxnID\":\"0cbf4c9fbf52f5f6898c462208202dba92248adcd11e8bb21accb5900ae00a41\",\"MetaData\":{\"Name\":\"hjUtsa8sPa_test.txt\",\"Type\":\"f\",\"Path\":\"/hjUtsa8sPa_test.txt\",\"LookupHash\":\"2dce56dd872bd130f6b133643d96c034c96c1878c08309dde6420dc5a6a5e992\",\"Hash\":\"88a8156714a2ebafc7fc9cb3845fb39dd9418d334e43dbe726e5d468a9cdebbf\",\"MimeType\":\"application/octet-stream\",\"Size\":1024,\"ActualFileSize\":512,\"ActualNumBlocks\":1,\"EncryptedKey\":\"\",\"CommitMetaTxns\":[],\"Collaborators\":[],\"Attributes\":{}}}\n","    zboxcli_cancel_allocation_test.go:106: Canceling allocation...\n",""],"Passed":false,"Skipped":false,"TestFileName":"","TestFunctionDetail":{"Line":0,"Col":0}}]},{"FailureIndicator":"failed","SkippedIndicator":"","TestResults":[{"TestName":"Test___FlakyBrokenScenarios/update_blobber_read_price_should_work","Package":"github.com/0chain/system_test/tests/cli_tests","ElapsedTime":114.25,"Output":["","    zwalletcli_register_wallet_test.go:91: Registering wallet...\n","","    zwalletcli_register_wallet_test.go:91: Registering wallet...\n","","    zboxcli_stake_unstake_token_test.go:288: Requesting blobber list...\n","    zboxcli_blobber_config_update_test.go:471: Updating blobber info...\n","","    utils.go:62: \u001b[33mCommand failed on attempt [1/3] due to error [exit status 1]. Output: [update_blobber_settings_failed: invalid blobber terms: read_price is greater than max_read_price allowed]\n","","    utils.go:62: \u001b[33mCommand failed on attempt [2/3] due to error [exit status 1]. Output: [update_blobber_settings_failed: invalid blobber terms: read_price is greater than max_read_price allowed]\n","","    utils.go:65: \u001b[31mCommand failed on final attempt [3/3] due to error [exit status 1]. Command String: [./zbox bl-update --blobber_id 12c1d0fb529487227ae9e180d0aea61e852be307174fab6e495b4083b5d3b815 --read_price 208036014 --silent --wallet blobber_owner_wallet.json --configDir ./config --config ./zbox_config.yaml] Output: [update_blobber_settings_failed: invalid blobber terms: read_price is greater than max_read_price allowed]\n","    utils.go:68: \u001b[31mThe verbose output for the command is:\n","","    utils.go:72: \u001b[31m0chain-core-sdk [INFO]   2022/03/27 23:26:34.995266 wallet.go:292: ******* Wallet SDK Version:v1.7.2-2-g3237f5c-dirty ******* (SetLogFile)\n","    utils.go:72: \u001b[31m0box-sdk        [INFO]   2022/03/27 23:26:34.995291 sdk.go:73: ******* Storage SDK Version: v1.7.2-2-g3237f5c-dirty *******\n","    utils.go:72: \u001b[31m0chain-core-sdk [INFO]   2022/03/27 23:26:35.013146 wallet.go:410: ******* Wallet SDK Version:v1.7.2-2-g3237f5c-dirty ******* (InitZCNSDK)\n","    utils.go:72: \u001b[31m0box-sdk        [DEBUG]  2022/03/27 23:26:35.020091 networkworker.go:103: Get network result:{\"miners\":[\"https://dev-4.devnet-0chain.net/miner03\",\"https://dev-4.devnet-0chain.net/miner02\",\"https://dev-4.devnet-0chain.net/miner01\"],\"sharders\":[\"https://dev-4.devnet-0chain.net/sharder01\",\"https://dev-4.devnet-0chain.net/sharder02\"]}\n","    utils.go:72: \u001b[31mupdate_blobber_settings_failed: invalid blobber terms: read_price is greater than max_read_price allowed\n","    flaky___broken_scenarios_test.go:559: \n","        \tError Trace:\tflaky___broken_scenarios_test.go:559\n","        \tError:      \t\"[update_blobber_settings_failed: invalid blobber terms: read_price is greater than max_read_price allowed]\" should have 3 item(s), but has 1\n","        \tTest:       \tTest___FlakyBrokenScenarios/update_blobber_read_price_should_work\n","    zboxcli_blobber_config_update_test.go:471: Updating blobber info...\n","","    utils.go:62: \u001b[33mCommand failed on attempt [1/3] due to error [exit status 1]. Output: [update_blobber_settings_failed: invalid blobber terms: read_price is greater than max_read_price allowed]\n","","    utils.go:62: \u001b[33mCommand failed on attempt [2/3] due to error [exit status 1]. Output: [update_blobber_settings_failed: invalid blobber terms: read_price is greater than max_read_price allowed]\n","    utils.go:65: \u001b[31mCommand failed on final attempt [3/3] due to error [exit status 1]. Command String: [./zbox bl-update --blobber_id 12c1d0fb529487227ae9e180d0aea61e852be307174fab6e495b4083b5d3b815 --read_price 208036015 --silent --wallet blobber_owner_wallet.json --configDir ./config --config ./zbox_config.yaml] Output: [update_blobber_settings_failed: invalid blobber terms: read_price is greater than max_read_price allowed]\n","    utils.go:68: \u001b[31mThe verbose output for the command is:\n","","    utils.go:72: \u001b[31m0chain-core-sdk [INFO]   2022/03/27 23:26:51.267430 wallet.go:292: ******* Wallet SDK Version:v1.7.2-2-g3237f5c-dirty ******* (SetLogFile)\n","    utils.go:72: \u001b[31m0box-sdk        [INFO]   2022/03/27 23:26:51.267453 sdk.go:73: ******* Storage SDK Version: v1.7.2-2-g3237f5c-dirty *******\n","    utils.go:72: \u001b[31m0chain-core-sdk [INFO]   2022/03/27 23:26:51.284974 wallet.go:410: ******* Wallet SDK Version:v1.7.2-2-g3237f5c-dirty ******* (InitZCNSDK)\n","    utils.go:72: \u001b[31m0box-sdk        [DEBUG]  2022/03/27 23:26:51.290408 networkworker.go:103: Get network result:{\"miners\":[\"https://dev-4.devnet-0chain.net/miner02\",\"https://dev-4.devnet-0chain.net/miner01\",\"https://dev-4.devnet-0chain.net/miner03\"],\"sharders\":[\"https://dev-4.devnet-0chain.net/sharder01\",\"https://dev-4.devnet-0chain.net/sharder02\"]}\n","    utils.go:72: \u001b[31m0box-sdk        \u001b[31m[ERROR]  2022/03/27 23:27:39.616454 sdk.go:1147: Error verifying the transaction[txn] too less sharders to confirm it: min_confirmation is 50%, but got 0/2 sharders\n","    utils.go:72: \u001b[31mhttps://dev-4.devnet-0chain.net/sharder02/v1/transaction/get/confirmation?hash=4c0cb53927456a2f417f0b30db3c4f512ea3e046fa7a31baae1442606fbd5c6a: [400] {\"code\":\"entity_not_found\",\"error\":\"entity_not_found: txn_summary not found with id = 4c0cb53927456a2f417f0b30db3c4f512ea3e046fa7a31baae1442606fbd5c6a\"}\n","    utils.go:72: \u001b[31mhttps://dev-4.devnet-0chain.net/sharder01/v1/transaction/get/confirmation?hash=4c0cb53927456a2f417f0b30db3c4f512ea3e046fa7a31baae1442606fbd5c6a: [400] {\"code\":\"entity_not_found\",\"error\":\"entity_not_found: txn_summary not found with id = 4c0cb53927456a2f417f0b30db3c4f512ea3e046fa7a31baae1442606fbd5c6a\"}\n","    utils.go:72: \u001b[31m4c0cb53927456a2f417f0b30db3c4f512ea3e046fa7a31baae1442606fbd5c6a\u001b[0m\n","    utils.go:72: \u001b[31m[txn] too less sharders to confirm it: min_confirmation is 50%, but got 0/2 sharders\n","    flaky___broken_scenarios_test.go:550: \n","        \tError Trace:\tflaky___broken_scenarios_test.go:550\n","        \t            \t\t\t\tpanic.go:642\n","        \t            \t\t\t\ttesting.go:756\n","        \t            \t\t\t\tflaky___broken_scenarios_test.go:559\n","        \tError:      \tExpected nil, but got: \u0026exec.ExitError{ProcessState:(*os.ProcessState)(0xc0003286c0), Stderr:[]uint8(nil)}\n","        \tTest:       \tTest___FlakyBrokenScenarios/update_blobber_read_price_should_work\n","        \tMessages:   \tupdate_blobber_settings_failed: invalid blobber terms: read_price is greater than max_read_price allowed\n",""],"Passed":false,"Skipped":false,"TestFileName":"","TestFunctionDetail":{"Line":0,"Col":0}}]},{"FailureIndicator":"failed","SkippedIndicator":"","TestResults":[{"TestName":"Test___FlakyBrokenScenarios/update_blobber_write_price_should_work","Package":"github.com/0chain/system_test/tests/cli_tests","ElapsedTime":83.06,"Output":["","    zwalletcli_register_wallet_test.go:91: Registering wallet...\n","","    utils.go:62: \u001b[33mCommand failed on attempt [1/3] due to error [exit status 1]. Output: [ZCN wallet created -\u003cNEWLINE\u003e- Creating related read pool for storage smart-contract... -\u003cNEWLINE\u003e- Failed to create read pool: [txn] too less sharders to confirm it: min_confirmation is 50%, but got 0/2 sharders -\u003cNEWLINE\u003e- https://dev-4.devnet-0chain.net/sharder01/v1/transaction/get/confirmation?hash=af823534b72c322053c7c64d657429299da844c3d52443a5e0acd61db611ebcd: [400] {\"code\":\"entity_not_found\",\"error\":\"entity_not_found: txn_summary not found with id = af823534b72c322053c7c64d657429299da844c3d52443a5e0acd61db611ebcd\"} -\u003cNEWLINE\u003e- https://dev-4.devnet-0chain.net/sharder02/v1/transaction/get/confirmation?hash=af823534b72c322053c7c64d657429299da844c3d52443a5e0acd61db611ebcd: [400] {\"code\":\"entity_not_found\",\"error\":\"entity_not_found: txn_summary not found with id = af823534b72c322053c7c64d657429299da844c3d52443a5e0acd61db611ebcd\"}]\n","","    utils.go:58: \u001b[32mCommand passed on retry [2/3]. Output: [Wallet registered]\n","    zwalletcli_register_wallet_test.go:91: Registering wallet...\n","    zboxcli_stake_unstake_token_test.go:288: Requesting blobber list...\n","    zboxcli_blobber_config_update_test.go:471: Updating blobber info...\n","    utils.go:62: \u001b[33mCommand failed on attempt [1/3] due to error [exit status 1]. Output: [update_blobber_settings_failed: invalid blobber terms: write_price is greater than max_write_price allowed]\n","","    utils.go:62: \u001b[33mCommand failed on attempt [2/3] due to error [exit status 1]. Output: [update_blobber_settings_failed: invalid blobber terms: write_price is greater than max_write_price allowed]\n","","    utils.go:65: \u001b[31mCommand failed on final attempt [3/3] due to error [exit status 1]. Command String: [./zbox bl-update --blobber_id 12c1d0fb529487227ae9e180d0aea61e852be307174fab6e495b4083b5d3b815 --write_price 208036014 --silent --wallet blobber_owner_wallet.json --configDir ./config --config ./zbox_config.yaml] Output: [update_blobber_settings_failed: invalid blobber terms: write_price is greater than max_write_price allowed]\n","    utils.go:68: \u001b[31mThe verbose output for the command is:\n","","    utils.go:72: \u001b[31m0chain-core-sdk [INFO]   2022/03/27 23:28:43.372811 wallet.go:292: ******* Wallet SDK Version:v1.7.2-2-g3237f5c-dirty ******* (SetLogFile)\n","    utils.go:72: \u001b[31m0box-sdk        [INFO]   2022/03/27 23:28:43.372836 sdk.go:73: ******* Storage SDK Version: v1.7.2-2-g3237f5c-dirty *******\n","    utils.go:72: \u001b[31m0chain-core-sdk [INFO]   2022/03/27 23:28:43.391753 wallet.go:410: ******* Wallet SDK Version:v1.7.2-2-g3237f5c-dirty ******* (InitZCNSDK)\n","    utils.go:72: \u001b[31m0box-sdk        [DEBUG]  2022/03/27 23:28:43.397139 networkworker.go:103: Get network result:{\"miners\":[\"https://dev-4.devnet-0chain.net/miner03\",\"https://dev-4.devnet-0chain.net/miner02\",\"https://dev-4.devnet-0chain.net/miner01\"],\"sharders\":[\"https://dev-4.devnet-0chain.net/sharder02\",\"https://dev-4.devnet-0chain.net/sharder01\"]}\n","    utils.go:72: \u001b[31mupdate_blobber_settings_failed: invalid blobber terms: write_price is greater than max_write_price allowed\n","    flaky___broken_scenarios_test.go:603: \n","        \tError Trace:\tflaky___broken_scenarios_test.go:603\n","        \tError:      \t\"[update_blobber_settings_failed: invalid blobber terms: write_price is greater than max_write_price allowed]\" should have 3 item(s), but has 1\n","        \tTest:       \tTest___FlakyBrokenScenarios/update_blobber_write_price_should_work\n","    zboxcli_blobber_config_update_test.go:471: Updating blobber info...\n","    utils.go:62: \u001b[33mCommand failed on attempt [1/3] due to error [exit status 1]. Output: [update_blobber_settings_failed: invalid blobber terms: write_price is greater than max_write_price allowed]\n","","    utils.go:62: \u001b[33mCommand failed on attempt [2/3] due to error [exit status 1]. Output: [update_blobber_settings_failed: invalid blobber terms: write_price is greater than max_write_price allowed]\n","","    utils.go:65: \u001b[31mCommand failed on final attempt [3/3] due to error [exit status 1]. Command String: [./zbox bl-update --blobber_id 12c1d0fb529487227ae9e180d0aea61e852be307174fab6e495b4083b5d3b815 --write_price 208036015 --silent --wallet blobber_owner_wallet.json --configDir ./config --config ./zbox_config.yaml] Output: [update_blobber_settings_failed: invalid blobber terms: write_price is greater than max_write_price allowed]\n","    utils.go:68: \u001b[31mThe verbose output for the command is:\n","","    utils.go:72: \u001b[31m0chain-core-sdk [INFO]   2022/03/27 23:28:59.618853 wallet.go:292: ******* Wallet SDK Version:v1.7.2-2-g3237f5c-dirty ******* (SetLogFile)\n","    utils.go:72: \u001b[31m0box-sdk        [INFO]   2022/03/27 23:28:59.618877 sdk.go:73: ******* Storage SDK Version: v1.7.2-2-g3237f5c-dirty *******\n","    utils.go:72: \u001b[31m0chain-core-sdk [INFO]   2022/03/27 23:28:59.641453 wallet.go:410: ******* Wallet SDK Version:v1.7.2-2-g3237f5c-dirty ******* (InitZCNSDK)\n","    utils.go:72: \u001b[31m0box-sdk        [DEBUG]  2022/03/27 23:28:59.655165 networkworker.go:103: Get network result:{\"miners\":[\"https://dev-4.devnet-0chain.net/miner03\",\"https://dev-4.devnet-0chain.net/miner02\",\"https://dev-4.devnet-0chain.net/miner01\"],\"sharders\":[\"https://dev-4.devnet-0chain.net/sharder01\",\"https://dev-4.devnet-0chain.net/sharder02\"]}\n","    utils.go:72: \u001b[31mupdate_blobber_settings_failed: invalid blobber terms: write_price is greater than max_write_price allowed\n","    flaky___broken_scenarios_test.go:594: \n","        \tError Trace:\tflaky___broken_scenarios_test.go:594\n","        \t            \t\t\t\tpanic.go:642\n","        \t            \t\t\t\ttesting.go:756\n","        \t            \t\t\t\tflaky___broken_scenarios_test.go:603\n","        \tError:      \tExpected nil, but got: \u0026exec.ExitError{ProcessState:(*os.ProcessState)(0xc00000e5e8), Stderr:[]uint8(nil)}\n","        \tTest:       \tTest___FlakyBrokenScenarios/update_blobber_write_price_should_work\n","        \tMessages:   \tupdate_blobber_settings_failed: invalid blobber terms: write_price is greater than max_write_price allowed\n",""],"Passed":false,"Skipped":false,"TestFileName":"","TestFunctionDetail":{"Line":0,"Col":0}}]},{"FailureIndicator":"failed","SkippedIndicator":"","TestResults":[{"TestName":"Test___FlakyScenariosCommonUserFunctions","Package":"github.com/0chain/system_test/tests/cli_tests","ElapsedTime":0,"Output":["",""],"Passed":false,"Skipped":false,"TestFileName":"flaky___flaky_test.go","TestFunctionDetail":{"Line":23,"Col":1}}]},{"FailureIndicator":"","SkippedIndicator":"","TestResults":[{"TestName":"Test___FlakyScenariosCommonUserFunctions/File_Rename_-_Users_should_not_be_charged_for_renaming_a_file","Package":"github.com/0chain/system_test/tests/cli_tests","ElapsedTime":73.2,"Output":["","","","","    zwalletcli_register_wallet_test.go:91: Registering wallet...\n","","    zboxcli_update_allocation_test.go:523: Executing faucet...\n","","    zboxcli_create_allocation_test.go:262: Creating new allocation...\n","","    zboxcli_upload_test.go:791: Uploading file...\n","","    utils.go:133: Waiting 30s...\n","","    zboxcli_upload_token_test.go:107: Getting write pool info...\n","    zboxcli_common_user_functions_test.go:167: Renaming file...\n","","    utils.go:133: Waiting 30s...\n","","    zboxcli_upload_token_test.go:107: Getting write pool info...\n","    flaky___flaky_test.go:134: Initital blobber[0] balance: [1249898421], final balance: [1249898421]\n","    flaky___flaky_test.go:134: Initital blobber[1] balance: [1249898421], final balance: [1249898421]\n","    flaky___flaky_test.go:134: Initital blobber[2] balance: [1249898421], final balance: [1249898421]\n","    flaky___flaky_test.go:134: Initital blobber[3] balance: [1249898421], final balance: [1249898421]\n","    zboxcli_cancel_allocation_test.go:106: Canceling allocation...\n","--- PASS: Test___FlakyScenariosCommonUserFunctions/File_Rename_-_Users_should_not_be_charged_for_renaming_a_file (73.20s)",""],"Passed":true,"Skipped":false,"TestFileName":"","TestFunctionDetail":{"Line":0,"Col":0}}]},{"FailureIndicator":"","SkippedIndicator":"","TestResults":[{"TestName":"Test___FlakyScenariosCommonUserFunctions/File_Update_with_a_different_size_-_Blobbers_should_be_paid_for_the_extra_file_size","Package":"github.com/0chain/system_test/tests/cli_tests","ElapsedTime":133.44,"Output":["","","","","    zwalletcli_register_wallet_test.go:91: Registering wallet...\n","","    zboxcli_update_allocation_test.go:523: Executing faucet...\n","","    zboxcli_create_allocation_test.go:262: Creating new allocation...\n","","    zboxcli_upload_test.go:791: Uploading file...\n","","    zboxcli_upload_token_test.go:118: Getting upload cost...\n","    utils.go:133: Waiting 1m0s...\n","","    zboxcli_upload_token_test.go:107: Getting write pool info...\n","    flaky___flaky_test.go:253: Write pool Balance after upload expected to be [0.5] but was [0.4999796844]\n","    zboxcli_common_user_functions_test.go:188: Updating file...\n","","    utils.go:133: Waiting 1m0s...\n","","    zboxcli_upload_token_test.go:107: Getting write pool info...\n","    flaky___flaky_test.go:276: Write pool Balance after upload expected to be [0.499979684] but was [0.4999796844]\n","    flaky___flaky_test.go:291: Blobber [0] write pool has decreased by [5.078800000002381e-06] tokens after upload when it was expected to decrease by [5.079e-06]\n","    flaky___flaky_test.go:291: Blobber [1] write pool has decreased by [5.078800000002381e-06] tokens after upload when it was expected to decrease by [5.079e-06]\n","    flaky___flaky_test.go:291: Blobber [2] write pool has decreased by [5.078800000002381e-06] tokens after upload when it was expected to decrease by [5.079e-06]\n","    flaky___flaky_test.go:291: Blobber [3] write pool has decreased by [5.078800000002381e-06] tokens after upload when it was expected to decrease by [5.079e-06]\n","    zboxcli_cancel_allocation_test.go:106: Canceling allocation...\n","--- PASS: Test___FlakyScenariosCommonUserFunctions/File_Update_with_a_different_size_-_Blobbers_should_be_paid_for_the_extra_file_size (133.44s)",""],"Passed":true,"Skipped":false,"TestFileName":"","TestFunctionDetail":{"Line":0,"Col":0}}]},{"FailureIndicator":"","SkippedIndicator":"","TestResults":[{"TestName":"Test___FlakyScenariosCommonUserFunctions/File_Update_with_same_size_-_Users_should_not_be_charged,_blobber_should_not_be_paid","Package":"github.com/0chain/system_test/tests/cli_tests","ElapsedTime":73.6,"Output":["","","","","    zwalletcli_register_wallet_test.go:91: Registering wallet...\n","","    zboxcli_update_allocation_test.go:523: Executing faucet...\n","","    zboxcli_create_allocation_test.go:262: Creating new allocation...\n","","    zboxcli_upload_test.go:791: Uploading file...\n","","    utils.go:133: Waiting 30s...\n","","    zboxcli_upload_token_test.go:107: Getting write pool info...\n","    zboxcli_common_user_functions_test.go:188: Updating file...\n","","    utils.go:133: Waiting 30s...\n","","    zboxcli_upload_token_test.go:107: Getting write pool info...\n","    flaky___flaky_test.go:194: Initital blobber[0] balance: [1249898421], final balance: [1249898421]\n","    flaky___flaky_test.go:194: Initital blobber[1] balance: [1249898421], final balance: [1249898421]\n","    flaky___flaky_test.go:194: Initital blobber[2] balance: [1249898421], final balance: [1249898421]\n","    flaky___flaky_test.go:194: Initital blobber[3] balance: [1249898421], final balance: [1249898421]\n","    zboxcli_cancel_allocation_test.go:106: Canceling allocation...\n","--- PASS: Test___FlakyScenariosCommonUserFunctions/File_Update_with_same_size_-_Users_should_not_be_charged,_blobber_should_not_be_paid (73.60s)",""],"Passed":true,"Skipped":false,"TestFileName":"","TestFunctionDetail":{"Line":0,"Col":0}}]},{"FailureIndicator":"failed","SkippedIndicator":"","TestResults":[{"TestName":"Test___FlakyScenariosCommonUserFunctions/File_move_-_Users_should_not_be_charged_for_moving_a_file_","Package":"github.com/0chain/system_test/tests/cli_tests","ElapsedTime":30.24,"Output":["","","","","    zwalletcli_register_wallet_test.go:91: Registering wallet...\n","","    zboxcli_update_allocation_test.go:523: Executing faucet...\n","","    zboxcli_create_allocation_test.go:262: Creating new allocation...\n","","    zboxcli_upload_test.go:791: Uploading file...\n","","    utils.go:133: Waiting 10s...\n","","    zboxcli_upload_token_test.go:107: Getting write pool info...\n","    zboxcli_file_move_test.go:566: Moving file...\n","    utils.go:133: Waiting 10s...\n","    zboxcli_upload_token_test.go:107: Getting write pool info...\n","    flaky___flaky_test.go:72: \n","        \tError Trace:\tflaky___flaky_test.go:72\n","        \tError:      \tNot equal: \n","        \t            \texpected: 5000000000\n","        \t            \tactual  : 4999492105\n","        \tTest:       \tTest___FlakyScenariosCommonUserFunctions/File_move_-_Users_should_not_be_charged_for_moving_a_file_\n","        \tMessages:   \tWrite pool balance expected to be unchanged\n",""],"Passed":false,"Skipped":false,"TestFileName":"","TestFunctionDetail":{"Line":0,"Col":0}}]},{"FailureIndicator":"","SkippedIndicator":"","TestResults":[{"TestName":"Test___FlakyScenariosCreateAllocationFreeStorage","Package":"github.com/0chain/system_test/tests/cli_tests","ElapsedTime":212.65,"Output":["","    zwalletcli_register_wallet_test.go:91: Registering wallet...\n","    zwalletcli_register_wallet_test.go:91: Registering wallet...\n","    zwalletcli_register_wallet_test.go:91: Registering wallet...\n","    utils.go:133: Waiting 5s...\n","    zwalletcli_storage_update_config_test.go:114: Retrieving storage config...\n","    zwalletcli_storage_update_config_test.go:126: Updating storage config...\n","    zwalletcli_register_wallet_test.go:133: Verifying transaction...\n","","","","    zwalletcli_storage_update_config_test.go:126: Updating storage config...\n","--- PASS: Test___FlakyScenariosCreateAllocationFreeStorage (212.65s)",""],"Passed":true,"Skipped":false,"TestFileName":"flaky___flaky_test.go","TestFunctionDetail":{"Line":502,"Col":1}}]},{"FailureIndicator":"","SkippedIndicator":"","TestResults":[{"TestName":"Test___FlakyScenariosCreateAllocationFreeStorage/Create_free_storage_from_marker_with_accounting","Package":"github.com/0chain/system_test/tests/cli_tests","ElapsedTime":161.32,"Output":["","","    zwalletcli_register_wallet_test.go:91: Registering wallet...\n","","    zwalletcli_register_wallet_test.go:111: Getting wallet...\n","","    zboxcli_create_allocation_test.go:262: Creating new allocation...\n","","    utils.go:62: \u001b[33mCommand failed on attempt [1/3] due to error [exit status 1]. Output: [Error creating free allocation: free_allocation_failed: marker verification failed: marker timestamped in the future: 1648416348]\n","","    utils.go:62: \u001b[33mCommand failed on attempt [2/3] due to error [exit status 1]. Output: [Error creating free allocation: [txn] too less sharders to confirm it: min_confirmation is 50%, but got 0/2 sharders -\u003cNEWLINE\u003e- https://dev-4.devnet-0chain.net/sharder01/v1/transaction/get/confirmation?hash=3ab33cb83b65c8220ae7848da7e43602c52a2014e563a82cc3b8042f4c99240c: [400] {\"code\":\"entity_not_found\",\"error\":\"entity_not_found: txn_summary not found with id = 3ab33cb83b65c8220ae7848da7e43602c52a2014e563a82cc3b8042f4c99240c\"} -\u003cNEWLINE\u003e- https://dev-4.devnet-0chain.net/sharder02/v1/transaction/get/confirmation?hash=3ab33cb83b65c8220ae7848da7e43602c52a2014e563a82cc3b8042f4c99240c: [400] {\"code\":\"entity_not_found\",\"error\":\"entity_not_found: txn_summary not found with id = 3ab33cb83b65c8220ae7848da7e43602c52a2014e563a82cc3b8042f4c99240c\"}]\n","","    utils.go:65: \u001b[31mCommand failed on final attempt [3/3] due to error [exit status 1]. Command String: [./zbox newallocation --free_storage ./config/Test___FlakyScenariosCreateAllocationFreeStorage-Create_free_storage_from_marker_with_accounting_MARKER.json --silent --wallet Test___FlakyScenariosCreateAllocationFreeStorage-Create_free_storage_from_marker_with_accounting_wallet.json --configDir ./config --config ./zbox_config.yaml --allocationFileName Test___FlakyScenariosCreateAllocationFreeStorage-Create_free_storage_from_marker_with_accounting_allocation.txt] Output: [Error creating free allocation: [txn] too less sharders to confirm it: min_confirmation is 50%, but got 0/2 sharders -\u003cNEWLINE\u003e- https://dev-4.devnet-0chain.net/sharder01/v1/transaction/get/confirmation?hash=1e190c71b2bb65c1a93e9891b1f9b082c1d9c4eb0eb59f87d052cf4653716a6e: [400] {\"code\":\"entity_not_found\",\"error\":\"entity_not_found: txn_summary not found with id = 1e190c71b2bb65c1a93e9891b1f9b082c1d9c4eb0eb59f87d052cf4653716a6e\"} -\u003cNEWLINE\u003e-"," https://dev-4.devnet-0chain.net/sharder02/v1/transaction/get/confirmation?hash=1e190c71b2bb65c1a93e9891b1f9b082c1d9c4eb0eb59f87d052cf4653716a6e: [400] {\"code\":\"entity_not_found\",\"error\":\"entity_not_found: txn_summary not found with id = 1e190c71b2bb65c1a93e9891b1f9b082c1d9c4eb0eb59f87d052cf4653716a6e\"}]\n","    utils.go:68: \u001b[31mThe verbose output for the command is:\n","","    utils.go:72: \u001b[31m0chain-core-sdk [INFO]   2022/03/27 23:27:38.322357 wallet.go:292: ******* Wallet SDK Version:v1.7.2-2-g3237f5c-dirty ******* (SetLogFile)\n","    utils.go:72: \u001b[31m0box-sdk        [INFO]   2022/03/27 23:27:38.322381 sdk.go:73: ******* Storage SDK Version: v1.7.2-2-g3237f5c-dirty *******\n","    utils.go:72: \u001b[31m0chain-core-sdk [INFO]   2022/03/27 23:27:38.341247 wallet.go:410: ******* Wallet SDK Version:v1.7.2-2-g3237f5c-dirty ******* (InitZCNSDK)\n","    utils.go:72: \u001b[31m0box-sdk        [DEBUG]  2022/03/27 23:27:38.347442 networkworker.go:103: Get network result:{\"miners\":[\"https://dev-4.devnet-0chain.net/miner03\",\"https://dev-4.devnet-0chain.net/miner02\",\"https://dev-4.devnet-0chain.net/miner01\"],\"sharders\":[\"https://dev-4.devnet-0chain.net/sharder01\",\"https://dev-4.devnet-0chain.net/sharder02\"]}\n","    utils.go:72: \u001b[31m0box-sdk        \u001b[31m[ERROR]  2022/03/27 23:28:26.679953 sdk.go:1147: Error verifying the transaction[txn] too less sharders to confirm it: min_confirmation is 50%, but got 0/2 sharders\n","    utils.go:72: \u001b[31mhttps://dev-4.devnet-0chain.net/sharder01/v1/transaction/get/confirmation?hash=d12f62a699ea491d15e6ba717697a501c6366b7ecbda52ecc9dccbd5d9313811: [400] {\"code\":\"entity_not_found\",\"error\":\"entity_not_found: txn_summary not found with id = d12f62a699ea491d15e6ba717697a501c6366b7ecbda52ecc9dccbd5d9313811\"}\n","    utils.go:72: \u001b[31mhttps://dev-4.devnet-0chain.net/sharder02/v1/transaction/get/confirmation?hash=d12f62a699ea491d15e6ba717697a501c6366b7ecbda52ecc9dccbd5d9313811: [400] {\"code\":\"entity_not_found\",\"error\":\"entity_not_found: txn_summary not found with id = d12f62a699ea491d15e6ba717697a501c6366b7ecbda52ecc9dccbd5d9313811\"}\n","    utils.go:72: \u001b[31md12f62a699ea491d15e6ba717697a501c6366b7ecbda52ecc9dccbd5d9313811\u001b[0m\n","    utils.go:72: \u001b[31mError creating free allocation: [txn] too less sharders to confirm it: min_confirmation is 50%, but got 0/2 sharders\n","--- PASS: Test___FlakyScenariosCreateAllocationFreeStorage/Create_free_storage_from_marker_with_accounting (161.32s)",""],"Passed":true,"Skipped":false,"TestFileName":"","TestFunctionDetail":{"Line":0,"Col":0}}]},{"FailureIndicator":"","SkippedIndicator":"","TestResults":[{"TestName":"Test___FlakyScenariosCreateAllocationFreeStorage/Create_free_storage_with_invalid_marker_contents_should_fail","Package":"github.com/0chain/system_test/tests/cli_tests","ElapsedTime":6.14,"Output":["","    zwalletcli_register_wallet_test.go:91: Registering wallet...\n","--- PASS: Test___FlakyScenariosCreateAllocationFreeStorage/Create_free_storage_with_invalid_marker_contents_should_fail (6.14s)",""],"Passed":true,"Skipped":false,"TestFileName":"","TestFunctionDetail":{"Line":0,"Col":0}}]},{"FailureIndicator":"","SkippedIndicator":"","TestResults":[{"TestName":"Test___FlakyScenariosCreateAllocationFreeStorage/Create_free_storage_with_invalid_marker_signature_should_fail","Package":"github.com/0chain/system_test/tests/cli_tests","ElapsedTime":6.2,"Output":["","    zwalletcli_register_wallet_test.go:91: Registering wallet...\n","","    zwalletcli_register_wallet_test.go:111: Getting wallet...\n","--- PASS: Test___FlakyScenariosCreateAllocationFreeStorage/Create_free_storage_with_invalid_marker_signature_should_fail (6.20s)",""],"Passed":true,"Skipped":false,"TestFileName":"","TestFunctionDetail":{"Line":0,"Col":0}}]},{"FailureIndicator":"","SkippedIndicator":"","TestResults":[{"TestName":"Test___FlakyScenariosCreateAllocationFreeStorage/Create_free_storage_with_malformed_marker_should_fail","Package":"github.com/0chain/system_test/tests/cli_tests","ElapsedTime":3.11,"Output":["","    zwalletcli_register_wallet_test.go:91: Registering wallet...\n","--- PASS: Test___FlakyScenariosCreateAllocationFreeStorage/Create_free_storage_with_malformed_marker_should_fail (3.11s)",""],"Passed":true,"Skipped":false,"TestFileName":"","TestFunctionDetail":{"Line":0,"Col":0}}]},{"FailureIndicator":"","SkippedIndicator":"","TestResults":[{"TestName":"Test___FlakyScenariosCreateAllocationFreeStorage/Create_free_storage_with_tokens_exceeding_assigner's_individual_limit_should_fail","Package":"github.com/0chain/system_test/tests/cli_tests","ElapsedTime":6.17,"Output":["","    zwalletcli_register_wallet_test.go:91: Registering wallet...\n","    zwalletcli_register_wallet_test.go:111: Getting wallet...\n","--- PASS: Test___FlakyScenariosCreateAllocationFreeStorage/Create_free_storage_with_tokens_exceeding_assigner's_individual_limit_should_fail (6.17s)",""],"Passed":true,"Skipped":false,"TestFileName":"","TestFunctionDetail":{"Line":0,"Col":0}}]},{"FailureIndicator":"","SkippedIndicator":"","TestResults":[{"TestName":"Test___FlakyScenariosCreateAllocationFreeStorage/Create_free_storage_with_wrong_recipient_wallet_should_fail","Package":"github.com/0chain/system_test/tests/cli_tests","ElapsedTime":9.24,"Output":["","    zwalletcli_register_wallet_test.go:91: Registering wallet...\n","","    zwalletcli_register_wallet_test.go:111: Getting wallet...\n","    zwalletcli_register_wallet_test.go:91: Registering wallet...\n","--- PASS: Test___FlakyScenariosCreateAllocationFreeStorage/Create_free_storage_with_wrong_recipient_wallet_should_fail (9.24s)",""],"Passed":true,"Skipped":false,"TestFileName":"","TestFunctionDetail":{"Line":0,"Col":0}}]},{"FailureIndicator":"","SkippedIndicator":"","TestResults":[{"TestName":"Test___FlakyScenariosTransferAllocation","Package":"github.com/0chain/system_test/tests/cli_tests","ElapsedTime":0,"Output":["","","","--- PASS: Test___FlakyScenariosTransferAllocation (0.00s)",""],"Passed":true,"Skipped":false,"TestFileName":"flaky___flaky_test.go","TestFunctionDetail":{"Line":301,"Col":1}}]},{"FailureIndicator":"","SkippedIndicator":"","TestResults":[{"TestName":"Test___FlakyScenariosTransferAllocation/transfer_allocation_accounting_test","Package":"github.com/0chain/system_test/tests/cli_tests","ElapsedTime":200.56,"Output":["","","","","    zwalletcli_register_wallet_test.go:91: Registering wallet...\n","","    zboxcli_update_allocation_test.go:523: Executing faucet...\n","","    zboxcli_create_allocation_test.go:262: Creating new allocation...\n","","    zwalletcli_register_wallet_test.go:111: Getting wallet...\n","    zboxcli_add_remove_curator_test.go:371: Adding curator...\n","","    zboxcli_upload_test.go:791: Uploading file...\n","    zwalletcli_register_wallet_test.go:91: Registering wallet...\n","    zboxcli_update_allocation_test.go:523: Executing faucet...\n","","    zwalletcli_register_wallet_test.go:111: Getting wallet...\n","    zboxcli_upload_token_test.go:107: Getting write pool info...\n","    zboxcli_transfer_allocation_test.go:900: Transferring allocation ownership...\n","","    zboxcli_transfer_allocation_test.go:917: Polling for 5 minutes until allocation ownership changed...\n","    utils.go:133: Waiting 5s...\n","","    zboxcli_create_dir_test.go:381: Listing all...\n","    utils.go:133: Waiting 10s...\n","","    utils.go:133: Waiting 5s...\n","    zboxcli_create_dir_test.go:381: Listing all...\n","    utils.go:133: Waiting 5s...\n","    utils.go:133: Waiting 2m0s...\n","","    zboxcli_upload_token_test.go:107: Getting write pool info...\n","--- PASS: Test___FlakyScenariosTransferAllocation/transfer_allocation_accounting_test (200.56s)",""],"Passed":true,"Skipped":false,"TestFileName":"","TestFunctionDetail":{"Line":0,"Col":0}}]},{"FailureIndicator":"failed","SkippedIndicator":"","TestResults":[{"TestName":"Test___FlakyScenariosUpdateScSettings","Package":"github.com/0chain/system_test/tests/cli_tests","ElapsedTime":19.31,"Output":["",""],"Passed":false,"Skipped":false,"TestFileName":"flaky___flaky_test.go","TestFunctionDetail":{"Line":416,"Col":1}}]},{"FailureIndicator":"failed","SkippedIndicator":"","TestResults":[{"TestName":"Test___FlakyScenariosUpdateScSettings/should_allow_update_of_max_read_price","Package":"github.com/0chain/system_test/tests/cli_tests","ElapsedTime":19.31,"Output":["","    zwalletcli_register_wallet_test.go:91: Registering wallet...\n","    zwalletcli_register_wallet_test.go:91: Registering wallet...\n","    utils.go:133: Waiting 5s...\n","    zwalletcli_storage_update_config_test.go:114: Retrieving storage config...\n","    zwalletcli_storage_update_config_test.go:126: Updating storage config...\n","    utils.go:133: Waiting 5s...\n","    zwalletcli_storage_update_config_test.go:114: Retrieving storage config...\n","    flaky___flaky_test.go:494: \n","        \tError Trace:\tflaky___flaky_test.go:494\n","        \tError:      \tNot equal: \n","        \t            \texpected: \"99\"\n","        \t            \tactual  : \"100\"\n","        \t            \t\n","        \t            \tDiff:\n","        \t            \t--- Expected\n","        \t            \t+++ Actual\n","        \t            \t@@ -1 +1 @@\n","        \t            \t-99\n","        \t            \t+100\n","        \tTest:       \tTest___FlakyScenariosUpdateScSettings/should_allow_update_of_max_read_price\n","        \tMessages:   \tnew value 99 for config was not set%!(EXTRA string=max_read_price)\n","    zwalletcli_storage_update_config_test.go:126: Updating storage config...\n",""],"Passed":false,"Skipped":false,"TestFileName":"","TestFunctionDetail":{"Line":0,"Col":0}}]},{"FailureIndicator":"failed","SkippedIndicator":"","TestResults":[{"TestName":"Test___FlakyScenariosUpdateScSettings/update_max_read_price_to_invalid_value_should_fail","Package":"github.com/0chain/system_test/tests/cli_tests","ElapsedTime":6.15,"Output":["","","","    zwalletcli_register_wallet_test.go:91: Registering wallet...\n","    zwalletcli_register_wallet_test.go:91: Registering wallet...\n","    zwalletcli_storage_update_config_test.go:126: Updating storage config...\n","    flaky___flaky_test.go:439: \n","        \tError Trace:\tflaky___flaky_test.go:439\n","        \tError:      \tExpected value not to be nil.\n","        \tTest:       \tTest___FlakyScenariosUpdateScSettings/update_max_read_price_to_invalid_value_should_fail\n","        \tMessages:   \tstoragesc smart contract settings updated\n","        \t            \tHash: 180641d24a38ad27c3f1fc0acda5b1903674b03bd85639823b73d7df2f5fd602\n",""],"Passed":false,"Skipped":false,"TestFileName":"","TestFunctionDetail":{"Line":0,"Col":0}}]},{"FailureIndicator":"","SkippedIndicator":"","TestResults":[{"TestName":"Test___FlakyUnhealthyBlobberScenarios","Package":"github.com/0chain/system_test/tests/cli_tests","ElapsedTime":0,"Output":["","--- PASS: Test___FlakyUnhealthyBlobberScenarios (0.00s)",""],"Passed":true,"Skipped":false,"TestFileName":"flaky___unhealthy_blobber_test.go","TestFunctionDetail":{"Line":10,"Col":1}}]}]

    const report = window.GoTestReport({
                                         data: data,
                                         testResultsElem: document.getElementById('testResults'),
                                         testGroupListElem: document.getElementById('testGroupList')
                                       });


</script>
</body>
</html>
