<!DOCTYPE html>
<html lang="en">
<head>
    <meta charset="UTF-8">
    <title>0Chain Flaky system test suite [miner_tests_sequental/db05e702] ran against [dev-1.devnet-0chain.net] at [2023-04-25_13.55.53]</title>
    <style type="text/css">
        body {
            font-family: sans-serif;
            background-color: #f3f3f3;
            border-top: 2px #dee6e8 solid;
            margin: 0;
        }

        div.pageHeader span.projectTitle {
            font-family: serif;
            font-size: 2em;
            padding-left: 56px;
            padding-top: 80px;
            display: block;
            color: #a5a5a5;
            text-shadow: 0 -1px 1px white;
        }

        div.pageHeader div.testStats {
            position: absolute;
            top: 7px;
            right: 52px;
            font-size: 0.8em;
            color: #a2a2a2;
        }

        div.pageHeader div.testStats span.indicator {
            font-size: 2em;
            position: relative;
            top: 5px;
            text-shadow: 0 1px 0 white;
        }

        div.pageHeader div.testStats span strong {
            margin-right: 16px;
        }

        div.pageHeader div.testStats span.total {
            border-right: 1px #afafaf dotted;
            background: #8298af;
        }

        div.pageHeader div.testStats span.passed {
            border-right: 1px #afafaf dotted;
            background: #6fca83;
        }

        div.pageHeader div.testStats span.skipped {
            background: #bababa;
        }

        div.pageHeader div.testStats span.failed {
            background: #ff7676;
        }

        div.pageHeader div.testStats span {
            margin-right: 1px;
            height: 55px;
            padding: 20px 8px 18px;
            color: white;
        }

        div.pageHeader .testGroupsTitle {
            margin: 16px 32px 8px 40px;
            font-size: 0.9em;
            color: darkgrey;
            display: inline-block;
        }

        div.pageHeader .testExecutionDate {
            display: inline-block;
            position: absolute;
            right: 10px;
            margin: 14px 32px 8px 40px;
            color: #9e9e9e;
            font-size: 0.9em;
        }

        .testReportContainer {
            padding: 0 32px 32px 32px;
        }

        .cardContainer {
            padding: 16px 16px 16px;
            box-shadow: 0 4px 4px #d4d4d4;
            background-color: white;
        }

        #testResults {
            display: flex;
            flex-wrap: wrap;
        }

        .testResultGroup {
            width: 24px;
            height: 24px;
            background-color: #43c143;
            margin-left: 1px;
            margin-bottom: 1px;
            box-sizing: border-box;
        }

        .testResultGroup.selected {
            border: 1px white solid;
            background-color: black !important;
        }

        .testResultGroup.skipped {
            border: 2px gray solid;
        }

        .testResultGroup.failed {
            background-color: red;
        }

        .cardContainer.testGroupList,
        .cardContainer.testDetail {
            margin-top: 16px;
            padding: 16px;
        }

        .cardContainer.testGroupList {
            color: #9c9c9c;
            padding: 0;
        }

        .cardContainer.testGroupList .testGroupRow {
            cursor: default;
            border-bottom: 1px #dadada dotted;
        }

        .cardContainer.testGroupList .testGroupRow span.testStatus {
            font-size: 1.2em;
            font-weight: bold;
            color: #139e13;
            pointer-events: none;
            display: inline-block;
            overflow: hidden;
            float: left;
            padding-top: 10px;
            padding-left: 20px;
            padding-right: 12px;
        }

        .cardContainer.testGroupList .testGroupRow span.testStatus.skipped {
            color: gray;
        }

        .cardContainer.testGroupList .testGroupRow span.testStatus.failed {
            color: red;
        }

        .cardContainer.testGroupList .testGroupRow span.testTitle {
            font-size: 0.9em;
            padding: 12px 0 10px;
            display: inline-block;
            pointer-events: none;
            color: #525252;
            text-overflow: ellipsis;
            overflow: hidden;
            width: calc(100% - 110px);
        }

        .cardContainer.testGroupList .testGroupRow span.testDuration {
            pointer-events: none;
        }

        .cardContainer.testGroupList .testGroupRow {
            position: relative;
            border-left: 4px #43c143 solid;
        }

        .cardContainer.testGroupList .testGroupRow.skipped {
            color: gray;
            border-left: 4px gray solid;
        }

        .cardContainer.testGroupList .testGroupRow.failed {
            color: red;
            border-left: 4px red solid;
        }

        .cardContainer.testGroupList .testGroupRow:hover {
            background-color: #fffaea;
            transition: 0.250s;
        }

        .cardContainer .testOutput {
            padding: 8px 16px 24px 16px;
        }

        .cardContainer .console {
            display: block;
            font-family: monospace;
            padding: 10px;
            background-color: #424242;
            color: #1aff00;
            border-bottom: 1px #1aff00 dotted;
            overflow: auto;
            font-size: 1.1em;
        }

        .cardContainer .testOutput .testDetail {
            border-bottom: 1px #d0d0d0 solid;
            padding: 16px;
            background-color: #e6e6e6;
            border-radius: 0 0 4px 4px;
            color: dimgrey;
            font-size: 0.8em;
        }

        .cardContainer .console.skipped{
            color: #d9d9d9;
        }

        .cardContainer .console.failed {
            color: #ffb2b2;
        }

        .cardContainer .testDuration {
            position: absolute;
            top: 5px;
            right: 8px;
            text-align: right;
            padding-right: 8px;
            box-sizing: border-box;
        }
    </style>
</head>
<body>
<div class="pageHeader">
    <span class="projectTitle">0Chain Flaky system test suite [miner_tests_sequental/db05e702] ran against [dev-1.devnet-0chain.net] at [2023-04-25_13.55.53]</span>
    <div class="testStats">
        <span class="total"><span class="indicator">&boxbox;</span> Total: <strong>11</strong>Duration: <strong>1ms</strong>
        </span><span class="passed"><span class="indicator">&check;</span> Passed: <strong>3</strong>
        </span><span class="skipped"><span class="indicator">&dash;</span> Skipped: <strong>3</strong>
        </span><span class="failed"><span class="indicator">&cross;</span> Failed: <strong>5</strong>
        </span>
    </div>
    <span class="testGroupsTitle">Test Groups:</span>
    <span class="testExecutionDate">April 25, 2023 14:07:27</span>
</div>
<div class="testReportContainer">
    <div class="cardContainer">
        <div id="testResults">
            
                <div class="testResultGroup  skipped" id="0"></div>
            
                <div class="testResultGroup  " id="1"></div>
            
                <div class="testResultGroup  skipped" id="2"></div>
            
                <div class="testResultGroup  " id="3"></div>
            
                <div class="testResultGroup  " id="4"></div>
            
                <div class="testResultGroup failed " id="5"></div>
            
                <div class="testResultGroup failed " id="6"></div>
            
                <div class="testResultGroup  skipped" id="7"></div>
            
                <div class="testResultGroup failed " id="8"></div>
            
                <div class="testResultGroup failed " id="9"></div>
            
                <div class="testResultGroup failed " id="10"></div>
            
        </div>
    </div>
    <div class="cardContainer testGroupList" id="testGroupList"></div>
</div>
<script type="application/javascript">
    /**
 * @typedef TestStatus
 * @property {string} TestName
 * @property {string} Package
 * @property {number} ElapsedTime
 * @property {Array.<string>} Output
 * @property {boolean} Passed
 * @property {boolean} Skipped
 */
class TestStatus {}

/**
 * @typedef TestGroupData
 * @type {object}
 * @property {string} FailureIndicator
 * @property {string} SkippedIndicator
 * @property {Array.<TestStatus>}
 */
class TestGroupData {}

/**
 * @typedef TestResults
 * @type {Array.<TestGroupData>}
 */
class TestResults extends Array {}

/**
 * @typedef SelectedItems
 * @property {HTMLElement|EventTarget} testResults
 * @property {String} selectedTestGroupColor
 */
class SelectedItems {}

/**
 * @typedef GoTestReportElements
 * @property {TestResults} data
 * @property {HTMLElement} testResultsElem
 * @property {HTMLElement} testGroupListElem
 */
class GoTestReportElements {}


/**
 * Main entry point for GoTestReport.
 * @param {GoTestReportElements} elements
 * @returns {{testResultsClickHandler: testResultsClickHandler}}
 * @constructor
 */
window.GoTestReport = function (elements) {
  const /**@type {SelectedItems}*/ selectedItems = {
    testResults: null,
    selectedTestGroupColor: null
  }

  function addEventData(event) {
    if (event.data == null) {
      event.data = {target: event.target}
    }
    return event
  }


  const goTestReport = {
    /**
     * Invoked when a user clicks on one of the test group div elements.
     * @param {HTMLElement} target The element associated with the test group.
     * @param {boolean} shiftKey If pressed, all of test detail associated to the test group is shown.
     * @param {TestResults} data
     * @param {SelectedItems} selectedItems
     * @param {function(target: Element, data: TestResults)} testGroupListHandler
     */
    testResultsClickHandler: function (target,
                                       shiftKey,
                                       data,
                                       selectedItems,
                                       testGroupListHandler) {

      if (target.classList.contains('testResultGroup') === false) {
        return
      }
      if (selectedItems.testResults != null) {
        let testResultsElement = /**@type {HTMLElement}*/ selectedItems.testResults
        testResultsElement.classList.remove("selected")
        testResultsElement.style.backgroundColor = selectedItems.selectedTestGroupColor
      }
      const testGroupId = /**@type {number}*/ target.id
      if ((target.id === undefined)
        || (data[testGroupId] === undefined)
        || (data[testGroupId]['TestResults'] === undefined)) {
        return
      }
      const testResults = /**@type {TestResults}*/ data[testGroupId]['TestResults']
      let testGroupList = /**@type {string}*/ ''
      selectedItems.selectedTestGroupColor = getComputedStyle(target).getPropertyValue('background-color')
      selectedItems.testResults = target
      target.classList.add("selected")
      for (let i = 0; i < testResults.length; i++) {
        const testResult = /**@type {TestGroupData}*/ testResults[i]
        const testPassed = /**@type {boolean}*/ testResult.Passed
        const testSkipped = /**@type {boolean}*/ testResult.Skipped
        const testPassedStatus = /**@type {string}*/ (testPassed) ? '' : (testSkipped ? 'skipped' : 'failed')
        const testId = /**@type {string}*/ target.attributes['id'].value
        testGroupList += `<div class="testGroupRow ${testPassedStatus}" data-groupid="${testId}" data-index="${i}">
        <span class="testStatus ${testPassedStatus}">${(testPassed) ? '&check' : (testSkipped ? '&dash' : '&cross')};</span>
        <span class="testTitle">${testResult.TestName}</span>
        <span class="testDuration"><span>${testResult.ElapsedTime}s </span>‚è±</span>
      </div>`
      }
      const testGroupListElem = elements.testGroupListElem
      testGroupListElem.innerHTML = ''
      testGroupListElem.innerHTML = testGroupList

      if (shiftKey) {
        testGroupListElem.querySelectorAll('.testGroupRow')
                         .forEach((elem) => testGroupListHandler(elem, data))
      } else if (testResults.length === 1) {
        testGroupListHandler(testGroupListElem.querySelector('.testGroupRow'), data)
      }
    },

    /**
     *
     * @param {Element} target
     * @param {TestResults} data
     */
    testGroupListHandler: function (target, data) {
      const attribs = target['attributes']
      if (attribs.hasOwnProperty('data-groupid')) {
        const groupId = /**@type {number}*/ attribs['data-groupid'].value
        const testIndex = /**@type {number}*/ attribs['data-index'].value
        const testStatus = /**@type {TestStatus}*/ data[groupId]['TestResults'][testIndex]
        const testOutputDiv = /**@type {HTMLDivElement}*/ target.querySelector('div.testOutput')

        if (testOutputDiv == null) {
          const testOutputDiv = document.createElement('div')
          testOutputDiv.classList.add('testOutput')
          const consolePre = document.createElement('pre')
          consolePre.classList.add('console')
          const testDetailDiv = document.createElement('div')
          testDetailDiv.classList.add('testDetail')
          const packageNameDiv = document.createElement('div')
          packageNameDiv.classList.add('package')
          packageNameDiv.innerHTML = `<strong>Package:</strong> ${testStatus.Package}`
          const testFileNameDiv = document.createElement('div')
          testFileNameDiv.classList.add('filename')
          if (testStatus.TestFileName.trim() === "") {
            testFileNameDiv.innerHTML = `<strong>Filename:</strong> n/a &nbsp;&nbsp;`
          } else {
            testFileNameDiv.innerHTML = `<strong>Filename:</strong> ${testStatus.TestFileName} &nbsp;&nbsp;`
            testFileNameDiv.innerHTML += `<strong>Line:</strong> ${testStatus.TestFunctionDetail.Line} `
            testFileNameDiv.innerHTML += `<strong>Col:</strong> ${testStatus.TestFunctionDetail.Col}`
          }
          testDetailDiv.insertAdjacentElement('beforeend', packageNameDiv)
          testDetailDiv.insertAdjacentElement('beforeend', testFileNameDiv)
          testOutputDiv.insertAdjacentElement('afterbegin', consolePre)
          testOutputDiv.insertAdjacentElement('beforeend', testDetailDiv)
          target.insertAdjacentElement('beforeend', testOutputDiv)

          if (testStatus.Passed) {
            consolePre.classList.remove('skipped')
            consolePre.classList.remove('failed')
          } else if (testStatus.Skipped) {
            consolePre.classList.add('skipped')
            consolePre.classList.remove('failed')
          } else {
            consolePre.classList.remove('skipped')
            consolePre.classList.add('failed')
          }
          consolePre.textContent = testStatus.Output.join('')
        } else {
          testOutputDiv.remove()
        }
      }
    }
  }

  //+------------------------+
  //|    setup DOM events    |
  //+------------------------+
  elements.testResultsElem
          .addEventListener('click', event =>
            goTestReport.testResultsClickHandler(/**@type {HTMLElement}*/ addEventData(event).data.target,
                                                 event.shiftKey,
                                                 elements.data,
                                                 selectedItems,
                                                 goTestReport.testGroupListHandler))

  elements.testGroupListElem
          .addEventListener('click', event =>
            goTestReport.testGroupListHandler(/**@type {Element}*/ event.target,
                                              elements.data))

  return goTestReport
}


    

    const data = [{"FailureIndicator":"","SkippedIndicator":"skipped","TestResults":[{"TestName":"Test___FlakyBrokenScenarios","Package":"github.com/0chain/system_test/tests/cli_tests","ElapsedTime":0,"Output":["","    flaky___broken_scenarios_test.go:30: \n","--- SKIP: Test___FlakyBrokenScenarios (0.00s)\n",""],"Passed":false,"Skipped":true,"TestFileName":"flaky___broken_scenarios_test.go","TestFunctionDetail":{"Line":27,"Col":1}}]},{"FailureIndicator":"","SkippedIndicator":"","TestResults":[{"TestName":"Test___FlakyFileCopy","Package":"github.com/0chain/system_test/tests/cli_tests","ElapsedTime":0,"Output":["","--- PASS: Test___FlakyFileCopy (0.00s)",""],"Passed":true,"Skipped":false,"TestFileName":"flaky___flaky_test.go","TestFunctionDetail":{"Line":408,"Col":1}}]},{"FailureIndicator":"","SkippedIndicator":"skipped","TestResults":[{"TestName":"Test___FlakyFileCopy/File_copy_-_Users_should_not_be_charged_for_moving_a_file_","Package":"github.com/0chain/system_test/tests/cli_tests","ElapsedTime":0,"Output":["","    flaky___flaky_test.go:411: Test case [File copy - Users should not be charged for moving a file ] scheduled at [04-25-2023 14:01:26] \n","","","    system_test_framework.go:92: Test case [File copy - Users should not be charged for moving a file ] start at [04-25-2023 14:01:26] \n","    flaky___flaky_test.go:412: Test calculations are flaky in  CLI\n","    flaky___flaky_test.go:411: Test case [File copy - Users should not be charged for moving a file ] exit at [04-25-2023 14:01:26]\n","--- SKIP: Test___FlakyFileCopy/File_copy_-_Users_should_not_be_charged_for_moving_a_file_ (0.00s)\n",""],"Passed":false,"Skipped":true,"TestFileName":"","TestFunctionDetail":{"Line":0,"Col":0}}]},{"FailureIndicator":"","SkippedIndicator":"","TestResults":[{"TestName":"Test___FlakyFileDelete","Package":"github.com/0chain/system_test/tests/cli_tests","ElapsedTime":0,"Output":["","--- PASS: Test___FlakyFileDelete (0.00s)",""],"Passed":true,"Skipped":false,"TestFileName":"flaky___flaky_test.go","TestFunctionDetail":{"Line":241,"Col":1}}]},{"FailureIndicator":"","SkippedIndicator":"","TestResults":[{"TestName":"Test___FlakyFileDelete/Delete_file_concurrently_in_existing_directory,_should_work","Package":"github.com/0chain/system_test/tests/cli_tests","ElapsedTime":90.16,"Output":["","    flaky___flaky_test.go:244: Test case [Delete file concurrently in existing directory, should work] scheduled at [04-25-2023 13:59:56] \n","","","    system_test_framework.go:92: Test case [Delete file concurrently in existing directory, should work] start at [04-25-2023 13:59:56] \n","    zwalletcli_register_wallet_test.go:128: Registering wallet...\n","    zboxcli_update_allocation_test.go:1004: Executing faucet...\n","    zwalletcli_register_wallet_test.go:143: faucet output: [No wallet in path  config/Test___FlakyFileDelete-Delete_file_concurrently_in_existing_directory,_should_work_wallet.json found. Creating wallet... ZCN wallet created!! Execute faucet smart contract success with txn :  3efe14ff4e646deca4f57ba417540387927c2b376c670de3155588769805775b]\n","    zboxcli_update_allocation_test.go:1004: Executing faucet...\n","    zboxcli_create_allocation_test.go:440: Creating new allocation...\n","    zboxcli_file_upload_test.go:808: Uploading file /tmp/gTCCggtvzN_test.txt to allocation a602b7cfa016b3fbf0deb7c08b8518b930df261a2204188f39913573f06febcc with remotepath /gTCCggtvzN_test.txt\n","    zboxcli_file_upload_test.go:766: Uploading file...\n","    zboxcli_file_upload_test.go:808: Uploading file /tmp/b4RlcXHGqg_test.txt to allocation a602b7cfa016b3fbf0deb7c08b8518b930df261a2204188f39913573f06febcc with remotepath /b4RlcXHGqg_test.txt\n","    zboxcli_file_upload_test.go:766: Uploading file...\n","    utils.go:67: \u001b[33mCommand failed on attempt [1/3] due to error [exit status 1]. Output: [0 / 256    0.00% 0 / 256    0.00% 0s -\u003cNEWLINE\u003e- Error in file operation: upload_failed: Upload failed. bad request: {\"code\":\"invalid_parameters\",\"error\":\"invalid_parameters: Invalid allocation id passed.verify_allocation: verifying allocation transaction error: duplicated key not allowed\"} -\u003cNEWLINE\u003e- Upload failed. upload_failed: Upload failed. bad request: {\"code\":\"invalid_parameters\",\"error\":\"invalid_parameters: Invalid allocation id passed.verify_allocation: verifying allocation transaction error: duplicated key not allowed\"}]\n","    zboxcli_file_delete_test.go:343: Deleting file...\n","    utils.go:63: \u001b[32mCommand passed on retry [2/3]. Output: [0 / 256    0.00% 256 / 256  100.00% 0s -\u003cNEWLINE\u003e- Status completed callback. Type = application/octet-stream. Name = b4RlcXHGqg_test.txt]\n","    zboxcli_file_delete_test.go:343: Deleting file...\n","    utils.go:138: Waiting 10s...\n","    zboxcli_list_file_test.go:635: Listing individual file in allocation...\n","    utils.go:67: \u001b[33mCommand failed on attempt [1/3] due to error [exit status 1]. Output: [error from server list response: {\"code\":\"invalid_parameters\",\"error\":\"invalid_parameters: Invalid path record not found\"}]\n","    utils.go:67: \u001b[33mCommand failed on attempt [2/3] due to error [exit status 1]. Output: [error from server list response: {\"code\":\"invalid_parameters\",\"error\":\"invalid_parameters: Invalid path record not found\"}]\n","    utils.go:70: \u001b[31mCommand failed on final attempt [3/3] due to error [exit status 1]. Command String: [./zbox list --allocation a602b7cfa016b3fbf0deb7c08b8518b930df261a2204188f39913573f06febcc --remotepath /b4RlcXHGqg_test.txt --json --silent --wallet Test___FlakyFileDelete-Delete_file_concurrently_in_existing_directory,_should_work_wallet.json --configDir ./config --config ./zbox_config.yaml] Output: [error from server list response: {\"code\":\"invalid_parameters\",\"error\":\"invalid_parameters: Invalid path record not found\"}]\n","    utils.go:73: \u001b[31mThe verbose output for the command is:\n","    utils.go:77: \u001b[31m0chain-core-sdk [INFO]   2023/04/25 14:01:11.113103 wallet_base.go:310: ******* Wallet SDK Version:v1.8.13-45-g29b9769 ******* (SetLogFile)\n","    utils.go:77: \u001b[31m0box-sdk        [INFO]   2023/04/25 14:01:11.113141 sdk.go:78: ******* Storage SDK Version: v1.8.13-45-g29b9769 *******\n","    utils.go:77: \u001b[31m0chain-core-sdk [INFO]   2023/04/25 14:01:11.210090 transaction_base.go:139: ******* Wallet SDK Version:v1.8.13-45-g29b9769 ******* (InitZCNSDK)\n","    utils.go:77: \u001b[31m0box-sdk        [DEBUG]  2023/04/25 14:01:11.292684 networkworker.go:105: Get network result:{\"miners\":[\"https://dev-1.devnet-0chain.net/miner02\",\"https://dev-1.devnet-0chain.net/miner01\",\"https://dev-1.devnet-0chain.net/miner03\"],\"sharders\":[\"https://dev-1.devnet-0chain.net/sharder02\",\"https://dev-1.devnet-0chain.net/sharder01\"]}\n","    utils.go:77: \u001b[31m0box-sdk        [DEBUG]  2023/04/25 14:01:11.408792 listworker.go:111: List result:{\"code\":\"invalid_parameters\",\"error\":\"invalid_parameters: Invalid path record not found\"}\n","    utils.go:77: \u001b[31m0box-sdk        [DEBUG]  2023/04/25 14:01:11.409056 listworker.go:111: List result:{\"code\":\"invalid_parameters\",\"error\":\"invalid_parameters: Invalid path record not found\"}\n","    utils.go:77: \u001b[31m0box-sdk        [DEBUG]  2023/04/25 14:01:11.437842 listworker.go:111: List result:{\"code\":\"invalid_parameters\",\"error\":\"invalid_parameters: Invalid path record not found\"}\n","    utils.go:77: \u001b[31m0box-sdk        [DEBUG]  2023/04/25 14:01:11.445461 listworker.go:111: List result:{\"code\":\"invalid_parameters\",\"error\":\"invalid_parameters: Invalid path record not found\"}\n","    utils.go:77: \u001b[31merror from server list response: {\"code\":\"invalid_parameters\",\"error\":\"invalid_parameters: Invalid path record not found\"}\n","    utils.go:138: Waiting 10s...\n","    zboxcli_list_file_test.go:635: Listing individual file in allocation...\n","    utils.go:67: \u001b[33mCommand failed on attempt [1/3] due to error [exit status 1]. Output: [error from server list response: {\"code\":\"invalid_parameters\",\"error\":\"invalid_parameters: Invalid path record not found\"}]\n","    utils.go:67: \u001b[33mCommand failed on attempt [2/3] due to error [exit status 1]. Output: [error from server list response: {\"code\":\"invalid_parameters\",\"error\":\"invalid_parameters: Invalid path record not found\"}]\n","    utils.go:70: \u001b[31mCommand failed on final attempt [3/3] due to error [exit status 1]. Command String: [./zbox list --json  --allocation a602b7cfa016b3fbf0deb7c08b8518b930df261a2204188f39913573f06febcc --remotepath /gTCCggtvzN_test.txt --silent --wallet Test___FlakyFileDelete-Delete_file_concurrently_in_existing_directory,_should_work_wallet.json --configDir ./config --config ./zbox_config.yaml] Output: [error from server list response: {\"code\":\"invalid_parameters\",\"error\":\"invalid_parameters: Invalid path record not found\"}]\n","    utils.go:73: \u001b[31mThe verbose output for the command is:\n","    utils.go:77: \u001b[31m0chain-core-sdk [INFO]   2023/04/25 14:01:26.506264 wallet_base.go:310: ******* Wallet SDK Version:v1.8.13-45-g29b9769 ******* (SetLogFile)\n","    utils.go:77: \u001b[31m0box-sdk        [INFO]   2023/04/25 14:01:26.506304 sdk.go:78: ******* Storage SDK Version: v1.8.13-45-g29b9769 *******\n","    utils.go:77: \u001b[31m0chain-core-sdk [INFO]   2023/04/25 14:01:26.599138 transaction_base.go:139: ******* Wallet SDK Version:v1.8.13-45-g29b9769 ******* (InitZCNSDK)\n","    utils.go:77: \u001b[31m0box-sdk        [DEBUG]  2023/04/25 14:01:26.680789 networkworker.go:105: Get network result:{\"miners\":[\"https://dev-1.devnet-0chain.net/miner02\",\"https://dev-1.devnet-0chain.net/miner01\",\"https://dev-1.devnet-0chain.net/miner03\"],\"sharders\":[\"https://dev-1.devnet-0chain.net/sharder02\",\"https://dev-1.devnet-0chain.net/sharder01\"]}\n","    utils.go:77: \u001b[31m0box-sdk        [DEBUG]  2023/04/25 14:01:26.794546 listworker.go:111: List result:{\"code\":\"invalid_parameters\",\"error\":\"invalid_parameters: Invalid path record not found\"}\n","    utils.go:77: \u001b[31m0box-sdk        [DEBUG]  2023/04/25 14:01:26.794832 listworker.go:111: List result:{\"code\":\"invalid_parameters\",\"error\":\"invalid_parameters: Invalid path record not found\"}\n","    utils.go:77: \u001b[31m0box-sdk        [DEBUG]  2023/04/25 14:01:26.819038 listworker.go:111: List result:{\"code\":\"invalid_parameters\",\"error\":\"invalid_parameters: Invalid path record not found\"}\n","    utils.go:77: \u001b[31m0box-sdk        [DEBUG]  2023/04/25 14:01:26.825916 listworker.go:111: List result:{\"code\":\"invalid_parameters\",\"error\":\"invalid_parameters: Invalid path record not found\"}\n","    utils.go:77: \u001b[31merror from server list response: {\"code\":\"invalid_parameters\",\"error\":\"invalid_parameters: Invalid path record not found\"}\n","    flaky___flaky_test.go:244: Test case [Delete file concurrently in existing directory, should work] exit at [04-25-2023 14:01:26]\n","--- PASS: Test___FlakyFileDelete/Delete_file_concurrently_in_existing_directory,_should_work (90.16s)",""],"Passed":true,"Skipped":false,"TestFileName":"","TestFunctionDetail":{"Line":0,"Col":0}}]},{"FailureIndicator":"failed","SkippedIndicator":"","TestResults":[{"TestName":"Test___FlakyFileRename","Package":"github.com/0chain/system_test/tests/cli_tests","ElapsedTime":0,"Output":["","","",""],"Passed":false,"Skipped":false,"TestFileName":"flaky___flaky_test.go","TestFunctionDetail":{"Line":304,"Col":1}}]},{"FailureIndicator":"failed","SkippedIndicator":"","TestResults":[{"TestName":"Test___FlakyFileRename/Rename_and_delete_file_concurrently,_should_work","Package":"github.com/0chain/system_test/tests/cli_tests","ElapsedTime":360.01,"Output":["","    flaky___flaky_test.go:309: Test case [Rename and delete file concurrently, should work] scheduled at [04-25-2023 14:01:26] \n","","","    system_test_framework.go:92: Test case [Rename and delete file concurrently, should work] start at [04-25-2023 14:01:26] \n","    zwalletcli_register_wallet_test.go:128: Registering wallet...\n","    zboxcli_update_allocation_test.go:1004: Executing faucet...\n","    zwalletcli_register_wallet_test.go:143: faucet output: [No wallet in path  config/Test___FlakyFileRename-Rename_and_delete_file_concurrently,_should_work_wallet.json found. Creating wallet... ZCN wallet created!! Execute faucet smart contract success with txn :  7b5f91ddeed7826d6a7bf6c2ace5d62f30bf7743a10f79b5f11c7bcf3ac6aff8]\n","    zboxcli_update_allocation_test.go:1004: Executing faucet...\n","    zboxcli_create_allocation_test.go:440: Creating new allocation...\n","    zboxcli_file_upload_test.go:808: Uploading file /tmp/TjPR-Hsoqe_test.txt to allocation 827ea1fee3430934ac58870939bf018ffb9e4bf41b0c268eacb1934be17ab17b with remotepath /TjPR-Hsoqe_test.txt\n","    zboxcli_file_upload_test.go:766: Uploading file...\n","    zboxcli_file_upload_test.go:808: Uploading file /tmp/TEpZ8WBKVh_test.txt to allocation 827ea1fee3430934ac58870939bf018ffb9e4bf41b0c268eacb1934be17ab17b with remotepath /TEpZ8WBKVh_test.txt\n","    zboxcli_file_upload_test.go:766: Uploading file...\n","    zboxcli_file_upload_test.go:808: Uploading file /tmp/Btdq-d5Ci9_test.txt to allocation 827ea1fee3430934ac58870939bf018ffb9e4bf41b0c268eacb1934be17ab17b with remotepath /Btdq-d5Ci9_test.txt\n","    zboxcli_file_upload_test.go:766: Uploading file...\n","    zboxcli_file_upload_test.go:808: Uploading file /tmp/u08WE3kGNP_test.txt to allocation 827ea1fee3430934ac58870939bf018ffb9e4bf41b0c268eacb1934be17ab17b with remotepath /u08WE3kGNP_test.txt\n","    zboxcli_file_upload_test.go:766: Uploading file...\n","    zboxcli_file_delete_test.go:343: Deleting file...\n","    zboxcli_file_delete_test.go:343: Deleting file...\n","    zboxcli_common_user_functions_test.go:179: Renaming file...\n","    zboxcli_common_user_functions_test.go:179: Renaming file...\n","    utils.go:67: \u001b[33mCommand failed on attempt [1/3] due to error [exit status 1]. Output: [rename failed: lock_consensus_not_met: Required consensus 3 got 0]\n","    utils.go:67: \u001b[33mCommand failed on attempt [1/3] due to error [exit status 1]. Output: [Delete failed. Delete failed: lock_consensus_not_met: Required consensus 3 got 0]\n","    utils.go:67: \u001b[33mCommand failed on attempt [1/3] due to error [exit status 1]. Output: [Delete failed. Delete failed: lock_consensus_not_met: Required consensus 3 got 0]\n","    utils.go:63: \u001b[32mCommand passed on retry [2/3]. Output: [/TEpZ8WBKVh_test.txt renamed]\n","    utils.go:67: \u001b[33mCommand failed on attempt [2/3] due to error [exit status 1]. Output: [Delete failed. Delete failed: lock_consensus_not_met: Required consensus 3 got 0]\n","    utils.go:67: \u001b[33mCommand failed on attempt [2/3] due to error [exit status 1]. Output: [Delete failed. Delete failed: lock_consensus_not_met: Required consensus 3 got 0]\n","    utils.go:63: \u001b[32mCommand passed on retry [3/3]. Output: [/Btdq-d5Ci9_test.txt deleted]\n","    flaky___flaky_test.go:309: Test case [Rename and delete file concurrently, should work] timed out after [6m0s]\n","    flaky___flaky_test.go:309: Test case [Rename and delete file concurrently, should work] exit at [04-25-2023 14:07:26]\n",""],"Passed":false,"Skipped":false,"TestFileName":"","TestFunctionDetail":{"Line":0,"Col":0}}]},{"FailureIndicator":"","SkippedIndicator":"skipped","TestResults":[{"TestName":"Test___FlakyScenariosCommonUserFunctions","Package":"github.com/0chain/system_test/tests/cli_tests","ElapsedTime":0,"Output":["","    flaky___flaky_test.go:25: \n","--- SKIP: Test___FlakyScenariosCommonUserFunctions (0.00s)\n",""],"Passed":false,"Skipped":true,"TestFileName":"flaky___flaky_test.go","TestFunctionDetail":{"Line":22,"Col":1}}]},{"FailureIndicator":"failed","SkippedIndicator":"","TestResults":[{"TestName":"Test___FlakyTransferAllocation","Package":"github.com/0chain/system_test/tests/cli_tests","ElapsedTime":0,"Output":["",""],"Passed":false,"Skipped":false,"TestFileName":"flaky___flaky_test.go","TestFunctionDetail":{"Line":90,"Col":1}}]},{"FailureIndicator":"failed","SkippedIndicator":"","TestResults":[{"TestName":"Test___FlakyTransferAllocation/transfer_allocation_accounting_test","Package":"github.com/0chain/system_test/tests/cli_tests","ElapsedTime":161.93,"Output":["","    flaky___flaky_test.go:93: Test case [transfer allocation accounting test] scheduled at [04-25-2023 13:57:14] \n","","","    system_test_framework.go:92: Test case [transfer allocation accounting test] start at [04-25-2023 13:57:14] \n","    zwalletcli_register_wallet_test.go:128: Registering wallet...\n","    zboxcli_update_allocation_test.go:1004: Executing faucet...\n","    zwalletcli_register_wallet_test.go:143: faucet output: [No wallet in path  config/Test___FlakyTransferAllocation-transfer_allocation_accounting_test_wallet.json found. Creating wallet... ZCN wallet created!! Execute faucet smart contract success with txn :  5292a9caefa9ce8d8098006b4139883c1672df3ae3d0008ae8d6cc5cccc2484a]\n","    zboxcli_update_allocation_test.go:1004: Executing faucet...\n","    zboxcli_create_allocation_test.go:440: Creating new allocation...\n","    zboxcli_file_upload_test.go:766: Uploading file...\n","    zwalletcli_register_wallet_test.go:128: Registering wallet...\n","    zboxcli_update_allocation_test.go:1004: Executing faucet...\n","    zwalletcli_register_wallet_test.go:143: faucet output: [No wallet in path  config/Test___FlakyTransferAllocation-transfer_allocation_accounting_test_NEW_OWNER_wallet.json found. Creating wallet... ZCN wallet created!! Execute faucet smart contract success with txn :  c665cbe24c58849b993c84dbfab0bd99f32b4956288be01c9ceb235f7fd3b5d0]\n","    zboxcli_update_allocation_test.go:1004: Executing faucet...\n","    zwalletcli_register_wallet_test.go:220: Getting wallet...\n","    zboxcli_common_user_functions_test.go:227: Get Allocation...\n","    zboxcli_transfer_allocation_test.go:428: Transferring allocation ownership...\n","    utils.go:67: \u001b[33mCommand failed on attempt [1/3] due to error [exit status 1]. Output: [Error transferring allocation:[txn] too less sharders to confirm it: min_confirmation is 50%, but got 0/2 sharders -\u003cNEWLINE\u003e- https://dev-1.devnet-0chain.net/sharder02/v1/transaction/get/confirmation?hash=44939c73147f1b19a7ee4a4f7f08d1d050f66b0ccb89a3b4f866812d2e411b5d: [400] {\"code\":\"entity_not_found\",\"error\":\"entity_not_found: txn_summary not found with id = 44939c73147f1b19a7ee4a4f7f08d1d050f66b0ccb89a3b4f866812d2e411b5d\"} -\u003cNEWLINE\u003e- https://dev-1.devnet-0chain.net/sharder01/v1/transaction/get/confirmation?hash=44939c73147f1b19a7ee4a4f7f08d1d050f66b0ccb89a3b4f866812d2e411b5d: [400] {\"code\":\"entity_not_found\",\"error\":\"entity_not_found: txn_summary not found with id = 44939c73147f1b19a7ee4a4f7f08d1d050f66b0ccb89a3b4f866812d2e411b5d\"}]\n","    utils.go:67: \u001b[33mCommand failed on attempt [2/3] due to error [exit status 1]. Output: [Error transferring allocation:[txn] too less sharders to confirm it: min_confirmation is 50%, but got 0/2 sharders -\u003cNEWLINE\u003e- https://dev-1.devnet-0chain.net/sharder01/v1/transaction/get/confirmation?hash=7b5199f2a6f6007fb431a572b9aad6de4d4d54b64fcad52b3f2ee4673caa9fc8: [400] {\"code\":\"entity_not_found\",\"error\":\"entity_not_found: txn_summary not found with id = 7b5199f2a6f6007fb431a572b9aad6de4d4d54b64fcad52b3f2ee4673caa9fc8\"} -\u003cNEWLINE\u003e- https://dev-1.devnet-0chain.net/sharder02/v1/transaction/get/confirmation?hash=7b5199f2a6f6007fb431a572b9aad6de4d4d54b64fcad52b3f2ee4673caa9fc8: [400] {\"code\":\"entity_not_found\",\"error\":\"entity_not_found: txn_summary not found with id = 7b5199f2a6f6007fb431a572b9aad6de4d4d54b64fcad52b3f2ee4673caa9fc8\"}]\n","    utils.go:70: \u001b[31mCommand failed on final attempt [3/3] due to error [exit status 1]. Command String: [./zbox transferallocation --allocation 8dd70c653e0175b50e9dfad0c604bbb18b5f374dcd8c7efabf93f1214d7ce9f7 --new_owner_key e547a758d18879c560aea1a864ca61fe399d181465cd8672a318331c29323e19a30fe5b299e06ef77101a93c5e08537e6dda96d6b84cef2fac56bea4b7ebfa9c --new_owner 755a1162df926bed7cc0dac7da0d117a55f0c59c5d6858cd055da238000446d0 --silent --wallet Test___FlakyTransferAllocation-transfer_allocation_accounting_test_wallet.json --configDir ./config --config ./zbox_config.yaml] Output: [Error transferring allocation:[txn] too less sharders to confirm it: min_confirmation is 50%, but got 0/2 sharders -\u003cNEWLINE\u003e- https://dev-1.devnet-0chain.net/sharder01/v1/transaction/get/confirmation?hash=b865ad1a4daa55a1e7993a87e07bd5201cd210c3fd33588cf0511c18bcb0dddd: [400] {\"code\":\"entity_not_found\",\"error\":\"entity_not_found: txn_summary not found with id = b865ad1a4daa55a1e7993a87e07bd5201cd210c3fd33588cf0511c18bcb0dddd\"} -\u003cNE","WLINE\u003e- https://dev-1.devnet-0chain.net/sharder02/v1/transaction/get/confirmation?hash=b865ad1a4daa55a1e7993a87e07bd5201cd210c3fd33588cf0511c18bcb0dddd: [400] {\"code\":\"entity_not_found\",\"error\":\"entity_not_found: txn_summary not found with id = b865ad1a4daa55a1e7993a87e07bd5201cd210c3fd33588cf0511c18bcb0dddd\"}]\n","    utils.go:73: \u001b[31mThe verbose output for the command is:\n","    utils.go:77: \u001b[31m0chain-core-sdk [INFO]   2023/04/25 13:59:24.999799 wallet_base.go:310: ******* Wallet SDK Version:v1.8.13-45-g29b9769 ******* (SetLogFile)\n","    utils.go:77: \u001b[31m0box-sdk        [INFO]   2023/04/25 13:59:24.999847 sdk.go:78: ******* Storage SDK Version: v1.8.13-45-g29b9769 *******\n","    utils.go:77: \u001b[31m0chain-core-sdk [INFO]   2023/04/25 13:59:25.094682 transaction_base.go:139: ******* Wallet SDK Version:v1.8.13-45-g29b9769 ******* (InitZCNSDK)\n","    utils.go:77: \u001b[31m0box-sdk        [DEBUG]  2023/04/25 13:59:25.179605 networkworker.go:105: Get network result:{\"miners\":[\"https://dev-1.devnet-0chain.net/miner02\",\"https://dev-1.devnet-0chain.net/miner01\",\"https://dev-1.devnet-0chain.net/miner03\"],\"sharders\":[\"https://dev-1.devnet-0chain.net/sharder02\",\"https://dev-1.devnet-0chain.net/sharder01\"]}\n","    utils.go:77: \u001b[31m0box-sdk        [INFO]   2023/04/25 13:59:25.301467 sdk.go:1409: estimate txn fee{fee 18 10000000000  \u003cnil\u003e} {txn 23 0  0xc0000a3790}\n","    utils.go:77: \u001b[31m0box-sdk        \u001b[31m[ERROR]  2023/04/25 13:59:56.668363 sdk.go:1442: Error verifying the transaction[txn] too less sharders to confirm it: min_confirmation is 50%, but got 0/2 sharders\n","    utils.go:77: \u001b[31mhttps://dev-1.devnet-0chain.net/sharder02/v1/transaction/get/confirmation?hash=2e9f86d81ae341082671aa87450da1ed8fc7a716bf6b68861d96759058a32fc7: [400] {\"code\":\"entity_not_found\",\"error\":\"entity_not_found: txn_summary not found with id = 2e9f86d81ae341082671aa87450da1ed8fc7a716bf6b68861d96759058a32fc7\"}\n","    utils.go:77: \u001b[31mhttps://dev-1.devnet-0chain.net/sharder01/v1/transaction/get/confirmation?hash=2e9f86d81ae341082671aa87450da1ed8fc7a716bf6b68861d96759058a32fc7: [400] {\"code\":\"entity_not_found\",\"error\":\"entity_not_found: txn_summary not found with id = 2e9f86d81ae341082671aa87450da1ed8fc7a716bf6b68861d96759058a32fc7\"}\n","    utils.go:77: \u001b[31m2e9f86d81ae341082671aa87450da1ed8fc7a716bf6b68861d96759058a32fc7\u001b[0m\n","    utils.go:77: \u001b[31mError transferring allocation:[txn] too less sharders to confirm it: min_confirmation is 50%, but got 0/2 sharders\n","    assertions.go:264: \n","        \tError Trace:\t/root/actions-runner1/_work/system_test/system_test/tests/cli_tests/flaky___flaky_test.go:133\n","        \t            \t\t\t\t/root/actions-runner1/_work/system_test/system_test/tests/cli_tests/system_test_framework.go:93\n","        \t            \t\t\t\t/root/actions-runner1/_work/system_test/system_test/tests/cli_tests/asm_amd64.s:1598\n","        \tError:      \tExpected nil, but got: \u0026exec.ExitError{ProcessState:(*os.ProcessState)(0xc000592468), Stderr:[]uint8(nil)}\n","        \tTest:       \tTest___FlakyTransferAllocation/transfer_allocation_accounting_test\n","        \tMessages:   \tError transferring allocation:[txn] too less sharders to confirm it: min_confirmation is 50%, but got 0/2 sharders\n","        \t            \thttps://dev-1.devnet-0chain.net/sharder01/v1/transaction/get/confirmation?hash=b865ad1a4daa55a1e7993a87e07bd5201cd210c3fd33588cf0511c18bcb0dddd: [400] {\"code\":\"entity_not_found\",\"error\":\"entity_not_found: txn_summary not found with id = b865ad1a4daa55a1e7993a87e07bd5201cd210c3fd33588cf0511c18bcb0dddd\"}\n","        \t            \thttps://dev-1.devnet-0chain.net/sharder02/v1/transaction/get/confirmation?hash=b865ad1a4daa55a1e7993a87e07bd5201cd210c3fd33588cf0511c18bcb0dddd: [400] {\"code\":\"entity_not_found\",\"error\":\"entity_not_found: txn_summary not found with id = b865ad1a4daa55a1e7993a87e07bd5201cd210c3fd33588cf0511c18bcb0dddd\"}\n","    flaky___flaky_test.go:93: Test case [transfer allocation accounting test] exit at [04-25-2023 13:59:56]\n",""],"Passed":false,"Skipped":false,"TestFileName":"","TestFunctionDetail":{"Line":0,"Col":0}}]},{"FailureIndicator":"failed","SkippedIndicator":"","TestResults":[{"TestName":"Test___FlakyTransferAllocation/transfer_allocation_and_upload_file","Package":"github.com/0chain/system_test/tests/cli_tests","ElapsedTime":161.77,"Output":["","    flaky___flaky_test.go:175: Test case [transfer allocation and upload file] scheduled at [04-25-2023 13:57:14] \n","","","    system_test_framework.go:92: Test case [transfer allocation and upload file] start at [04-25-2023 13:57:14] \n","    zwalletcli_register_wallet_test.go:128: Registering wallet...\n","    zboxcli_update_allocation_test.go:1004: Executing faucet...\n","    zwalletcli_register_wallet_test.go:143: faucet output: [No wallet in path  config/Test___FlakyTransferAllocation-transfer_allocation_and_upload_file_wallet.json found. Creating wallet... ZCN wallet created!! Execute faucet smart contract success with txn :  c5dbcca6d7ed6bf10b2888ecc3540be2b918113c0396e4154cafba8b833327a7]\n","    zboxcli_update_allocation_test.go:1004: Executing faucet...\n","    zboxcli_create_allocation_test.go:440: Creating new allocation...\n","    zboxcli_file_upload_test.go:766: Uploading file...\n","    zwalletcli_register_wallet_test.go:128: Registering wallet...\n","    zboxcli_update_allocation_test.go:1004: Executing faucet...\n","    zwalletcli_register_wallet_test.go:143: faucet output: [No wallet in path  config/Test___FlakyTransferAllocation-transfer_allocation_and_upload_file_NEW_OWNER_wallet.json found. Creating wallet... ZCN wallet created!! Execute faucet smart contract success with txn :  a210f50e139a58a99c7149414af56441d0252cf37376ec6f59b7b56168afef1e]\n","    zboxcli_update_allocation_test.go:1004: Executing faucet...\n","    zwalletcli_register_wallet_test.go:220: Getting wallet...\n","    zboxcli_transfer_allocation_test.go:428: Transferring allocation ownership...\n","    utils.go:67: \u001b[33mCommand failed on attempt [1/3] due to error [exit status 1]. Output: [Error transferring allocation:[txn] too less sharders to confirm it: min_confirmation is 50%, but got 0/2 sharders -\u003cNEWLINE\u003e- https://dev-1.devnet-0chain.net/sharder02/v1/transaction/get/confirmation?hash=577ea228bbd8f6c1532794064ba4c66e90abfec2ff62d419a9aff6b738498ce0: [400] {\"code\":\"entity_not_found\",\"error\":\"entity_not_found: txn_summary not found with id = 577ea228bbd8f6c1532794064ba4c66e90abfec2ff62d419a9aff6b738498ce0\"} -\u003cNEWLINE\u003e- https://dev-1.devnet-0chain.net/sharder01/v1/transaction/get/confirmation?hash=577ea228bbd8f6c1532794064ba4c66e90abfec2ff62d419a9aff6b738498ce0: [400] {\"code\":\"entity_not_found\",\"error\":\"entity_not_found: txn_summary not found with id = 577ea228bbd8f6c1532794064ba4c66e90abfec2ff62d419a9aff6b738498ce0\"}]\n","    utils.go:67: \u001b[33mCommand failed on attempt [2/3] due to error [exit status 1]. Output: [Error transferring allocation:[txn] too less sharders to confirm it: min_confirmation is 50%, but got 0/2 sharders -\u003cNEWLINE\u003e- https://dev-1.devnet-0chain.net/sharder01/v1/transaction/get/confirmation?hash=41dade6caae685e2ac7db98cedaafc2a4e7c49756cf73eb2e07db8d9520f2ae3: [400] {\"code\":\"entity_not_found\",\"error\":\"entity_not_found: txn_summary not found with id = 41dade6caae685e2ac7db98cedaafc2a4e7c49756cf73eb2e07db8d9520f2ae3\"} -\u003cNEWLINE\u003e- https://dev-1.devnet-0chain.net/sharder02/v1/transaction/get/confirmation?hash=41dade6caae685e2ac7db98cedaafc2a4e7c49756cf73eb2e07db8d9520f2ae3: [400] {\"code\":\"entity_not_found\",\"error\":\"entity_not_found: txn_summary not found with id = 41dade6caae685e2ac7db98cedaafc2a4e7c49756cf73eb2e07db8d9520f2ae3\"}]\n","    utils.go:70: \u001b[31mCommand failed on final attempt [3/3] due to error [exit status 1]. Command String: [./zbox transferallocation --allocation 2efd805978a68a0c375bd3ed405c8acbdc7ccbcfd2c6194030e1c10af7cc98c7 --new_owner_key 88b21392ab4afb3b6e1fe6f2e21403294b43eed536db692fe59a7b9f77e76205795f4ef624b321a972d87fcc514428dce685135e17e36f8217478acb6a74f3a0 --new_owner 817c1272473ae237ee4a2c0b4b7b467e1d4d8ceb03b469ccff53af4ed61dde97 --silent --wallet Test___FlakyTransferAllocation-transfer_allocation_and_upload_file_wallet.json --configDir ./config --config ./zbox_config.yaml] Output: [Error transferring allocation:[txn] too less sharders to confirm it: min_confirmation is 50%, but got 0/2 sharders -\u003cNEWLINE\u003e- https://dev-1.devnet-0chain.net/sharder02/v1/transaction/get/confirmation?hash=91ad2927db2dd341702f9d99dd2d8cab5984147001b1d6409edf655b456a042f: [400] {\"code\":\"entity_not_found\",\"error\":\"entity_not_found: txn_summary not found with id = 91ad2927db2dd341702f9d99dd2d8cab5984147001b1d6409edf655b456a042f\"} -\u003cNE","WLINE\u003e- https://dev-1.devnet-0chain.net/sharder01/v1/transaction/get/confirmation?hash=91ad2927db2dd341702f9d99dd2d8cab5984147001b1d6409edf655b456a042f: [400] {\"code\":\"entity_not_found\",\"error\":\"entity_not_found: txn_summary not found with id = 91ad2927db2dd341702f9d99dd2d8cab5984147001b1d6409edf655b456a042f\"}]\n","    utils.go:73: \u001b[31mThe verbose output for the command is:\n","    utils.go:77: \u001b[31m0chain-core-sdk [INFO]   2023/04/25 13:59:24.859008 wallet_base.go:310: ******* Wallet SDK Version:v1.8.13-45-g29b9769 ******* (SetLogFile)\n","    utils.go:77: \u001b[31m0box-sdk        [INFO]   2023/04/25 13:59:24.859052 sdk.go:78: ******* Storage SDK Version: v1.8.13-45-g29b9769 *******\n","    utils.go:77: \u001b[31m0chain-core-sdk [INFO]   2023/04/25 13:59:24.955811 transaction_base.go:139: ******* Wallet SDK Version:v1.8.13-45-g29b9769 ******* (InitZCNSDK)\n","    utils.go:77: \u001b[31m0box-sdk        [DEBUG]  2023/04/25 13:59:25.039792 networkworker.go:105: Get network result:{\"miners\":[\"https://dev-1.devnet-0chain.net/miner02\",\"https://dev-1.devnet-0chain.net/miner01\",\"https://dev-1.devnet-0chain.net/miner03\"],\"sharders\":[\"https://dev-1.devnet-0chain.net/sharder02\",\"https://dev-1.devnet-0chain.net/sharder01\"]}\n","    utils.go:77: \u001b[31m0box-sdk        [INFO]   2023/04/25 13:59:25.160501 sdk.go:1409: estimate txn fee{fee 18 10000000000  \u003cnil\u003e} {txn 23 0  0xc0001fca90}\n","    utils.go:77: \u001b[31m0box-sdk        \u001b[31m[ERROR]  2023/04/25 13:59:56.511046 sdk.go:1442: Error verifying the transaction[txn] too less sharders to confirm it: min_confirmation is 50%, but got 0/2 sharders\n","    utils.go:77: \u001b[31mhttps://dev-1.devnet-0chain.net/sharder02/v1/transaction/get/confirmation?hash=b433e7be0e1b829822fa643a4fae1e167d0f102addc6403db9bdc26bef5f4ea9: [400] {\"code\":\"entity_not_found\",\"error\":\"entity_not_found: txn_summary not found with id = b433e7be0e1b829822fa643a4fae1e167d0f102addc6403db9bdc26bef5f4ea9\"}\n","    utils.go:77: \u001b[31mhttps://dev-1.devnet-0chain.net/sharder01/v1/transaction/get/confirmation?hash=b433e7be0e1b829822fa643a4fae1e167d0f102addc6403db9bdc26bef5f4ea9: [400] {\"code\":\"entity_not_found\",\"error\":\"entity_not_found: txn_summary not found with id = b433e7be0e1b829822fa643a4fae1e167d0f102addc6403db9bdc26bef5f4ea9\"}\n","    utils.go:77: \u001b[31mb433e7be0e1b829822fa643a4fae1e167d0f102addc6403db9bdc26bef5f4ea9\u001b[0m\n","    utils.go:77: \u001b[31mError transferring allocation:[txn] too less sharders to confirm it: min_confirmation is 50%, but got 0/2 sharders\n","    assertions.go:264: \n","        \tError Trace:\t/root/actions-runner1/_work/system_test/system_test/tests/cli_tests/flaky___flaky_test.go:213\n","        \t            \t\t\t\t/root/actions-runner1/_work/system_test/system_test/tests/cli_tests/system_test_framework.go:93\n","        \t            \t\t\t\t/root/actions-runner1/_work/system_test/system_test/tests/cli_tests/asm_amd64.s:1598\n","        \tError:      \tExpected nil, but got: \u0026exec.ExitError{ProcessState:(*os.ProcessState)(0xc0005923c0), Stderr:[]uint8(nil)}\n","        \tTest:       \tTest___FlakyTransferAllocation/transfer_allocation_and_upload_file\n","        \tMessages:   \tError transferring allocation:[txn] too less sharders to confirm it: min_confirmation is 50%, but got 0/2 sharders\n","        \t            \thttps://dev-1.devnet-0chain.net/sharder02/v1/transaction/get/confirmation?hash=91ad2927db2dd341702f9d99dd2d8cab5984147001b1d6409edf655b456a042f: [400] {\"code\":\"entity_not_found\",\"error\":\"entity_not_found: txn_summary not found with id = 91ad2927db2dd341702f9d99dd2d8cab5984147001b1d6409edf655b456a042f\"}\n","        \t            \thttps://dev-1.devnet-0chain.net/sharder01/v1/transaction/get/confirmation?hash=91ad2927db2dd341702f9d99dd2d8cab5984147001b1d6409edf655b456a042f: [400] {\"code\":\"entity_not_found\",\"error\":\"entity_not_found: txn_summary not found with id = 91ad2927db2dd341702f9d99dd2d8cab5984147001b1d6409edf655b456a042f\"}\n","    flaky___flaky_test.go:175: Test case [transfer allocation and upload file] exit at [04-25-2023 13:59:56]\n",""],"Passed":false,"Skipped":false,"TestFileName":"","TestFunctionDetail":{"Line":0,"Col":0}}]}]

    const report = window.GoTestReport({
                                         data: data,
                                         testResultsElem: document.getElementById('testResults'),
                                         testGroupListElem: document.getElementById('testGroupList')
                                       });


</script>
</body>
</html>
